1NUMBER OF BEAM       NUMBER OF BEAM        APPROXIMATE NUMBER    AVERAGE TIME USED     TIME LEFT (RESERVED   NUMBER OF STARS
 PARTICLES HANDLED    PARTICLES LEFT        OF BEAM PARTICLES     BY A BEAM PARTICLE     10000.0 SECONDS      CREATED
                                            THAT CAN STILL BE                           FOR PRINTOUT)
                                            HANDLED

 NEXT SEEDS:       0       0       0       0       0       0   181CD    3039       0       0
          1             249999999             249999999             0.0000000E+00         1.0000000E+30                 0       
 NEXT SEEDS:       4       0       0       0       0       0   181CD    3039       0       0
    5000000             245000000             245000000             2.7708151E-05         1.0000000E+30                 0       
 NEXT SEEDS: 1770A96       0       0       0       0       0   181CD    3039       0       0
   10000000             240000000             240000000             2.7721678E-05         1.0000000E+30                 0       
 NEXT SEEDS: 2EE4738       0       0       0       0       0   181CD    3039       0       0
   15000000             235000000             235000000             2.7728691E-05         1.0000000E+30                 0       
 NEXT SEEDS: 4655442       0       0       0       0       0   181CD    3039       0       0
   20000000             230000000             230000000             2.7716112E-05         1.0000000E+30                 0       
 NEXT SEEDS: 5DC6CC2       0       0       0       0       0   181CD    3039       0       0
   25000000             225000000             225000000             2.7720771E-05         1.0000000E+30                 0       
 NEXT SEEDS: 7535C05       0       0       0       0       0   181CD    3039       0       0
   30000000             220000000             220000000             2.7715891E-05         1.0000000E+30                 0       
 NEXT SEEDS: 8CA6891       0       0       0       0       0   181CD    3039       0       0
   35000000             215000000             215000000             2.7720166E-05         1.0000000E+30                 0       
 NEXT SEEDS: A41B631       0       0       0       0       0   181CD    3039       0       0
   40000000             210000000             210000000             2.7726501E-05         1.0000000E+30                 0       
 NEXT SEEDS: BB89F2E       0       0       0       0       0   181CD    3039       0       0
   45000000             205000000             205000000             2.7729389E-05         1.0000000E+30                 0       
 NEXT SEEDS: D2FBC30       0       0       0       0       0   181CD    3039       0       0
   50000000             200000000             200000000             2.7734699E-05         1.0000000E+30                 0       
 NEXT SEEDS: EA6C49B       0       0       0       0       0   181CD    3039       0       0
   55000000             195000000             195000000             2.7730211E-05         1.0000000E+30                 0       
 NEXT SEEDS:101DC349       0       0       0       0       0   181CD    3039       0       0
   60000000             190000000             190000000             2.7727179E-05         1.0000000E+30                 0       
 NEXT SEEDS:11950E37       0       0       0       0       0   181CD    3039       0       0
   65000000             185000000             185000000             2.7722372E-05         1.0000000E+30                 0       
 NEXT SEEDS:130C128D       0       0       0       0       0   181CD    3039       0       0
   70000000             180000000             180000000             2.7719018E-05         1.0000000E+30                 0       
 NEXT SEEDS:1482D877       0       0       0       0       0   181CD    3039       0       0
   75000000             175000000             175000000             2.7724220E-05         1.0000000E+30                 0       
 NEXT SEEDS:15F9FC43       0       0       0       0       0   181CD    3039       0       0
   80000000             170000000             170000000             2.7725261E-05         1.0000000E+30                 0       
 NEXT SEEDS:1770F9EB       0       0       0       0       0   181CD    3039       0       0
  *** Emfgeo: Ncoun  2000000000
   85000000             165000000             165000000             2.7728011E-05         1.0000000E+30                 0       
 NEXT SEEDS:18E8243B       0       0       0       0       0   181CD    3039       0       0
   90000000             160000000             160000000             2.7730370E-05         1.0000000E+30                 0       
 NEXT SEEDS:1A5F4184       0       0       0       0       0   181CD    3039       0       0
   95000000             155000000             155000000             2.7733944E-05         1.0000000E+30                 0       
 NEXT SEEDS:1BD6491D       0       0       0       0       0   181CD    3039       0       0
  100000000             150000000             150000000             2.7737474E-05         1.0000000E+30                 0       
 NEXT SEEDS:1D4D9F23       0       0       0       0       0   181CD    3039       0       0
  105000000             145000000             145000000             2.7737045E-05         1.0000000E+30                 0       
 NEXT SEEDS:1EC4BB4F       0       0       0       0       0   181CD    3039       0       0
  110000000             140000000             140000000             2.7739048E-05         1.0000000E+30                 0       
 NEXT SEEDS:203BD7C2       0       0       0       0       0   181CD    3039       0       0
  115000000             135000000             135000000             2.7737537E-05         1.0000000E+30                 0       
 NEXT SEEDS:21B2DFA7       0       0       0       0       0   181CD    3039       0       0
  120000000             130000000             130000000             2.7735413E-05         1.0000000E+30                 0       
 NEXT SEEDS:2329CD2F       0       0       0       0       0   181CD    3039       0       0
  125000000             125000000             125000000             2.7733403E-05         1.0000000E+30                 0       
 NEXT SEEDS:24A0B966       0       0       0       0       0   181CD    3039       0       0
  130000000             120000000             120000000             2.7731651E-05         1.0000000E+30                 0       
 NEXT SEEDS:2617CC9C       0       0       0       0       0   181CD    3039       0       0
  135000000             115000000             115000000             2.7730983E-05         1.0000000E+30                 0       
 NEXT SEEDS:278EC89E       0       0       0       0       0   181CD    3039       0       0
  140000000             110000000             110000000             2.7731345E-05         1.0000000E+30                 0       
 NEXT SEEDS:2905F230       0       0       0       0       0   181CD    3039       0       0
  145000000             105000000             105000000             2.7730077E-05         1.0000000E+30                 0       
 NEXT SEEDS:2A7D0138       0       0       0       0       0   181CD    3039       0       0
  150000000             100000000             100000000             2.7730453E-05         1.0000000E+30                 0       
 NEXT SEEDS:2BF4614B       0       0       0       0       0   181CD    3039       0       0
  155000000              95000000              95000000             2.7730066E-05         1.0000000E+30                 0       
 NEXT SEEDS:2D6B739D       0       0       0       0       0   181CD    3039       0       0
  160000000              90000000              90000000             2.7731507E-05         1.0000000E+30                 0       
 NEXT SEEDS:2EE29F70       0       0       0       0       0   181CD    3039       0       0
  *** Emfgeo: Ncoun  2000000000
  165000000              85000000              85000000             2.7731552E-05         1.0000000E+30                 0       
 NEXT SEEDS:3059BED0       0       0       0       0       0   181CD    3039       0       0
  170000000              80000000              80000000             2.7729636E-05         1.0000000E+30                 0       
 NEXT SEEDS:31D07B84       0       0       0       0       0   181CD    3039       0       0
  175000000              75000000              75000000             2.7730553E-05         1.0000000E+30                 0       
 NEXT SEEDS:3347F51E       0       0       0       0       0   181CD    3039       0       0
  180000000              70000000              70000000             2.7730062E-05         1.0000000E+30                 0       
 NEXT SEEDS:34BEEBA6       0       0       0       0       0   181CD    3039       0       0
  185000000              65000000              65000000             2.7730704E-05         1.0000000E+30                 0       
 NEXT SEEDS:3635D322       0       0       0       0       0   181CD    3039       0       0
  190000000              60000000              60000000             2.7729644E-05         1.0000000E+30                 0       
 NEXT SEEDS:37ACCE80       0       0       0       0       0   181CD    3039       0       0
  195000000              55000000              55000000             2.7730760E-05         1.0000000E+30                 0       
 NEXT SEEDS:39241AD8       0       0       0       0       0   181CD    3039       0       0
  200000000              50000000              50000000             2.7731016E-05         1.0000000E+30                 0       
 NEXT SEEDS:3A9B091D       0       0       0       0       0   181CD    3039       0       0
  205000000              45000000              45000000             2.7730460E-05         1.0000000E+30                 0       
 NEXT SEEDS:  7721DA       1       0       0       0       0   181CD    3039       0       0
  210000000              40000000              40000000             2.7730062E-05         1.0000000E+30                 0       
 NEXT SEEDS: 1EE54F6       1       0       0       0       0   181CD    3039       0       0
  215000000              35000000              35000000             2.7730399E-05         1.0000000E+30                 0       
 NEXT SEEDS: 3657B43       1       0       0       0       0   181CD    3039       0       0
  220000000              30000000              30000000             2.7731017E-05         1.0000000E+30                 0       
 NEXT SEEDS: 4DCAB6F       1       0       0       0       0   181CD    3039       0       0
  225000000              25000000              25000000             2.7730619E-05         1.0000000E+30                 0       
 NEXT SEEDS: 65385B1       1       0       0       0       0   181CD    3039       0       0
  230000000              20000000              20000000             2.7728934E-05         1.0000000E+30                 0       
 NEXT SEEDS: 7CA84AD       1       0       0       0       0   181CD    3039       0       0
  235000000              15000000              15000000             2.7728896E-05         1.0000000E+30                 0       
 NEXT SEEDS: 941843C       1       0       0       0       0   181CD    3039       0       0
  240000000              10000000              10000000             2.7727554E-05         1.0000000E+30                 0       
 NEXT SEEDS: AB8526D       1       0       0       0       0   181CD    3039       0       0
  *** Emfgeo: Ncoun  2000000000
  245000000               5000000               5000000             2.7726099E-05         1.0000000E+30                 0       
 NEXT SEEDS: C2F48CD       1       0       0       0       0   181CD    3039       0       0
  249999950                    50                    50             2.7726053E-05         1.0000000E+30                 0       
 NEXT SEEDS: DA68A6C       1       0       0       0       0   181CD    3039       0       0
  249999951                    49                    49             2.7726053E-05         1.0000000E+30                 0       
 NEXT SEEDS: DA68A70       1       0       0       0       0   181CD    3039       0       0
  249999952                    48                    48             2.7726055E-05         1.0000000E+30                 0       
 NEXT SEEDS: DA68A74       1       0       0       0       0   181CD    3039       0       0
  249999953                    47                    47             2.7726054E-05         1.0000000E+30                 0       
 NEXT SEEDS: DA68A78       1       0       0       0       0   181CD    3039       0       0
  249999954                    46                    46             2.7726056E-05         1.0000000E+30                 0       
 NEXT SEEDS: DA68A7C       1       0       0       0       0   181CD    3039       0       0
  249999955                    45                    45             2.7726056E-05         1.0000000E+30                 0       
 NEXT SEEDS: DA68A80       1       0       0       0       0   181CD    3039       0       0
  249999956                    44                    44             2.7726058E-05         1.0000000E+30                 0       
 NEXT SEEDS: DA68A8C       1       0       0       0       0   181CD    3039       0       0
  249999957                    43                    43             2.7726058E-05         1.0000000E+30                 0       
 NEXT SEEDS: DA68A90       1       0       0       0       0   181CD    3039       0       0
  249999958                    42                    42             2.7726058E-05         1.0000000E+30                 0       
 NEXT SEEDS: DA68A94       1       0       0       0       0   181CD    3039       0       0
  249999959                    41                    41             2.7726060E-05         1.0000000E+30                 0       
 NEXT SEEDS: DA68A98       1       0       0       0       0   181CD    3039       0       0
  249999960                    40                    40             2.7726060E-05         1.0000000E+30                 0       
 NEXT SEEDS: DA68A9E       1       0       0       0       0   181CD    3039       0       0
  249999961                    39                    39             2.7726061E-05         1.0000000E+30                 0       
 NEXT SEEDS: DA68AA2       1       0       0       0       0   181CD    3039       0       0
  249999962                    38                    38             2.7726061E-05         1.0000000E+30                 0       
 NEXT SEEDS: DA68AA6       1       0       0       0       0   181CD    3039       0       0
  249999963                    37                    37             2.7726061E-05         1.0000000E+30                 0       
 NEXT SEEDS: DA68AAA       1       0       0       0       0   181CD    3039       0       0
  249999964                    36                    36             2.7726063E-05         1.0000000E+30                 0       
 NEXT SEEDS: DA68AAE       1       0       0       0       0   181CD    3039       0       0
  249999965                    35                    35             2.7726063E-05         1.0000000E+30                 0       
 NEXT SEEDS: DA68AB2       1       0       0       0       0   181CD    3039       0       0
  249999966                    34                    34             2.7726065E-05         1.0000000E+30                 0       
 NEXT SEEDS: DA68AB8       1       0       0       0       0   181CD    3039       0       0
  249999967                    33                    33             2.7726065E-05         1.0000000E+30                 0       
 NEXT SEEDS: DA68ABC       1       0       0       0       0   181CD    3039       0       0
  249999968                    32                    32             2.7726065E-05         1.0000000E+30                 0       
 NEXT SEEDS: DA68AC0       1       0       0       0       0   181CD    3039       0       0
  249999969                    31                    31             2.7726064E-05         1.0000000E+30                 0       
 NEXT SEEDS: DA68AC4       1       0       0       0       0   181CD    3039       0       0
  249999970                    30                    30             2.7726064E-05         1.0000000E+30                 0       
 NEXT SEEDS: DA68AC8       1       0       0       0       0   181CD    3039       0       0
  249999971                    29                    29             2.7726064E-05         1.0000000E+30                 0       
 NEXT SEEDS: DA68ACC       1       0       0       0       0   181CD    3039       0       0
  249999972                    28                    28             2.7726064E-05         1.0000000E+30                 0       
 NEXT SEEDS: DA68AD0       1       0       0       0       0   181CD    3039       0       0
  249999973                    27                    27             2.7726064E-05         1.0000000E+30                 0       
 NEXT SEEDS: DA68AD4       1       0       0       0       0   181CD    3039       0       0
  249999974                    26                    26             2.7726064E-05         1.0000000E+30                 0       
 NEXT SEEDS: DA68AD8       1       0       0       0       0   181CD    3039       0       0
  249999975                    25                    25             2.7726066E-05         1.0000000E+30                 0       
 NEXT SEEDS: DA68ADC       1       0       0       0       0   181CD    3039       0       0
  249999976                    24                    24             2.7726066E-05         1.0000000E+30                 0       
 NEXT SEEDS: DA68AE0       1       0       0       0       0   181CD    3039       0       0
  249999977                    23                    23             2.7726065E-05         1.0000000E+30                 0       
 NEXT SEEDS: DA68AE4       1       0       0       0       0   181CD    3039       0       0
  249999978                    22                    22             2.7726065E-05         1.0000000E+30                 0       
 NEXT SEEDS: DA68AE8       1       0       0       0       0   181CD    3039       0       0
  249999979                    21                    21             2.7726065E-05         1.0000000E+30                 0       
 NEXT SEEDS: DA68AEC       1       0       0       0       0   181CD    3039       0       0
  249999980                    20                    20             2.7726065E-05         1.0000000E+30                 0       
 NEXT SEEDS: DA68AF0       1       0       0       0       0   181CD    3039       0       0
  249999981                    19                    19             2.7726065E-05         1.0000000E+30                 0       
 NEXT SEEDS: DA68AF4       1       0       0       0       0   181CD    3039       0       0
  249999982                    18                    18             2.7726065E-05         1.0000000E+30                 0       
 NEXT SEEDS: DA68AF8       1       0       0       0       0   181CD    3039       0       0
  249999983                    17                    17             2.7726065E-05         1.0000000E+30                 0       
 NEXT SEEDS: DA68AFC       1       0       0       0       0   181CD    3039       0       0
  249999984                    16                    16             2.7726065E-05         1.0000000E+30                 0       
 NEXT SEEDS: DA68B00       1       0       0       0       0   181CD    3039       0       0
  249999985                    15                    15             2.7726065E-05         1.0000000E+30                 0       
 NEXT SEEDS: DA68B04       1       0       0       0       0   181CD    3039       0       0
  249999986                    14                    14             2.7726064E-05         1.0000000E+30                 0       
 NEXT SEEDS: DA68B08       1       0       0       0       0   181CD    3039       0       0
  249999987                    13                    13             2.7726064E-05         1.0000000E+30                 0       
 NEXT SEEDS: DA68B0C       1       0       0       0       0   181CD    3039       0       0
  249999988                    12                    12             2.7726064E-05         1.0000000E+30                 0       
 NEXT SEEDS: DA68B10       1       0       0       0       0   181CD    3039       0       0
  249999989                    11                    11             2.7726064E-05         1.0000000E+30                 0       
 NEXT SEEDS: DA68B14       1       0       0       0       0   181CD    3039       0       0
  249999990                    10                    10             2.7726064E-05         1.0000000E+30                 0       
 NEXT SEEDS: DA68B18       1       0       0       0       0   181CD    3039       0       0
  249999991                     9                     9             2.7726064E-05         1.0000000E+30                 0       
 NEXT SEEDS: DA68B2F       1       0       0       0       0   181CD    3039       0       0
  249999992                     8                     8             2.7726064E-05         1.0000000E+30                 0       
 NEXT SEEDS: DA68B33       1       0       0       0       0   181CD    3039       0       0
  249999993                     7                     7             2.7726066E-05         1.0000000E+30                 0       
 NEXT SEEDS: DA68B37       1       0       0       0       0   181CD    3039       0       0
  249999994                     6                     6             2.7726066E-05         1.0000000E+30                 0       
 NEXT SEEDS: DA68B3B       1       0       0       0       0   181CD    3039       0       0
  249999995                     5                     5             2.7726065E-05         1.0000000E+30                 0       
 NEXT SEEDS: DA68B3F       1       0       0       0       0   181CD    3039       0       0
  249999996                     4                     4             2.7726067E-05         1.0000000E+30                 0       
 NEXT SEEDS: DA68B43       1       0       0       0       0   181CD    3039       0       0
  249999997                     3                     3             2.7726067E-05         1.0000000E+30                 0       
 NEXT SEEDS: DA68B47       1       0       0       0       0   181CD    3039       0       0
  249999998                     2                     2             2.7726067E-05         1.0000000E+30                 0       
 NEXT SEEDS: DA68B4B       1       0       0       0       0   181CD    3039       0       0
  249999999                     1                     1             2.7726069E-05         1.0000000E+30                 0       
 NEXT SEEDS: DA68B4F       1       0       0       0       0   181CD    3039       0       0
  250000000                     0                     1             2.7726069E-05         1.0000000E+30                 0       
 NEXT SEEDS: DA68B55       1       0       0       0       0   181CD    3039       0       0
