1NUMBER OF BEAM       NUMBER OF BEAM        APPROXIMATE NUMBER    AVERAGE TIME USED     TIME LEFT (RESERVED   NUMBER OF STARS
 PARTICLES HANDLED    PARTICLES LEFT        OF BEAM PARTICLES     BY A BEAM PARTICLE     10000.0 SECONDS      CREATED
                                            THAT CAN STILL BE                           FOR PRINTOUT)
                                            HANDLED

 NEXT SEEDS:       0       0       0       0       0       0   181CD    3039       0       0
          1             249999999             249999999             8.0108643E-05         1.0000000E+30                 0       
 NEXT SEEDS:       4       0       0       0       0       0   181CD    3039       0       0
    5000000             245000000             245000000             2.7240078E-05         1.0000000E+30                 0       
 NEXT SEEDS: 1773958       0       0       0       0       0   181CD    3039       0       0
   10000000             240000000             240000000             2.7199473E-05         1.0000000E+30                 0       
 NEXT SEEDS: 2EE6F7B       0       0       0       0       0   181CD    3039       0       0
   15000000             235000000             235000000             2.7179475E-05         1.0000000E+30                 0       
 NEXT SEEDS: 4655CD4       0       0       0       0       0   181CD    3039       0       0
   20000000             230000000             230000000             2.7173885E-05         1.0000000E+30                 0       
 NEXT SEEDS: 5DC32EF       0       0       0       0       0   181CD    3039       0       0
   25000000             225000000             225000000             2.7171755E-05         1.0000000E+30                 0       
 NEXT SEEDS: 7530F93       0       0       0       0       0   181CD    3039       0       0
   30000000             220000000             220000000             2.7163860E-05         1.0000000E+30                 0       
 NEXT SEEDS: 8CA340E       0       0       0       0       0   181CD    3039       0       0
   35000000             215000000             215000000             2.7155534E-05         1.0000000E+30                 0       
 NEXT SEEDS: A414952       0       0       0       0       0   181CD    3039       0       0
   40000000             210000000             210000000             2.7156901E-05         1.0000000E+30                 0       
 NEXT SEEDS: BB88B19       0       0       0       0       0   181CD    3039       0       0
   45000000             205000000             205000000             2.7150910E-05         1.0000000E+30                 0       
 NEXT SEEDS: D2FA1E2       0       0       0       0       0   181CD    3039       0       0
   50000000             200000000             200000000             2.7151939E-05         1.0000000E+30                 0       
 NEXT SEEDS: EA6B4E1       0       0       0       0       0   181CD    3039       0       0
   55000000             195000000             195000000             2.7149455E-05         1.0000000E+30                 0       
 NEXT SEEDS:101DB2A6       0       0       0       0       0   181CD    3039       0       0
   60000000             190000000             190000000             2.7153427E-05         1.0000000E+30                 0       
 NEXT SEEDS:1194F36D       0       0       0       0       0   181CD    3039       0       0
   65000000             185000000             185000000             2.7148218E-05         1.0000000E+30                 0       
 NEXT SEEDS:130BFD6C       0       0       0       0       0   181CD    3039       0       0
   70000000             180000000             180000000             2.7146338E-05         1.0000000E+30                 0       
 NEXT SEEDS:1482F906       0       0       0       0       0   181CD    3039       0       0
   75000000             175000000             175000000             2.7150186E-05         1.0000000E+30                 0       
 NEXT SEEDS:15FA3179       0       0       0       0       0   181CD    3039       0       0
   80000000             170000000             170000000             2.7147954E-05         1.0000000E+30                 0       
 NEXT SEEDS:1771300B       0       0       0       0       0   181CD    3039       0       0
  *** Emfgeo: Ncoun  2000000000
   85000000             165000000             165000000             2.7149413E-05         1.0000000E+30                 0       
 NEXT SEEDS:18E843C8       0       0       0       0       0   181CD    3039       0       0
   90000000             160000000             160000000             2.7148993E-05         1.0000000E+30                 0       
 NEXT SEEDS:1A5F4C2E       0       0       0       0       0   181CD    3039       0       0
   95000000             155000000             155000000             2.7151762E-05         1.0000000E+30                 0       
 NEXT SEEDS:1BD65F04       0       0       0       0       0   181CD    3039       0       0
  100000000             150000000             150000000             2.7156154E-05         1.0000000E+30                 0       
 NEXT SEEDS:1D4D7A79       0       0       0       0       0   181CD    3039       0       0
  105000000             145000000             145000000             2.7159130E-05         1.0000000E+30                 0       
 NEXT SEEDS:1EC4A6D1       0       0       0       0       0   181CD    3039       0       0
  110000000             140000000             140000000             2.7160147E-05         1.0000000E+30                 0       
 NEXT SEEDS:203BBC06       0       0       0       0       0   181CD    3039       0       0
  115000000             135000000             135000000             2.7158744E-05         1.0000000E+30                 0       
 NEXT SEEDS:21B2D26E       0       0       0       0       0   181CD    3039       0       0
  120000000             130000000             130000000             2.7156243E-05         1.0000000E+30                 0       
 NEXT SEEDS:2329AB20       0       0       0       0       0   181CD    3039       0       0
  125000000             125000000             125000000             2.7154540E-05         1.0000000E+30                 0       
 NEXT SEEDS:24A0B62D       0       0       0       0       0   181CD    3039       0       0
  130000000             120000000             120000000             2.7153323E-05         1.0000000E+30                 0       
 NEXT SEEDS:2617BA11       0       0       0       0       0   181CD    3039       0       0
  135000000             115000000             115000000             2.7152065E-05         1.0000000E+30                 0       
 NEXT SEEDS:278EABC1       0       0       0       0       0   181CD    3039       0       0
  140000000             110000000             110000000             2.7152359E-05         1.0000000E+30                 0       
 NEXT SEEDS:2905B6BD       0       0       0       0       0   181CD    3039       0       0
  145000000             105000000             105000000             2.7150912E-05         1.0000000E+30                 0       
 NEXT SEEDS:2A7CA23C       0       0       0       0       0   181CD    3039       0       0
  150000000             100000000             100000000             2.7150857E-05         1.0000000E+30                 0       
 NEXT SEEDS:2BF39EAD       0       0       0       0       0   181CD    3039       0       0
  155000000              95000000              95000000             2.7151223E-05         1.0000000E+30                 0       
 NEXT SEEDS:2D6AD51A       0       0       0       0       0   181CD    3039       0       0
  160000000              90000000              90000000             2.7152384E-05         1.0000000E+30                 0       
 NEXT SEEDS:2EE2070C       0       0       0       0       0   181CD    3039       0       0
  *** Emfgeo: Ncoun  2000000000
  165000000              85000000              85000000             2.7152759E-05         1.0000000E+30                 0       
 NEXT SEEDS:30597628       0       0       0       0       0   181CD    3039       0       0
  170000000              80000000              80000000             2.7150326E-05         1.0000000E+30                 0       
 NEXT SEEDS:31D0397D       0       0       0       0       0   181CD    3039       0       0
  175000000              75000000              75000000             2.7150087E-05         1.0000000E+30                 0       
 NEXT SEEDS:33478343       0       0       0       0       0   181CD    3039       0       0
  180000000              70000000              70000000             2.7150907E-05         1.0000000E+30                 0       
 NEXT SEEDS:34BEACFC       0       0       0       0       0   181CD    3039       0       0
  185000000              65000000              65000000             2.7151664E-05         1.0000000E+30                 0       
 NEXT SEEDS:3635BCA8       0       0       0       0       0   181CD    3039       0       0
  190000000              60000000              60000000             2.7150967E-05         1.0000000E+30                 0       
 NEXT SEEDS:37ACB9E2       0       0       0       0       0   181CD    3039       0       0
  195000000              55000000              55000000             2.7152445E-05         1.0000000E+30                 0       
 NEXT SEEDS:3923FD9A       0       0       0       0       0   181CD    3039       0       0
  200000000              50000000              50000000             2.7153016E-05         1.0000000E+30                 0       
 NEXT SEEDS:3A9ADD83       0       0       0       0       0   181CD    3039       0       0
  205000000              45000000              45000000             2.7153521E-05         1.0000000E+30                 0       
 NEXT SEEDS:  76F2AA       1       0       0       0       0   181CD    3039       0       0
  210000000              40000000              40000000             2.7152605E-05         1.0000000E+30                 0       
 NEXT SEEDS: 1EE2A4C       1       0       0       0       0   181CD    3039       0       0
  215000000              35000000              35000000             2.7153296E-05         1.0000000E+30                 0       
 NEXT SEEDS: 3656DC7       1       0       0       0       0   181CD    3039       0       0
  220000000              30000000              30000000             2.7152617E-05         1.0000000E+30                 0       
 NEXT SEEDS: 4DCACBE       1       0       0       0       0   181CD    3039       0       0
  225000000              25000000              25000000             2.7151717E-05         1.0000000E+30                 0       
 NEXT SEEDS: 653CBA7       1       0       0       0       0   181CD    3039       0       0
  230000000              20000000              20000000             2.7149551E-05         1.0000000E+30                 0       
 NEXT SEEDS: 7CAA7A6       1       0       0       0       0   181CD    3039       0       0
  235000000              15000000              15000000             2.7151655E-05         1.0000000E+30                 0       
 NEXT SEEDS: 941BE96       1       0       0       0       0   181CD    3039       0       0
  240000000              10000000              10000000             2.7150662E-05         1.0000000E+30                 0       
 NEXT SEEDS: AB89D5B       1       0       0       0       0   181CD    3039       0       0
  *** Emfgeo: Ncoun  2000000000
  245000000               5000000               5000000             2.7150023E-05         1.0000000E+30                 0       
 NEXT SEEDS: C2FAC17       1       0       0       0       0   181CD    3039       0       0
  249999950                    50                    50             2.7150176E-05         1.0000000E+30                 0       
 NEXT SEEDS: DA6BF92       1       0       0       0       0   181CD    3039       0       0
  249999951                    49                    49             2.7150178E-05         1.0000000E+30                 0       
 NEXT SEEDS: DA6BF96       1       0       0       0       0   181CD    3039       0       0
  249999952                    48                    48             2.7150178E-05         1.0000000E+30                 0       
 NEXT SEEDS: DA6BF9A       1       0       0       0       0   181CD    3039       0       0
  249999953                    47                    47             2.7150180E-05         1.0000000E+30                 0       
 NEXT SEEDS: DA6BF9E       1       0       0       0       0   181CD    3039       0       0
  249999954                    46                    46             2.7150179E-05         1.0000000E+30                 0       
 NEXT SEEDS: DA6BFA2       1       0       0       0       0   181CD    3039       0       0
  249999955                    45                    45             2.7150179E-05         1.0000000E+30                 0       
 NEXT SEEDS: DA6BFA6       1       0       0       0       0   181CD    3039       0       0
  249999956                    44                    44             2.7150181E-05         1.0000000E+30                 0       
 NEXT SEEDS: DA6BFAA       1       0       0       0       0   181CD    3039       0       0
  249999957                    43                    43             2.7150181E-05         1.0000000E+30                 0       
 NEXT SEEDS: DA6BFAE       1       0       0       0       0   181CD    3039       0       0
  249999958                    42                    42             2.7150183E-05         1.0000000E+30                 0       
 NEXT SEEDS: DA6BFB2       1       0       0       0       0   181CD    3039       0       0
  249999959                    41                    41             2.7150183E-05         1.0000000E+30                 0       
 NEXT SEEDS: DA6BFB6       1       0       0       0       0   181CD    3039       0       0
  249999960                    40                    40             2.7150183E-05         1.0000000E+30                 0       
 NEXT SEEDS: DA6BFBA       1       0       0       0       0   181CD    3039       0       0
  249999961                    39                    39             2.7150185E-05         1.0000000E+30                 0       
 NEXT SEEDS: DA6BFBE       1       0       0       0       0   181CD    3039       0       0
  249999962                    38                    38             2.7150184E-05         1.0000000E+30                 0       
 NEXT SEEDS: DA6BFC2       1       0       0       0       0   181CD    3039       0       0
  249999963                    37                    37             2.7150184E-05         1.0000000E+30                 0       
 NEXT SEEDS: DA6BFC8       1       0       0       0       0   181CD    3039       0       0
  249999964                    36                    36             2.7150186E-05         1.0000000E+30                 0       
 NEXT SEEDS: DA6BFCC       1       0       0       0       0   181CD    3039       0       0
  249999965                    35                    35             2.7150186E-05         1.0000000E+30                 0       
 NEXT SEEDS: DA6BFD0       1       0       0       0       0   181CD    3039       0       0
  249999966                    34                    34             2.7150186E-05         1.0000000E+30                 0       
 NEXT SEEDS: DA6BFD4       1       0       0       0       0   181CD    3039       0       0
  249999967                    33                    33             2.7150188E-05         1.0000000E+30                 0       
 NEXT SEEDS: DA6BFD8       1       0       0       0       0   181CD    3039       0       0
  249999968                    32                    32             2.7150188E-05         1.0000000E+30                 0       
 NEXT SEEDS: DA6BFDC       1       0       0       0       0   181CD    3039       0       0
  249999969                    31                    31             2.7150188E-05         1.0000000E+30                 0       
 NEXT SEEDS: DA6BFE0       1       0       0       0       0   181CD    3039       0       0
  249999970                    30                    30             2.7150188E-05         1.0000000E+30                 0       
 NEXT SEEDS: DA6BFE4       1       0       0       0       0   181CD    3039       0       0
  249999971                    29                    29             2.7150187E-05         1.0000000E+30                 0       
 NEXT SEEDS: DA6BFE8       1       0       0       0       0   181CD    3039       0       0
  249999972                    28                    28             2.7150187E-05         1.0000000E+30                 0       
 NEXT SEEDS: DA6BFEC       1       0       0       0       0   181CD    3039       0       0
  249999973                    27                    27             2.7150187E-05         1.0000000E+30                 0       
 NEXT SEEDS: DA6C000       1       0       0       0       0   181CD    3039       0       0
  249999974                    26                    26             2.7150189E-05         1.0000000E+30                 0       
 NEXT SEEDS: DA6C004       1       0       0       0       0   181CD    3039       0       0
  249999975                    25                    25             2.7150189E-05         1.0000000E+30                 0       
 NEXT SEEDS: DA6C008       1       0       0       0       0   181CD    3039       0       0
  249999976                    24                    24             2.7150189E-05         1.0000000E+30                 0       
 NEXT SEEDS: DA6C00C       1       0       0       0       0   181CD    3039       0       0
  249999977                    23                    23             2.7150189E-05         1.0000000E+30                 0       
 NEXT SEEDS: DA6C010       1       0       0       0       0   181CD    3039       0       0
  249999978                    22                    22             2.7150189E-05         1.0000000E+30                 0       
 NEXT SEEDS: DA6C014       1       0       0       0       0   181CD    3039       0       0
  249999979                    21                    21             2.7150188E-05         1.0000000E+30                 0       
 NEXT SEEDS: DA6C018       1       0       0       0       0   181CD    3039       0       0
  249999980                    20                    20             2.7150188E-05         1.0000000E+30                 0       
 NEXT SEEDS: DA6C01C       1       0       0       0       0   181CD    3039       0       0
  249999981                    19                    19             2.7150188E-05         1.0000000E+30                 0       
 NEXT SEEDS: DA6C020       1       0       0       0       0   181CD    3039       0       0
  249999982                    18                    18             2.7150188E-05         1.0000000E+30                 0       
 NEXT SEEDS: DA6C024       1       0       0       0       0   181CD    3039       0       0
  249999983                    17                    17             2.7150188E-05         1.0000000E+30                 0       
 NEXT SEEDS: DA6C028       1       0       0       0       0   181CD    3039       0       0
  249999984                    16                    16             2.7150188E-05         1.0000000E+30                 0       
 NEXT SEEDS: DA6C02C       1       0       0       0       0   181CD    3039       0       0
  249999985                    15                    15             2.7150188E-05         1.0000000E+30                 0       
 NEXT SEEDS: DA6C032       1       0       0       0       0   181CD    3039       0       0
  249999986                    14                    14             2.7150188E-05         1.0000000E+30                 0       
 NEXT SEEDS: DA6C036       1       0       0       0       0   181CD    3039       0       0
  249999987                    13                    13             2.7150190E-05         1.0000000E+30                 0       
 NEXT SEEDS: DA6C03A       1       0       0       0       0   181CD    3039       0       0
  249999988                    12                    12             2.7150189E-05         1.0000000E+30                 0       
 NEXT SEEDS: DA6C03E       1       0       0       0       0   181CD    3039       0       0
  249999989                    11                    11             2.7150191E-05         1.0000000E+30                 0       
 NEXT SEEDS: DA6C05E       1       0       0       0       0   181CD    3039       0       0
  249999990                    10                    10             2.7150191E-05         1.0000000E+30                 0       
 NEXT SEEDS: DA6C062       1       0       0       0       0   181CD    3039       0       0
  249999991                     9                     9             2.7150193E-05         1.0000000E+30                 0       
 NEXT SEEDS: DA6C066       1       0       0       0       0   181CD    3039       0       0
  249999992                     8                     8             2.7150193E-05         1.0000000E+30                 0       
 NEXT SEEDS: DA6C06A       1       0       0       0       0   181CD    3039       0       0
  249999993                     7                     7             2.7150193E-05         1.0000000E+30                 0       
 NEXT SEEDS: DA6C06E       1       0       0       0       0   181CD    3039       0       0
  249999994                     6                     6             2.7150195E-05         1.0000000E+30                 0       
 NEXT SEEDS: DA6C072       1       0       0       0       0   181CD    3039       0       0
  249999995                     5                     5             2.7150195E-05         1.0000000E+30                 0       
 NEXT SEEDS: DA6C076       1       0       0       0       0   181CD    3039       0       0
  249999996                     4                     4             2.7150194E-05         1.0000000E+30                 0       
 NEXT SEEDS: DA6C07A       1       0       0       0       0   181CD    3039       0       0
  249999997                     3                     3             2.7150194E-05         1.0000000E+30                 0       
 NEXT SEEDS: DA6C07E       1       0       0       0       0   181CD    3039       0       0
  249999998                     2                     2             2.7150194E-05         1.0000000E+30                 0       
 NEXT SEEDS: DA6C082       1       0       0       0       0   181CD    3039       0       0
  249999999                     1                     1             2.7150194E-05         1.0000000E+30                 0       
 NEXT SEEDS: DA6C086       1       0       0       0       0   181CD    3039       0       0
  250000000                     0                     1             2.7150194E-05         1.0000000E+30                 0       
 NEXT SEEDS: DA6C08A       1       0       0       0       0   181CD    3039       0       0
