1NUMBER OF BEAM       NUMBER OF BEAM        APPROXIMATE NUMBER    AVERAGE TIME USED     TIME LEFT (RESERVED   NUMBER OF STARS
 PARTICLES HANDLED    PARTICLES LEFT        OF BEAM PARTICLES     BY A BEAM PARTICLE     10000.0 SECONDS      CREATED
                                            THAT CAN STILL BE                           FOR PRINTOUT)
                                            HANDLED

 NEXT SEEDS:       0       0       0       0       0       0   181CD    3039       0       0
          1             249999999             249999999             8.1062317E-05         1.0000000E+30                 0       
 NEXT SEEDS:       4       0       0       0       0       0   181CD    3039       0       0
    5000000             245000000             245000000             2.7831727E-05         1.0000000E+30                 0       
 NEXT SEEDS: 17710CD       0       0       0       0       0   181CD    3039       0       0
   10000000             240000000             240000000             2.7851794E-05         1.0000000E+30                 0       
 NEXT SEEDS: 2EE096B       0       0       0       0       0   181CD    3039       0       0
   15000000             235000000             235000000             2.7886718E-05         1.0000000E+30                 0       
 NEXT SEEDS: 4652B41       0       0       0       0       0   181CD    3039       0       0
   20000000             230000000             230000000             2.7882312E-05         1.0000000E+30                 0       
 NEXT SEEDS: 5DC3FB2       0       0       0       0       0   181CD    3039       0       0
   25000000             225000000             225000000             2.7876040E-05         1.0000000E+30                 0       
 NEXT SEEDS: 7535B93       0       0       0       0       0   181CD    3039       0       0
   30000000             220000000             220000000             2.7859959E-05         1.0000000E+30                 0       
 NEXT SEEDS: 8CA7670       0       0       0       0       0   181CD    3039       0       0
   35000000             215000000             215000000             2.7858913E-05         1.0000000E+30                 0       
 NEXT SEEDS: A416630       0       0       0       0       0   181CD    3039       0       0
   40000000             210000000             210000000             2.7857771E-05         1.0000000E+30                 0       
 NEXT SEEDS: BB84779       0       0       0       0       0   181CD    3039       0       0
   45000000             205000000             205000000             2.7853793E-05         1.0000000E+30                 0       
 NEXT SEEDS: D2F8BC0       0       0       0       0       0   181CD    3039       0       0
   50000000             200000000             200000000             2.7851903E-05         1.0000000E+30                 0       
 NEXT SEEDS: EA66897       0       0       0       0       0   181CD    3039       0       0
   55000000             195000000             195000000             2.7846614E-05         1.0000000E+30                 0       
 NEXT SEEDS:101D2A72       0       0       0       0       0   181CD    3039       0       0
   60000000             190000000             190000000             2.7840996E-05         1.0000000E+30                 0       
 NEXT SEEDS:11944589       0       0       0       0       0   181CD    3039       0       0
   65000000             185000000             185000000             2.7847165E-05         1.0000000E+30                 0       
 NEXT SEEDS:130B6B0E       0       0       0       0       0   181CD    3039       0       0
   70000000             180000000             180000000             2.7843885E-05         1.0000000E+30                 0       
 NEXT SEEDS:14827BF0       0       0       0       0       0   181CD    3039       0       0
   75000000             175000000             175000000             2.7845758E-05         1.0000000E+30                 0       
 NEXT SEEDS:15F9488A       0       0       0       0       0   181CD    3039       0       0
   80000000             170000000             170000000             2.7846496E-05         1.0000000E+30                 0       
 NEXT SEEDS:17704286       0       0       0       0       0   181CD    3039       0       0
  *** Emfgeo: Ncoun  2000000000
   85000000             165000000             165000000             2.7847879E-05         1.0000000E+30                 0       
 NEXT SEEDS:18E73851       0       0       0       0       0   181CD    3039       0       0
   90000000             160000000             160000000             2.7848098E-05         1.0000000E+30                 0       
 NEXT SEEDS:1A5E7284       0       0       0       0       0   181CD    3039       0       0
   95000000             155000000             155000000             2.7848555E-05         1.0000000E+30                 0       
 NEXT SEEDS:1BD58FAA       0       0       0       0       0   181CD    3039       0       0
  100000000             150000000             150000000             2.7849350E-05         1.0000000E+30                 0       
 NEXT SEEDS:1D4C7B43       0       0       0       0       0   181CD    3039       0       0
  105000000             145000000             145000000             2.7852510E-05         1.0000000E+30                 0       
 NEXT SEEDS:1EC39293       0       0       0       0       0   181CD    3039       0       0
  110000000             140000000             140000000             2.7850445E-05         1.0000000E+30                 0       
 NEXT SEEDS:203A7565       0       0       0       0       0   181CD    3039       0       0
  115000000             135000000             135000000             2.7851369E-05         1.0000000E+30                 0       
 NEXT SEEDS:21B1C2F0       0       0       0       0       0   181CD    3039       0       0
  120000000             130000000             130000000             2.7850453E-05         1.0000000E+30                 0       
 NEXT SEEDS:2328B455       0       0       0       0       0   181CD    3039       0       0
  125000000             125000000             125000000             2.7851550E-05         1.0000000E+30                 0       
 NEXT SEEDS:249FCDDE       0       0       0       0       0   181CD    3039       0       0
  130000000             120000000             120000000             2.7854959E-05         1.0000000E+30                 0       
 NEXT SEEDS:261764A3       0       0       0       0       0   181CD    3039       0       0
  135000000             115000000             115000000             2.7855007E-05         1.0000000E+30                 0       
 NEXT SEEDS:278E74D4       0       0       0       0       0   181CD    3039       0       0
  140000000             110000000             110000000             2.7853541E-05         1.0000000E+30                 0       
 NEXT SEEDS:2905802E       0       0       0       0       0   181CD    3039       0       0
  145000000             105000000             105000000             2.7852305E-05         1.0000000E+30                 0       
 NEXT SEEDS:2A7CA0B8       0       0       0       0       0   181CD    3039       0       0
  150000000             100000000             100000000             2.7852262E-05         1.0000000E+30                 0       
 NEXT SEEDS:2BF3E0F5       0       0       0       0       0   181CD    3039       0       0
  155000000              95000000              95000000             2.7853005E-05         1.0000000E+30                 0       
 NEXT SEEDS:2D6AFB7D       0       0       0       0       0   181CD    3039       0       0
  160000000              90000000              90000000             2.7852694E-05         1.0000000E+30                 0       
 NEXT SEEDS:2EE1D42B       0       0       0       0       0   181CD    3039       0       0
  *** Emfgeo: Ncoun  2000000000
  165000000              85000000              85000000             2.7852761E-05         1.0000000E+30                 0       
 NEXT SEEDS:30589AF3       0       0       0       0       0   181CD    3039       0       0
  170000000              80000000              80000000             2.7853492E-05         1.0000000E+30                 0       
 NEXT SEEDS:31CFE699       0       0       0       0       0   181CD    3039       0       0
  175000000              75000000              75000000             2.7854721E-05         1.0000000E+30                 0       
 NEXT SEEDS:33470D3F       0       0       0       0       0   181CD    3039       0       0
  180000000              70000000              70000000             2.7853008E-05         1.0000000E+30                 0       
 NEXT SEEDS:34BDD9D9       0       0       0       0       0   181CD    3039       0       0
  185000000              65000000              65000000             2.7850778E-05         1.0000000E+30                 0       
 NEXT SEEDS:3634E73E       0       0       0       0       0   181CD    3039       0       0
  190000000              60000000              60000000             2.7850938E-05         1.0000000E+30                 0       
 NEXT SEEDS:37AC162A       0       0       0       0       0   181CD    3039       0       0
  195000000              55000000              55000000             2.7851863E-05         1.0000000E+30                 0       
 NEXT SEEDS:392326E3       0       0       0       0       0   181CD    3039       0       0
  200000000              50000000              50000000             2.7852048E-05         1.0000000E+30                 0       
 NEXT SEEDS:3A9A78F4       0       0       0       0       0   181CD    3039       0       0
  205000000              45000000              45000000             2.7853184E-05         1.0000000E+30                 0       
 NEXT SEEDS:  76D85F       1       0       0       0       0   181CD    3039       0       0
  210000000              40000000              40000000             2.7851718E-05         1.0000000E+30                 0       
 NEXT SEEDS: 1EDFB01       1       0       0       0       0   181CD    3039       0       0
  215000000              35000000              35000000             2.7852527E-05         1.0000000E+30                 0       
 NEXT SEEDS: 364B13F       1       0       0       0       0   181CD    3039       0       0
  220000000              30000000              30000000             2.7854565E-05         1.0000000E+30                 0       
 NEXT SEEDS: 4DBCC5C       1       0       0       0       0   181CD    3039       0       0
  225000000              25000000              25000000             2.7855208E-05         1.0000000E+30                 0       
 NEXT SEEDS: 652CFE4       1       0       0       0       0   181CD    3039       0       0
  230000000              20000000              20000000             2.7854379E-05         1.0000000E+30                 0       
 NEXT SEEDS: 7C9AE99       1       0       0       0       0   181CD    3039       0       0
  235000000              15000000              15000000             2.7854743E-05         1.0000000E+30                 0       
 NEXT SEEDS: 940AF8D       1       0       0       0       0   181CD    3039       0       0
  240000000              10000000              10000000             2.7854463E-05         1.0000000E+30                 0       
 NEXT SEEDS: AB78B04       1       0       0       0       0   181CD    3039       0       0
  *** Emfgeo: Ncoun  2000000000
  245000000               5000000               5000000             2.7854512E-05         1.0000000E+30                 0       
 NEXT SEEDS: C2ED492       1       0       0       0       0   181CD    3039       0       0
  249999950                    50                    50             2.7855156E-05         1.0000000E+30                 0       
 NEXT SEEDS: DA6082D       1       0       0       0       0   181CD    3039       0       0
  249999951                    49                    49             2.7855156E-05         1.0000000E+30                 0       
 NEXT SEEDS: DA60831       1       0       0       0       0   181CD    3039       0       0
  249999952                    48                    48             2.7855155E-05         1.0000000E+30                 0       
 NEXT SEEDS: DA60835       1       0       0       0       0   181CD    3039       0       0
  249999953                    47                    47             2.7855155E-05         1.0000000E+30                 0       
 NEXT SEEDS: DA60839       1       0       0       0       0   181CD    3039       0       0
  249999954                    46                    46             2.7855155E-05         1.0000000E+30                 0       
 NEXT SEEDS: DA6083D       1       0       0       0       0   181CD    3039       0       0
  249999955                    45                    45             2.7855155E-05         1.0000000E+30                 0       
 NEXT SEEDS: DA60851       1       0       0       0       0   181CD    3039       0       0
  249999956                    44                    44             2.7855155E-05         1.0000000E+30                 0       
 NEXT SEEDS: DA60855       1       0       0       0       0   181CD    3039       0       0
  249999957                    43                    43             2.7855155E-05         1.0000000E+30                 0       
 NEXT SEEDS: DA60859       1       0       0       0       0   181CD    3039       0       0
  249999958                    42                    42             2.7855155E-05         1.0000000E+30                 0       
 NEXT SEEDS: DA6085D       1       0       0       0       0   181CD    3039       0       0
  249999959                    41                    41             2.7855155E-05         1.0000000E+30                 0       
 NEXT SEEDS: DA60861       1       0       0       0       0   181CD    3039       0       0
  249999960                    40                    40             2.7855155E-05         1.0000000E+30                 0       
 NEXT SEEDS: DA60865       1       0       0       0       0   181CD    3039       0       0
  249999961                    39                    39             2.7855154E-05         1.0000000E+30                 0       
 NEXT SEEDS: DA60869       1       0       0       0       0   181CD    3039       0       0
  249999962                    38                    38             2.7855154E-05         1.0000000E+30                 0       
 NEXT SEEDS: DA6086D       1       0       0       0       0   181CD    3039       0       0
  249999963                    37                    37             2.7855154E-05         1.0000000E+30                 0       
 NEXT SEEDS: DA60871       1       0       0       0       0   181CD    3039       0       0
  249999964                    36                    36             2.7855156E-05         1.0000000E+30                 0       
 NEXT SEEDS: DA60875       1       0       0       0       0   181CD    3039       0       0
  249999965                    35                    35             2.7855156E-05         1.0000000E+30                 0       
 NEXT SEEDS: DA60879       1       0       0       0       0   181CD    3039       0       0
  249999966                    34                    34             2.7855156E-05         1.0000000E+30                 0       
 NEXT SEEDS: DA6087D       1       0       0       0       0   181CD    3039       0       0
  249999967                    33                    33             2.7855156E-05         1.0000000E+30                 0       
 NEXT SEEDS: DA60881       1       0       0       0       0   181CD    3039       0       0
  249999968                    32                    32             2.7855156E-05         1.0000000E+30                 0       
 NEXT SEEDS: DA60893       1       0       0       0       0   181CD    3039       0       0
  249999969                    31                    31             2.7855156E-05         1.0000000E+30                 0       
 NEXT SEEDS: DA60897       1       0       0       0       0   181CD    3039       0       0
  249999970                    30                    30             2.7855155E-05         1.0000000E+30                 0       
 NEXT SEEDS: DA6089B       1       0       0       0       0   181CD    3039       0       0
  249999971                    29                    29             2.7855155E-05         1.0000000E+30                 0       
 NEXT SEEDS: DA6089F       1       0       0       0       0   181CD    3039       0       0
  249999972                    28                    28             2.7855155E-05         1.0000000E+30                 0       
 NEXT SEEDS: DA608A3       1       0       0       0       0   181CD    3039       0       0
  249999973                    27                    27             2.7855157E-05         1.0000000E+30                 0       
 NEXT SEEDS: DA608A7       1       0       0       0       0   181CD    3039       0       0
  249999974                    26                    26             2.7855157E-05         1.0000000E+30                 0       
 NEXT SEEDS: DA608AB       1       0       0       0       0   181CD    3039       0       0
  249999975                    25                    25             2.7855157E-05         1.0000000E+30                 0       
 NEXT SEEDS: DA608AF       1       0       0       0       0   181CD    3039       0       0
  249999976                    24                    24             2.7855159E-05         1.0000000E+30                 0       
 NEXT SEEDS: DA608B3       1       0       0       0       0   181CD    3039       0       0
  249999977                    23                    23             2.7855159E-05         1.0000000E+30                 0       
 NEXT SEEDS: DA608B7       1       0       0       0       0   181CD    3039       0       0
  249999978                    22                    22             2.7855160E-05         1.0000000E+30                 0       
 NEXT SEEDS: DA608BB       1       0       0       0       0   181CD    3039       0       0
  249999979                    21                    21             2.7855160E-05         1.0000000E+30                 0       
 NEXT SEEDS: DA608BF       1       0       0       0       0   181CD    3039       0       0
  249999980                    20                    20             2.7855160E-05         1.0000000E+30                 0       
 NEXT SEEDS: DA608C3       1       0       0       0       0   181CD    3039       0       0
  249999981                    19                    19             2.7855162E-05         1.0000000E+30                 0       
 NEXT SEEDS: DA608C7       1       0       0       0       0   181CD    3039       0       0
  249999982                    18                    18             2.7855162E-05         1.0000000E+30                 0       
 NEXT SEEDS: DA608CB       1       0       0       0       0   181CD    3039       0       0
  249999983                    17                    17             2.7855162E-05         1.0000000E+30                 0       
 NEXT SEEDS: DA608CF       1       0       0       0       0   181CD    3039       0       0
  249999984                    16                    16             2.7855164E-05         1.0000000E+30                 0       
 NEXT SEEDS: DA608D3       1       0       0       0       0   181CD    3039       0       0
  249999985                    15                    15             2.7855164E-05         1.0000000E+30                 0       
 NEXT SEEDS: DA608D7       1       0       0       0       0   181CD    3039       0       0
  249999986                    14                    14             2.7855165E-05         1.0000000E+30                 0       
 NEXT SEEDS: DA608DB       1       0       0       0       0   181CD    3039       0       0
  249999987                    13                    13             2.7855167E-05         1.0000000E+30                 0       
 NEXT SEEDS: DA608E5       1       0       0       0       0   181CD    3039       0       0
  249999988                    12                    12             2.7855167E-05         1.0000000E+30                 0       
 NEXT SEEDS: DA608E9       1       0       0       0       0   181CD    3039       0       0
  249999989                    11                    11             2.7855169E-05         1.0000000E+30                 0       
 NEXT SEEDS: DA608ED       1       0       0       0       0   181CD    3039       0       0
  249999990                    10                    10             2.7855169E-05         1.0000000E+30                 0       
 NEXT SEEDS: DA608F1       1       0       0       0       0   181CD    3039       0       0
  249999991                     9                     9             2.7855169E-05         1.0000000E+30                 0       
 NEXT SEEDS: DA608F5       1       0       0       0       0   181CD    3039       0       0
  249999992                     8                     8             2.7855171E-05         1.0000000E+30                 0       
 NEXT SEEDS: DA608FB       1       0       0       0       0   181CD    3039       0       0
  249999993                     7                     7             2.7855170E-05         1.0000000E+30                 0       
 NEXT SEEDS: DA608FF       1       0       0       0       0   181CD    3039       0       0
  249999994                     6                     6             2.7855172E-05         1.0000000E+30                 0       
 NEXT SEEDS: DA60903       1       0       0       0       0   181CD    3039       0       0
  249999995                     5                     5             2.7855172E-05         1.0000000E+30                 0       
 NEXT SEEDS: DA60909       1       0       0       0       0   181CD    3039       0       0
  249999996                     4                     4             2.7855174E-05         1.0000000E+30                 0       
 NEXT SEEDS: DA6090D       1       0       0       0       0   181CD    3039       0       0
  249999997                     3                     3             2.7855174E-05         1.0000000E+30                 0       
 NEXT SEEDS: DA60911       1       0       0       0       0   181CD    3039       0       0
  249999998                     2                     2             2.7855174E-05         1.0000000E+30                 0       
 NEXT SEEDS: DA60915       1       0       0       0       0   181CD    3039       0       0
  249999999                     1                     1             2.7855176E-05         1.0000000E+30                 0       
 NEXT SEEDS: DA60919       1       0       0       0       0   181CD    3039       0       0
  250000000                     0                     1             2.7855176E-05         1.0000000E+30                 0       
 NEXT SEEDS: DA6091D       1       0       0       0       0   181CD    3039       0       0
