1NUMBER OF BEAM       NUMBER OF BEAM        APPROXIMATE NUMBER    AVERAGE TIME USED     TIME LEFT (RESERVED   NUMBER OF STARS
 PARTICLES HANDLED    PARTICLES LEFT        OF BEAM PARTICLES     BY A BEAM PARTICLE     10000.0 SECONDS      CREATED
                                            THAT CAN STILL BE                           FOR PRINTOUT)
                                            HANDLED

 NEXT SEEDS:       0       0       0       0       0       0   181CD    3039       0       0
          1             249999999             249999999             7.7962875E-05         1.0000000E+30                 0       
 NEXT SEEDS:       4       0       0       0       0       0   181CD    3039       0       0
    5000000             245000000             245000000             2.7165267E-05         1.0000000E+30                 0       
 NEXT SEEDS: 1774B66       0       0       0       0       0   181CD    3039       0       0
   10000000             240000000             240000000             2.7133687E-05         1.0000000E+30                 0       
 NEXT SEEDS: 2EE8761       0       0       0       0       0   181CD    3039       0       0
   15000000             235000000             235000000             2.7130085E-05         1.0000000E+30                 0       
 NEXT SEEDS: 465B82B       0       0       0       0       0   181CD    3039       0       0
   20000000             230000000             230000000             2.7107276E-05         1.0000000E+30                 0       
 NEXT SEEDS: 5DCB524       0       0       0       0       0   181CD    3039       0       0
   25000000             225000000             225000000             2.7128094E-05         1.0000000E+30                 0       
 NEXT SEEDS: 753E2BB       0       0       0       0       0   181CD    3039       0       0
   30000000             220000000             220000000             2.7121631E-05         1.0000000E+30                 0       
 NEXT SEEDS: 8CB22B1       0       0       0       0       0   181CD    3039       0       0
   35000000             215000000             215000000             2.7114086E-05         1.0000000E+30                 0       
 NEXT SEEDS: A422505       0       0       0       0       0   181CD    3039       0       0
   40000000             210000000             210000000             2.7105971E-05         1.0000000E+30                 0       
 NEXT SEEDS: BB8F77D       0       0       0       0       0   181CD    3039       0       0
   45000000             205000000             205000000             2.7106626E-05         1.0000000E+30                 0       
 NEXT SEEDS: D303830       0       0       0       0       0   181CD    3039       0       0
   50000000             200000000             200000000             2.7104127E-05         1.0000000E+30                 0       
 NEXT SEEDS: EA7A0F6       0       0       0       0       0   181CD    3039       0       0
   55000000             195000000             195000000             2.7099566E-05         1.0000000E+30                 0       
 NEXT SEEDS:101E9EEC       0       0       0       0       0   181CD    3039       0       0
   60000000             190000000             190000000             2.7099928E-05         1.0000000E+30                 0       
 NEXT SEEDS:1195BF7C       0       0       0       0       0   181CD    3039       0       0
   65000000             185000000             185000000             2.7093022E-05         1.0000000E+30                 0       
 NEXT SEEDS:130C8371       0       0       0       0       0   181CD    3039       0       0
   70000000             180000000             180000000             2.7092897E-05         1.0000000E+30                 0       
 NEXT SEEDS:14836D0E       0       0       0       0       0   181CD    3039       0       0
   75000000             175000000             175000000             2.7090846E-05         1.0000000E+30                 0       
 NEXT SEEDS:15FA988E       0       0       0       0       0   181CD    3039       0       0
   80000000             170000000             170000000             2.7096021E-05         1.0000000E+30                 0       
 NEXT SEEDS:1771A061       0       0       0       0       0   181CD    3039       0       0
  *** Emfgeo: Ncoun  2000000000
   85000000             165000000             165000000             2.7102313E-05         1.0000000E+30                 0       
 NEXT SEEDS:18E8B4D3       0       0       0       0       0   181CD    3039       0       0
   90000000             160000000             160000000             2.7101639E-05         1.0000000E+30                 0       
 NEXT SEEDS:1A6002FD       0       0       0       0       0   181CD    3039       0       0
   95000000             155000000             155000000             2.7098968E-05         1.0000000E+30                 0       
 NEXT SEEDS:1BD70D83       0       0       0       0       0   181CD    3039       0       0
  100000000             150000000             150000000             2.7099771E-05         1.0000000E+30                 0       
 NEXT SEEDS:1D4E5C41       0       0       0       0       0   181CD    3039       0       0
  105000000             145000000             145000000             2.7098887E-05         1.0000000E+30                 0       
 NEXT SEEDS:1EC56647       0       0       0       0       0   181CD    3039       0       0
  110000000             140000000             140000000             2.7096474E-05         1.0000000E+30                 0       
 NEXT SEEDS:203C95B9       0       0       0       0       0   181CD    3039       0       0
  115000000             135000000             135000000             2.7096402E-05         1.0000000E+30                 0       
 NEXT SEEDS:21B3BF12       0       0       0       0       0   181CD    3039       0       0
  120000000             130000000             130000000             2.7095360E-05         1.0000000E+30                 0       
 NEXT SEEDS:232AB36A       0       0       0       0       0   181CD    3039       0       0
  125000000             125000000             125000000             2.7095977E-05         1.0000000E+30                 0       
 NEXT SEEDS:24A1D687       0       0       0       0       0   181CD    3039       0       0
  130000000             120000000             120000000             2.7094742E-05         1.0000000E+30                 0       
 NEXT SEEDS:2618D0C0       0       0       0       0       0   181CD    3039       0       0
  135000000             115000000             115000000             2.7093345E-05         1.0000000E+30                 0       
 NEXT SEEDS:278FE3C6       0       0       0       0       0   181CD    3039       0       0
  140000000             110000000             110000000             2.7093062E-05         1.0000000E+30                 0       
 NEXT SEEDS:2906FC7D       0       0       0       0       0   181CD    3039       0       0
  145000000             105000000             105000000             2.7091387E-05         1.0000000E+30                 0       
 NEXT SEEDS:2A7E2492       0       0       0       0       0   181CD    3039       0       0
  150000000             100000000             100000000             2.7090811E-05         1.0000000E+30                 0       
 NEXT SEEDS:2BF554D6       0       0       0       0       0   181CD    3039       0       0
  155000000              95000000              95000000             2.7091693E-05         1.0000000E+30                 0       
 NEXT SEEDS:2D6C6249       0       0       0       0       0   181CD    3039       0       0
  160000000              90000000              90000000             2.7090677E-05         1.0000000E+30                 0       
 NEXT SEEDS:2EE368DF       0       0       0       0       0   181CD    3039       0       0
  *** Emfgeo: Ncoun  2000000000
  165000000              85000000              85000000             2.7089338E-05         1.0000000E+30                 0       
 NEXT SEEDS:305A8632       0       0       0       0       0   181CD    3039       0       0
  170000000              80000000              80000000             2.7088374E-05         1.0000000E+30                 0       
 NEXT SEEDS:31D18D53       0       0       0       0       0   181CD    3039       0       0
  175000000              75000000              75000000             2.7088014E-05         1.0000000E+30                 0       
 NEXT SEEDS:3348B812       0       0       0       0       0   181CD    3039       0       0
  180000000              70000000              70000000             2.7085827E-05         1.0000000E+30                 0       
 NEXT SEEDS:34BFA4F9       0       0       0       0       0   181CD    3039       0       0
  185000000              65000000              65000000             2.7084674E-05         1.0000000E+30                 0       
 NEXT SEEDS:36367C7E       0       0       0       0       0   181CD    3039       0       0
  190000000              60000000              60000000             2.7084152E-05         1.0000000E+30                 0       
 NEXT SEEDS:37AD7639       0       0       0       0       0   181CD    3039       0       0
  195000000              55000000              55000000             2.7084486E-05         1.0000000E+30                 0       
 NEXT SEEDS:392482B2       0       0       0       0       0   181CD    3039       0       0
  200000000              50000000              50000000             2.7084124E-05         1.0000000E+30                 0       
 NEXT SEEDS:3A9BA89A       0       0       0       0       0   181CD    3039       0       0
  205000000              45000000              45000000             2.7085492E-05         1.0000000E+30                 0       
 NEXT SEEDS:  7803F1       1       0       0       0       0   181CD    3039       0       0
  210000000              40000000              40000000             2.7086456E-05         1.0000000E+30                 0       
 NEXT SEEDS: 1EEFB88       1       0       0       0       0   181CD    3039       0       0
  215000000              35000000              35000000             2.7086667E-05         1.0000000E+30                 0       
 NEXT SEEDS: 3663972       1       0       0       0       0   181CD    3039       0       0
  220000000              30000000              30000000             2.7085527E-05         1.0000000E+30                 0       
 NEXT SEEDS: 4DD1152       1       0       0       0       0   181CD    3039       0       0
  225000000              25000000              25000000             2.7083707E-05         1.0000000E+30                 0       
 NEXT SEEDS: 65436CD       1       0       0       0       0   181CD    3039       0       0
  230000000              20000000              20000000             2.7082269E-05         1.0000000E+30                 0       
 NEXT SEEDS: 7CB1C37       1       0       0       0       0   181CD    3039       0       0
  235000000              15000000              15000000             2.7082354E-05         1.0000000E+30                 0       
 NEXT SEEDS: 94231A5       1       0       0       0       0   181CD    3039       0       0
  240000000              10000000              10000000             2.7081899E-05         1.0000000E+30                 0       
 NEXT SEEDS: AB95DBB       1       0       0       0       0   181CD    3039       0       0
  *** Emfgeo: Ncoun  2000000000
  245000000               5000000               5000000             2.7080377E-05         1.0000000E+30                 0       
 NEXT SEEDS: C3062C8       1       0       0       0       0   181CD    3039       0       0
  249999950                    50                    50             2.7079853E-05         1.0000000E+30                 0       
 NEXT SEEDS: DA7971D       1       0       0       0       0   181CD    3039       0       0
  249999951                    49                    49             2.7079853E-05         1.0000000E+30                 0       
 NEXT SEEDS: DA79721       1       0       0       0       0   181CD    3039       0       0
  249999952                    48                    48             2.7079853E-05         1.0000000E+30                 0       
 NEXT SEEDS: DA79725       1       0       0       0       0   181CD    3039       0       0
  249999953                    47                    47             2.7079853E-05         1.0000000E+30                 0       
 NEXT SEEDS: DA79729       1       0       0       0       0   181CD    3039       0       0
  249999954                    46                    46             2.7079853E-05         1.0000000E+30                 0       
 NEXT SEEDS: DA7972D       1       0       0       0       0   181CD    3039       0       0
  249999955                    45                    45             2.7079853E-05         1.0000000E+30                 0       
 NEXT SEEDS: DA79731       1       0       0       0       0   181CD    3039       0       0
  249999956                    44                    44             2.7079853E-05         1.0000000E+30                 0       
 NEXT SEEDS: DA79735       1       0       0       0       0   181CD    3039       0       0
  249999957                    43                    43             2.7079853E-05         1.0000000E+30                 0       
 NEXT SEEDS: DA7973B       1       0       0       0       0   181CD    3039       0       0
  249999958                    42                    42             2.7079854E-05         1.0000000E+30                 0       
 NEXT SEEDS: DA7973F       1       0       0       0       0   181CD    3039       0       0
  249999959                    41                    41             2.7079854E-05         1.0000000E+30                 0       
 NEXT SEEDS: DA79743       1       0       0       0       0   181CD    3039       0       0
  249999960                    40                    40             2.7079854E-05         1.0000000E+30                 0       
 NEXT SEEDS: DA79747       1       0       0       0       0   181CD    3039       0       0
  249999961                    39                    39             2.7079856E-05         1.0000000E+30                 0       
 NEXT SEEDS: DA7974B       1       0       0       0       0   181CD    3039       0       0
  249999962                    38                    38             2.7079858E-05         1.0000000E+30                 0       
 NEXT SEEDS: DA7974F       1       0       0       0       0   181CD    3039       0       0
  249999963                    37                    37             2.7079858E-05         1.0000000E+30                 0       
 NEXT SEEDS: DA79753       1       0       0       0       0   181CD    3039       0       0
  249999964                    36                    36             2.7079858E-05         1.0000000E+30                 0       
 NEXT SEEDS: DA79757       1       0       0       0       0   181CD    3039       0       0
  249999965                    35                    35             2.7079858E-05         1.0000000E+30                 0       
 NEXT SEEDS: DA7975B       1       0       0       0       0   181CD    3039       0       0
  249999966                    34                    34             2.7079859E-05         1.0000000E+30                 0       
 NEXT SEEDS: DA7975F       1       0       0       0       0   181CD    3039       0       0
  249999967                    33                    33             2.7079859E-05         1.0000000E+30                 0       
 NEXT SEEDS: DA79763       1       0       0       0       0   181CD    3039       0       0
  249999968                    32                    32             2.7079861E-05         1.0000000E+30                 0       
 NEXT SEEDS: DA79767       1       0       0       0       0   181CD    3039       0       0
  249999969                    31                    31             2.7079861E-05         1.0000000E+30                 0       
 NEXT SEEDS: DA7976B       1       0       0       0       0   181CD    3039       0       0
  249999970                    30                    30             2.7079861E-05         1.0000000E+30                 0       
 NEXT SEEDS: DA7976F       1       0       0       0       0   181CD    3039       0       0
  249999971                    29                    29             2.7079861E-05         1.0000000E+30                 0       
 NEXT SEEDS: DA79773       1       0       0       0       0   181CD    3039       0       0
  249999972                    28                    28             2.7079863E-05         1.0000000E+30                 0       
 NEXT SEEDS: DA79777       1       0       0       0       0   181CD    3039       0       0
  249999973                    27                    27             2.7079863E-05         1.0000000E+30                 0       
 NEXT SEEDS: DA7977B       1       0       0       0       0   181CD    3039       0       0
  249999974                    26                    26             2.7079862E-05         1.0000000E+30                 0       
 NEXT SEEDS: DA7977F       1       0       0       0       0   181CD    3039       0       0
  249999975                    25                    25             2.7079864E-05         1.0000000E+30                 0       
 NEXT SEEDS: DA79783       1       0       0       0       0   181CD    3039       0       0
  249999976                    24                    24             2.7079866E-05         1.0000000E+30                 0       
 NEXT SEEDS: DA79787       1       0       0       0       0   181CD    3039       0       0
  249999977                    23                    23             2.7079866E-05         1.0000000E+30                 0       
 NEXT SEEDS: DA7978B       1       0       0       0       0   181CD    3039       0       0
  249999978                    22                    22             2.7079866E-05         1.0000000E+30                 0       
 NEXT SEEDS: DA7978F       1       0       0       0       0   181CD    3039       0       0
  249999979                    21                    21             2.7079866E-05         1.0000000E+30                 0       
 NEXT SEEDS: DA79793       1       0       0       0       0   181CD    3039       0       0
  249999980                    20                    20             2.7079866E-05         1.0000000E+30                 0       
 NEXT SEEDS: DA79797       1       0       0       0       0   181CD    3039       0       0
  249999981                    19                    19             2.7079866E-05         1.0000000E+30                 0       
 NEXT SEEDS: DA7979B       1       0       0       0       0   181CD    3039       0       0
  249999982                    18                    18             2.7079866E-05         1.0000000E+30                 0       
 NEXT SEEDS: DA7979F       1       0       0       0       0   181CD    3039       0       0
  249999983                    17                    17             2.7079865E-05         1.0000000E+30                 0       
 NEXT SEEDS: DA797A3       1       0       0       0       0   181CD    3039       0       0
  249999984                    16                    16             2.7079867E-05         1.0000000E+30                 0       
 NEXT SEEDS: DA797A7       1       0       0       0       0   181CD    3039       0       0
  249999985                    15                    15             2.7079867E-05         1.0000000E+30                 0       
 NEXT SEEDS: DA797AB       1       0       0       0       0   181CD    3039       0       0
  249999986                    14                    14             2.7079867E-05         1.0000000E+30                 0       
 NEXT SEEDS: DA797AF       1       0       0       0       0   181CD    3039       0       0
  249999987                    13                    13             2.7079869E-05         1.0000000E+30                 0       
 NEXT SEEDS: DA797B3       1       0       0       0       0   181CD    3039       0       0
  249999988                    12                    12             2.7079871E-05         1.0000000E+30                 0       
 NEXT SEEDS: DA797C5       1       0       0       0       0   181CD    3039       0       0
  249999989                    11                    11             2.7079871E-05         1.0000000E+30                 0       
 NEXT SEEDS: DA797C9       1       0       0       0       0   181CD    3039       0       0
  249999990                    10                    10             2.7079871E-05         1.0000000E+30                 0       
 NEXT SEEDS: DA797CD       1       0       0       0       0   181CD    3039       0       0
  249999991                     9                     9             2.7079870E-05         1.0000000E+30                 0       
 NEXT SEEDS: DA797D1       1       0       0       0       0   181CD    3039       0       0
  249999992                     8                     8             2.7079870E-05         1.0000000E+30                 0       
 NEXT SEEDS: DA797D5       1       0       0       0       0   181CD    3039       0       0
  249999993                     7                     7             2.7079870E-05         1.0000000E+30                 0       
 NEXT SEEDS: DA797D9       1       0       0       0       0   181CD    3039       0       0
  249999994                     6                     6             2.7079870E-05         1.0000000E+30                 0       
 NEXT SEEDS: DA797DD       1       0       0       0       0   181CD    3039       0       0
  249999995                     5                     5             2.7079870E-05         1.0000000E+30                 0       
 NEXT SEEDS: DA797E1       1       0       0       0       0   181CD    3039       0       0
  249999996                     4                     4             2.7079870E-05         1.0000000E+30                 0       
 NEXT SEEDS: DA797E5       1       0       0       0       0   181CD    3039       0       0
  249999997                     3                     3             2.7079872E-05         1.0000000E+30                 0       
 NEXT SEEDS: DA797E9       1       0       0       0       0   181CD    3039       0       0
  249999998                     2                     2             2.7079872E-05         1.0000000E+30                 0       
 NEXT SEEDS: DA797ED       1       0       0       0       0   181CD    3039       0       0
  249999999                     1                     1             2.7079871E-05         1.0000000E+30                 0       
 NEXT SEEDS: DA797F1       1       0       0       0       0   181CD    3039       0       0
  250000000                     0                     1             2.7079873E-05         1.0000000E+30                 0       
 NEXT SEEDS: DA797F5       1       0       0       0       0   181CD    3039       0       0
