1NUMBER OF BEAM       NUMBER OF BEAM        APPROXIMATE NUMBER    AVERAGE TIME USED     TIME LEFT (RESERVED   NUMBER OF STARS
 PARTICLES HANDLED    PARTICLES LEFT        OF BEAM PARTICLES     BY A BEAM PARTICLE     10000.0 SECONDS      CREATED
                                            THAT CAN STILL BE                           FOR PRINTOUT)
                                            HANDLED

 NEXT SEEDS:       0       0       0       0       0       0   181CD    3039       0       0
          1             249999999             249999999             7.4863434E-05         1.0000000E+30                 0       
 NEXT SEEDS:       4       0       0       0       0       0   181CD    3039       0       0
    5000000             245000000             245000000             2.7606284E-05         1.0000000E+30                 0       
 NEXT SEEDS: 17716A4       0       0       0       0       0   181CD    3039       0       0
   10000000             240000000             240000000             2.7611629E-05         1.0000000E+30                 0       
 NEXT SEEDS: 2EE5B97       0       0       0       0       0   181CD    3039       0       0
   15000000             235000000             235000000             2.7611258E-05         1.0000000E+30                 0       
 NEXT SEEDS: 465743E       0       0       0       0       0   181CD    3039       0       0
   20000000             230000000             230000000             2.7594489E-05         1.0000000E+30                 0       
 NEXT SEEDS: 5DC5C6B       0       0       0       0       0   181CD    3039       0       0
   25000000             225000000             225000000             2.7586666E-05         1.0000000E+30                 0       
 NEXT SEEDS: 75370F6       0       0       0       0       0   181CD    3039       0       0
   30000000             220000000             220000000             2.7583143E-05         1.0000000E+30                 0       
 NEXT SEEDS: 8CA6397       0       0       0       0       0   181CD    3039       0       0
   35000000             215000000             215000000             2.7588111E-05         1.0000000E+30                 0       
 NEXT SEEDS: A419101       0       0       0       0       0   181CD    3039       0       0
   40000000             210000000             210000000             2.7590775E-05         1.0000000E+30                 0       
 NEXT SEEDS: BB8AA65       0       0       0       0       0   181CD    3039       0       0
   45000000             205000000             205000000             2.7586760E-05         1.0000000E+30                 0       
 NEXT SEEDS: D2FD8BE       0       0       0       0       0   181CD    3039       0       0
   50000000             200000000             200000000             2.7581402E-05         1.0000000E+30                 0       
 NEXT SEEDS: EA6CF28       0       0       0       0       0   181CD    3039       0       0
   55000000             195000000             195000000             2.7577970E-05         1.0000000E+30                 0       
 NEXT SEEDS:101DC4BC       0       0       0       0       0   181CD    3039       0       0
   60000000             190000000             190000000             2.7576933E-05         1.0000000E+30                 0       
 NEXT SEEDS:119525E4       0       0       0       0       0   181CD    3039       0       0
   65000000             185000000             185000000             2.7577261E-05         1.0000000E+30                 0       
 NEXT SEEDS:130C519F       0       0       0       0       0   181CD    3039       0       0
   70000000             180000000             180000000             2.7574726E-05         1.0000000E+30                 0       
 NEXT SEEDS:14835B77       0       0       0       0       0   181CD    3039       0       0
   75000000             175000000             175000000             2.7577108E-05         1.0000000E+30                 0       
 NEXT SEEDS:15FA9A7F       0       0       0       0       0   181CD    3039       0       0
   80000000             170000000             170000000             2.7574105E-05         1.0000000E+30                 0       
 NEXT SEEDS:1771B6C5       0       0       0       0       0   181CD    3039       0       0
  *** Emfgeo: Ncoun  2000000000
   85000000             165000000             165000000             2.7572060E-05         1.0000000E+30                 0       
 NEXT SEEDS:18E8F531       0       0       0       0       0   181CD    3039       0       0
   90000000             160000000             160000000             2.7572441E-05         1.0000000E+30                 0       
 NEXT SEEDS:1A5FE568       0       0       0       0       0   181CD    3039       0       0
   95000000             155000000             155000000             2.7572748E-05         1.0000000E+30                 0       
 NEXT SEEDS:1BD71E33       0       0       0       0       0   181CD    3039       0       0
  100000000             150000000             150000000             2.7575807E-05         1.0000000E+30                 0       
 NEXT SEEDS:1D4E6015       0       0       0       0       0   181CD    3039       0       0
  105000000             145000000             145000000             2.7578824E-05         1.0000000E+30                 0       
 NEXT SEEDS:1EC580C9       0       0       0       0       0   181CD    3039       0       0
  110000000             140000000             140000000             2.7577576E-05         1.0000000E+30                 0       
 NEXT SEEDS:203C5658       0       0       0       0       0   181CD    3039       0       0
  115000000             135000000             135000000             2.7576120E-05         1.0000000E+30                 0       
 NEXT SEEDS:21B347D1       0       0       0       0       0   181CD    3039       0       0
  120000000             130000000             130000000             2.7574987E-05         1.0000000E+30                 0       
 NEXT SEEDS:232A3C18       0       0       0       0       0   181CD    3039       0       0
  125000000             125000000             125000000             2.7571907E-05         1.0000000E+30                 0       
 NEXT SEEDS:24A14785       0       0       0       0       0   181CD    3039       0       0
  130000000             120000000             120000000             2.7572890E-05         1.0000000E+30                 0       
 NEXT SEEDS:26187FFD       0       0       0       0       0   181CD    3039       0       0
  135000000             115000000             115000000             2.7575318E-05         1.0000000E+30                 0       
 NEXT SEEDS:278FA278       0       0       0       0       0   181CD    3039       0       0
  140000000             110000000             110000000             2.7576112E-05         1.0000000E+30                 0       
 NEXT SEEDS:2906C087       0       0       0       0       0   181CD    3039       0       0
  145000000             105000000             105000000             2.7575115E-05         1.0000000E+30                 0       
 NEXT SEEDS:2A7DCBD2       0       0       0       0       0   181CD    3039       0       0
  150000000             100000000             100000000             2.7574075E-05         1.0000000E+30                 0       
 NEXT SEEDS:2BF4E3EB       0       0       0       0       0   181CD    3039       0       0
  155000000              95000000              95000000             2.7574861E-05         1.0000000E+30                 0       
 NEXT SEEDS:2D6C1B07       0       0       0       0       0   181CD    3039       0       0
  160000000              90000000              90000000             2.7575164E-05         1.0000000E+30                 0       
 NEXT SEEDS:2EE34CB3       0       0       0       0       0   181CD    3039       0       0
  *** Emfgeo: Ncoun  2000000000
  165000000              85000000              85000000             2.7574363E-05         1.0000000E+30                 0       
 NEXT SEEDS:305A2CF2       0       0       0       0       0   181CD    3039       0       0
  170000000              80000000              80000000             2.7574706E-05         1.0000000E+30                 0       
 NEXT SEEDS:31D152A9       0       0       0       0       0   181CD    3039       0       0
  175000000              75000000              75000000             2.7574464E-05         1.0000000E+30                 0       
 NEXT SEEDS:33484BE3       0       0       0       0       0   181CD    3039       0       0
  180000000              70000000              70000000             2.7572989E-05         1.0000000E+30                 0       
 NEXT SEEDS:34BF2EB7       0       0       0       0       0   181CD    3039       0       0
  185000000              65000000              65000000             2.7570230E-05         1.0000000E+30                 0       
 NEXT SEEDS:36363E2F       0       0       0       0       0   181CD    3039       0       0
  190000000              60000000              60000000             2.7569240E-05         1.0000000E+30                 0       
 NEXT SEEDS:37AD9DCC       0       0       0       0       0   181CD    3039       0       0
  195000000              55000000              55000000             2.7568131E-05         1.0000000E+30                 0       
 NEXT SEEDS:3924AD7C       0       0       0       0       0   181CD    3039       0       0
  200000000              50000000              50000000             2.7565673E-05         1.0000000E+30                 0       
 NEXT SEEDS:3A9B9DD8       0       0       0       0       0   181CD    3039       0       0
  205000000              45000000              45000000             2.7565613E-05         1.0000000E+30                 0       
 NEXT SEEDS:  77BD04       1       0       0       0       0   181CD    3039       0       0
  210000000              40000000              40000000             2.7566441E-05         1.0000000E+30                 0       
 NEXT SEEDS: 1EEDCC4       1       0       0       0       0   181CD    3039       0       0
  215000000              35000000              35000000             2.7567450E-05         1.0000000E+30                 0       
 NEXT SEEDS: 365FE4C       1       0       0       0       0   181CD    3039       0       0
  220000000              30000000              30000000             2.7567913E-05         1.0000000E+30                 0       
 NEXT SEEDS: 4DCEF29       1       0       0       0       0   181CD    3039       0       0
  225000000              25000000              25000000             2.7567087E-05         1.0000000E+30                 0       
 NEXT SEEDS: 6540BBA       1       0       0       0       0   181CD    3039       0       0
  230000000              20000000              20000000             2.7565788E-05         1.0000000E+30                 0       
 NEXT SEEDS: 7CB2FD1       1       0       0       0       0   181CD    3039       0       0
  235000000              15000000              15000000             2.7566634E-05         1.0000000E+30                 0       
 NEXT SEEDS: 94258E0       1       0       0       0       0   181CD    3039       0       0
  240000000              10000000              10000000             2.7567362E-05         1.0000000E+30                 0       
 NEXT SEEDS: AB99E23       1       0       0       0       0   181CD    3039       0       0
  *** Emfgeo: Ncoun  2000000000
  245000000               5000000               5000000             2.7568253E-05         1.0000000E+30                 0       
 NEXT SEEDS: C3083BA       1       0       0       0       0   181CD    3039       0       0
  249999950                    50                    50             2.7570075E-05         1.0000000E+30                 0       
 NEXT SEEDS: DA7B7BD       1       0       0       0       0   181CD    3039       0       0
  249999951                    49                    49             2.7570075E-05         1.0000000E+30                 0       
 NEXT SEEDS: DA7B7C1       1       0       0       0       0   181CD    3039       0       0
  249999952                    48                    48             2.7570077E-05         1.0000000E+30                 0       
 NEXT SEEDS: DA7B7C5       1       0       0       0       0   181CD    3039       0       0
  249999953                    47                    47             2.7570077E-05         1.0000000E+30                 0       
 NEXT SEEDS: DA7B7C9       1       0       0       0       0   181CD    3039       0       0
  249999954                    46                    46             2.7570079E-05         1.0000000E+30                 0       
 NEXT SEEDS: DA7B7CD       1       0       0       0       0   181CD    3039       0       0
  249999955                    45                    45             2.7570079E-05         1.0000000E+30                 0       
 NEXT SEEDS: DA7B7D1       1       0       0       0       0   181CD    3039       0       0
  249999956                    44                    44             2.7570079E-05         1.0000000E+30                 0       
 NEXT SEEDS: DA7B7D5       1       0       0       0       0   181CD    3039       0       0
  249999957                    43                    43             2.7570079E-05         1.0000000E+30                 0       
 NEXT SEEDS: DA7B7D9       1       0       0       0       0   181CD    3039       0       0
  249999958                    42                    42             2.7570078E-05         1.0000000E+30                 0       
 NEXT SEEDS: DA7B7DD       1       0       0       0       0   181CD    3039       0       0
  249999959                    41                    41             2.7570078E-05         1.0000000E+30                 0       
 NEXT SEEDS: DA7B7E1       1       0       0       0       0   181CD    3039       0       0
  249999960                    40                    40             2.7570078E-05         1.0000000E+30                 0       
 NEXT SEEDS: DA7B7E5       1       0       0       0       0   181CD    3039       0       0
  249999961                    39                    39             2.7570078E-05         1.0000000E+30                 0       
 NEXT SEEDS: DA7B7E9       1       0       0       0       0   181CD    3039       0       0
  249999962                    38                    38             2.7570078E-05         1.0000000E+30                 0       
 NEXT SEEDS: DA7B7ED       1       0       0       0       0   181CD    3039       0       0
  249999963                    37                    37             2.7570078E-05         1.0000000E+30                 0       
 NEXT SEEDS: DA7B7F1       1       0       0       0       0   181CD    3039       0       0
  249999964                    36                    36             2.7570078E-05         1.0000000E+30                 0       
 NEXT SEEDS: DA7B7F5       1       0       0       0       0   181CD    3039       0       0
  249999965                    35                    35             2.7570078E-05         1.0000000E+30                 0       
 NEXT SEEDS: DA7B7F9       1       0       0       0       0   181CD    3039       0       0
  249999966                    34                    34             2.7570078E-05         1.0000000E+30                 0       
 NEXT SEEDS: DA7B7FD       1       0       0       0       0   181CD    3039       0       0
  249999967                    33                    33             2.7570077E-05         1.0000000E+30                 0       
 NEXT SEEDS: DA7B801       1       0       0       0       0   181CD    3039       0       0
  249999968                    32                    32             2.7570077E-05         1.0000000E+30                 0       
 NEXT SEEDS: DA7B805       1       0       0       0       0   181CD    3039       0       0
  249999969                    31                    31             2.7570077E-05         1.0000000E+30                 0       
 NEXT SEEDS: DA7B809       1       0       0       0       0   181CD    3039       0       0
  249999970                    30                    30             2.7570077E-05         1.0000000E+30                 0       
 NEXT SEEDS: DA7B80D       1       0       0       0       0   181CD    3039       0       0
  249999971                    29                    29             2.7570077E-05         1.0000000E+30                 0       
 NEXT SEEDS: DA7B811       1       0       0       0       0   181CD    3039       0       0
  249999972                    28                    28             2.7570077E-05         1.0000000E+30                 0       
 NEXT SEEDS: DA7B815       1       0       0       0       0   181CD    3039       0       0
  249999973                    27                    27             2.7570077E-05         1.0000000E+30                 0       
 NEXT SEEDS: DA7B819       1       0       0       0       0   181CD    3039       0       0
  249999974                    26                    26             2.7570077E-05         1.0000000E+30                 0       
 NEXT SEEDS: DA7B81D       1       0       0       0       0   181CD    3039       0       0
  249999975                    25                    25             2.7570077E-05         1.0000000E+30                 0       
 NEXT SEEDS: DA7B821       1       0       0       0       0   181CD    3039       0       0
  249999976                    24                    24             2.7570076E-05         1.0000000E+30                 0       
 NEXT SEEDS: DA7B825       1       0       0       0       0   181CD    3039       0       0
  249999977                    23                    23             2.7570076E-05         1.0000000E+30                 0       
 NEXT SEEDS: DA7B829       1       0       0       0       0   181CD    3039       0       0
  249999978                    22                    22             2.7570076E-05         1.0000000E+30                 0       
 NEXT SEEDS: DA7B82D       1       0       0       0       0   181CD    3039       0       0
  249999979                    21                    21             2.7570076E-05         1.0000000E+30                 0       
 NEXT SEEDS: DA7B831       1       0       0       0       0   181CD    3039       0       0
  249999980                    20                    20             2.7570076E-05         1.0000000E+30                 0       
 NEXT SEEDS: DA7B835       1       0       0       0       0   181CD    3039       0       0
  249999981                    19                    19             2.7570076E-05         1.0000000E+30                 0       
 NEXT SEEDS: DA7B839       1       0       0       0       0   181CD    3039       0       0
  249999982                    18                    18             2.7570076E-05         1.0000000E+30                 0       
 NEXT SEEDS: DA7B83D       1       0       0       0       0   181CD    3039       0       0
  249999983                    17                    17             2.7570078E-05         1.0000000E+30                 0       
 NEXT SEEDS: DA7B841       1       0       0       0       0   181CD    3039       0       0
  249999984                    16                    16             2.7570078E-05         1.0000000E+30                 0       
 NEXT SEEDS: DA7B845       1       0       0       0       0   181CD    3039       0       0
  249999985                    15                    15             2.7570077E-05         1.0000000E+30                 0       
 NEXT SEEDS: DA7B849       1       0       0       0       0   181CD    3039       0       0
  249999986                    14                    14             2.7570079E-05         1.0000000E+30                 0       
 NEXT SEEDS: DA7B84D       1       0       0       0       0   181CD    3039       0       0
  249999987                    13                    13             2.7570079E-05         1.0000000E+30                 0       
 NEXT SEEDS: DA7B851       1       0       0       0       0   181CD    3039       0       0
  249999988                    12                    12             2.7570081E-05         1.0000000E+30                 0       
 NEXT SEEDS: DA7B866       1       0       0       0       0   181CD    3039       0       0
  249999989                    11                    11             2.7570083E-05         1.0000000E+30                 0       
 NEXT SEEDS: DA7B86A       1       0       0       0       0   181CD    3039       0       0
  249999990                    10                    10             2.7570083E-05         1.0000000E+30                 0       
 NEXT SEEDS: DA7B86E       1       0       0       0       0   181CD    3039       0       0
  249999991                     9                     9             2.7570083E-05         1.0000000E+30                 0       
 NEXT SEEDS: DA7B872       1       0       0       0       0   181CD    3039       0       0
  249999992                     8                     8             2.7570084E-05         1.0000000E+30                 0       
 NEXT SEEDS: DA7B876       1       0       0       0       0   181CD    3039       0       0
  249999993                     7                     7             2.7570084E-05         1.0000000E+30                 0       
 NEXT SEEDS: DA7B87C       1       0       0       0       0   181CD    3039       0       0
  249999994                     6                     6             2.7570086E-05         1.0000000E+30                 0       
 NEXT SEEDS: DA7B880       1       0       0       0       0   181CD    3039       0       0
  249999995                     5                     5             2.7570086E-05         1.0000000E+30                 0       
 NEXT SEEDS: DA7B884       1       0       0       0       0   181CD    3039       0       0
  249999996                     4                     4             2.7570088E-05         1.0000000E+30                 0       
 NEXT SEEDS: DA7B88A       1       0       0       0       0   181CD    3039       0       0
  249999997                     3                     3             2.7570088E-05         1.0000000E+30                 0       
 NEXT SEEDS: DA7B88E       1       0       0       0       0   181CD    3039       0       0
  249999998                     2                     2             2.7570090E-05         1.0000000E+30                 0       
 NEXT SEEDS: DA7B892       1       0       0       0       0   181CD    3039       0       0
  249999999                     1                     1             2.7570090E-05         1.0000000E+30                 0       
 NEXT SEEDS: DA7B896       1       0       0       0       0   181CD    3039       0       0
  250000000                     0                     1             2.7570089E-05         1.0000000E+30                 0       
 NEXT SEEDS: DA7B89A       1       0       0       0       0   181CD    3039       0       0
