1NUMBER OF BEAM       NUMBER OF BEAM        APPROXIMATE NUMBER    AVERAGE TIME USED     TIME LEFT (RESERVED   NUMBER OF STARS
 PARTICLES HANDLED    PARTICLES LEFT        OF BEAM PARTICLES     BY A BEAM PARTICLE     10000.0 SECONDS      CREATED
                                            THAT CAN STILL BE                           FOR PRINTOUT)
                                            HANDLED

 NEXT SEEDS:       0       0       0       0       0       0   181CD    3039       0       0
          1             249999999             249999999             7.6055527E-05         1.0000000E+30                 0       
 NEXT SEEDS:       4       0       0       0       0       0   181CD    3039       0       0
    5000000             245000000             245000000             2.7156156E-05         1.0000000E+30                 0       
 NEXT SEEDS: 177377F       0       0       0       0       0   181CD    3039       0       0
   10000000             240000000             240000000             2.7158130E-05         1.0000000E+30                 0       
 NEXT SEEDS: 2EE190F       0       0       0       0       0   181CD    3039       0       0
   15000000             235000000             235000000             2.7154448E-05         1.0000000E+30                 0       
 NEXT SEEDS: 4653130       0       0       0       0       0   181CD    3039       0       0
   20000000             230000000             230000000             2.7149275E-05         1.0000000E+30                 0       
 NEXT SEEDS: 5DC5C7D       0       0       0       0       0   181CD    3039       0       0
   25000000             225000000             225000000             2.7139420E-05         1.0000000E+30                 0       
 NEXT SEEDS: 75360E0       0       0       0       0       0   181CD    3039       0       0
   30000000             220000000             220000000             2.7134221E-05         1.0000000E+30                 0       
 NEXT SEEDS: 8CA3B29       0       0       0       0       0   181CD    3039       0       0
   35000000             215000000             215000000             2.7140786E-05         1.0000000E+30                 0       
 NEXT SEEDS: A4160C7       0       0       0       0       0   181CD    3039       0       0
   40000000             210000000             210000000             2.7141280E-05         1.0000000E+30                 0       
 NEXT SEEDS: BB8A315       0       0       0       0       0   181CD    3039       0       0
   45000000             205000000             205000000             2.7144881E-05         1.0000000E+30                 0       
 NEXT SEEDS: D2FEAAB       0       0       0       0       0   181CD    3039       0       0
   50000000             200000000             200000000             2.7148330E-05         1.0000000E+30                 0       
 NEXT SEEDS: EA72B54       0       0       0       0       0   181CD    3039       0       0
   55000000             195000000             195000000             2.7157277E-05         1.0000000E+30                 0       
 NEXT SEEDS:101E6219       0       0       0       0       0   181CD    3039       0       0
   60000000             190000000             190000000             2.7178122E-05         1.0000000E+30                 0       
 NEXT SEEDS:11956DE3       0       0       0       0       0   181CD    3039       0       0
   65000000             185000000             185000000             2.7176866E-05         1.0000000E+30                 0       
 NEXT SEEDS:130C906E       0       0       0       0       0   181CD    3039       0       0
   70000000             180000000             180000000             2.7172019E-05         1.0000000E+30                 0       
 NEXT SEEDS:1483A168       0       0       0       0       0   181CD    3039       0       0
   75000000             175000000             175000000             2.7173343E-05         1.0000000E+30                 0       
 NEXT SEEDS:15FACBE8       0       0       0       0       0   181CD    3039       0       0
   80000000             170000000             170000000             2.7171034E-05         1.0000000E+30                 0       
 NEXT SEEDS:1771D601       0       0       0       0       0   181CD    3039       0       0
  *** Emfgeo: Ncoun  2000000000
   85000000             165000000             165000000             2.7170678E-05         1.0000000E+30                 0       
 NEXT SEEDS:18E9281A       0       0       0       0       0   181CD    3039       0       0
   90000000             160000000             160000000             2.7169652E-05         1.0000000E+30                 0       
 NEXT SEEDS:1A60072A       0       0       0       0       0   181CD    3039       0       0
   95000000             155000000             155000000             2.7169558E-05         1.0000000E+30                 0       
 NEXT SEEDS:1BD6F55D       0       0       0       0       0   181CD    3039       0       0
  100000000             150000000             150000000             2.7166917E-05         1.0000000E+30                 0       
 NEXT SEEDS:1D4E094B       0       0       0       0       0   181CD    3039       0       0
  105000000             145000000             145000000             2.7164587E-05         1.0000000E+30                 0       
 NEXT SEEDS:1EC50942       0       0       0       0       0   181CD    3039       0       0
  110000000             140000000             140000000             2.7163635E-05         1.0000000E+30                 0       
 NEXT SEEDS:203C1399       0       0       0       0       0   181CD    3039       0       0
  115000000             135000000             135000000             2.7159892E-05         1.0000000E+30                 0       
 NEXT SEEDS:21B2B3D3       0       0       0       0       0   181CD    3039       0       0
  120000000             130000000             130000000             2.7157353E-05         1.0000000E+30                 0       
 NEXT SEEDS:2329C23E       0       0       0       0       0   181CD    3039       0       0
  125000000             125000000             125000000             2.7159245E-05         1.0000000E+30                 0       
 NEXT SEEDS:24A0D6C8       0       0       0       0       0   181CD    3039       0       0
  130000000             120000000             120000000             2.7156454E-05         1.0000000E+30                 0       
 NEXT SEEDS:2617BFA8       0       0       0       0       0   181CD    3039       0       0
  135000000             115000000             115000000             2.7159719E-05         1.0000000E+30                 0       
 NEXT SEEDS:278EA7A8       0       0       0       0       0   181CD    3039       0       0
  140000000             110000000             110000000             2.7159728E-05         1.0000000E+30                 0       
 NEXT SEEDS:2905F883       0       0       0       0       0   181CD    3039       0       0
  145000000             105000000             105000000             2.7159347E-05         1.0000000E+30                 0       
 NEXT SEEDS:2A7D0379       0       0       0       0       0   181CD    3039       0       0
  150000000             100000000             100000000             2.7158957E-05         1.0000000E+30                 0       
 NEXT SEEDS:2BF4342E       0       0       0       0       0   181CD    3039       0       0
  155000000              95000000              95000000             2.7159788E-05         1.0000000E+30                 0       
 NEXT SEEDS:2D6B4695       0       0       0       0       0   181CD    3039       0       0
  160000000              90000000              90000000             2.7159269E-05         1.0000000E+30                 0       
 NEXT SEEDS:2EE26424       0       0       0       0       0   181CD    3039       0       0
  *** Emfgeo: Ncoun  2000000000
  165000000              85000000              85000000             2.7160618E-05         1.0000000E+30                 0       
 NEXT SEEDS:3059900E       0       0       0       0       0   181CD    3039       0       0
  170000000              80000000              80000000             2.7166519E-05         1.0000000E+30                 0       
 NEXT SEEDS:31D0A3E4       0       0       0       0       0   181CD    3039       0       0
  175000000              75000000              75000000             2.7173689E-05         1.0000000E+30                 0       
 NEXT SEEDS:33479E64       0       0       0       0       0   181CD    3039       0       0
  180000000              70000000              70000000             2.7172480E-05         1.0000000E+30                 0       
 NEXT SEEDS:34BE8060       0       0       0       0       0   181CD    3039       0       0
  185000000              65000000              65000000             2.7170653E-05         1.0000000E+30                 0       
 NEXT SEEDS:36356509       0       0       0       0       0   181CD    3039       0       0
  190000000              60000000              60000000             2.7171367E-05         1.0000000E+30                 0       
 NEXT SEEDS:37AC9C45       0       0       0       0       0   181CD    3039       0       0
  195000000              55000000              55000000             2.7171380E-05         1.0000000E+30                 0       
 NEXT SEEDS:3923D307       0       0       0       0       0   181CD    3039       0       0
  200000000              50000000              50000000             2.7170335E-05         1.0000000E+30                 0       
 NEXT SEEDS:3A9B0926       0       0       0       0       0   181CD    3039       0       0
  205000000              45000000              45000000             2.7169525E-05         1.0000000E+30                 0       
 NEXT SEEDS:  772B16       1       0       0       0       0   181CD    3039       0       0
  210000000              40000000              40000000             2.7168262E-05         1.0000000E+30                 0       
 NEXT SEEDS: 1EE31D8       1       0       0       0       0   181CD    3039       0       0
  215000000              35000000              35000000             2.7167256E-05         1.0000000E+30                 0       
 NEXT SEEDS: 3652953       1       0       0       0       0   181CD    3039       0       0
  220000000              30000000              30000000             2.7167228E-05         1.0000000E+30                 0       
 NEXT SEEDS: 4DC4EBE       1       0       0       0       0   181CD    3039       0       0
  225000000              25000000              25000000             2.7170853E-05         1.0000000E+30                 0       
 NEXT SEEDS: 65344F3       1       0       0       0       0   181CD    3039       0       0
  230000000              20000000              20000000             2.7171016E-05         1.0000000E+30                 0       
 NEXT SEEDS: 7CA7D0A       1       0       0       0       0   181CD    3039       0       0
  235000000              15000000              15000000             2.7172453E-05         1.0000000E+30                 0       
 NEXT SEEDS: 941E004       1       0       0       0       0   181CD    3039       0       0
  240000000              10000000              10000000             2.7171772E-05         1.0000000E+30                 0       
 NEXT SEEDS: AB920B6       1       0       0       0       0   181CD    3039       0       0
  *** Emfgeo: Ncoun  2000000000
  245000000               5000000               5000000             2.7170098E-05         1.0000000E+30                 0       
 NEXT SEEDS: C302619       1       0       0       0       0   181CD    3039       0       0
  249999950                    50                    50             2.7169930E-05         1.0000000E+30                 0       
 NEXT SEEDS: DA74D84       1       0       0       0       0   181CD    3039       0       0
  249999951                    49                    49             2.7169930E-05         1.0000000E+30                 0       
 NEXT SEEDS: DA74D88       1       0       0       0       0   181CD    3039       0       0
  249999952                    48                    48             2.7169929E-05         1.0000000E+30                 0       
 NEXT SEEDS: DA74D8C       1       0       0       0       0   181CD    3039       0       0
  249999953                    47                    47             2.7169929E-05         1.0000000E+30                 0       
 NEXT SEEDS: DA74D90       1       0       0       0       0   181CD    3039       0       0
  249999954                    46                    46             2.7169929E-05         1.0000000E+30                 0       
 NEXT SEEDS: DA74D94       1       0       0       0       0   181CD    3039       0       0
  249999955                    45                    45             2.7169929E-05         1.0000000E+30                 0       
 NEXT SEEDS: DA74D98       1       0       0       0       0   181CD    3039       0       0
  249999956                    44                    44             2.7169929E-05         1.0000000E+30                 0       
 NEXT SEEDS: DA74D9C       1       0       0       0       0   181CD    3039       0       0
  249999957                    43                    43             2.7169929E-05         1.0000000E+30                 0       
 NEXT SEEDS: DA74DA0       1       0       0       0       0   181CD    3039       0       0
  249999958                    42                    42             2.7169929E-05         1.0000000E+30                 0       
 NEXT SEEDS: DA74DA4       1       0       0       0       0   181CD    3039       0       0
  249999959                    41                    41             2.7169929E-05         1.0000000E+30                 0       
 NEXT SEEDS: DA74DA8       1       0       0       0       0   181CD    3039       0       0
  249999960                    40                    40             2.7169929E-05         1.0000000E+30                 0       
 NEXT SEEDS: DA74DAC       1       0       0       0       0   181CD    3039       0       0
  249999961                    39                    39             2.7169930E-05         1.0000000E+30                 0       
 NEXT SEEDS: DA74DCF       1       0       0       0       0   181CD    3039       0       0
  249999962                    38                    38             2.7169930E-05         1.0000000E+30                 0       
 NEXT SEEDS: DA74DD3       1       0       0       0       0   181CD    3039       0       0
  249999963                    37                    37             2.7169930E-05         1.0000000E+30                 0       
 NEXT SEEDS: DA74DD7       1       0       0       0       0   181CD    3039       0       0
  249999964                    36                    36             2.7169930E-05         1.0000000E+30                 0       
 NEXT SEEDS: DA74DF1       1       0       0       0       0   181CD    3039       0       0
  249999965                    35                    35             2.7169930E-05         1.0000000E+30                 0       
 NEXT SEEDS: DA74DF5       1       0       0       0       0   181CD    3039       0       0
  249999966                    34                    34             2.7169930E-05         1.0000000E+30                 0       
 NEXT SEEDS: DA74DF9       1       0       0       0       0   181CD    3039       0       0
  249999967                    33                    33             2.7169930E-05         1.0000000E+30                 0       
 NEXT SEEDS: DA74DFD       1       0       0       0       0   181CD    3039       0       0
  249999968                    32                    32             2.7169930E-05         1.0000000E+30                 0       
 NEXT SEEDS: DA74E01       1       0       0       0       0   181CD    3039       0       0
  249999969                    31                    31             2.7169930E-05         1.0000000E+30                 0       
 NEXT SEEDS: DA74E05       1       0       0       0       0   181CD    3039       0       0
  249999970                    30                    30             2.7169929E-05         1.0000000E+30                 0       
 NEXT SEEDS: DA74E09       1       0       0       0       0   181CD    3039       0       0
  249999971                    29                    29             2.7169929E-05         1.0000000E+30                 0       
 NEXT SEEDS: DA74E0D       1       0       0       0       0   181CD    3039       0       0
  249999972                    28                    28             2.7169929E-05         1.0000000E+30                 0       
 NEXT SEEDS: DA74E11       1       0       0       0       0   181CD    3039       0       0
  249999973                    27                    27             2.7169929E-05         1.0000000E+30                 0       
 NEXT SEEDS: DA74E15       1       0       0       0       0   181CD    3039       0       0
  249999974                    26                    26             2.7169929E-05         1.0000000E+30                 0       
 NEXT SEEDS: DA74E19       1       0       0       0       0   181CD    3039       0       0
  249999975                    25                    25             2.7169929E-05         1.0000000E+30                 0       
 NEXT SEEDS: DA74E1D       1       0       0       0       0   181CD    3039       0       0
  249999976                    24                    24             2.7169929E-05         1.0000000E+30                 0       
 NEXT SEEDS: DA74E23       1       0       0       0       0   181CD    3039       0       0
  249999977                    23                    23             2.7169929E-05         1.0000000E+30                 0       
 NEXT SEEDS: DA74E27       1       0       0       0       0   181CD    3039       0       0
  249999978                    22                    22             2.7169929E-05         1.0000000E+30                 0       
 NEXT SEEDS: DA74E2B       1       0       0       0       0   181CD    3039       0       0
  249999979                    21                    21             2.7169928E-05         1.0000000E+30                 0       
 NEXT SEEDS: DA74E2F       1       0       0       0       0   181CD    3039       0       0
  249999980                    20                    20             2.7169928E-05         1.0000000E+30                 0       
 NEXT SEEDS: DA74E35       1       0       0       0       0   181CD    3039       0       0
  249999981                    19                    19             2.7169928E-05         1.0000000E+30                 0       
 NEXT SEEDS: DA74E39       1       0       0       0       0   181CD    3039       0       0
  249999982                    18                    18             2.7169928E-05         1.0000000E+30                 0       
 NEXT SEEDS: DA74E3D       1       0       0       0       0   181CD    3039       0       0
  249999983                    17                    17             2.7169928E-05         1.0000000E+30                 0       
 NEXT SEEDS: DA74E41       1       0       0       0       0   181CD    3039       0       0
  249999984                    16                    16             2.7169928E-05         1.0000000E+30                 0       
 NEXT SEEDS: DA74E45       1       0       0       0       0   181CD    3039       0       0
  249999985                    15                    15             2.7169928E-05         1.0000000E+30                 0       
 NEXT SEEDS: DA74E49       1       0       0       0       0   181CD    3039       0       0
  249999986                    14                    14             2.7169928E-05         1.0000000E+30                 0       
 NEXT SEEDS: DA74E4D       1       0       0       0       0   181CD    3039       0       0
  249999987                    13                    13             2.7169928E-05         1.0000000E+30                 0       
 NEXT SEEDS: DA74E51       1       0       0       0       0   181CD    3039       0       0
  249999988                    12                    12             2.7169927E-05         1.0000000E+30                 0       
 NEXT SEEDS: DA74E55       1       0       0       0       0   181CD    3039       0       0
  249999989                    11                    11             2.7169929E-05         1.0000000E+30                 0       
 NEXT SEEDS: DA74E59       1       0       0       0       0   181CD    3039       0       0
  249999990                    10                    10             2.7169929E-05         1.0000000E+30                 0       
 NEXT SEEDS: DA74E5D       1       0       0       0       0   181CD    3039       0       0
  249999991                     9                     9             2.7169929E-05         1.0000000E+30                 0       
 NEXT SEEDS: DA74E61       1       0       0       0       0   181CD    3039       0       0
  249999992                     8                     8             2.7169931E-05         1.0000000E+30                 0       
 NEXT SEEDS: DA74E65       1       0       0       0       0   181CD    3039       0       0
  249999993                     7                     7             2.7169931E-05         1.0000000E+30                 0       
 NEXT SEEDS: DA74E69       1       0       0       0       0   181CD    3039       0       0
  249999994                     6                     6             2.7169931E-05         1.0000000E+30                 0       
 NEXT SEEDS: DA74E6D       1       0       0       0       0   181CD    3039       0       0
  249999995                     5                     5             2.7169931E-05         1.0000000E+30                 0       
 NEXT SEEDS: DA74E71       1       0       0       0       0   181CD    3039       0       0
  249999996                     4                     4             2.7169930E-05         1.0000000E+30                 0       
 NEXT SEEDS: DA74E77       1       0       0       0       0   181CD    3039       0       0
  249999997                     3                     3             2.7169930E-05         1.0000000E+30                 0       
 NEXT SEEDS: DA74E93       1       0       0       0       0   181CD    3039       0       0
  249999998                     2                     2             2.7169930E-05         1.0000000E+30                 0       
 NEXT SEEDS: DA74E97       1       0       0       0       0   181CD    3039       0       0
  249999999                     1                     1             2.7169930E-05         1.0000000E+30                 0       
 NEXT SEEDS: DA74E9B       1       0       0       0       0   181CD    3039       0       0
  250000000                     0                     1             2.7169930E-05         1.0000000E+30                 0       
 NEXT SEEDS: DA74E9F       1       0       0       0       0   181CD    3039       0       0
