1NUMBER OF BEAM       NUMBER OF BEAM        APPROXIMATE NUMBER    AVERAGE TIME USED     TIME LEFT (RESERVED   NUMBER OF STARS
 PARTICLES HANDLED    PARTICLES LEFT        OF BEAM PARTICLES     BY A BEAM PARTICLE     10000.0 SECONDS      CREATED
                                            THAT CAN STILL BE                           FOR PRINTOUT)
                                            HANDLED

 NEXT SEEDS:       0       0       0       0       0       0   181CD    3039       0       0
          1             249999999             249999999             7.6055527E-05         1.0000000E+30                 0       
 NEXT SEEDS:       4       0       0       0       0       0   181CD    3039       0       0
    5000000             245000000             245000000             2.7219503E-05         1.0000000E+30                 0       
 NEXT SEEDS: 176FDAC       0       0       0       0       0   181CD    3039       0       0
   10000000             240000000             240000000             2.7224418E-05         1.0000000E+30                 0       
 NEXT SEEDS: 2EE0E91       0       0       0       0       0   181CD    3039       0       0
   15000000             235000000             235000000             2.7239419E-05         1.0000000E+30                 0       
 NEXT SEEDS: 4654914       0       0       0       0       0   181CD    3039       0       0
   20000000             230000000             230000000             2.7215226E-05         1.0000000E+30                 0       
 NEXT SEEDS: 5DC3877       0       0       0       0       0   181CD    3039       0       0
   25000000             225000000             225000000             2.7221014E-05         1.0000000E+30                 0       
 NEXT SEEDS: 7536091       0       0       0       0       0   181CD    3039       0       0
   30000000             220000000             220000000             2.7224618E-05         1.0000000E+30                 0       
 NEXT SEEDS: 8CAA6F0       0       0       0       0       0   181CD    3039       0       0
   35000000             215000000             215000000             2.7213027E-05         1.0000000E+30                 0       
 NEXT SEEDS: A419871       0       0       0       0       0   181CD    3039       0       0
   40000000             210000000             210000000             2.7215427E-05         1.0000000E+30                 0       
 NEXT SEEDS: BB8BA1B       0       0       0       0       0   181CD    3039       0       0
   45000000             205000000             205000000             2.7211678E-05         1.0000000E+30                 0       
 NEXT SEEDS: D2FDCEF       0       0       0       0       0   181CD    3039       0       0
   50000000             200000000             200000000             2.7218013E-05         1.0000000E+30                 0       
 NEXT SEEDS: EA733BB       0       0       0       0       0   181CD    3039       0       0
   55000000             195000000             195000000             2.7209759E-05         1.0000000E+30                 0       
 NEXT SEEDS:101E3D0E       0       0       0       0       0   181CD    3039       0       0
   60000000             190000000             190000000             2.7214258E-05         1.0000000E+30                 0       
 NEXT SEEDS:11954B3C       0       0       0       0       0   181CD    3039       0       0
   65000000             185000000             185000000             2.7213349E-05         1.0000000E+30                 0       
 NEXT SEEDS:130C288A       0       0       0       0       0   181CD    3039       0       0
   70000000             180000000             180000000             2.7216415E-05         1.0000000E+30                 0       
 NEXT SEEDS:1483496D       0       0       0       0       0   181CD    3039       0       0
   75000000             175000000             175000000             2.7217167E-05         1.0000000E+30                 0       
 NEXT SEEDS:15FA88A3       0       0       0       0       0   181CD    3039       0       0
   80000000             170000000             170000000             2.7222147E-05         1.0000000E+30                 0       
 NEXT SEEDS:1771C283       0       0       0       0       0   181CD    3039       0       0
  *** Emfgeo: Ncoun  2000000000
   85000000             165000000             165000000             2.7221059E-05         1.0000000E+30                 0       
 NEXT SEEDS:18E8EF8D       0       0       0       0       0   181CD    3039       0       0
   90000000             160000000             160000000             2.7217977E-05         1.0000000E+30                 0       
 NEXT SEEDS:1A601D88       0       0       0       0       0   181CD    3039       0       0
   95000000             155000000             155000000             2.7215746E-05         1.0000000E+30                 0       
 NEXT SEEDS:1BD7232B       0       0       0       0       0   181CD    3039       0       0
  100000000             150000000             150000000             2.7217571E-05         1.0000000E+30                 0       
 NEXT SEEDS:1D4E5BF9       0       0       0       0       0   181CD    3039       0       0
  105000000             145000000             145000000             2.7218127E-05         1.0000000E+30                 0       
 NEXT SEEDS:1EC56F2B       0       0       0       0       0   181CD    3039       0       0
  110000000             140000000             140000000             2.7216544E-05         1.0000000E+30                 0       
 NEXT SEEDS:203C568E       0       0       0       0       0   181CD    3039       0       0
  115000000             135000000             135000000             2.7217003E-05         1.0000000E+30                 0       
 NEXT SEEDS:21B37A82       0       0       0       0       0   181CD    3039       0       0
  120000000             130000000             130000000             2.7217900E-05         1.0000000E+30                 0       
 NEXT SEEDS:232A565C       0       0       0       0       0   181CD    3039       0       0
  125000000             125000000             125000000             2.7215068E-05         1.0000000E+30                 0       
 NEXT SEEDS:24A11961       0       0       0       0       0   181CD    3039       0       0
  130000000             120000000             120000000             2.7215075E-05         1.0000000E+30                 0       
 NEXT SEEDS:2617F94F       0       0       0       0       0   181CD    3039       0       0
  135000000             115000000             115000000             2.7215412E-05         1.0000000E+30                 0       
 NEXT SEEDS:278EEA46       0       0       0       0       0   181CD    3039       0       0
  140000000             110000000             110000000             2.7215583E-05         1.0000000E+30                 0       
 NEXT SEEDS:2906341D       0       0       0       0       0   181CD    3039       0       0
  145000000             105000000             105000000             2.7215113E-05         1.0000000E+30                 0       
 NEXT SEEDS:2A7D3640       0       0       0       0       0   181CD    3039       0       0
  150000000             100000000             100000000             2.7215698E-05         1.0000000E+30                 0       
 NEXT SEEDS:2BF4812E       0       0       0       0       0   181CD    3039       0       0
  155000000              95000000              95000000             2.7215605E-05         1.0000000E+30                 0       
 NEXT SEEDS:2D6B572F       0       0       0       0       0   181CD    3039       0       0
  160000000              90000000              90000000             2.7215602E-05         1.0000000E+30                 0       
 NEXT SEEDS:2EE26503       0       0       0       0       0   181CD    3039       0       0
  *** Emfgeo: Ncoun  2000000000
  165000000              85000000              85000000             2.7214508E-05         1.0000000E+30                 0       
 NEXT SEEDS:30596358       0       0       0       0       0   181CD    3039       0       0
  170000000              80000000              80000000             2.7212596E-05         1.0000000E+30                 0       
 NEXT SEEDS:31CFFA97       0       0       0       0       0   181CD    3039       0       0
  175000000              75000000              75000000             2.7213486E-05         1.0000000E+30                 0       
 NEXT SEEDS:33471DAB       0       0       0       0       0   181CD    3039       0       0
  180000000              70000000              70000000             2.7212133E-05         1.0000000E+30                 0       
 NEXT SEEDS:34BE3161       0       0       0       0       0   181CD    3039       0       0
  185000000              65000000              65000000             2.7212351E-05         1.0000000E+30                 0       
 NEXT SEEDS:363535C2       0       0       0       0       0   181CD    3039       0       0
  190000000              60000000              60000000             2.7212496E-05         1.0000000E+30                 0       
 NEXT SEEDS:37AC3F8A       0       0       0       0       0   181CD    3039       0       0
  195000000              55000000              55000000             2.7213470E-05         1.0000000E+30                 0       
 NEXT SEEDS:39237F4A       0       0       0       0       0   181CD    3039       0       0
  200000000              50000000              50000000             2.7213151E-05         1.0000000E+30                 0       
 NEXT SEEDS:3A9AB001       0       0       0       0       0   181CD    3039       0       0
  205000000              45000000              45000000             2.7212151E-05         1.0000000E+30                 0       
 NEXT SEEDS:  76F00E       1       0       0       0       0   181CD    3039       0       0
  210000000              40000000              40000000             2.7212287E-05         1.0000000E+30                 0       
 NEXT SEEDS: 1EDE9F3       1       0       0       0       0   181CD    3039       0       0
  215000000              35000000              35000000             2.7212297E-05         1.0000000E+30                 0       
 NEXT SEEDS: 36523DE       1       0       0       0       0   181CD    3039       0       0
  220000000              30000000              30000000             2.7212772E-05         1.0000000E+30                 0       
 NEXT SEEDS: 4DC3827       1       0       0       0       0   181CD    3039       0       0
  225000000              25000000              25000000             2.7211978E-05         1.0000000E+30                 0       
 NEXT SEEDS: 6533D3D       1       0       0       0       0   181CD    3039       0       0
  230000000              20000000              20000000             2.7211132E-05         1.0000000E+30                 0       
 NEXT SEEDS: 7CA1BAB       1       0       0       0       0   181CD    3039       0       0
  235000000              15000000              15000000             2.7211772E-05         1.0000000E+30                 0       
 NEXT SEEDS: 941272C       1       0       0       0       0   181CD    3039       0       0
  240000000              10000000              10000000             2.7211551E-05         1.0000000E+30                 0       
 NEXT SEEDS: AB8075E       1       0       0       0       0   181CD    3039       0       0
  *** Emfgeo: Ncoun  2000000000
  245000000               5000000               5000000             2.7210468E-05         1.0000000E+30                 0       
 NEXT SEEDS: C2EFF8F       1       0       0       0       0   181CD    3039       0       0
  249999950                    50                    50             2.7210239E-05         1.0000000E+30                 0       
 NEXT SEEDS: DA632E0       1       0       0       0       0   181CD    3039       0       0
  249999951                    49                    49             2.7210239E-05         1.0000000E+30                 0       
 NEXT SEEDS: DA632E4       1       0       0       0       0   181CD    3039       0       0
  249999952                    48                    48             2.7210241E-05         1.0000000E+30                 0       
 NEXT SEEDS: DA632E8       1       0       0       0       0   181CD    3039       0       0
  249999953                    47                    47             2.7210241E-05         1.0000000E+30                 0       
 NEXT SEEDS: DA632EC       1       0       0       0       0   181CD    3039       0       0
  249999954                    46                    46             2.7210240E-05         1.0000000E+30                 0       
 NEXT SEEDS: DA632F0       1       0       0       0       0   181CD    3039       0       0
  249999955                    45                    45             2.7210242E-05         1.0000000E+30                 0       
 NEXT SEEDS: DA632F4       1       0       0       0       0   181CD    3039       0       0
  249999956                    44                    44             2.7210244E-05         1.0000000E+30                 0       
 NEXT SEEDS: DA63307       1       0       0       0       0   181CD    3039       0       0
  249999957                    43                    43             2.7210244E-05         1.0000000E+30                 0       
 NEXT SEEDS: DA6330B       1       0       0       0       0   181CD    3039       0       0
  249999958                    42                    42             2.7210246E-05         1.0000000E+30                 0       
 NEXT SEEDS: DA63311       1       0       0       0       0   181CD    3039       0       0
  249999959                    41                    41             2.7210246E-05         1.0000000E+30                 0       
 NEXT SEEDS: DA63315       1       0       0       0       0   181CD    3039       0       0
  249999960                    40                    40             2.7210246E-05         1.0000000E+30                 0       
 NEXT SEEDS: DA63319       1       0       0       0       0   181CD    3039       0       0
  249999961                    39                    39             2.7210247E-05         1.0000000E+30                 0       
 NEXT SEEDS: DA6331D       1       0       0       0       0   181CD    3039       0       0
  249999962                    38                    38             2.7210247E-05         1.0000000E+30                 0       
 NEXT SEEDS: DA63321       1       0       0       0       0   181CD    3039       0       0
  249999963                    37                    37             2.7210247E-05         1.0000000E+30                 0       
 NEXT SEEDS: DA63325       1       0       0       0       0   181CD    3039       0       0
  249999964                    36                    36             2.7210249E-05         1.0000000E+30                 0       
 NEXT SEEDS: DA63329       1       0       0       0       0   181CD    3039       0       0
  249999965                    35                    35             2.7210249E-05         1.0000000E+30                 0       
 NEXT SEEDS: DA6332D       1       0       0       0       0   181CD    3039       0       0
  249999966                    34                    34             2.7210249E-05         1.0000000E+30                 0       
 NEXT SEEDS: DA63331       1       0       0       0       0   181CD    3039       0       0
  249999967                    33                    33             2.7210251E-05         1.0000000E+30                 0       
 NEXT SEEDS: DA63335       1       0       0       0       0   181CD    3039       0       0
  249999968                    32                    32             2.7210251E-05         1.0000000E+30                 0       
 NEXT SEEDS: DA63339       1       0       0       0       0   181CD    3039       0       0
  249999969                    31                    31             2.7210250E-05         1.0000000E+30                 0       
 NEXT SEEDS: DA6333D       1       0       0       0       0   181CD    3039       0       0
  249999970                    30                    30             2.7210252E-05         1.0000000E+30                 0       
 NEXT SEEDS: DA63341       1       0       0       0       0   181CD    3039       0       0
  249999971                    29                    29             2.7210252E-05         1.0000000E+30                 0       
 NEXT SEEDS: DA63345       1       0       0       0       0   181CD    3039       0       0
  249999972                    28                    28             2.7210252E-05         1.0000000E+30                 0       
 NEXT SEEDS: DA6334B       1       0       0       0       0   181CD    3039       0       0
  249999973                    27                    27             2.7210254E-05         1.0000000E+30                 0       
 NEXT SEEDS: DA6334F       1       0       0       0       0   181CD    3039       0       0
  249999974                    26                    26             2.7210254E-05         1.0000000E+30                 0       
 NEXT SEEDS: DA63353       1       0       0       0       0   181CD    3039       0       0
  249999975                    25                    25             2.7210254E-05         1.0000000E+30                 0       
 NEXT SEEDS: DA63357       1       0       0       0       0   181CD    3039       0       0
  249999976                    24                    24             2.7210254E-05         1.0000000E+30                 0       
 NEXT SEEDS: DA6335B       1       0       0       0       0   181CD    3039       0       0
  249999977                    23                    23             2.7210254E-05         1.0000000E+30                 0       
 NEXT SEEDS: DA6335F       1       0       0       0       0   181CD    3039       0       0
  249999978                    22                    22             2.7210253E-05         1.0000000E+30                 0       
 NEXT SEEDS: DA63363       1       0       0       0       0   181CD    3039       0       0
  249999979                    21                    21             2.7210253E-05         1.0000000E+30                 0       
 NEXT SEEDS: DA63367       1       0       0       0       0   181CD    3039       0       0
  249999980                    20                    20             2.7210255E-05         1.0000000E+30                 0       
 NEXT SEEDS: DA6336B       1       0       0       0       0   181CD    3039       0       0
  249999981                    19                    19             2.7210255E-05         1.0000000E+30                 0       
 NEXT SEEDS: DA6336F       1       0       0       0       0   181CD    3039       0       0
  249999982                    18                    18             2.7210255E-05         1.0000000E+30                 0       
 NEXT SEEDS: DA63373       1       0       0       0       0   181CD    3039       0       0
  249999983                    17                    17             2.7210257E-05         1.0000000E+30                 0       
 NEXT SEEDS: DA63377       1       0       0       0       0   181CD    3039       0       0
  249999984                    16                    16             2.7210257E-05         1.0000000E+30                 0       
 NEXT SEEDS: DA6337B       1       0       0       0       0   181CD    3039       0       0
  249999985                    15                    15             2.7210257E-05         1.0000000E+30                 0       
 NEXT SEEDS: DA63381       1       0       0       0       0   181CD    3039       0       0
  249999986                    14                    14             2.7210256E-05         1.0000000E+30                 0       
 NEXT SEEDS: DA63385       1       0       0       0       0   181CD    3039       0       0
  249999987                    13                    13             2.7210256E-05         1.0000000E+30                 0       
 NEXT SEEDS: DA63389       1       0       0       0       0   181CD    3039       0       0
  249999988                    12                    12             2.7210256E-05         1.0000000E+30                 0       
 NEXT SEEDS: DA6338D       1       0       0       0       0   181CD    3039       0       0
  249999989                    11                    11             2.7210256E-05         1.0000000E+30                 0       
 NEXT SEEDS: DA63391       1       0       0       0       0   181CD    3039       0       0
  249999990                    10                    10             2.7210256E-05         1.0000000E+30                 0       
 NEXT SEEDS: DA63397       1       0       0       0       0   181CD    3039       0       0
  249999991                     9                     9             2.7210258E-05         1.0000000E+30                 0       
 NEXT SEEDS: DA6339B       1       0       0       0       0   181CD    3039       0       0
  249999992                     8                     8             2.7210258E-05         1.0000000E+30                 0       
 NEXT SEEDS: DA6339F       1       0       0       0       0   181CD    3039       0       0
  249999993                     7                     7             2.7210260E-05         1.0000000E+30                 0       
 NEXT SEEDS: DA633B1       1       0       0       0       0   181CD    3039       0       0
  249999994                     6                     6             2.7210259E-05         1.0000000E+30                 0       
 NEXT SEEDS: DA633B5       1       0       0       0       0   181CD    3039       0       0
  249999995                     5                     5             2.7210261E-05         1.0000000E+30                 0       
 NEXT SEEDS: DA633B9       1       0       0       0       0   181CD    3039       0       0
  249999996                     4                     4             2.7210261E-05         1.0000000E+30                 0       
 NEXT SEEDS: DA633BD       1       0       0       0       0   181CD    3039       0       0
  249999997                     3                     3             2.7210261E-05         1.0000000E+30                 0       
 NEXT SEEDS: DA633C1       1       0       0       0       0   181CD    3039       0       0
  249999998                     2                     2             2.7210263E-05         1.0000000E+30                 0       
 NEXT SEEDS: DA633C5       1       0       0       0       0   181CD    3039       0       0
  249999999                     1                     1             2.7210263E-05         1.0000000E+30                 0       
 NEXT SEEDS: DA633C9       1       0       0       0       0   181CD    3039       0       0
  250000000                     0                     1             2.7210263E-05         1.0000000E+30                 0       
 NEXT SEEDS: DA633CD       1       0       0       0       0   181CD    3039       0       0
