1NUMBER OF BEAM       NUMBER OF BEAM        APPROXIMATE NUMBER    AVERAGE TIME USED     TIME LEFT (RESERVED   NUMBER OF STARS
 PARTICLES HANDLED    PARTICLES LEFT        OF BEAM PARTICLES     BY A BEAM PARTICLE     10000.0 SECONDS      CREATED
                                            THAT CAN STILL BE                           FOR PRINTOUT)
                                            HANDLED

 NEXT SEEDS:       0       0       0       0       0       0   181CD    3039       0       0
          1             249999999             249999999             7.7009201E-05         1.0000000E+30                 0       
 NEXT SEEDS:       4       0       0       0       0       0   181CD    3039       0       0
    5000000             245000000             245000000             2.6373607E-05         1.0000000E+30                 0       
 NEXT SEEDS: 1770A28       0       0       0       0       0   181CD    3039       0       0
   10000000             240000000             240000000             2.6370806E-05         1.0000000E+30                 0       
 NEXT SEEDS: 2EE3935       0       0       0       0       0   181CD    3039       0       0
   15000000             235000000             235000000             2.6349481E-05         1.0000000E+30                 0       
 NEXT SEEDS: 4652FD6       0       0       0       0       0   181CD    3039       0       0
   20000000             230000000             230000000             2.6338758E-05         1.0000000E+30                 0       
 NEXT SEEDS: 5DC2CFA       0       0       0       0       0   181CD    3039       0       0
   25000000             225000000             225000000             2.6330904E-05         1.0000000E+30                 0       
 NEXT SEEDS: 7533EDC       0       0       0       0       0   181CD    3039       0       0
   30000000             220000000             220000000             2.6336453E-05         1.0000000E+30                 0       
 NEXT SEEDS: 8CA2DEC       0       0       0       0       0   181CD    3039       0       0
   35000000             215000000             215000000             2.6334090E-05         1.0000000E+30                 0       
 NEXT SEEDS: A4147C2       0       0       0       0       0   181CD    3039       0       0
   40000000             210000000             210000000             2.6340725E-05         1.0000000E+30                 0       
 NEXT SEEDS: BB866D2       0       0       0       0       0   181CD    3039       0       0
   45000000             205000000             205000000             2.6342542E-05         1.0000000E+30                 0       
 NEXT SEEDS: D2FA064       0       0       0       0       0   181CD    3039       0       0
   50000000             200000000             200000000             2.6359228E-05         1.0000000E+30                 0       
 NEXT SEEDS: EA6C48E       0       0       0       0       0   181CD    3039       0       0
   55000000             195000000             195000000             2.6359175E-05         1.0000000E+30                 0       
 NEXT SEEDS:101DD37F       0       0       0       0       0   181CD    3039       0       0
   60000000             190000000             190000000             2.6359639E-05         1.0000000E+30                 0       
 NEXT SEEDS:1194F58D       0       0       0       0       0   181CD    3039       0       0
   65000000             185000000             185000000             2.6359211E-05         1.0000000E+30                 0       
 NEXT SEEDS:130C2FE9       0       0       0       0       0   181CD    3039       0       0
   70000000             180000000             180000000             2.6354071E-05         1.0000000E+30                 0       
 NEXT SEEDS:14832978       0       0       0       0       0   181CD    3039       0       0
   75000000             175000000             175000000             2.6355610E-05         1.0000000E+30                 0       
 NEXT SEEDS:15FA4AE7       0       0       0       0       0   181CD    3039       0       0
   80000000             170000000             170000000             2.6355416E-05         1.0000000E+30                 0       
 NEXT SEEDS:177166EE       0       0       0       0       0   181CD    3039       0       0
  *** Emfgeo: Ncoun  2000000000
   85000000             165000000             165000000             2.6358625E-05         1.0000000E+30                 0       
 NEXT SEEDS:18E88317       0       0       0       0       0   181CD    3039       0       0
   90000000             160000000             160000000             2.6358403E-05         1.0000000E+30                 0       
 NEXT SEEDS:1A5FB738       0       0       0       0       0   181CD    3039       0       0
   95000000             155000000             155000000             2.6358467E-05         1.0000000E+30                 0       
 NEXT SEEDS:1BD6D3E3       0       0       0       0       0   181CD    3039       0       0
  100000000             150000000             150000000             2.6356596E-05         1.0000000E+30                 0       
 NEXT SEEDS:1D4DB74C       0       0       0       0       0   181CD    3039       0       0
  105000000             145000000             145000000             2.6360863E-05         1.0000000E+30                 0       
 NEXT SEEDS:1EC4BE4F       0       0       0       0       0   181CD    3039       0       0
  110000000             140000000             140000000             2.6359965E-05         1.0000000E+30                 0       
 NEXT SEEDS:203BDBFD       0       0       0       0       0   181CD    3039       0       0
  115000000             135000000             135000000             2.6355124E-05         1.0000000E+30                 0       
 NEXT SEEDS:21B2CDD2       0       0       0       0       0   181CD    3039       0       0
  120000000             130000000             130000000             2.6362658E-05         1.0000000E+30                 0       
 NEXT SEEDS:2329AF72       0       0       0       0       0   181CD    3039       0       0
  125000000             125000000             125000000             2.6366267E-05         1.0000000E+30                 0       
 NEXT SEEDS:24A0C9CD       0       0       0       0       0   181CD    3039       0       0
  130000000             120000000             120000000             2.6365061E-05         1.0000000E+30                 0       
 NEXT SEEDS:2617C390       0       0       0       0       0   181CD    3039       0       0
  135000000             115000000             115000000             2.6364417E-05         1.0000000E+30                 0       
 NEXT SEEDS:278EBB9A       0       0       0       0       0   181CD    3039       0       0
  140000000             110000000             110000000             2.6362808E-05         1.0000000E+30                 0       
 NEXT SEEDS:2905FF29       0       0       0       0       0   181CD    3039       0       0
  145000000             105000000             105000000             2.6362348E-05         1.0000000E+30                 0       
 NEXT SEEDS:2A7D27F5       0       0       0       0       0   181CD    3039       0       0
  150000000             100000000             100000000             2.6361873E-05         1.0000000E+30                 0       
 NEXT SEEDS:2BF47F00       0       0       0       0       0   181CD    3039       0       0
  155000000              95000000              95000000             2.6362476E-05         1.0000000E+30                 0       
 NEXT SEEDS:2D6BD831       0       0       0       0       0   181CD    3039       0       0
  160000000              90000000              90000000             2.6362394E-05         1.0000000E+30                 0       
 NEXT SEEDS:2EE2DF99       0       0       0       0       0   181CD    3039       0       0
  *** Emfgeo: Ncoun  2000000000
  165000000              85000000              85000000             2.6362034E-05         1.0000000E+30                 0       
 NEXT SEEDS:305A2119       0       0       0       0       0   181CD    3039       0       0
  170000000              80000000              80000000             2.6361818E-05         1.0000000E+30                 0       
 NEXT SEEDS:31D1525F       0       0       0       0       0   181CD    3039       0       0
  175000000              75000000              75000000             2.6360916E-05         1.0000000E+30                 0       
 NEXT SEEDS:33482BAD       0       0       0       0       0   181CD    3039       0       0
  180000000              70000000              70000000             2.6358836E-05         1.0000000E+30                 0       
 NEXT SEEDS:34BF251C       0       0       0       0       0   181CD    3039       0       0
  185000000              65000000              65000000             2.6357500E-05         1.0000000E+30                 0       
 NEXT SEEDS:363661B2       0       0       0       0       0   181CD    3039       0       0
  190000000              60000000              60000000             2.6356007E-05         1.0000000E+30                 0       
 NEXT SEEDS:37AD5B31       0       0       0       0       0   181CD    3039       0       0
  195000000              55000000              55000000             2.6356784E-05         1.0000000E+30                 0       
 NEXT SEEDS:39244B2A       0       0       0       0       0   181CD    3039       0       0
  200000000              50000000              50000000             2.6355375E-05         1.0000000E+30                 0       
 NEXT SEEDS:3A9B5B39       0       0       0       0       0   181CD    3039       0       0
  205000000              45000000              45000000             2.6354110E-05         1.0000000E+30                 0       
 NEXT SEEDS:  7776E0       1       0       0       0       0   181CD    3039       0       0
  210000000              40000000              40000000             2.6352975E-05         1.0000000E+30                 0       
 NEXT SEEDS: 1EE512D       1       0       0       0       0   181CD    3039       0       0
  215000000              35000000              35000000             2.6354018E-05         1.0000000E+30                 0       
 NEXT SEEDS: 36550AE       1       0       0       0       0   181CD    3039       0       0
  220000000              30000000              30000000             2.6354400E-05         1.0000000E+30                 0       
 NEXT SEEDS: 4DC62F9       1       0       0       0       0   181CD    3039       0       0
  225000000              25000000              25000000             2.6354061E-05         1.0000000E+30                 0       
 NEXT SEEDS: 6539214       1       0       0       0       0   181CD    3039       0       0
  230000000              20000000              20000000             2.6353478E-05         1.0000000E+30                 0       
 NEXT SEEDS: 7CABA49       1       0       0       0       0   181CD    3039       0       0
  235000000              15000000              15000000             2.6353776E-05         1.0000000E+30                 0       
 NEXT SEEDS: 941D1F8       1       0       0       0       0   181CD    3039       0       0
  240000000              10000000              10000000             2.6352918E-05         1.0000000E+30                 0       
 NEXT SEEDS: AB8CECA       1       0       0       0       0   181CD    3039       0       0
  *** Emfgeo: Ncoun  2000000000
  245000000               5000000               5000000             2.6351376E-05         1.0000000E+30                 0       
 NEXT SEEDS: C2FCCA1       1       0       0       0       0   181CD    3039       0       0
  249999950                    50                    50             2.6352030E-05         1.0000000E+30                 0       
 NEXT SEEDS: DA6E0FC       1       0       0       0       0   181CD    3039       0       0
  249999951                    49                    49             2.6352029E-05         1.0000000E+30                 0       
 NEXT SEEDS: DA6E100       1       0       0       0       0   181CD    3039       0       0
  249999952                    48                    48             2.6352029E-05         1.0000000E+30                 0       
 NEXT SEEDS: DA6E104       1       0       0       0       0   181CD    3039       0       0
  249999953                    47                    47             2.6352029E-05         1.0000000E+30                 0       
 NEXT SEEDS: DA6E108       1       0       0       0       0   181CD    3039       0       0
  249999954                    46                    46             2.6352029E-05         1.0000000E+30                 0       
 NEXT SEEDS: DA6E10C       1       0       0       0       0   181CD    3039       0       0
  249999955                    45                    45             2.6352029E-05         1.0000000E+30                 0       
 NEXT SEEDS: DA6E110       1       0       0       0       0   181CD    3039       0       0
  249999956                    44                    44             2.6352029E-05         1.0000000E+30                 0       
 NEXT SEEDS: DA6E114       1       0       0       0       0   181CD    3039       0       0
  249999957                    43                    43             2.6352029E-05         1.0000000E+30                 0       
 NEXT SEEDS: DA6E118       1       0       0       0       0   181CD    3039       0       0
  249999958                    42                    42             2.6352029E-05         1.0000000E+30                 0       
 NEXT SEEDS: DA6E11C       1       0       0       0       0   181CD    3039       0       0
  249999959                    41                    41             2.6352029E-05         1.0000000E+30                 0       
 NEXT SEEDS: DA6E120       1       0       0       0       0   181CD    3039       0       0
  249999960                    40                    40             2.6352028E-05         1.0000000E+30                 0       
 NEXT SEEDS: DA6E124       1       0       0       0       0   181CD    3039       0       0
  249999961                    39                    39             2.6352028E-05         1.0000000E+30                 0       
 NEXT SEEDS: DA6E128       1       0       0       0       0   181CD    3039       0       0
  249999962                    38                    38             2.6352028E-05         1.0000000E+30                 0       
 NEXT SEEDS: DA6E12C       1       0       0       0       0   181CD    3039       0       0
  249999963                    37                    37             2.6352028E-05         1.0000000E+30                 0       
 NEXT SEEDS: DA6E130       1       0       0       0       0   181CD    3039       0       0
  249999964                    36                    36             2.6352030E-05         1.0000000E+30                 0       
 NEXT SEEDS: DA6E136       1       0       0       0       0   181CD    3039       0       0
  249999965                    35                    35             2.6352030E-05         1.0000000E+30                 0       
 NEXT SEEDS: DA6E13A       1       0       0       0       0   181CD    3039       0       0
  249999966                    34                    34             2.6352030E-05         1.0000000E+30                 0       
 NEXT SEEDS: DA6E13E       1       0       0       0       0   181CD    3039       0       0
  249999967                    33                    33             2.6352032E-05         1.0000000E+30                 0       
 NEXT SEEDS: DA6E142       1       0       0       0       0   181CD    3039       0       0
  249999968                    32                    32             2.6352032E-05         1.0000000E+30                 0       
 NEXT SEEDS: DA6E146       1       0       0       0       0   181CD    3039       0       0
  249999969                    31                    31             2.6352031E-05         1.0000000E+30                 0       
 NEXT SEEDS: DA6E14A       1       0       0       0       0   181CD    3039       0       0
  249999970                    30                    30             2.6352033E-05         1.0000000E+30                 0       
 NEXT SEEDS: DA6E14E       1       0       0       0       0   181CD    3039       0       0
  249999971                    29                    29             2.6352033E-05         1.0000000E+30                 0       
 NEXT SEEDS: DA6E152       1       0       0       0       0   181CD    3039       0       0
  249999972                    28                    28             2.6352033E-05         1.0000000E+30                 0       
 NEXT SEEDS: DA6E156       1       0       0       0       0   181CD    3039       0       0
  249999973                    27                    27             2.6352035E-05         1.0000000E+30                 0       
 NEXT SEEDS: DA6E15A       1       0       0       0       0   181CD    3039       0       0
  249999974                    26                    26             2.6352035E-05         1.0000000E+30                 0       
 NEXT SEEDS: DA6E15E       1       0       0       0       0   181CD    3039       0       0
  249999975                    25                    25             2.6352035E-05         1.0000000E+30                 0       
 NEXT SEEDS: DA6E162       1       0       0       0       0   181CD    3039       0       0
  249999976                    24                    24             2.6352037E-05         1.0000000E+30                 0       
 NEXT SEEDS: DA6E166       1       0       0       0       0   181CD    3039       0       0
  249999977                    23                    23             2.6352036E-05         1.0000000E+30                 0       
 NEXT SEEDS: DA6E16A       1       0       0       0       0   181CD    3039       0       0
  249999978                    22                    22             2.6352036E-05         1.0000000E+30                 0       
 NEXT SEEDS: DA6E16E       1       0       0       0       0   181CD    3039       0       0
  249999979                    21                    21             2.6352038E-05         1.0000000E+30                 0       
 NEXT SEEDS: DA6E172       1       0       0       0       0   181CD    3039       0       0
  249999980                    20                    20             2.6352038E-05         1.0000000E+30                 0       
 NEXT SEEDS: DA6E176       1       0       0       0       0   181CD    3039       0       0
  249999981                    19                    19             2.6352038E-05         1.0000000E+30                 0       
 NEXT SEEDS: DA6E17A       1       0       0       0       0   181CD    3039       0       0
  249999982                    18                    18             2.6352040E-05         1.0000000E+30                 0       
 NEXT SEEDS: DA6E180       1       0       0       0       0   181CD    3039       0       0
  249999983                    17                    17             2.6352040E-05         1.0000000E+30                 0       
 NEXT SEEDS: DA6E184       1       0       0       0       0   181CD    3039       0       0
  249999984                    16                    16             2.6352040E-05         1.0000000E+30                 0       
 NEXT SEEDS: DA6E188       1       0       0       0       0   181CD    3039       0       0
  249999985                    15                    15             2.6352041E-05         1.0000000E+30                 0       
 NEXT SEEDS: DA6E18C       1       0       0       0       0   181CD    3039       0       0
  249999986                    14                    14             2.6352041E-05         1.0000000E+30                 0       
 NEXT SEEDS: DA6E190       1       0       0       0       0   181CD    3039       0       0
  249999987                    13                    13             2.6352041E-05         1.0000000E+30                 0       
 NEXT SEEDS: DA6E194       1       0       0       0       0   181CD    3039       0       0
  249999988                    12                    12             2.6352043E-05         1.0000000E+30                 0       
 NEXT SEEDS: DA6E198       1       0       0       0       0   181CD    3039       0       0
  249999989                    11                    11             2.6352043E-05         1.0000000E+30                 0       
 NEXT SEEDS: DA6E19C       1       0       0       0       0   181CD    3039       0       0
  249999990                    10                    10             2.6352043E-05         1.0000000E+30                 0       
 NEXT SEEDS: DA6E1A0       1       0       0       0       0   181CD    3039       0       0
  249999991                     9                     9             2.6352045E-05         1.0000000E+30                 0       
 NEXT SEEDS: DA6E1A4       1       0       0       0       0   181CD    3039       0       0
  249999992                     8                     8             2.6352045E-05         1.0000000E+30                 0       
 NEXT SEEDS: DA6E1A8       1       0       0       0       0   181CD    3039       0       0
  249999993                     7                     7             2.6352045E-05         1.0000000E+30                 0       
 NEXT SEEDS: DA6E1AC       1       0       0       0       0   181CD    3039       0       0
  249999994                     6                     6             2.6352044E-05         1.0000000E+30                 0       
 NEXT SEEDS: DA6E1B0       1       0       0       0       0   181CD    3039       0       0
  249999995                     5                     5             2.6352044E-05         1.0000000E+30                 0       
 NEXT SEEDS: DA6E1B4       1       0       0       0       0   181CD    3039       0       0
  249999996                     4                     4             2.6352044E-05         1.0000000E+30                 0       
 NEXT SEEDS: DA6E1B8       1       0       0       0       0   181CD    3039       0       0
  249999997                     3                     3             2.6352044E-05         1.0000000E+30                 0       
 NEXT SEEDS: DA6E1BC       1       0       0       0       0   181CD    3039       0       0
  249999998                     2                     2             2.6352044E-05         1.0000000E+30                 0       
 NEXT SEEDS: DA6E1C0       1       0       0       0       0   181CD    3039       0       0
  249999999                     1                     1             2.6352044E-05         1.0000000E+30                 0       
 NEXT SEEDS: DA6E1C4       1       0       0       0       0   181CD    3039       0       0
  250000000                     0                     1             2.6352044E-05         1.0000000E+30                 0       
 NEXT SEEDS: DA6E1C8       1       0       0       0       0   181CD    3039       0       0
