1NUMBER OF BEAM       NUMBER OF BEAM        APPROXIMATE NUMBER    AVERAGE TIME USED     TIME LEFT (RESERVED   NUMBER OF STARS
 PARTICLES HANDLED    PARTICLES LEFT        OF BEAM PARTICLES     BY A BEAM PARTICLE     10000.0 SECONDS      CREATED
                                            THAT CAN STILL BE                           FOR PRINTOUT)
                                            HANDLED

 NEXT SEEDS:       0       0       0       0       0       0   181CD    3039       0       0
          1             249999999             249999999             7.6055527E-05         1.0000000E+30                 0       
 NEXT SEEDS:       4       0       0       0       0       0   181CD    3039       0       0
    5000000             245000000             245000000             2.6451218E-05         1.0000000E+30                 0       
 NEXT SEEDS: 1772977       0       0       0       0       0   181CD    3039       0       0
   10000000             240000000             240000000             2.6478009E-05         1.0000000E+30                 0       
 NEXT SEEDS: 2EE57B5       0       0       0       0       0   181CD    3039       0       0
   15000000             235000000             235000000             2.6484918E-05         1.0000000E+30                 0       
 NEXT SEEDS: 4657C9D       0       0       0       0       0   181CD    3039       0       0
   20000000             230000000             230000000             2.6464833E-05         1.0000000E+30                 0       
 NEXT SEEDS: 5DC6E1E       0       0       0       0       0   181CD    3039       0       0
   25000000             225000000             225000000             2.6474344E-05         1.0000000E+30                 0       
 NEXT SEEDS: 7537592       0       0       0       0       0   181CD    3039       0       0
   30000000             220000000             220000000             2.6476669E-05         1.0000000E+30                 0       
 NEXT SEEDS: 8CA7794       0       0       0       0       0   181CD    3039       0       0
   35000000             215000000             215000000             2.6467155E-05         1.0000000E+30                 0       
 NEXT SEEDS: A41A7F6       0       0       0       0       0   181CD    3039       0       0
   40000000             210000000             210000000             2.6477717E-05         1.0000000E+30                 0       
 NEXT SEEDS: BB8EAFF       0       0       0       0       0   181CD    3039       0       0
   45000000             205000000             205000000             2.6524713E-05         1.0000000E+30                 0       
 NEXT SEEDS: D3012E0       0       0       0       0       0   181CD    3039       0       0
   50000000             200000000             200000000             2.6552486E-05         1.0000000E+30                 0       
 NEXT SEEDS: EA73B99       0       0       0       0       0   181CD    3039       0       0
   55000000             195000000             195000000             2.6563703E-05         1.0000000E+30                 0       
 NEXT SEEDS:101E353F       0       0       0       0       0   181CD    3039       0       0
   60000000             190000000             190000000             2.6554995E-05         1.0000000E+30                 0       
 NEXT SEEDS:119544D0       0       0       0       0       0   181CD    3039       0       0
   65000000             185000000             185000000             2.6549920E-05         1.0000000E+30                 0       
 NEXT SEEDS:130C6FF2       0       0       0       0       0   181CD    3039       0       0
   70000000             180000000             180000000             2.6540636E-05         1.0000000E+30                 0       
 NEXT SEEDS:14837B81       0       0       0       0       0   181CD    3039       0       0
   75000000             175000000             175000000             2.6537816E-05         1.0000000E+30                 0       
 NEXT SEEDS:15FA88E4       0       0       0       0       0   181CD    3039       0       0
   80000000             170000000             170000000             2.6533387E-05         1.0000000E+30                 0       
 NEXT SEEDS:177198EA       0       0       0       0       0   181CD    3039       0       0
  *** Emfgeo: Ncoun  2000000000
   85000000             165000000             165000000             2.6526879E-05         1.0000000E+30                 0       
 NEXT SEEDS:18E8D2B8       0       0       0       0       0   181CD    3039       0       0
 Geofar: Particle in region    47 (cell #    0)
  in position  -6.189949376E+00 -1.312539233E+01  2.124400000E-01
  is now causing trouble, requesting a step of  7.602516684E-01 cm
  to direction  5.090779641E-01 -2.155457295E-01 -8.332944647E-01
  end position -5.802922004E+00 -1.328926133E+01 -4.210735071E-01
  R2:  1.451176754E+01 R3:  1.451332243E+01 cm  error count:  0
  X*U   (2D): -3.220445617E-01 X*U   (3D): -4.990696378E-01 cm
  X*UOLD(2D):  3.179924278E+00 X*UOLD(3D):  3.349393141E+00 cm
  Kloop:  175141003, Irsave:     47, Irsav2:     47, error code:  -3 Nfrom:  5000
  old direction -6.015948084E-01  4.144006649E-02  7.977257721E-01, lagain, lstnew, lsense, lsnsct  F  F  F  T
  Particle index    7 total energy   5.318297405E-05 GeV  Nsurf    0
 We succeeded in saving the particle:  current region is n.     4 (cell #    0)
   90000000             160000000             160000000             2.6522811E-05         1.0000000E+30                 0       
 NEXT SEEDS:1A5FDEFD       0       0       0       0       0   181CD    3039       0       0
   95000000             155000000             155000000             2.6522266E-05         1.0000000E+30                 0       
 NEXT SEEDS:1BD733E7       0       0       0       0       0   181CD    3039       0       0
  100000000             150000000             150000000             2.6519851E-05         1.0000000E+30                 0       
 NEXT SEEDS:1D4E20DE       0       0       0       0       0   181CD    3039       0       0
  105000000             145000000             145000000             2.6518050E-05         1.0000000E+30                 0       
 NEXT SEEDS:1EC529C9       0       0       0       0       0   181CD    3039       0       0
  110000000             140000000             140000000             2.6513914E-05         1.0000000E+30                 0       
 NEXT SEEDS:203C1A65       0       0       0       0       0   181CD    3039       0       0
  115000000             135000000             135000000             2.6510706E-05         1.0000000E+30                 0       
 NEXT SEEDS:21B319E8       0       0       0       0       0   181CD    3039       0       0
  120000000             130000000             130000000             2.6507756E-05         1.0000000E+30                 0       
 NEXT SEEDS:232A2E9A       0       0       0       0       0   181CD    3039       0       0
  125000000             125000000             125000000             2.6505199E-05         1.0000000E+30                 0       
 NEXT SEEDS:24A16042       0       0       0       0       0   181CD    3039       0       0
  130000000             120000000             120000000             2.6502721E-05         1.0000000E+30                 0       
 NEXT SEEDS:2618A19A       0       0       0       0       0   181CD    3039       0       0
  135000000             115000000             115000000             2.6503310E-05         1.0000000E+30                 0       
 NEXT SEEDS:278F8545       0       0       0       0       0   181CD    3039       0       0
  140000000             110000000             110000000             2.6502224E-05         1.0000000E+30                 0       
 NEXT SEEDS:2906B780       0       0       0       0       0   181CD    3039       0       0
  145000000             105000000             105000000             2.6499791E-05         1.0000000E+30                 0       
 NEXT SEEDS:2A7DB793       0       0       0       0       0   181CD    3039       0       0
  150000000             100000000             100000000             2.6499447E-05         1.0000000E+30                 0       
 NEXT SEEDS:2BF4B931       0       0       0       0       0   181CD    3039       0       0
  155000000              95000000              95000000             2.6498409E-05         1.0000000E+30                 0       
 NEXT SEEDS:2D6C2258       0       0       0       0       0   181CD    3039       0       0
  160000000              90000000              90000000             2.6497278E-05         1.0000000E+30                 0       
 NEXT SEEDS:2EE32A5F       0       0       0       0       0   181CD    3039       0       0
  *** Emfgeo: Ncoun  2000000000
  165000000              85000000              85000000             2.6494002E-05         1.0000000E+30                 0       
 NEXT SEEDS:305A1745       0       0       0       0       0   181CD    3039       0       0
  170000000              80000000              80000000             2.6493943E-05         1.0000000E+30                 0       
 NEXT SEEDS:31D168EB       0       0       0       0       0   181CD    3039       0       0
  175000000              75000000              75000000             2.6491669E-05         1.0000000E+30                 0       
 NEXT SEEDS:33488A26       0       0       0       0       0   181CD    3039       0       0
  180000000              70000000              70000000             2.6489822E-05         1.0000000E+30                 0       
 NEXT SEEDS:34BF7904       0       0       0       0       0   181CD    3039       0       0
  185000000              65000000              65000000             2.6487854E-05         1.0000000E+30                 0       
 NEXT SEEDS:36369386       0       0       0       0       0   181CD    3039       0       0
  190000000              60000000              60000000             2.6488050E-05         1.0000000E+30                 0       
 NEXT SEEDS:37ADD536       0       0       0       0       0   181CD    3039       0       0
  195000000              55000000              55000000             2.6488389E-05         1.0000000E+30                 0       
 NEXT SEEDS:3924DE8D       0       0       0       0       0   181CD    3039       0       0
  200000000              50000000              50000000             2.6485996E-05         1.0000000E+30                 0       
 NEXT SEEDS:3A9BEB14       0       0       0       0       0   181CD    3039       0       0
  205000000              45000000              45000000             2.6485599E-05         1.0000000E+30                 0       
 NEXT SEEDS:  785291       1       0       0       0       0   181CD    3039       0       0
  210000000              40000000              40000000             2.6485287E-05         1.0000000E+30                 0       
 NEXT SEEDS: 1EFA6D6       1       0       0       0       0   181CD    3039       0       0
  215000000              35000000              35000000             2.6485190E-05         1.0000000E+30                 0       
 NEXT SEEDS: 366AC93       1       0       0       0       0   181CD    3039       0       0
  220000000              30000000              30000000             2.6485989E-05         1.0000000E+30                 0       
 NEXT SEEDS: 4DDC86F       1       0       0       0       0   181CD    3039       0       0
  225000000              25000000              25000000             2.6485996E-05         1.0000000E+30                 0       
 NEXT SEEDS: 65513F6       1       0       0       0       0   181CD    3039       0       0
  230000000              20000000              20000000             2.6485927E-05         1.0000000E+30                 0       
 NEXT SEEDS: 7CC67EB       1       0       0       0       0   181CD    3039       0       0
  235000000              15000000              15000000             2.6486366E-05         1.0000000E+30                 0       
 NEXT SEEDS: 9438827       1       0       0       0       0   181CD    3039       0       0
  240000000              10000000              10000000             2.6485929E-05         1.0000000E+30                 0       
 NEXT SEEDS: ABABC93       1       0       0       0       0   181CD    3039       0       0
  *** Emfgeo: Ncoun  2000000000
  245000000               5000000               5000000             2.6485230E-05         1.0000000E+30                 0       
 NEXT SEEDS: C319DC7       1       0       0       0       0   181CD    3039       0       0
  249999950                    50                    50             2.6487238E-05         1.0000000E+30                 0       
 NEXT SEEDS: DA8EDA1       1       0       0       0       0   181CD    3039       0       0
  249999951                    49                    49             2.6487240E-05         1.0000000E+30                 0       
 NEXT SEEDS: DA8EDA5       1       0       0       0       0   181CD    3039       0       0
  249999952                    48                    48             2.6487240E-05         1.0000000E+30                 0       
 NEXT SEEDS: DA8EDA9       1       0       0       0       0   181CD    3039       0       0
  249999953                    47                    47             2.6487239E-05         1.0000000E+30                 0       
 NEXT SEEDS: DA8EDAD       1       0       0       0       0   181CD    3039       0       0
  249999954                    46                    46             2.6487241E-05         1.0000000E+30                 0       
 NEXT SEEDS: DA8EDB1       1       0       0       0       0   181CD    3039       0       0
  249999955                    45                    45             2.6487241E-05         1.0000000E+30                 0       
 NEXT SEEDS: DA8EDB5       1       0       0       0       0   181CD    3039       0       0
  249999956                    44                    44             2.6487243E-05         1.0000000E+30                 0       
 NEXT SEEDS: DA8EDB9       1       0       0       0       0   181CD    3039       0       0
  249999957                    43                    43             2.6487243E-05         1.0000000E+30                 0       
 NEXT SEEDS: DA8EDBD       1       0       0       0       0   181CD    3039       0       0
  249999958                    42                    42             2.6487243E-05         1.0000000E+30                 0       
 NEXT SEEDS: DA8EDC1       1       0       0       0       0   181CD    3039       0       0
  249999959                    41                    41             2.6487245E-05         1.0000000E+30                 0       
 NEXT SEEDS: DA8EDC5       1       0       0       0       0   181CD    3039       0       0
  249999960                    40                    40             2.6487245E-05         1.0000000E+30                 0       
 NEXT SEEDS: DA8EDC9       1       0       0       0       0   181CD    3039       0       0
  249999961                    39                    39             2.6487246E-05         1.0000000E+30                 0       
 NEXT SEEDS: DA8EDCD       1       0       0       0       0   181CD    3039       0       0
  249999962                    38                    38             2.6487246E-05         1.0000000E+30                 0       
 NEXT SEEDS: DA8EDD1       1       0       0       0       0   181CD    3039       0       0
  249999963                    37                    37             2.6487246E-05         1.0000000E+30                 0       
 NEXT SEEDS: DA8EDD5       1       0       0       0       0   181CD    3039       0       0
  249999964                    36                    36             2.6487248E-05         1.0000000E+30                 0       
 NEXT SEEDS: DA8EDD9       1       0       0       0       0   181CD    3039       0       0
  249999965                    35                    35             2.6487248E-05         1.0000000E+30                 0       
 NEXT SEEDS: DA8EDDD       1       0       0       0       0   181CD    3039       0       0
  249999966                    34                    34             2.6487248E-05         1.0000000E+30                 0       
 NEXT SEEDS: DA8EDE1       1       0       0       0       0   181CD    3039       0       0
  249999967                    33                    33             2.6487250E-05         1.0000000E+30                 0       
 NEXT SEEDS: DA8EDE5       1       0       0       0       0   181CD    3039       0       0
  249999968                    32                    32             2.6487250E-05         1.0000000E+30                 0       
 NEXT SEEDS: DA8EDE9       1       0       0       0       0   181CD    3039       0       0
  249999969                    31                    31             2.6487251E-05         1.0000000E+30                 0       
 NEXT SEEDS: DA8EDED       1       0       0       0       0   181CD    3039       0       0
  249999970                    30                    30             2.6487251E-05         1.0000000E+30                 0       
 NEXT SEEDS: DA8EDF1       1       0       0       0       0   181CD    3039       0       0
  249999971                    29                    29             2.6487251E-05         1.0000000E+30                 0       
 NEXT SEEDS: DA8EDF5       1       0       0       0       0   181CD    3039       0       0
  249999972                    28                    28             2.6487251E-05         1.0000000E+30                 0       
 NEXT SEEDS: DA8EDF9       1       0       0       0       0   181CD    3039       0       0
  249999973                    27                    27             2.6487251E-05         1.0000000E+30                 0       
 NEXT SEEDS: DA8EDFD       1       0       0       0       0   181CD    3039       0       0
  249999974                    26                    26             2.6487251E-05         1.0000000E+30                 0       
 NEXT SEEDS: DA8EE01       1       0       0       0       0   181CD    3039       0       0
  249999975                    25                    25             2.6487251E-05         1.0000000E+30                 0       
 NEXT SEEDS: DA8EE07       1       0       0       0       0   181CD    3039       0       0
  249999976                    24                    24             2.6487251E-05         1.0000000E+30                 0       
 NEXT SEEDS: DA8EE0B       1       0       0       0       0   181CD    3039       0       0
  249999977                    23                    23             2.6487253E-05         1.0000000E+30                 0       
 NEXT SEEDS: DA8EE0F       1       0       0       0       0   181CD    3039       0       0
  249999978                    22                    22             2.6487252E-05         1.0000000E+30                 0       
 NEXT SEEDS: DA8EE13       1       0       0       0       0   181CD    3039       0       0
  249999979                    21                    21             2.6487254E-05         1.0000000E+30                 0       
 NEXT SEEDS: DA8EE19       1       0       0       0       0   181CD    3039       0       0
  249999980                    20                    20             2.6487254E-05         1.0000000E+30                 0       
 NEXT SEEDS: DA8EE1D       1       0       0       0       0   181CD    3039       0       0
  249999981                    19                    19             2.6487256E-05         1.0000000E+30                 0       
 NEXT SEEDS: DA8EE30       1       0       0       0       0   181CD    3039       0       0
  249999982                    18                    18             2.6487258E-05         1.0000000E+30                 0       
 NEXT SEEDS: DA8EE34       1       0       0       0       0   181CD    3039       0       0
  249999983                    17                    17             2.6487258E-05         1.0000000E+30                 0       
 NEXT SEEDS: DA8EE3A       1       0       0       0       0   181CD    3039       0       0
  249999984                    16                    16             2.6487260E-05         1.0000000E+30                 0       
 NEXT SEEDS: DA8EE3E       1       0       0       0       0   181CD    3039       0       0
  249999985                    15                    15             2.6487260E-05         1.0000000E+30                 0       
 NEXT SEEDS: DA8EE42       1       0       0       0       0   181CD    3039       0       0
  249999986                    14                    14             2.6487259E-05         1.0000000E+30                 0       
 NEXT SEEDS: DA8EE46       1       0       0       0       0   181CD    3039       0       0
  249999987                    13                    13             2.6487261E-05         1.0000000E+30                 0       
 NEXT SEEDS: DA8EE4A       1       0       0       0       0   181CD    3039       0       0
  249999988                    12                    12             2.6487261E-05         1.0000000E+30                 0       
 NEXT SEEDS: DA8EE4E       1       0       0       0       0   181CD    3039       0       0
  249999989                    11                    11             2.6487263E-05         1.0000000E+30                 0       
 NEXT SEEDS: DA8EE52       1       0       0       0       0   181CD    3039       0       0
  249999990                    10                    10             2.6487263E-05         1.0000000E+30                 0       
 NEXT SEEDS: DA8EE6C       1       0       0       0       0   181CD    3039       0       0
  249999991                     9                     9             2.6487263E-05         1.0000000E+30                 0       
 NEXT SEEDS: DA8EE70       1       0       0       0       0   181CD    3039       0       0
  249999992                     8                     8             2.6487263E-05         1.0000000E+30                 0       
 NEXT SEEDS: DA8EE74       1       0       0       0       0   181CD    3039       0       0
  249999993                     7                     7             2.6487263E-05         1.0000000E+30                 0       
 NEXT SEEDS: DA8EE78       1       0       0       0       0   181CD    3039       0       0
  249999994                     6                     6             2.6487262E-05         1.0000000E+30                 0       
 NEXT SEEDS: DA8EE7C       1       0       0       0       0   181CD    3039       0       0
  249999995                     5                     5             2.6487262E-05         1.0000000E+30                 0       
 NEXT SEEDS: DA8EE80       1       0       0       0       0   181CD    3039       0       0
  249999996                     4                     4             2.6487264E-05         1.0000000E+30                 0       
 NEXT SEEDS: DA8EE84       1       0       0       0       0   181CD    3039       0       0
  249999997                     3                     3             2.6487264E-05         1.0000000E+30                 0       
 NEXT SEEDS: DA8EE88       1       0       0       0       0   181CD    3039       0       0
  249999998                     2                     2             2.6487264E-05         1.0000000E+30                 0       
 NEXT SEEDS: DA8EE8C       1       0       0       0       0   181CD    3039       0       0
  249999999                     1                     1             2.6487266E-05         1.0000000E+30                 0       
 NEXT SEEDS: DA8EE90       1       0       0       0       0   181CD    3039       0       0
  250000000                     0                     1             2.6487266E-05         1.0000000E+30                 0       
 NEXT SEEDS: DA8EE94       1       0       0       0       0   181CD    3039       0       0
