1NUMBER OF BEAM       NUMBER OF BEAM        APPROXIMATE NUMBER    AVERAGE TIME USED     TIME LEFT (RESERVED   NUMBER OF STARS
 PARTICLES HANDLED    PARTICLES LEFT        OF BEAM PARTICLES     BY A BEAM PARTICLE     10000.0 SECONDS      CREATED
                                            THAT CAN STILL BE                           FOR PRINTOUT)
                                            HANDLED

 NEXT SEEDS:       0       0       0       0       0       0   181CD    3039       0       0
          1             249999999             249999999             7.7009201E-05         1.0000000E+30                 0       
 NEXT SEEDS:       4       0       0       0       0       0   181CD    3039       0       0
    5000000             245000000             245000000             2.6530042E-05         1.0000000E+30                 0       
 NEXT SEEDS: 1773CA1       0       0       0       0       0   181CD    3039       0       0
   10000000             240000000             240000000             2.6448424E-05         1.0000000E+30                 0       
 NEXT SEEDS: 2EE107F       0       0       0       0       0   181CD    3039       0       0
   15000000             235000000             235000000             2.6461118E-05         1.0000000E+30                 0       
 NEXT SEEDS: 4655C76       0       0       0       0       0   181CD    3039       0       0
   20000000             230000000             230000000             2.6448556E-05         1.0000000E+30                 0       
 NEXT SEEDS: 5DC66FC       0       0       0       0       0   181CD    3039       0       0
   25000000             225000000             225000000             2.6440664E-05         1.0000000E+30                 0       
 NEXT SEEDS: 7534BE1       0       0       0       0       0   181CD    3039       0       0
   30000000             220000000             220000000             2.6434012E-05         1.0000000E+30                 0       
 NEXT SEEDS: 8CA5945       0       0       0       0       0   181CD    3039       0       0
   35000000             215000000             215000000             2.6434059E-05         1.0000000E+30                 0       
 NEXT SEEDS: A41706B       0       0       0       0       0   181CD    3039       0       0
   40000000             210000000             210000000             2.6441270E-05         1.0000000E+30                 0       
 NEXT SEEDS: BB88FA4       0       0       0       0       0   181CD    3039       0       0
   45000000             205000000             205000000             2.6445685E-05         1.0000000E+30                 0       
 NEXT SEEDS: D2FB5C2       0       0       0       0       0   181CD    3039       0       0
   50000000             200000000             200000000             2.6450763E-05         1.0000000E+30                 0       
 NEXT SEEDS: EA6D7F8       0       0       0       0       0   181CD    3039       0       0
   55000000             195000000             195000000             2.6454824E-05         1.0000000E+30                 0       
 NEXT SEEDS:101E1FF5       0       0       0       0       0   181CD    3039       0       0
   60000000             190000000             190000000             2.6457642E-05         1.0000000E+30                 0       
 NEXT SEEDS:119564FC       0       0       0       0       0   181CD    3039       0       0
   65000000             185000000             185000000             2.6460315E-05         1.0000000E+30                 0       
 NEXT SEEDS:130C8852       0       0       0       0       0   181CD    3039       0       0
   70000000             180000000             180000000             2.6461165E-05         1.0000000E+30                 0       
 NEXT SEEDS:148353FA       0       0       0       0       0   181CD    3039       0       0
   75000000             175000000             175000000             2.6459685E-05         1.0000000E+30                 0       
 NEXT SEEDS:15FA6AE7       0       0       0       0       0   181CD    3039       0       0
   80000000             170000000             170000000             2.6460677E-05         1.0000000E+30                 0       
 NEXT SEEDS:17717EAB       0       0       0       0       0   181CD    3039       0       0
  *** Emfgeo: Ncoun  2000000000
   85000000             165000000             165000000             2.6466052E-05         1.0000000E+30                 0       
 NEXT SEEDS:18E876F2       0       0       0       0       0   181CD    3039       0       0
   90000000             160000000             160000000             2.6464585E-05         1.0000000E+30                 0       
 NEXT SEEDS:1A5F847D       0       0       0       0       0   181CD    3039       0       0
   95000000             155000000             155000000             2.6463735E-05         1.0000000E+30                 0       
 NEXT SEEDS:1BD68C41       0       0       0       0       0   181CD    3039       0       0
  100000000             150000000             150000000             2.6463700E-05         1.0000000E+30                 0       
 NEXT SEEDS:1D4D8D98       0       0       0       0       0   181CD    3039       0       0
  105000000             145000000             145000000             2.6462918E-05         1.0000000E+30                 0       
 NEXT SEEDS:1EC49EC8       0       0       0       0       0   181CD    3039       0       0
  110000000             140000000             140000000             2.6463232E-05         1.0000000E+30                 0       
 NEXT SEEDS:203B9D85       0       0       0       0       0   181CD    3039       0       0
  115000000             135000000             135000000             2.6461678E-05         1.0000000E+30                 0       
 NEXT SEEDS:21B2B4B5       0       0       0       0       0   181CD    3039       0       0
  120000000             130000000             130000000             2.6458852E-05         1.0000000E+30                 0       
 NEXT SEEDS:232980CE       0       0       0       0       0   181CD    3039       0       0
  125000000             125000000             125000000             2.6458804E-05         1.0000000E+30                 0       
 NEXT SEEDS:24A08A4F       0       0       0       0       0   181CD    3039       0       0
  130000000             120000000             120000000             2.6457793E-05         1.0000000E+30                 0       
 NEXT SEEDS:26179CA9       0       0       0       0       0   181CD    3039       0       0
  135000000             115000000             115000000             2.6459704E-05         1.0000000E+30                 0       
 NEXT SEEDS:278E823C       0       0       0       0       0   181CD    3039       0       0
  140000000             110000000             110000000             2.6462820E-05         1.0000000E+30                 0       
 NEXT SEEDS:2905BA65       0       0       0       0       0   181CD    3039       0       0
  145000000             105000000             105000000             2.6463752E-05         1.0000000E+30                 0       
 NEXT SEEDS:2A7CC45F       0       0       0       0       0   181CD    3039       0       0
  150000000             100000000             100000000             2.6462503E-05         1.0000000E+30                 0       
 NEXT SEEDS:2BF3A7E5       0       0       0       0       0   181CD    3039       0       0
  155000000              95000000              95000000             2.6463695E-05         1.0000000E+30                 0       
 NEXT SEEDS:2D6AC60E       0       0       0       0       0   181CD    3039       0       0
  160000000              90000000              90000000             2.6464247E-05         1.0000000E+30                 0       
 NEXT SEEDS:2EE1D312       0       0       0       0       0   181CD    3039       0       0
  *** Emfgeo: Ncoun  2000000000
  165000000              85000000              85000000             2.6463984E-05         1.0000000E+30                 0       
 NEXT SEEDS:305923A2       0       0       0       0       0   181CD    3039       0       0
  170000000              80000000              80000000             2.6462650E-05         1.0000000E+30                 0       
 NEXT SEEDS:31D0404B       0       0       0       0       0   181CD    3039       0       0
  175000000              75000000              75000000             2.6461661E-05         1.0000000E+30                 0       
 NEXT SEEDS:33473E53       0       0       0       0       0   181CD    3039       0       0
  180000000              70000000              70000000             2.6461467E-05         1.0000000E+30                 0       
 NEXT SEEDS:34BE80F6       0       0       0       0       0   181CD    3039       0       0
  185000000              65000000              65000000             2.6461253E-05         1.0000000E+30                 0       
 NEXT SEEDS:3635B86F       0       0       0       0       0   181CD    3039       0       0
  190000000              60000000              60000000             2.6461894E-05         1.0000000E+30                 0       
 NEXT SEEDS:37ACB749       0       0       0       0       0   181CD    3039       0       0
  195000000              55000000              55000000             2.6463412E-05         1.0000000E+30                 0       
 NEXT SEEDS:3923C587       0       0       0       0       0   181CD    3039       0       0
  200000000              50000000              50000000             2.6463529E-05         1.0000000E+30                 0       
 NEXT SEEDS:3A9ADDF8       0       0       0       0       0   181CD    3039       0       0
  205000000              45000000              45000000             2.6464525E-05         1.0000000E+30                 0       
 NEXT SEEDS:  774E00       1       0       0       0       0   181CD    3039       0       0
  210000000              40000000              40000000             2.6464852E-05         1.0000000E+30                 0       
 NEXT SEEDS: 1EE6937       1       0       0       0       0   181CD    3039       0       0
  215000000              35000000              35000000             2.6463909E-05         1.0000000E+30                 0       
 NEXT SEEDS: 365486D       1       0       0       0       0   181CD    3039       0       0
  220000000              30000000              30000000             2.6464334E-05         1.0000000E+30                 0       
 NEXT SEEDS: 4DC4817       1       0       0       0       0   181CD    3039       0       0
  225000000              25000000              25000000             2.6464641E-05         1.0000000E+30                 0       
 NEXT SEEDS: 65345C1       1       0       0       0       0   181CD    3039       0       0
  230000000              20000000              20000000             2.6465352E-05         1.0000000E+30                 0       
 NEXT SEEDS: 7CA8499       1       0       0       0       0   181CD    3039       0       0
  235000000              15000000              15000000             2.6466178E-05         1.0000000E+30                 0       
 NEXT SEEDS: 941950C       1       0       0       0       0   181CD    3039       0       0
  240000000              10000000              10000000             2.6464645E-05         1.0000000E+30                 0       
 NEXT SEEDS: AB8AC15       1       0       0       0       0   181CD    3039       0       0
  *** Emfgeo: Ncoun  2000000000
  245000000               5000000               5000000             2.6464528E-05         1.0000000E+30                 0       
 NEXT SEEDS: C2FC3FA       1       0       0       0       0   181CD    3039       0       0
  249999950                    50                    50             2.6464729E-05         1.0000000E+30                 0       
 NEXT SEEDS: DA7052A       1       0       0       0       0   181CD    3039       0       0
  249999951                    49                    49             2.6464729E-05         1.0000000E+30                 0       
 NEXT SEEDS: DA7052E       1       0       0       0       0   181CD    3039       0       0
  249999952                    48                    48             2.6464730E-05         1.0000000E+30                 0       
 NEXT SEEDS: DA70540       1       0       0       0       0   181CD    3039       0       0
  249999953                    47                    47             2.6464730E-05         1.0000000E+30                 0       
 NEXT SEEDS: DA70544       1       0       0       0       0   181CD    3039       0       0
  249999954                    46                    46             2.6464730E-05         1.0000000E+30                 0       
 NEXT SEEDS: DA70548       1       0       0       0       0   181CD    3039       0       0
  249999955                    45                    45             2.6464730E-05         1.0000000E+30                 0       
 NEXT SEEDS: DA7054C       1       0       0       0       0   181CD    3039       0       0
  249999956                    44                    44             2.6464730E-05         1.0000000E+30                 0       
 NEXT SEEDS: DA70550       1       0       0       0       0   181CD    3039       0       0
  249999957                    43                    43             2.6464730E-05         1.0000000E+30                 0       
 NEXT SEEDS: DA70554       1       0       0       0       0   181CD    3039       0       0
  249999958                    42                    42             2.6464732E-05         1.0000000E+30                 0       
 NEXT SEEDS: DA70558       1       0       0       0       0   181CD    3039       0       0
  249999959                    41                    41             2.6464732E-05         1.0000000E+30                 0       
 NEXT SEEDS: DA7055C       1       0       0       0       0   181CD    3039       0       0
  249999960                    40                    40             2.6464731E-05         1.0000000E+30                 0       
 NEXT SEEDS: DA70560       1       0       0       0       0   181CD    3039       0       0
  249999961                    39                    39             2.6464731E-05         1.0000000E+30                 0       
 NEXT SEEDS: DA70564       1       0       0       0       0   181CD    3039       0       0
  249999962                    38                    38             2.6464731E-05         1.0000000E+30                 0       
 NEXT SEEDS: DA70568       1       0       0       0       0   181CD    3039       0       0
  249999963                    37                    37             2.6464731E-05         1.0000000E+30                 0       
 NEXT SEEDS: DA7056C       1       0       0       0       0   181CD    3039       0       0
  249999964                    36                    36             2.6464731E-05         1.0000000E+30                 0       
 NEXT SEEDS: DA70570       1       0       0       0       0   181CD    3039       0       0
  249999965                    35                    35             2.6464733E-05         1.0000000E+30                 0       
 NEXT SEEDS: DA70576       1       0       0       0       0   181CD    3039       0       0
  249999966                    34                    34             2.6464733E-05         1.0000000E+30                 0       
 NEXT SEEDS: DA7057A       1       0       0       0       0   181CD    3039       0       0
  249999967                    33                    33             2.6464735E-05         1.0000000E+30                 0       
 NEXT SEEDS: DA7057E       1       0       0       0       0   181CD    3039       0       0
  249999968                    32                    32             2.6464736E-05         1.0000000E+30                 0       
 NEXT SEEDS: DA70582       1       0       0       0       0   181CD    3039       0       0
  249999969                    31                    31             2.6464736E-05         1.0000000E+30                 0       
 NEXT SEEDS: DA70586       1       0       0       0       0   181CD    3039       0       0
  249999970                    30                    30             2.6464736E-05         1.0000000E+30                 0       
 NEXT SEEDS: DA70591       1       0       0       0       0   181CD    3039       0       0
  249999971                    29                    29             2.6464736E-05         1.0000000E+30                 0       
 NEXT SEEDS: DA70595       1       0       0       0       0   181CD    3039       0       0
  249999972                    28                    28             2.6464736E-05         1.0000000E+30                 0       
 NEXT SEEDS: DA70599       1       0       0       0       0   181CD    3039       0       0
  249999973                    27                    27             2.6464736E-05         1.0000000E+30                 0       
 NEXT SEEDS: DA7059D       1       0       0       0       0   181CD    3039       0       0
  249999974                    26                    26             2.6464736E-05         1.0000000E+30                 0       
 NEXT SEEDS: DA705A1       1       0       0       0       0   181CD    3039       0       0
  249999975                    25                    25             2.6464736E-05         1.0000000E+30                 0       
 NEXT SEEDS: DA705A7       1       0       0       0       0   181CD    3039       0       0
  249999976                    24                    24             2.6464736E-05         1.0000000E+30                 0       
 NEXT SEEDS: DA705B5       1       0       0       0       0   181CD    3039       0       0
  249999977                    23                    23             2.6464736E-05         1.0000000E+30                 0       
 NEXT SEEDS: DA705B9       1       0       0       0       0   181CD    3039       0       0
  249999978                    22                    22             2.6464735E-05         1.0000000E+30                 0       
 NEXT SEEDS: DA705BD       1       0       0       0       0   181CD    3039       0       0
  249999979                    21                    21             2.6464735E-05         1.0000000E+30                 0       
 NEXT SEEDS: DA705C1       1       0       0       0       0   181CD    3039       0       0
  249999980                    20                    20             2.6464735E-05         1.0000000E+30                 0       
 NEXT SEEDS: DA705C7       1       0       0       0       0   181CD    3039       0       0
  249999981                    19                    19             2.6464735E-05         1.0000000E+30                 0       
 NEXT SEEDS: DA705CB       1       0       0       0       0   181CD    3039       0       0
  249999982                    18                    18             2.6464735E-05         1.0000000E+30                 0       
 NEXT SEEDS: DA705CF       1       0       0       0       0   181CD    3039       0       0
  249999983                    17                    17             2.6464735E-05         1.0000000E+30                 0       
 NEXT SEEDS: DA705D3       1       0       0       0       0   181CD    3039       0       0
  249999984                    16                    16             2.6464735E-05         1.0000000E+30                 0       
 NEXT SEEDS: DA705D7       1       0       0       0       0   181CD    3039       0       0
  249999985                    15                    15             2.6464735E-05         1.0000000E+30                 0       
 NEXT SEEDS: DA705DB       1       0       0       0       0   181CD    3039       0       0
  249999986                    14                    14             2.6464735E-05         1.0000000E+30                 0       
 NEXT SEEDS: DA705DF       1       0       0       0       0   181CD    3039       0       0
  249999987                    13                    13             2.6464734E-05         1.0000000E+30                 0       
 NEXT SEEDS: DA705E5       1       0       0       0       0   181CD    3039       0       0
  249999988                    12                    12             2.6464734E-05         1.0000000E+30                 0       
 NEXT SEEDS: DA705E9       1       0       0       0       0   181CD    3039       0       0
  249999989                    11                    11             2.6464734E-05         1.0000000E+30                 0       
 NEXT SEEDS: DA705ED       1       0       0       0       0   181CD    3039       0       0
  249999990                    10                    10             2.6464734E-05         1.0000000E+30                 0       
 NEXT SEEDS: DA705F1       1       0       0       0       0   181CD    3039       0       0
  249999991                     9                     9             2.6464734E-05         1.0000000E+30                 0       
 NEXT SEEDS: DA705F5       1       0       0       0       0   181CD    3039       0       0
  249999992                     8                     8             2.6464734E-05         1.0000000E+30                 0       
 NEXT SEEDS: DA705F9       1       0       0       0       0   181CD    3039       0       0
  249999993                     7                     7             2.6464734E-05         1.0000000E+30                 0       
 NEXT SEEDS: DA705FF       1       0       0       0       0   181CD    3039       0       0
  249999994                     6                     6             2.6464734E-05         1.0000000E+30                 0       
 NEXT SEEDS: DA70603       1       0       0       0       0   181CD    3039       0       0
  249999995                     5                     5             2.6464734E-05         1.0000000E+30                 0       
 NEXT SEEDS: DA70607       1       0       0       0       0   181CD    3039       0       0
  249999996                     4                     4             2.6464734E-05         1.0000000E+30                 0       
 NEXT SEEDS: DA7060B       1       0       0       0       0   181CD    3039       0       0
  249999997                     3                     3             2.6464733E-05         1.0000000E+30                 0       
 NEXT SEEDS: DA7060F       1       0       0       0       0   181CD    3039       0       0
  249999998                     2                     2             2.6464733E-05         1.0000000E+30                 0       
 NEXT SEEDS: DA70613       1       0       0       0       0   181CD    3039       0       0
  249999999                     1                     1             2.6464733E-05         1.0000000E+30                 0       
 NEXT SEEDS: DA70617       1       0       0       0       0   181CD    3039       0       0
  250000000                     0                     1             2.6464733E-05         1.0000000E+30                 0       
 NEXT SEEDS: DA7061B       1       0       0       0       0   181CD    3039       0       0
