1NUMBER OF BEAM       NUMBER OF BEAM        APPROXIMATE NUMBER    AVERAGE TIME USED     TIME LEFT (RESERVED   NUMBER OF STARS
 PARTICLES HANDLED    PARTICLES LEFT        OF BEAM PARTICLES     BY A BEAM PARTICLE     10000.0 SECONDS      CREATED
                                            THAT CAN STILL BE                           FOR PRINTOUT)
                                            HANDLED

 NEXT SEEDS:       0       0       0       0       0       0   181CD    3039       0       0
          1             249999999             249999999             7.5101852E-05         1.0000000E+30                 0       
 NEXT SEEDS:       4       0       0       0       0       0   181CD    3039       0       0
 Geofar: Particle in region    25 (cell #    0)
  in position  -1.148535782E+01 -5.335810845E+00 -1.254700000E-01
  is now causing trouble, requesting a step of  2.182223414E+00 cm
  to direction  4.353978700E-01  1.998550205E-01 -8.777736984E-01
  end position -1.053522239E+01 -4.899682539E+00 -2.040968317E+00
  R2:  1.266429317E+01 R3:  1.266491470E+01 cm  error count:  0
  X*U   (2D): -6.067088916E+00 X*U   (3D): -5.956954650E+00 cm
  X*UOLD(2D):  5.256556897E+00 X*UOLD(3D):  5.149566442E+00 cm
  Kloop:    8066549, Irsave:     25, Irsav2:     25, error code:  -3 Nfrom:  5000
  old direction -2.428015577E-01 -4.625152953E-01  8.527174240E-01, lagain, lstnew, lsense, lsnsct  F  F  F  T
  Particle index    7 total energy   5.406883082E-05 GeV  Nsurf    0
 We succeeded in saving the particle:  current region is n.    26 (cell #    0)
    5000000             245000000             245000000             2.6321945E-05         1.0000000E+30                 0       
 NEXT SEEDS: 176F35F       0       0       0       0       0   181CD    3039       0       0
   10000000             240000000             240000000             2.6357567E-05         1.0000000E+30                 0       
 NEXT SEEDS: 2EE2FF6       0       0       0       0       0   181CD    3039       0       0
   15000000             235000000             235000000             2.6363844E-05         1.0000000E+30                 0       
 NEXT SEEDS: 46576F7       0       0       0       0       0   181CD    3039       0       0
   20000000             230000000             230000000             2.6348215E-05         1.0000000E+30                 0       
 NEXT SEEDS: 5DC3047       0       0       0       0       0   181CD    3039       0       0
   25000000             225000000             225000000             2.6342640E-05         1.0000000E+30                 0       
 NEXT SEEDS: 7536002       0       0       0       0       0   181CD    3039       0       0
   30000000             220000000             220000000             2.6341921E-05         1.0000000E+30                 0       
 NEXT SEEDS: 8CA914E       0       0       0       0       0   181CD    3039       0       0
   35000000             215000000             215000000             2.6340648E-05         1.0000000E+30                 0       
 NEXT SEEDS: A418E49       0       0       0       0       0   181CD    3039       0       0
   40000000             210000000             210000000             2.6341550E-05         1.0000000E+30                 0       
 NEXT SEEDS: BB8C898       0       0       0       0       0   181CD    3039       0       0
   45000000             205000000             205000000             2.6343984E-05         1.0000000E+30                 0       
 NEXT SEEDS: D300195       0       0       0       0       0   181CD    3039       0       0
   50000000             200000000             200000000             2.6343987E-05         1.0000000E+30                 0       
 NEXT SEEDS: EA75B2C       0       0       0       0       0   181CD    3039       0       0
   55000000             195000000             195000000             2.6340117E-05         1.0000000E+30                 0       
 NEXT SEEDS:101E4972       0       0       0       0       0   181CD    3039       0       0
   60000000             190000000             190000000             2.6339525E-05         1.0000000E+30                 0       
 NEXT SEEDS:11954EE9       0       0       0       0       0   181CD    3039       0       0
   65000000             185000000             185000000             2.6344413E-05         1.0000000E+30                 0       
 NEXT SEEDS:130CA9C9       0       0       0       0       0   181CD    3039       0       0
   70000000             180000000             180000000             2.6343623E-05         1.0000000E+30                 0       
 NEXT SEEDS:1483942A       0       0       0       0       0   181CD    3039       0       0
   75000000             175000000             175000000             2.6346040E-05         1.0000000E+30                 0       
 NEXT SEEDS:15FAB3B5       0       0       0       0       0   181CD    3039       0       0
   80000000             170000000             170000000             2.6345233E-05         1.0000000E+30                 0       
 NEXT SEEDS:1771E153       0       0       0       0       0   181CD    3039       0       0
  *** Emfgeo: Ncoun  2000000000
   85000000             165000000             165000000             2.6346249E-05         1.0000000E+30                 0       
 NEXT SEEDS:18E949E0       0       0       0       0       0   181CD    3039       0       0
   90000000             160000000             160000000             2.6343558E-05         1.0000000E+30                 0       
 NEXT SEEDS:1A607D9C       0       0       0       0       0   181CD    3039       0       0
   95000000             155000000             155000000             2.6345536E-05         1.0000000E+30                 0       
 NEXT SEEDS:1BD77F58       0       0       0       0       0   181CD    3039       0       0
  100000000             150000000             150000000             2.6349011E-05         1.0000000E+30                 0       
 NEXT SEEDS:1D4EBDB4       0       0       0       0       0   181CD    3039       0       0
  105000000             145000000             145000000             2.6350623E-05         1.0000000E+30                 0       
 NEXT SEEDS:1EC5B714       0       0       0       0       0   181CD    3039       0       0
  110000000             140000000             140000000             2.6349343E-05         1.0000000E+30                 0       
 NEXT SEEDS:203CA921       0       0       0       0       0   181CD    3039       0       0
  115000000             135000000             135000000             2.6347875E-05         1.0000000E+30                 0       
 NEXT SEEDS:21B3B92A       0       0       0       0       0   181CD    3039       0       0
  120000000             130000000             130000000             2.6345992E-05         1.0000000E+30                 0       
 NEXT SEEDS:232A7188       0       0       0       0       0   181CD    3039       0       0
  125000000             125000000             125000000             2.6345471E-05         1.0000000E+30                 0       
 NEXT SEEDS:24A15FF8       0       0       0       0       0   181CD    3039       0       0
  130000000             120000000             120000000             2.6347392E-05         1.0000000E+30                 0       
 NEXT SEEDS:26189290       0       0       0       0       0   181CD    3039       0       0
  135000000             115000000             115000000             2.6346624E-05         1.0000000E+30                 0       
 NEXT SEEDS:278F9568       0       0       0       0       0   181CD    3039       0       0
  140000000             110000000             110000000             2.6347534E-05         1.0000000E+30                 0       
 NEXT SEEDS:2906DB23       0       0       0       0       0   181CD    3039       0       0
  145000000             105000000             105000000             2.6347106E-05         1.0000000E+30                 0       
 NEXT SEEDS:2A7DDC28       0       0       0       0       0   181CD    3039       0       0
  150000000             100000000             100000000             2.6344868E-05         1.0000000E+30                 0       
 NEXT SEEDS:2BF4F5D1       0       0       0       0       0   181CD    3039       0       0
  155000000              95000000              95000000             2.6344851E-05         1.0000000E+30                 0       
 NEXT SEEDS:2D6BF56D       0       0       0       0       0   181CD    3039       0       0
  160000000              90000000              90000000             2.6345740E-05         1.0000000E+30                 0       
 NEXT SEEDS:2EE325FB       0       0       0       0       0   181CD    3039       0       0
  *** Emfgeo: Ncoun  2000000000
  165000000              85000000              85000000             2.6344617E-05         1.0000000E+30                 0       
 NEXT SEEDS:305A0C7F       0       0       0       0       0   181CD    3039       0       0
  170000000              80000000              80000000             2.6345511E-05         1.0000000E+30                 0       
 NEXT SEEDS:31D110D6       0       0       0       0       0   181CD    3039       0       0
  175000000              75000000              75000000             2.6346052E-05         1.0000000E+30                 0       
 NEXT SEEDS:334832F0       0       0       0       0       0   181CD    3039       0       0
  180000000              70000000              70000000             2.6346626E-05         1.0000000E+30                 0       
 NEXT SEEDS:34BF3214       0       0       0       0       0   181CD    3039       0       0
  185000000              65000000              65000000             2.6346896E-05         1.0000000E+30                 0       
 NEXT SEEDS:363675B5       0       0       0       0       0   181CD    3039       0       0
  190000000              60000000              60000000             2.6347422E-05         1.0000000E+30                 0       
 NEXT SEEDS:37AD98C7       0       0       0       0       0   181CD    3039       0       0
  195000000              55000000              55000000             2.6348405E-05         1.0000000E+30                 0       
 NEXT SEEDS:3924B8F6       0       0       0       0       0   181CD    3039       0       0
  200000000              50000000              50000000             2.6347854E-05         1.0000000E+30                 0       
 NEXT SEEDS:3A9BB21F       0       0       0       0       0   181CD    3039       0       0
  205000000              45000000              45000000             2.6348421E-05         1.0000000E+30                 0       
 NEXT SEEDS:  77EA90       1       0       0       0       0   181CD    3039       0       0
  210000000              40000000              40000000             2.6348912E-05         1.0000000E+30                 0       
 NEXT SEEDS: 1EEFA5C       1       0       0       0       0   181CD    3039       0       0
  215000000              35000000              35000000             2.6349569E-05         1.0000000E+30                 0       
 NEXT SEEDS: 36605EB       1       0       0       0       0   181CD    3039       0       0
  220000000              30000000              30000000             2.6351538E-05         1.0000000E+30                 0       
 NEXT SEEDS: 4DD3193       1       0       0       0       0   181CD    3039       0       0
  225000000              25000000              25000000             2.6352151E-05         1.0000000E+30                 0       
 NEXT SEEDS: 65475A8       1       0       0       0       0   181CD    3039       0       0
  230000000              20000000              20000000             2.6352032E-05         1.0000000E+30                 0       
 NEXT SEEDS: 7CB64E1       1       0       0       0       0   181CD    3039       0       0
  235000000              15000000              15000000             2.6351932E-05         1.0000000E+30                 0       
 NEXT SEEDS: 9429C2A       1       0       0       0       0   181CD    3039       0       0
  240000000              10000000              10000000             2.6351445E-05         1.0000000E+30                 0       
 NEXT SEEDS: AB9B48D       1       0       0       0       0   181CD    3039       0       0
  *** Emfgeo: Ncoun  2000000000
  245000000               5000000               5000000             2.6349544E-05         1.0000000E+30                 0       
 NEXT SEEDS: C308AF7       1       0       0       0       0   181CD    3039       0       0
  249999950                    50                    50             2.6348853E-05         1.0000000E+30                 0       
 NEXT SEEDS: DA7C22E       1       0       0       0       0   181CD    3039       0       0
  249999951                    49                    49             2.6348855E-05         1.0000000E+30                 0       
 NEXT SEEDS: DA7C232       1       0       0       0       0   181CD    3039       0       0
  249999952                    48                    48             2.6348855E-05         1.0000000E+30                 0       
 NEXT SEEDS: DA7C236       1       0       0       0       0   181CD    3039       0       0
  249999953                    47                    47             2.6348855E-05         1.0000000E+30                 0       
 NEXT SEEDS: DA7C23A       1       0       0       0       0   181CD    3039       0       0
  249999954                    46                    46             2.6348855E-05         1.0000000E+30                 0       
 NEXT SEEDS: DA7C23E       1       0       0       0       0   181CD    3039       0       0
  249999955                    45                    45             2.6348854E-05         1.0000000E+30                 0       
 NEXT SEEDS: DA7C242       1       0       0       0       0   181CD    3039       0       0
  249999956                    44                    44             2.6348854E-05         1.0000000E+30                 0       
 NEXT SEEDS: DA7C246       1       0       0       0       0   181CD    3039       0       0
  249999957                    43                    43             2.6348854E-05         1.0000000E+30                 0       
 NEXT SEEDS: DA7C24A       1       0       0       0       0   181CD    3039       0       0
  249999958                    42                    42             2.6348854E-05         1.0000000E+30                 0       
 NEXT SEEDS: DA7C24E       1       0       0       0       0   181CD    3039       0       0
  249999959                    41                    41             2.6348854E-05         1.0000000E+30                 0       
 NEXT SEEDS: DA7C252       1       0       0       0       0   181CD    3039       0       0
  249999960                    40                    40             2.6348854E-05         1.0000000E+30                 0       
 NEXT SEEDS: DA7C256       1       0       0       0       0   181CD    3039       0       0
  249999961                    39                    39             2.6348854E-05         1.0000000E+30                 0       
 NEXT SEEDS: DA7C25A       1       0       0       0       0   181CD    3039       0       0
  249999962                    38                    38             2.6348854E-05         1.0000000E+30                 0       
 NEXT SEEDS: DA7C25E       1       0       0       0       0   181CD    3039       0       0
  249999963                    37                    37             2.6348856E-05         1.0000000E+30                 0       
 NEXT SEEDS: DA7C262       1       0       0       0       0   181CD    3039       0       0
  249999964                    36                    36             2.6348855E-05         1.0000000E+30                 0       
 NEXT SEEDS: DA7C266       1       0       0       0       0   181CD    3039       0       0
  249999965                    35                    35             2.6348855E-05         1.0000000E+30                 0       
 NEXT SEEDS: DA7C26A       1       0       0       0       0   181CD    3039       0       0
  249999966                    34                    34             2.6348855E-05         1.0000000E+30                 0       
 NEXT SEEDS: DA7C26E       1       0       0       0       0   181CD    3039       0       0
  249999967                    33                    33             2.6348855E-05         1.0000000E+30                 0       
 NEXT SEEDS: DA7C272       1       0       0       0       0   181CD    3039       0       0
  249999968                    32                    32             2.6348855E-05         1.0000000E+30                 0       
 NEXT SEEDS: DA7C276       1       0       0       0       0   181CD    3039       0       0
  249999969                    31                    31             2.6348855E-05         1.0000000E+30                 0       
 NEXT SEEDS: DA7C27A       1       0       0       0       0   181CD    3039       0       0
  249999970                    30                    30             2.6348857E-05         1.0000000E+30                 0       
 NEXT SEEDS: DA7C27E       1       0       0       0       0   181CD    3039       0       0
  249999971                    29                    29             2.6348857E-05         1.0000000E+30                 0       
 NEXT SEEDS: DA7C282       1       0       0       0       0   181CD    3039       0       0
  249999972                    28                    28             2.6348857E-05         1.0000000E+30                 0       
 NEXT SEEDS: DA7C286       1       0       0       0       0   181CD    3039       0       0
  249999973                    27                    27             2.6348858E-05         1.0000000E+30                 0       
 NEXT SEEDS: DA7C28A       1       0       0       0       0   181CD    3039       0       0
  249999974                    26                    26             2.6348858E-05         1.0000000E+30                 0       
 NEXT SEEDS: DA7C28E       1       0       0       0       0   181CD    3039       0       0
  249999975                    25                    25             2.6348860E-05         1.0000000E+30                 0       
 NEXT SEEDS: DA7C292       1       0       0       0       0   181CD    3039       0       0
  249999976                    24                    24             2.6348860E-05         1.0000000E+30                 0       
 NEXT SEEDS: DA7C296       1       0       0       0       0   181CD    3039       0       0
  249999977                    23                    23             2.6348862E-05         1.0000000E+30                 0       
 NEXT SEEDS: DA7C29A       1       0       0       0       0   181CD    3039       0       0
  249999978                    22                    22             2.6348864E-05         1.0000000E+30                 0       
 NEXT SEEDS: DA7C2AE       1       0       0       0       0   181CD    3039       0       0
  249999979                    21                    21             2.6348864E-05         1.0000000E+30                 0       
 NEXT SEEDS: DA7C2B2       1       0       0       0       0   181CD    3039       0       0
  249999980                    20                    20             2.6348863E-05         1.0000000E+30                 0       
 NEXT SEEDS: DA7C2B8       1       0       0       0       0   181CD    3039       0       0
  249999981                    19                    19             2.6348863E-05         1.0000000E+30                 0       
 NEXT SEEDS: DA7C2BC       1       0       0       0       0   181CD    3039       0       0
  249999982                    18                    18             2.6348863E-05         1.0000000E+30                 0       
 NEXT SEEDS: DA7C2C0       1       0       0       0       0   181CD    3039       0       0
  249999983                    17                    17             2.6348863E-05         1.0000000E+30                 0       
 NEXT SEEDS: DA7C2C4       1       0       0       0       0   181CD    3039       0       0
  249999984                    16                    16             2.6348863E-05         1.0000000E+30                 0       
 NEXT SEEDS: DA7C2C8       1       0       0       0       0   181CD    3039       0       0
  249999985                    15                    15             2.6348863E-05         1.0000000E+30                 0       
 NEXT SEEDS: DA7C2CC       1       0       0       0       0   181CD    3039       0       0
  249999986                    14                    14             2.6348863E-05         1.0000000E+30                 0       
 NEXT SEEDS: DA7C2D0       1       0       0       0       0   181CD    3039       0       0
  249999987                    13                    13             2.6348863E-05         1.0000000E+30                 0       
 NEXT SEEDS: DA7C2D4       1       0       0       0       0   181CD    3039       0       0
  249999988                    12                    12             2.6348863E-05         1.0000000E+30                 0       
 NEXT SEEDS: DA7C2D8       1       0       0       0       0   181CD    3039       0       0
  249999989                    11                    11             2.6348864E-05         1.0000000E+30                 0       
 NEXT SEEDS: DA7C2DC       1       0       0       0       0   181CD    3039       0       0
  249999990                    10                    10             2.6348864E-05         1.0000000E+30                 0       
 NEXT SEEDS: DA7C2E2       1       0       0       0       0   181CD    3039       0       0
  249999991                     9                     9             2.6348866E-05         1.0000000E+30                 0       
 NEXT SEEDS: DA7C2E6       1       0       0       0       0   181CD    3039       0       0
  249999992                     8                     8             2.6348866E-05         1.0000000E+30                 0       
 NEXT SEEDS: DA7C304       1       0       0       0       0   181CD    3039       0       0
  249999993                     7                     7             2.6348866E-05         1.0000000E+30                 0       
 NEXT SEEDS: DA7C308       1       0       0       0       0   181CD    3039       0       0
  249999994                     6                     6             2.6348866E-05         1.0000000E+30                 0       
 NEXT SEEDS: DA7C30C       1       0       0       0       0   181CD    3039       0       0
  249999995                     5                     5             2.6348866E-05         1.0000000E+30                 0       
 NEXT SEEDS: DA7C310       1       0       0       0       0   181CD    3039       0       0
  249999996                     4                     4             2.6348866E-05         1.0000000E+30                 0       
 NEXT SEEDS: DA7C314       1       0       0       0       0   181CD    3039       0       0
  249999997                     3                     3             2.6348866E-05         1.0000000E+30                 0       
 NEXT SEEDS: DA7C318       1       0       0       0       0   181CD    3039       0       0
  249999998                     2                     2             2.6348866E-05         1.0000000E+30                 0       
 NEXT SEEDS: DA7C31C       1       0       0       0       0   181CD    3039       0       0
  249999999                     1                     1             2.6348865E-05         1.0000000E+30                 0       
 NEXT SEEDS: DA7C320       1       0       0       0       0   181CD    3039       0       0
  250000000                     0                     1             2.6348865E-05         1.0000000E+30                 0       
 NEXT SEEDS: DA7C324       1       0       0       0       0   181CD    3039       0       0
