1NUMBER OF BEAM       NUMBER OF BEAM        APPROXIMATE NUMBER    AVERAGE TIME USED     TIME LEFT (RESERVED   NUMBER OF STARS
 PARTICLES HANDLED    PARTICLES LEFT        OF BEAM PARTICLES     BY A BEAM PARTICLE     10000.0 SECONDS      CREATED
                                            THAT CAN STILL BE                           FOR PRINTOUT)
                                            HANDLED

 NEXT SEEDS:       0       0       0       0       0       0   181CD    3039       0       0
          1             249999999             249999999             7.7009201E-05         1.0000000E+30                 0       
 NEXT SEEDS:       4       0       0       0       0       0   181CD    3039       0       0
    5000000             245000000             245000000             2.6657497E-05         1.0000000E+30                 0       
 NEXT SEEDS: 17735B3       0       0       0       0       0   181CD    3039       0       0
   10000000             240000000             240000000             2.6751772E-05         1.0000000E+30                 0       
 NEXT SEEDS: 2EE31BC       0       0       0       0       0   181CD    3039       0       0
   15000000             235000000             235000000             2.6667431E-05         1.0000000E+30                 0       
 NEXT SEEDS: 46509BB       0       0       0       0       0   181CD    3039       0       0
   20000000             230000000             230000000             2.6611967E-05         1.0000000E+30                 0       
 NEXT SEEDS: 5DC1E50       0       0       0       0       0   181CD    3039       0       0
   25000000             225000000             225000000             2.6595938E-05         1.0000000E+30                 0       
 NEXT SEEDS: 752F8D6       0       0       0       0       0   181CD    3039       0       0
   30000000             220000000             220000000             2.6581690E-05         1.0000000E+30                 0       
 NEXT SEEDS: 8CA334B       0       0       0       0       0   181CD    3039       0       0
   35000000             215000000             215000000             2.6569553E-05         1.0000000E+30                 0       
 NEXT SEEDS: A415369       0       0       0       0       0   181CD    3039       0       0
   40000000             210000000             210000000             2.6560489E-05         1.0000000E+30                 0       
 NEXT SEEDS: BB8680B       0       0       0       0       0   181CD    3039       0       0
   45000000             205000000             205000000             2.6553489E-05         1.0000000E+30                 0       
 NEXT SEEDS: D2F88FA       0       0       0       0       0   181CD    3039       0       0
   50000000             200000000             200000000             2.6551131E-05         1.0000000E+30                 0       
 NEXT SEEDS: EA691F9       0       0       0       0       0   181CD    3039       0       0
   55000000             195000000             195000000             2.6548476E-05         1.0000000E+30                 0       
 NEXT SEEDS:101D5D6C       0       0       0       0       0   181CD    3039       0       0
   60000000             190000000             190000000             2.6546806E-05         1.0000000E+30                 0       
 NEXT SEEDS:11949920       0       0       0       0       0   181CD    3039       0       0
   65000000             185000000             185000000             2.6545097E-05         1.0000000E+30                 0       
 NEXT SEEDS:130BA637       0       0       0       0       0   181CD    3039       0       0
   70000000             180000000             180000000             2.6538730E-05         1.0000000E+30                 0       
 NEXT SEEDS:1482B8C8       0       0       0       0       0   181CD    3039       0       0
   75000000             175000000             175000000             2.6537766E-05         1.0000000E+30                 0       
 NEXT SEEDS:15F9D99F       0       0       0       0       0   181CD    3039       0       0
   80000000             170000000             170000000             2.6536321E-05         1.0000000E+30                 0       
 NEXT SEEDS:1770E48B       0       0       0       0       0   181CD    3039       0       0
  *** Emfgeo: Ncoun  2000000000
   85000000             165000000             165000000             2.6535589E-05         1.0000000E+30                 0       
 NEXT SEEDS:18E80B99       0       0       0       0       0   181CD    3039       0       0
   90000000             160000000             160000000             2.6532839E-05         1.0000000E+30                 0       
 NEXT SEEDS:1A5EFC45       0       0       0       0       0   181CD    3039       0       0
   95000000             155000000             155000000             2.6532215E-05         1.0000000E+30                 0       
 NEXT SEEDS:1BD5D2A6       0       0       0       0       0   181CD    3039       0       0
  100000000             150000000             150000000             2.6533090E-05         1.0000000E+30                 0       
 NEXT SEEDS:1D4CF3A1       0       0       0       0       0   181CD    3039       0       0
  105000000             145000000             145000000             2.6534074E-05         1.0000000E+30                 0       
 NEXT SEEDS:1EC3FACF       0       0       0       0       0   181CD    3039       0       0
  110000000             140000000             140000000             2.6531216E-05         1.0000000E+30                 0       
 NEXT SEEDS:203AC9E0       0       0       0       0       0   181CD    3039       0       0
  115000000             135000000             135000000             2.6533100E-05         1.0000000E+30                 0       
 NEXT SEEDS:21B20CAD       0       0       0       0       0   181CD    3039       0       0
  120000000             130000000             130000000             2.6530958E-05         1.0000000E+30                 0       
 NEXT SEEDS:23290BB0       0       0       0       0       0   181CD    3039       0       0
  125000000             125000000             125000000             2.6529905E-05         1.0000000E+30                 0       
 NEXT SEEDS:249FDE4A       0       0       0       0       0   181CD    3039       0       0
  130000000             120000000             120000000             2.6527734E-05         1.0000000E+30                 0       
 NEXT SEEDS:2616D1BE       0       0       0       0       0   181CD    3039       0       0
  135000000             115000000             115000000             2.6525818E-05         1.0000000E+30                 0       
 NEXT SEEDS:278D9B18       0       0       0       0       0   181CD    3039       0       0
  140000000             110000000             110000000             2.6525894E-05         1.0000000E+30                 0       
 NEXT SEEDS:2904A082       0       0       0       0       0   181CD    3039       0       0
  145000000             105000000             105000000             2.6526830E-05         1.0000000E+30                 0       
 NEXT SEEDS:2A7B95A3       0       0       0       0       0   181CD    3039       0       0
  150000000             100000000             100000000             2.6524304E-05         1.0000000E+30                 0       
 NEXT SEEDS:2BF27C09       0       0       0       0       0   181CD    3039       0       0
  155000000              95000000              95000000             2.6521748E-05         1.0000000E+30                 0       
 NEXT SEEDS:2D69A665       0       0       0       0       0   181CD    3039       0       0
  160000000              90000000              90000000             2.6523910E-05         1.0000000E+30                 0       
 NEXT SEEDS:2EE11D71       0       0       0       0       0   181CD    3039       0       0
  *** Emfgeo: Ncoun  2000000000
  165000000              85000000              85000000             2.6522937E-05         1.0000000E+30                 0       
 NEXT SEEDS:30587AE2       0       0       0       0       0   181CD    3039       0       0
  170000000              80000000              80000000             2.6519077E-05         1.0000000E+30                 0       
 NEXT SEEDS:31CF38C9       0       0       0       0       0   181CD    3039       0       0
  175000000              75000000              75000000             2.6517915E-05         1.0000000E+30                 0       
 NEXT SEEDS:334644C6       0       0       0       0       0   181CD    3039       0       0
  180000000              70000000              70000000             2.6518394E-05         1.0000000E+30                 0       
 NEXT SEEDS:34BD5FFF       0       0       0       0       0   181CD    3039       0       0
  185000000              65000000              65000000             2.6517279E-05         1.0000000E+30                 0       
 NEXT SEEDS:363442BE       0       0       0       0       0   181CD    3039       0       0
  190000000              60000000              60000000             2.6517961E-05         1.0000000E+30                 0       
 NEXT SEEDS:37AB66B4       0       0       0       0       0   181CD    3039       0       0
  195000000              55000000              55000000             2.6518326E-05         1.0000000E+30                 0       
 NEXT SEEDS:39229551       0       0       0       0       0   181CD    3039       0       0
  200000000              50000000              50000000             2.6516733E-05         1.0000000E+30                 0       
 NEXT SEEDS:3A998671       0       0       0       0       0   181CD    3039       0       0
  205000000              45000000              45000000             2.6516639E-05         1.0000000E+30                 0       
 NEXT SEEDS:  75AFEE       1       0       0       0       0   181CD    3039       0       0
  210000000              40000000              40000000             2.6515687E-05         1.0000000E+30                 0       
 NEXT SEEDS: 1ECDE77       1       0       0       0       0   181CD    3039       0       0
  215000000              35000000              35000000             2.6515899E-05         1.0000000E+30                 0       
 NEXT SEEDS: 364320F       1       0       0       0       0   181CD    3039       0       0
  220000000              30000000              30000000             2.6516171E-05         1.0000000E+30                 0       
 NEXT SEEDS: 4DB753C       1       0       0       0       0   181CD    3039       0       0
  225000000              25000000              25000000             2.6515714E-05         1.0000000E+30                 0       
 NEXT SEEDS: 65288D9       1       0       0       0       0   181CD    3039       0       0
  230000000              20000000              20000000             2.6515185E-05         1.0000000E+30                 0       
 NEXT SEEDS: 7C98E9E       1       0       0       0       0   181CD    3039       0       0
  235000000              15000000              15000000             2.6514752E-05         1.0000000E+30                 0       
 NEXT SEEDS: 94095D4       1       0       0       0       0   181CD    3039       0       0
  240000000              10000000              10000000             2.6514585E-05         1.0000000E+30                 0       
 NEXT SEEDS: AB7750E       1       0       0       0       0   181CD    3039       0       0
  *** Emfgeo: Ncoun  2000000000
  245000000               5000000               5000000             2.6514343E-05         1.0000000E+30                 0       
 NEXT SEEDS: C2E6042       1       0       0       0       0   181CD    3039       0       0
  249999950                    50                    50             2.6514042E-05         1.0000000E+30                 0       
 NEXT SEEDS: DA54F46       1       0       0       0       0   181CD    3039       0       0
  249999951                    49                    49             2.6514042E-05         1.0000000E+30                 0       
 NEXT SEEDS: DA54F4A       1       0       0       0       0   181CD    3039       0       0
  249999952                    48                    48             2.6514042E-05         1.0000000E+30                 0       
 NEXT SEEDS: DA54F4E       1       0       0       0       0   181CD    3039       0       0
  249999953                    47                    47             2.6514042E-05         1.0000000E+30                 0       
 NEXT SEEDS: DA54F52       1       0       0       0       0   181CD    3039       0       0
  249999954                    46                    46             2.6514044E-05         1.0000000E+30                 0       
 NEXT SEEDS: DA54F56       1       0       0       0       0   181CD    3039       0       0
  249999955                    45                    45             2.6514043E-05         1.0000000E+30                 0       
 NEXT SEEDS: DA54F5A       1       0       0       0       0   181CD    3039       0       0
  249999956                    44                    44             2.6514045E-05         1.0000000E+30                 0       
 NEXT SEEDS: DA54F5E       1       0       0       0       0   181CD    3039       0       0
  249999957                    43                    43             2.6514045E-05         1.0000000E+30                 0       
 NEXT SEEDS: DA54F62       1       0       0       0       0   181CD    3039       0       0
  249999958                    42                    42             2.6514047E-05         1.0000000E+30                 0       
 NEXT SEEDS: DA54F68       1       0       0       0       0   181CD    3039       0       0
  249999959                    41                    41             2.6514047E-05         1.0000000E+30                 0       
 NEXT SEEDS: DA54F6C       1       0       0       0       0   181CD    3039       0       0
  249999960                    40                    40             2.6514047E-05         1.0000000E+30                 0       
 NEXT SEEDS: DA54F70       1       0       0       0       0   181CD    3039       0       0
  249999961                    39                    39             2.6514049E-05         1.0000000E+30                 0       
 NEXT SEEDS: DA54F74       1       0       0       0       0   181CD    3039       0       0
  249999962                    38                    38             2.6514049E-05         1.0000000E+30                 0       
 NEXT SEEDS: DA54F78       1       0       0       0       0   181CD    3039       0       0
  249999963                    37                    37             2.6514050E-05         1.0000000E+30                 0       
 NEXT SEEDS: DA54F7C       1       0       0       0       0   181CD    3039       0       0
  249999964                    36                    36             2.6514050E-05         1.0000000E+30                 0       
 NEXT SEEDS: DA54F82       1       0       0       0       0   181CD    3039       0       0
  249999965                    35                    35             2.6514050E-05         1.0000000E+30                 0       
 NEXT SEEDS: DA54F86       1       0       0       0       0   181CD    3039       0       0
  249999966                    34                    34             2.6514050E-05         1.0000000E+30                 0       
 NEXT SEEDS: DA54F8A       1       0       0       0       0   181CD    3039       0       0
  249999967                    33                    33             2.6514050E-05         1.0000000E+30                 0       
 NEXT SEEDS: DA54F8E       1       0       0       0       0   181CD    3039       0       0
  249999968                    32                    32             2.6514050E-05         1.0000000E+30                 0       
 NEXT SEEDS: DA54FB4       1       0       0       0       0   181CD    3039       0       0
  249999969                    31                    31             2.6514052E-05         1.0000000E+30                 0       
 NEXT SEEDS: DA54FB8       1       0       0       0       0   181CD    3039       0       0
  249999970                    30                    30             2.6514052E-05         1.0000000E+30                 0       
 NEXT SEEDS: DA54FBC       1       0       0       0       0   181CD    3039       0       0
  249999971                    29                    29             2.6514052E-05         1.0000000E+30                 0       
 NEXT SEEDS: DA54FC0       1       0       0       0       0   181CD    3039       0       0
  249999972                    28                    28             2.6514053E-05         1.0000000E+30                 0       
 NEXT SEEDS: DA54FC4       1       0       0       0       0   181CD    3039       0       0
  249999973                    27                    27             2.6514053E-05         1.0000000E+30                 0       
 NEXT SEEDS: DA54FC8       1       0       0       0       0   181CD    3039       0       0
  249999974                    26                    26             2.6514053E-05         1.0000000E+30                 0       
 NEXT SEEDS: DA54FCC       1       0       0       0       0   181CD    3039       0       0
  249999975                    25                    25             2.6514053E-05         1.0000000E+30                 0       
 NEXT SEEDS: DA54FD0       1       0       0       0       0   181CD    3039       0       0
  249999976                    24                    24             2.6514053E-05         1.0000000E+30                 0       
 NEXT SEEDS: DA54FD4       1       0       0       0       0   181CD    3039       0       0
  249999977                    23                    23             2.6514053E-05         1.0000000E+30                 0       
 NEXT SEEDS: DA54FD8       1       0       0       0       0   181CD    3039       0       0
  249999978                    22                    22             2.6514053E-05         1.0000000E+30                 0       
 NEXT SEEDS: DA54FDC       1       0       0       0       0   181CD    3039       0       0
  249999979                    21                    21             2.6514053E-05         1.0000000E+30                 0       
 NEXT SEEDS: DA54FE0       1       0       0       0       0   181CD    3039       0       0
  249999980                    20                    20             2.6514054E-05         1.0000000E+30                 0       
 NEXT SEEDS: DA54FE4       1       0       0       0       0   181CD    3039       0       0
  249999981                    19                    19             2.6514054E-05         1.0000000E+30                 0       
 NEXT SEEDS: DA54FE8       1       0       0       0       0   181CD    3039       0       0
  249999982                    18                    18             2.6514054E-05         1.0000000E+30                 0       
 NEXT SEEDS: DA54FEC       1       0       0       0       0   181CD    3039       0       0
  249999983                    17                    17             2.6514056E-05         1.0000000E+30                 0       
 NEXT SEEDS: DA54FF0       1       0       0       0       0   181CD    3039       0       0
  249999984                    16                    16             2.6514056E-05         1.0000000E+30                 0       
 NEXT SEEDS: DA54FF4       1       0       0       0       0   181CD    3039       0       0
  249999985                    15                    15             2.6514058E-05         1.0000000E+30                 0       
 NEXT SEEDS: DA55008       1       0       0       0       0   181CD    3039       0       0
  249999986                    14                    14             2.6514058E-05         1.0000000E+30                 0       
 NEXT SEEDS: DA5500E       1       0       0       0       0   181CD    3039       0       0
  249999987                    13                    13             2.6514058E-05         1.0000000E+30                 0       
 NEXT SEEDS: DA55012       1       0       0       0       0   181CD    3039       0       0
  249999988                    12                    12             2.6514058E-05         1.0000000E+30                 0       
 NEXT SEEDS: DA55016       1       0       0       0       0   181CD    3039       0       0
  249999989                    11                    11             2.6514057E-05         1.0000000E+30                 0       
 NEXT SEEDS: DA5501A       1       0       0       0       0   181CD    3039       0       0
  249999990                    10                    10             2.6514057E-05         1.0000000E+30                 0       
 NEXT SEEDS: DA5501E       1       0       0       0       0   181CD    3039       0       0
  249999991                     9                     9             2.6514059E-05         1.0000000E+30                 0       
 NEXT SEEDS: DA55022       1       0       0       0       0   181CD    3039       0       0
  249999992                     8                     8             2.6514059E-05         1.0000000E+30                 0       
 NEXT SEEDS: DA55026       1       0       0       0       0   181CD    3039       0       0
  249999993                     7                     7             2.6514059E-05         1.0000000E+30                 0       
 NEXT SEEDS: DA5502A       1       0       0       0       0   181CD    3039       0       0
  249999994                     6                     6             2.6514061E-05         1.0000000E+30                 0       
 NEXT SEEDS: DA5502E       1       0       0       0       0   181CD    3039       0       0
  249999995                     5                     5             2.6514061E-05         1.0000000E+30                 0       
 NEXT SEEDS: DA55032       1       0       0       0       0   181CD    3039       0       0
  249999996                     4                     4             2.6514063E-05         1.0000000E+30                 0       
 NEXT SEEDS: DA55036       1       0       0       0       0   181CD    3039       0       0
  249999997                     3                     3             2.6514062E-05         1.0000000E+30                 0       
 NEXT SEEDS: DA5503A       1       0       0       0       0   181CD    3039       0       0
  249999998                     2                     2             2.6514064E-05         1.0000000E+30                 0       
 NEXT SEEDS: DA55040       1       0       0       0       0   181CD    3039       0       0
  249999999                     1                     1             2.6514064E-05         1.0000000E+30                 0       
 NEXT SEEDS: DA55044       1       0       0       0       0   181CD    3039       0       0
  250000000                     0                     1             2.6514064E-05         1.0000000E+30                 0       
 NEXT SEEDS: DA55048       1       0       0       0       0   181CD    3039       0       0
