1NUMBER OF BEAM       NUMBER OF BEAM        APPROXIMATE NUMBER    AVERAGE TIME USED     TIME LEFT (RESERVED   NUMBER OF STARS
 PARTICLES HANDLED    PARTICLES LEFT        OF BEAM PARTICLES     BY A BEAM PARTICLE     10000.0 SECONDS      CREATED
                                            THAT CAN STILL BE                           FOR PRINTOUT)
                                            HANDLED

 NEXT SEEDS:       0       0       0       0       0       0   181CD    3039       0       0
          1             249999999             249999999             7.6770782E-05         1.0000000E+30                 0       
 NEXT SEEDS:       4       0       0       0       0       0   181CD    3039       0       0
    5000000             245000000             245000000             2.6524065E-05         1.0000000E+30                 0       
 NEXT SEEDS: 1775202       0       0       0       0       0   181CD    3039       0       0
   10000000             240000000             240000000             2.6480189E-05         1.0000000E+30                 0       
 NEXT SEEDS: 2EE3BCE       0       0       0       0       0   181CD    3039       0       0
   15000000             235000000             235000000             2.6454385E-05         1.0000000E+30                 0       
 NEXT SEEDS: 4657878       0       0       0       0       0   181CD    3039       0       0
   20000000             230000000             230000000             2.6441419E-05         1.0000000E+30                 0       
 NEXT SEEDS: 5DC5A7B       0       0       0       0       0   181CD    3039       0       0
   25000000             225000000             225000000             2.6448914E-05         1.0000000E+30                 0       
 NEXT SEEDS: 753B105       0       0       0       0       0   181CD    3039       0       0
   30000000             220000000             220000000             2.6451923E-05         1.0000000E+30                 0       
 NEXT SEEDS: 8CAF1D2       0       0       0       0       0   181CD    3039       0       0
   35000000             215000000             215000000             2.6453399E-05         1.0000000E+30                 0       
 NEXT SEEDS: A41CF35       0       0       0       0       0   181CD    3039       0       0
   40000000             210000000             210000000             2.6455901E-05         1.0000000E+30                 0       
 NEXT SEEDS: BB8D7A6       0       0       0       0       0   181CD    3039       0       0
   45000000             205000000             205000000             2.6459572E-05         1.0000000E+30                 0       
 NEXT SEEDS: D2FD166       0       0       0       0       0   181CD    3039       0       0
   50000000             200000000             200000000             2.6461054E-05         1.0000000E+30                 0       
 NEXT SEEDS: EA6DD5E       0       0       0       0       0   181CD    3039       0       0
   55000000             195000000             195000000             2.6461059E-05         1.0000000E+30                 0       
 NEXT SEEDS:101E04E7       0       0       0       0       0   181CD    3039       0       0
   60000000             190000000             190000000             2.6461529E-05         1.0000000E+30                 0       
 NEXT SEEDS:1194F8C8       0       0       0       0       0   181CD    3039       0       0
   65000000             185000000             185000000             2.6464203E-05         1.0000000E+30                 0       
 NEXT SEEDS:130C0D09       0       0       0       0       0   181CD    3039       0       0
   70000000             180000000             180000000             2.6460724E-05         1.0000000E+30                 0       
 NEXT SEEDS:1482F588       0       0       0       0       0   181CD    3039       0       0
   75000000             175000000             175000000             2.6457366E-05         1.0000000E+30                 0       
 NEXT SEEDS:15F9F19C       0       0       0       0       0   181CD    3039       0       0
   80000000             170000000             170000000             2.6458164E-05         1.0000000E+30                 0       
 NEXT SEEDS:17713F48       0       0       0       0       0   181CD    3039       0       0
  *** Emfgeo: Ncoun  2000000000
   85000000             165000000             165000000             2.6458043E-05         1.0000000E+30                 0       
 NEXT SEEDS:18E86120       0       0       0       0       0   181CD    3039       0       0
   90000000             160000000             160000000             2.6457254E-05         1.0000000E+30                 0       
 NEXT SEEDS:1A5FB281       0       0       0       0       0   181CD    3039       0       0
   95000000             155000000             155000000             2.6456217E-05         1.0000000E+30                 0       
 NEXT SEEDS:1BD6E288       0       0       0       0       0   181CD    3039       0       0
  100000000             150000000             150000000             2.6456832E-05         1.0000000E+30                 0       
 NEXT SEEDS:1D4DEFBC       0       0       0       0       0   181CD    3039       0       0
  105000000             145000000             145000000             2.6458904E-05         1.0000000E+30                 0       
 NEXT SEEDS:1EC4FF55       0       0       0       0       0   181CD    3039       0       0
  110000000             140000000             140000000             2.6458830E-05         1.0000000E+30                 0       
 NEXT SEEDS:203BC0BA       0       0       0       0       0   181CD    3039       0       0
  115000000             135000000             135000000             2.6457762E-05         1.0000000E+30                 0       
 NEXT SEEDS:21B2D97B       0       0       0       0       0   181CD    3039       0       0
  120000000             130000000             130000000             2.6458501E-05         1.0000000E+30                 0       
 NEXT SEEDS:2329D97D       0       0       0       0       0   181CD    3039       0       0
  125000000             125000000             125000000             2.6456208E-05         1.0000000E+30                 0       
 NEXT SEEDS:24A0DEBD       0       0       0       0       0   181CD    3039       0       0
  130000000             120000000             120000000             2.6455897E-05         1.0000000E+30                 0       
 NEXT SEEDS:2617DBF5       0       0       0       0       0   181CD    3039       0       0
  135000000             115000000             115000000             2.6456305E-05         1.0000000E+30                 0       
 NEXT SEEDS:278EE454       0       0       0       0       0   181CD    3039       0       0
  140000000             110000000             110000000             2.6457222E-05         1.0000000E+30                 0       
 NEXT SEEDS:290621FC       0       0       0       0       0   181CD    3039       0       0
  145000000             105000000             105000000             2.6457628E-05         1.0000000E+30                 0       
 NEXT SEEDS:2A7D47A4       0       0       0       0       0   181CD    3039       0       0
  150000000             100000000             100000000             2.6459839E-05         1.0000000E+30                 0       
 NEXT SEEDS:2BF4B204       0       0       0       0       0   181CD    3039       0       0
  155000000              95000000              95000000             2.6457214E-05         1.0000000E+30                 0       
 NEXT SEEDS:2D6BB0C0       0       0       0       0       0   181CD    3039       0       0
  160000000              90000000              90000000             2.6456571E-05         1.0000000E+30                 0       
 NEXT SEEDS:2EE2A039       0       0       0       0       0   181CD    3039       0       0
  *** Emfgeo: Ncoun  2000000000
  165000000              85000000              85000000             2.6454907E-05         1.0000000E+30                 0       
 NEXT SEEDS:30598A3E       0       0       0       0       0   181CD    3039       0       0
  170000000              80000000              80000000             2.6456515E-05         1.0000000E+30                 0       
 NEXT SEEDS:31D09B47       0       0       0       0       0   181CD    3039       0       0
  175000000              75000000              75000000             2.6457894E-05         1.0000000E+30                 0       
 NEXT SEEDS:3347EC36       0       0       0       0       0   181CD    3039       0       0
  180000000              70000000              70000000             2.6457037E-05         1.0000000E+30                 0       
 NEXT SEEDS:34BED423       0       0       0       0       0   181CD    3039       0       0
  185000000              65000000              65000000             2.6457752E-05         1.0000000E+30                 0       
 NEXT SEEDS:3635D37B       0       0       0       0       0   181CD    3039       0       0
  190000000              60000000              60000000             2.6457854E-05         1.0000000E+30                 0       
 NEXT SEEDS:37ACD8CC       0       0       0       0       0   181CD    3039       0       0
  195000000              55000000              55000000             2.6458481E-05         1.0000000E+30                 0       
 NEXT SEEDS:3923F19B       0       0       0       0       0   181CD    3039       0       0
  200000000              50000000              50000000             2.6458902E-05         1.0000000E+30                 0       
 NEXT SEEDS:3A9B04FB       0       0       0       0       0   181CD    3039       0       0
  205000000              45000000              45000000             2.6459968E-05         1.0000000E+30                 0       
 NEXT SEEDS:  7788C2       1       0       0       0       0   181CD    3039       0       0
  210000000              40000000              40000000             2.6459522E-05         1.0000000E+30                 0       
 NEXT SEEDS: 1EE9616       1       0       0       0       0   181CD    3039       0       0
  215000000              35000000              35000000             2.6460316E-05         1.0000000E+30                 0       
 NEXT SEEDS: 365A811       1       0       0       0       0   181CD    3039       0       0
  220000000              30000000              30000000             2.6461308E-05         1.0000000E+30                 0       
 NEXT SEEDS: 4DCC467       1       0       0       0       0   181CD    3039       0       0
  225000000              25000000              25000000             2.6461940E-05         1.0000000E+30                 0       
 NEXT SEEDS: 653E2A8       1       0       0       0       0   181CD    3039       0       0
  230000000              20000000              20000000             2.6461237E-05         1.0000000E+30                 0       
 NEXT SEEDS: 7CADFA2       1       0       0       0       0   181CD    3039       0       0
  235000000              15000000              15000000             2.6461293E-05         1.0000000E+30                 0       
 NEXT SEEDS: 941E641       1       0       0       0       0   181CD    3039       0       0
  240000000              10000000              10000000             2.6462395E-05         1.0000000E+30                 0       
 NEXT SEEDS: AB8E652       1       0       0       0       0   181CD    3039       0       0
  *** Emfgeo: Ncoun  2000000000
  245000000               5000000               5000000             2.6463114E-05         1.0000000E+30                 0       
 NEXT SEEDS: C300FA0       1       0       0       0       0   181CD    3039       0       0
  249999950                    50                    50             2.6463599E-05         1.0000000E+30                 0       
 NEXT SEEDS: DA73854       1       0       0       0       0   181CD    3039       0       0
  249999951                    49                    49             2.6463601E-05         1.0000000E+30                 0       
 NEXT SEEDS: DA73858       1       0       0       0       0   181CD    3039       0       0
  249999952                    48                    48             2.6463601E-05         1.0000000E+30                 0       
 NEXT SEEDS: DA7386D       1       0       0       0       0   181CD    3039       0       0
  249999953                    47                    47             2.6463601E-05         1.0000000E+30                 0       
 NEXT SEEDS: DA73871       1       0       0       0       0   181CD    3039       0       0
  249999954                    46                    46             2.6463601E-05         1.0000000E+30                 0       
 NEXT SEEDS: DA73875       1       0       0       0       0   181CD    3039       0       0
  249999955                    45                    45             2.6463601E-05         1.0000000E+30                 0       
 NEXT SEEDS: DA73879       1       0       0       0       0   181CD    3039       0       0
  249999956                    44                    44             2.6463601E-05         1.0000000E+30                 0       
 NEXT SEEDS: DA7387D       1       0       0       0       0   181CD    3039       0       0
  249999957                    43                    43             2.6463601E-05         1.0000000E+30                 0       
 NEXT SEEDS: DA73881       1       0       0       0       0   181CD    3039       0       0
  249999958                    42                    42             2.6463602E-05         1.0000000E+30                 0       
 NEXT SEEDS: DA73885       1       0       0       0       0   181CD    3039       0       0
  249999959                    41                    41             2.6463602E-05         1.0000000E+30                 0       
 NEXT SEEDS: DA73889       1       0       0       0       0   181CD    3039       0       0
  249999960                    40                    40             2.6463604E-05         1.0000000E+30                 0       
 NEXT SEEDS: DA7388F       1       0       0       0       0   181CD    3039       0       0
  249999961                    39                    39             2.6463604E-05         1.0000000E+30                 0       
 NEXT SEEDS: DA73893       1       0       0       0       0   181CD    3039       0       0
  249999962                    38                    38             2.6463604E-05         1.0000000E+30                 0       
 NEXT SEEDS: DA73897       1       0       0       0       0   181CD    3039       0       0
  249999963                    37                    37             2.6463604E-05         1.0000000E+30                 0       
 NEXT SEEDS: DA7389B       1       0       0       0       0   181CD    3039       0       0
  249999964                    36                    36             2.6463604E-05         1.0000000E+30                 0       
 NEXT SEEDS: DA7389F       1       0       0       0       0   181CD    3039       0       0
  249999965                    35                    35             2.6463604E-05         1.0000000E+30                 0       
 NEXT SEEDS: DA738A3       1       0       0       0       0   181CD    3039       0       0
  249999966                    34                    34             2.6463603E-05         1.0000000E+30                 0       
 NEXT SEEDS: DA738A7       1       0       0       0       0   181CD    3039       0       0
  249999967                    33                    33             2.6463603E-05         1.0000000E+30                 0       
 NEXT SEEDS: DA738AB       1       0       0       0       0   181CD    3039       0       0
  249999968                    32                    32             2.6463603E-05         1.0000000E+30                 0       
 NEXT SEEDS: DA738AF       1       0       0       0       0   181CD    3039       0       0
  249999969                    31                    31             2.6463603E-05         1.0000000E+30                 0       
 NEXT SEEDS: DA738B3       1       0       0       0       0   181CD    3039       0       0
  249999970                    30                    30             2.6463603E-05         1.0000000E+30                 0       
 NEXT SEEDS: DA738B7       1       0       0       0       0   181CD    3039       0       0
  249999971                    29                    29             2.6463603E-05         1.0000000E+30                 0       
 NEXT SEEDS: DA738BB       1       0       0       0       0   181CD    3039       0       0
  249999972                    28                    28             2.6463603E-05         1.0000000E+30                 0       
 NEXT SEEDS: DA738CE       1       0       0       0       0   181CD    3039       0       0
  249999973                    27                    27             2.6463603E-05         1.0000000E+30                 0       
 NEXT SEEDS: DA738D2       1       0       0       0       0   181CD    3039       0       0
  249999974                    26                    26             2.6463605E-05         1.0000000E+30                 0       
 NEXT SEEDS: DA738D6       1       0       0       0       0   181CD    3039       0       0
  249999975                    25                    25             2.6463604E-05         1.0000000E+30                 0       
 NEXT SEEDS: DA738DA       1       0       0       0       0   181CD    3039       0       0
  249999976                    24                    24             2.6463604E-05         1.0000000E+30                 0       
 NEXT SEEDS: DA738DE       1       0       0       0       0   181CD    3039       0       0
  249999977                    23                    23             2.6463606E-05         1.0000000E+30                 0       
 NEXT SEEDS: DA738E2       1       0       0       0       0   181CD    3039       0       0
  249999978                    22                    22             2.6463606E-05         1.0000000E+30                 0       
 NEXT SEEDS: DA738E6       1       0       0       0       0   181CD    3039       0       0
  249999979                    21                    21             2.6463606E-05         1.0000000E+30                 0       
 NEXT SEEDS: DA738EA       1       0       0       0       0   181CD    3039       0       0
  249999980                    20                    20             2.6463608E-05         1.0000000E+30                 0       
 NEXT SEEDS: DA738EE       1       0       0       0       0   181CD    3039       0       0
  249999981                    19                    19             2.6463608E-05         1.0000000E+30                 0       
 NEXT SEEDS: DA738F2       1       0       0       0       0   181CD    3039       0       0
  249999982                    18                    18             2.6463608E-05         1.0000000E+30                 0       
 NEXT SEEDS: DA738F6       1       0       0       0       0   181CD    3039       0       0
  249999983                    17                    17             2.6463608E-05         1.0000000E+30                 0       
 NEXT SEEDS: DA738FA       1       0       0       0       0   181CD    3039       0       0
  249999984                    16                    16             2.6463607E-05         1.0000000E+30                 0       
 NEXT SEEDS: DA738FE       1       0       0       0       0   181CD    3039       0       0
  249999985                    15                    15             2.6463607E-05         1.0000000E+30                 0       
 NEXT SEEDS: DA73902       1       0       0       0       0   181CD    3039       0       0
  249999986                    14                    14             2.6463607E-05         1.0000000E+30                 0       
 NEXT SEEDS: DA73906       1       0       0       0       0   181CD    3039       0       0
  249999987                    13                    13             2.6463607E-05         1.0000000E+30                 0       
 NEXT SEEDS: DA7390A       1       0       0       0       0   181CD    3039       0       0
  249999988                    12                    12             2.6463607E-05         1.0000000E+30                 0       
 NEXT SEEDS: DA7390E       1       0       0       0       0   181CD    3039       0       0
  249999989                    11                    11             2.6463607E-05         1.0000000E+30                 0       
 NEXT SEEDS: DA73912       1       0       0       0       0   181CD    3039       0       0
  249999990                    10                    10             2.6463607E-05         1.0000000E+30                 0       
 NEXT SEEDS: DA73916       1       0       0       0       0   181CD    3039       0       0
  249999991                     9                     9             2.6463607E-05         1.0000000E+30                 0       
 NEXT SEEDS: DA7391A       1       0       0       0       0   181CD    3039       0       0
  249999992                     8                     8             2.6463607E-05         1.0000000E+30                 0       
 NEXT SEEDS: DA7391E       1       0       0       0       0   181CD    3039       0       0
  249999993                     7                     7             2.6463606E-05         1.0000000E+30                 0       
 NEXT SEEDS: DA73922       1       0       0       0       0   181CD    3039       0       0
  249999994                     6                     6             2.6463606E-05         1.0000000E+30                 0       
 NEXT SEEDS: DA73926       1       0       0       0       0   181CD    3039       0       0
  249999995                     5                     5             2.6463606E-05         1.0000000E+30                 0       
 NEXT SEEDS: DA7392A       1       0       0       0       0   181CD    3039       0       0
  249999996                     4                     4             2.6463606E-05         1.0000000E+30                 0       
 NEXT SEEDS: DA7392E       1       0       0       0       0   181CD    3039       0       0
  249999997                     3                     3             2.6463606E-05         1.0000000E+30                 0       
 NEXT SEEDS: DA73932       1       0       0       0       0   181CD    3039       0       0
  249999998                     2                     2             2.6463606E-05         1.0000000E+30                 0       
 NEXT SEEDS: DA73936       1       0       0       0       0   181CD    3039       0       0
  249999999                     1                     1             2.6463606E-05         1.0000000E+30                 0       
 NEXT SEEDS: DA7393A       1       0       0       0       0   181CD    3039       0       0
  250000000                     0                     1             2.6463606E-05         1.0000000E+30                 0       
 NEXT SEEDS: DA7393E       1       0       0       0       0   181CD    3039       0       0
