1NUMBER OF BEAM       NUMBER OF BEAM        APPROXIMATE NUMBER    AVERAGE TIME USED     TIME LEFT (RESERVED   NUMBER OF STARS
 PARTICLES HANDLED    PARTICLES LEFT        OF BEAM PARTICLES     BY A BEAM PARTICLE     10000.0 SECONDS      CREATED
                                            THAT CAN STILL BE                           FOR PRINTOUT)
                                            HANDLED

 NEXT SEEDS:       0       0       0       0       0       0   181CD    3039       0       0
          1             249999999             249999999             7.8916550E-05         1.0000000E+30                 0       
 NEXT SEEDS:       4       0       0       0       0       0   181CD    3039       0       0
    5000000             245000000             245000000             2.7801527E-05         1.0000000E+30                 0       
 NEXT SEEDS: 17708E7       0       0       0       0       0   181CD    3039       0       0
   10000000             240000000             240000000             2.7796633E-05         1.0000000E+30                 0       
 NEXT SEEDS: 2EDE572       0       0       0       0       0   181CD    3039       0       0
   15000000             235000000             235000000             2.7836899E-05         1.0000000E+30                 0       
 NEXT SEEDS: 465647F       0       0       0       0       0   181CD    3039       0       0
   20000000             230000000             230000000             2.7844699E-05         1.0000000E+30                 0       
 NEXT SEEDS: 5DC8D73       0       0       0       0       0   181CD    3039       0       0
   25000000             225000000             225000000             2.7856884E-05         1.0000000E+30                 0       
 NEXT SEEDS: 753E69F       0       0       0       0       0   181CD    3039       0       0
   30000000             220000000             220000000             2.7871116E-05         1.0000000E+30                 0       
 NEXT SEEDS: 8CB2924       0       0       0       0       0   181CD    3039       0       0
   35000000             215000000             215000000             2.7883163E-05         1.0000000E+30                 0       
 NEXT SEEDS: A42828F       0       0       0       0       0   181CD    3039       0       0
   40000000             210000000             210000000             2.7877578E-05         1.0000000E+30                 0       
 NEXT SEEDS: BB9A79C       0       0       0       0       0   181CD    3039       0       0
   45000000             205000000             205000000             2.7875420E-05         1.0000000E+30                 0       
 NEXT SEEDS: D30FF31       0       0       0       0       0   181CD    3039       0       0
   50000000             200000000             200000000             2.7870073E-05         1.0000000E+30                 0       
 NEXT SEEDS: EA81638       0       0       0       0       0   181CD    3039       0       0
   55000000             195000000             195000000             2.7864522E-05         1.0000000E+30                 0       
 NEXT SEEDS:101F753F       0       0       0       0       0   181CD    3039       0       0
   60000000             190000000             190000000             2.7867808E-05         1.0000000E+30                 0       
 NEXT SEEDS:11966EF9       0       0       0       0       0   181CD    3039       0       0
   65000000             185000000             185000000             2.7877176E-05         1.0000000E+30                 0       
 NEXT SEEDS:130D511C       0       0       0       0       0   181CD    3039       0       0
   70000000             180000000             180000000             2.7875242E-05         1.0000000E+30                 0       
 NEXT SEEDS:14847AE3       0       0       0       0       0   181CD    3039       0       0
   75000000             175000000             175000000             2.7872532E-05         1.0000000E+30                 0       
 NEXT SEEDS:15FB925E       0       0       0       0       0   181CD    3039       0       0
   80000000             170000000             170000000             2.7869247E-05         1.0000000E+30                 0       
 NEXT SEEDS:17725F08       0       0       0       0       0   181CD    3039       0       0
  *** Emfgeo: Ncoun  2000000000
   85000000             165000000             165000000             2.7866136E-05         1.0000000E+30                 0       
 NEXT SEEDS:18E94EFB       0       0       0       0       0   181CD    3039       0       0
   90000000             160000000             160000000             2.7866840E-05         1.0000000E+30                 0       
 NEXT SEEDS:1A60975A       0       0       0       0       0   181CD    3039       0       0
   95000000             155000000             155000000             2.7865440E-05         1.0000000E+30                 0       
 NEXT SEEDS:1BD79032       0       0       0       0       0   181CD    3039       0       0
  100000000             150000000             150000000             2.7865073E-05         1.0000000E+30                 0       
 NEXT SEEDS:1D4EB192       0       0       0       0       0   181CD    3039       0       0
  105000000             145000000             145000000             2.7863449E-05         1.0000000E+30                 0       
 NEXT SEEDS:1EC5C236       0       0       0       0       0   181CD    3039       0       0
  110000000             140000000             140000000             2.7861281E-05         1.0000000E+30                 0       
 NEXT SEEDS:203CF74B       0       0       0       0       0   181CD    3039       0       0
  115000000             135000000             135000000             2.7864780E-05         1.0000000E+30                 0       
 NEXT SEEDS:21B4294E       0       0       0       0       0   181CD    3039       0       0
  120000000             130000000             130000000             2.7863816E-05         1.0000000E+30                 0       
 NEXT SEEDS:232B2AE2       0       0       0       0       0   181CD    3039       0       0
  125000000             125000000             125000000             2.7863379E-05         1.0000000E+30                 0       
 NEXT SEEDS:24A20ECB       0       0       0       0       0   181CD    3039       0       0
  130000000             120000000             120000000             2.7862139E-05         1.0000000E+30                 0       
 NEXT SEEDS:26190E45       0       0       0       0       0   181CD    3039       0       0
  135000000             115000000             115000000             2.7860634E-05         1.0000000E+30                 0       
 NEXT SEEDS:27902851       0       0       0       0       0   181CD    3039       0       0
  140000000             110000000             110000000             2.7861815E-05         1.0000000E+30                 0       
 NEXT SEEDS:2907744C       0       0       0       0       0   181CD    3039       0       0
  145000000             105000000             105000000             2.7859636E-05         1.0000000E+30                 0       
 NEXT SEEDS:2A7E827E       0       0       0       0       0   181CD    3039       0       0
  150000000             100000000             100000000             2.7867181E-05         1.0000000E+30                 0       
 NEXT SEEDS:2BF5F10D       0       0       0       0       0   181CD    3039       0       0
  155000000              95000000              95000000             2.7874077E-05         1.0000000E+30                 0       
 NEXT SEEDS:2D6D14DB       0       0       0       0       0   181CD    3039       0       0
  160000000              90000000              90000000             2.7881607E-05         1.0000000E+30                 0       
 NEXT SEEDS:2EE41435       0       0       0       0       0   181CD    3039       0       0
  *** Emfgeo: Ncoun  2000000000
  165000000              85000000              85000000             2.7884677E-05         1.0000000E+30                 0       
 NEXT SEEDS:305B3D3F       0       0       0       0       0   181CD    3039       0       0
  170000000              80000000              80000000             2.7885676E-05         1.0000000E+30                 0       
 NEXT SEEDS:31D27230       0       0       0       0       0   181CD    3039       0       0
  175000000              75000000              75000000             2.7886205E-05         1.0000000E+30                 0       
 NEXT SEEDS:3349E607       0       0       0       0       0   181CD    3039       0       0
  180000000              70000000              70000000             2.7884649E-05         1.0000000E+30                 0       
 NEXT SEEDS:34C0F1D7       0       0       0       0       0   181CD    3039       0       0
  185000000              65000000              65000000             2.7881400E-05         1.0000000E+30                 0       
 NEXT SEEDS:3637EEAD       0       0       0       0       0   181CD    3039       0       0
  190000000              60000000              60000000             2.7881355E-05         1.0000000E+30                 0       
 NEXT SEEDS:37AF13D0       0       0       0       0       0   181CD    3039       0       0
  195000000              55000000              55000000             2.7880942E-05         1.0000000E+30                 0       
 NEXT SEEDS:3926270C       0       0       0       0       0   181CD    3039       0       0
  200000000              50000000              50000000             2.7880491E-05         1.0000000E+30                 0       
 NEXT SEEDS:3A9D2E4C       0       0       0       0       0   181CD    3039       0       0
  205000000              45000000              45000000             2.7878249E-05         1.0000000E+30                 0       
 NEXT SEEDS:  79657E       1       0       0       0       0   181CD    3039       0       0
  210000000              40000000              40000000             2.7877462E-05         1.0000000E+30                 0       
 NEXT SEEDS: 1F05555       1       0       0       0       0   181CD    3039       0       0
  215000000              35000000              35000000             2.7876617E-05         1.0000000E+30                 0       
 NEXT SEEDS: 3676D8C       1       0       0       0       0   181CD    3039       0       0
  220000000              30000000              30000000             2.7875781E-05         1.0000000E+30                 0       
 NEXT SEEDS: 4DEB5CA       1       0       0       0       0   181CD    3039       0       0
  225000000              25000000              25000000             2.7874368E-05         1.0000000E+30                 0       
 NEXT SEEDS: 655D7A1       1       0       0       0       0   181CD    3039       0       0
  230000000              20000000              20000000             2.7872567E-05         1.0000000E+30                 0       
 NEXT SEEDS: 7CCD9A7       1       0       0       0       0   181CD    3039       0       0
  235000000              15000000              15000000             2.7871447E-05         1.0000000E+30                 0       
 NEXT SEEDS: 943E67B       1       0       0       0       0   181CD    3039       0       0
  240000000              10000000              10000000             2.7871466E-05         1.0000000E+30                 0       
 NEXT SEEDS: ABB261C       1       0       0       0       0   181CD    3039       0       0
  *** Emfgeo: Ncoun  2000000000
  245000000               5000000               5000000             2.7872118E-05         1.0000000E+30                 0       
 NEXT SEEDS: C327016       1       0       0       0       0   181CD    3039       0       0
  249999950                    50                    50             2.7871976E-05         1.0000000E+30                 0       
 NEXT SEEDS: DA998C9       1       0       0       0       0   181CD    3039       0       0
  249999951                    49                    49             2.7871978E-05         1.0000000E+30                 0       
 NEXT SEEDS: DA998CF       1       0       0       0       0   181CD    3039       0       0
  249999952                    48                    48             2.7871978E-05         1.0000000E+30                 0       
 NEXT SEEDS: DA998D3       1       0       0       0       0   181CD    3039       0       0
  249999953                    47                    47             2.7871978E-05         1.0000000E+30                 0       
 NEXT SEEDS: DA998D7       1       0       0       0       0   181CD    3039       0       0
  249999954                    46                    46             2.7871978E-05         1.0000000E+30                 0       
 NEXT SEEDS: DA998DB       1       0       0       0       0   181CD    3039       0       0
  249999955                    45                    45             2.7871978E-05         1.0000000E+30                 0       
 NEXT SEEDS: DA998DF       1       0       0       0       0   181CD    3039       0       0
  249999956                    44                    44             2.7871978E-05         1.0000000E+30                 0       
 NEXT SEEDS: DA998E3       1       0       0       0       0   181CD    3039       0       0
  249999957                    43                    43             2.7871977E-05         1.0000000E+30                 0       
 NEXT SEEDS: DA998E7       1       0       0       0       0   181CD    3039       0       0
  249999958                    42                    42             2.7871977E-05         1.0000000E+30                 0       
 NEXT SEEDS: DA998EB       1       0       0       0       0   181CD    3039       0       0
  249999959                    41                    41             2.7871977E-05         1.0000000E+30                 0       
 NEXT SEEDS: DA998EF       1       0       0       0       0   181CD    3039       0       0
  249999960                    40                    40             2.7871977E-05         1.0000000E+30                 0       
 NEXT SEEDS: DA998F3       1       0       0       0       0   181CD    3039       0       0
  249999961                    39                    39             2.7871977E-05         1.0000000E+30                 0       
 NEXT SEEDS: DA998F7       1       0       0       0       0   181CD    3039       0       0
  249999962                    38                    38             2.7871979E-05         1.0000000E+30                 0       
 NEXT SEEDS: DA998FB       1       0       0       0       0   181CD    3039       0       0
  249999963                    37                    37             2.7871979E-05         1.0000000E+30                 0       
 NEXT SEEDS: DA99910       1       0       0       0       0   181CD    3039       0       0
  249999964                    36                    36             2.7871981E-05         1.0000000E+30                 0       
 NEXT SEEDS: DA99914       1       0       0       0       0   181CD    3039       0       0
  249999965                    35                    35             2.7871980E-05         1.0000000E+30                 0       
 NEXT SEEDS: DA99918       1       0       0       0       0   181CD    3039       0       0
  249999966                    34                    34             2.7871982E-05         1.0000000E+30                 0       
 NEXT SEEDS: DA9991C       1       0       0       0       0   181CD    3039       0       0
  249999967                    33                    33             2.7871982E-05         1.0000000E+30                 0       
 NEXT SEEDS: DA99920       1       0       0       0       0   181CD    3039       0       0
  249999968                    32                    32             2.7871982E-05         1.0000000E+30                 0       
 NEXT SEEDS: DA99924       1       0       0       0       0   181CD    3039       0       0
  249999969                    31                    31             2.7871984E-05         1.0000000E+30                 0       
 NEXT SEEDS: DA9993B       1       0       0       0       0   181CD    3039       0       0
  249999970                    30                    30             2.7871984E-05         1.0000000E+30                 0       
 NEXT SEEDS: DA9993F       1       0       0       0       0   181CD    3039       0       0
  249999971                    29                    29             2.7871986E-05         1.0000000E+30                 0       
 NEXT SEEDS: DA99943       1       0       0       0       0   181CD    3039       0       0
  249999972                    28                    28             2.7871986E-05         1.0000000E+30                 0       
 NEXT SEEDS: DA99947       1       0       0       0       0   181CD    3039       0       0
  249999973                    27                    27             2.7871985E-05         1.0000000E+30                 0       
 NEXT SEEDS: DA9994B       1       0       0       0       0   181CD    3039       0       0
  249999974                    26                    26             2.7871985E-05         1.0000000E+30                 0       
 NEXT SEEDS: DA9994F       1       0       0       0       0   181CD    3039       0       0
  249999975                    25                    25             2.7871985E-05         1.0000000E+30                 0       
 NEXT SEEDS: DA99953       1       0       0       0       0   181CD    3039       0       0
  249999976                    24                    24             2.7871985E-05         1.0000000E+30                 0       
 NEXT SEEDS: DA99957       1       0       0       0       0   181CD    3039       0       0
  249999977                    23                    23             2.7871985E-05         1.0000000E+30                 0       
 NEXT SEEDS: DA9995B       1       0       0       0       0   181CD    3039       0       0
  249999978                    22                    22             2.7871985E-05         1.0000000E+30                 0       
 NEXT SEEDS: DA9995F       1       0       0       0       0   181CD    3039       0       0
  249999979                    21                    21             2.7871985E-05         1.0000000E+30                 0       
 NEXT SEEDS: DA99963       1       0       0       0       0   181CD    3039       0       0
  249999980                    20                    20             2.7871985E-05         1.0000000E+30                 0       
 NEXT SEEDS: DA99967       1       0       0       0       0   181CD    3039       0       0
  249999981                    19                    19             2.7871984E-05         1.0000000E+30                 0       
 NEXT SEEDS: DA9996B       1       0       0       0       0   181CD    3039       0       0
  249999982                    18                    18             2.7871984E-05         1.0000000E+30                 0       
 NEXT SEEDS: DA9996F       1       0       0       0       0   181CD    3039       0       0
  249999983                    17                    17             2.7871984E-05         1.0000000E+30                 0       
 NEXT SEEDS: DA99973       1       0       0       0       0   181CD    3039       0       0
  249999984                    16                    16             2.7871986E-05         1.0000000E+30                 0       
 NEXT SEEDS: DA99977       1       0       0       0       0   181CD    3039       0       0
  249999985                    15                    15             2.7871986E-05         1.0000000E+30                 0       
 NEXT SEEDS: DA9997D       1       0       0       0       0   181CD    3039       0       0
  249999986                    14                    14             2.7871986E-05         1.0000000E+30                 0       
 NEXT SEEDS: DA99981       1       0       0       0       0   181CD    3039       0       0
  249999987                    13                    13             2.7871986E-05         1.0000000E+30                 0       
 NEXT SEEDS: DA99985       1       0       0       0       0   181CD    3039       0       0
  249999988                    12                    12             2.7871986E-05         1.0000000E+30                 0       
 NEXT SEEDS: DA99989       1       0       0       0       0   181CD    3039       0       0
  249999989                    11                    11             2.7871986E-05         1.0000000E+30                 0       
 NEXT SEEDS: DA9998D       1       0       0       0       0   181CD    3039       0       0
  249999990                    10                    10             2.7871985E-05         1.0000000E+30                 0       
 NEXT SEEDS: DA99991       1       0       0       0       0   181CD    3039       0       0
  249999991                     9                     9             2.7871985E-05         1.0000000E+30                 0       
 NEXT SEEDS: DA99995       1       0       0       0       0   181CD    3039       0       0
  249999992                     8                     8             2.7871985E-05         1.0000000E+30                 0       
 NEXT SEEDS: DA99999       1       0       0       0       0   181CD    3039       0       0
  249999993                     7                     7             2.7871985E-05         1.0000000E+30                 0       
 NEXT SEEDS: DA9999D       1       0       0       0       0   181CD    3039       0       0
  249999994                     6                     6             2.7871985E-05         1.0000000E+30                 0       
 NEXT SEEDS: DA999A1       1       0       0       0       0   181CD    3039       0       0
  249999995                     5                     5             2.7871985E-05         1.0000000E+30                 0       
 NEXT SEEDS: DA999A5       1       0       0       0       0   181CD    3039       0       0
  249999996                     4                     4             2.7871985E-05         1.0000000E+30                 0       
 NEXT SEEDS: DA999A9       1       0       0       0       0   181CD    3039       0       0
  249999997                     3                     3             2.7871985E-05         1.0000000E+30                 0       
 NEXT SEEDS: DA999AD       1       0       0       0       0   181CD    3039       0       0
  249999998                     2                     2             2.7871985E-05         1.0000000E+30                 0       
 NEXT SEEDS: DA999B1       1       0       0       0       0   181CD    3039       0       0
  249999999                     1                     1             2.7871984E-05         1.0000000E+30                 0       
 NEXT SEEDS: DA999B5       1       0       0       0       0   181CD    3039       0       0
  250000000                     0                     1             2.7871984E-05         1.0000000E+30                 0       
 NEXT SEEDS: DA999B9       1       0       0       0       0   181CD    3039       0       0
