1NUMBER OF BEAM       NUMBER OF BEAM        APPROXIMATE NUMBER    AVERAGE TIME USED     TIME LEFT (RESERVED   NUMBER OF STARS
 PARTICLES HANDLED    PARTICLES LEFT        OF BEAM PARTICLES     BY A BEAM PARTICLE     10000.0 SECONDS      CREATED
                                            THAT CAN STILL BE                           FOR PRINTOUT)
                                            HANDLED

 NEXT SEEDS:       0       0       0       0       0       0   181CD    3039       0       0
          1             249999999             249999999             7.0095062E-05         1.0000000E+30                 0       
 NEXT SEEDS:       4       0       0       0       0       0   181CD    3039       0       0
    5000000             245000000             245000000             2.6373693E-05         1.0000000E+30                 0       
 NEXT SEEDS: 176FCC0       0       0       0       0       0   181CD    3039       0       0
   10000000             240000000             240000000             2.6376037E-05         1.0000000E+30                 0       
 NEXT SEEDS: 2EDD61B       0       0       0       0       0   181CD    3039       0       0
   15000000             235000000             235000000             2.6395524E-05         1.0000000E+30                 0       
 NEXT SEEDS: 46539C4       0       0       0       0       0   181CD    3039       0       0
   20000000             230000000             230000000             2.6371515E-05         1.0000000E+30                 0       
 NEXT SEEDS: 5DC1983       0       0       0       0       0   181CD    3039       0       0
   25000000             225000000             225000000             2.6371382E-05         1.0000000E+30                 0       
 NEXT SEEDS: 7536FC3       0       0       0       0       0   181CD    3039       0       0
   30000000             220000000             220000000             2.6370023E-05         1.0000000E+30                 0       
 NEXT SEEDS: 8CA8869       0       0       0       0       0   181CD    3039       0       0
   35000000             215000000             215000000             2.6373634E-05         1.0000000E+30                 0       
 NEXT SEEDS: A41F23D       0       0       0       0       0   181CD    3039       0       0
   40000000             210000000             210000000             2.6378169E-05         1.0000000E+30                 0       
 NEXT SEEDS: BB8F80C       0       0       0       0       0   181CD    3039       0       0
   45000000             205000000             205000000             2.6380467E-05         1.0000000E+30                 0       
 NEXT SEEDS: D307F34       0       0       0       0       0   181CD    3039       0       0
   50000000             200000000             200000000             2.6381942E-05         1.0000000E+30                 0       
 NEXT SEEDS: EA79ED7       0       0       0       0       0   181CD    3039       0       0
   55000000             195000000             195000000             2.6380476E-05         1.0000000E+30                 0       
 NEXT SEEDS:101EB0C3       0       0       0       0       0   181CD    3039       0       0
   60000000             190000000             190000000             2.6383147E-05         1.0000000E+30                 0       
 NEXT SEEDS:1195DAB2       0       0       0       0       0   181CD    3039       0       0
   65000000             185000000             185000000             2.6383965E-05         1.0000000E+30                 0       
 NEXT SEEDS:130CE44B       0       0       0       0       0   181CD    3039       0       0
   70000000             180000000             180000000             2.6382524E-05         1.0000000E+30                 0       
 NEXT SEEDS:1483C57A       0       0       0       0       0   181CD    3039       0       0
   75000000             175000000             175000000             2.6382600E-05         1.0000000E+30                 0       
 NEXT SEEDS:15FAF4C3       0       0       0       0       0   181CD    3039       0       0
   80000000             170000000             170000000             2.6383395E-05         1.0000000E+30                 0       
 NEXT SEEDS:1772101E       0       0       0       0       0   181CD    3039       0       0
  *** Emfgeo: Ncoun  2000000000
   85000000             165000000             165000000             2.6385526E-05         1.0000000E+30                 0       
 NEXT SEEDS:18E8E31D       0       0       0       0       0   181CD    3039       0       0
   90000000             160000000             160000000             2.6384174E-05         1.0000000E+30                 0       
 NEXT SEEDS:1A600ACF       0       0       0       0       0   181CD    3039       0       0
   95000000             155000000             155000000             2.6383429E-05         1.0000000E+30                 0       
 NEXT SEEDS:1BD730C3       0       0       0       0       0   181CD    3039       0       0
  100000000             150000000             150000000             2.6383093E-05         1.0000000E+30                 0       
 NEXT SEEDS:1D4E3847       0       0       0       0       0   181CD    3039       0       0
  105000000             145000000             145000000             2.6378796E-05         1.0000000E+30                 0       
 NEXT SEEDS:1EC526FE       0       0       0       0       0   181CD    3039       0       0
  110000000             140000000             140000000             2.6380093E-05         1.0000000E+30                 0       
 NEXT SEEDS:203C6D52       0       0       0       0       0   181CD    3039       0       0
  115000000             135000000             135000000             2.6381598E-05         1.0000000E+30                 0       
 NEXT SEEDS:21B39335       0       0       0       0       0   181CD    3039       0       0
  120000000             130000000             130000000             2.6379939E-05         1.0000000E+30                 0       
 NEXT SEEDS:232A87C3       0       0       0       0       0   181CD    3039       0       0
  125000000             125000000             125000000             2.6382152E-05         1.0000000E+30                 0       
 NEXT SEEDS:24A1DB7B       0       0       0       0       0   181CD    3039       0       0
  130000000             120000000             120000000             2.6381646E-05         1.0000000E+30                 0       
 NEXT SEEDS:26189FC7       0       0       0       0       0   181CD    3039       0       0
  135000000             115000000             115000000             2.6382741E-05         1.0000000E+30                 0       
 NEXT SEEDS:278FA941       0       0       0       0       0   181CD    3039       0       0
  140000000             110000000             110000000             2.6384877E-05         1.0000000E+30                 0       
 NEXT SEEDS:2906E506       0       0       0       0       0   181CD    3039       0       0
  145000000             105000000             105000000             2.6386814E-05         1.0000000E+30                 0       
 NEXT SEEDS:2A7DFCA2       0       0       0       0       0   181CD    3039       0       0
  150000000             100000000             100000000             2.6387485E-05         1.0000000E+30                 0       
 NEXT SEEDS:2BF53FAA       0       0       0       0       0   181CD    3039       0       0
  155000000              95000000              95000000             2.6389264E-05         1.0000000E+30                 0       
 NEXT SEEDS:2D6C7428       0       0       0       0       0   181CD    3039       0       0
  160000000              90000000              90000000             2.6388755E-05         1.0000000E+30                 0       
 NEXT SEEDS:2EE39577       0       0       0       0       0   181CD    3039       0       0
  *** Emfgeo: Ncoun  2000000000
  165000000              85000000              85000000             2.6389395E-05         1.0000000E+30                 0       
 NEXT SEEDS:305A8989       0       0       0       0       0   181CD    3039       0       0
  170000000              80000000              80000000             2.6389658E-05         1.0000000E+30                 0       
 NEXT SEEDS:31D1DB64       0       0       0       0       0   181CD    3039       0       0
  175000000              75000000              75000000             2.6389831E-05         1.0000000E+30                 0       
 NEXT SEEDS:33491427       0       0       0       0       0   181CD    3039       0       0
  180000000              70000000              70000000             2.6391803E-05         1.0000000E+30                 0       
 NEXT SEEDS:34C03312       0       0       0       0       0   181CD    3039       0       0
  185000000              65000000              65000000             2.6390763E-05         1.0000000E+30                 0       
 NEXT SEEDS:36372A61       0       0       0       0       0   181CD    3039       0       0
  190000000              60000000              60000000             2.6390377E-05         1.0000000E+30                 0       
 NEXT SEEDS:37AE2868       0       0       0       0       0   181CD    3039       0       0
  195000000              55000000              55000000             2.6389316E-05         1.0000000E+30                 0       
 NEXT SEEDS:39253886       0       0       0       0       0   181CD    3039       0       0
  200000000              50000000              50000000             2.6389210E-05         1.0000000E+30                 0       
 NEXT SEEDS:3A9C261B       0       0       0       0       0   181CD    3039       0       0
  205000000              45000000              45000000             2.6389459E-05         1.0000000E+30                 0       
 NEXT SEEDS:  7887C6       1       0       0       0       0   181CD    3039       0       0
  210000000              40000000              40000000             2.6389426E-05         1.0000000E+30                 0       
 NEXT SEEDS: 1EF7451       1       0       0       0       0   181CD    3039       0       0
  215000000              35000000              35000000             2.6388907E-05         1.0000000E+30                 0       
 NEXT SEEDS: 366B9DC       1       0       0       0       0   181CD    3039       0       0
  220000000              30000000              30000000             2.6388058E-05         1.0000000E+30                 0       
 NEXT SEEDS: 4DE0644       1       0       0       0       0   181CD    3039       0       0
  225000000              25000000              25000000             2.6386459E-05         1.0000000E+30                 0       
 NEXT SEEDS: 6550745       1       0       0       0       0   181CD    3039       0       0
  230000000              20000000              20000000             2.6384996E-05         1.0000000E+30                 0       
 NEXT SEEDS: 7CC02DA       1       0       0       0       0   181CD    3039       0       0
  235000000              15000000              15000000             2.6388608E-05         1.0000000E+30                 0       
 NEXT SEEDS: 942F867       1       0       0       0       0   181CD    3039       0       0
  240000000              10000000              10000000             2.6391407E-05         1.0000000E+30                 0       
 NEXT SEEDS: AB9DE4B       1       0       0       0       0   181CD    3039       0       0
  *** Emfgeo: Ncoun  2000000000
  245000000               5000000               5000000             2.6391574E-05         1.0000000E+30                 0       
 NEXT SEEDS: C311755       1       0       0       0       0   181CD    3039       0       0
  249999950                    50                    50             2.6391467E-05         1.0000000E+30                 0       
 NEXT SEEDS: DA8549E       1       0       0       0       0   181CD    3039       0       0
  249999951                    49                    49             2.6391469E-05         1.0000000E+30                 0       
 NEXT SEEDS: DA854A2       1       0       0       0       0   181CD    3039       0       0
  249999952                    48                    48             2.6391469E-05         1.0000000E+30                 0       
 NEXT SEEDS: DA854A8       1       0       0       0       0   181CD    3039       0       0
  249999953                    47                    47             2.6391469E-05         1.0000000E+30                 0       
 NEXT SEEDS: DA854AC       1       0       0       0       0   181CD    3039       0       0
  249999954                    46                    46             2.6391468E-05         1.0000000E+30                 0       
 NEXT SEEDS: DA854B0       1       0       0       0       0   181CD    3039       0       0
  249999955                    45                    45             2.6391468E-05         1.0000000E+30                 0       
 NEXT SEEDS: DA854B4       1       0       0       0       0   181CD    3039       0       0
  249999956                    44                    44             2.6391468E-05         1.0000000E+30                 0       
 NEXT SEEDS: DA854B8       1       0       0       0       0   181CD    3039       0       0
  249999957                    43                    43             2.6391468E-05         1.0000000E+30                 0       
 NEXT SEEDS: DA854BC       1       0       0       0       0   181CD    3039       0       0
  249999958                    42                    42             2.6391468E-05         1.0000000E+30                 0       
 NEXT SEEDS: DA854C0       1       0       0       0       0   181CD    3039       0       0
  249999959                    41                    41             2.6391468E-05         1.0000000E+30                 0       
 NEXT SEEDS: DA854C4       1       0       0       0       0   181CD    3039       0       0
  249999960                    40                    40             2.6391468E-05         1.0000000E+30                 0       
 NEXT SEEDS: DA854C8       1       0       0       0       0   181CD    3039       0       0
  249999961                    39                    39             2.6391468E-05         1.0000000E+30                 0       
 NEXT SEEDS: DA854CC       1       0       0       0       0   181CD    3039       0       0
  249999962                    38                    38             2.6391468E-05         1.0000000E+30                 0       
 NEXT SEEDS: DA854E3       1       0       0       0       0   181CD    3039       0       0
  249999963                    37                    37             2.6391468E-05         1.0000000E+30                 0       
 NEXT SEEDS: DA854E7       1       0       0       0       0   181CD    3039       0       0
  249999964                    36                    36             2.6391467E-05         1.0000000E+30                 0       
 NEXT SEEDS: DA854EB       1       0       0       0       0   181CD    3039       0       0
  249999965                    35                    35             2.6391469E-05         1.0000000E+30                 0       
 NEXT SEEDS: DA854EF       1       0       0       0       0   181CD    3039       0       0
  249999966                    34                    34             2.6391469E-05         1.0000000E+30                 0       
 NEXT SEEDS: DA854F3       1       0       0       0       0   181CD    3039       0       0
  249999967                    33                    33             2.6391469E-05         1.0000000E+30                 0       
 NEXT SEEDS: DA854F7       1       0       0       0       0   181CD    3039       0       0
  249999968                    32                    32             2.6391471E-05         1.0000000E+30                 0       
 NEXT SEEDS: DA854FB       1       0       0       0       0   181CD    3039       0       0
  249999969                    31                    31             2.6391473E-05         1.0000000E+30                 0       
 NEXT SEEDS: DA8551D       1       0       0       0       0   181CD    3039       0       0
  249999970                    30                    30             2.6391473E-05         1.0000000E+30                 0       
 NEXT SEEDS: DA85521       1       0       0       0       0   181CD    3039       0       0
  249999971                    29                    29             2.6391473E-05         1.0000000E+30                 0       
 NEXT SEEDS: DA85525       1       0       0       0       0   181CD    3039       0       0
  249999972                    28                    28             2.6391474E-05         1.0000000E+30                 0       
 NEXT SEEDS: DA85529       1       0       0       0       0   181CD    3039       0       0
  249999973                    27                    27             2.6391476E-05         1.0000000E+30                 0       
 NEXT SEEDS: DA8553E       1       0       0       0       0   181CD    3039       0       0
  249999974                    26                    26             2.6391476E-05         1.0000000E+30                 0       
 NEXT SEEDS: DA85542       1       0       0       0       0   181CD    3039       0       0
  249999975                    25                    25             2.6391476E-05         1.0000000E+30                 0       
 NEXT SEEDS: DA85546       1       0       0       0       0   181CD    3039       0       0
  249999976                    24                    24             2.6391478E-05         1.0000000E+30                 0       
 NEXT SEEDS: DA8554A       1       0       0       0       0   181CD    3039       0       0
  249999977                    23                    23             2.6391478E-05         1.0000000E+30                 0       
 NEXT SEEDS: DA8554E       1       0       0       0       0   181CD    3039       0       0
  249999978                    22                    22             2.6391478E-05         1.0000000E+30                 0       
 NEXT SEEDS: DA85552       1       0       0       0       0   181CD    3039       0       0
  249999979                    21                    21             2.6391479E-05         1.0000000E+30                 0       
 NEXT SEEDS: DA85556       1       0       0       0       0   181CD    3039       0       0
  249999980                    20                    20             2.6391479E-05         1.0000000E+30                 0       
 NEXT SEEDS: DA8555A       1       0       0       0       0   181CD    3039       0       0
  249999981                    19                    19             2.6391479E-05         1.0000000E+30                 0       
 NEXT SEEDS: DA85560       1       0       0       0       0   181CD    3039       0       0
  249999982                    18                    18             2.6391479E-05         1.0000000E+30                 0       
 NEXT SEEDS: DA85564       1       0       0       0       0   181CD    3039       0       0
  249999983                    17                    17             2.6391479E-05         1.0000000E+30                 0       
 NEXT SEEDS: DA85568       1       0       0       0       0   181CD    3039       0       0
  249999984                    16                    16             2.6391479E-05         1.0000000E+30                 0       
 NEXT SEEDS: DA8556C       1       0       0       0       0   181CD    3039       0       0
  249999985                    15                    15             2.6391479E-05         1.0000000E+30                 0       
 NEXT SEEDS: DA85570       1       0       0       0       0   181CD    3039       0       0
  249999986                    14                    14             2.6391479E-05         1.0000000E+30                 0       
 NEXT SEEDS: DA85574       1       0       0       0       0   181CD    3039       0       0
  249999987                    13                    13             2.6391479E-05         1.0000000E+30                 0       
 NEXT SEEDS: DA85578       1       0       0       0       0   181CD    3039       0       0
  249999988                    12                    12             2.6391479E-05         1.0000000E+30                 0       
 NEXT SEEDS: DA8557C       1       0       0       0       0   181CD    3039       0       0
  249999989                    11                    11             2.6391478E-05         1.0000000E+30                 0       
 NEXT SEEDS: DA85580       1       0       0       0       0   181CD    3039       0       0
  249999990                    10                    10             2.6391478E-05         1.0000000E+30                 0       
 NEXT SEEDS: DA85584       1       0       0       0       0   181CD    3039       0       0
  249999991                     9                     9             2.6391478E-05         1.0000000E+30                 0       
 NEXT SEEDS: DA85588       1       0       0       0       0   181CD    3039       0       0
  249999992                     8                     8             2.6391478E-05         1.0000000E+30                 0       
 NEXT SEEDS: DA8558C       1       0       0       0       0   181CD    3039       0       0
  249999993                     7                     7             2.6391478E-05         1.0000000E+30                 0       
 NEXT SEEDS: DA85590       1       0       0       0       0   181CD    3039       0       0
  249999994                     6                     6             2.6391478E-05         1.0000000E+30                 0       
 NEXT SEEDS: DA85594       1       0       0       0       0   181CD    3039       0       0
  249999995                     5                     5             2.6391478E-05         1.0000000E+30                 0       
 NEXT SEEDS: DA85598       1       0       0       0       0   181CD    3039       0       0
  249999996                     4                     4             2.6391478E-05         1.0000000E+30                 0       
 NEXT SEEDS: DA8559C       1       0       0       0       0   181CD    3039       0       0
  249999997                     3                     3             2.6391478E-05         1.0000000E+30                 0       
 NEXT SEEDS: DA855AE       1       0       0       0       0   181CD    3039       0       0
  249999998                     2                     2             2.6391479E-05         1.0000000E+30                 0       
 NEXT SEEDS: DA855D1       1       0       0       0       0   181CD    3039       0       0
  249999999                     1                     1             2.6391479E-05         1.0000000E+30                 0       
 NEXT SEEDS: DA855D5       1       0       0       0       0   181CD    3039       0       0
  250000000                     0                     1             2.6391481E-05         1.0000000E+30                 0       
 NEXT SEEDS: DA855D9       1       0       0       0       0   181CD    3039       0       0
