1NUMBER OF BEAM       NUMBER OF BEAM        APPROXIMATE NUMBER    AVERAGE TIME USED     TIME LEFT (RESERVED   NUMBER OF STARS
 PARTICLES HANDLED    PARTICLES LEFT        OF BEAM PARTICLES     BY A BEAM PARTICLE     10000.0 SECONDS      CREATED
                                            THAT CAN STILL BE                           FOR PRINTOUT)
                                            HANDLED

 NEXT SEEDS:       0       0       0       0       0       0   181CD    3039       0       0
          1             249999999             249999999             7.7009201E-05         1.0000000E+30                 0       
 NEXT SEEDS:       4       0       0       0       0       0   181CD    3039       0       0
    5000000             245000000             245000000             2.6337142E-05         1.0000000E+30                 0       
 NEXT SEEDS: 1770503       0       0       0       0       0   181CD    3039       0       0
   10000000             240000000             240000000             2.6341719E-05         1.0000000E+30                 0       
 NEXT SEEDS: 2EE2C4A       0       0       0       0       0   181CD    3039       0       0
   15000000             235000000             235000000             2.6384683E-05         1.0000000E+30                 0       
 NEXT SEEDS: 46527DA       0       0       0       0       0   181CD    3039       0       0
   20000000             230000000             230000000             2.6359395E-05         1.0000000E+30                 0       
 NEXT SEEDS: 5DC10AF       0       0       0       0       0   181CD    3039       0       0
   25000000             225000000             225000000             2.6350839E-05         1.0000000E+30                 0       
 NEXT SEEDS: 7530E3E       0       0       0       0       0   181CD    3039       0       0
   30000000             220000000             220000000             2.6349000E-05         1.0000000E+30                 0       
 NEXT SEEDS: 8CA2AC9       0       0       0       0       0   181CD    3039       0       0
   35000000             215000000             215000000             2.6344904E-05         1.0000000E+30                 0       
 NEXT SEEDS: A4128E5       0       0       0       0       0   181CD    3039       0       0
   40000000             210000000             210000000             2.6341432E-05         1.0000000E+30                 0       
 NEXT SEEDS: BB81E67       0       0       0       0       0   181CD    3039       0       0
   45000000             205000000             205000000             2.6335800E-05         1.0000000E+30                 0       
 NEXT SEEDS: D2F3ACB       0       0       0       0       0   181CD    3039       0       0
   50000000             200000000             200000000             2.6333062E-05         1.0000000E+30                 0       
 NEXT SEEDS: EA63D17       0       0       0       0       0   181CD    3039       0       0
   55000000             195000000             195000000             2.6327429E-05         1.0000000E+30                 0       
 NEXT SEEDS:101D58CB       0       0       0       0       0   181CD    3039       0       0
   60000000             190000000             190000000             2.6328293E-05         1.0000000E+30                 0       
 NEXT SEEDS:119449EF       0       0       0       0       0   181CD    3039       0       0
   65000000             185000000             185000000             2.6327329E-05         1.0000000E+30                 0       
 NEXT SEEDS:130B562C       0       0       0       0       0   181CD    3039       0       0
   70000000             180000000             180000000             2.6323776E-05         1.0000000E+30                 0       
 NEXT SEEDS:148236B5       0       0       0       0       0   181CD    3039       0       0
   75000000             175000000             175000000             2.6324948E-05         1.0000000E+30                 0       
 NEXT SEEDS:15F94089       0       0       0       0       0   181CD    3039       0       0
   80000000             170000000             170000000             2.6324595E-05         1.0000000E+30                 0       
 NEXT SEEDS:17703136       0       0       0       0       0   181CD    3039       0       0
  *** Emfgeo: Ncoun  2000000000
   85000000             165000000             165000000             2.6326888E-05         1.0000000E+30                 0       
 NEXT SEEDS:18E79725       0       0       0       0       0   181CD    3039       0       0
   90000000             160000000             160000000             2.6327732E-05         1.0000000E+30                 0       
 NEXT SEEDS:1A5EB520       0       0       0       0       0   181CD    3039       0       0
   95000000             155000000             155000000             2.6327712E-05         1.0000000E+30                 0       
 NEXT SEEDS:1BD5EBF5       0       0       0       0       0   181CD    3039       0       0
  100000000             150000000             150000000             2.6329512E-05         1.0000000E+30                 0       
 NEXT SEEDS:1D4CE824       0       0       0       0       0   181CD    3039       0       0
  105000000             145000000             145000000             2.6349447E-05         1.0000000E+30                 0       
 NEXT SEEDS:1EC3DAAD       0       0       0       0       0   181CD    3039       0       0
  110000000             140000000             140000000             2.6353552E-05         1.0000000E+30                 0       
 NEXT SEEDS:203A9B97       0       0       0       0       0   181CD    3039       0       0
  115000000             135000000             135000000             2.6351627E-05         1.0000000E+30                 0       
 NEXT SEEDS:21B1A907       0       0       0       0       0   181CD    3039       0       0
  120000000             130000000             130000000             2.6350784E-05         1.0000000E+30                 0       
 NEXT SEEDS:232892E7       0       0       0       0       0   181CD    3039       0       0
  125000000             125000000             125000000             2.6347881E-05         1.0000000E+30                 0       
 NEXT SEEDS:249FA335       0       0       0       0       0   181CD    3039       0       0
  130000000             120000000             120000000             2.6346248E-05         1.0000000E+30                 0       
 NEXT SEEDS:2616812E       0       0       0       0       0   181CD    3039       0       0
  135000000             115000000             115000000             2.6342956E-05         1.0000000E+30                 0       
 NEXT SEEDS:278D53E0       0       0       0       0       0   181CD    3039       0       0
  140000000             110000000             110000000             2.6347125E-05         1.0000000E+30                 0       
 NEXT SEEDS:29048838       0       0       0       0       0   181CD    3039       0       0
  145000000             105000000             105000000             2.6360783E-05         1.0000000E+30                 0       
 NEXT SEEDS:2A7B6C89       0       0       0       0       0   181CD    3039       0       0
  150000000             100000000             100000000             2.6374139E-05         1.0000000E+30                 0       
 NEXT SEEDS:2BF2A394       0       0       0       0       0   181CD    3039       0       0
  155000000              95000000              95000000             2.6381209E-05         1.0000000E+30                 0       
 NEXT SEEDS:2D69AF09       0       0       0       0       0   181CD    3039       0       0
  160000000              90000000              90000000             2.6377686E-05         1.0000000E+30                 0       
 NEXT SEEDS:2EE0CDA5       0       0       0       0       0   181CD    3039       0       0
  *** Emfgeo: Ncoun  2000000000
  165000000              85000000              85000000             2.6374269E-05         1.0000000E+30                 0       
 NEXT SEEDS:3057B91B       0       0       0       0       0   181CD    3039       0       0
  170000000              80000000              80000000             2.6372016E-05         1.0000000E+30                 0       
 NEXT SEEDS:31CEEBF5       0       0       0       0       0   181CD    3039       0       0
  175000000              75000000              75000000             2.6372232E-05         1.0000000E+30                 0       
 NEXT SEEDS:3346579A       0       0       0       0       0   181CD    3039       0       0
  180000000              70000000              70000000             2.6371620E-05         1.0000000E+30                 0       
 NEXT SEEDS:34BD8562       0       0       0       0       0   181CD    3039       0       0
  185000000              65000000              65000000             2.6370658E-05         1.0000000E+30                 0       
 NEXT SEEDS:3634850B       0       0       0       0       0   181CD    3039       0       0
  190000000              60000000              60000000             2.6368946E-05         1.0000000E+30                 0       
 NEXT SEEDS:37ABC502       0       0       0       0       0   181CD    3039       0       0
  195000000              55000000              55000000             2.6367954E-05         1.0000000E+30                 0       
 NEXT SEEDS:3923124E       0       0       0       0       0   181CD    3039       0       0
  200000000              50000000              50000000             2.6366319E-05         1.0000000E+30                 0       
 NEXT SEEDS:3A9A068F       0       0       0       0       0   181CD    3039       0       0
  205000000              45000000              45000000             2.6365735E-05         1.0000000E+30                 0       
 NEXT SEEDS:  76286B       1       0       0       0       0   181CD    3039       0       0
  210000000              40000000              40000000             2.6364567E-05         1.0000000E+30                 0       
 NEXT SEEDS: 1ED1EBF       1       0       0       0       0   181CD    3039       0       0
  215000000              35000000              35000000             2.6364644E-05         1.0000000E+30                 0       
 NEXT SEEDS: 36441BB       1       0       0       0       0   181CD    3039       0       0
  220000000              30000000              30000000             2.6363182E-05         1.0000000E+30                 0       
 NEXT SEEDS: 4DB3B91       1       0       0       0       0   181CD    3039       0       0
  225000000              25000000              25000000             2.6361843E-05         1.0000000E+30                 0       
 NEXT SEEDS: 6524168       1       0       0       0       0   181CD    3039       0       0
  230000000              20000000              20000000             2.6360358E-05         1.0000000E+30                 0       
 NEXT SEEDS: 7C9336E       1       0       0       0       0   181CD    3039       0       0
  235000000              15000000              15000000             2.6364202E-05         1.0000000E+30                 0       
 NEXT SEEDS: 94005C3       1       0       0       0       0   181CD    3039       0       0
  240000000              10000000              10000000             2.6363224E-05         1.0000000E+30                 0       
 NEXT SEEDS: AB6F46B       1       0       0       0       0   181CD    3039       0       0
  *** Emfgeo: Ncoun  2000000000
  245000000               5000000               5000000             2.6361468E-05         1.0000000E+30                 0       
 NEXT SEEDS: C2DF70A       1       0       0       0       0   181CD    3039       0       0
  249999950                    50                    50             2.6361318E-05         1.0000000E+30                 0       
 NEXT SEEDS: DA52933       1       0       0       0       0   181CD    3039       0       0
  249999951                    49                    49             2.6361318E-05         1.0000000E+30                 0       
 NEXT SEEDS: DA52937       1       0       0       0       0   181CD    3039       0       0
  249999952                    48                    48             2.6361318E-05         1.0000000E+30                 0       
 NEXT SEEDS: DA5293B       1       0       0       0       0   181CD    3039       0       0
  249999953                    47                    47             2.6361318E-05         1.0000000E+30                 0       
 NEXT SEEDS: DA5293F       1       0       0       0       0   181CD    3039       0       0
  249999954                    46                    46             2.6361318E-05         1.0000000E+30                 0       
 NEXT SEEDS: DA52943       1       0       0       0       0   181CD    3039       0       0
  249999955                    45                    45             2.6361317E-05         1.0000000E+30                 0       
 NEXT SEEDS: DA52947       1       0       0       0       0   181CD    3039       0       0
  249999956                    44                    44             2.6361317E-05         1.0000000E+30                 0       
 NEXT SEEDS: DA5294B       1       0       0       0       0   181CD    3039       0       0
  249999957                    43                    43             2.6361319E-05         1.0000000E+30                 0       
 NEXT SEEDS: DA5294F       1       0       0       0       0   181CD    3039       0       0
  249999958                    42                    42             2.6361319E-05         1.0000000E+30                 0       
 NEXT SEEDS: DA52953       1       0       0       0       0   181CD    3039       0       0
  249999959                    41                    41             2.6361319E-05         1.0000000E+30                 0       
 NEXT SEEDS: DA52957       1       0       0       0       0   181CD    3039       0       0
  249999960                    40                    40             2.6361321E-05         1.0000000E+30                 0       
 NEXT SEEDS: DA5295B       1       0       0       0       0   181CD    3039       0       0
  249999961                    39                    39             2.6361321E-05         1.0000000E+30                 0       
 NEXT SEEDS: DA5295F       1       0       0       0       0   181CD    3039       0       0
  249999962                    38                    38             2.6361323E-05         1.0000000E+30                 0       
 NEXT SEEDS: DA52963       1       0       0       0       0   181CD    3039       0       0
  249999963                    37                    37             2.6361322E-05         1.0000000E+30                 0       
 NEXT SEEDS: DA52967       1       0       0       0       0   181CD    3039       0       0
  249999964                    36                    36             2.6361322E-05         1.0000000E+30                 0       
 NEXT SEEDS: DA5296B       1       0       0       0       0   181CD    3039       0       0
  249999965                    35                    35             2.6361324E-05         1.0000000E+30                 0       
 NEXT SEEDS: DA5296F       1       0       0       0       0   181CD    3039       0       0
  249999966                    34                    34             2.6361324E-05         1.0000000E+30                 0       
 NEXT SEEDS: DA52973       1       0       0       0       0   181CD    3039       0       0
  249999967                    33                    33             2.6361326E-05         1.0000000E+30                 0       
 NEXT SEEDS: DA52977       1       0       0       0       0   181CD    3039       0       0
  249999968                    32                    32             2.6361326E-05         1.0000000E+30                 0       
 NEXT SEEDS: DA5297B       1       0       0       0       0   181CD    3039       0       0
  249999969                    31                    31             2.6361326E-05         1.0000000E+30                 0       
 NEXT SEEDS: DA5297F       1       0       0       0       0   181CD    3039       0       0
  249999970                    30                    30             2.6361328E-05         1.0000000E+30                 0       
 NEXT SEEDS: DA52983       1       0       0       0       0   181CD    3039       0       0
  249999971                    29                    29             2.6361327E-05         1.0000000E+30                 0       
 NEXT SEEDS: DA52987       1       0       0       0       0   181CD    3039       0       0
  249999972                    28                    28             2.6361327E-05         1.0000000E+30                 0       
 NEXT SEEDS: DA5298B       1       0       0       0       0   181CD    3039       0       0
  249999973                    27                    27             2.6361327E-05         1.0000000E+30                 0       
 NEXT SEEDS: DA5298F       1       0       0       0       0   181CD    3039       0       0
  249999974                    26                    26             2.6361327E-05         1.0000000E+30                 0       
 NEXT SEEDS: DA52993       1       0       0       0       0   181CD    3039       0       0
  249999975                    25                    25             2.6361327E-05         1.0000000E+30                 0       
 NEXT SEEDS: DA52997       1       0       0       0       0   181CD    3039       0       0
  249999976                    24                    24             2.6361327E-05         1.0000000E+30                 0       
 NEXT SEEDS: DA5299B       1       0       0       0       0   181CD    3039       0       0
  249999977                    23                    23             2.6361327E-05         1.0000000E+30                 0       
 NEXT SEEDS: DA5299F       1       0       0       0       0   181CD    3039       0       0
  249999978                    22                    22             2.6361327E-05         1.0000000E+30                 0       
 NEXT SEEDS: DA529A3       1       0       0       0       0   181CD    3039       0       0
  249999979                    21                    21             2.6361327E-05         1.0000000E+30                 0       
 NEXT SEEDS: DA529A7       1       0       0       0       0   181CD    3039       0       0
  249999980                    20                    20             2.6361326E-05         1.0000000E+30                 0       
 NEXT SEEDS: DA529AB       1       0       0       0       0   181CD    3039       0       0
  249999981                    19                    19             2.6361326E-05         1.0000000E+30                 0       
 NEXT SEEDS: DA529AF       1       0       0       0       0   181CD    3039       0       0
  249999982                    18                    18             2.6361326E-05         1.0000000E+30                 0       
 NEXT SEEDS: DA529B3       1       0       0       0       0   181CD    3039       0       0
  249999983                    17                    17             2.6361326E-05         1.0000000E+30                 0       
 NEXT SEEDS: DA529B7       1       0       0       0       0   181CD    3039       0       0
  249999984                    16                    16             2.6361326E-05         1.0000000E+30                 0       
 NEXT SEEDS: DA529BB       1       0       0       0       0   181CD    3039       0       0
  249999985                    15                    15             2.6361326E-05         1.0000000E+30                 0       
 NEXT SEEDS: DA529BF       1       0       0       0       0   181CD    3039       0       0
  249999986                    14                    14             2.6361326E-05         1.0000000E+30                 0       
 NEXT SEEDS: DA529C3       1       0       0       0       0   181CD    3039       0       0
  249999987                    13                    13             2.6361326E-05         1.0000000E+30                 0       
 NEXT SEEDS: DA529C7       1       0       0       0       0   181CD    3039       0       0
  249999988                    12                    12             2.6361326E-05         1.0000000E+30                 0       
 NEXT SEEDS: DA529CB       1       0       0       0       0   181CD    3039       0       0
  249999989                    11                    11             2.6361328E-05         1.0000000E+30                 0       
 NEXT SEEDS: DA529CF       1       0       0       0       0   181CD    3039       0       0
  249999990                    10                    10             2.6361327E-05         1.0000000E+30                 0       
 NEXT SEEDS: DA529D3       1       0       0       0       0   181CD    3039       0       0
  249999991                     9                     9             2.6361327E-05         1.0000000E+30                 0       
 NEXT SEEDS: DA529D7       1       0       0       0       0   181CD    3039       0       0
  249999992                     8                     8             2.6361329E-05         1.0000000E+30                 0       
 NEXT SEEDS: DA529DB       1       0       0       0       0   181CD    3039       0       0
  249999993                     7                     7             2.6361329E-05         1.0000000E+30                 0       
 NEXT SEEDS: DA529DF       1       0       0       0       0   181CD    3039       0       0
  249999994                     6                     6             2.6361329E-05         1.0000000E+30                 0       
 NEXT SEEDS: DA529E3       1       0       0       0       0   181CD    3039       0       0
  249999995                     5                     5             2.6361331E-05         1.0000000E+30                 0       
 NEXT SEEDS: DA529E7       1       0       0       0       0   181CD    3039       0       0
  249999996                     4                     4             2.6361331E-05         1.0000000E+30                 0       
 NEXT SEEDS: DA529EB       1       0       0       0       0   181CD    3039       0       0
  249999997                     3                     3             2.6361331E-05         1.0000000E+30                 0       
 NEXT SEEDS: DA529EF       1       0       0       0       0   181CD    3039       0       0
  249999998                     2                     2             2.6361332E-05         1.0000000E+30                 0       
 NEXT SEEDS: DA529F9       1       0       0       0       0   181CD    3039       0       0
  249999999                     1                     1             2.6361332E-05         1.0000000E+30                 0       
 NEXT SEEDS: DA529FD       1       0       0       0       0   181CD    3039       0       0
  250000000                     0                     1             2.6361334E-05         1.0000000E+30                 0       
 NEXT SEEDS: DA52A01       1       0       0       0       0   181CD    3039       0       0
