1NUMBER OF BEAM       NUMBER OF BEAM        APPROXIMATE NUMBER    AVERAGE TIME USED     TIME LEFT (RESERVED   NUMBER OF STARS
 PARTICLES HANDLED    PARTICLES LEFT        OF BEAM PARTICLES     BY A BEAM PARTICLE     10000.0 SECONDS      CREATED
                                            THAT CAN STILL BE                           FOR PRINTOUT)
                                            HANDLED

 NEXT SEEDS:       0       0       0       0       0       0   181CD    3039       0       0
          1             249999999             249999999             7.7962875E-05         1.0000000E+30                 0       
 NEXT SEEDS:       4       0       0       0       0       0   181CD    3039       0       0
    5000000             245000000             245000000             2.7233051E-05         1.0000000E+30                 0       
 NEXT SEEDS: 1773039       0       0       0       0       0   181CD    3039       0       0
   10000000             240000000             240000000             2.7230033E-05         1.0000000E+30                 0       
 NEXT SEEDS: 2EE51E5       0       0       0       0       0   181CD    3039       0       0
   15000000             235000000             235000000             2.7212984E-05         1.0000000E+30                 0       
 NEXT SEEDS: 4658721       0       0       0       0       0   181CD    3039       0       0
   20000000             230000000             230000000             2.7202663E-05         1.0000000E+30                 0       
 NEXT SEEDS: 5DC8024       0       0       0       0       0   181CD    3039       0       0
   25000000             225000000             225000000             2.7187001E-05         1.0000000E+30                 0       
 NEXT SEEDS: 753669B       0       0       0       0       0   181CD    3039       0       0
   30000000             220000000             220000000             2.7185770E-05         1.0000000E+30                 0       
 NEXT SEEDS: 8CA6A79       0       0       0       0       0   181CD    3039       0       0
   35000000             215000000             215000000             2.7179334E-05         1.0000000E+30                 0       
 NEXT SEEDS: A417AA8       0       0       0       0       0   181CD    3039       0       0
   40000000             210000000             210000000             2.7169114E-05         1.0000000E+30                 0       
 NEXT SEEDS: BB88D55       0       0       0       0       0   181CD    3039       0       0
   45000000             205000000             205000000             2.7158554E-05         1.0000000E+30                 0       
 NEXT SEEDS: D2FB5C2       0       0       0       0       0   181CD    3039       0       0
   50000000             200000000             200000000             2.7157542E-05         1.0000000E+30                 0       
 NEXT SEEDS: EA6D44E       0       0       0       0       0   181CD    3039       0       0
   55000000             195000000             195000000             2.7153796E-05         1.0000000E+30                 0       
 NEXT SEEDS:101DFC1F       0       0       0       0       0   181CD    3039       0       0
   60000000             190000000             190000000             2.7146912E-05         1.0000000E+30                 0       
 NEXT SEEDS:1194E423       0       0       0       0       0   181CD    3039       0       0
   65000000             185000000             185000000             2.7151159E-05         1.0000000E+30                 0       
 NEXT SEEDS:130C1746       0       0       0       0       0   181CD    3039       0       0
   70000000             180000000             180000000             2.7151305E-05         1.0000000E+30                 0       
 NEXT SEEDS:1483191C       0       0       0       0       0   181CD    3039       0       0
   75000000             175000000             175000000             2.7153947E-05         1.0000000E+30                 0       
 NEXT SEEDS:15FA3CFC       0       0       0       0       0   181CD    3039       0       0
   80000000             170000000             170000000             2.7154117E-05         1.0000000E+30                 0       
 NEXT SEEDS:17713CE9       0       0       0       0       0   181CD    3039       0       0
  *** Emfgeo: Ncoun  2000000000
   85000000             165000000             165000000             2.7152933E-05         1.0000000E+30                 0       
 NEXT SEEDS:18E8588E       0       0       0       0       0   181CD    3039       0       0
   90000000             160000000             160000000             2.7154856E-05         1.0000000E+30                 0       
 NEXT SEEDS:1A5FAB22       0       0       0       0       0   181CD    3039       0       0
   95000000             155000000             155000000             2.7154243E-05         1.0000000E+30                 0       
 NEXT SEEDS:1BD6A7FF       0       0       0       0       0   181CD    3039       0       0
  100000000             150000000             150000000             2.7150747E-05         1.0000000E+30                 0       
 NEXT SEEDS:1D4DC23B       0       0       0       0       0   181CD    3039       0       0
  105000000             145000000             145000000             2.7151807E-05         1.0000000E+30                 0       
 NEXT SEEDS:1EC4C3B5       0       0       0       0       0   181CD    3039       0       0
  110000000             140000000             140000000             2.7152977E-05         1.0000000E+30                 0       
 NEXT SEEDS:203BD54A       0       0       0       0       0   181CD    3039       0       0
  115000000             135000000             135000000             2.7153824E-05         1.0000000E+30                 0       
 NEXT SEEDS:21B2BF53       0       0       0       0       0   181CD    3039       0       0
  120000000             130000000             130000000             2.7154134E-05         1.0000000E+30                 0       
 NEXT SEEDS:2329A3FC       0       0       0       0       0   181CD    3039       0       0
  125000000             125000000             125000000             2.7153756E-05         1.0000000E+30                 0       
 NEXT SEEDS:24A0CE9C       0       0       0       0       0   181CD    3039       0       0
  130000000             120000000             120000000             2.7154973E-05         1.0000000E+30                 0       
 NEXT SEEDS:2617FF74       0       0       0       0       0   181CD    3039       0       0
  135000000             115000000             115000000             2.7155728E-05         1.0000000E+30                 0       
 NEXT SEEDS:278F1FFB       0       0       0       0       0   181CD    3039       0       0
  140000000             110000000             110000000             2.7156107E-05         1.0000000E+30                 0       
 NEXT SEEDS:29061F57       0       0       0       0       0   181CD    3039       0       0
  145000000             105000000             105000000             2.7158178E-05         1.0000000E+30                 0       
 NEXT SEEDS:2A7D0B8A       0       0       0       0       0   181CD    3039       0       0
  150000000             100000000             100000000             2.7161253E-05         1.0000000E+30                 0       
 NEXT SEEDS:2BF4063C       0       0       0       0       0   181CD    3039       0       0
  155000000              95000000              95000000             2.7165920E-05         1.0000000E+30                 0       
 NEXT SEEDS:2D6B2891       0       0       0       0       0   181CD    3039       0       0
  160000000              90000000              90000000             2.7165529E-05         1.0000000E+30                 0       
 NEXT SEEDS:2EE27085       0       0       0       0       0   181CD    3039       0       0
  *** Emfgeo: Ncoun  2000000000
  165000000              85000000              85000000             2.7165692E-05         1.0000000E+30                 0       
 NEXT SEEDS:3059700C       0       0       0       0       0   181CD    3039       0       0
  170000000              80000000              80000000             2.7166080E-05         1.0000000E+30                 0       
 NEXT SEEDS:31D088BD       0       0       0       0       0   181CD    3039       0       0
  175000000              75000000              75000000             2.7165931E-05         1.0000000E+30                 0       
 NEXT SEEDS:3347CD14       0       0       0       0       0   181CD    3039       0       0
  180000000              70000000              70000000             2.7166465E-05         1.0000000E+30                 0       
 NEXT SEEDS:34BEF0DD       0       0       0       0       0   181CD    3039       0       0
  185000000              65000000              65000000             2.7165479E-05         1.0000000E+30                 0       
 NEXT SEEDS:363635F1       0       0       0       0       0   181CD    3039       0       0
  190000000              60000000              60000000             2.7164583E-05         1.0000000E+30                 0       
 NEXT SEEDS:37AD615F       0       0       0       0       0   181CD    3039       0       0
  195000000              55000000              55000000             2.7163097E-05         1.0000000E+30                 0       
 NEXT SEEDS:39243563       0       0       0       0       0   181CD    3039       0       0
  200000000              50000000              50000000             2.7167169E-05         1.0000000E+30                 0       
 NEXT SEEDS:3A9B6A9E       0       0       0       0       0   181CD    3039       0       0
  205000000              45000000              45000000             2.7180256E-05         1.0000000E+30                 0       
 NEXT SEEDS:  77A3EC       1       0       0       0       0   181CD    3039       0       0
  210000000              40000000              40000000             2.7183035E-05         1.0000000E+30                 0       
 NEXT SEEDS: 1EEF4AF       1       0       0       0       0   181CD    3039       0       0
  215000000              35000000              35000000             2.7181803E-05         1.0000000E+30                 0       
 NEXT SEEDS: 3661D02       1       0       0       0       0   181CD    3039       0       0
  220000000              30000000              30000000             2.7181391E-05         1.0000000E+30                 0       
 NEXT SEEDS: 4DD547C       1       0       0       0       0   181CD    3039       0       0
  225000000              25000000              25000000             2.7181772E-05         1.0000000E+30                 0       
 NEXT SEEDS: 6542D1C       1       0       0       0       0   181CD    3039       0       0
  230000000              20000000              20000000             2.7180901E-05         1.0000000E+30                 0       
 NEXT SEEDS: 7CB5F01       1       0       0       0       0   181CD    3039       0       0
  235000000              15000000              15000000             2.7178984E-05         1.0000000E+30                 0       
 NEXT SEEDS: 9425721       1       0       0       0       0   181CD    3039       0       0
  240000000              10000000              10000000             2.7176700E-05         1.0000000E+30                 0       
 NEXT SEEDS: AB92910       1       0       0       0       0   181CD    3039       0       0
  *** Emfgeo: Ncoun  2000000000
  245000000               5000000               5000000             2.7176370E-05         1.0000000E+30                 0       
 NEXT SEEDS: C3022CE       1       0       0       0       0   181CD    3039       0       0
  249999950                    50                    50             2.7176368E-05         1.0000000E+30                 0       
 NEXT SEEDS: DA7337F       1       0       0       0       0   181CD    3039       0       0
  249999951                    49                    49             2.7176368E-05         1.0000000E+30                 0       
 NEXT SEEDS: DA73383       1       0       0       0       0   181CD    3039       0       0
  249999952                    48                    48             2.7176370E-05         1.0000000E+30                 0       
 NEXT SEEDS: DA73387       1       0       0       0       0   181CD    3039       0       0
  249999953                    47                    47             2.7176371E-05         1.0000000E+30                 0       
 NEXT SEEDS: DA7338B       1       0       0       0       0   181CD    3039       0       0
  249999954                    46                    46             2.7176371E-05         1.0000000E+30                 0       
 NEXT SEEDS: DA7338F       1       0       0       0       0   181CD    3039       0       0
  249999955                    45                    45             2.7176371E-05         1.0000000E+30                 0       
 NEXT SEEDS: DA73393       1       0       0       0       0   181CD    3039       0       0
  249999956                    44                    44             2.7176373E-05         1.0000000E+30                 0       
 NEXT SEEDS: DA73397       1       0       0       0       0   181CD    3039       0       0
  249999957                    43                    43             2.7176373E-05         1.0000000E+30                 0       
 NEXT SEEDS: DA7339B       1       0       0       0       0   181CD    3039       0       0
  249999958                    42                    42             2.7176375E-05         1.0000000E+30                 0       
 NEXT SEEDS: DA7339F       1       0       0       0       0   181CD    3039       0       0
  249999959                    41                    41             2.7176375E-05         1.0000000E+30                 0       
 NEXT SEEDS: DA733A3       1       0       0       0       0   181CD    3039       0       0
  249999960                    40                    40             2.7176375E-05         1.0000000E+30                 0       
 NEXT SEEDS: DA733A7       1       0       0       0       0   181CD    3039       0       0
  249999961                    39                    39             2.7176376E-05         1.0000000E+30                 0       
 NEXT SEEDS: DA733AB       1       0       0       0       0   181CD    3039       0       0
  249999962                    38                    38             2.7176376E-05         1.0000000E+30                 0       
 NEXT SEEDS: DA733AF       1       0       0       0       0   181CD    3039       0       0
  249999963                    37                    37             2.7176376E-05         1.0000000E+30                 0       
 NEXT SEEDS: DA733B5       1       0       0       0       0   181CD    3039       0       0
  249999964                    36                    36             2.7176378E-05         1.0000000E+30                 0       
 NEXT SEEDS: DA733B9       1       0       0       0       0   181CD    3039       0       0
  249999965                    35                    35             2.7176378E-05         1.0000000E+30                 0       
 NEXT SEEDS: DA733BD       1       0       0       0       0   181CD    3039       0       0
  249999966                    34                    34             2.7176378E-05         1.0000000E+30                 0       
 NEXT SEEDS: DA733C1       1       0       0       0       0   181CD    3039       0       0
  249999967                    33                    33             2.7176380E-05         1.0000000E+30                 0       
 NEXT SEEDS: DA733C5       1       0       0       0       0   181CD    3039       0       0
  249999968                    32                    32             2.7176380E-05         1.0000000E+30                 0       
 NEXT SEEDS: DA733C9       1       0       0       0       0   181CD    3039       0       0
  249999969                    31                    31             2.7176379E-05         1.0000000E+30                 0       
 NEXT SEEDS: DA733CD       1       0       0       0       0   181CD    3039       0       0
  249999970                    30                    30             2.7176381E-05         1.0000000E+30                 0       
 NEXT SEEDS: DA733D1       1       0       0       0       0   181CD    3039       0       0
  249999971                    29                    29             2.7176381E-05         1.0000000E+30                 0       
 NEXT SEEDS: DA733D7       1       0       0       0       0   181CD    3039       0       0
  249999972                    28                    28             2.7176383E-05         1.0000000E+30                 0       
 NEXT SEEDS: DA733DB       1       0       0       0       0   181CD    3039       0       0
  249999973                    27                    27             2.7176383E-05         1.0000000E+30                 0       
 NEXT SEEDS: DA733DF       1       0       0       0       0   181CD    3039       0       0
  249999974                    26                    26             2.7176383E-05         1.0000000E+30                 0       
 NEXT SEEDS: DA733E3       1       0       0       0       0   181CD    3039       0       0
  249999975                    25                    25             2.7176383E-05         1.0000000E+30                 0       
 NEXT SEEDS: DA733E7       1       0       0       0       0   181CD    3039       0       0
  249999976                    24                    24             2.7176383E-05         1.0000000E+30                 0       
 NEXT SEEDS: DA733EB       1       0       0       0       0   181CD    3039       0       0
  249999977                    23                    23             2.7176383E-05         1.0000000E+30                 0       
 NEXT SEEDS: DA733EF       1       0       0       0       0   181CD    3039       0       0
  249999978                    22                    22             2.7176382E-05         1.0000000E+30                 0       
 NEXT SEEDS: DA733F3       1       0       0       0       0   181CD    3039       0       0
  249999979                    21                    21             2.7176382E-05         1.0000000E+30                 0       
 NEXT SEEDS: DA733F7       1       0       0       0       0   181CD    3039       0       0
  249999980                    20                    20             2.7176382E-05         1.0000000E+30                 0       
 NEXT SEEDS: DA733FB       1       0       0       0       0   181CD    3039       0       0
  249999981                    19                    19             2.7176382E-05         1.0000000E+30                 0       
 NEXT SEEDS: DA733FF       1       0       0       0       0   181CD    3039       0       0
  249999982                    18                    18             2.7176382E-05         1.0000000E+30                 0       
 NEXT SEEDS: DA73403       1       0       0       0       0   181CD    3039       0       0
  249999983                    17                    17             2.7176382E-05         1.0000000E+30                 0       
 NEXT SEEDS: DA73407       1       0       0       0       0   181CD    3039       0       0
  249999984                    16                    16             2.7176382E-05         1.0000000E+30                 0       
 NEXT SEEDS: DA7340B       1       0       0       0       0   181CD    3039       0       0
  249999985                    15                    15             2.7176382E-05         1.0000000E+30                 0       
 NEXT SEEDS: DA7340F       1       0       0       0       0   181CD    3039       0       0
  249999986                    14                    14             2.7176382E-05         1.0000000E+30                 0       
 NEXT SEEDS: DA73413       1       0       0       0       0   181CD    3039       0       0
  249999987                    13                    13             2.7176383E-05         1.0000000E+30                 0       
 NEXT SEEDS: DA73417       1       0       0       0       0   181CD    3039       0       0
  249999988                    12                    12             2.7176383E-05         1.0000000E+30                 0       
 NEXT SEEDS: DA7341B       1       0       0       0       0   181CD    3039       0       0
  249999989                    11                    11             2.7176383E-05         1.0000000E+30                 0       
 NEXT SEEDS: DA7341F       1       0       0       0       0   181CD    3039       0       0
  249999990                    10                    10             2.7176385E-05         1.0000000E+30                 0       
 NEXT SEEDS: DA73425       1       0       0       0       0   181CD    3039       0       0
  249999991                     9                     9             2.7176387E-05         1.0000000E+30                 0       
 NEXT SEEDS: DA7342B       1       0       0       0       0   181CD    3039       0       0
  249999992                     8                     8             2.7176387E-05         1.0000000E+30                 0       
 NEXT SEEDS: DA73431       1       0       0       0       0   181CD    3039       0       0
  249999993                     7                     7             2.7176387E-05         1.0000000E+30                 0       
 NEXT SEEDS: DA73435       1       0       0       0       0   181CD    3039       0       0
  249999994                     6                     6             2.7176388E-05         1.0000000E+30                 0       
 NEXT SEEDS: DA73439       1       0       0       0       0   181CD    3039       0       0
  249999995                     5                     5             2.7176388E-05         1.0000000E+30                 0       
 NEXT SEEDS: DA7343D       1       0       0       0       0   181CD    3039       0       0
  249999996                     4                     4             2.7176388E-05         1.0000000E+30                 0       
 NEXT SEEDS: DA73441       1       0       0       0       0   181CD    3039       0       0
  249999997                     3                     3             2.7176390E-05         1.0000000E+30                 0       
 NEXT SEEDS: DA73455       1       0       0       0       0   181CD    3039       0       0
  249999998                     2                     2             2.7176390E-05         1.0000000E+30                 0       
 NEXT SEEDS: DA73459       1       0       0       0       0   181CD    3039       0       0
  249999999                     1                     1             2.7176390E-05         1.0000000E+30                 0       
 NEXT SEEDS: DA7345D       1       0       0       0       0   181CD    3039       0       0
  250000000                     0                     1             2.7176392E-05         1.0000000E+30                 0       
 NEXT SEEDS: DA73461       1       0       0       0       0   181CD    3039       0       0
