1NUMBER OF BEAM       NUMBER OF BEAM        APPROXIMATE NUMBER    AVERAGE TIME USED     TIME LEFT (RESERVED   NUMBER OF STARS
 PARTICLES HANDLED    PARTICLES LEFT        OF BEAM PARTICLES     BY A BEAM PARTICLE     10000.0 SECONDS      CREATED
                                            THAT CAN STILL BE                           FOR PRINTOUT)
                                            HANDLED

 NEXT SEEDS:       0       0       0       0       0       0   181CD    3039       0       0
          1             249999999             249999999             7.7009201E-05         1.0000000E+30                 0       
 NEXT SEEDS:       4       0       0       0       0       0   181CD    3039       0       0
    5000000             245000000             245000000             2.7056848E-05         1.0000000E+30                 0       
 NEXT SEEDS: 1774646       0       0       0       0       0   181CD    3039       0       0
   10000000             240000000             240000000             2.7057977E-05         1.0000000E+30                 0       
 NEXT SEEDS: 2EE1C28       0       0       0       0       0   181CD    3039       0       0
   15000000             235000000             235000000             2.7085091E-05         1.0000000E+30                 0       
 NEXT SEEDS: 4657788       0       0       0       0       0   181CD    3039       0       0
   20000000             230000000             230000000             2.7060693E-05         1.0000000E+30                 0       
 NEXT SEEDS: 5DC4956       0       0       0       0       0   181CD    3039       0       0
   25000000             225000000             225000000             2.7061768E-05         1.0000000E+30                 0       
 NEXT SEEDS: 753A00D       0       0       0       0       0   181CD    3039       0       0
   30000000             220000000             220000000             2.7070302E-05         1.0000000E+30                 0       
 NEXT SEEDS: 8CAD7B8       0       0       0       0       0   181CD    3039       0       0
   35000000             215000000             215000000             2.7075010E-05         1.0000000E+30                 0       
 NEXT SEEDS: A423AF5       0       0       0       0       0   181CD    3039       0       0
   40000000             210000000             210000000             2.7079076E-05         1.0000000E+30                 0       
 NEXT SEEDS: BB977CD       0       0       0       0       0   181CD    3039       0       0
   45000000             205000000             205000000             2.7087037E-05         1.0000000E+30                 0       
 NEXT SEEDS: D30A86B       0       0       0       0       0   181CD    3039       0       0
   50000000             200000000             200000000             2.7083055E-05         1.0000000E+30                 0       
 NEXT SEEDS: EA7BF4C       0       0       0       0       0   181CD    3039       0       0
   55000000             195000000             195000000             2.7081657E-05         1.0000000E+30                 0       
 NEXT SEEDS:101EF2B2       0       0       0       0       0   181CD    3039       0       0
   60000000             190000000             190000000             2.7082431E-05         1.0000000E+30                 0       
 NEXT SEEDS:1195FC92       0       0       0       0       0   181CD    3039       0       0
   65000000             185000000             185000000             2.7080817E-05         1.0000000E+30                 0       
 NEXT SEEDS:130D17D1       0       0       0       0       0   181CD    3039       0       0
   70000000             180000000             180000000             2.7077374E-05         1.0000000E+30                 0       
 NEXT SEEDS:1483F596       0       0       0       0       0   181CD    3039       0       0
   75000000             175000000             175000000             2.7076488E-05         1.0000000E+30                 0       
 NEXT SEEDS:15FB07CF       0       0       0       0       0   181CD    3039       0       0
   80000000             170000000             170000000             2.7077938E-05         1.0000000E+30                 0       
 NEXT SEEDS:17724B9B       0       0       0       0       0   181CD    3039       0       0
  *** Emfgeo: Ncoun  2000000000
   85000000             165000000             165000000             2.7082232E-05         1.0000000E+30                 0       
 NEXT SEEDS:18E938AF       0       0       0       0       0   181CD    3039       0       0
   90000000             160000000             160000000             2.7084195E-05         1.0000000E+30                 0       
 NEXT SEEDS:1A6048DE       0       0       0       0       0   181CD    3039       0       0
   95000000             155000000             155000000             2.7085037E-05         1.0000000E+30                 0       
 NEXT SEEDS:1BD741F2       0       0       0       0       0   181CD    3039       0       0
  100000000             150000000             150000000             2.7085720E-05         1.0000000E+30                 0       
 NEXT SEEDS:1D4E278F       0       0       0       0       0   181CD    3039       0       0
  105000000             145000000             145000000             2.7084570E-05         1.0000000E+30                 0       
 NEXT SEEDS:1EC53562       0       0       0       0       0   181CD    3039       0       0
  110000000             140000000             140000000             2.7082918E-05         1.0000000E+30                 0       
 NEXT SEEDS:203C6D03       0       0       0       0       0   181CD    3039       0       0
  115000000             135000000             135000000             2.7082797E-05         1.0000000E+30                 0       
 NEXT SEEDS:21B3483D       0       0       0       0       0   181CD    3039       0       0
  120000000             130000000             130000000             2.7080297E-05         1.0000000E+30                 0       
 NEXT SEEDS:232A3BE4       0       0       0       0       0   181CD    3039       0       0
  125000000             125000000             125000000             2.7080480E-05         1.0000000E+30                 0       
 NEXT SEEDS:24A17AC5       0       0       0       0       0   181CD    3039       0       0
  130000000             120000000             120000000             2.7080998E-05         1.0000000E+30                 0       
 NEXT SEEDS:261854E2       0       0       0       0       0   181CD    3039       0       0
  135000000             115000000             115000000             2.7081320E-05         1.0000000E+30                 0       
 NEXT SEEDS:278F6383       0       0       0       0       0   181CD    3039       0       0
  140000000             110000000             110000000             2.7082387E-05         1.0000000E+30                 0       
 NEXT SEEDS:29066ED2       0       0       0       0       0   181CD    3039       0       0
  145000000             105000000             105000000             2.7080913E-05         1.0000000E+30                 0       
 NEXT SEEDS:2A7D906E       0       0       0       0       0   181CD    3039       0       0
  150000000             100000000             100000000             2.7080506E-05         1.0000000E+30                 0       
 NEXT SEEDS:2BF4E2E3       0       0       0       0       0   181CD    3039       0       0
  155000000              95000000              95000000             2.7082486E-05         1.0000000E+30                 0       
 NEXT SEEDS:2D6C0F97       0       0       0       0       0   181CD    3039       0       0
  160000000              90000000              90000000             2.7082084E-05         1.0000000E+30                 0       
 NEXT SEEDS:2EE35E29       0       0       0       0       0   181CD    3039       0       0
  *** Emfgeo: Ncoun  2000000000
  165000000              85000000              85000000             2.7080520E-05         1.0000000E+30                 0       
 NEXT SEEDS:305A0F51       0       0       0       0       0   181CD    3039       0       0
  170000000              80000000              80000000             2.7081082E-05         1.0000000E+30                 0       
 NEXT SEEDS:31D12374       0       0       0       0       0   181CD    3039       0       0
  175000000              75000000              75000000             2.7080400E-05         1.0000000E+30                 0       
 NEXT SEEDS:334846C1       0       0       0       0       0   181CD    3039       0       0
  180000000              70000000              70000000             2.7079865E-05         1.0000000E+30                 0       
 NEXT SEEDS:34BF836D       0       0       0       0       0   181CD    3039       0       0
  185000000              65000000              65000000             2.7079026E-05         1.0000000E+30                 0       
 NEXT SEEDS:36368051       0       0       0       0       0   181CD    3039       0       0
  190000000              60000000              60000000             2.7078763E-05         1.0000000E+30                 0       
 NEXT SEEDS:37AD800B       0       0       0       0       0   181CD    3039       0       0
  195000000              55000000              55000000             2.7080377E-05         1.0000000E+30                 0       
 NEXT SEEDS:392489C2       0       0       0       0       0   181CD    3039       0       0
  200000000              50000000              50000000             2.7080833E-05         1.0000000E+30                 0       
 NEXT SEEDS:3A9B8DBD       0       0       0       0       0   181CD    3039       0       0
  205000000              45000000              45000000             2.7080417E-05         1.0000000E+30                 0       
 NEXT SEEDS:  7826CE       1       0       0       0       0   181CD    3039       0       0
  210000000              40000000              40000000             2.7080856E-05         1.0000000E+30                 0       
 NEXT SEEDS: 1EF8003       1       0       0       0       0   181CD    3039       0       0
  215000000              35000000              35000000             2.7080649E-05         1.0000000E+30                 0       
 NEXT SEEDS: 3667ECF       1       0       0       0       0   181CD    3039       0       0
  220000000              30000000              30000000             2.7080494E-05         1.0000000E+30                 0       
 NEXT SEEDS: 4DDB1BD       1       0       0       0       0   181CD    3039       0       0
  225000000              25000000              25000000             2.7080396E-05         1.0000000E+30                 0       
 NEXT SEEDS: 654BFD0       1       0       0       0       0   181CD    3039       0       0
  230000000              20000000              20000000             2.7079489E-05         1.0000000E+30                 0       
 NEXT SEEDS: 7CBB4C6       1       0       0       0       0   181CD    3039       0       0
  235000000              15000000              15000000             2.7079655E-05         1.0000000E+30                 0       
 NEXT SEEDS: 942A055       1       0       0       0       0   181CD    3039       0       0
  240000000              10000000              10000000             2.7080592E-05         1.0000000E+30                 0       
 NEXT SEEDS: AB9C9AE       1       0       0       0       0   181CD    3039       0       0
  *** Emfgeo: Ncoun  2000000000
  245000000               5000000               5000000             2.7081486E-05         1.0000000E+30                 0       
 NEXT SEEDS: C30D9DF       1       0       0       0       0   181CD    3039       0       0
  249999950                    50                    50             2.7081213E-05         1.0000000E+30                 0       
 NEXT SEEDS: DA7CE73       1       0       0       0       0   181CD    3039       0       0
  249999951                    49                    49             2.7081215E-05         1.0000000E+30                 0       
 NEXT SEEDS: DA7CE77       1       0       0       0       0   181CD    3039       0       0
  249999952                    48                    48             2.7081215E-05         1.0000000E+30                 0       
 NEXT SEEDS: DA7CE7B       1       0       0       0       0   181CD    3039       0       0
  249999953                    47                    47             2.7081215E-05         1.0000000E+30                 0       
 NEXT SEEDS: DA7CE7F       1       0       0       0       0   181CD    3039       0       0
  249999954                    46                    46             2.7081217E-05         1.0000000E+30                 0       
 NEXT SEEDS: DA7CE83       1       0       0       0       0   181CD    3039       0       0
  249999955                    45                    45             2.7081217E-05         1.0000000E+30                 0       
 NEXT SEEDS: DA7CE87       1       0       0       0       0   181CD    3039       0       0
  249999956                    44                    44             2.7081216E-05         1.0000000E+30                 0       
 NEXT SEEDS: DA7CE8B       1       0       0       0       0   181CD    3039       0       0
  249999957                    43                    43             2.7081218E-05         1.0000000E+30                 0       
 NEXT SEEDS: DA7CE8F       1       0       0       0       0   181CD    3039       0       0
  249999958                    42                    42             2.7081218E-05         1.0000000E+30                 0       
 NEXT SEEDS: DA7CE93       1       0       0       0       0   181CD    3039       0       0
  249999959                    41                    41             2.7081218E-05         1.0000000E+30                 0       
 NEXT SEEDS: DA7CE97       1       0       0       0       0   181CD    3039       0       0
  249999960                    40                    40             2.7081220E-05         1.0000000E+30                 0       
 NEXT SEEDS: DA7CE9B       1       0       0       0       0   181CD    3039       0       0
  249999961                    39                    39             2.7081220E-05         1.0000000E+30                 0       
 NEXT SEEDS: DA7CE9F       1       0       0       0       0   181CD    3039       0       0
  249999962                    38                    38             2.7081220E-05         1.0000000E+30                 0       
 NEXT SEEDS: DA7CEA3       1       0       0       0       0   181CD    3039       0       0
  249999963                    37                    37             2.7081222E-05         1.0000000E+30                 0       
 NEXT SEEDS: DA7CEA7       1       0       0       0       0   181CD    3039       0       0
  249999964                    36                    36             2.7081221E-05         1.0000000E+30                 0       
 NEXT SEEDS: DA7CEAB       1       0       0       0       0   181CD    3039       0       0
  249999965                    35                    35             2.7081221E-05         1.0000000E+30                 0       
 NEXT SEEDS: DA7CEAF       1       0       0       0       0   181CD    3039       0       0
  249999966                    34                    34             2.7081223E-05         1.0000000E+30                 0       
 NEXT SEEDS: DA7CEB3       1       0       0       0       0   181CD    3039       0       0
  249999967                    33                    33             2.7081223E-05         1.0000000E+30                 0       
 NEXT SEEDS: DA7CEB7       1       0       0       0       0   181CD    3039       0       0
  249999968                    32                    32             2.7081223E-05         1.0000000E+30                 0       
 NEXT SEEDS: DA7CEBB       1       0       0       0       0   181CD    3039       0       0
  249999969                    31                    31             2.7081225E-05         1.0000000E+30                 0       
 NEXT SEEDS: DA7CEBF       1       0       0       0       0   181CD    3039       0       0
  249999970                    30                    30             2.7081225E-05         1.0000000E+30                 0       
 NEXT SEEDS: DA7CEC3       1       0       0       0       0   181CD    3039       0       0
  249999971                    29                    29             2.7081227E-05         1.0000000E+30                 0       
 NEXT SEEDS: DA7CEC7       1       0       0       0       0   181CD    3039       0       0
  249999972                    28                    28             2.7081226E-05         1.0000000E+30                 0       
 NEXT SEEDS: DA7CEEE       1       0       0       0       0   181CD    3039       0       0
  249999973                    27                    27             2.7081228E-05         1.0000000E+30                 0       
 NEXT SEEDS: DA7CEF2       1       0       0       0       0   181CD    3039       0       0
  249999974                    26                    26             2.7081228E-05         1.0000000E+30                 0       
 NEXT SEEDS: DA7CEF6       1       0       0       0       0   181CD    3039       0       0
  249999975                    25                    25             2.7081228E-05         1.0000000E+30                 0       
 NEXT SEEDS: DA7CEFA       1       0       0       0       0   181CD    3039       0       0
  249999976                    24                    24             2.7081228E-05         1.0000000E+30                 0       
 NEXT SEEDS: DA7CEFE       1       0       0       0       0   181CD    3039       0       0
  249999977                    23                    23             2.7081228E-05         1.0000000E+30                 0       
 NEXT SEEDS: DA7CF02       1       0       0       0       0   181CD    3039       0       0
  249999978                    22                    22             2.7081228E-05         1.0000000E+30                 0       
 NEXT SEEDS: DA7CF06       1       0       0       0       0   181CD    3039       0       0
  249999979                    21                    21             2.7081228E-05         1.0000000E+30                 0       
 NEXT SEEDS: DA7CF0A       1       0       0       0       0   181CD    3039       0       0
  249999980                    20                    20             2.7081228E-05         1.0000000E+30                 0       
 NEXT SEEDS: DA7CF0E       1       0       0       0       0   181CD    3039       0       0
  249999981                    19                    19             2.7081227E-05         1.0000000E+30                 0       
 NEXT SEEDS: DA7CF12       1       0       0       0       0   181CD    3039       0       0
  249999982                    18                    18             2.7081227E-05         1.0000000E+30                 0       
 NEXT SEEDS: DA7CF16       1       0       0       0       0   181CD    3039       0       0
  249999983                    17                    17             2.7081227E-05         1.0000000E+30                 0       
 NEXT SEEDS: DA7CF1A       1       0       0       0       0   181CD    3039       0       0
  249999984                    16                    16             2.7081227E-05         1.0000000E+30                 0       
 NEXT SEEDS: DA7CF1E       1       0       0       0       0   181CD    3039       0       0
  249999985                    15                    15             2.7081227E-05         1.0000000E+30                 0       
 NEXT SEEDS: DA7CF22       1       0       0       0       0   181CD    3039       0       0
  249999986                    14                    14             2.7081227E-05         1.0000000E+30                 0       
 NEXT SEEDS: DA7CF26       1       0       0       0       0   181CD    3039       0       0
  249999987                    13                    13             2.7081227E-05         1.0000000E+30                 0       
 NEXT SEEDS: DA7CF2A       1       0       0       0       0   181CD    3039       0       0
  249999988                    12                    12             2.7081227E-05         1.0000000E+30                 0       
 NEXT SEEDS: DA7CF53       1       0       0       0       0   181CD    3039       0       0
  249999989                    11                    11             2.7081227E-05         1.0000000E+30                 0       
 NEXT SEEDS: DA7CF57       1       0       0       0       0   181CD    3039       0       0
  249999990                    10                    10             2.7081226E-05         1.0000000E+30                 0       
 NEXT SEEDS: DA7CF5B       1       0       0       0       0   181CD    3039       0       0
  249999991                     9                     9             2.7081226E-05         1.0000000E+30                 0       
 NEXT SEEDS: DA7CF5F       1       0       0       0       0   181CD    3039       0       0
  249999992                     8                     8             2.7081226E-05         1.0000000E+30                 0       
 NEXT SEEDS: DA7CF63       1       0       0       0       0   181CD    3039       0       0
  249999993                     7                     7             2.7081226E-05         1.0000000E+30                 0       
 NEXT SEEDS: DA7CF69       1       0       0       0       0   181CD    3039       0       0
  249999994                     6                     6             2.7081226E-05         1.0000000E+30                 0       
 NEXT SEEDS: DA7CF6D       1       0       0       0       0   181CD    3039       0       0
  249999995                     5                     5             2.7081226E-05         1.0000000E+30                 0       
 NEXT SEEDS: DA7CF71       1       0       0       0       0   181CD    3039       0       0
  249999996                     4                     4             2.7081228E-05         1.0000000E+30                 0       
 NEXT SEEDS: DA7CF75       1       0       0       0       0   181CD    3039       0       0
  249999997                     3                     3             2.7081228E-05         1.0000000E+30                 0       
 NEXT SEEDS: DA7CF79       1       0       0       0       0   181CD    3039       0       0
  249999998                     2                     2             2.7081229E-05         1.0000000E+30                 0       
 NEXT SEEDS: DA7CF7D       1       0       0       0       0   181CD    3039       0       0
  249999999                     1                     1             2.7081229E-05         1.0000000E+30                 0       
 NEXT SEEDS: DA7CF81       1       0       0       0       0   181CD    3039       0       0
  250000000                     0                     1             2.7081229E-05         1.0000000E+30                 0       
 NEXT SEEDS: DA7CF85       1       0       0       0       0   181CD    3039       0       0
