1NUMBER OF BEAM       NUMBER OF BEAM        APPROXIMATE NUMBER    AVERAGE TIME USED     TIME LEFT (RESERVED   NUMBER OF STARS
 PARTICLES HANDLED    PARTICLES LEFT        OF BEAM PARTICLES     BY A BEAM PARTICLE     10000.0 SECONDS      CREATED
                                            THAT CAN STILL BE                           FOR PRINTOUT)
                                            HANDLED

 NEXT SEEDS:       0       0       0       0       0       0   181CD    3039       0       0
          1             249999999             249999999             5.7911873E-04         1.0000000E+30                 0       
 NEXT SEEDS:       4       0       0       0       0       0   181CD    3039       0       0
    5000000             245000000             245000000             2.7291411E-05         1.0000000E+30                 0       
 NEXT SEEDS: 1770FAF       0       0       0       0       0   181CD    3039       0       0
   10000000             240000000             240000000             2.7292483E-05         1.0000000E+30                 0       
 NEXT SEEDS: 2EE1927       0       0       0       0       0   181CD    3039       0       0
   15000000             235000000             235000000             2.7263936E-05         1.0000000E+30                 0       
 NEXT SEEDS: 46505C0       0       0       0       0       0   181CD    3039       0       0
   20000000             230000000             230000000             2.7228950E-05         1.0000000E+30                 0       
 NEXT SEEDS: 5DBFA7E       0       0       0       0       0   181CD    3039       0       0
   25000000             225000000             225000000             2.7280416E-05         1.0000000E+30                 0       
 NEXT SEEDS: 752FD21       0       0       0       0       0   181CD    3039       0       0
   30000000             220000000             220000000             2.7289458E-05         1.0000000E+30                 0       
 NEXT SEEDS: 8CA05D4       0       0       0       0       0   181CD    3039       0       0
   35000000             215000000             215000000             2.7298559E-05         1.0000000E+30                 0       
 NEXT SEEDS: A410F58       0       0       0       0       0   181CD    3039       0       0
   40000000             210000000             210000000             2.7312636E-05         1.0000000E+30                 0       
 NEXT SEEDS: BB82116       0       0       0       0       0   181CD    3039       0       0
   45000000             205000000             205000000             2.7294859E-05         1.0000000E+30                 0       
 NEXT SEEDS: D2F3CAE       0       0       0       0       0   181CD    3039       0       0
   50000000             200000000             200000000             2.7296161E-05         1.0000000E+30                 0       
 NEXT SEEDS: EA64B00       0       0       0       0       0   181CD    3039       0       0
   55000000             195000000             195000000             2.7292855E-05         1.0000000E+30                 0       
 NEXT SEEDS:101D60ED       0       0       0       0       0   181CD    3039       0       0
   60000000             190000000             190000000             2.7301090E-05         1.0000000E+30                 0       
 NEXT SEEDS:1194676A       0       0       0       0       0   181CD    3039       0       0
   65000000             185000000             185000000             2.7305286E-05         1.0000000E+30                 0       
 NEXT SEEDS:130BA98A       0       0       0       0       0   181CD    3039       0       0
   70000000             180000000             180000000             2.7301571E-05         1.0000000E+30                 0       
 NEXT SEEDS:1482F517       0       0       0       0       0   181CD    3039       0       0
   75000000             175000000             175000000             2.7284794E-05         1.0000000E+30                 0       
 NEXT SEEDS:15F9BBC6       0       0       0       0       0   181CD    3039       0       0
   80000000             170000000             170000000             2.7278784E-05         1.0000000E+30                 0       
 NEXT SEEDS:1770CB94       0       0       0       0       0   181CD    3039       0       0
  *** Emfgeo: Ncoun  2000000000
   85000000             165000000             165000000             2.7269867E-05         1.0000000E+30                 0       
 NEXT SEEDS:18E834A2       0       0       0       0       0   181CD    3039       0       0
   90000000             160000000             160000000             2.7268042E-05         1.0000000E+30                 0       
 NEXT SEEDS:1A5F31BF       0       0       0       0       0   181CD    3039       0       0
   95000000             155000000             155000000             2.7264111E-05         1.0000000E+30                 0       
 NEXT SEEDS:1BD65191       0       0       0       0       0   181CD    3039       0       0
  100000000             150000000             150000000             2.7257426E-05         1.0000000E+30                 0       
 NEXT SEEDS:1D4D6420       0       0       0       0       0   181CD    3039       0       0
  105000000             145000000             145000000             2.7253832E-05         1.0000000E+30                 0       
 NEXT SEEDS:1EC459F7       0       0       0       0       0   181CD    3039       0       0
  110000000             140000000             140000000             2.7248504E-05         1.0000000E+30                 0       
 NEXT SEEDS:203B7E50       0       0       0       0       0   181CD    3039       0       0
  115000000             135000000             135000000             2.7242784E-05         1.0000000E+30                 0       
 NEXT SEEDS:21B29585       0       0       0       0       0   181CD    3039       0       0
  120000000             130000000             130000000             2.7236668E-05         1.0000000E+30                 0       
 NEXT SEEDS:23299115       0       0       0       0       0   181CD    3039       0       0
  125000000             125000000             125000000             2.7237357E-05         1.0000000E+30                 0       
 NEXT SEEDS:24A08285       0       0       0       0       0   181CD    3039       0       0
  130000000             120000000             120000000             2.7237979E-05         1.0000000E+30                 0       
 NEXT SEEDS:261796F7       0       0       0       0       0   181CD    3039       0       0
  135000000             115000000             115000000             2.7236901E-05         1.0000000E+30                 0       
 NEXT SEEDS:278EF400       0       0       0       0       0   181CD    3039       0       0
  140000000             110000000             110000000             2.7235641E-05         1.0000000E+30                 0       
 NEXT SEEDS:2905FC60       0       0       0       0       0   181CD    3039       0       0
  145000000             105000000             105000000             2.7238289E-05         1.0000000E+30                 0       
 NEXT SEEDS:2A7D3A0D       0       0       0       0       0   181CD    3039       0       0
  150000000             100000000             100000000             2.7238716E-05         1.0000000E+30                 0       
 NEXT SEEDS:2BF44D8B       0       0       0       0       0   181CD    3039       0       0
  155000000              95000000              95000000             2.7237388E-05         1.0000000E+30                 0       
 NEXT SEEDS:2D6B6E85       0       0       0       0       0   181CD    3039       0       0
  160000000              90000000              90000000             2.7232127E-05         1.0000000E+30                 0       
 NEXT SEEDS:2EE26501       0       0       0       0       0   181CD    3039       0       0
  *** Emfgeo: Ncoun  2000000000
  165000000              85000000              85000000             2.7235933E-05         1.0000000E+30                 0       
 NEXT SEEDS:3059A22D       0       0       0       0       0   181CD    3039       0       0
  170000000              80000000              80000000             2.7238331E-05         1.0000000E+30                 0       
 NEXT SEEDS:31D0EB93       0       0       0       0       0   181CD    3039       0       0
  175000000              75000000              75000000             2.7236064E-05         1.0000000E+30                 0       
 NEXT SEEDS:33481D3E       0       0       0       0       0   181CD    3039       0       0
  180000000              70000000              70000000             2.7239964E-05         1.0000000E+30                 0       
 NEXT SEEDS:34BF1E16       0       0       0       0       0   181CD    3039       0       0
  185000000              65000000              65000000             2.7243490E-05         1.0000000E+30                 0       
 NEXT SEEDS:36364B39       0       0       0       0       0   181CD    3039       0       0
  190000000              60000000              60000000             2.7246190E-05         1.0000000E+30                 0       
 NEXT SEEDS:37AD99C0       0       0       0       0       0   181CD    3039       0       0
  195000000              55000000              55000000             2.7248519E-05         1.0000000E+30                 0       
 NEXT SEEDS:3924B59B       0       0       0       0       0   181CD    3039       0       0
  200000000              50000000              50000000             2.7243553E-05         1.0000000E+30                 0       
 NEXT SEEDS:3A9BB7E2       0       0       0       0       0   181CD    3039       0       0
  205000000              45000000              45000000             2.7239059E-05         1.0000000E+30                 0       
 NEXT SEEDS:  77EF6E       1       0       0       0       0   181CD    3039       0       0
  210000000              40000000              40000000             2.7243732E-05         1.0000000E+30                 0       
 NEXT SEEDS: 1EF1417       1       0       0       0       0   181CD    3039       0       0
  215000000              35000000              35000000             2.7247146E-05         1.0000000E+30                 0       
 NEXT SEEDS: 3660CCC       1       0       0       0       0   181CD    3039       0       0
  220000000              30000000              30000000             2.7246508E-05         1.0000000E+30                 0       
 NEXT SEEDS: 4DD288A       1       0       0       0       0   181CD    3039       0       0
  225000000              25000000              25000000             2.7246129E-05         1.0000000E+30                 0       
 NEXT SEEDS: 654A603       1       0       0       0       0   181CD    3039       0       0
  230000000              20000000              20000000             2.7245899E-05         1.0000000E+30                 0       
 NEXT SEEDS: 7CB9F1A       1       0       0       0       0   181CD    3039       0       0
  235000000              15000000              15000000             2.7243179E-05         1.0000000E+30                 0       
 NEXT SEEDS: 9427A2B       1       0       0       0       0   181CD    3039       0       0
  240000000              10000000              10000000             2.7241409E-05         1.0000000E+30                 0       
 NEXT SEEDS: AB9B1E5       1       0       0       0       0   181CD    3039       0       0
  *** Emfgeo: Ncoun  2000000000
  245000000               5000000               5000000             2.7244672E-05         1.0000000E+30                 0       
 NEXT SEEDS: C30E8E3       1       0       0       0       0   181CD    3039       0       0
  249999950                    50                    50             2.7245401E-05         1.0000000E+30                 0       
 NEXT SEEDS: DA8328B       1       0       0       0       0   181CD    3039       0       0
  249999951                    49                    49             2.7245401E-05         1.0000000E+30                 0       
 NEXT SEEDS: DA8328F       1       0       0       0       0   181CD    3039       0       0
  249999952                    48                    48             2.7245403E-05         1.0000000E+30                 0       
 NEXT SEEDS: DA83293       1       0       0       0       0   181CD    3039       0       0
  249999953                    47                    47             2.7245402E-05         1.0000000E+30                 0       
 NEXT SEEDS: DA83297       1       0       0       0       0   181CD    3039       0       0
  249999954                    46                    46             2.7245402E-05         1.0000000E+30                 0       
 NEXT SEEDS: DA8329B       1       0       0       0       0   181CD    3039       0       0
  249999955                    45                    45             2.7245402E-05         1.0000000E+30                 0       
 NEXT SEEDS: DA8329F       1       0       0       0       0   181CD    3039       0       0
  249999956                    44                    44             2.7245402E-05         1.0000000E+30                 0       
 NEXT SEEDS: DA832A3       1       0       0       0       0   181CD    3039       0       0
  249999957                    43                    43             2.7245402E-05         1.0000000E+30                 0       
 NEXT SEEDS: DA832A7       1       0       0       0       0   181CD    3039       0       0
  249999958                    42                    42             2.7245402E-05         1.0000000E+30                 0       
 NEXT SEEDS: DA832AB       1       0       0       0       0   181CD    3039       0       0
  249999959                    41                    41             2.7245402E-05         1.0000000E+30                 0       
 NEXT SEEDS: DA832CD       1       0       0       0       0   181CD    3039       0       0
  249999960                    40                    40             2.7245404E-05         1.0000000E+30                 0       
 NEXT SEEDS: DA832D1       1       0       0       0       0   181CD    3039       0       0
  249999961                    39                    39             2.7245404E-05         1.0000000E+30                 0       
 NEXT SEEDS: DA832D5       1       0       0       0       0   181CD    3039       0       0
  249999962                    38                    38             2.7245403E-05         1.0000000E+30                 0       
 NEXT SEEDS: DA832D9       1       0       0       0       0   181CD    3039       0       0
  249999963                    37                    37             2.7245403E-05         1.0000000E+30                 0       
 NEXT SEEDS: DA832DD       1       0       0       0       0   181CD    3039       0       0
  249999964                    36                    36             2.7245403E-05         1.0000000E+30                 0       
 NEXT SEEDS: DA832E1       1       0       0       0       0   181CD    3039       0       0
  249999965                    35                    35             2.7245403E-05         1.0000000E+30                 0       
 NEXT SEEDS: DA832E5       1       0       0       0       0   181CD    3039       0       0
  249999966                    34                    34             2.7245403E-05         1.0000000E+30                 0       
 NEXT SEEDS: DA832E9       1       0       0       0       0   181CD    3039       0       0
  249999967                    33                    33             2.7245403E-05         1.0000000E+30                 0       
 NEXT SEEDS: DA832ED       1       0       0       0       0   181CD    3039       0       0
  249999968                    32                    32             2.7245403E-05         1.0000000E+30                 0       
 NEXT SEEDS: DA832F1       1       0       0       0       0   181CD    3039       0       0
  249999969                    31                    31             2.7245403E-05         1.0000000E+30                 0       
 NEXT SEEDS: DA832F5       1       0       0       0       0   181CD    3039       0       0
  249999970                    30                    30             2.7245403E-05         1.0000000E+30                 0       
 NEXT SEEDS: DA832FB       1       0       0       0       0   181CD    3039       0       0
  249999971                    29                    29             2.7245402E-05         1.0000000E+30                 0       
 NEXT SEEDS: DA832FF       1       0       0       0       0   181CD    3039       0       0
  249999972                    28                    28             2.7245402E-05         1.0000000E+30                 0       
 NEXT SEEDS: DA83303       1       0       0       0       0   181CD    3039       0       0
  249999973                    27                    27             2.7245402E-05         1.0000000E+30                 0       
 NEXT SEEDS: DA83318       1       0       0       0       0   181CD    3039       0       0
  249999974                    26                    26             2.7245402E-05         1.0000000E+30                 0       
 NEXT SEEDS: DA8331C       1       0       0       0       0   181CD    3039       0       0
  249999975                    25                    25             2.7245402E-05         1.0000000E+30                 0       
 NEXT SEEDS: DA83320       1       0       0       0       0   181CD    3039       0       0
  249999976                    24                    24             2.7245402E-05         1.0000000E+30                 0       
 NEXT SEEDS: DA83324       1       0       0       0       0   181CD    3039       0       0
  249999977                    23                    23             2.7245402E-05         1.0000000E+30                 0       
 NEXT SEEDS: DA83328       1       0       0       0       0   181CD    3039       0       0
  249999978                    22                    22             2.7245402E-05         1.0000000E+30                 0       
 NEXT SEEDS: DA8332C       1       0       0       0       0   181CD    3039       0       0
  249999979                    21                    21             2.7245402E-05         1.0000000E+30                 0       
 NEXT SEEDS: DA83330       1       0       0       0       0   181CD    3039       0       0
  249999980                    20                    20             2.7245401E-05         1.0000000E+30                 0       
 NEXT SEEDS: DA83334       1       0       0       0       0   181CD    3039       0       0
  249999981                    19                    19             2.7245401E-05         1.0000000E+30                 0       
 NEXT SEEDS: DA83338       1       0       0       0       0   181CD    3039       0       0
  249999982                    18                    18             2.7245401E-05         1.0000000E+30                 0       
 NEXT SEEDS: DA8333C       1       0       0       0       0   181CD    3039       0       0
  249999983                    17                    17             2.7245401E-05         1.0000000E+30                 0       
 NEXT SEEDS: DA83340       1       0       0       0       0   181CD    3039       0       0
  249999984                    16                    16             2.7245401E-05         1.0000000E+30                 0       
 NEXT SEEDS: DA83344       1       0       0       0       0   181CD    3039       0       0
  249999985                    15                    15             2.7245401E-05         1.0000000E+30                 0       
 NEXT SEEDS: DA83348       1       0       0       0       0   181CD    3039       0       0
  249999986                    14                    14             2.7245401E-05         1.0000000E+30                 0       
 NEXT SEEDS: DA8334C       1       0       0       0       0   181CD    3039       0       0
  249999987                    13                    13             2.7245401E-05         1.0000000E+30                 0       
 NEXT SEEDS: DA83350       1       0       0       0       0   181CD    3039       0       0
  249999988                    12                    12             2.7245401E-05         1.0000000E+30                 0       
 NEXT SEEDS: DA83354       1       0       0       0       0   181CD    3039       0       0
  249999989                    11                    11             2.7245400E-05         1.0000000E+30                 0       
 NEXT SEEDS: DA83358       1       0       0       0       0   181CD    3039       0       0
  249999990                    10                    10             2.7245400E-05         1.0000000E+30                 0       
 NEXT SEEDS: DA8335C       1       0       0       0       0   181CD    3039       0       0
  249999991                     9                     9             2.7245400E-05         1.0000000E+30                 0       
 NEXT SEEDS: DA83360       1       0       0       0       0   181CD    3039       0       0
  249999992                     8                     8             2.7245400E-05         1.0000000E+30                 0       
 NEXT SEEDS: DA83364       1       0       0       0       0   181CD    3039       0       0
  249999993                     7                     7             2.7245400E-05         1.0000000E+30                 0       
 NEXT SEEDS: DA83368       1       0       0       0       0   181CD    3039       0       0
  249999994                     6                     6             2.7245402E-05         1.0000000E+30                 0       
 NEXT SEEDS: DA8336C       1       0       0       0       0   181CD    3039       0       0
  249999995                     5                     5             2.7245402E-05         1.0000000E+30                 0       
 NEXT SEEDS: DA83370       1       0       0       0       0   181CD    3039       0       0
  249999996                     4                     4             2.7245402E-05         1.0000000E+30                 0       
 NEXT SEEDS: DA83374       1       0       0       0       0   181CD    3039       0       0
  249999997                     3                     3             2.7245404E-05         1.0000000E+30                 0       
 NEXT SEEDS: DA83378       1       0       0       0       0   181CD    3039       0       0
  249999998                     2                     2             2.7245403E-05         1.0000000E+30                 0       
 NEXT SEEDS: DA8337C       1       0       0       0       0   181CD    3039       0       0
  249999999                     1                     1             2.7245403E-05         1.0000000E+30                 0       
 NEXT SEEDS: DA83380       1       0       0       0       0   181CD    3039       0       0
  250000000                     0                     1             2.7245405E-05         1.0000000E+30                 0       
 NEXT SEEDS: DA83384       1       0       0       0       0   181CD    3039       0       0
