1NUMBER OF BEAM       NUMBER OF BEAM        APPROXIMATE NUMBER    AVERAGE TIME USED     TIME LEFT (RESERVED   NUMBER OF STARS
 PARTICLES HANDLED    PARTICLES LEFT        OF BEAM PARTICLES     BY A BEAM PARTICLE     10000.0 SECONDS      CREATED
                                            THAT CAN STILL BE                           FOR PRINTOUT)
                                            HANDLED

 NEXT SEEDS:       0       0       0       0       0       0   181CD    3039       0       0
          1             249999999             249999999             7.7009201E-05         1.0000000E+30                 0       
 NEXT SEEDS:       4       0       0       0       0       0   181CD    3039       0       0
    5000000             245000000             245000000             2.7105871E-05         1.0000000E+30                 0       
 NEXT SEEDS: 176B78F       0       0       0       0       0   181CD    3039       0       0
   10000000             240000000             240000000             2.7119798E-05         1.0000000E+30                 0       
 NEXT SEEDS: 2EDD4F3       0       0       0       0       0   181CD    3039       0       0
   15000000             235000000             235000000             2.7133519E-05         1.0000000E+30                 0       
 NEXT SEEDS: 46528D0       0       0       0       0       0   181CD    3039       0       0
   20000000             230000000             230000000             2.7129037E-05         1.0000000E+30                 0       
 NEXT SEEDS: 5DC4615       0       0       0       0       0   181CD    3039       0       0
   25000000             225000000             225000000             2.7117282E-05         1.0000000E+30                 0       
 NEXT SEEDS: 7536CF9       0       0       0       0       0   181CD    3039       0       0
   30000000             220000000             220000000             2.7124145E-05         1.0000000E+30                 0       
 NEXT SEEDS: 8CA8570       0       0       0       0       0   181CD    3039       0       0
   35000000             215000000             215000000             2.7114057E-05         1.0000000E+30                 0       
 NEXT SEEDS: A41B2F1       0       0       0       0       0   181CD    3039       0       0
   40000000             210000000             210000000             2.7113752E-05         1.0000000E+30                 0       
 NEXT SEEDS: BB8BD5B       0       0       0       0       0   181CD    3039       0       0
   45000000             205000000             205000000             2.7111573E-05         1.0000000E+30                 0       
 NEXT SEEDS: D301057       0       0       0       0       0   181CD    3039       0       0
   50000000             200000000             200000000             2.7114857E-05         1.0000000E+30                 0       
 NEXT SEEDS: EA74051       0       0       0       0       0   181CD    3039       0       0
   55000000             195000000             195000000             2.7119108E-05         1.0000000E+30                 0       
 NEXT SEEDS:101E52DB       0       0       0       0       0   181CD    3039       0       0
   60000000             190000000             190000000             2.7122240E-05         1.0000000E+30                 0       
 NEXT SEEDS:1195A954       0       0       0       0       0   181CD    3039       0       0
   65000000             185000000             185000000             2.7125288E-05         1.0000000E+30                 0       
 NEXT SEEDS:130CF223       0       0       0       0       0   181CD    3039       0       0
   70000000             180000000             180000000             2.7122395E-05         1.0000000E+30                 0       
 NEXT SEEDS:148410CF       0       0       0       0       0   181CD    3039       0       0
   75000000             175000000             175000000             2.7123604E-05         1.0000000E+30                 0       
 NEXT SEEDS:15FB63E5       0       0       0       0       0   181CD    3039       0       0
   80000000             170000000             170000000             2.7120606E-05         1.0000000E+30                 0       
 NEXT SEEDS:17726F66       0       0       0       0       0   181CD    3039       0       0
  *** Emfgeo: Ncoun  2000000000
   85000000             165000000             165000000             2.7116441E-05         1.0000000E+30                 0       
 NEXT SEEDS:18E95D0B       0       0       0       0       0   181CD    3039       0       0
   90000000             160000000             160000000             2.7112888E-05         1.0000000E+30                 0       
 NEXT SEEDS:1A605577       0       0       0       0       0   181CD    3039       0       0
   95000000             155000000             155000000             2.7113135E-05         1.0000000E+30                 0       
 NEXT SEEDS:1BD74308       0       0       0       0       0   181CD    3039       0       0
  100000000             150000000             150000000             2.7110096E-05         1.0000000E+30                 0       
 NEXT SEEDS:1D4E1250       0       0       0       0       0   181CD    3039       0       0
  105000000             145000000             145000000             2.7109852E-05         1.0000000E+30                 0       
 NEXT SEEDS:1EC510AC       0       0       0       0       0   181CD    3039       0       0
  110000000             140000000             140000000             2.7107351E-05         1.0000000E+30                 0       
 NEXT SEEDS:203C4BF5       0       0       0       0       0   181CD    3039       0       0
  115000000             135000000             135000000             2.7104045E-05         1.0000000E+30                 0       
 NEXT SEEDS:21B33073       0       0       0       0       0   181CD    3039       0       0
  120000000             130000000             130000000             2.7101807E-05         1.0000000E+30                 0       
 NEXT SEEDS:232A44A8       0       0       0       0       0   181CD    3039       0       0
  125000000             125000000             125000000             2.7099793E-05         1.0000000E+30                 0       
 NEXT SEEDS:24A13B70       0       0       0       0       0   181CD    3039       0       0
  130000000             120000000             120000000             2.7098162E-05         1.0000000E+30                 0       
 NEXT SEEDS:261816C5       0       0       0       0       0   181CD    3039       0       0
  135000000             115000000             115000000             2.7097550E-05         1.0000000E+30                 0       
 NEXT SEEDS:278EE3A1       0       0       0       0       0   181CD    3039       0       0
  140000000             110000000             110000000             2.7098323E-05         1.0000000E+30                 0       
 NEXT SEEDS:2905F070       0       0       0       0       0   181CD    3039       0       0
  145000000             105000000             105000000             2.7098448E-05         1.0000000E+30                 0       
 NEXT SEEDS:2A7CFE3E       0       0       0       0       0   181CD    3039       0       0
  150000000             100000000             100000000             2.7097666E-05         1.0000000E+30                 0       
 NEXT SEEDS:2BF428C1       0       0       0       0       0   181CD    3039       0       0
  155000000              95000000              95000000             2.7099712E-05         1.0000000E+30                 0       
 NEXT SEEDS:2D6B704F       0       0       0       0       0   181CD    3039       0       0
  160000000              90000000              90000000             2.7101403E-05         1.0000000E+30                 0       
 NEXT SEEDS:2EE2B88D       0       0       0       0       0   181CD    3039       0       0
  *** Emfgeo: Ncoun  2000000000
  165000000              85000000              85000000             2.7101023E-05         1.0000000E+30                 0       
 NEXT SEEDS:3059AB2A       0       0       0       0       0   181CD    3039       0       0
  170000000              80000000              80000000             2.7100961E-05         1.0000000E+30                 0       
 NEXT SEEDS:31D0A2E3       0       0       0       0       0   181CD    3039       0       0
  175000000              75000000              75000000             2.7101121E-05         1.0000000E+30                 0       
 NEXT SEEDS:3347BCBE       0       0       0       0       0   181CD    3039       0       0
  180000000              70000000              70000000             2.7100946E-05         1.0000000E+30                 0       
 NEXT SEEDS:34BEA2E7       0       0       0       0       0   181CD    3039       0       0
  185000000              65000000              65000000             2.7101300E-05         1.0000000E+30                 0       
 NEXT SEEDS:3635E87C       0       0       0       0       0   181CD    3039       0       0
  190000000              60000000              60000000             2.7101119E-05         1.0000000E+30                 0       
 NEXT SEEDS:37ACE210       0       0       0       0       0   181CD    3039       0       0
  195000000              55000000              55000000             2.7101930E-05         1.0000000E+30                 0       
 NEXT SEEDS:39240AD6       0       0       0       0       0   181CD    3039       0       0
  200000000              50000000              50000000             2.7102565E-05         1.0000000E+30                 0       
 NEXT SEEDS:3A9B2048       0       0       0       0       0   181CD    3039       0       0
  205000000              45000000              45000000             2.7101588E-05         1.0000000E+30                 0       
 NEXT SEEDS:  772EC8       1       0       0       0       0   181CD    3039       0       0
  210000000              40000000              40000000             2.7102792E-05         1.0000000E+30                 0       
 NEXT SEEDS: 1EE4CC4       1       0       0       0       0   181CD    3039       0       0
  215000000              35000000              35000000             2.7103585E-05         1.0000000E+30                 0       
 NEXT SEEDS: 365814E       1       0       0       0       0   181CD    3039       0       0
  220000000              30000000              30000000             2.7103200E-05         1.0000000E+30                 0       
 NEXT SEEDS: 4DCA082       1       0       0       0       0   181CD    3039       0       0
  225000000              25000000              25000000             2.7102130E-05         1.0000000E+30                 0       
 NEXT SEEDS: 6538BEC       1       0       0       0       0   181CD    3039       0       0
  230000000              20000000              20000000             2.7102143E-05         1.0000000E+30                 0       
 NEXT SEEDS: 7CAB15B       1       0       0       0       0   181CD    3039       0       0
  235000000              15000000              15000000             2.7101437E-05         1.0000000E+30                 0       
 NEXT SEEDS: 94197ED       1       0       0       0       0   181CD    3039       0       0
  240000000              10000000              10000000             2.7099952E-05         1.0000000E+30                 0       
 NEXT SEEDS: AB87F4C       1       0       0       0       0   181CD    3039       0       0
  *** Emfgeo: Ncoun  2000000000
  245000000               5000000               5000000             2.7098704E-05         1.0000000E+30                 0       
 NEXT SEEDS: C2F8786       1       0       0       0       0   181CD    3039       0       0
  249999950                    50                    50             2.7099852E-05         1.0000000E+30                 0       
 NEXT SEEDS: DA69C55       1       0       0       0       0   181CD    3039       0       0
  249999951                    49                    49             2.7099854E-05         1.0000000E+30                 0       
 NEXT SEEDS: DA69C59       1       0       0       0       0   181CD    3039       0       0
  249999952                    48                    48             2.7099854E-05         1.0000000E+30                 0       
 NEXT SEEDS: DA69C5D       1       0       0       0       0   181CD    3039       0       0
  249999953                    47                    47             2.7099856E-05         1.0000000E+30                 0       
 NEXT SEEDS: DA69C61       1       0       0       0       0   181CD    3039       0       0
  249999954                    46                    46             2.7099856E-05         1.0000000E+30                 0       
 NEXT SEEDS: DA69C67       1       0       0       0       0   181CD    3039       0       0
  249999955                    45                    45             2.7099858E-05         1.0000000E+30                 0       
 NEXT SEEDS: DA69C6B       1       0       0       0       0   181CD    3039       0       0
  249999956                    44                    44             2.7099857E-05         1.0000000E+30                 0       
 NEXT SEEDS: DA69C6F       1       0       0       0       0   181CD    3039       0       0
  249999957                    43                    43             2.7099857E-05         1.0000000E+30                 0       
 NEXT SEEDS: DA69C73       1       0       0       0       0   181CD    3039       0       0
  249999958                    42                    42             2.7099859E-05         1.0000000E+30                 0       
 NEXT SEEDS: DA69C77       1       0       0       0       0   181CD    3039       0       0
  249999959                    41                    41             2.7099859E-05         1.0000000E+30                 0       
 NEXT SEEDS: DA69C7B       1       0       0       0       0   181CD    3039       0       0
  249999960                    40                    40             2.7099859E-05         1.0000000E+30                 0       
 NEXT SEEDS: DA69C7F       1       0       0       0       0   181CD    3039       0       0
  249999961                    39                    39             2.7099861E-05         1.0000000E+30                 0       
 NEXT SEEDS: DA69C83       1       0       0       0       0   181CD    3039       0       0
  249999962                    38                    38             2.7099861E-05         1.0000000E+30                 0       
 NEXT SEEDS: DA69C87       1       0       0       0       0   181CD    3039       0       0
  249999963                    37                    37             2.7099863E-05         1.0000000E+30                 0       
 NEXT SEEDS: DA69C8B       1       0       0       0       0   181CD    3039       0       0
  249999964                    36                    36             2.7099862E-05         1.0000000E+30                 0       
 NEXT SEEDS: DA69C8F       1       0       0       0       0   181CD    3039       0       0
  249999965                    35                    35             2.7099864E-05         1.0000000E+30                 0       
 NEXT SEEDS: DA69C93       1       0       0       0       0   181CD    3039       0       0
  249999966                    34                    34             2.7099864E-05         1.0000000E+30                 0       
 NEXT SEEDS: DA69C97       1       0       0       0       0   181CD    3039       0       0
  249999967                    33                    33             2.7099864E-05         1.0000000E+30                 0       
 NEXT SEEDS: DA69C9B       1       0       0       0       0   181CD    3039       0       0
  249999968                    32                    32             2.7099864E-05         1.0000000E+30                 0       
 NEXT SEEDS: DA69C9F       1       0       0       0       0   181CD    3039       0       0
  249999969                    31                    31             2.7099864E-05         1.0000000E+30                 0       
 NEXT SEEDS: DA69CA3       1       0       0       0       0   181CD    3039       0       0
  249999970                    30                    30             2.7099864E-05         1.0000000E+30                 0       
 NEXT SEEDS: DA69CA7       1       0       0       0       0   181CD    3039       0       0
  249999971                    29                    29             2.7099864E-05         1.0000000E+30                 0       
 NEXT SEEDS: DA69CAB       1       0       0       0       0   181CD    3039       0       0
  249999972                    28                    28             2.7099866E-05         1.0000000E+30                 0       
 NEXT SEEDS: DA69CAF       1       0       0       0       0   181CD    3039       0       0
  249999973                    27                    27             2.7099865E-05         1.0000000E+30                 0       
 NEXT SEEDS: DA69CB3       1       0       0       0       0   181CD    3039       0       0
  249999974                    26                    26             2.7099867E-05         1.0000000E+30                 0       
 NEXT SEEDS: DA69CCD       1       0       0       0       0   181CD    3039       0       0
  249999975                    25                    25             2.7099867E-05         1.0000000E+30                 0       
 NEXT SEEDS: DA69CD1       1       0       0       0       0   181CD    3039       0       0
  249999976                    24                    24             2.7099867E-05         1.0000000E+30                 0       
 NEXT SEEDS: DA69CD5       1       0       0       0       0   181CD    3039       0       0
  249999977                    23                    23             2.7099869E-05         1.0000000E+30                 0       
 NEXT SEEDS: DA69CD9       1       0       0       0       0   181CD    3039       0       0
  249999978                    22                    22             2.7099869E-05         1.0000000E+30                 0       
 NEXT SEEDS: DA69CDD       1       0       0       0       0   181CD    3039       0       0
  249999979                    21                    21             2.7099871E-05         1.0000000E+30                 0       
 NEXT SEEDS: DA69CE1       1       0       0       0       0   181CD    3039       0       0
  249999980                    20                    20             2.7099871E-05         1.0000000E+30                 0       
 NEXT SEEDS: DA69CE5       1       0       0       0       0   181CD    3039       0       0
  249999981                    19                    19             2.7099870E-05         1.0000000E+30                 0       
 NEXT SEEDS: DA69CE9       1       0       0       0       0   181CD    3039       0       0
  249999982                    18                    18             2.7099872E-05         1.0000000E+30                 0       
 NEXT SEEDS: DA69CED       1       0       0       0       0   181CD    3039       0       0
  249999983                    17                    17             2.7099872E-05         1.0000000E+30                 0       
 NEXT SEEDS: DA69CF1       1       0       0       0       0   181CD    3039       0       0
  249999984                    16                    16             2.7099872E-05         1.0000000E+30                 0       
 NEXT SEEDS: DA69CF5       1       0       0       0       0   181CD    3039       0       0
  249999985                    15                    15             2.7099872E-05         1.0000000E+30                 0       
 NEXT SEEDS: DA69CF9       1       0       0       0       0   181CD    3039       0       0
  249999986                    14                    14             2.7099872E-05         1.0000000E+30                 0       
 NEXT SEEDS: DA69D08       1       0       0       0       0   181CD    3039       0       0
  249999987                    13                    13             2.7099872E-05         1.0000000E+30                 0       
 NEXT SEEDS: DA69D0C       1       0       0       0       0   181CD    3039       0       0
  249999988                    12                    12             2.7099872E-05         1.0000000E+30                 0       
 NEXT SEEDS: DA69D10       1       0       0       0       0   181CD    3039       0       0
  249999989                    11                    11             2.7099871E-05         1.0000000E+30                 0       
 NEXT SEEDS: DA69D14       1       0       0       0       0   181CD    3039       0       0
  249999990                    10                    10             2.7099871E-05         1.0000000E+30                 0       
 NEXT SEEDS: DA69D1A       1       0       0       0       0   181CD    3039       0       0
  249999991                     9                     9             2.7099871E-05         1.0000000E+30                 0       
 NEXT SEEDS: DA69D1E       1       0       0       0       0   181CD    3039       0       0
  249999992                     8                     8             2.7099873E-05         1.0000000E+30                 0       
 NEXT SEEDS: DA69D22       1       0       0       0       0   181CD    3039       0       0
  249999993                     7                     7             2.7099873E-05         1.0000000E+30                 0       
 NEXT SEEDS: DA69D26       1       0       0       0       0   181CD    3039       0       0
  249999994                     6                     6             2.7099873E-05         1.0000000E+30                 0       
 NEXT SEEDS: DA69D2A       1       0       0       0       0   181CD    3039       0       0
  249999995                     5                     5             2.7099875E-05         1.0000000E+30                 0       
 NEXT SEEDS: DA69D2E       1       0       0       0       0   181CD    3039       0       0
  249999996                     4                     4             2.7099875E-05         1.0000000E+30                 0       
 NEXT SEEDS: DA69D32       1       0       0       0       0   181CD    3039       0       0
  249999997                     3                     3             2.7099875E-05         1.0000000E+30                 0       
 NEXT SEEDS: DA69D36       1       0       0       0       0   181CD    3039       0       0
  249999998                     2                     2             2.7099876E-05         1.0000000E+30                 0       
 NEXT SEEDS: DA69D3A       1       0       0       0       0   181CD    3039       0       0
  249999999                     1                     1             2.7099876E-05         1.0000000E+30                 0       
 NEXT SEEDS: DA69D3E       1       0       0       0       0   181CD    3039       0       0
  250000000                     0                     1             2.7099878E-05         1.0000000E+30                 0       
 NEXT SEEDS: DA69D42       1       0       0       0       0   181CD    3039       0       0
