1NUMBER OF BEAM       NUMBER OF BEAM        APPROXIMATE NUMBER    AVERAGE TIME USED     TIME LEFT (RESERVED   NUMBER OF STARS
 PARTICLES HANDLED    PARTICLES LEFT        OF BEAM PARTICLES     BY A BEAM PARTICLE     10000.0 SECONDS      CREATED
                                            THAT CAN STILL BE                           FOR PRINTOUT)
                                            HANDLED

 NEXT SEEDS:       0       0       0       0       0       0   181CD    3039       0       0
          1             249999999             249999999             7.7962875E-05         1.0000000E+30                 0       
 NEXT SEEDS:       4       0       0       0       0       0   181CD    3039       0       0
    5000000             245000000             245000000             2.7349358E-05         1.0000000E+30                 0       
 NEXT SEEDS: 1772687       0       0       0       0       0   181CD    3039       0       0
   10000000             240000000             240000000             2.7270745E-05         1.0000000E+30                 0       
 NEXT SEEDS: 2EE6E2E       0       0       0       0       0   181CD    3039       0       0
   15000000             235000000             235000000             2.7238228E-05         1.0000000E+30                 0       
 NEXT SEEDS: 4656155       0       0       0       0       0   181CD    3039       0       0
   20000000             230000000             230000000             2.7197996E-05         1.0000000E+30                 0       
 NEXT SEEDS: 5DC838E       0       0       0       0       0   181CD    3039       0       0
   25000000             225000000             225000000             2.7186397E-05         1.0000000E+30                 0       
 NEXT SEEDS: 753B17B       0       0       0       0       0   181CD    3039       0       0
   30000000             220000000             220000000             2.7178620E-05         1.0000000E+30                 0       
 NEXT SEEDS: 8CAE34E       0       0       0       0       0   181CD    3039       0       0
   35000000             215000000             215000000             2.7172146E-05         1.0000000E+30                 0       
 NEXT SEEDS: A422003       0       0       0       0       0   181CD    3039       0       0
   40000000             210000000             210000000             2.7172819E-05         1.0000000E+30                 0       
 NEXT SEEDS: BB928CF       0       0       0       0       0   181CD    3039       0       0
   45000000             205000000             205000000             2.7165975E-05         1.0000000E+30                 0       
 NEXT SEEDS: D301A8D       0       0       0       0       0   181CD    3039       0       0
   50000000             200000000             200000000             2.7157444E-05         1.0000000E+30                 0       
 NEXT SEEDS: EA73EE8       0       0       0       0       0   181CD    3039       0       0
   55000000             195000000             195000000             2.7185410E-05         1.0000000E+30                 0       
 NEXT SEEDS:101E54F9       0       0       0       0       0   181CD    3039       0       0
   60000000             190000000             190000000             2.7211585E-05         1.0000000E+30                 0       
 NEXT SEEDS:1195867E       0       0       0       0       0   181CD    3039       0       0
   65000000             185000000             185000000             2.7210532E-05         1.0000000E+30                 0       
 NEXT SEEDS:130CC98A       0       0       0       0       0   181CD    3039       0       0
   70000000             180000000             180000000             2.7202787E-05         1.0000000E+30                 0       
 NEXT SEEDS:1483A8BB       0       0       0       0       0   181CD    3039       0       0
   75000000             175000000             175000000             2.7195560E-05         1.0000000E+30                 0       
 NEXT SEEDS:15FAAB86       0       0       0       0       0   181CD    3039       0       0
   80000000             170000000             170000000             2.7192649E-05         1.0000000E+30                 0       
 NEXT SEEDS:1771E74D       0       0       0       0       0   181CD    3039       0       0
  *** Emfgeo: Ncoun  2000000000
   85000000             165000000             165000000             2.7186334E-05         1.0000000E+30                 0       
 NEXT SEEDS:18E91B89       0       0       0       0       0   181CD    3039       0       0
   90000000             160000000             160000000             2.7180944E-05         1.0000000E+30                 0       
 NEXT SEEDS:1A60472B       0       0       0       0       0   181CD    3039       0       0
   95000000             155000000             155000000             2.7177830E-05         1.0000000E+30                 0       
 NEXT SEEDS:1BD77705       0       0       0       0       0   181CD    3039       0       0
  100000000             150000000             150000000             2.7170337E-05         1.0000000E+30                 0       
 NEXT SEEDS:1D4E525B       0       0       0       0       0   181CD    3039       0       0
  105000000             145000000             145000000             2.7166307E-05         1.0000000E+30                 0       
 NEXT SEEDS:1EC54FD7       0       0       0       0       0   181CD    3039       0       0
  110000000             140000000             140000000             2.7162112E-05         1.0000000E+30                 0       
 NEXT SEEDS:203C3F89       0       0       0       0       0   181CD    3039       0       0
  115000000             135000000             135000000             2.7159137E-05         1.0000000E+30                 0       
 NEXT SEEDS:21B348AD       0       0       0       0       0   181CD    3039       0       0
  120000000             130000000             130000000             2.7156816E-05         1.0000000E+30                 0       
 NEXT SEEDS:232A2C3A       0       0       0       0       0   181CD    3039       0       0
  125000000             125000000             125000000             2.7163010E-05         1.0000000E+30                 0       
 NEXT SEEDS:24A167E4       0       0       0       0       0   181CD    3039       0       0
  130000000             120000000             120000000             2.7168130E-05         1.0000000E+30                 0       
 NEXT SEEDS:261860C2       0       0       0       0       0   181CD    3039       0       0
  135000000             115000000             115000000             2.7172807E-05         1.0000000E+30                 0       
 NEXT SEEDS:278F675D       0       0       0       0       0   181CD    3039       0       0
  140000000             110000000             110000000             2.7170668E-05         1.0000000E+30                 0       
 NEXT SEEDS:29067681       0       0       0       0       0   181CD    3039       0       0
  145000000             105000000             105000000             2.7170681E-05         1.0000000E+30                 0       
 NEXT SEEDS:2A7DA4C5       0       0       0       0       0   181CD    3039       0       0
  150000000             100000000             100000000             2.7170373E-05         1.0000000E+30                 0       
 NEXT SEEDS:2BF4DEAC       0       0       0       0       0   181CD    3039       0       0
  155000000              95000000              95000000             2.7171176E-05         1.0000000E+30                 0       
 NEXT SEEDS:2D6BF043       0       0       0       0       0   181CD    3039       0       0
  160000000              90000000              90000000             2.7176590E-05         1.0000000E+30                 0       
 NEXT SEEDS:2EE2F41A       0       0       0       0       0   181CD    3039       0       0
  *** Emfgeo: Ncoun  2000000000
  165000000              85000000              85000000             2.7176799E-05         1.0000000E+30                 0       
 NEXT SEEDS:3059F14E       0       0       0       0       0   181CD    3039       0       0
  170000000              80000000              80000000             2.7177490E-05         1.0000000E+30                 0       
 NEXT SEEDS:31D0E426       0       0       0       0       0   181CD    3039       0       0
  175000000              75000000              75000000             2.7177829E-05         1.0000000E+30                 0       
 NEXT SEEDS:3347EB8C       0       0       0       0       0   181CD    3039       0       0
  180000000              70000000              70000000             2.7175353E-05         1.0000000E+30                 0       
 NEXT SEEDS:34BEEB12       0       0       0       0       0   181CD    3039       0       0
  185000000              65000000              65000000             2.7172796E-05         1.0000000E+30                 0       
 NEXT SEEDS:3635B0C7       0       0       0       0       0   181CD    3039       0       0
  190000000              60000000              60000000             2.7171883E-05         1.0000000E+30                 0       
 NEXT SEEDS:37ACC35B       0       0       0       0       0   181CD    3039       0       0
  195000000              55000000              55000000             2.7168880E-05         1.0000000E+30                 0       
 NEXT SEEDS:3923AF42       0       0       0       0       0   181CD    3039       0       0
  200000000              50000000              50000000             2.7165813E-05         1.0000000E+30                 0       
 NEXT SEEDS:3A9AB407       0       0       0       0       0   181CD    3039       0       0
  205000000              45000000              45000000             2.7164089E-05         1.0000000E+30                 0       
 NEXT SEEDS:  76FDE2       1       0       0       0       0   181CD    3039       0       0
  210000000              40000000              40000000             2.7161372E-05         1.0000000E+30                 0       
 NEXT SEEDS: 1EDE3D6       1       0       0       0       0   181CD    3039       0       0
  215000000              35000000              35000000             2.7159813E-05         1.0000000E+30                 0       
 NEXT SEEDS: 3652D56       1       0       0       0       0   181CD    3039       0       0
  220000000              30000000              30000000             2.7158272E-05         1.0000000E+30                 0       
 NEXT SEEDS: 4DC2DA5       1       0       0       0       0   181CD    3039       0       0
  225000000              25000000              25000000             2.7156218E-05         1.0000000E+30                 0       
 NEXT SEEDS: 653369B       1       0       0       0       0   181CD    3039       0       0
  230000000              20000000              20000000             2.7154329E-05         1.0000000E+30                 0       
 NEXT SEEDS: 7CA1A4C       1       0       0       0       0   181CD    3039       0       0
  235000000              15000000              15000000             2.7152969E-05         1.0000000E+30                 0       
 NEXT SEEDS: 941201D       1       0       0       0       0   181CD    3039       0       0
  240000000              10000000              10000000             2.7151514E-05         1.0000000E+30                 0       
 NEXT SEEDS: AB887DE       1       0       0       0       0   181CD    3039       0       0
  *** Emfgeo: Ncoun  2000000000
  245000000               5000000               5000000             2.7150634E-05         1.0000000E+30                 0       
 NEXT SEEDS: C2F81DE       1       0       0       0       0   181CD    3039       0       0
  249999950                    50                    50             2.7150590E-05         1.0000000E+30                 0       
 NEXT SEEDS: DA69921       1       0       0       0       0   181CD    3039       0       0
  249999951                    49                    49             2.7150591E-05         1.0000000E+30                 0       
 NEXT SEEDS: DA69925       1       0       0       0       0   181CD    3039       0       0
  249999952                    48                    48             2.7150591E-05         1.0000000E+30                 0       
 NEXT SEEDS: DA69929       1       0       0       0       0   181CD    3039       0       0
  249999953                    47                    47             2.7150593E-05         1.0000000E+30                 0       
 NEXT SEEDS: DA6992D       1       0       0       0       0   181CD    3039       0       0
  249999954                    46                    46             2.7150593E-05         1.0000000E+30                 0       
 NEXT SEEDS: DA69931       1       0       0       0       0   181CD    3039       0       0
  249999955                    45                    45             2.7150593E-05         1.0000000E+30                 0       
 NEXT SEEDS: DA69935       1       0       0       0       0   181CD    3039       0       0
  249999956                    44                    44             2.7150595E-05         1.0000000E+30                 0       
 NEXT SEEDS: DA69939       1       0       0       0       0   181CD    3039       0       0
  249999957                    43                    43             2.7150595E-05         1.0000000E+30                 0       
 NEXT SEEDS: DA6993D       1       0       0       0       0   181CD    3039       0       0
  249999958                    42                    42             2.7150595E-05         1.0000000E+30                 0       
 NEXT SEEDS: DA69941       1       0       0       0       0   181CD    3039       0       0
  249999959                    41                    41             2.7150596E-05         1.0000000E+30                 0       
 NEXT SEEDS: DA69945       1       0       0       0       0   181CD    3039       0       0
  249999960                    40                    40             2.7150596E-05         1.0000000E+30                 0       
 NEXT SEEDS: DA6994B       1       0       0       0       0   181CD    3039       0       0
  249999961                    39                    39             2.7150598E-05         1.0000000E+30                 0       
 NEXT SEEDS: DA6994F       1       0       0       0       0   181CD    3039       0       0
  249999962                    38                    38             2.7150598E-05         1.0000000E+30                 0       
 NEXT SEEDS: DA69953       1       0       0       0       0   181CD    3039       0       0
  249999963                    37                    37             2.7150598E-05         1.0000000E+30                 0       
 NEXT SEEDS: DA69957       1       0       0       0       0   181CD    3039       0       0
  249999964                    36                    36             2.7150600E-05         1.0000000E+30                 0       
 NEXT SEEDS: DA6995B       1       0       0       0       0   181CD    3039       0       0
  249999965                    35                    35             2.7150600E-05         1.0000000E+30                 0       
 NEXT SEEDS: DA6995F       1       0       0       0       0   181CD    3039       0       0
  249999966                    34                    34             2.7150599E-05         1.0000000E+30                 0       
 NEXT SEEDS: DA69963       1       0       0       0       0   181CD    3039       0       0
  249999967                    33                    33             2.7150601E-05         1.0000000E+30                 0       
 NEXT SEEDS: DA69976       1       0       0       0       0   181CD    3039       0       0
  249999968                    32                    32             2.7150603E-05         1.0000000E+30                 0       
 NEXT SEEDS: DA69980       1       0       0       0       0   181CD    3039       0       0
  249999969                    31                    31             2.7150605E-05         1.0000000E+30                 0       
 NEXT SEEDS: DA69984       1       0       0       0       0   181CD    3039       0       0
  249999970                    30                    30             2.7150605E-05         1.0000000E+30                 0       
 NEXT SEEDS: DA69988       1       0       0       0       0   181CD    3039       0       0
  249999971                    29                    29             2.7150605E-05         1.0000000E+30                 0       
 NEXT SEEDS: DA6998C       1       0       0       0       0   181CD    3039       0       0
  249999972                    28                    28             2.7150607E-05         1.0000000E+30                 0       
 NEXT SEEDS: DA69990       1       0       0       0       0   181CD    3039       0       0
  249999973                    27                    27             2.7150607E-05         1.0000000E+30                 0       
 NEXT SEEDS: DA69994       1       0       0       0       0   181CD    3039       0       0
  249999974                    26                    26             2.7150606E-05         1.0000000E+30                 0       
 NEXT SEEDS: DA69998       1       0       0       0       0   181CD    3039       0       0
  249999975                    25                    25             2.7150606E-05         1.0000000E+30                 0       
 NEXT SEEDS: DA6999C       1       0       0       0       0   181CD    3039       0       0
  249999976                    24                    24             2.7150606E-05         1.0000000E+30                 0       
 NEXT SEEDS: DA699A0       1       0       0       0       0   181CD    3039       0       0
  249999977                    23                    23             2.7150606E-05         1.0000000E+30                 0       
 NEXT SEEDS: DA699A4       1       0       0       0       0   181CD    3039       0       0
  249999978                    22                    22             2.7150606E-05         1.0000000E+30                 0       
 NEXT SEEDS: DA699A8       1       0       0       0       0   181CD    3039       0       0
  249999979                    21                    21             2.7150606E-05         1.0000000E+30                 0       
 NEXT SEEDS: DA699AC       1       0       0       0       0   181CD    3039       0       0
  249999980                    20                    20             2.7150606E-05         1.0000000E+30                 0       
 NEXT SEEDS: DA699B0       1       0       0       0       0   181CD    3039       0       0
  249999981                    19                    19             2.7150606E-05         1.0000000E+30                 0       
 NEXT SEEDS: DA699B4       1       0       0       0       0   181CD    3039       0       0
  249999982                    18                    18             2.7150606E-05         1.0000000E+30                 0       
 NEXT SEEDS: DA699B8       1       0       0       0       0   181CD    3039       0       0
  249999983                    17                    17             2.7150605E-05         1.0000000E+30                 0       
 NEXT SEEDS: DA699BC       1       0       0       0       0   181CD    3039       0       0
  249999984                    16                    16             2.7150605E-05         1.0000000E+30                 0       
 NEXT SEEDS: DA699C0       1       0       0       0       0   181CD    3039       0       0
  249999985                    15                    15             2.7150605E-05         1.0000000E+30                 0       
 NEXT SEEDS: DA699C4       1       0       0       0       0   181CD    3039       0       0
  249999986                    14                    14             2.7150605E-05         1.0000000E+30                 0       
 NEXT SEEDS: DA699C8       1       0       0       0       0   181CD    3039       0       0
  249999987                    13                    13             2.7150607E-05         1.0000000E+30                 0       
 NEXT SEEDS: DA699CC       1       0       0       0       0   181CD    3039       0       0
  249999988                    12                    12             2.7150607E-05         1.0000000E+30                 0       
 NEXT SEEDS: DA699D0       1       0       0       0       0   181CD    3039       0       0
  249999989                    11                    11             2.7150609E-05         1.0000000E+30                 0       
 NEXT SEEDS: DA699D6       1       0       0       0       0   181CD    3039       0       0
  249999990                    10                    10             2.7150609E-05         1.0000000E+30                 0       
 NEXT SEEDS: DA699DA       1       0       0       0       0   181CD    3039       0       0
  249999991                     9                     9             2.7150610E-05         1.0000000E+30                 0       
 NEXT SEEDS: DA699FF       1       0       0       0       0   181CD    3039       0       0
  249999992                     8                     8             2.7150610E-05         1.0000000E+30                 0       
 NEXT SEEDS: DA69A03       1       0       0       0       0   181CD    3039       0       0
  249999993                     7                     7             2.7150612E-05         1.0000000E+30                 0       
 NEXT SEEDS: DA69A07       1       0       0       0       0   181CD    3039       0       0
  249999994                     6                     6             2.7150612E-05         1.0000000E+30                 0       
 NEXT SEEDS: DA69A0B       1       0       0       0       0   181CD    3039       0       0
  249999995                     5                     5             2.7150614E-05         1.0000000E+30                 0       
 NEXT SEEDS: DA69A0F       1       0       0       0       0   181CD    3039       0       0
  249999996                     4                     4             2.7150614E-05         1.0000000E+30                 0       
 NEXT SEEDS: DA69A13       1       0       0       0       0   181CD    3039       0       0
  249999997                     3                     3             2.7150614E-05         1.0000000E+30                 0       
 NEXT SEEDS: DA69A17       1       0       0       0       0   181CD    3039       0       0
  249999998                     2                     2             2.7150616E-05         1.0000000E+30                 0       
 NEXT SEEDS: DA69A1B       1       0       0       0       0   181CD    3039       0       0
  249999999                     1                     1             2.7150615E-05         1.0000000E+30                 0       
 NEXT SEEDS: DA69A1F       1       0       0       0       0   181CD    3039       0       0
  250000000                     0                     1             2.7150615E-05         1.0000000E+30                 0       
 NEXT SEEDS: DA69A23       1       0       0       0       0   181CD    3039       0       0
