1NUMBER OF BEAM       NUMBER OF BEAM        APPROXIMATE NUMBER    AVERAGE TIME USED     TIME LEFT (RESERVED   NUMBER OF STARS
 PARTICLES HANDLED    PARTICLES LEFT        OF BEAM PARTICLES     BY A BEAM PARTICLE     10000.0 SECONDS      CREATED
                                            THAT CAN STILL BE                           FOR PRINTOUT)
                                            HANDLED

 NEXT SEEDS:       0       0       0       0       0       0   181CD    3039       0       0
          1             249999999             249999999             7.8916550E-05         1.0000000E+30                 0       
 NEXT SEEDS:       4       0       0       0       0       0   181CD    3039       0       0
    5000000             245000000             245000000             2.7079867E-05         1.0000000E+30                 0       
 NEXT SEEDS: 1776B5E       0       0       0       0       0   181CD    3039       0       0
   10000000             240000000             240000000             2.7062607E-05         1.0000000E+30                 0       
 NEXT SEEDS: 2EE28F1       0       0       0       0       0   181CD    3039       0       0
   15000000             235000000             235000000             2.7083140E-05         1.0000000E+30                 0       
 NEXT SEEDS: 4656FA2       0       0       0       0       0   181CD    3039       0       0
   20000000             230000000             230000000             2.7084988E-05         1.0000000E+30                 0       
 NEXT SEEDS: 5DC74B4       0       0       0       0       0   181CD    3039       0       0
   25000000             225000000             225000000             2.7079717E-05         1.0000000E+30                 0       
 NEXT SEEDS: 753A203       0       0       0       0       0   181CD    3039       0       0
   30000000             220000000             220000000             2.7084188E-05         1.0000000E+30                 0       
 NEXT SEEDS: 8CAB346       0       0       0       0       0   181CD    3039       0       0
   35000000             215000000             215000000             2.7083745E-05         1.0000000E+30                 0       
 NEXT SEEDS: A42035F       0       0       0       0       0   181CD    3039       0       0
   40000000             210000000             210000000             2.7080199E-05         1.0000000E+30                 0       
 NEXT SEEDS: BB91E71       0       0       0       0       0   181CD    3039       0       0
   45000000             205000000             205000000             2.7077378E-05         1.0000000E+30                 0       
 NEXT SEEDS: D3039F8       0       0       0       0       0   181CD    3039       0       0
   50000000             200000000             200000000             2.7073778E-05         1.0000000E+30                 0       
 NEXT SEEDS: EA74608       0       0       0       0       0   181CD    3039       0       0
   55000000             195000000             195000000             2.7069415E-05         1.0000000E+30                 0       
 NEXT SEEDS:101E68C9       0       0       0       0       0   181CD    3039       0       0
   60000000             190000000             190000000             2.7072275E-05         1.0000000E+30                 0       
 NEXT SEEDS:1195829E       0       0       0       0       0   181CD    3039       0       0
   65000000             185000000             185000000             2.7064274E-05         1.0000000E+30                 0       
 NEXT SEEDS:130C7B7E       0       0       0       0       0   181CD    3039       0       0
   70000000             180000000             180000000             2.7059650E-05         1.0000000E+30                 0       
 NEXT SEEDS:148357E9       0       0       0       0       0   181CD    3039       0       0
   75000000             175000000             175000000             2.7068077E-05         1.0000000E+30                 0       
 NEXT SEEDS:15FA79A5       0       0       0       0       0   181CD    3039       0       0
   80000000             170000000             170000000             2.7064033E-05         1.0000000E+30                 0       
 NEXT SEEDS:17714EAB       0       0       0       0       0   181CD    3039       0       0
  *** Emfgeo: Ncoun  2000000000
   85000000             165000000             165000000             2.7061975E-05         1.0000000E+30                 0       
 NEXT SEEDS:18E858C9       0       0       0       0       0   181CD    3039       0       0
   90000000             160000000             160000000             2.7061163E-05         1.0000000E+30                 0       
 NEXT SEEDS:1A5F4AA3       0       0       0       0       0   181CD    3039       0       0
   95000000             155000000             155000000             2.7059121E-05         1.0000000E+30                 0       
 NEXT SEEDS:1BD669CD       0       0       0       0       0   181CD    3039       0       0
  100000000             150000000             150000000             2.7055569E-05         1.0000000E+30                 0       
 NEXT SEEDS:1D4D4293       0       0       0       0       0   181CD    3039       0       0
  105000000             145000000             145000000             2.7053421E-05         1.0000000E+30                 0       
 NEXT SEEDS:1EC450F6       0       0       0       0       0   181CD    3039       0       0
  110000000             140000000             140000000             2.7052298E-05         1.0000000E+30                 0       
 NEXT SEEDS:203B759B       0       0       0       0       0   181CD    3039       0       0
  115000000             135000000             135000000             2.7053866E-05         1.0000000E+30                 0       
 NEXT SEEDS:21B25F81       0       0       0       0       0   181CD    3039       0       0
  120000000             130000000             130000000             2.7048690E-05         1.0000000E+30                 0       
 NEXT SEEDS:23293F85       0       0       0       0       0   181CD    3039       0       0
  125000000             125000000             125000000             2.7048866E-05         1.0000000E+30                 0       
 NEXT SEEDS:24A07A1A       0       0       0       0       0   181CD    3039       0       0
  130000000             120000000             120000000             2.7047105E-05         1.0000000E+30                 0       
 NEXT SEEDS:2617A539       0       0       0       0       0   181CD    3039       0       0
  135000000             115000000             115000000             2.7047393E-05         1.0000000E+30                 0       
 NEXT SEEDS:278EED75       0       0       0       0       0   181CD    3039       0       0
  140000000             110000000             110000000             2.7048972E-05         1.0000000E+30                 0       
 NEXT SEEDS:29064C4B       0       0       0       0       0   181CD    3039       0       0
  145000000             105000000             105000000             2.7047552E-05         1.0000000E+30                 0       
 NEXT SEEDS:2A7D243E       0       0       0       0       0   181CD    3039       0       0
  150000000             100000000             100000000             2.7047224E-05         1.0000000E+30                 0       
 NEXT SEEDS:2BF44F49       0       0       0       0       0   181CD    3039       0       0
  155000000              95000000              95000000             2.7047732E-05         1.0000000E+30                 0       
 NEXT SEEDS:2D6B807A       0       0       0       0       0   181CD    3039       0       0
  160000000              90000000              90000000             2.7046189E-05         1.0000000E+30                 0       
 NEXT SEEDS:2EE2B902       0       0       0       0       0   181CD    3039       0       0
  *** Emfgeo: Ncoun  2000000000
  165000000              85000000              85000000             2.7046603E-05         1.0000000E+30                 0       
 NEXT SEEDS:3059BE92       0       0       0       0       0   181CD    3039       0       0
  170000000              80000000              80000000             2.7045747E-05         1.0000000E+30                 0       
 NEXT SEEDS:31D0B508       0       0       0       0       0   181CD    3039       0       0
  175000000              75000000              75000000             2.7043667E-05         1.0000000E+30                 0       
 NEXT SEEDS:33478B67       0       0       0       0       0   181CD    3039       0       0
  180000000              70000000              70000000             2.7042974E-05         1.0000000E+30                 0       
 NEXT SEEDS:34BEB589       0       0       0       0       0   181CD    3039       0       0
  185000000              65000000              65000000             2.7041560E-05         1.0000000E+30                 0       
 NEXT SEEDS:3635A7AD       0       0       0       0       0   181CD    3039       0       0
  190000000              60000000              60000000             2.7041723E-05         1.0000000E+30                 0       
 NEXT SEEDS:37ACB515       0       0       0       0       0   181CD    3039       0       0
  195000000              55000000              55000000             2.7040700E-05         1.0000000E+30                 0       
 NEXT SEEDS:39239D50       0       0       0       0       0   181CD    3039       0       0
  200000000              50000000              50000000             2.7040420E-05         1.0000000E+30                 0       
 NEXT SEEDS:3A9ADBE8       0       0       0       0       0   181CD    3039       0       0
  205000000              45000000              45000000             2.7041992E-05         1.0000000E+30                 0       
 NEXT SEEDS:  77393D       1       0       0       0       0   181CD    3039       0       0
  210000000              40000000              40000000             2.7049828E-05         1.0000000E+30                 0       
 NEXT SEEDS: 1EE6B40       1       0       0       0       0   181CD    3039       0       0
  215000000              35000000              35000000             2.7049405E-05         1.0000000E+30                 0       
 NEXT SEEDS: 3658261       1       0       0       0       0   181CD    3039       0       0
  220000000              30000000              30000000             2.7048183E-05         1.0000000E+30                 0       
 NEXT SEEDS: 4DC3E0C       1       0       0       0       0   181CD    3039       0       0
  225000000              25000000              25000000             2.7046029E-05         1.0000000E+30                 0       
 NEXT SEEDS: 653385A       1       0       0       0       0   181CD    3039       0       0
  230000000              20000000              20000000             2.7045455E-05         1.0000000E+30                 0       
 NEXT SEEDS: 7CA1A8F       1       0       0       0       0   181CD    3039       0       0
  235000000              15000000              15000000             2.7044442E-05         1.0000000E+30                 0       
 NEXT SEEDS: 941453B       1       0       0       0       0   181CD    3039       0       0
  240000000              10000000              10000000             2.7045146E-05         1.0000000E+30                 0       
 NEXT SEEDS: AB89550       1       0       0       0       0   181CD    3039       0       0
  *** Emfgeo: Ncoun  2000000000
  245000000               5000000               5000000             2.7046413E-05         1.0000000E+30                 0       
 NEXT SEEDS: C2FB764       1       0       0       0       0   181CD    3039       0       0
  249999950                    50                    50             2.7045754E-05         1.0000000E+30                 0       
 NEXT SEEDS: DA6A60A       1       0       0       0       0   181CD    3039       0       0
  249999951                    49                    49             2.7045756E-05         1.0000000E+30                 0       
 NEXT SEEDS: DA6A60E       1       0       0       0       0   181CD    3039       0       0
  249999952                    48                    48             2.7045755E-05         1.0000000E+30                 0       
 NEXT SEEDS: DA6A612       1       0       0       0       0   181CD    3039       0       0
  249999953                    47                    47             2.7045757E-05         1.0000000E+30                 0       
 NEXT SEEDS: DA6A616       1       0       0       0       0   181CD    3039       0       0
  249999954                    46                    46             2.7045757E-05         1.0000000E+30                 0       
 NEXT SEEDS: DA6A61A       1       0       0       0       0   181CD    3039       0       0
  249999955                    45                    45             2.7045757E-05         1.0000000E+30                 0       
 NEXT SEEDS: DA6A61E       1       0       0       0       0   181CD    3039       0       0
  249999956                    44                    44             2.7045759E-05         1.0000000E+30                 0       
 NEXT SEEDS: DA6A622       1       0       0       0       0   181CD    3039       0       0
  249999957                    43                    43             2.7045759E-05         1.0000000E+30                 0       
 NEXT SEEDS: DA6A626       1       0       0       0       0   181CD    3039       0       0
  249999958                    42                    42             2.7045761E-05         1.0000000E+30                 0       
 NEXT SEEDS: DA6A62A       1       0       0       0       0   181CD    3039       0       0
  249999959                    41                    41             2.7045761E-05         1.0000000E+30                 0       
 NEXT SEEDS: DA6A62E       1       0       0       0       0   181CD    3039       0       0
  249999960                    40                    40             2.7045760E-05         1.0000000E+30                 0       
 NEXT SEEDS: DA6A632       1       0       0       0       0   181CD    3039       0       0
  249999961                    39                    39             2.7045762E-05         1.0000000E+30                 0       
 NEXT SEEDS: DA6A636       1       0       0       0       0   181CD    3039       0       0
  249999962                    38                    38             2.7045762E-05         1.0000000E+30                 0       
 NEXT SEEDS: DA6A63A       1       0       0       0       0   181CD    3039       0       0
  249999963                    37                    37             2.7045762E-05         1.0000000E+30                 0       
 NEXT SEEDS: DA6A63E       1       0       0       0       0   181CD    3039       0       0
  249999964                    36                    36             2.7045762E-05         1.0000000E+30                 0       
 NEXT SEEDS: DA6A642       1       0       0       0       0   181CD    3039       0       0
  249999965                    35                    35             2.7045764E-05         1.0000000E+30                 0       
 NEXT SEEDS: DA6A646       1       0       0       0       0   181CD    3039       0       0
  249999966                    34                    34             2.7045764E-05         1.0000000E+30                 0       
 NEXT SEEDS: DA6A64C       1       0       0       0       0   181CD    3039       0       0
  249999967                    33                    33             2.7045766E-05         1.0000000E+30                 0       
 NEXT SEEDS: DA6A650       1       0       0       0       0   181CD    3039       0       0
  249999968                    32                    32             2.7045765E-05         1.0000000E+30                 0       
 NEXT SEEDS: DA6A654       1       0       0       0       0   181CD    3039       0       0
  249999969                    31                    31             2.7045765E-05         1.0000000E+30                 0       
 NEXT SEEDS: DA6A658       1       0       0       0       0   181CD    3039       0       0
  249999970                    30                    30             2.7045767E-05         1.0000000E+30                 0       
 NEXT SEEDS: DA6A65C       1       0       0       0       0   181CD    3039       0       0
  249999971                    29                    29             2.7045767E-05         1.0000000E+30                 0       
 NEXT SEEDS: DA6A660       1       0       0       0       0   181CD    3039       0       0
  249999972                    28                    28             2.7045767E-05         1.0000000E+30                 0       
 NEXT SEEDS: DA6A664       1       0       0       0       0   181CD    3039       0       0
  249999973                    27                    27             2.7045769E-05         1.0000000E+30                 0       
 NEXT SEEDS: DA6A676       1       0       0       0       0   181CD    3039       0       0
  249999974                    26                    26             2.7045769E-05         1.0000000E+30                 0       
 NEXT SEEDS: DA6A67A       1       0       0       0       0   181CD    3039       0       0
  249999975                    25                    25             2.7045769E-05         1.0000000E+30                 0       
 NEXT SEEDS: DA6A67E       1       0       0       0       0   181CD    3039       0       0
  249999976                    24                    24             2.7045770E-05         1.0000000E+30                 0       
 NEXT SEEDS: DA6A682       1       0       0       0       0   181CD    3039       0       0
  249999977                    23                    23             2.7045770E-05         1.0000000E+30                 0       
 NEXT SEEDS: DA6A686       1       0       0       0       0   181CD    3039       0       0
  249999978                    22                    22             2.7045772E-05         1.0000000E+30                 0       
 NEXT SEEDS: DA6A6A8       1       0       0       0       0   181CD    3039       0       0
  249999979                    21                    21             2.7045772E-05         1.0000000E+30                 0       
 NEXT SEEDS: DA6A6AC       1       0       0       0       0   181CD    3039       0       0
  249999980                    20                    20             2.7045774E-05         1.0000000E+30                 0       
 NEXT SEEDS: DA6A6B0       1       0       0       0       0   181CD    3039       0       0
  249999981                    19                    19             2.7045774E-05         1.0000000E+30                 0       
 NEXT SEEDS: DA6A6B4       1       0       0       0       0   181CD    3039       0       0
  249999982                    18                    18             2.7045774E-05         1.0000000E+30                 0       
 NEXT SEEDS: DA6A6B8       1       0       0       0       0   181CD    3039       0       0
  249999983                    17                    17             2.7045776E-05         1.0000000E+30                 0       
 NEXT SEEDS: DA6A6BC       1       0       0       0       0   181CD    3039       0       0
  249999984                    16                    16             2.7045775E-05         1.0000000E+30                 0       
 NEXT SEEDS: DA6A6C0       1       0       0       0       0   181CD    3039       0       0
  249999985                    15                    15             2.7045775E-05         1.0000000E+30                 0       
 NEXT SEEDS: DA6A6C4       1       0       0       0       0   181CD    3039       0       0
  249999986                    14                    14             2.7045775E-05         1.0000000E+30                 0       
 NEXT SEEDS: DA6A6C8       1       0       0       0       0   181CD    3039       0       0
  249999987                    13                    13             2.7045777E-05         1.0000000E+30                 0       
 NEXT SEEDS: DA6A6CC       1       0       0       0       0   181CD    3039       0       0
  249999988                    12                    12             2.7045777E-05         1.0000000E+30                 0       
 NEXT SEEDS: DA6A6D0       1       0       0       0       0   181CD    3039       0       0
  249999989                    11                    11             2.7045777E-05         1.0000000E+30                 0       
 NEXT SEEDS: DA6A6D4       1       0       0       0       0   181CD    3039       0       0
  249999990                    10                    10             2.7045779E-05         1.0000000E+30                 0       
 NEXT SEEDS: DA6A6D8       1       0       0       0       0   181CD    3039       0       0
  249999991                     9                     9             2.7045779E-05         1.0000000E+30                 0       
 NEXT SEEDS: DA6A6DC       1       0       0       0       0   181CD    3039       0       0
  249999992                     8                     8             2.7045778E-05         1.0000000E+30                 0       
 NEXT SEEDS: DA6A6E0       1       0       0       0       0   181CD    3039       0       0
  249999993                     7                     7             2.7045780E-05         1.0000000E+30                 0       
 NEXT SEEDS: DA6A6E6       1       0       0       0       0   181CD    3039       0       0
  249999994                     6                     6             2.7045780E-05         1.0000000E+30                 0       
 NEXT SEEDS: DA6A6EA       1       0       0       0       0   181CD    3039       0       0
  249999995                     5                     5             2.7045782E-05         1.0000000E+30                 0       
 NEXT SEEDS: DA6A6EE       1       0       0       0       0   181CD    3039       0       0
  249999996                     4                     4             2.7045782E-05         1.0000000E+30                 0       
 NEXT SEEDS: DA6A6F2       1       0       0       0       0   181CD    3039       0       0
  249999997                     3                     3             2.7045782E-05         1.0000000E+30                 0       
 NEXT SEEDS: DA6A6F6       1       0       0       0       0   181CD    3039       0       0
  249999998                     2                     2             2.7045784E-05         1.0000000E+30                 0       
 NEXT SEEDS: DA6A6FA       1       0       0       0       0   181CD    3039       0       0
  249999999                     1                     1             2.7045784E-05         1.0000000E+30                 0       
 NEXT SEEDS: DA6A6FE       1       0       0       0       0   181CD    3039       0       0
  250000000                     0                     1             2.7045783E-05         1.0000000E+30                 0       
 NEXT SEEDS: DA6A702       1       0       0       0       0   181CD    3039       0       0
