1NUMBER OF BEAM       NUMBER OF BEAM        APPROXIMATE NUMBER    AVERAGE TIME USED     TIME LEFT (RESERVED   NUMBER OF STARS
 PARTICLES HANDLED    PARTICLES LEFT        OF BEAM PARTICLES     BY A BEAM PARTICLE     10000.0 SECONDS      CREATED
                                            THAT CAN STILL BE                           FOR PRINTOUT)
                                            HANDLED

 NEXT SEEDS:       0       0       0       0       0       0   181CD    3039       0       0
          1             249999999             249999999             8.2015991E-05         1.0000000E+30                 0       
 NEXT SEEDS:       4       0       0       0       0       0   181CD    3039       0       0
    5000000             245000000             245000000             2.8006573E-05         1.0000000E+30                 0       
 NEXT SEEDS: 17718C0       0       0       0       0       0   181CD    3039       0       0
   10000000             240000000             240000000             2.8000515E-05         1.0000000E+30                 0       
 NEXT SEEDS: 2EE5BCB       0       0       0       0       0   181CD    3039       0       0
   15000000             235000000             235000000             2.8006783E-05         1.0000000E+30                 0       
 NEXT SEEDS: 4655D90       0       0       0       0       0   181CD    3039       0       0
 Geofar: Particle in region    15 (cell #    0)
  in position  -1.366377824E+01  8.549363626E+00 -2.896400000E-01
  is now causing trouble, requesting a step of  2.235399867E+00 cm
  to direction -2.924756597E-01  9.474679951E-01 -1.294696366E-01
  end position -1.431757829E+01  1.066733346E+01 -5.790564084E-01
  R2:  1.611801645E+01 R3:  1.612061865E+01 cm  error count:  0
  X*U   (2D):  1.209657097E+01 X*U   (3D):  1.213407055E+01 cm
  X*UOLD(2D): -6.811110643E+00 X*UOLD(3D): -7.042827679E+00 cm
  Kloop:   40160544, Irsave:     15, Irsav2:     15, error code:  -3 Nfrom:  5000
  old direction  1.323198821E-01 -5.852039211E-01  8.000173870E-01, lagain, lstnew, lsense, lsnsct  F  F  F  T
  Particle index    7 total energy   6.193569818E-05 GeV  Nsurf    0
 We succeeded in saving the particle:  current region is n.     4 (cell #    0)
   20000000             230000000             230000000             2.7983456E-05         1.0000000E+30                 0       
 NEXT SEEDS: 5DC5688       0       0       0       0       0   181CD    3039       0       0
   25000000             225000000             225000000             2.7980862E-05         1.0000000E+30                 0       
 NEXT SEEDS: 75367BA       0       0       0       0       0   181CD    3039       0       0
   30000000             220000000             220000000             2.7975504E-05         1.0000000E+30                 0       
 NEXT SEEDS: 8CA9641       0       0       0       0       0   181CD    3039       0       0
   35000000             215000000             215000000             2.7974698E-05         1.0000000E+30                 0       
 NEXT SEEDS: A41C2AE       0       0       0       0       0   181CD    3039       0       0
   40000000             210000000             210000000             2.7982394E-05         1.0000000E+30                 0       
 NEXT SEEDS: BB92285       0       0       0       0       0   181CD    3039       0       0
   45000000             205000000             205000000             2.7979150E-05         1.0000000E+30                 0       
 NEXT SEEDS: D301DD1       0       0       0       0       0   181CD    3039       0       0
   50000000             200000000             200000000             2.7974253E-05         1.0000000E+30                 0       
 NEXT SEEDS: EA73687       0       0       0       0       0   181CD    3039       0       0
   55000000             195000000             195000000             2.7977515E-05         1.0000000E+30                 0       
 NEXT SEEDS:101E3D30       0       0       0       0       0   181CD    3039       0       0
   60000000             190000000             190000000             2.7973684E-05         1.0000000E+30                 0       
 NEXT SEEDS:11955505       0       0       0       0       0   181CD    3039       0       0
   65000000             185000000             185000000             2.7966549E-05         1.0000000E+30                 0       
 NEXT SEEDS:130C2C07       0       0       0       0       0   181CD    3039       0       0
   70000000             180000000             180000000             2.7962455E-05         1.0000000E+30                 0       
 NEXT SEEDS:14833E69       0       0       0       0       0   181CD    3039       0       0
   75000000             175000000             175000000             2.7962559E-05         1.0000000E+30                 0       
 NEXT SEEDS:15FA77A9       0       0       0       0       0   181CD    3039       0       0
   80000000             170000000             170000000             2.7963589E-05         1.0000000E+30                 0       
 NEXT SEEDS:17717865       0       0       0       0       0   181CD    3039       0       0
  *** Emfgeo: Ncoun  2000000000
   85000000             165000000             165000000             2.7964763E-05         1.0000000E+30                 0       
 NEXT SEEDS:18E8BAD4       0       0       0       0       0   181CD    3039       0       0
   90000000             160000000             160000000             2.7963129E-05         1.0000000E+30                 0       
 NEXT SEEDS:1A600C95       0       0       0       0       0   181CD    3039       0       0
   95000000             155000000             155000000             2.7961356E-05         1.0000000E+30                 0       
 NEXT SEEDS:1BD71284       0       0       0       0       0   181CD    3039       0       0
  100000000             150000000             150000000             2.7959211E-05         1.0000000E+30                 0       
 NEXT SEEDS:1D4DF34D       0       0       0       0       0   181CD    3039       0       0
  105000000             145000000             145000000             2.7960277E-05         1.0000000E+30                 0       
 NEXT SEEDS:1EC52A09       0       0       0       0       0   181CD    3039       0       0
  110000000             140000000             140000000             2.7961452E-05         1.0000000E+30                 0       
 NEXT SEEDS:203C4162       0       0       0       0       0   181CD    3039       0       0
  115000000             135000000             135000000             2.7962266E-05         1.0000000E+30                 0       
 NEXT SEEDS:21B34AA4       0       0       0       0       0   181CD    3039       0       0
  120000000             130000000             130000000             2.7960067E-05         1.0000000E+30                 0       
 NEXT SEEDS:2329FEB1       0       0       0       0       0   181CD    3039       0       0
  125000000             125000000             125000000             2.7959695E-05         1.0000000E+30                 0       
 NEXT SEEDS:24A0C4C5       0       0       0       0       0   181CD    3039       0       0
  130000000             120000000             120000000             2.7959050E-05         1.0000000E+30                 0       
 NEXT SEEDS:2617BFB8       0       0       0       0       0   181CD    3039       0       0
  135000000             115000000             115000000             2.7961507E-05         1.0000000E+30                 0       
 NEXT SEEDS:278EBE21       0       0       0       0       0   181CD    3039       0       0
  140000000             110000000             110000000             2.7964115E-05         1.0000000E+30                 0       
 NEXT SEEDS:2905EE48       0       0       0       0       0   181CD    3039       0       0
  145000000             105000000             105000000             2.7964462E-05         1.0000000E+30                 0       
 NEXT SEEDS:2A7CE76E       0       0       0       0       0   181CD    3039       0       0
  150000000             100000000             100000000             2.7965609E-05         1.0000000E+30                 0       
 NEXT SEEDS:2BF41649       0       0       0       0       0   181CD    3039       0       0
  155000000              95000000              95000000             2.7965483E-05         1.0000000E+30                 0       
 NEXT SEEDS:2D6B25D7       0       0       0       0       0   181CD    3039       0       0
  160000000              90000000              90000000             2.7966037E-05         1.0000000E+30                 0       
 NEXT SEEDS:2EE21D4E       0       0       0       0       0   181CD    3039       0       0
  *** Emfgeo: Ncoun  2000000000
  165000000              85000000              85000000             2.7965382E-05         1.0000000E+30                 0       
 NEXT SEEDS:305908AF       0       0       0       0       0   181CD    3039       0       0
  170000000              80000000              80000000             2.7965036E-05         1.0000000E+30                 0       
 NEXT SEEDS:31CFFC3A       0       0       0       0       0   181CD    3039       0       0
  175000000              75000000              75000000             2.7965078E-05         1.0000000E+30                 0       
 NEXT SEEDS:334737ED       0       0       0       0       0   181CD    3039       0       0
  180000000              70000000              70000000             2.7966838E-05         1.0000000E+30                 0       
 NEXT SEEDS:34BE368E       0       0       0       0       0   181CD    3039       0       0
  185000000              65000000              65000000             2.7965741E-05         1.0000000E+30                 0       
 NEXT SEEDS:3635849C       0       0       0       0       0   181CD    3039       0       0
  190000000              60000000              60000000             2.7964921E-05         1.0000000E+30                 0       
 NEXT SEEDS:37ACD36D       0       0       0       0       0   181CD    3039       0       0
  195000000              55000000              55000000             2.7964834E-05         1.0000000E+30                 0       
 NEXT SEEDS:3923CB27       0       0       0       0       0   181CD    3039       0       0
  200000000              50000000              50000000             2.7963582E-05         1.0000000E+30                 0       
 NEXT SEEDS:3A9AD6EA       0       0       0       0       0   181CD    3039       0       0
  205000000              45000000              45000000             2.7964070E-05         1.0000000E+30                 0       
 NEXT SEEDS:  7726FD       1       0       0       0       0   181CD    3039       0       0
  210000000              40000000              40000000             2.7962514E-05         1.0000000E+30                 0       
 NEXT SEEDS: 1EE4F78       1       0       0       0       0   181CD    3039       0       0
  215000000              35000000              35000000             2.7961828E-05         1.0000000E+30                 0       
 NEXT SEEDS: 3656EFB       1       0       0       0       0   181CD    3039       0       0
  220000000              30000000              30000000             2.7960807E-05         1.0000000E+30                 0       
 NEXT SEEDS: 4DC755E       1       0       0       0       0   181CD    3039       0       0
  225000000              25000000              25000000             2.7960686E-05         1.0000000E+30                 0       
 NEXT SEEDS: 65397B7       1       0       0       0       0   181CD    3039       0       0
  230000000              20000000              20000000             2.7960241E-05         1.0000000E+30                 0       
 NEXT SEEDS: 7CAC55D       1       0       0       0       0   181CD    3039       0       0
  235000000              15000000              15000000             2.7960790E-05         1.0000000E+30                 0       
 NEXT SEEDS: 941C6C4       1       0       0       0       0   181CD    3039       0       0
  240000000              10000000              10000000             2.7960616E-05         1.0000000E+30                 0       
 NEXT SEEDS: AB8E5C7       1       0       0       0       0   181CD    3039       0       0
  *** Emfgeo: Ncoun  2000000000
  245000000               5000000               5000000             2.7961434E-05         1.0000000E+30                 0       
 NEXT SEEDS: C2FE402       1       0       0       0       0   181CD    3039       0       0
  249999950                    50                    50             2.7961015E-05         1.0000000E+30                 0       
 NEXT SEEDS: DA6E18F       1       0       0       0       0   181CD    3039       0       0
  249999951                    49                    49             2.7961017E-05         1.0000000E+30                 0       
 NEXT SEEDS: DA6E193       1       0       0       0       0   181CD    3039       0       0
  249999952                    48                    48             2.7961017E-05         1.0000000E+30                 0       
 NEXT SEEDS: DA6E197       1       0       0       0       0   181CD    3039       0       0
  249999953                    47                    47             2.7961019E-05         1.0000000E+30                 0       
 NEXT SEEDS: DA6E19D       1       0       0       0       0   181CD    3039       0       0
  249999954                    46                    46             2.7961019E-05         1.0000000E+30                 0       
 NEXT SEEDS: DA6E1A1       1       0       0       0       0   181CD    3039       0       0
  249999955                    45                    45             2.7961021E-05         1.0000000E+30                 0       
 NEXT SEEDS: DA6E1A7       1       0       0       0       0   181CD    3039       0       0
  249999956                    44                    44             2.7961021E-05         1.0000000E+30                 0       
 NEXT SEEDS: DA6E1AB       1       0       0       0       0   181CD    3039       0       0
  249999957                    43                    43             2.7961020E-05         1.0000000E+30                 0       
 NEXT SEEDS: DA6E1AF       1       0       0       0       0   181CD    3039       0       0
  249999958                    42                    42             2.7961022E-05         1.0000000E+30                 0       
 NEXT SEEDS: DA6E1B3       1       0       0       0       0   181CD    3039       0       0
  249999959                    41                    41             2.7961022E-05         1.0000000E+30                 0       
 NEXT SEEDS: DA6E1B7       1       0       0       0       0   181CD    3039       0       0
  249999960                    40                    40             2.7961022E-05         1.0000000E+30                 0       
 NEXT SEEDS: DA6E1BD       1       0       0       0       0   181CD    3039       0       0
  249999961                    39                    39             2.7961024E-05         1.0000000E+30                 0       
 NEXT SEEDS: DA6E1C1       1       0       0       0       0   181CD    3039       0       0
  249999962                    38                    38             2.7961024E-05         1.0000000E+30                 0       
 NEXT SEEDS: DA6E1C5       1       0       0       0       0   181CD    3039       0       0
  249999963                    37                    37             2.7961026E-05         1.0000000E+30                 0       
 NEXT SEEDS: DA6E1C9       1       0       0       0       0   181CD    3039       0       0
  249999964                    36                    36             2.7961025E-05         1.0000000E+30                 0       
 NEXT SEEDS: DA6E1CD       1       0       0       0       0   181CD    3039       0       0
  249999965                    35                    35             2.7961025E-05         1.0000000E+30                 0       
 NEXT SEEDS: DA6E1D3       1       0       0       0       0   181CD    3039       0       0
  249999966                    34                    34             2.7961027E-05         1.0000000E+30                 0       
 NEXT SEEDS: DA6E1D7       1       0       0       0       0   181CD    3039       0       0
  249999967                    33                    33             2.7961027E-05         1.0000000E+30                 0       
 NEXT SEEDS: DA6E1DB       1       0       0       0       0   181CD    3039       0       0
  249999968                    32                    32             2.7961027E-05         1.0000000E+30                 0       
 NEXT SEEDS: DA6E1DF       1       0       0       0       0   181CD    3039       0       0
  249999969                    31                    31             2.7961029E-05         1.0000000E+30                 0       
 NEXT SEEDS: DA6E1E3       1       0       0       0       0   181CD    3039       0       0
  249999970                    30                    30             2.7961029E-05         1.0000000E+30                 0       
 NEXT SEEDS: DA6E1E7       1       0       0       0       0   181CD    3039       0       0
  249999971                    29                    29             2.7961031E-05         1.0000000E+30                 0       
 NEXT SEEDS: DA6E1EB       1       0       0       0       0   181CD    3039       0       0
  249999972                    28                    28             2.7961030E-05         1.0000000E+30                 0       
 NEXT SEEDS: DA6E1EF       1       0       0       0       0   181CD    3039       0       0
  249999973                    27                    27             2.7961030E-05         1.0000000E+30                 0       
 NEXT SEEDS: DA6E1F3       1       0       0       0       0   181CD    3039       0       0
  249999974                    26                    26             2.7961030E-05         1.0000000E+30                 0       
 NEXT SEEDS: DA6E1F7       1       0       0       0       0   181CD    3039       0       0
  249999975                    25                    25             2.7961030E-05         1.0000000E+30                 0       
 NEXT SEEDS: DA6E1FB       1       0       0       0       0   181CD    3039       0       0
  249999976                    24                    24             2.7961030E-05         1.0000000E+30                 0       
 NEXT SEEDS: DA6E1FF       1       0       0       0       0   181CD    3039       0       0
  249999977                    23                    23             2.7961030E-05         1.0000000E+30                 0       
 NEXT SEEDS: DA6E203       1       0       0       0       0   181CD    3039       0       0
  249999978                    22                    22             2.7961030E-05         1.0000000E+30                 0       
 NEXT SEEDS: DA6E207       1       0       0       0       0   181CD    3039       0       0
  249999979                    21                    21             2.7961032E-05         1.0000000E+30                 0       
 NEXT SEEDS: DA6E20B       1       0       0       0       0   181CD    3039       0       0
  249999980                    20                    20             2.7961032E-05         1.0000000E+30                 0       
 NEXT SEEDS: DA6E20F       1       0       0       0       0   181CD    3039       0       0
  249999981                    19                    19             2.7961033E-05         1.0000000E+30                 0       
 NEXT SEEDS: DA6E213       1       0       0       0       0   181CD    3039       0       0
  249999982                    18                    18             2.7961033E-05         1.0000000E+30                 0       
 NEXT SEEDS: DA6E217       1       0       0       0       0   181CD    3039       0       0
  249999983                    17                    17             2.7961035E-05         1.0000000E+30                 0       
 NEXT SEEDS: DA6E221       1       0       0       0       0   181CD    3039       0       0
  249999984                    16                    16             2.7961035E-05         1.0000000E+30                 0       
 NEXT SEEDS: DA6E225       1       0       0       0       0   181CD    3039       0       0
  249999985                    15                    15             2.7961037E-05         1.0000000E+30                 0       
 NEXT SEEDS: DA6E229       1       0       0       0       0   181CD    3039       0       0
  249999986                    14                    14             2.7961037E-05         1.0000000E+30                 0       
 NEXT SEEDS: DA6E22D       1       0       0       0       0   181CD    3039       0       0
  249999987                    13                    13             2.7961037E-05         1.0000000E+30                 0       
 NEXT SEEDS: DA6E231       1       0       0       0       0   181CD    3039       0       0
  249999988                    12                    12             2.7961038E-05         1.0000000E+30                 0       
 NEXT SEEDS: DA6E235       1       0       0       0       0   181CD    3039       0       0
  249999989                    11                    11             2.7961040E-05         1.0000000E+30                 0       
 NEXT SEEDS: DA6E239       1       0       0       0       0   181CD    3039       0       0
  249999990                    10                    10             2.7961040E-05         1.0000000E+30                 0       
 NEXT SEEDS: DA6E23D       1       0       0       0       0   181CD    3039       0       0
  249999991                     9                     9             2.7961040E-05         1.0000000E+30                 0       
 NEXT SEEDS: DA6E241       1       0       0       0       0   181CD    3039       0       0
  249999992                     8                     8             2.7961042E-05         1.0000000E+30                 0       
 NEXT SEEDS: DA6E247       1       0       0       0       0   181CD    3039       0       0
  249999993                     7                     7             2.7961042E-05         1.0000000E+30                 0       
 NEXT SEEDS: DA6E24B       1       0       0       0       0   181CD    3039       0       0
  249999994                     6                     6             2.7961042E-05         1.0000000E+30                 0       
 NEXT SEEDS: DA6E24F       1       0       0       0       0   181CD    3039       0       0
  249999995                     5                     5             2.7961042E-05         1.0000000E+30                 0       
 NEXT SEEDS: DA6E253       1       0       0       0       0   181CD    3039       0       0
  249999996                     4                     4             2.7961041E-05         1.0000000E+30                 0       
 NEXT SEEDS: DA6E257       1       0       0       0       0   181CD    3039       0       0
  249999997                     3                     3             2.7961041E-05         1.0000000E+30                 0       
 NEXT SEEDS: DA6E25B       1       0       0       0       0   181CD    3039       0       0
  249999998                     2                     2             2.7961041E-05         1.0000000E+30                 0       
 NEXT SEEDS: DA6E25F       1       0       0       0       0   181CD    3039       0       0
  249999999                     1                     1             2.7961041E-05         1.0000000E+30                 0       
 NEXT SEEDS: DA6E263       1       0       0       0       0   181CD    3039       0       0
  250000000                     0                     1             2.7961041E-05         1.0000000E+30                 0       
 NEXT SEEDS: DA6E267       1       0       0       0       0   181CD    3039       0       0
