1NUMBER OF BEAM       NUMBER OF BEAM        APPROXIMATE NUMBER    AVERAGE TIME USED     TIME LEFT (RESERVED   NUMBER OF STARS
 PARTICLES HANDLED    PARTICLES LEFT        OF BEAM PARTICLES     BY A BEAM PARTICLE     10000.0 SECONDS      CREATED
                                            THAT CAN STILL BE                           FOR PRINTOUT)
                                            HANDLED

 NEXT SEEDS:       0       0       0       0       0       0   181CD    3039       0       0
          1             249999999             249999999             7.6055527E-05         1.0000000E+30                 0       
 NEXT SEEDS:       4       0       0       0       0       0   181CD    3039       0       0
    5000000             245000000             245000000             2.6562614E-05         1.0000000E+30                 0       
 NEXT SEEDS: 17718A8       0       0       0       0       0   181CD    3039       0       0
   10000000             240000000             240000000             2.6771901E-05         1.0000000E+30                 0       
 NEXT SEEDS: 2EE34A8       0       0       0       0       0   181CD    3039       0       0
   15000000             235000000             235000000             2.6880796E-05         1.0000000E+30                 0       
 NEXT SEEDS: 46571AC       0       0       0       0       0   181CD    3039       0       0
   20000000             230000000             230000000             2.6861300E-05         1.0000000E+30                 0       
 NEXT SEEDS: 5DCA145       0       0       0       0       0   181CD    3039       0       0
   25000000             225000000             225000000             2.6799018E-05         1.0000000E+30                 0       
 NEXT SEEDS: 753BCBD       0       0       0       0       0   181CD    3039       0       0
   30000000             220000000             220000000             2.6765527E-05         1.0000000E+30                 0       
 NEXT SEEDS: 8CB2AFE       0       0       0       0       0   181CD    3039       0       0
   35000000             215000000             215000000             2.6735812E-05         1.0000000E+30                 0       
 NEXT SEEDS: A4221C7       0       0       0       0       0   181CD    3039       0       0
   40000000             210000000             210000000             2.6712448E-05         1.0000000E+30                 0       
 NEXT SEEDS: BB92B3C       0       0       0       0       0   181CD    3039       0       0
   45000000             205000000             205000000             2.6692752E-05         1.0000000E+30                 0       
 NEXT SEEDS: D30711B       0       0       0       0       0   181CD    3039       0       0
   50000000             200000000             200000000             2.6672825E-05         1.0000000E+30                 0       
 NEXT SEEDS: EA76A72       0       0       0       0       0   181CD    3039       0       0
   55000000             195000000             195000000             2.6660016E-05         1.0000000E+30                 0       
 NEXT SEEDS:101E8506       0       0       0       0       0   181CD    3039       0       0
   60000000             190000000             190000000             2.6649593E-05         1.0000000E+30                 0       
 NEXT SEEDS:1195A7DD       0       0       0       0       0   181CD    3039       0       0
   65000000             185000000             185000000             2.6643141E-05         1.0000000E+30                 0       
 NEXT SEEDS:130CB7A2       0       0       0       0       0   181CD    3039       0       0
   70000000             180000000             180000000             2.6633261E-05         1.0000000E+30                 0       
 NEXT SEEDS:1483D497       0       0       0       0       0   181CD    3039       0       0
   75000000             175000000             175000000             2.6621463E-05         1.0000000E+30                 0       
 NEXT SEEDS:15FA9C5E       0       0       0       0       0   181CD    3039       0       0
   80000000             170000000             170000000             2.6614061E-05         1.0000000E+30                 0       
 NEXT SEEDS:1771B0F6       0       0       0       0       0   181CD    3039       0       0
  *** Emfgeo: Ncoun  2000000000
   85000000             165000000             165000000             2.6608431E-05         1.0000000E+30                 0       
 NEXT SEEDS:18E8AEB7       0       0       0       0       0   181CD    3039       0       0
   90000000             160000000             160000000             2.6613236E-05         1.0000000E+30                 0       
 NEXT SEEDS:1A5FDF5A       0       0       0       0       0   181CD    3039       0       0
   95000000             155000000             155000000             2.6609204E-05         1.0000000E+30                 0       
 NEXT SEEDS:1BD6E60E       0       0       0       0       0   181CD    3039       0       0
  100000000             150000000             150000000             2.6606188E-05         1.0000000E+30                 0       
 NEXT SEEDS:1D4E2AAA       0       0       0       0       0   181CD    3039       0       0
  105000000             145000000             145000000             2.6601847E-05         1.0000000E+30                 0       
 NEXT SEEDS:1EC52CC2       0       0       0       0       0   181CD    3039       0       0
  110000000             140000000             140000000             2.6604085E-05         1.0000000E+30                 0       
 NEXT SEEDS:203C2B41       0       0       0       0       0   181CD    3039       0       0
  115000000             135000000             135000000             2.6600748E-05         1.0000000E+30                 0       
 NEXT SEEDS:21B322BD       0       0       0       0       0   181CD    3039       0       0
  120000000             130000000             130000000             2.6597330E-05         1.0000000E+30                 0       
 NEXT SEEDS:232A1213       0       0       0       0       0   181CD    3039       0       0
  125000000             125000000             125000000             2.6595079E-05         1.0000000E+30                 0       
 NEXT SEEDS:24A11982       0       0       0       0       0   181CD    3039       0       0
  130000000             120000000             120000000             2.6592483E-05         1.0000000E+30                 0       
 NEXT SEEDS:261848F2       0       0       0       0       0   181CD    3039       0       0
  135000000             115000000             115000000             2.6589184E-05         1.0000000E+30                 0       
 NEXT SEEDS:278F4603       0       0       0       0       0   181CD    3039       0       0
  140000000             110000000             110000000             2.6588967E-05         1.0000000E+30                 0       
 NEXT SEEDS:290673F8       0       0       0       0       0   181CD    3039       0       0
  145000000             105000000             105000000             2.6599898E-05         1.0000000E+30                 0       
 NEXT SEEDS:2A7D6BF8       0       0       0       0       0   181CD    3039       0       0
  150000000             100000000             100000000             2.6607558E-05         1.0000000E+30                 0       
 NEXT SEEDS:2BF4A036       0       0       0       0       0   181CD    3039       0       0
  155000000              95000000              95000000             2.6607963E-05         1.0000000E+30                 0       
 NEXT SEEDS:2D6BA617       0       0       0       0       0   181CD    3039       0       0
  160000000              90000000              90000000             2.6606765E-05         1.0000000E+30                 0       
 NEXT SEEDS:2EE2A4ED       0       0       0       0       0   181CD    3039       0       0
  *** Emfgeo: Ncoun  2000000000
  165000000              85000000              85000000             2.6604912E-05         1.0000000E+30                 0       
 NEXT SEEDS:30598BDE       0       0       0       0       0   181CD    3039       0       0
  170000000              80000000              80000000             2.6603047E-05         1.0000000E+30                 0       
 NEXT SEEDS:31D0ABFD       0       0       0       0       0   181CD    3039       0       0
  175000000              75000000              75000000             2.6603068E-05         1.0000000E+30                 0       
 NEXT SEEDS:33480245       0       0       0       0       0   181CD    3039       0       0
  180000000              70000000              70000000             2.6600081E-05         1.0000000E+30                 0       
 NEXT SEEDS:34BEFBD5       0       0       0       0       0   181CD    3039       0       0
  185000000              65000000              65000000             2.6597484E-05         1.0000000E+30                 0       
 NEXT SEEDS:3635CAA4       0       0       0       0       0   181CD    3039       0       0
  190000000              60000000              60000000             2.6596851E-05         1.0000000E+30                 0       
 NEXT SEEDS:37AD0934       0       0       0       0       0   181CD    3039       0       0
  195000000              55000000              55000000             2.6594603E-05         1.0000000E+30                 0       
 NEXT SEEDS:392406FC       0       0       0       0       0   181CD    3039       0       0
  200000000              50000000              50000000             2.6591694E-05         1.0000000E+30                 0       
 NEXT SEEDS:3A9B2B12       0       0       0       0       0   181CD    3039       0       0
  205000000              45000000              45000000             2.6589271E-05         1.0000000E+30                 0       
 NEXT SEEDS:  775B93       1       0       0       0       0   181CD    3039       0       0
  210000000              40000000              40000000             2.6589115E-05         1.0000000E+30                 0       
 NEXT SEEDS: 1EE6A8D       1       0       0       0       0   181CD    3039       0       0
  215000000              35000000              35000000             2.6588758E-05         1.0000000E+30                 0       
 NEXT SEEDS: 365622A       1       0       0       0       0   181CD    3039       0       0
  220000000              30000000              30000000             2.6588323E-05         1.0000000E+30                 0       
 NEXT SEEDS: 4DC45D2       1       0       0       0       0   181CD    3039       0       0
  225000000              25000000              25000000             2.6587901E-05         1.0000000E+30                 0       
 NEXT SEEDS: 653679E       1       0       0       0       0   181CD    3039       0       0
  230000000              20000000              20000000             2.6588090E-05         1.0000000E+30                 0       
 NEXT SEEDS: 7CA74E9       1       0       0       0       0   181CD    3039       0       0
  235000000              15000000              15000000             2.6586841E-05         1.0000000E+30                 0       
 NEXT SEEDS: 9416F2F       1       0       0       0       0   181CD    3039       0       0
  240000000              10000000              10000000             2.6585583E-05         1.0000000E+30                 0       
 NEXT SEEDS: AB88BA9       1       0       0       0       0   181CD    3039       0       0
  *** Emfgeo: Ncoun  2000000000
  245000000               5000000               5000000             2.6586192E-05         1.0000000E+30                 0       
 NEXT SEEDS: C2FBBC8       1       0       0       0       0   181CD    3039       0       0
  249999950                    50                    50             2.6584796E-05         1.0000000E+30                 0       
 NEXT SEEDS: DA6D356       1       0       0       0       0   181CD    3039       0       0
  249999951                    49                    49             2.6584796E-05         1.0000000E+30                 0       
 NEXT SEEDS: DA6D35A       1       0       0       0       0   181CD    3039       0       0
  249999952                    48                    48             2.6584798E-05         1.0000000E+30                 0       
 NEXT SEEDS: DA6D35E       1       0       0       0       0   181CD    3039       0       0
  249999953                    47                    47             2.6584797E-05         1.0000000E+30                 0       
 NEXT SEEDS: DA6D362       1       0       0       0       0   181CD    3039       0       0
  249999954                    46                    46             2.6584799E-05         1.0000000E+30                 0       
 NEXT SEEDS: DA6D378       1       0       0       0       0   181CD    3039       0       0
  249999955                    45                    45             2.6584801E-05         1.0000000E+30                 0       
 NEXT SEEDS: DA6D37E       1       0       0       0       0   181CD    3039       0       0
  249999956                    44                    44             2.6584801E-05         1.0000000E+30                 0       
 NEXT SEEDS: DA6D382       1       0       0       0       0   181CD    3039       0       0
  249999957                    43                    43             2.6584801E-05         1.0000000E+30                 0       
 NEXT SEEDS: DA6D386       1       0       0       0       0   181CD    3039       0       0
  249999958                    42                    42             2.6584801E-05         1.0000000E+30                 0       
 NEXT SEEDS: DA6D38A       1       0       0       0       0   181CD    3039       0       0
  249999959                    41                    41             2.6584801E-05         1.0000000E+30                 0       
 NEXT SEEDS: DA6D38E       1       0       0       0       0   181CD    3039       0       0
  249999960                    40                    40             2.6584801E-05         1.0000000E+30                 0       
 NEXT SEEDS: DA6D392       1       0       0       0       0   181CD    3039       0       0
  249999961                    39                    39             2.6584800E-05         1.0000000E+30                 0       
 NEXT SEEDS: DA6D396       1       0       0       0       0   181CD    3039       0       0
  249999962                    38                    38             2.6584800E-05         1.0000000E+30                 0       
 NEXT SEEDS: DA6D39A       1       0       0       0       0   181CD    3039       0       0
  249999963                    37                    37             2.6584802E-05         1.0000000E+30                 0       
 NEXT SEEDS: DA6D39E       1       0       0       0       0   181CD    3039       0       0
  249999964                    36                    36             2.6584802E-05         1.0000000E+30                 0       
 NEXT SEEDS: DA6D3A2       1       0       0       0       0   181CD    3039       0       0
  249999965                    35                    35             2.6584804E-05         1.0000000E+30                 0       
 NEXT SEEDS: DA6D3A6       1       0       0       0       0   181CD    3039       0       0
  249999966                    34                    34             2.6584804E-05         1.0000000E+30                 0       
 NEXT SEEDS: DA6D3AA       1       0       0       0       0   181CD    3039       0       0
  249999967                    33                    33             2.6584806E-05         1.0000000E+30                 0       
 NEXT SEEDS: DA6D3AE       1       0       0       0       0   181CD    3039       0       0
  249999968                    32                    32             2.6584806E-05         1.0000000E+30                 0       
 NEXT SEEDS: DA6D3B2       1       0       0       0       0   181CD    3039       0       0
  249999969                    31                    31             2.6584806E-05         1.0000000E+30                 0       
 NEXT SEEDS: DA6D3BE       1       0       0       0       0   181CD    3039       0       0
  249999970                    30                    30             2.6584805E-05         1.0000000E+30                 0       
 NEXT SEEDS: DA6D3C2       1       0       0       0       0   181CD    3039       0       0
  249999971                    29                    29             2.6584805E-05         1.0000000E+30                 0       
 NEXT SEEDS: DA6D3C6       1       0       0       0       0   181CD    3039       0       0
  249999972                    28                    28             2.6584805E-05         1.0000000E+30                 0       
 NEXT SEEDS: DA6D3CA       1       0       0       0       0   181CD    3039       0       0
  249999973                    27                    27             2.6584805E-05         1.0000000E+30                 0       
 NEXT SEEDS: DA6D3CE       1       0       0       0       0   181CD    3039       0       0
  249999974                    26                    26             2.6584805E-05         1.0000000E+30                 0       
 NEXT SEEDS: DA6D3DA       1       0       0       0       0   181CD    3039       0       0
  249999975                    25                    25             2.6584805E-05         1.0000000E+30                 0       
 NEXT SEEDS: DA6D3DE       1       0       0       0       0   181CD    3039       0       0
  249999976                    24                    24             2.6584805E-05         1.0000000E+30                 0       
 NEXT SEEDS: DA6D3E2       1       0       0       0       0   181CD    3039       0       0
  249999977                    23                    23             2.6584805E-05         1.0000000E+30                 0       
 NEXT SEEDS: DA6D3E8       1       0       0       0       0   181CD    3039       0       0
  249999978                    22                    22             2.6584806E-05         1.0000000E+30                 0       
 NEXT SEEDS: DA6D3EE       1       0       0       0       0   181CD    3039       0       0
  249999979                    21                    21             2.6584806E-05         1.0000000E+30                 0       
 NEXT SEEDS: DA6D3F2       1       0       0       0       0   181CD    3039       0       0
  249999980                    20                    20             2.6584806E-05         1.0000000E+30                 0       
 NEXT SEEDS: DA6D3F6       1       0       0       0       0   181CD    3039       0       0
  249999981                    19                    19             2.6584806E-05         1.0000000E+30                 0       
 NEXT SEEDS: DA6D3FA       1       0       0       0       0   181CD    3039       0       0
  249999982                    18                    18             2.6584806E-05         1.0000000E+30                 0       
 NEXT SEEDS: DA6D3FE       1       0       0       0       0   181CD    3039       0       0
  249999983                    17                    17             2.6584806E-05         1.0000000E+30                 0       
 NEXT SEEDS: DA6D402       1       0       0       0       0   181CD    3039       0       0
  249999984                    16                    16             2.6584806E-05         1.0000000E+30                 0       
 NEXT SEEDS: DA6D406       1       0       0       0       0   181CD    3039       0       0
  249999985                    15                    15             2.6584806E-05         1.0000000E+30                 0       
 NEXT SEEDS: DA6D40A       1       0       0       0       0   181CD    3039       0       0
  249999986                    14                    14             2.6584806E-05         1.0000000E+30                 0       
 NEXT SEEDS: DA6D40E       1       0       0       0       0   181CD    3039       0       0
  249999987                    13                    13             2.6584806E-05         1.0000000E+30                 0       
 NEXT SEEDS: DA6D412       1       0       0       0       0   181CD    3039       0       0
  249999988                    12                    12             2.6584805E-05         1.0000000E+30                 0       
 NEXT SEEDS: DA6D416       1       0       0       0       0   181CD    3039       0       0
  249999989                    11                    11             2.6584805E-05         1.0000000E+30                 0       
 NEXT SEEDS: DA6D41A       1       0       0       0       0   181CD    3039       0       0
  249999990                    10                    10             2.6584805E-05         1.0000000E+30                 0       
 NEXT SEEDS: DA6D41E       1       0       0       0       0   181CD    3039       0       0
  249999991                     9                     9             2.6584805E-05         1.0000000E+30                 0       
 NEXT SEEDS: DA6D422       1       0       0       0       0   181CD    3039       0       0
  249999992                     8                     8             2.6584805E-05         1.0000000E+30                 0       
 NEXT SEEDS: DA6D426       1       0       0       0       0   181CD    3039       0       0
  249999993                     7                     7             2.6584805E-05         1.0000000E+30                 0       
 NEXT SEEDS: DA6D42A       1       0       0       0       0   181CD    3039       0       0
  249999994                     6                     6             2.6584805E-05         1.0000000E+30                 0       
 NEXT SEEDS: DA6D42E       1       0       0       0       0   181CD    3039       0       0
  249999995                     5                     5             2.6584805E-05         1.0000000E+30                 0       
 NEXT SEEDS: DA6D432       1       0       0       0       0   181CD    3039       0       0
  249999996                     4                     4             2.6584807E-05         1.0000000E+30                 0       
 NEXT SEEDS: DA6D436       1       0       0       0       0   181CD    3039       0       0
  249999997                     3                     3             2.6584806E-05         1.0000000E+30                 0       
 NEXT SEEDS: DA6D43C       1       0       0       0       0   181CD    3039       0       0
  249999998                     2                     2             2.6584806E-05         1.0000000E+30                 0       
 NEXT SEEDS: DA6D440       1       0       0       0       0   181CD    3039       0       0
  249999999                     1                     1             2.6584808E-05         1.0000000E+30                 0       
 NEXT SEEDS: DA6D444       1       0       0       0       0   181CD    3039       0       0
  250000000                     0                     1             2.6584808E-05         1.0000000E+30                 0       
 NEXT SEEDS: DA6D448       1       0       0       0       0   181CD    3039       0       0
