1NUMBER OF BEAM       NUMBER OF BEAM        APPROXIMATE NUMBER    AVERAGE TIME USED     TIME LEFT (RESERVED   NUMBER OF STARS
 PARTICLES HANDLED    PARTICLES LEFT        OF BEAM PARTICLES     BY A BEAM PARTICLE     10000.0 SECONDS      CREATED
                                            THAT CAN STILL BE                           FOR PRINTOUT)
                                            HANDLED

 NEXT SEEDS:       0       0       0       0       0       0   181CD    3039       0       0
          1             249999999             249999999             5.8007240E-04         1.0000000E+30                 0       
 NEXT SEEDS:       4       0       0       0       0       0   181CD    3039       0       0
    5000000             245000000             245000000             2.7118971E-05         1.0000000E+30                 0       
 NEXT SEEDS: 17715AB       0       0       0       0       0   181CD    3039       0       0
   10000000             240000000             240000000             2.7110865E-05         1.0000000E+30                 0       
 NEXT SEEDS: 2EE21AC       0       0       0       0       0   181CD    3039       0       0
   15000000             235000000             235000000             2.7109363E-05         1.0000000E+30                 0       
 NEXT SEEDS: 4655CD4       0       0       0       0       0   181CD    3039       0       0
   20000000             230000000             230000000             2.7107280E-05         1.0000000E+30                 0       
 NEXT SEEDS: 5DC67F8       0       0       0       0       0   181CD    3039       0       0
   25000000             225000000             225000000             2.7112111E-05         1.0000000E+30                 0       
 NEXT SEEDS: 7537F6F       0       0       0       0       0   181CD    3039       0       0
   30000000             220000000             220000000             2.7104813E-05         1.0000000E+30                 0       
 NEXT SEEDS: 8CAC8D6       0       0       0       0       0   181CD    3039       0       0
   35000000             215000000             215000000             2.7100643E-05         1.0000000E+30                 0       
 NEXT SEEDS: A41F2A1       0       0       0       0       0   181CD    3039       0       0
   40000000             210000000             210000000             2.7102569E-05         1.0000000E+30                 0       
 NEXT SEEDS: BB93F98       0       0       0       0       0   181CD    3039       0       0
   45000000             205000000             205000000             2.7093484E-05         1.0000000E+30                 0       
 NEXT SEEDS: D305345       0       0       0       0       0   181CD    3039       0       0
   50000000             200000000             200000000             2.7091828E-05         1.0000000E+30                 0       
 NEXT SEEDS: EA730D9       0       0       0       0       0   181CD    3039       0       0
   55000000             195000000             195000000             2.7098670E-05         1.0000000E+30                 0       
 NEXT SEEDS:101E31F0       0       0       0       0       0   181CD    3039       0       0
   60000000             190000000             190000000             2.7098685E-05         1.0000000E+30                 0       
 NEXT SEEDS:11952AFE       0       0       0       0       0   181CD    3039       0       0
   65000000             185000000             185000000             2.7101649E-05         1.0000000E+30                 0       
 NEXT SEEDS:130C5EA4       0       0       0       0       0   181CD    3039       0       0
   70000000             180000000             180000000             2.7100207E-05         1.0000000E+30                 0       
 NEXT SEEDS:14834E6A       0       0       0       0       0   181CD    3039       0       0
   75000000             175000000             175000000             2.7111334E-05         1.0000000E+30                 0       
 NEXT SEEDS:15FA34E8       0       0       0       0       0   181CD    3039       0       0
   80000000             170000000             170000000             2.7112077E-05         1.0000000E+30                 0       
 NEXT SEEDS:177158F3       0       0       0       0       0   181CD    3039       0       0
  *** Emfgeo: Ncoun  2000000000
   85000000             165000000             165000000             2.7112513E-05         1.0000000E+30                 0       
 NEXT SEEDS:18E87719       0       0       0       0       0   181CD    3039       0       0
   90000000             160000000             160000000             2.7116161E-05         1.0000000E+30                 0       
 NEXT SEEDS:1A5F68C5       0       0       0       0       0   181CD    3039       0       0
   95000000             155000000             155000000             2.7122339E-05         1.0000000E+30                 0       
 NEXT SEEDS:1BD66EDE       0       0       0       0       0   181CD    3039       0       0
  100000000             150000000             150000000             2.7134476E-05         1.0000000E+30                 0       
 NEXT SEEDS:1D4D8E88       0       0       0       0       0   181CD    3039       0       0
  105000000             145000000             145000000             2.7134413E-05         1.0000000E+30                 0       
 NEXT SEEDS:1EC4A073       0       0       0       0       0   181CD    3039       0       0
  110000000             140000000             140000000             2.7134196E-05         1.0000000E+30                 0       
 NEXT SEEDS:203BCCBA       0       0       0       0       0   181CD    3039       0       0
  115000000             135000000             135000000             2.7133633E-05         1.0000000E+30                 0       
 NEXT SEEDS:21B2BC78       0       0       0       0       0   181CD    3039       0       0
  120000000             130000000             130000000             2.7139255E-05         1.0000000E+30                 0       
 NEXT SEEDS:2329A269       0       0       0       0       0   181CD    3039       0       0
  125000000             125000000             125000000             2.7147595E-05         1.0000000E+30                 0       
 NEXT SEEDS:24A0D18E       0       0       0       0       0   181CD    3039       0       0
  130000000             120000000             120000000             2.7147770E-05         1.0000000E+30                 0       
 NEXT SEEDS:2618117D       0       0       0       0       0   181CD    3039       0       0
  135000000             115000000             115000000             2.7146641E-05         1.0000000E+30                 0       
 NEXT SEEDS:278F0377       0       0       0       0       0   181CD    3039       0       0
  140000000             110000000             110000000             2.7143149E-05         1.0000000E+30                 0       
 NEXT SEEDS:2905D3FE       0       0       0       0       0   181CD    3039       0       0
  145000000             105000000             105000000             2.7143990E-05         1.0000000E+30                 0       
 NEXT SEEDS:2A7D1C4D       0       0       0       0       0   181CD    3039       0       0
  150000000             100000000             100000000             2.7144467E-05         1.0000000E+30                 0       
 NEXT SEEDS:2BF40500       0       0       0       0       0   181CD    3039       0       0
  155000000              95000000              95000000             2.7143743E-05         1.0000000E+30                 0       
 NEXT SEEDS:2D6B2001       0       0       0       0       0   181CD    3039       0       0
  160000000              90000000              90000000             2.7142406E-05         1.0000000E+30                 0       
 NEXT SEEDS:2EE23810       0       0       0       0       0   181CD    3039       0       0
  *** Emfgeo: Ncoun  2000000000
  165000000              85000000              85000000             2.7142148E-05         1.0000000E+30                 0       
 NEXT SEEDS:30593937       0       0       0       0       0   181CD    3039       0       0
  170000000              80000000              80000000             2.7141957E-05         1.0000000E+30                 0       
 NEXT SEEDS:31D07BD3       0       0       0       0       0   181CD    3039       0       0
  175000000              75000000              75000000             2.7141341E-05         1.0000000E+30                 0       
 NEXT SEEDS:3347D0F1       0       0       0       0       0   181CD    3039       0       0
  180000000              70000000              70000000             2.7142366E-05         1.0000000E+30                 0       
 NEXT SEEDS:34BEF1FA       0       0       0       0       0   181CD    3039       0       0
  185000000              65000000              65000000             2.7141759E-05         1.0000000E+30                 0       
 NEXT SEEDS:36361940       0       0       0       0       0   181CD    3039       0       0
  190000000              60000000              60000000             2.7140945E-05         1.0000000E+30                 0       
 NEXT SEEDS:37AD6F73       0       0       0       0       0   181CD    3039       0       0
  195000000              55000000              55000000             2.7140579E-05         1.0000000E+30                 0       
 NEXT SEEDS:39244E2F       0       0       0       0       0   181CD    3039       0       0
  200000000              50000000              50000000             2.7140409E-05         1.0000000E+30                 0       
 NEXT SEEDS:3A9B7898       0       0       0       0       0   181CD    3039       0       0
  205000000              45000000              45000000             2.7140198E-05         1.0000000E+30                 0       
 NEXT SEEDS:  77B38F       1       0       0       0       0   181CD    3039       0       0
  210000000              40000000              40000000             2.7140085E-05         1.0000000E+30                 0       
 NEXT SEEDS: 1EEFC76       1       0       0       0       0   181CD    3039       0       0
  215000000              35000000              35000000             2.7139389E-05         1.0000000E+30                 0       
 NEXT SEEDS: 365BF56       1       0       0       0       0   181CD    3039       0       0
  220000000              30000000              30000000             2.7141878E-05         1.0000000E+30                 0       
 NEXT SEEDS: 4DCE492       1       0       0       0       0   181CD    3039       0       0
  225000000              25000000              25000000             2.7140566E-05         1.0000000E+30                 0       
 NEXT SEEDS: 654180F       1       0       0       0       0   181CD    3039       0       0
  230000000              20000000              20000000             2.7140219E-05         1.0000000E+30                 0       
 NEXT SEEDS: 7CB0237       1       0       0       0       0   181CD    3039       0       0
  235000000              15000000              15000000             2.7140500E-05         1.0000000E+30                 0       
 NEXT SEEDS: 94202FE       1       0       0       0       0   181CD    3039       0       0
  240000000              10000000              10000000             2.7139843E-05         1.0000000E+30                 0       
 NEXT SEEDS: AB903BF       1       0       0       0       0   181CD    3039       0       0
  *** Emfgeo: Ncoun  2000000000
  245000000               5000000               5000000             2.7139351E-05         1.0000000E+30                 0       
 NEXT SEEDS: C304101       1       0       0       0       0   181CD    3039       0       0
  249999950                    50                    50             2.7138310E-05         1.0000000E+30                 0       
 NEXT SEEDS: DA74A5E       1       0       0       0       0   181CD    3039       0       0
  249999951                    49                    49             2.7138309E-05         1.0000000E+30                 0       
 NEXT SEEDS: DA74A62       1       0       0       0       0   181CD    3039       0       0
  249999952                    48                    48             2.7138309E-05         1.0000000E+30                 0       
 NEXT SEEDS: DA74A66       1       0       0       0       0   181CD    3039       0       0
  249999953                    47                    47             2.7138309E-05         1.0000000E+30                 0       
 NEXT SEEDS: DA74A6A       1       0       0       0       0   181CD    3039       0       0
  249999954                    46                    46             2.7138309E-05         1.0000000E+30                 0       
 NEXT SEEDS: DA74A6E       1       0       0       0       0   181CD    3039       0       0
  249999955                    45                    45             2.7138309E-05         1.0000000E+30                 0       
 NEXT SEEDS: DA74A72       1       0       0       0       0   181CD    3039       0       0
  249999956                    44                    44             2.7138309E-05         1.0000000E+30                 0       
 NEXT SEEDS: DA74A76       1       0       0       0       0   181CD    3039       0       0
  249999957                    43                    43             2.7138309E-05         1.0000000E+30                 0       
 NEXT SEEDS: DA74A7A       1       0       0       0       0   181CD    3039       0       0
  249999958                    42                    42             2.7138311E-05         1.0000000E+30                 0       
 NEXT SEEDS: DA74A7E       1       0       0       0       0   181CD    3039       0       0
  249999959                    41                    41             2.7138311E-05         1.0000000E+30                 0       
 NEXT SEEDS: DA74A82       1       0       0       0       0   181CD    3039       0       0
  249999960                    40                    40             2.7138310E-05         1.0000000E+30                 0       
 NEXT SEEDS: DA74A98       1       0       0       0       0   181CD    3039       0       0
  249999961                    39                    39             2.7138310E-05         1.0000000E+30                 0       
 NEXT SEEDS: DA74A9E       1       0       0       0       0   181CD    3039       0       0
  249999962                    38                    38             2.7138310E-05         1.0000000E+30                 0       
 NEXT SEEDS: DA74AA2       1       0       0       0       0   181CD    3039       0       0
  249999963                    37                    37             2.7138310E-05         1.0000000E+30                 0       
 NEXT SEEDS: DA74AA6       1       0       0       0       0   181CD    3039       0       0
  249999964                    36                    36             2.7138310E-05         1.0000000E+30                 0       
 NEXT SEEDS: DA74AAA       1       0       0       0       0   181CD    3039       0       0
  249999965                    35                    35             2.7138310E-05         1.0000000E+30                 0       
 NEXT SEEDS: DA74AAE       1       0       0       0       0   181CD    3039       0       0
  249999966                    34                    34             2.7138310E-05         1.0000000E+30                 0       
 NEXT SEEDS: DA74AB2       1       0       0       0       0   181CD    3039       0       0
  249999967                    33                    33             2.7138310E-05         1.0000000E+30                 0       
 NEXT SEEDS: DA74AB6       1       0       0       0       0   181CD    3039       0       0
  249999968                    32                    32             2.7138310E-05         1.0000000E+30                 0       
 NEXT SEEDS: DA74ABA       1       0       0       0       0   181CD    3039       0       0
  249999969                    31                    31             2.7138309E-05         1.0000000E+30                 0       
 NEXT SEEDS: DA74ABE       1       0       0       0       0   181CD    3039       0       0
  249999970                    30                    30             2.7138309E-05         1.0000000E+30                 0       
 NEXT SEEDS: DA74AC2       1       0       0       0       0   181CD    3039       0       0
  249999971                    29                    29             2.7138311E-05         1.0000000E+30                 0       
 NEXT SEEDS: DA74AC6       1       0       0       0       0   181CD    3039       0       0
  249999972                    28                    28             2.7138311E-05         1.0000000E+30                 0       
 NEXT SEEDS: DA74AD7       1       0       0       0       0   181CD    3039       0       0
  249999973                    27                    27             2.7138313E-05         1.0000000E+30                 0       
 NEXT SEEDS: DA74ADB       1       0       0       0       0   181CD    3039       0       0
  249999974                    26                    26             2.7138313E-05         1.0000000E+30                 0       
 NEXT SEEDS: DA74ADF       1       0       0       0       0   181CD    3039       0       0
  249999975                    25                    25             2.7138313E-05         1.0000000E+30                 0       
 NEXT SEEDS: DA74AE3       1       0       0       0       0   181CD    3039       0       0
  249999976                    24                    24             2.7138315E-05         1.0000000E+30                 0       
 NEXT SEEDS: DA74AE7       1       0       0       0       0   181CD    3039       0       0
  249999977                    23                    23             2.7138314E-05         1.0000000E+30                 0       
 NEXT SEEDS: DA74AEB       1       0       0       0       0   181CD    3039       0       0
  249999978                    22                    22             2.7138316E-05         1.0000000E+30                 0       
 NEXT SEEDS: DA74AF1       1       0       0       0       0   181CD    3039       0       0
  249999979                    21                    21             2.7138316E-05         1.0000000E+30                 0       
 NEXT SEEDS: DA74AF5       1       0       0       0       0   181CD    3039       0       0
  249999980                    20                    20             2.7138316E-05         1.0000000E+30                 0       
 NEXT SEEDS: DA74AF9       1       0       0       0       0   181CD    3039       0       0
  249999981                    19                    19             2.7138318E-05         1.0000000E+30                 0       
 NEXT SEEDS: DA74AFD       1       0       0       0       0   181CD    3039       0       0
  249999982                    18                    18             2.7138318E-05         1.0000000E+30                 0       
 NEXT SEEDS: DA74B01       1       0       0       0       0   181CD    3039       0       0
  249999983                    17                    17             2.7138318E-05         1.0000000E+30                 0       
 NEXT SEEDS: DA74B05       1       0       0       0       0   181CD    3039       0       0
  249999984                    16                    16             2.7138320E-05         1.0000000E+30                 0       
 NEXT SEEDS: DA74B19       1       0       0       0       0   181CD    3039       0       0
  249999985                    15                    15             2.7138319E-05         1.0000000E+30                 0       
 NEXT SEEDS: DA74B1D       1       0       0       0       0   181CD    3039       0       0
  249999986                    14                    14             2.7138319E-05         1.0000000E+30                 0       
 NEXT SEEDS: DA74B21       1       0       0       0       0   181CD    3039       0       0
  249999987                    13                    13             2.7138319E-05         1.0000000E+30                 0       
 NEXT SEEDS: DA74B25       1       0       0       0       0   181CD    3039       0       0
  249999988                    12                    12             2.7138319E-05         1.0000000E+30                 0       
 NEXT SEEDS: DA74B29       1       0       0       0       0   181CD    3039       0       0
  249999989                    11                    11             2.7138319E-05         1.0000000E+30                 0       
 NEXT SEEDS: DA74B2D       1       0       0       0       0   181CD    3039       0       0
  249999990                    10                    10             2.7138319E-05         1.0000000E+30                 0       
 NEXT SEEDS: DA74B31       1       0       0       0       0   181CD    3039       0       0
  249999991                     9                     9             2.7138319E-05         1.0000000E+30                 0       
 NEXT SEEDS: DA74B43       1       0       0       0       0   181CD    3039       0       0
  249999992                     8                     8             2.7138319E-05         1.0000000E+30                 0       
 NEXT SEEDS: DA74B47       1       0       0       0       0   181CD    3039       0       0
  249999993                     7                     7             2.7138319E-05         1.0000000E+30                 0       
 NEXT SEEDS: DA74B4B       1       0       0       0       0   181CD    3039       0       0
  249999994                     6                     6             2.7138318E-05         1.0000000E+30                 0       
 NEXT SEEDS: DA74B4F       1       0       0       0       0   181CD    3039       0       0
  249999995                     5                     5             2.7138318E-05         1.0000000E+30                 0       
 NEXT SEEDS: DA74B53       1       0       0       0       0   181CD    3039       0       0
  249999996                     4                     4             2.7138318E-05         1.0000000E+30                 0       
 NEXT SEEDS: DA74B57       1       0       0       0       0   181CD    3039       0       0
  249999997                     3                     3             2.7138318E-05         1.0000000E+30                 0       
 NEXT SEEDS: DA74B5D       1       0       0       0       0   181CD    3039       0       0
  249999998                     2                     2             2.7138318E-05         1.0000000E+30                 0       
 NEXT SEEDS: DA74B61       1       0       0       0       0   181CD    3039       0       0
  249999999                     1                     1             2.7138318E-05         1.0000000E+30                 0       
 NEXT SEEDS: DA74B65       1       0       0       0       0   181CD    3039       0       0
  250000000                     0                     1             2.7138318E-05         1.0000000E+30                 0       
 NEXT SEEDS: DA74B69       1       0       0       0       0   181CD    3039       0       0
