1NUMBER OF BEAM       NUMBER OF BEAM        APPROXIMATE NUMBER    AVERAGE TIME USED     TIME LEFT (RESERVED   NUMBER OF STARS
 PARTICLES HANDLED    PARTICLES LEFT        OF BEAM PARTICLES     BY A BEAM PARTICLE     10000.0 SECONDS      CREATED
                                            THAT CAN STILL BE                           FOR PRINTOUT)
                                            HANDLED

 NEXT SEEDS:       0       0       0       0       0       0   181CD    3039       0       0
          1             249999999             249999999             7.7009201E-05         1.0000000E+30                 0       
 NEXT SEEDS:       4       0       0       0       0       0   181CD    3039       0       0
    5000000             245000000             245000000             2.7174350E-05         1.0000000E+30                 0       
 NEXT SEEDS: 176F4BD       0       0       0       0       0   181CD    3039       0       0
   10000000             240000000             240000000             2.7175679E-05         1.0000000E+30                 0       
 NEXT SEEDS: 2EE1562       0       0       0       0       0   181CD    3039       0       0
   15000000             235000000             235000000             2.7188518E-05         1.0000000E+30                 0       
 NEXT SEEDS: 4653F37       0       0       0       0       0   181CD    3039       0       0
   20000000             230000000             230000000             2.7167455E-05         1.0000000E+30                 0       
 NEXT SEEDS: 5DC7F84       0       0       0       0       0   181CD    3039       0       0
   25000000             225000000             225000000             2.7167861E-05         1.0000000E+30                 0       
 NEXT SEEDS: 753B1EE       0       0       0       0       0   181CD    3039       0       0
   30000000             220000000             220000000             2.7167637E-05         1.0000000E+30                 0       
 NEXT SEEDS: 8CAE328       0       0       0       0       0   181CD    3039       0       0
   35000000             215000000             215000000             2.7165495E-05         1.0000000E+30                 0       
 NEXT SEEDS: A41F37F       0       0       0       0       0   181CD    3039       0       0
   40000000             210000000             210000000             2.7172554E-05         1.0000000E+30                 0       
 NEXT SEEDS: BB9059A       0       0       0       0       0   181CD    3039       0       0
   45000000             205000000             205000000             2.7170777E-05         1.0000000E+30                 0       
 NEXT SEEDS: D304ADE       0       0       0       0       0   181CD    3039       0       0
   50000000             200000000             200000000             2.7174190E-05         1.0000000E+30                 0       
 NEXT SEEDS: EA747B3       0       0       0       0       0   181CD    3039       0       0
   55000000             195000000             195000000             2.7171507E-05         1.0000000E+30                 0       
 NEXT SEEDS:101E454C       0       0       0       0       0   181CD    3039       0       0
   60000000             190000000             190000000             2.7173054E-05         1.0000000E+30                 0       
 NEXT SEEDS:11954041       0       0       0       0       0   181CD    3039       0       0
   65000000             185000000             185000000             2.7173957E-05         1.0000000E+30                 0       
 NEXT SEEDS:130C0879       0       0       0       0       0   181CD    3039       0       0
   70000000             180000000             180000000             2.7197364E-05         1.0000000E+30                 0       
 NEXT SEEDS:148309F9       0       0       0       0       0   181CD    3039       0       0
   75000000             175000000             175000000             2.7218285E-05         1.0000000E+30                 0       
 NEXT SEEDS:15FA11BE       0       0       0       0       0   181CD    3039       0       0
   80000000             170000000             170000000             2.7219297E-05         1.0000000E+30                 0       
 NEXT SEEDS:17714676       0       0       0       0       0   181CD    3039       0       0
  *** Emfgeo: Ncoun  2000000000
   85000000             165000000             165000000             2.7215732E-05         1.0000000E+30                 0       
 NEXT SEEDS:18E835EE       0       0       0       0       0   181CD    3039       0       0
   90000000             160000000             160000000             2.7216521E-05         1.0000000E+30                 0       
 NEXT SEEDS:1A5F74E8       0       0       0       0       0   181CD    3039       0       0
   95000000             155000000             155000000             2.7217540E-05         1.0000000E+30                 0       
 NEXT SEEDS:1BD6825C       0       0       0       0       0   181CD    3039       0       0
  100000000             150000000             150000000             2.7213484E-05         1.0000000E+30                 0       
 NEXT SEEDS:1D4DD9B6       0       0       0       0       0   181CD    3039       0       0
  105000000             145000000             145000000             2.7210292E-05         1.0000000E+30                 0       
 NEXT SEEDS:1EC4D5E1       0       0       0       0       0   181CD    3039       0       0
  110000000             140000000             140000000             2.7205560E-05         1.0000000E+30                 0       
 NEXT SEEDS:203BFAC5       0       0       0       0       0   181CD    3039       0       0
  115000000             135000000             135000000             2.7203355E-05         1.0000000E+30                 0       
 NEXT SEEDS:21B31A04       0       0       0       0       0   181CD    3039       0       0
  120000000             130000000             130000000             2.7199303E-05         1.0000000E+30                 0       
 NEXT SEEDS:2329F2A9       0       0       0       0       0   181CD    3039       0       0
  125000000             125000000             125000000             2.7194875E-05         1.0000000E+30                 0       
 NEXT SEEDS:24A0DE00       0       0       0       0       0   181CD    3039       0       0
  130000000             120000000             120000000             2.7195820E-05         1.0000000E+30                 0       
 NEXT SEEDS:2617F281       0       0       0       0       0   181CD    3039       0       0
  135000000             115000000             115000000             2.7194530E-05         1.0000000E+30                 0       
 NEXT SEEDS:278F1B46       0       0       0       0       0   181CD    3039       0       0
  140000000             110000000             110000000             2.7195315E-05         1.0000000E+30                 0       
 NEXT SEEDS:2905FCBB       0       0       0       0       0   181CD    3039       0       0
  145000000             105000000             105000000             2.7193542E-05         1.0000000E+30                 0       
 NEXT SEEDS:2A7D1AF0       0       0       0       0       0   181CD    3039       0       0
  150000000             100000000             100000000             2.7193042E-05         1.0000000E+30                 0       
 NEXT SEEDS:2BF45566       0       0       0       0       0   181CD    3039       0       0
  155000000              95000000              95000000             2.7192467E-05         1.0000000E+30                 0       
 NEXT SEEDS:2D6B59E0       0       0       0       0       0   181CD    3039       0       0
  160000000              90000000              90000000             2.7190856E-05         1.0000000E+30                 0       
 NEXT SEEDS:2EE25065       0       0       0       0       0   181CD    3039       0       0
  *** Emfgeo: Ncoun  2000000000
  165000000              85000000              85000000             2.7191014E-05         1.0000000E+30                 0       
 NEXT SEEDS:3059A540       0       0       0       0       0   181CD    3039       0       0
  170000000              80000000              80000000             2.7190371E-05         1.0000000E+30                 0       
 NEXT SEEDS:31D07C86       0       0       0       0       0   181CD    3039       0       0
  175000000              75000000              75000000             2.7187223E-05         1.0000000E+30                 0       
 NEXT SEEDS:3347C22A       0       0       0       0       0   181CD    3039       0       0
  180000000              70000000              70000000             2.7187412E-05         1.0000000E+30                 0       
 NEXT SEEDS:34BEE55A       0       0       0       0       0   181CD    3039       0       0
  185000000              65000000              65000000             2.7190389E-05         1.0000000E+30                 0       
 NEXT SEEDS:36360C09       0       0       0       0       0   181CD    3039       0       0
  190000000              60000000              60000000             2.7189956E-05         1.0000000E+30                 0       
 NEXT SEEDS:37AD7E52       0       0       0       0       0   181CD    3039       0       0
  195000000              55000000              55000000             2.7190509E-05         1.0000000E+30                 0       
 NEXT SEEDS:3924CB16       0       0       0       0       0   181CD    3039       0       0
  200000000              50000000              50000000             2.7189215E-05         1.0000000E+30                 0       
 NEXT SEEDS:3A9BFF9D       0       0       0       0       0   181CD    3039       0       0
  205000000              45000000              45000000             2.7189597E-05         1.0000000E+30                 0       
 NEXT SEEDS:  7822AF       1       0       0       0       0   181CD    3039       0       0
  210000000              40000000              40000000             2.7189541E-05         1.0000000E+30                 0       
 NEXT SEEDS: 1EF7F13       1       0       0       0       0   181CD    3039       0       0
  215000000              35000000              35000000             2.7190036E-05         1.0000000E+30                 0       
 NEXT SEEDS: 3665ECE       1       0       0       0       0   181CD    3039       0       0
  220000000              30000000              30000000             2.7190007E-05         1.0000000E+30                 0       
 NEXT SEEDS: 4DD9424       1       0       0       0       0   181CD    3039       0       0
  225000000              25000000              25000000             2.7189049E-05         1.0000000E+30                 0       
 NEXT SEEDS: 6549170       1       0       0       0       0   181CD    3039       0       0
  230000000              20000000              20000000             2.7187618E-05         1.0000000E+30                 0       
 NEXT SEEDS: 7CBB942       1       0       0       0       0   181CD    3039       0       0
  235000000              15000000              15000000             2.7188081E-05         1.0000000E+30                 0       
 NEXT SEEDS: 942D404       1       0       0       0       0   181CD    3039       0       0
  240000000              10000000              10000000             2.7187292E-05         1.0000000E+30                 0       
 NEXT SEEDS: AB9D6F7       1       0       0       0       0   181CD    3039       0       0
  *** Emfgeo: Ncoun  2000000000
  245000000               5000000               5000000             2.7186110E-05         1.0000000E+30                 0       
 NEXT SEEDS: C30A504       1       0       0       0       0   181CD    3039       0       0
  249999950                    50                    50             2.7185093E-05         1.0000000E+30                 0       
 NEXT SEEDS: DA7A51B       1       0       0       0       0   181CD    3039       0       0
  249999951                    49                    49             2.7185094E-05         1.0000000E+30                 0       
 NEXT SEEDS: DA7A51F       1       0       0       0       0   181CD    3039       0       0
  249999952                    48                    48             2.7185094E-05         1.0000000E+30                 0       
 NEXT SEEDS: DA7A523       1       0       0       0       0   181CD    3039       0       0
  249999953                    47                    47             2.7185096E-05         1.0000000E+30                 0       
 NEXT SEEDS: DA7A527       1       0       0       0       0   181CD    3039       0       0
  249999954                    46                    46             2.7185096E-05         1.0000000E+30                 0       
 NEXT SEEDS: DA7A52B       1       0       0       0       0   181CD    3039       0       0
  249999955                    45                    45             2.7185098E-05         1.0000000E+30                 0       
 NEXT SEEDS: DA7A52F       1       0       0       0       0   181CD    3039       0       0
  249999956                    44                    44             2.7185098E-05         1.0000000E+30                 0       
 NEXT SEEDS: DA7A533       1       0       0       0       0   181CD    3039       0       0
  249999957                    43                    43             2.7185100E-05         1.0000000E+30                 0       
 NEXT SEEDS: DA7A539       1       0       0       0       0   181CD    3039       0       0
  249999958                    42                    42             2.7185099E-05         1.0000000E+30                 0       
 NEXT SEEDS: DA7A53D       1       0       0       0       0   181CD    3039       0       0
  249999959                    41                    41             2.7185099E-05         1.0000000E+30                 0       
 NEXT SEEDS: DA7A541       1       0       0       0       0   181CD    3039       0       0
  249999960                    40                    40             2.7185101E-05         1.0000000E+30                 0       
 NEXT SEEDS: DA7A545       1       0       0       0       0   181CD    3039       0       0
  249999961                    39                    39             2.7185101E-05         1.0000000E+30                 0       
 NEXT SEEDS: DA7A549       1       0       0       0       0   181CD    3039       0       0
  249999962                    38                    38             2.7185101E-05         1.0000000E+30                 0       
 NEXT SEEDS: DA7A54D       1       0       0       0       0   181CD    3039       0       0
  249999963                    37                    37             2.7185101E-05         1.0000000E+30                 0       
 NEXT SEEDS: DA7A551       1       0       0       0       0   181CD    3039       0       0
  249999964                    36                    36             2.7185101E-05         1.0000000E+30                 0       
 NEXT SEEDS: DA7A555       1       0       0       0       0   181CD    3039       0       0
  249999965                    35                    35             2.7185101E-05         1.0000000E+30                 0       
 NEXT SEEDS: DA7A559       1       0       0       0       0   181CD    3039       0       0
  249999966                    34                    34             2.7185101E-05         1.0000000E+30                 0       
 NEXT SEEDS: DA7A55F       1       0       0       0       0   181CD    3039       0       0
  249999967                    33                    33             2.7185102E-05         1.0000000E+30                 0       
 NEXT SEEDS: DA7A563       1       0       0       0       0   181CD    3039       0       0
  249999968                    32                    32             2.7185102E-05         1.0000000E+30                 0       
 NEXT SEEDS: DA7A567       1       0       0       0       0   181CD    3039       0       0
  249999969                    31                    31             2.7185102E-05         1.0000000E+30                 0       
 NEXT SEEDS: DA7A56B       1       0       0       0       0   181CD    3039       0       0
  249999970                    30                    30             2.7185104E-05         1.0000000E+30                 0       
 NEXT SEEDS: DA7A575       1       0       0       0       0   181CD    3039       0       0
  249999971                    29                    29             2.7185104E-05         1.0000000E+30                 0       
 NEXT SEEDS: DA7A579       1       0       0       0       0   181CD    3039       0       0
  249999972                    28                    28             2.7185104E-05         1.0000000E+30                 0       
 NEXT SEEDS: DA7A57D       1       0       0       0       0   181CD    3039       0       0
  249999973                    27                    27             2.7185104E-05         1.0000000E+30                 0       
 NEXT SEEDS: DA7A581       1       0       0       0       0   181CD    3039       0       0
  249999974                    26                    26             2.7185104E-05         1.0000000E+30                 0       
 NEXT SEEDS: DA7A585       1       0       0       0       0   181CD    3039       0       0
  249999975                    25                    25             2.7185103E-05         1.0000000E+30                 0       
 NEXT SEEDS: DA7A589       1       0       0       0       0   181CD    3039       0       0
  249999976                    24                    24             2.7185103E-05         1.0000000E+30                 0       
 NEXT SEEDS: DA7A58D       1       0       0       0       0   181CD    3039       0       0
  249999977                    23                    23             2.7185103E-05         1.0000000E+30                 0       
 NEXT SEEDS: DA7A591       1       0       0       0       0   181CD    3039       0       0
  249999978                    22                    22             2.7185103E-05         1.0000000E+30                 0       
 NEXT SEEDS: DA7A595       1       0       0       0       0   181CD    3039       0       0
  249999979                    21                    21             2.7185103E-05         1.0000000E+30                 0       
 NEXT SEEDS: DA7A599       1       0       0       0       0   181CD    3039       0       0
  249999980                    20                    20             2.7185103E-05         1.0000000E+30                 0       
 NEXT SEEDS: DA7A59D       1       0       0       0       0   181CD    3039       0       0
  249999981                    19                    19             2.7185105E-05         1.0000000E+30                 0       
 NEXT SEEDS: DA7A5A1       1       0       0       0       0   181CD    3039       0       0
  249999982                    18                    18             2.7185105E-05         1.0000000E+30                 0       
 NEXT SEEDS: DA7A5A5       1       0       0       0       0   181CD    3039       0       0
  249999983                    17                    17             2.7185105E-05         1.0000000E+30                 0       
 NEXT SEEDS: DA7A5A9       1       0       0       0       0   181CD    3039       0       0
  249999984                    16                    16             2.7185106E-05         1.0000000E+30                 0       
 NEXT SEEDS: DA7A5AF       1       0       0       0       0   181CD    3039       0       0
  249999985                    15                    15             2.7185106E-05         1.0000000E+30                 0       
 NEXT SEEDS: DA7A5B5       1       0       0       0       0   181CD    3039       0       0
  249999986                    14                    14             2.7185108E-05         1.0000000E+30                 0       
 NEXT SEEDS: DA7A5B9       1       0       0       0       0   181CD    3039       0       0
  249999987                    13                    13             2.7185108E-05         1.0000000E+30                 0       
 NEXT SEEDS: DA7A5BD       1       0       0       0       0   181CD    3039       0       0
  249999988                    12                    12             2.7185110E-05         1.0000000E+30                 0       
 NEXT SEEDS: DA7A5C1       1       0       0       0       0   181CD    3039       0       0
  249999989                    11                    11             2.7185112E-05         1.0000000E+30                 0       
 NEXT SEEDS: DA7A5D5       1       0       0       0       0   181CD    3039       0       0
  249999990                    10                    10             2.7185112E-05         1.0000000E+30                 0       
 NEXT SEEDS: DA7A5D9       1       0       0       0       0   181CD    3039       0       0
  249999991                     9                     9             2.7185112E-05         1.0000000E+30                 0       
 NEXT SEEDS: DA7A5DF       1       0       0       0       0   181CD    3039       0       0
  249999992                     8                     8             2.7185113E-05         1.0000000E+30                 0       
 NEXT SEEDS: DA7A5E3       1       0       0       0       0   181CD    3039       0       0
  249999993                     7                     7             2.7185113E-05         1.0000000E+30                 0       
 NEXT SEEDS: DA7A5E7       1       0       0       0       0   181CD    3039       0       0
  249999994                     6                     6             2.7185113E-05         1.0000000E+30                 0       
 NEXT SEEDS: DA7A5EB       1       0       0       0       0   181CD    3039       0       0
  249999995                     5                     5             2.7185115E-05         1.0000000E+30                 0       
 NEXT SEEDS: DA7A5EF       1       0       0       0       0   181CD    3039       0       0
  249999996                     4                     4             2.7185115E-05         1.0000000E+30                 0       
 NEXT SEEDS: DA7A5F3       1       0       0       0       0   181CD    3039       0       0
  249999997                     3                     3             2.7185117E-05         1.0000000E+30                 0       
 NEXT SEEDS: DA7A5F7       1       0       0       0       0   181CD    3039       0       0
  249999998                     2                     2             2.7185119E-05         1.0000000E+30                 0       
 NEXT SEEDS: DA7A5FB       1       0       0       0       0   181CD    3039       0       0
  249999999                     1                     1             2.7185118E-05         1.0000000E+30                 0       
 NEXT SEEDS: DA7A5FF       1       0       0       0       0   181CD    3039       0       0
  250000000                     0                     1             2.7185120E-05         1.0000000E+30                 0       
 NEXT SEEDS: DA7A605       1       0       0       0       0   181CD    3039       0       0
