1NUMBER OF BEAM       NUMBER OF BEAM        APPROXIMATE NUMBER    AVERAGE TIME USED     TIME LEFT (RESERVED   NUMBER OF STARS
 PARTICLES HANDLED    PARTICLES LEFT        OF BEAM PARTICLES     BY A BEAM PARTICLE     10000.0 SECONDS      CREATED
                                            THAT CAN STILL BE                           FOR PRINTOUT)
                                            HANDLED

 NEXT SEEDS:       0       0       0       0       0       0   181CD    3039       0       0
          1             249999999             249999999             7.5101852E-05         1.0000000E+30                 0       
 NEXT SEEDS:       4       0       0       0       0       0   181CD    3039       0       0
    5000000             245000000             245000000             2.7271629E-05         1.0000000E+30                 0       
 NEXT SEEDS: 176F763       0       0       0       0       0   181CD    3039       0       0
   10000000             240000000             240000000             2.7215668E-05         1.0000000E+30                 0       
 NEXT SEEDS: 2EE048C       0       0       0       0       0   181CD    3039       0       0
   15000000             235000000             235000000             2.7246346E-05         1.0000000E+30                 0       
 NEXT SEEDS: 4655277       0       0       0       0       0   181CD    3039       0       0
   20000000             230000000             230000000             2.7240650E-05         1.0000000E+30                 0       
 NEXT SEEDS: 5DC6DB0       0       0       0       0       0   181CD    3039       0       0
   25000000             225000000             225000000             2.7254546E-05         1.0000000E+30                 0       
 NEXT SEEDS: 75382AB       0       0       0       0       0   181CD    3039       0       0
   30000000             220000000             220000000             2.7249288E-05         1.0000000E+30                 0       
 NEXT SEEDS: 8CAD4AC       0       0       0       0       0   181CD    3039       0       0
   35000000             215000000             215000000             2.7254593E-05         1.0000000E+30                 0       
 NEXT SEEDS: A41D506       0       0       0       0       0   181CD    3039       0       0
   40000000             210000000             210000000             2.7258139E-05         1.0000000E+30                 0       
 NEXT SEEDS: BB90D88       0       0       0       0       0   181CD    3039       0       0
   45000000             205000000             205000000             2.7266626E-05         1.0000000E+30                 0       
 NEXT SEEDS: D3024E3       0       0       0       0       0   181CD    3039       0       0
   50000000             200000000             200000000             2.7270484E-05         1.0000000E+30                 0       
 NEXT SEEDS: EA74D64       0       0       0       0       0   181CD    3039       0       0
   55000000             195000000             195000000             2.7265337E-05         1.0000000E+30                 0       
 NEXT SEEDS:101E73B1       0       0       0       0       0   181CD    3039       0       0
   60000000             190000000             190000000             2.7264494E-05         1.0000000E+30                 0       
 NEXT SEEDS:1195AEE0       0       0       0       0       0   181CD    3039       0       0
   65000000             185000000             185000000             2.7269774E-05         1.0000000E+30                 0       
 NEXT SEEDS:130CA609       0       0       0       0       0   181CD    3039       0       0
   70000000             180000000             180000000             2.7265878E-05         1.0000000E+30                 0       
 NEXT SEEDS:1483A51D       0       0       0       0       0   181CD    3039       0       0
   75000000             175000000             175000000             2.7261888E-05         1.0000000E+30                 0       
 NEXT SEEDS:15FAD77C       0       0       0       0       0   181CD    3039       0       0
   80000000             170000000             170000000             2.7262358E-05         1.0000000E+30                 0       
 NEXT SEEDS:17720BE3       0       0       0       0       0   181CD    3039       0       0
  *** Emfgeo: Ncoun  2000000000
   85000000             165000000             165000000             2.7259445E-05         1.0000000E+30                 0       
 NEXT SEEDS:18E92E78       0       0       0       0       0   181CD    3039       0       0
   90000000             160000000             160000000             2.7252861E-05         1.0000000E+30                 0       
 NEXT SEEDS:1A604173       0       0       0       0       0   181CD    3039       0       0
   95000000             155000000             155000000             2.7253029E-05         1.0000000E+30                 0       
 NEXT SEEDS:1BD78632       0       0       0       0       0   181CD    3039       0       0
  100000000             150000000             150000000             2.7256688E-05         1.0000000E+30                 0       
 NEXT SEEDS:1D4EA5EC       0       0       0       0       0   181CD    3039       0       0
  105000000             145000000             145000000             2.7262136E-05         1.0000000E+30                 0       
 NEXT SEEDS:1EC608A7       0       0       0       0       0   181CD    3039       0       0
  110000000             140000000             140000000             2.7259864E-05         1.0000000E+30                 0       
 NEXT SEEDS:203D36E8       0       0       0       0       0   181CD    3039       0       0
  115000000             135000000             135000000             2.7259005E-05         1.0000000E+30                 0       
 NEXT SEEDS:21B4422F       0       0       0       0       0   181CD    3039       0       0
  120000000             130000000             130000000             2.7256660E-05         1.0000000E+30                 0       
 NEXT SEEDS:232B0D9E       0       0       0       0       0   181CD    3039       0       0
  125000000             125000000             125000000             2.7254630E-05         1.0000000E+30                 0       
 NEXT SEEDS:24A21958       0       0       0       0       0   181CD    3039       0       0
  130000000             120000000             120000000             2.7253133E-05         1.0000000E+30                 0       
 NEXT SEEDS:26196144       0       0       0       0       0   181CD    3039       0       0
  135000000             115000000             115000000             2.7251440E-05         1.0000000E+30                 0       
 NEXT SEEDS:27907381       0       0       0       0       0   181CD    3039       0       0
  140000000             110000000             110000000             2.7248142E-05         1.0000000E+30                 0       
 NEXT SEEDS:29078B10       0       0       0       0       0   181CD    3039       0       0
  145000000             105000000             105000000             2.7245948E-05         1.0000000E+30                 0       
 NEXT SEEDS:2A7E6538       0       0       0       0       0   181CD    3039       0       0
  150000000             100000000             100000000             2.7240621E-05         1.0000000E+30                 0       
 NEXT SEEDS:2BF5B01B       0       0       0       0       0   181CD    3039       0       0
  155000000              95000000              95000000             2.7246011E-05         1.0000000E+30                 0       
 NEXT SEEDS:2D6CC624       0       0       0       0       0   181CD    3039       0       0
  160000000              90000000              90000000             2.7247976E-05         1.0000000E+30                 0       
 NEXT SEEDS:2EE3EA47       0       0       0       0       0   181CD    3039       0       0
  *** Emfgeo: Ncoun  2000000000
  165000000              85000000              85000000             2.7250301E-05         1.0000000E+30                 0       
 NEXT SEEDS:305B061A       0       0       0       0       0   181CD    3039       0       0
  170000000              80000000              80000000             2.7248454E-05         1.0000000E+30                 0       
 NEXT SEEDS:31D2193C       0       0       0       0       0   181CD    3039       0       0
  175000000              75000000              75000000             2.7246001E-05         1.0000000E+30                 0       
 NEXT SEEDS:33491BFD       0       0       0       0       0   181CD    3039       0       0
  180000000              70000000              70000000             2.7246302E-05         1.0000000E+30                 0       
 NEXT SEEDS:34C00760       0       0       0       0       0   181CD    3039       0       0
  185000000              65000000              65000000             2.7248601E-05         1.0000000E+30                 0       
 NEXT SEEDS:3636F84C       0       0       0       0       0   181CD    3039       0       0
  190000000              60000000              60000000             2.7243832E-05         1.0000000E+30                 0       
 NEXT SEEDS:37AE4EFB       0       0       0       0       0   181CD    3039       0       0
  195000000              55000000              55000000             2.7238478E-05         1.0000000E+30                 0       
 NEXT SEEDS:3925406B       0       0       0       0       0   181CD    3039       0       0
  200000000              50000000              50000000             2.7236496E-05         1.0000000E+30                 0       
 NEXT SEEDS:3A9C5FBD       0       0       0       0       0   181CD    3039       0       0
  205000000              45000000              45000000             2.7236089E-05         1.0000000E+30                 0       
 NEXT SEEDS:  78E3D2       1       0       0       0       0   181CD    3039       0       0
  210000000              40000000              40000000             2.7235388E-05         1.0000000E+30                 0       
 NEXT SEEDS: 1F04D1E       1       0       0       0       0   181CD    3039       0       0
  215000000              35000000              35000000             2.7234000E-05         1.0000000E+30                 0       
 NEXT SEEDS: 366D15E       1       0       0       0       0   181CD    3039       0       0
  220000000              30000000              30000000             2.7234268E-05         1.0000000E+30                 0       
 NEXT SEEDS: 4DDC466       1       0       0       0       0   181CD    3039       0       0
  225000000              25000000              25000000             2.7234064E-05         1.0000000E+30                 0       
 NEXT SEEDS: 654F144       1       0       0       0       0   181CD    3039       0       0
  230000000              20000000              20000000             2.7233583E-05         1.0000000E+30                 0       
 NEXT SEEDS: 7CC13A6       1       0       0       0       0   181CD    3039       0       0
  235000000              15000000              15000000             2.7233365E-05         1.0000000E+30                 0       
 NEXT SEEDS: 9432306       1       0       0       0       0   181CD    3039       0       0
  240000000              10000000              10000000             2.7230769E-05         1.0000000E+30                 0       
 NEXT SEEDS: ABA089C       1       0       0       0       0   181CD    3039       0       0
  *** Emfgeo: Ncoun  2000000000
  245000000               5000000               5000000             2.7227208E-05         1.0000000E+30                 0       
 NEXT SEEDS: C3141E2       1       0       0       0       0   181CD    3039       0       0
  249999950                    50                    50             2.7226042E-05         1.0000000E+30                 0       
 NEXT SEEDS: DA86670       1       0       0       0       0   181CD    3039       0       0
  249999951                    49                    49             2.7226044E-05         1.0000000E+30                 0       
 NEXT SEEDS: DA86674       1       0       0       0       0   181CD    3039       0       0
  249999952                    48                    48             2.7226044E-05         1.0000000E+30                 0       
 NEXT SEEDS: DA86678       1       0       0       0       0   181CD    3039       0       0
  249999953                    47                    47             2.7226046E-05         1.0000000E+30                 0       
 NEXT SEEDS: DA8667C       1       0       0       0       0   181CD    3039       0       0
  249999954                    46                    46             2.7226046E-05         1.0000000E+30                 0       
 NEXT SEEDS: DA86680       1       0       0       0       0   181CD    3039       0       0
  249999955                    45                    45             2.7226045E-05         1.0000000E+30                 0       
 NEXT SEEDS: DA86684       1       0       0       0       0   181CD    3039       0       0
  249999956                    44                    44             2.7226047E-05         1.0000000E+30                 0       
 NEXT SEEDS: DA86688       1       0       0       0       0   181CD    3039       0       0
  249999957                    43                    43             2.7226047E-05         1.0000000E+30                 0       
 NEXT SEEDS: DA866A4       1       0       0       0       0   181CD    3039       0       0
  249999958                    42                    42             2.7226047E-05         1.0000000E+30                 0       
 NEXT SEEDS: DA866A8       1       0       0       0       0   181CD    3039       0       0
  249999959                    41                    41             2.7226047E-05         1.0000000E+30                 0       
 NEXT SEEDS: DA866AC       1       0       0       0       0   181CD    3039       0       0
  249999960                    40                    40             2.7226047E-05         1.0000000E+30                 0       
 NEXT SEEDS: DA866B0       1       0       0       0       0   181CD    3039       0       0
  249999961                    39                    39             2.7226047E-05         1.0000000E+30                 0       
 NEXT SEEDS: DA866B4       1       0       0       0       0   181CD    3039       0       0
  249999962                    38                    38             2.7226047E-05         1.0000000E+30                 0       
 NEXT SEEDS: DA866B8       1       0       0       0       0   181CD    3039       0       0
  249999963                    37                    37             2.7226047E-05         1.0000000E+30                 0       
 NEXT SEEDS: DA866BC       1       0       0       0       0   181CD    3039       0       0
  249999964                    36                    36             2.7226046E-05         1.0000000E+30                 0       
 NEXT SEEDS: DA866C0       1       0       0       0       0   181CD    3039       0       0
  249999965                    35                    35             2.7226048E-05         1.0000000E+30                 0       
 NEXT SEEDS: DA866C4       1       0       0       0       0   181CD    3039       0       0
  249999966                    34                    34             2.7226048E-05         1.0000000E+30                 0       
 NEXT SEEDS: DA866C8       1       0       0       0       0   181CD    3039       0       0
  249999967                    33                    33             2.7226048E-05         1.0000000E+30                 0       
 NEXT SEEDS: DA866CC       1       0       0       0       0   181CD    3039       0       0
  249999968                    32                    32             2.7226050E-05         1.0000000E+30                 0       
 NEXT SEEDS: DA866D0       1       0       0       0       0   181CD    3039       0       0
  249999969                    31                    31             2.7226050E-05         1.0000000E+30                 0       
 NEXT SEEDS: DA866D4       1       0       0       0       0   181CD    3039       0       0
  249999970                    30                    30             2.7226050E-05         1.0000000E+30                 0       
 NEXT SEEDS: DA866D8       1       0       0       0       0   181CD    3039       0       0
  249999971                    29                    29             2.7226050E-05         1.0000000E+30                 0       
 NEXT SEEDS: DA866DC       1       0       0       0       0   181CD    3039       0       0
  249999972                    28                    28             2.7226049E-05         1.0000000E+30                 0       
 NEXT SEEDS: DA866E0       1       0       0       0       0   181CD    3039       0       0
  249999973                    27                    27             2.7226049E-05         1.0000000E+30                 0       
 NEXT SEEDS: DA866E4       1       0       0       0       0   181CD    3039       0       0
  249999974                    26                    26             2.7226049E-05         1.0000000E+30                 0       
 NEXT SEEDS: DA866E8       1       0       0       0       0   181CD    3039       0       0
  249999975                    25                    25             2.7226049E-05         1.0000000E+30                 0       
 NEXT SEEDS: DA866EC       1       0       0       0       0   181CD    3039       0       0
  249999976                    24                    24             2.7226049E-05         1.0000000E+30                 0       
 NEXT SEEDS: DA866F0       1       0       0       0       0   181CD    3039       0       0
  249999977                    23                    23             2.7226049E-05         1.0000000E+30                 0       
 NEXT SEEDS: DA866F6       1       0       0       0       0   181CD    3039       0       0
  249999978                    22                    22             2.7226049E-05         1.0000000E+30                 0       
 NEXT SEEDS: DA866FA       1       0       0       0       0   181CD    3039       0       0
  249999979                    21                    21             2.7226049E-05         1.0000000E+30                 0       
 NEXT SEEDS: DA866FE       1       0       0       0       0   181CD    3039       0       0
  249999980                    20                    20             2.7226049E-05         1.0000000E+30                 0       
 NEXT SEEDS: DA86702       1       0       0       0       0   181CD    3039       0       0
  249999981                    19                    19             2.7226048E-05         1.0000000E+30                 0       
 NEXT SEEDS: DA86706       1       0       0       0       0   181CD    3039       0       0
  249999982                    18                    18             2.7226050E-05         1.0000000E+30                 0       
 NEXT SEEDS: DA8670A       1       0       0       0       0   181CD    3039       0       0
  249999983                    17                    17             2.7226050E-05         1.0000000E+30                 0       
 NEXT SEEDS: DA8670E       1       0       0       0       0   181CD    3039       0       0
  249999984                    16                    16             2.7226050E-05         1.0000000E+30                 0       
 NEXT SEEDS: DA86712       1       0       0       0       0   181CD    3039       0       0
  249999985                    15                    15             2.7226050E-05         1.0000000E+30                 0       
 NEXT SEEDS: DA86716       1       0       0       0       0   181CD    3039       0       0
  249999986                    14                    14             2.7226050E-05         1.0000000E+30                 0       
 NEXT SEEDS: DA8671A       1       0       0       0       0   181CD    3039       0       0
  249999987                    13                    13             2.7226050E-05         1.0000000E+30                 0       
 NEXT SEEDS: DA8671E       1       0       0       0       0   181CD    3039       0       0
  249999988                    12                    12             2.7226050E-05         1.0000000E+30                 0       
 NEXT SEEDS: DA86732       1       0       0       0       0   181CD    3039       0       0
  249999989                    11                    11             2.7226050E-05         1.0000000E+30                 0       
 NEXT SEEDS: DA86736       1       0       0       0       0   181CD    3039       0       0
  249999990                    10                    10             2.7226049E-05         1.0000000E+30                 0       
 NEXT SEEDS: DA8673A       1       0       0       0       0   181CD    3039       0       0
  249999991                     9                     9             2.7226049E-05         1.0000000E+30                 0       
 NEXT SEEDS: DA8673E       1       0       0       0       0   181CD    3039       0       0
  249999992                     8                     8             2.7226049E-05         1.0000000E+30                 0       
 NEXT SEEDS: DA86752       1       0       0       0       0   181CD    3039       0       0
  249999993                     7                     7             2.7226049E-05         1.0000000E+30                 0       
 NEXT SEEDS: DA86756       1       0       0       0       0   181CD    3039       0       0
  249999994                     6                     6             2.7226049E-05         1.0000000E+30                 0       
 NEXT SEEDS: DA8675A       1       0       0       0       0   181CD    3039       0       0
  249999995                     5                     5             2.7226051E-05         1.0000000E+30                 0       
 NEXT SEEDS: DA86760       1       0       0       0       0   181CD    3039       0       0
  249999996                     4                     4             2.7226051E-05         1.0000000E+30                 0       
 NEXT SEEDS: DA86764       1       0       0       0       0   181CD    3039       0       0
  249999997                     3                     3             2.7226053E-05         1.0000000E+30                 0       
 NEXT SEEDS: DA86779       1       0       0       0       0   181CD    3039       0       0
  249999998                     2                     2             2.7226052E-05         1.0000000E+30                 0       
 NEXT SEEDS: DA8677D       1       0       0       0       0   181CD    3039       0       0
  249999999                     1                     1             2.7226052E-05         1.0000000E+30                 0       
 NEXT SEEDS: DA86781       1       0       0       0       0   181CD    3039       0       0
  250000000                     0                     1             2.7226054E-05         1.0000000E+30                 0       
 NEXT SEEDS: DA86785       1       0       0       0       0   181CD    3039       0       0
