1NUMBER OF BEAM       NUMBER OF BEAM        APPROXIMATE NUMBER    AVERAGE TIME USED     TIME LEFT (RESERVED   NUMBER OF STARS
 PARTICLES HANDLED    PARTICLES LEFT        OF BEAM PARTICLES     BY A BEAM PARTICLE     10000.0 SECONDS      CREATED
                                            THAT CAN STILL BE                           FOR PRINTOUT)
                                            HANDLED

 NEXT SEEDS:       0       0       0       0       0       0   181CD    3039       0       0
          1             249999999             249999999             7.7009201E-05         1.0000000E+30                 0       
 NEXT SEEDS:       4       0       0       0       0       0   181CD    3039       0       0
    5000000             245000000             245000000             2.7370896E-05         1.0000000E+30                 0       
 NEXT SEEDS: 17719B8       0       0       0       0       0   181CD    3039       0       0
   10000000             240000000             240000000             2.7283469E-05         1.0000000E+30                 0       
 NEXT SEEDS: 2EE2B34       0       0       0       0       0   181CD    3039       0       0
   15000000             235000000             235000000             2.7273655E-05         1.0000000E+30                 0       
 NEXT SEEDS: 465558E       0       0       0       0       0   181CD    3039       0       0
   20000000             230000000             230000000             2.7272197E-05         1.0000000E+30                 0       
 NEXT SEEDS: 5DC4089       0       0       0       0       0   181CD    3039       0       0
   25000000             225000000             225000000             2.7275990E-05         1.0000000E+30                 0       
 NEXT SEEDS: 753556C       0       0       0       0       0   181CD    3039       0       0
   30000000             220000000             220000000             2.7260639E-05         1.0000000E+30                 0       
 NEXT SEEDS: 8CA7813       0       0       0       0       0   181CD    3039       0       0
   35000000             215000000             215000000             2.7240291E-05         1.0000000E+30                 0       
 NEXT SEEDS: A4173D4       0       0       0       0       0   181CD    3039       0       0
   40000000             210000000             210000000             2.7245419E-05         1.0000000E+30                 0       
 NEXT SEEDS: BB88545       0       0       0       0       0   181CD    3039       0       0
   45000000             205000000             205000000             2.7266305E-05         1.0000000E+30                 0       
 NEXT SEEDS: D2FD0C2       0       0       0       0       0   181CD    3039       0       0
   50000000             200000000             200000000             2.7280937E-05         1.0000000E+30                 0       
 NEXT SEEDS: EA6B99E       0       0       0       0       0   181CD    3039       0       0
   55000000             195000000             195000000             2.7287000E-05         1.0000000E+30                 0       
 NEXT SEEDS:101DBC82       0       0       0       0       0   181CD    3039       0       0
   60000000             190000000             190000000             2.7282875E-05         1.0000000E+30                 0       
 NEXT SEEDS:1194D260       0       0       0       0       0   181CD    3039       0       0
   65000000             185000000             185000000             2.7282256E-05         1.0000000E+30                 0       
 NEXT SEEDS:130C0913       0       0       0       0       0   181CD    3039       0       0
   70000000             180000000             180000000             2.7285787E-05         1.0000000E+30                 0       
 NEXT SEEDS:14831864       0       0       0       0       0   181CD    3039       0       0
   75000000             175000000             175000000             2.7287215E-05         1.0000000E+30                 0       
 NEXT SEEDS:15FA2503       0       0       0       0       0   181CD    3039       0       0
   80000000             170000000             170000000             2.7302360E-05         1.0000000E+30                 0       
 NEXT SEEDS:177126B3       0       0       0       0       0   181CD    3039       0       0
  *** Emfgeo: Ncoun  2000000000
   85000000             165000000             165000000             2.7323809E-05         1.0000000E+30                 0       
 NEXT SEEDS:18E84094       0       0       0       0       0   181CD    3039       0       0
   90000000             160000000             160000000             2.7326474E-05         1.0000000E+30                 0       
 NEXT SEEDS:1A5F9425       0       0       0       0       0   181CD    3039       0       0
   95000000             155000000             155000000             2.7329953E-05         1.0000000E+30                 0       
 NEXT SEEDS:1BD6E36E       0       0       0       0       0   181CD    3039       0       0
  100000000             150000000             150000000             2.7329759E-05         1.0000000E+30                 0       
 NEXT SEEDS:1D4DCBF9       0       0       0       0       0   181CD    3039       0       0
  105000000             145000000             145000000             2.7334222E-05         1.0000000E+30                 0       
 NEXT SEEDS:1EC4E254       0       0       0       0       0   181CD    3039       0       0
  110000000             140000000             140000000             2.7335257E-05         1.0000000E+30                 0       
 NEXT SEEDS:203BC20A       0       0       0       0       0   181CD    3039       0       0
  115000000             135000000             135000000             2.7339494E-05         1.0000000E+30                 0       
 NEXT SEEDS:21B2E082       0       0       0       0       0   181CD    3039       0       0
  120000000             130000000             130000000             2.7336652E-05         1.0000000E+30                 0       
 NEXT SEEDS:2329D35E       0       0       0       0       0   181CD    3039       0       0
  125000000             125000000             125000000             2.7335659E-05         1.0000000E+30                 0       
 NEXT SEEDS:24A0B164       0       0       0       0       0   181CD    3039       0       0
  130000000             120000000             120000000             2.7337593E-05         1.0000000E+30                 0       
 NEXT SEEDS:2617F3B6       0       0       0       0       0   181CD    3039       0       0
  135000000             115000000             115000000             2.7342731E-05         1.0000000E+30                 0       
 NEXT SEEDS:278F2F0C       0       0       0       0       0   181CD    3039       0       0
  140000000             110000000             110000000             2.7340472E-05         1.0000000E+30                 0       
 NEXT SEEDS:29062836       0       0       0       0       0   181CD    3039       0       0
  145000000             105000000             105000000             2.7340166E-05         1.0000000E+30                 0       
 NEXT SEEDS:2A7D52CF       0       0       0       0       0   181CD    3039       0       0
  150000000             100000000             100000000             2.7334883E-05         1.0000000E+30                 0       
 NEXT SEEDS:2BF4450F       0       0       0       0       0   181CD    3039       0       0
  155000000              95000000              95000000             2.7333462E-05         1.0000000E+30                 0       
 NEXT SEEDS:2D6B7287       0       0       0       0       0   181CD    3039       0       0
  160000000              90000000              90000000             2.7331397E-05         1.0000000E+30                 0       
 NEXT SEEDS:2EE27974       0       0       0       0       0   181CD    3039       0       0
  *** Emfgeo: Ncoun  2000000000
  165000000              85000000              85000000             2.7331475E-05         1.0000000E+30                 0       
 NEXT SEEDS:30599EB6       0       0       0       0       0   181CD    3039       0       0
  170000000              80000000              80000000             2.7329295E-05         1.0000000E+30                 0       
 NEXT SEEDS:31D0A512       0       0       0       0       0   181CD    3039       0       0
  175000000              75000000              75000000             2.7326066E-05         1.0000000E+30                 0       
 NEXT SEEDS:334800FD       0       0       0       0       0   181CD    3039       0       0
  180000000              70000000              70000000             2.7326704E-05         1.0000000E+30                 0       
 NEXT SEEDS:34BF352A       0       0       0       0       0   181CD    3039       0       0
  185000000              65000000              65000000             2.7323942E-05         1.0000000E+30                 0       
 NEXT SEEDS:36365901       0       0       0       0       0   181CD    3039       0       0
  190000000              60000000              60000000             2.7326748E-05         1.0000000E+30                 0       
 NEXT SEEDS:37AD9221       0       0       0       0       0   181CD    3039       0       0
  195000000              55000000              55000000             2.7328944E-05         1.0000000E+30                 0       
 NEXT SEEDS:3924D811       0       0       0       0       0   181CD    3039       0       0
  200000000              50000000              50000000             2.7324686E-05         1.0000000E+30                 0       
 NEXT SEEDS:3A9BD87D       0       0       0       0       0   181CD    3039       0       0
  205000000              45000000              45000000             2.7326692E-05         1.0000000E+30                 0       
 NEXT SEEDS:  785761       1       0       0       0       0   181CD    3039       0       0
  210000000              40000000              40000000             2.7321531E-05         1.0000000E+30                 0       
 NEXT SEEDS: 1EF4C35       1       0       0       0       0   181CD    3039       0       0
  215000000              35000000              35000000             2.7317077E-05         1.0000000E+30                 0       
 NEXT SEEDS: 3662943       1       0       0       0       0   181CD    3039       0       0
  220000000              30000000              30000000             2.7318409E-05         1.0000000E+30                 0       
 NEXT SEEDS: 4DD78B5       1       0       0       0       0   181CD    3039       0       0
  225000000              25000000              25000000             2.7315589E-05         1.0000000E+30                 0       
 NEXT SEEDS: 654B374       1       0       0       0       0   181CD    3039       0       0
  230000000              20000000              20000000             2.7316876E-05         1.0000000E+30                 0       
 NEXT SEEDS: 7CBAAC8       1       0       0       0       0   181CD    3039       0       0
  235000000              15000000              15000000             2.7316024E-05         1.0000000E+30                 0       
 NEXT SEEDS: 942D0D3       1       0       0       0       0   181CD    3039       0       0
  240000000              10000000              10000000             2.7312307E-05         1.0000000E+30                 0       
 NEXT SEEDS: AB9B032       1       0       0       0       0   181CD    3039       0       0
  *** Emfgeo: Ncoun  2000000000
  245000000               5000000               5000000             2.7308732E-05         1.0000000E+30                 0       
 NEXT SEEDS: C30D56F       1       0       0       0       0   181CD    3039       0       0
  249999950                    50                    50             2.7306045E-05         1.0000000E+30                 0       
 NEXT SEEDS: DA816CC       1       0       0       0       0   181CD    3039       0       0
  249999951                    49                    49             2.7306045E-05         1.0000000E+30                 0       
 NEXT SEEDS: DA816D0       1       0       0       0       0   181CD    3039       0       0
  249999952                    48                    48             2.7306047E-05         1.0000000E+30                 0       
 NEXT SEEDS: DA816D4       1       0       0       0       0   181CD    3039       0       0
  249999953                    47                    47             2.7306047E-05         1.0000000E+30                 0       
 NEXT SEEDS: DA816D8       1       0       0       0       0   181CD    3039       0       0
  249999954                    46                    46             2.7306048E-05         1.0000000E+30                 0       
 NEXT SEEDS: DA816DC       1       0       0       0       0   181CD    3039       0       0
  249999955                    45                    45             2.7306048E-05         1.0000000E+30                 0       
 NEXT SEEDS: DA816F0       1       0       0       0       0   181CD    3039       0       0
  249999956                    44                    44             2.7306050E-05         1.0000000E+30                 0       
 NEXT SEEDS: DA816F6       1       0       0       0       0   181CD    3039       0       0
  249999957                    43                    43             2.7306050E-05         1.0000000E+30                 0       
 NEXT SEEDS: DA816FA       1       0       0       0       0   181CD    3039       0       0
  249999958                    42                    42             2.7306050E-05         1.0000000E+30                 0       
 NEXT SEEDS: DA816FE       1       0       0       0       0   181CD    3039       0       0
  249999959                    41                    41             2.7306052E-05         1.0000000E+30                 0       
 NEXT SEEDS: DA81702       1       0       0       0       0   181CD    3039       0       0
  249999960                    40                    40             2.7306052E-05         1.0000000E+30                 0       
 NEXT SEEDS: DA81706       1       0       0       0       0   181CD    3039       0       0
  249999961                    39                    39             2.7306052E-05         1.0000000E+30                 0       
 NEXT SEEDS: DA8170A       1       0       0       0       0   181CD    3039       0       0
  249999962                    38                    38             2.7306053E-05         1.0000000E+30                 0       
 NEXT SEEDS: DA8170E       1       0       0       0       0   181CD    3039       0       0
  249999963                    37                    37             2.7306053E-05         1.0000000E+30                 0       
 NEXT SEEDS: DA81727       1       0       0       0       0   181CD    3039       0       0
  249999964                    36                    36             2.7306055E-05         1.0000000E+30                 0       
 NEXT SEEDS: DA8172B       1       0       0       0       0   181CD    3039       0       0
  249999965                    35                    35             2.7306055E-05         1.0000000E+30                 0       
 NEXT SEEDS: DA81731       1       0       0       0       0   181CD    3039       0       0
  249999966                    34                    34             2.7306057E-05         1.0000000E+30                 0       
 NEXT SEEDS: DA81735       1       0       0       0       0   181CD    3039       0       0
  249999967                    33                    33             2.7306057E-05         1.0000000E+30                 0       
 NEXT SEEDS: DA81739       1       0       0       0       0   181CD    3039       0       0
  249999968                    32                    32             2.7306057E-05         1.0000000E+30                 0       
 NEXT SEEDS: DA8173F       1       0       0       0       0   181CD    3039       0       0
  249999969                    31                    31             2.7306058E-05         1.0000000E+30                 0       
 NEXT SEEDS: DA81743       1       0       0       0       0   181CD    3039       0       0
  249999970                    30                    30             2.7306058E-05         1.0000000E+30                 0       
 NEXT SEEDS: DA81747       1       0       0       0       0   181CD    3039       0       0
  249999971                    29                    29             2.7306060E-05         1.0000000E+30                 0       
 NEXT SEEDS: DA8174B       1       0       0       0       0   181CD    3039       0       0
  249999972                    28                    28             2.7306060E-05         1.0000000E+30                 0       
 NEXT SEEDS: DA8174F       1       0       0       0       0   181CD    3039       0       0
  249999973                    27                    27             2.7306060E-05         1.0000000E+30                 0       
 NEXT SEEDS: DA81753       1       0       0       0       0   181CD    3039       0       0
  249999974                    26                    26             2.7306062E-05         1.0000000E+30                 0       
 NEXT SEEDS: DA81757       1       0       0       0       0   181CD    3039       0       0
  249999975                    25                    25             2.7306062E-05         1.0000000E+30                 0       
 NEXT SEEDS: DA8175B       1       0       0       0       0   181CD    3039       0       0
  249999976                    24                    24             2.7306064E-05         1.0000000E+30                 0       
 NEXT SEEDS: DA8175F       1       0       0       0       0   181CD    3039       0       0
  249999977                    23                    23             2.7306063E-05         1.0000000E+30                 0       
 NEXT SEEDS: DA81763       1       0       0       0       0   181CD    3039       0       0
  249999978                    22                    22             2.7306065E-05         1.0000000E+30                 0       
 NEXT SEEDS: DA81767       1       0       0       0       0   181CD    3039       0       0
  249999979                    21                    21             2.7306065E-05         1.0000000E+30                 0       
 NEXT SEEDS: DA8176B       1       0       0       0       0   181CD    3039       0       0
  249999980                    20                    20             2.7306065E-05         1.0000000E+30                 0       
 NEXT SEEDS: DA8176F       1       0       0       0       0   181CD    3039       0       0
  249999981                    19                    19             2.7306067E-05         1.0000000E+30                 0       
 NEXT SEEDS: DA81773       1       0       0       0       0   181CD    3039       0       0
  249999982                    18                    18             2.7306067E-05         1.0000000E+30                 0       
 NEXT SEEDS: DA81777       1       0       0       0       0   181CD    3039       0       0
  249999983                    17                    17             2.7306067E-05         1.0000000E+30                 0       
 NEXT SEEDS: DA8177B       1       0       0       0       0   181CD    3039       0       0
  249999984                    16                    16             2.7306069E-05         1.0000000E+30                 0       
 NEXT SEEDS: DA8177F       1       0       0       0       0   181CD    3039       0       0
  249999985                    15                    15             2.7306068E-05         1.0000000E+30                 0       
 NEXT SEEDS: DA81785       1       0       0       0       0   181CD    3039       0       0
  249999986                    14                    14             2.7306070E-05         1.0000000E+30                 0       
 NEXT SEEDS: DA81789       1       0       0       0       0   181CD    3039       0       0
  249999987                    13                    13             2.7306070E-05         1.0000000E+30                 0       
 NEXT SEEDS: DA8178D       1       0       0       0       0   181CD    3039       0       0
  249999988                    12                    12             2.7306072E-05         1.0000000E+30                 0       
 NEXT SEEDS: DA81791       1       0       0       0       0   181CD    3039       0       0
  249999989                    11                    11             2.7306072E-05         1.0000000E+30                 0       
 NEXT SEEDS: DA81795       1       0       0       0       0   181CD    3039       0       0
  249999990                    10                    10             2.7306072E-05         1.0000000E+30                 0       
 NEXT SEEDS: DA81799       1       0       0       0       0   181CD    3039       0       0
  249999991                     9                     9             2.7306074E-05         1.0000000E+30                 0       
 NEXT SEEDS: DA8179D       1       0       0       0       0   181CD    3039       0       0
  249999992                     8                     8             2.7306074E-05         1.0000000E+30                 0       
 NEXT SEEDS: DA817A1       1       0       0       0       0   181CD    3039       0       0
  249999993                     7                     7             2.7306073E-05         1.0000000E+30                 0       
 NEXT SEEDS: DA817B4       1       0       0       0       0   181CD    3039       0       0
  249999994                     6                     6             2.7306075E-05         1.0000000E+30                 0       
 NEXT SEEDS: DA817BA       1       0       0       0       0   181CD    3039       0       0
  249999995                     5                     5             2.7306075E-05         1.0000000E+30                 0       
 NEXT SEEDS: DA817BE       1       0       0       0       0   181CD    3039       0       0
  249999996                     4                     4             2.7306075E-05         1.0000000E+30                 0       
 NEXT SEEDS: DA817C2       1       0       0       0       0   181CD    3039       0       0
  249999997                     3                     3             2.7306075E-05         1.0000000E+30                 0       
 NEXT SEEDS: DA817C8       1       0       0       0       0   181CD    3039       0       0
  249999998                     2                     2             2.7306075E-05         1.0000000E+30                 0       
 NEXT SEEDS: DA817CC       1       0       0       0       0   181CD    3039       0       0
  249999999                     1                     1             2.7306075E-05         1.0000000E+30                 0       
 NEXT SEEDS: DA817D0       1       0       0       0       0   181CD    3039       0       0
  250000000                     0                     1             2.7306075E-05         1.0000000E+30                 0       
 NEXT SEEDS: DA817D4       1       0       0       0       0   181CD    3039       0       0
