1NUMBER OF BEAM       NUMBER OF BEAM        APPROXIMATE NUMBER    AVERAGE TIME USED     TIME LEFT (RESERVED   NUMBER OF STARS
 PARTICLES HANDLED    PARTICLES LEFT        OF BEAM PARTICLES     BY A BEAM PARTICLE     10000.0 SECONDS      CREATED
                                            THAT CAN STILL BE                           FOR PRINTOUT)
                                            HANDLED

 NEXT SEEDS:       0       0       0       0       0       0   181CD    3039       0       0
          1             249999999             249999999             8.7022781E-05         1.0000000E+30                 0       
 NEXT SEEDS:       4       0       0       0       0       0   181CD    3039       0       0
    5000000             245000000             245000000             2.6512117E-05         1.0000000E+30                 0       
 NEXT SEEDS: 1775730       0       0       0       0       0   181CD    3039       0       0
   10000000             240000000             240000000             2.6468236E-05         1.0000000E+30                 0       
 NEXT SEEDS: 2EE477F       0       0       0       0       0   181CD    3039       0       0
   15000000             235000000             235000000             2.6492346E-05         1.0000000E+30                 0       
 NEXT SEEDS: 4658216       0       0       0       0       0   181CD    3039       0       0
   20000000             230000000             230000000             2.6480171E-05         1.0000000E+30                 0       
 NEXT SEEDS: 5DC83DF       0       0       0       0       0   181CD    3039       0       0
   25000000             225000000             225000000             2.6476056E-05         1.0000000E+30                 0       
 NEXT SEEDS: 753A3C4       0       0       0       0       0   181CD    3039       0       0
   30000000             220000000             220000000             2.6487234E-05         1.0000000E+30                 0       
 NEXT SEEDS: 8CA97A2       0       0       0       0       0   181CD    3039       0       0
   35000000             215000000             215000000             2.6486407E-05         1.0000000E+30                 0       
 NEXT SEEDS: A41CC5F       0       0       0       0       0   181CD    3039       0       0
   40000000             210000000             210000000             2.6486689E-05         1.0000000E+30                 0       
 NEXT SEEDS: BB8FF80       0       0       0       0       0   181CD    3039       0       0
   45000000             205000000             205000000             2.6484847E-05         1.0000000E+30                 0       
 NEXT SEEDS: D302B2F       0       0       0       0       0   181CD    3039       0       0
   50000000             200000000             200000000             2.6487481E-05         1.0000000E+30                 0       
 NEXT SEEDS: EA753B5       0       0       0       0       0   181CD    3039       0       0
   55000000             195000000             195000000             2.6490082E-05         1.0000000E+30                 0       
 NEXT SEEDS:101E7314       0       0       0       0       0   181CD    3039       0       0
   60000000             190000000             190000000             2.6488446E-05         1.0000000E+30                 0       
 NEXT SEEDS:1195CFB4       0       0       0       0       0   181CD    3039       0       0
   65000000             185000000             185000000             2.6486413E-05         1.0000000E+30                 0       
 NEXT SEEDS:130CFD4C       0       0       0       0       0   181CD    3039       0       0
   70000000             180000000             180000000             2.6479288E-05         1.0000000E+30                 0       
 NEXT SEEDS:148401E1       0       0       0       0       0   181CD    3039       0       0
   75000000             175000000             175000000             2.6478145E-05         1.0000000E+30                 0       
 NEXT SEEDS:15FAE11E       0       0       0       0       0   181CD    3039       0       0
   80000000             170000000             170000000             2.6475623E-05         1.0000000E+30                 0       
 NEXT SEEDS:17722813       0       0       0       0       0   181CD    3039       0       0
  *** Emfgeo: Ncoun  2000000000
   85000000             165000000             165000000             2.6477243E-05         1.0000000E+30                 0       
 NEXT SEEDS:18E92881       0       0       0       0       0   181CD    3039       0       0
   90000000             160000000             160000000             2.6480586E-05         1.0000000E+30                 0       
 NEXT SEEDS:1A606540       0       0       0       0       0   181CD    3039       0       0
   95000000             155000000             155000000             2.6480171E-05         1.0000000E+30                 0       
 NEXT SEEDS:1BD798F8       0       0       0       0       0   181CD    3039       0       0
  100000000             150000000             150000000             2.6475598E-05         1.0000000E+30                 0       
 NEXT SEEDS:1D4E65B6       0       0       0       0       0   181CD    3039       0       0
  105000000             145000000             145000000             2.6475072E-05         1.0000000E+30                 0       
 NEXT SEEDS:1EC58F6F       0       0       0       0       0   181CD    3039       0       0
  110000000             140000000             140000000             2.6472295E-05         1.0000000E+30                 0       
 NEXT SEEDS:203C8D20       0       0       0       0       0   181CD    3039       0       0
  115000000             135000000             135000000             2.6470257E-05         1.0000000E+30                 0       
 NEXT SEEDS:21B35832       0       0       0       0       0   181CD    3039       0       0
  120000000             130000000             130000000             2.6468189E-05         1.0000000E+30                 0       
 NEXT SEEDS:232A1462       0       0       0       0       0   181CD    3039       0       0
  125000000             125000000             125000000             2.6472279E-05         1.0000000E+30                 0       
 NEXT SEEDS:24A18359       0       0       0       0       0   181CD    3039       0       0
  130000000             120000000             120000000             2.6469791E-05         1.0000000E+30                 0       
 NEXT SEEDS:26189387       0       0       0       0       0   181CD    3039       0       0
  135000000             115000000             115000000             2.6470615E-05         1.0000000E+30                 0       
 NEXT SEEDS:278FD4A6       0       0       0       0       0   181CD    3039       0       0
  140000000             110000000             110000000             2.6470517E-05         1.0000000E+30                 0       
 NEXT SEEDS:290722E5       0       0       0       0       0   181CD    3039       0       0
  145000000             105000000             105000000             2.6473456E-05         1.0000000E+30                 0       
 NEXT SEEDS:2A7E32C6       0       0       0       0       0   181CD    3039       0       0
  150000000             100000000             100000000             2.6477666E-05         1.0000000E+30                 0       
 NEXT SEEDS:2BF5553A       0       0       0       0       0   181CD    3039       0       0
  155000000              95000000              95000000             2.6477599E-05         1.0000000E+30                 0       
 NEXT SEEDS:2D6C4FEA       0       0       0       0       0   181CD    3039       0       0
  160000000              90000000              90000000             2.6485251E-05         1.0000000E+30                 0       
 NEXT SEEDS:2EE36B58       0       0       0       0       0   181CD    3039       0       0
  *** Emfgeo: Ncoun  2000000000
  165000000              85000000              85000000             2.6494114E-05         1.0000000E+30                 0       
 NEXT SEEDS:305A8A3F       0       0       0       0       0   181CD    3039       0       0
  170000000              80000000              80000000             2.6501890E-05         1.0000000E+30                 0       
 NEXT SEEDS:31D1BDD2       0       0       0       0       0   181CD    3039       0       0
  175000000              75000000              75000000             2.6504548E-05         1.0000000E+30                 0       
 NEXT SEEDS:3348816F       0       0       0       0       0   181CD    3039       0       0
  180000000              70000000              70000000             2.6502816E-05         1.0000000E+30                 0       
 NEXT SEEDS:34BFCFC7       0       0       0       0       0   181CD    3039       0       0
  185000000              65000000              65000000             2.6500470E-05         1.0000000E+30                 0       
 NEXT SEEDS:3636C1D5       0       0       0       0       0   181CD    3039       0       0
  190000000              60000000              60000000             2.6499237E-05         1.0000000E+30                 0       
 NEXT SEEDS:37ADD011       0       0       0       0       0   181CD    3039       0       0
  195000000              55000000              55000000             2.6498673E-05         1.0000000E+30                 0       
 NEXT SEEDS:3924C40B       0       0       0       0       0   181CD    3039       0       0
  200000000              50000000              50000000             2.6498242E-05         1.0000000E+30                 0       
 NEXT SEEDS:3A9BF6F3       0       0       0       0       0   181CD    3039       0       0
  205000000              45000000              45000000             2.6497437E-05         1.0000000E+30                 0       
 NEXT SEEDS:  783DCD       1       0       0       0       0   181CD    3039       0       0
  210000000              40000000              40000000             2.6496577E-05         1.0000000E+30                 0       
 NEXT SEEDS: 1EF65C7       1       0       0       0       0   181CD    3039       0       0
  215000000              35000000              35000000             2.6496042E-05         1.0000000E+30                 0       
 NEXT SEEDS: 3664E94       1       0       0       0       0   181CD    3039       0       0
  220000000              30000000              30000000             2.6494580E-05         1.0000000E+30                 0       
 NEXT SEEDS: 4DD4EF0       1       0       0       0       0   181CD    3039       0       0
  225000000              25000000              25000000             2.6494113E-05         1.0000000E+30                 0       
 NEXT SEEDS: 6549808       1       0       0       0       0   181CD    3039       0       0
  230000000              20000000              20000000             2.6493003E-05         1.0000000E+30                 0       
 NEXT SEEDS: 7CB801E       1       0       0       0       0   181CD    3039       0       0
  235000000              15000000              15000000             2.6492059E-05         1.0000000E+30                 0       
 NEXT SEEDS: 9428FC3       1       0       0       0       0   181CD    3039       0       0
  240000000              10000000              10000000             2.6489809E-05         1.0000000E+30                 0       
 NEXT SEEDS: AB99FC7       1       0       0       0       0   181CD    3039       0       0
  *** Emfgeo: Ncoun  2000000000
  245000000               5000000               5000000             2.6490571E-05         1.0000000E+30                 0       
 NEXT SEEDS: C310F45       1       0       0       0       0   181CD    3039       0       0
  249999950                    50                    50             2.6490244E-05         1.0000000E+30                 0       
 NEXT SEEDS: DA7F5A1       1       0       0       0       0   181CD    3039       0       0
  249999951                    49                    49             2.6490246E-05         1.0000000E+30                 0       
 NEXT SEEDS: DA7F5A5       1       0       0       0       0   181CD    3039       0       0
  249999952                    48                    48             2.6490247E-05         1.0000000E+30                 0       
 NEXT SEEDS: DA7F5A9       1       0       0       0       0   181CD    3039       0       0
  249999953                    47                    47             2.6490249E-05         1.0000000E+30                 0       
 NEXT SEEDS: DA7F5AD       1       0       0       0       0   181CD    3039       0       0
  249999954                    46                    46             2.6490249E-05         1.0000000E+30                 0       
 NEXT SEEDS: DA7F5B1       1       0       0       0       0   181CD    3039       0       0
  249999955                    45                    45             2.6490251E-05         1.0000000E+30                 0       
 NEXT SEEDS: DA7F5CA       1       0       0       0       0   181CD    3039       0       0
  249999956                    44                    44             2.6490251E-05         1.0000000E+30                 0       
 NEXT SEEDS: DA7F5CE       1       0       0       0       0   181CD    3039       0       0
  249999957                    43                    43             2.6490251E-05         1.0000000E+30                 0       
 NEXT SEEDS: DA7F5D2       1       0       0       0       0   181CD    3039       0       0
  249999958                    42                    42             2.6490251E-05         1.0000000E+30                 0       
 NEXT SEEDS: DA7F5D6       1       0       0       0       0   181CD    3039       0       0
  249999959                    41                    41             2.6490251E-05         1.0000000E+30                 0       
 NEXT SEEDS: DA7F5DA       1       0       0       0       0   181CD    3039       0       0
  249999960                    40                    40             2.6490250E-05         1.0000000E+30                 0       
 NEXT SEEDS: DA7F5DE       1       0       0       0       0   181CD    3039       0       0
  249999961                    39                    39             2.6490250E-05         1.0000000E+30                 0       
 NEXT SEEDS: DA7F5E2       1       0       0       0       0   181CD    3039       0       0
  249999962                    38                    38             2.6490250E-05         1.0000000E+30                 0       
 NEXT SEEDS: DA7F5E6       1       0       0       0       0   181CD    3039       0       0
  249999963                    37                    37             2.6490250E-05         1.0000000E+30                 0       
 NEXT SEEDS: DA7F5EA       1       0       0       0       0   181CD    3039       0       0
  249999964                    36                    36             2.6490252E-05         1.0000000E+30                 0       
 NEXT SEEDS: DA7F5EE       1       0       0       0       0   181CD    3039       0       0
  249999965                    35                    35             2.6490252E-05         1.0000000E+30                 0       
 NEXT SEEDS: DA7F5F2       1       0       0       0       0   181CD    3039       0       0
  249999966                    34                    34             2.6490252E-05         1.0000000E+30                 0       
 NEXT SEEDS: DA7F5F6       1       0       0       0       0   181CD    3039       0       0
  249999967                    33                    33             2.6490254E-05         1.0000000E+30                 0       
 NEXT SEEDS: DA7F5FA       1       0       0       0       0   181CD    3039       0       0
  249999968                    32                    32             2.6490253E-05         1.0000000E+30                 0       
 NEXT SEEDS: DA7F5FE       1       0       0       0       0   181CD    3039       0       0
  249999969                    31                    31             2.6490253E-05         1.0000000E+30                 0       
 NEXT SEEDS: DA7F602       1       0       0       0       0   181CD    3039       0       0
  249999970                    30                    30             2.6490255E-05         1.0000000E+30                 0       
 NEXT SEEDS: DA7F60E       1       0       0       0       0   181CD    3039       0       0
  249999971                    29                    29             2.6490255E-05         1.0000000E+30                 0       
 NEXT SEEDS: DA7F612       1       0       0       0       0   181CD    3039       0       0
  249999972                    28                    28             2.6490257E-05         1.0000000E+30                 0       
 NEXT SEEDS: DA7F616       1       0       0       0       0   181CD    3039       0       0
  249999973                    27                    27             2.6490257E-05         1.0000000E+30                 0       
 NEXT SEEDS: DA7F61A       1       0       0       0       0   181CD    3039       0       0
  249999974                    26                    26             2.6490257E-05         1.0000000E+30                 0       
 NEXT SEEDS: DA7F61E       1       0       0       0       0   181CD    3039       0       0
  249999975                    25                    25             2.6490259E-05         1.0000000E+30                 0       
 NEXT SEEDS: DA7F622       1       0       0       0       0   181CD    3039       0       0
  249999976                    24                    24             2.6490258E-05         1.0000000E+30                 0       
 NEXT SEEDS: DA7F626       1       0       0       0       0   181CD    3039       0       0
  249999977                    23                    23             2.6490258E-05         1.0000000E+30                 0       
 NEXT SEEDS: DA7F62A       1       0       0       0       0   181CD    3039       0       0
  249999978                    22                    22             2.6490258E-05         1.0000000E+30                 0       
 NEXT SEEDS: DA7F62E       1       0       0       0       0   181CD    3039       0       0
  249999979                    21                    21             2.6490258E-05         1.0000000E+30                 0       
 NEXT SEEDS: DA7F632       1       0       0       0       0   181CD    3039       0       0
  249999980                    20                    20             2.6490258E-05         1.0000000E+30                 0       
 NEXT SEEDS: DA7F636       1       0       0       0       0   181CD    3039       0       0
  249999981                    19                    19             2.6490258E-05         1.0000000E+30                 0       
 NEXT SEEDS: DA7F63A       1       0       0       0       0   181CD    3039       0       0
  249999982                    18                    18             2.6490258E-05         1.0000000E+30                 0       
 NEXT SEEDS: DA7F63E       1       0       0       0       0   181CD    3039       0       0
  249999983                    17                    17             2.6490258E-05         1.0000000E+30                 0       
 NEXT SEEDS: DA7F642       1       0       0       0       0   181CD    3039       0       0
  249999984                    16                    16             2.6490258E-05         1.0000000E+30                 0       
 NEXT SEEDS: DA7F646       1       0       0       0       0   181CD    3039       0       0
  249999985                    15                    15             2.6490258E-05         1.0000000E+30                 0       
 NEXT SEEDS: DA7F64A       1       0       0       0       0   181CD    3039       0       0
  249999986                    14                    14             2.6490257E-05         1.0000000E+30                 0       
 NEXT SEEDS: DA7F64E       1       0       0       0       0   181CD    3039       0       0
  249999987                    13                    13             2.6490257E-05         1.0000000E+30                 0       
 NEXT SEEDS: DA7F652       1       0       0       0       0   181CD    3039       0       0
  249999988                    12                    12             2.6490259E-05         1.0000000E+30                 0       
 NEXT SEEDS: DA7F656       1       0       0       0       0   181CD    3039       0       0
  249999989                    11                    11             2.6490259E-05         1.0000000E+30                 0       
 NEXT SEEDS: DA7F65A       1       0       0       0       0   181CD    3039       0       0
  249999990                    10                    10             2.6490259E-05         1.0000000E+30                 0       
 NEXT SEEDS: DA7F65E       1       0       0       0       0   181CD    3039       0       0
  249999991                     9                     9             2.6490261E-05         1.0000000E+30                 0       
 NEXT SEEDS: DA7F662       1       0       0       0       0   181CD    3039       0       0
  249999992                     8                     8             2.6490261E-05         1.0000000E+30                 0       
 NEXT SEEDS: DA7F666       1       0       0       0       0   181CD    3039       0       0
  249999993                     7                     7             2.6490261E-05         1.0000000E+30                 0       
 NEXT SEEDS: DA7F66A       1       0       0       0       0   181CD    3039       0       0
  249999994                     6                     6             2.6490262E-05         1.0000000E+30                 0       
 NEXT SEEDS: DA7F66E       1       0       0       0       0   181CD    3039       0       0
  249999995                     5                     5             2.6490262E-05         1.0000000E+30                 0       
 NEXT SEEDS: DA7F672       1       0       0       0       0   181CD    3039       0       0
  249999996                     4                     4             2.6490262E-05         1.0000000E+30                 0       
 NEXT SEEDS: DA7F676       1       0       0       0       0   181CD    3039       0       0
  249999997                     3                     3             2.6490264E-05         1.0000000E+30                 0       
 NEXT SEEDS: DA7F67A       1       0       0       0       0   181CD    3039       0       0
  249999998                     2                     2             2.6490264E-05         1.0000000E+30                 0       
 NEXT SEEDS: DA7F680       1       0       0       0       0   181CD    3039       0       0
  249999999                     1                     1             2.6490264E-05         1.0000000E+30                 0       
 NEXT SEEDS: DA7F684       1       0       0       0       0   181CD    3039       0       0
  250000000                     0                     1             2.6490266E-05         1.0000000E+30                 0       
 NEXT SEEDS: DA7F688       1       0       0       0       0   181CD    3039       0       0
