1NUMBER OF BEAM       NUMBER OF BEAM        APPROXIMATE NUMBER    AVERAGE TIME USED     TIME LEFT (RESERVED   NUMBER OF STARS
 PARTICLES HANDLED    PARTICLES LEFT        OF BEAM PARTICLES     BY A BEAM PARTICLE     10000.0 SECONDS      CREATED
                                            THAT CAN STILL BE                           FOR PRINTOUT)
                                            HANDLED

 NEXT SEEDS:       0       0       0       0       0       0   181CD    3039       0       0
          1             249999999             249999999             7.2956085E-05         1.0000000E+30                 0       
 NEXT SEEDS:       4       0       0       0       0       0   181CD    3039       0       0
    5000000             245000000             245000000             2.6635989E-05         1.0000000E+30                 0       
 NEXT SEEDS: 17720A4       0       0       0       0       0   181CD    3039       0       0
   10000000             240000000             240000000             2.6635600E-05         1.0000000E+30                 0       
 NEXT SEEDS: 2EE3DF5       0       0       0       0       0   181CD    3039       0       0
   15000000             235000000             235000000             2.6635133E-05         1.0000000E+30                 0       
 NEXT SEEDS: 4653F9A       0       0       0       0       0   181CD    3039       0       0
   20000000             230000000             230000000             2.6617626E-05         1.0000000E+30                 0       
 NEXT SEEDS: 5DC3ABD       0       0       0       0       0   181CD    3039       0       0
   25000000             225000000             225000000             2.6615817E-05         1.0000000E+30                 0       
 NEXT SEEDS: 7537481       0       0       0       0       0   181CD    3039       0       0
   30000000             220000000             220000000             2.6623746E-05         1.0000000E+30                 0       
 NEXT SEEDS: 8CA6C71       0       0       0       0       0   181CD    3039       0       0
   35000000             215000000             215000000             2.6624042E-05         1.0000000E+30                 0       
 NEXT SEEDS: A419CCC       0       0       0       0       0   181CD    3039       0       0
   40000000             210000000             210000000             2.6618884E-05         1.0000000E+30                 0       
 NEXT SEEDS: BB8949E       0       0       0       0       0   181CD    3039       0       0
   45000000             205000000             205000000             2.6618638E-05         1.0000000E+30                 0       
 NEXT SEEDS: D2FBDC1       0       0       0       0       0   181CD    3039       0       0
   50000000             200000000             200000000             2.6621211E-05         1.0000000E+30                 0       
 NEXT SEEDS: EA6D2B4       0       0       0       0       0   181CD    3039       0       0
   55000000             195000000             195000000             2.6617888E-05         1.0000000E+30                 0       
 NEXT SEEDS:101DD205       0       0       0       0       0   181CD    3039       0       0
   60000000             190000000             190000000             2.6618027E-05         1.0000000E+30                 0       
 NEXT SEEDS:1195409E       0       0       0       0       0   181CD    3039       0       0
   65000000             185000000             185000000             2.6621845E-05         1.0000000E+30                 0       
 NEXT SEEDS:130C6BDE       0       0       0       0       0   181CD    3039       0       0
   70000000             180000000             180000000             2.6619611E-05         1.0000000E+30                 0       
 NEXT SEEDS:14838CF9       0       0       0       0       0   181CD    3039       0       0
   75000000             175000000             175000000             2.6621811E-05         1.0000000E+30                 0       
 NEXT SEEDS:15FA981B       0       0       0       0       0   181CD    3039       0       0
   80000000             170000000             170000000             2.6621901E-05         1.0000000E+30                 0       
 NEXT SEEDS:1771D4DD       0       0       0       0       0   181CD    3039       0       0
  *** Emfgeo: Ncoun  2000000000
   85000000             165000000             165000000             2.6621491E-05         1.0000000E+30                 0       
 NEXT SEEDS:18E924B0       0       0       0       0       0   181CD    3039       0       0
   90000000             160000000             160000000             2.6622183E-05         1.0000000E+30                 0       
 NEXT SEEDS:1A6031D1       0       0       0       0       0   181CD    3039       0       0
   95000000             155000000             155000000             2.6623940E-05         1.0000000E+30                 0       
 NEXT SEEDS:1BD73CC7       0       0       0       0       0   181CD    3039       0       0
  100000000             150000000             150000000             2.6622054E-05         1.0000000E+30                 0       
 NEXT SEEDS:1D4E5981       0       0       0       0       0   181CD    3039       0       0
  105000000             145000000             145000000             2.6622834E-05         1.0000000E+30                 0       
 NEXT SEEDS:1EC56185       0       0       0       0       0   181CD    3039       0       0
  110000000             140000000             140000000             2.6621745E-05         1.0000000E+30                 0       
 NEXT SEEDS:203C63B0       0       0       0       0       0   181CD    3039       0       0
  115000000             135000000             135000000             2.6619963E-05         1.0000000E+30                 0       
 NEXT SEEDS:21B360A9       0       0       0       0       0   181CD    3039       0       0
  120000000             130000000             130000000             2.6616456E-05         1.0000000E+30                 0       
 NEXT SEEDS:232A1F2D       0       0       0       0       0   181CD    3039       0       0
  125000000             125000000             125000000             2.6617253E-05         1.0000000E+30                 0       
 NEXT SEEDS:24A16B57       0       0       0       0       0   181CD    3039       0       0
  130000000             120000000             120000000             2.6619836E-05         1.0000000E+30                 0       
 NEXT SEEDS:2618AC60       0       0       0       0       0   181CD    3039       0       0
  135000000             115000000             115000000             2.6620800E-05         1.0000000E+30                 0       
 NEXT SEEDS:278FB013       0       0       0       0       0   181CD    3039       0       0
  140000000             110000000             110000000             2.6622317E-05         1.0000000E+30                 0       
 NEXT SEEDS:2906C56D       0       0       0       0       0   181CD    3039       0       0
  145000000             105000000             105000000             2.6622484E-05         1.0000000E+30                 0       
 NEXT SEEDS:2A7DA6F1       0       0       0       0       0   181CD    3039       0       0
  150000000             100000000             100000000             2.6624045E-05         1.0000000E+30                 0       
 NEXT SEEDS:2BF4E06E       0       0       0       0       0   181CD    3039       0       0
  155000000              95000000              95000000             2.6623933E-05         1.0000000E+30                 0       
 NEXT SEEDS:2D6BFDEA       0       0       0       0       0   181CD    3039       0       0
  160000000              90000000              90000000             2.6624497E-05         1.0000000E+30                 0       
 NEXT SEEDS:2EE31E37       0       0       0       0       0   181CD    3039       0       0
  *** Emfgeo: Ncoun  2000000000
  165000000              85000000              85000000             2.6623556E-05         1.0000000E+30                 0       
 NEXT SEEDS:305A039A       0       0       0       0       0   181CD    3039       0       0
  170000000              80000000              80000000             2.6624685E-05         1.0000000E+30                 0       
 NEXT SEEDS:31D0FF9A       0       0       0       0       0   181CD    3039       0       0
  175000000              75000000              75000000             2.6625308E-05         1.0000000E+30                 0       
 NEXT SEEDS:33483A34       0       0       0       0       0   181CD    3039       0       0
  180000000              70000000              70000000             2.6626791E-05         1.0000000E+30                 0       
 NEXT SEEDS:34BF3985       0       0       0       0       0   181CD    3039       0       0
  185000000              65000000              65000000             2.6626505E-05         1.0000000E+30                 0       
 NEXT SEEDS:36362A28       0       0       0       0       0   181CD    3039       0       0
  190000000              60000000              60000000             2.6626725E-05         1.0000000E+30                 0       
 NEXT SEEDS:37AD6F08       0       0       0       0       0   181CD    3039       0       0
  195000000              55000000              55000000             2.6627537E-05         1.0000000E+30                 0       
 NEXT SEEDS:39245FD7       0       0       0       0       0   181CD    3039       0       0
  200000000              50000000              50000000             2.6626290E-05         1.0000000E+30                 0       
 NEXT SEEDS:3A9B7FC6       0       0       0       0       0   181CD    3039       0       0
  205000000              45000000              45000000             2.6626418E-05         1.0000000E+30                 0       
 NEXT SEEDS:  77B017       1       0       0       0       0   181CD    3039       0       0
  210000000              40000000              40000000             2.6627535E-05         1.0000000E+30                 0       
 NEXT SEEDS: 1EEF690       1       0       0       0       0   181CD    3039       0       0
  215000000              35000000              35000000             2.6628596E-05         1.0000000E+30                 0       
 NEXT SEEDS: 365F887       1       0       0       0       0   181CD    3039       0       0
  220000000              30000000              30000000             2.6628822E-05         1.0000000E+30                 0       
 NEXT SEEDS: 4DCF971       1       0       0       0       0   181CD    3039       0       0
  225000000              25000000              25000000             2.6628267E-05         1.0000000E+30                 0       
 NEXT SEEDS: 653FD5A       1       0       0       0       0   181CD    3039       0       0
  230000000              20000000              20000000             2.6627516E-05         1.0000000E+30                 0       
 NEXT SEEDS: 7CB0EFA       1       0       0       0       0   181CD    3039       0       0
  235000000              15000000              15000000             2.6628510E-05         1.0000000E+30                 0       
 NEXT SEEDS: 941F93C       1       0       0       0       0   181CD    3039       0       0
  240000000              10000000              10000000             2.6627397E-05         1.0000000E+30                 0       
 NEXT SEEDS: AB9150B       1       0       0       0       0   181CD    3039       0       0
  *** Emfgeo: Ncoun  2000000000
  245000000               5000000               5000000             2.6628064E-05         1.0000000E+30                 0       
 NEXT SEEDS: C300C24       1       0       0       0       0   181CD    3039       0       0
  249999950                    50                    50             2.6628433E-05         1.0000000E+30                 0       
 NEXT SEEDS: DA7559B       1       0       0       0       0   181CD    3039       0       0
  249999951                    49                    49             2.6628435E-05         1.0000000E+30                 0       
 NEXT SEEDS: DA7559F       1       0       0       0       0   181CD    3039       0       0
  249999952                    48                    48             2.6628435E-05         1.0000000E+30                 0       
 NEXT SEEDS: DA755A3       1       0       0       0       0   181CD    3039       0       0
  249999953                    47                    47             2.6628437E-05         1.0000000E+30                 0       
 NEXT SEEDS: DA755A7       1       0       0       0       0   181CD    3039       0       0
  249999954                    46                    46             2.6628437E-05         1.0000000E+30                 0       
 NEXT SEEDS: DA755AB       1       0       0       0       0   181CD    3039       0       0
  249999955                    45                    45             2.6628437E-05         1.0000000E+30                 0       
 NEXT SEEDS: DA755AF       1       0       0       0       0   181CD    3039       0       0
  249999956                    44                    44             2.6628439E-05         1.0000000E+30                 0       
 NEXT SEEDS: DA755B3       1       0       0       0       0   181CD    3039       0       0
  249999957                    43                    43             2.6628439E-05         1.0000000E+30                 0       
 NEXT SEEDS: DA755B7       1       0       0       0       0   181CD    3039       0       0
  249999958                    42                    42             2.6628440E-05         1.0000000E+30                 0       
 NEXT SEEDS: DA755BB       1       0       0       0       0   181CD    3039       0       0
  249999959                    41                    41             2.6628440E-05         1.0000000E+30                 0       
 NEXT SEEDS: DA755BF       1       0       0       0       0   181CD    3039       0       0
  249999960                    40                    40             2.6628440E-05         1.0000000E+30                 0       
 NEXT SEEDS: DA755C3       1       0       0       0       0   181CD    3039       0       0
  249999961                    39                    39             2.6628440E-05         1.0000000E+30                 0       
 NEXT SEEDS: DA755C7       1       0       0       0       0   181CD    3039       0       0
  249999962                    38                    38             2.6628440E-05         1.0000000E+30                 0       
 NEXT SEEDS: DA755CB       1       0       0       0       0   181CD    3039       0       0
  249999963                    37                    37             2.6628440E-05         1.0000000E+30                 0       
 NEXT SEEDS: DA755CF       1       0       0       0       0   181CD    3039       0       0
  249999964                    36                    36             2.6628440E-05         1.0000000E+30                 0       
 NEXT SEEDS: DA755D3       1       0       0       0       0   181CD    3039       0       0
  249999965                    35                    35             2.6628440E-05         1.0000000E+30                 0       
 NEXT SEEDS: DA755D7       1       0       0       0       0   181CD    3039       0       0
  249999966                    34                    34             2.6628440E-05         1.0000000E+30                 0       
 NEXT SEEDS: DA755DB       1       0       0       0       0   181CD    3039       0       0
  249999967                    33                    33             2.6628441E-05         1.0000000E+30                 0       
 NEXT SEEDS: DA755DF       1       0       0       0       0   181CD    3039       0       0
  249999968                    32                    32             2.6628441E-05         1.0000000E+30                 0       
 NEXT SEEDS: DA755E3       1       0       0       0       0   181CD    3039       0       0
  249999969                    31                    31             2.6628441E-05         1.0000000E+30                 0       
 NEXT SEEDS: DA755E7       1       0       0       0       0   181CD    3039       0       0
  249999970                    30                    30             2.6628443E-05         1.0000000E+30                 0       
 NEXT SEEDS: DA755FA       1       0       0       0       0   181CD    3039       0       0
  249999971                    29                    29             2.6628445E-05         1.0000000E+30                 0       
 NEXT SEEDS: DA755FE       1       0       0       0       0   181CD    3039       0       0
  249999972                    28                    28             2.6628445E-05         1.0000000E+30                 0       
 NEXT SEEDS: DA75602       1       0       0       0       0   181CD    3039       0       0
  249999973                    27                    27             2.6628445E-05         1.0000000E+30                 0       
 NEXT SEEDS: DA75606       1       0       0       0       0   181CD    3039       0       0
  249999974                    26                    26             2.6628447E-05         1.0000000E+30                 0       
 NEXT SEEDS: DA7560A       1       0       0       0       0   181CD    3039       0       0
  249999975                    25                    25             2.6628446E-05         1.0000000E+30                 0       
 NEXT SEEDS: DA7560E       1       0       0       0       0   181CD    3039       0       0
  249999976                    24                    24             2.6628446E-05         1.0000000E+30                 0       
 NEXT SEEDS: DA75612       1       0       0       0       0   181CD    3039       0       0
  249999977                    23                    23             2.6628448E-05         1.0000000E+30                 0       
 NEXT SEEDS: DA75626       1       0       0       0       0   181CD    3039       0       0
  249999978                    22                    22             2.6628448E-05         1.0000000E+30                 0       
 NEXT SEEDS: DA7562A       1       0       0       0       0   181CD    3039       0       0
  249999979                    21                    21             2.6628450E-05         1.0000000E+30                 0       
 NEXT SEEDS: DA7562E       1       0       0       0       0   181CD    3039       0       0
  249999980                    20                    20             2.6628450E-05         1.0000000E+30                 0       
 NEXT SEEDS: DA75632       1       0       0       0       0   181CD    3039       0       0
  249999981                    19                    19             2.6628452E-05         1.0000000E+30                 0       
 NEXT SEEDS: DA75638       1       0       0       0       0   181CD    3039       0       0
  249999982                    18                    18             2.6628452E-05         1.0000000E+30                 0       
 NEXT SEEDS: DA7563C       1       0       0       0       0   181CD    3039       0       0
  249999983                    17                    17             2.6628451E-05         1.0000000E+30                 0       
 NEXT SEEDS: DA75640       1       0       0       0       0   181CD    3039       0       0
  249999984                    16                    16             2.6628453E-05         1.0000000E+30                 0       
 NEXT SEEDS: DA75644       1       0       0       0       0   181CD    3039       0       0
  249999985                    15                    15             2.6628453E-05         1.0000000E+30                 0       
 NEXT SEEDS: DA75648       1       0       0       0       0   181CD    3039       0       0
  249999986                    14                    14             2.6628453E-05         1.0000000E+30                 0       
 NEXT SEEDS: DA7564C       1       0       0       0       0   181CD    3039       0       0
  249999987                    13                    13             2.6628455E-05         1.0000000E+30                 0       
 NEXT SEEDS: DA75650       1       0       0       0       0   181CD    3039       0       0
  249999988                    12                    12             2.6628455E-05         1.0000000E+30                 0       
 NEXT SEEDS: DA75654       1       0       0       0       0   181CD    3039       0       0
  249999989                    11                    11             2.6628455E-05         1.0000000E+30                 0       
 NEXT SEEDS: DA75658       1       0       0       0       0   181CD    3039       0       0
  249999990                    10                    10             2.6628455E-05         1.0000000E+30                 0       
 NEXT SEEDS: DA7565C       1       0       0       0       0   181CD    3039       0       0
  249999991                     9                     9             2.6628454E-05         1.0000000E+30                 0       
 NEXT SEEDS: DA75660       1       0       0       0       0   181CD    3039       0       0
  249999992                     8                     8             2.6628454E-05         1.0000000E+30                 0       
 NEXT SEEDS: DA75664       1       0       0       0       0   181CD    3039       0       0
  249999993                     7                     7             2.6628454E-05         1.0000000E+30                 0       
 NEXT SEEDS: DA75668       1       0       0       0       0   181CD    3039       0       0
  249999994                     6                     6             2.6628454E-05         1.0000000E+30                 0       
 NEXT SEEDS: DA7566C       1       0       0       0       0   181CD    3039       0       0
  249999995                     5                     5             2.6628454E-05         1.0000000E+30                 0       
 NEXT SEEDS: DA75670       1       0       0       0       0   181CD    3039       0       0
  249999996                     4                     4             2.6628454E-05         1.0000000E+30                 0       
 NEXT SEEDS: DA75674       1       0       0       0       0   181CD    3039       0       0
  249999997                     3                     3             2.6628454E-05         1.0000000E+30                 0       
 NEXT SEEDS: DA75678       1       0       0       0       0   181CD    3039       0       0
  249999998                     2                     2             2.6628454E-05         1.0000000E+30                 0       
 NEXT SEEDS: DA7567C       1       0       0       0       0   181CD    3039       0       0
  249999999                     1                     1             2.6628454E-05         1.0000000E+30                 0       
 NEXT SEEDS: DA75680       1       0       0       0       0   181CD    3039       0       0
  250000000                     0                     1             2.6628455E-05         1.0000000E+30                 0       
 NEXT SEEDS: DA75684       1       0       0       0       0   181CD    3039       0       0
