1NUMBER OF BEAM       NUMBER OF BEAM        APPROXIMATE NUMBER    AVERAGE TIME USED     TIME LEFT (RESERVED   NUMBER OF STARS
 PARTICLES HANDLED    PARTICLES LEFT        OF BEAM PARTICLES     BY A BEAM PARTICLE     10000.0 SECONDS      CREATED
                                            THAT CAN STILL BE                           FOR PRINTOUT)
                                            HANDLED

 NEXT SEEDS:       0       0       0       0       0       0   181CD    3039       0       0
          1             249999999             249999999             0.0000000E+00         1.0000000E+30                 0       
 NEXT SEEDS:       4       0       0       0       0       0   181CD    3039       0       0
    5000000             245000000             245000000             2.7213858E-05         1.0000000E+30                 0       
 NEXT SEEDS: 1771E8E       0       0       0       0       0   181CD    3039       0       0
   10000000             240000000             240000000             2.7181958E-05         1.0000000E+30                 0       
 NEXT SEEDS: 2EE0B01       0       0       0       0       0   181CD    3039       0       0
   15000000             235000000             235000000             2.7174998E-05         1.0000000E+30                 0       
 NEXT SEEDS: 4657895       0       0       0       0       0   181CD    3039       0       0
   20000000             230000000             230000000             2.7174800E-05         1.0000000E+30                 0       
 NEXT SEEDS: 5DC894C       0       0       0       0       0   181CD    3039       0       0
   25000000             225000000             225000000             2.7187313E-05         1.0000000E+30                 0       
 NEXT SEEDS: 753C8B9       0       0       0       0       0   181CD    3039       0       0
   30000000             220000000             220000000             2.7182706E-05         1.0000000E+30                 0       
 NEXT SEEDS: 8CB1AD0       0       0       0       0       0   181CD    3039       0       0
   35000000             215000000             215000000             2.7179908E-05         1.0000000E+30                 0       
 NEXT SEEDS: A42360C       0       0       0       0       0   181CD    3039       0       0
   40000000             210000000             210000000             2.7175542E-05         1.0000000E+30                 0       
 NEXT SEEDS: BB94042       0       0       0       0       0   181CD    3039       0       0
   45000000             205000000             205000000             2.7173483E-05         1.0000000E+30                 0       
 NEXT SEEDS: D306699       0       0       0       0       0   181CD    3039       0       0
   50000000             200000000             200000000             2.7173356E-05         1.0000000E+30                 0       
 NEXT SEEDS: EA7959D       0       0       0       0       0   181CD    3039       0       0
   55000000             195000000             195000000             2.7167671E-05         1.0000000E+30                 0       
 NEXT SEEDS:101ECC3F       0       0       0       0       0   181CD    3039       0       0
   60000000             190000000             190000000             2.7168629E-05         1.0000000E+30                 0       
 NEXT SEEDS:1195C141       0       0       0       0       0   181CD    3039       0       0
   65000000             185000000             185000000             2.7168550E-05         1.0000000E+30                 0       
 NEXT SEEDS:130CDBBF       0       0       0       0       0   181CD    3039       0       0
   70000000             180000000             180000000             2.7162550E-05         1.0000000E+30                 0       
 NEXT SEEDS:1483D4EC       0       0       0       0       0   181CD    3039       0       0
   75000000             175000000             175000000             2.7162115E-05         1.0000000E+30                 0       
 NEXT SEEDS:15FAE0AB       0       0       0       0       0   181CD    3039       0       0
   80000000             170000000             170000000             2.7161410E-05         1.0000000E+30                 0       
 NEXT SEEDS:17721B45       0       0       0       0       0   181CD    3039       0       0
  *** Emfgeo: Ncoun  2000000000
   85000000             165000000             165000000             2.7161882E-05         1.0000000E+30                 0       
 NEXT SEEDS:18E942C7       0       0       0       0       0   181CD    3039       0       0
   90000000             160000000             160000000             2.7161195E-05         1.0000000E+30                 0       
 NEXT SEEDS:1A605B53       0       0       0       0       0   181CD    3039       0       0
   95000000             155000000             155000000             2.7160444E-05         1.0000000E+30                 0       
 NEXT SEEDS:1BD75638       0       0       0       0       0   181CD    3039       0       0
  100000000             150000000             150000000             2.7160456E-05         1.0000000E+30                 0       
 NEXT SEEDS:1D4E59AA       0       0       0       0       0   181CD    3039       0       0
  105000000             145000000             145000000             2.7162311E-05         1.0000000E+30                 0       
 NEXT SEEDS:1EC58EC8       0       0       0       0       0   181CD    3039       0       0
  110000000             140000000             140000000             2.7159439E-05         1.0000000E+30                 0       
 NEXT SEEDS:203C93B9       0       0       0       0       0   181CD    3039       0       0
  115000000             135000000             135000000             2.7158581E-05         1.0000000E+30                 0       
 NEXT SEEDS:21B38ACD       0       0       0       0       0   181CD    3039       0       0
  120000000             130000000             130000000             2.7157318E-05         1.0000000E+30                 0       
 NEXT SEEDS:232A4D02       0       0       0       0       0   181CD    3039       0       0
  125000000             125000000             125000000             2.7157459E-05         1.0000000E+30                 0       
 NEXT SEEDS:24A1582C       0       0       0       0       0   181CD    3039       0       0
  130000000             120000000             120000000             2.7157765E-05         1.0000000E+30                 0       
 NEXT SEEDS:26185F1E       0       0       0       0       0   181CD    3039       0       0
  135000000             115000000             115000000             2.7156252E-05         1.0000000E+30                 0       
 NEXT SEEDS:278F5E4F       0       0       0       0       0   181CD    3039       0       0
  140000000             110000000             110000000             2.7156541E-05         1.0000000E+30                 0       
 NEXT SEEDS:2906A332       0       0       0       0       0   181CD    3039       0       0
  145000000             105000000             105000000             2.7155307E-05         1.0000000E+30                 0       
 NEXT SEEDS:2A7D7698       0       0       0       0       0   181CD    3039       0       0
  150000000             100000000             100000000             2.7154793E-05         1.0000000E+30                 0       
 NEXT SEEDS:2BF4A1DC       0       0       0       0       0   181CD    3039       0       0
  155000000              95000000              95000000             2.7155952E-05         1.0000000E+30                 0       
 NEXT SEEDS:2D6BAB84       0       0       0       0       0   181CD    3039       0       0
  160000000              90000000              90000000             2.7157350E-05         1.0000000E+30                 0       
 NEXT SEEDS:2EE2A157       0       0       0       0       0   181CD    3039       0       0
  *** Emfgeo: Ncoun  2000000000
  165000000              85000000              85000000             2.7156447E-05         1.0000000E+30                 0       
 NEXT SEEDS:30597B9A       0       0       0       0       0   181CD    3039       0       0
  170000000              80000000              80000000             2.7160123E-05         1.0000000E+30                 0       
 NEXT SEEDS:31D0ADA6       0       0       0       0       0   181CD    3039       0       0
  175000000              75000000              75000000             2.7163087E-05         1.0000000E+30                 0       
 NEXT SEEDS:3347DAE5       0       0       0       0       0   181CD    3039       0       0
  180000000              70000000              70000000             2.7163855E-05         1.0000000E+30                 0       
 NEXT SEEDS:34BF1638       0       0       0       0       0   181CD    3039       0       0
  185000000              65000000              65000000             2.7163905E-05         1.0000000E+30                 0       
 NEXT SEEDS:3635D668       0       0       0       0       0   181CD    3039       0       0
  190000000              60000000              60000000             2.7165071E-05         1.0000000E+30                 0       
 NEXT SEEDS:37AD0A4F       0       0       0       0       0   181CD    3039       0       0
  195000000              55000000              55000000             2.7165651E-05         1.0000000E+30                 0       
 NEXT SEEDS:3923E848       0       0       0       0       0   181CD    3039       0       0
  200000000              50000000              50000000             2.7166417E-05         1.0000000E+30                 0       
 NEXT SEEDS:3A9B1DF5       0       0       0       0       0   181CD    3039       0       0
  205000000              45000000              45000000             2.7166353E-05         1.0000000E+30                 0       
 NEXT SEEDS:  777D0A       1       0       0       0       0   181CD    3039       0       0
  210000000              40000000              40000000             2.7167428E-05         1.0000000E+30                 0       
 NEXT SEEDS: 1EEAB60       1       0       0       0       0   181CD    3039       0       0
  215000000              35000000              35000000             2.7168204E-05         1.0000000E+30                 0       
 NEXT SEEDS: 365DBB5       1       0       0       0       0   181CD    3039       0       0
  220000000              30000000              30000000             2.7169814E-05         1.0000000E+30                 0       
 NEXT SEEDS: 4DCFFDF       1       0       0       0       0   181CD    3039       0       0
  225000000              25000000              25000000             2.7169517E-05         1.0000000E+30                 0       
 NEXT SEEDS: 653F651       1       0       0       0       0   181CD    3039       0       0
  230000000              20000000              20000000             2.7170747E-05         1.0000000E+30                 0       
 NEXT SEEDS: 7CB0654       1       0       0       0       0   181CD    3039       0       0
  235000000              15000000              15000000             2.7171383E-05         1.0000000E+30                 0       
 NEXT SEEDS: 9421E75       1       0       0       0       0   181CD    3039       0       0
  240000000              10000000              10000000             2.7171664E-05         1.0000000E+30                 0       
 NEXT SEEDS: AB90226       1       0       0       0       0   181CD    3039       0       0
  *** Emfgeo: Ncoun  2000000000
  245000000               5000000               5000000             2.7171748E-05         1.0000000E+30                 0       
 NEXT SEEDS: C304E64       1       0       0       0       0   181CD    3039       0       0
  249999950                    50                    50             2.7171815E-05         1.0000000E+30                 0       
 NEXT SEEDS: DA76CE8       1       0       0       0       0   181CD    3039       0       0
  249999951                    49                    49             2.7171815E-05         1.0000000E+30                 0       
 NEXT SEEDS: DA76CEC       1       0       0       0       0   181CD    3039       0       0
  249999952                    48                    48             2.7171815E-05         1.0000000E+30                 0       
 NEXT SEEDS: DA76CF0       1       0       0       0       0   181CD    3039       0       0
  249999953                    47                    47             2.7171815E-05         1.0000000E+30                 0       
 NEXT SEEDS: DA76CF4       1       0       0       0       0   181CD    3039       0       0
  249999954                    46                    46             2.7171814E-05         1.0000000E+30                 0       
 NEXT SEEDS: DA76CF8       1       0       0       0       0   181CD    3039       0       0
  249999955                    45                    45             2.7171814E-05         1.0000000E+30                 0       
 NEXT SEEDS: DA76CFE       1       0       0       0       0   181CD    3039       0       0
  249999956                    44                    44             2.7171816E-05         1.0000000E+30                 0       
 NEXT SEEDS: DA76D02       1       0       0       0       0   181CD    3039       0       0
  249999957                    43                    43             2.7171816E-05         1.0000000E+30                 0       
 NEXT SEEDS: DA76D08       1       0       0       0       0   181CD    3039       0       0
  249999958                    42                    42             2.7171818E-05         1.0000000E+30                 0       
 NEXT SEEDS: DA76D0E       1       0       0       0       0   181CD    3039       0       0
  249999959                    41                    41             2.7171818E-05         1.0000000E+30                 0       
 NEXT SEEDS: DA76D12       1       0       0       0       0   181CD    3039       0       0
  249999960                    40                    40             2.7171820E-05         1.0000000E+30                 0       
 NEXT SEEDS: DA76D16       1       0       0       0       0   181CD    3039       0       0
  249999961                    39                    39             2.7171820E-05         1.0000000E+30                 0       
 NEXT SEEDS: DA76D1A       1       0       0       0       0   181CD    3039       0       0
  249999962                    38                    38             2.7171819E-05         1.0000000E+30                 0       
 NEXT SEEDS: DA76D1E       1       0       0       0       0   181CD    3039       0       0
  249999963                    37                    37             2.7171819E-05         1.0000000E+30                 0       
 NEXT SEEDS: DA76D22       1       0       0       0       0   181CD    3039       0       0
  249999964                    36                    36             2.7171819E-05         1.0000000E+30                 0       
 NEXT SEEDS: DA76D26       1       0       0       0       0   181CD    3039       0       0
  249999965                    35                    35             2.7171819E-05         1.0000000E+30                 0       
 NEXT SEEDS: DA76D2A       1       0       0       0       0   181CD    3039       0       0
  249999966                    34                    34             2.7171819E-05         1.0000000E+30                 0       
 NEXT SEEDS: DA76D2E       1       0       0       0       0   181CD    3039       0       0
  249999967                    33                    33             2.7171819E-05         1.0000000E+30                 0       
 NEXT SEEDS: DA76D32       1       0       0       0       0   181CD    3039       0       0
  249999968                    32                    32             2.7171819E-05         1.0000000E+30                 0       
 NEXT SEEDS: DA76D36       1       0       0       0       0   181CD    3039       0       0
  249999969                    31                    31             2.7171821E-05         1.0000000E+30                 0       
 NEXT SEEDS: DA76D3A       1       0       0       0       0   181CD    3039       0       0
  249999970                    30                    30             2.7171821E-05         1.0000000E+30                 0       
 NEXT SEEDS: DA76D3E       1       0       0       0       0   181CD    3039       0       0
  249999971                    29                    29             2.7171820E-05         1.0000000E+30                 0       
 NEXT SEEDS: DA76D42       1       0       0       0       0   181CD    3039       0       0
  249999972                    28                    28             2.7171822E-05         1.0000000E+30                 0       
 NEXT SEEDS: DA76D46       1       0       0       0       0   181CD    3039       0       0
  249999973                    27                    27             2.7171822E-05         1.0000000E+30                 0       
 NEXT SEEDS: DA76D4A       1       0       0       0       0   181CD    3039       0       0
  249999974                    26                    26             2.7171824E-05         1.0000000E+30                 0       
 NEXT SEEDS: DA76D4E       1       0       0       0       0   181CD    3039       0       0
  249999975                    25                    25             2.7171824E-05         1.0000000E+30                 0       
 NEXT SEEDS: DA76D52       1       0       0       0       0   181CD    3039       0       0
  249999976                    24                    24             2.7171824E-05         1.0000000E+30                 0       
 NEXT SEEDS: DA76D56       1       0       0       0       0   181CD    3039       0       0
  249999977                    23                    23             2.7171826E-05         1.0000000E+30                 0       
 NEXT SEEDS: DA76D5A       1       0       0       0       0   181CD    3039       0       0
  249999978                    22                    22             2.7171826E-05         1.0000000E+30                 0       
 NEXT SEEDS: DA76D5E       1       0       0       0       0   181CD    3039       0       0
  249999979                    21                    21             2.7171825E-05         1.0000000E+30                 0       
 NEXT SEEDS: DA76D62       1       0       0       0       0   181CD    3039       0       0
  249999980                    20                    20             2.7171825E-05         1.0000000E+30                 0       
 NEXT SEEDS: DA76D66       1       0       0       0       0   181CD    3039       0       0
  249999981                    19                    19             2.7171825E-05         1.0000000E+30                 0       
 NEXT SEEDS: DA76D6A       1       0       0       0       0   181CD    3039       0       0
  249999982                    18                    18             2.7171825E-05         1.0000000E+30                 0       
 NEXT SEEDS: DA76D6E       1       0       0       0       0   181CD    3039       0       0
  249999983                    17                    17             2.7171825E-05         1.0000000E+30                 0       
 NEXT SEEDS: DA76D72       1       0       0       0       0   181CD    3039       0       0
  249999984                    16                    16             2.7171825E-05         1.0000000E+30                 0       
 NEXT SEEDS: DA76D76       1       0       0       0       0   181CD    3039       0       0
  249999985                    15                    15             2.7171825E-05         1.0000000E+30                 0       
 NEXT SEEDS: DA76D7A       1       0       0       0       0   181CD    3039       0       0
  249999986                    14                    14             2.7171825E-05         1.0000000E+30                 0       
 NEXT SEEDS: DA76D7E       1       0       0       0       0   181CD    3039       0       0
  249999987                    13                    13             2.7171825E-05         1.0000000E+30                 0       
 NEXT SEEDS: DA76D82       1       0       0       0       0   181CD    3039       0       0
  249999988                    12                    12             2.7171824E-05         1.0000000E+30                 0       
 NEXT SEEDS: DA76D86       1       0       0       0       0   181CD    3039       0       0
  249999989                    11                    11             2.7171826E-05         1.0000000E+30                 0       
 NEXT SEEDS: DA76D8C       1       0       0       0       0   181CD    3039       0       0
  249999990                    10                    10             2.7171826E-05         1.0000000E+30                 0       
 NEXT SEEDS: DA76D90       1       0       0       0       0   181CD    3039       0       0
  249999991                     9                     9             2.7171828E-05         1.0000000E+30                 0       
 NEXT SEEDS: DA76D94       1       0       0       0       0   181CD    3039       0       0
  249999992                     8                     8             2.7171828E-05         1.0000000E+30                 0       
 NEXT SEEDS: DA76D98       1       0       0       0       0   181CD    3039       0       0
  249999993                     7                     7             2.7171830E-05         1.0000000E+30                 0       
 NEXT SEEDS: DA76D9C       1       0       0       0       0   181CD    3039       0       0
  249999994                     6                     6             2.7171830E-05         1.0000000E+30                 0       
 NEXT SEEDS: DA76DA0       1       0       0       0       0   181CD    3039       0       0
  249999995                     5                     5             2.7171830E-05         1.0000000E+30                 0       
 NEXT SEEDS: DA76DA4       1       0       0       0       0   181CD    3039       0       0
  249999996                     4                     4             2.7171831E-05         1.0000000E+30                 0       
 NEXT SEEDS: DA76DA8       1       0       0       0       0   181CD    3039       0       0
  249999997                     3                     3             2.7171831E-05         1.0000000E+30                 0       
 NEXT SEEDS: DA76DB4       1       0       0       0       0   181CD    3039       0       0
  249999998                     2                     2             2.7171831E-05         1.0000000E+30                 0       
 NEXT SEEDS: DA76DBA       1       0       0       0       0   181CD    3039       0       0
  249999999                     1                     1             2.7171831E-05         1.0000000E+30                 0       
 NEXT SEEDS: DA76DBE       1       0       0       0       0   181CD    3039       0       0
  250000000                     0                     1             2.7171831E-05         1.0000000E+30                 0       
 NEXT SEEDS: DA76DC2       1       0       0       0       0   181CD    3039       0       0
