1NUMBER OF BEAM       NUMBER OF BEAM        APPROXIMATE NUMBER    AVERAGE TIME USED     TIME LEFT (RESERVED   NUMBER OF STARS
 PARTICLES HANDLED    PARTICLES LEFT        OF BEAM PARTICLES     BY A BEAM PARTICLE     10000.0 SECONDS      CREATED
                                            THAT CAN STILL BE                           FOR PRINTOUT)
                                            HANDLED

 NEXT SEEDS:       0       0       0       0       0       0   181CD    3039       0       0
          1             249999999             249999999             7.6055527E-05         1.0000000E+30                 0       
 NEXT SEEDS:       4       0       0       0       0       0   181CD    3039       0       0
    5000000             245000000             245000000             2.8618097E-05         1.0000000E+30                 0       
 NEXT SEEDS: 1770F15       0       0       0       0       0   181CD    3039       0       0
   10000000             240000000             240000000             2.8607686E-05         1.0000000E+30                 0       
 NEXT SEEDS: 2EDFCC7       0       0       0       0       0   181CD    3039       0       0
   15000000             235000000             235000000             2.8640168E-05         1.0000000E+30                 0       
 NEXT SEEDS: 4657BCC       0       0       0       0       0   181CD    3039       0       0
   20000000             230000000             230000000             2.8635195E-05         1.0000000E+30                 0       
 NEXT SEEDS: 5DCA29D       0       0       0       0       0   181CD    3039       0       0
   25000000             225000000             225000000             2.8645309E-05         1.0000000E+30                 0       
 NEXT SEEDS: 753EE86       0       0       0       0       0   181CD    3039       0       0
   30000000             220000000             220000000             2.8637790E-05         1.0000000E+30                 0       
 NEXT SEEDS: 8CB389E       0       0       0       0       0   181CD    3039       0       0
   35000000             215000000             215000000             2.8633082E-05         1.0000000E+30                 0       
 NEXT SEEDS: A426445       0       0       0       0       0   181CD    3039       0       0
   40000000             210000000             210000000             2.8633618E-05         1.0000000E+30                 0       
 NEXT SEEDS: BB9605E       0       0       0       0       0   181CD    3039       0       0
   45000000             205000000             205000000             2.8638639E-05         1.0000000E+30                 0       
 NEXT SEEDS: D30770D       0       0       0       0       0   181CD    3039       0       0
   50000000             200000000             200000000             2.8640998E-05         1.0000000E+30                 0       
 NEXT SEEDS: EA7BE09       0       0       0       0       0   181CD    3039       0       0
   55000000             195000000             195000000             2.8633731E-05         1.0000000E+30                 0       
 NEXT SEEDS:101EFDF5       0       0       0       0       0   181CD    3039       0       0
   60000000             190000000             190000000             2.8630513E-05         1.0000000E+30                 0       
 NEXT SEEDS:1195EE2C       0       0       0       0       0   181CD    3039       0       0
   65000000             185000000             185000000             2.8629272E-05         1.0000000E+30                 0       
 NEXT SEEDS:130CF73D       0       0       0       0       0   181CD    3039       0       0
   70000000             180000000             180000000             2.8625096E-05         1.0000000E+30                 0       
 NEXT SEEDS:148419B2       0       0       0       0       0   181CD    3039       0       0
   75000000             175000000             175000000             2.8625296E-05         1.0000000E+30                 0       
 NEXT SEEDS:15FAFFA2       0       0       0       0       0   181CD    3039       0       0
   80000000             170000000             170000000             2.8623028E-05         1.0000000E+30                 0       
 NEXT SEEDS:17725C07       0       0       0       0       0   181CD    3039       0       0
  *** Emfgeo: Ncoun  2000000000
   85000000             165000000             165000000             2.8621846E-05         1.0000000E+30                 0       
 NEXT SEEDS:18E95989       0       0       0       0       0   181CD    3039       0       0
   90000000             160000000             160000000             2.8621823E-05         1.0000000E+30                 0       
 NEXT SEEDS:1A60855E       0       0       0       0       0   181CD    3039       0       0
   95000000             155000000             155000000             2.8623815E-05         1.0000000E+30                 0       
 NEXT SEEDS:1BD77924       0       0       0       0       0   181CD    3039       0       0
  100000000             150000000             150000000             2.8625178E-05         1.0000000E+30                 0       
 NEXT SEEDS:1D4E6E99       0       0       0       0       0   181CD    3039       0       0
  105000000             145000000             145000000             2.8625223E-05         1.0000000E+30                 0       
 NEXT SEEDS:1EC5A015       0       0       0       0       0   181CD    3039       0       0
  110000000             140000000             140000000             2.8625934E-05         1.0000000E+30                 0       
 NEXT SEEDS:203CCB71       0       0       0       0       0   181CD    3039       0       0
  115000000             135000000             135000000             2.8627308E-05         1.0000000E+30                 0       
 NEXT SEEDS:21B4251B       0       0       0       0       0   181CD    3039       0       0
  120000000             130000000             130000000             2.8625203E-05         1.0000000E+30                 0       
 NEXT SEEDS:232B1235       0       0       0       0       0   181CD    3039       0       0
  125000000             125000000             125000000             2.8625293E-05         1.0000000E+30                 0       
 NEXT SEEDS:24A24784       0       0       0       0       0   181CD    3039       0       0
  130000000             120000000             120000000             2.8626022E-05         1.0000000E+30                 0       
 NEXT SEEDS:26198510       0       0       0       0       0   181CD    3039       0       0
  135000000             115000000             115000000             2.8626667E-05         1.0000000E+30                 0       
 NEXT SEEDS:2790DF66       0       0       0       0       0   181CD    3039       0       0
  140000000             110000000             110000000             2.8625956E-05         1.0000000E+30                 0       
 NEXT SEEDS:2907F78A       0       0       0       0       0   181CD    3039       0       0
  145000000             105000000             105000000             2.8629058E-05         1.0000000E+30                 0       
 NEXT SEEDS:2A7F3F8F       0       0       0       0       0   181CD    3039       0       0
  150000000             100000000             100000000             2.8627904E-05         1.0000000E+30                 0       
 NEXT SEEDS:2BF6ADF4       0       0       0       0       0   181CD    3039       0       0
  155000000              95000000              95000000             2.8628462E-05         1.0000000E+30                 0       
 NEXT SEEDS:2D6DE04C       0       0       0       0       0   181CD    3039       0       0
  160000000              90000000              90000000             2.8628744E-05         1.0000000E+30                 0       
 NEXT SEEDS:2EE52435       0       0       0       0       0   181CD    3039       0       0
  *** Emfgeo: Ncoun  2000000000
  165000000              85000000              85000000             2.8628453E-05         1.0000000E+30                 0       
 NEXT SEEDS:305C46C0       0       0       0       0       0   181CD    3039       0       0
  170000000              80000000              80000000             2.8629078E-05         1.0000000E+30                 0       
 NEXT SEEDS:31D39FC2       0       0       0       0       0   181CD    3039       0       0
  175000000              75000000              75000000             2.8629316E-05         1.0000000E+30                 0       
 NEXT SEEDS:334AD578       0       0       0       0       0   181CD    3039       0       0
  180000000              70000000              70000000             2.8629828E-05         1.0000000E+30                 0       
 NEXT SEEDS:34C1FB49       0       0       0       0       0   181CD    3039       0       0
  185000000              65000000              65000000             2.8627370E-05         1.0000000E+30                 0       
 NEXT SEEDS:3638D7A4       0       0       0       0       0   181CD    3039       0       0
  190000000              60000000              60000000             2.8628852E-05         1.0000000E+30                 0       
 NEXT SEEDS:37AFE9C0       0       0       0       0       0   181CD    3039       0       0
  195000000              55000000              55000000             2.8629715E-05         1.0000000E+30                 0       
 NEXT SEEDS:39270BB8       0       0       0       0       0   181CD    3039       0       0
  200000000              50000000              50000000             2.8629709E-05         1.0000000E+30                 0       
 NEXT SEEDS:3A9E1B89       0       0       0       0       0   181CD    3039       0       0
  205000000              45000000              45000000             2.8629418E-05         1.0000000E+30                 0       
 NEXT SEEDS:  7ABAD7       1       0       0       0       0   181CD    3039       0       0
  210000000              40000000              40000000             2.8630355E-05         1.0000000E+30                 0       
 NEXT SEEDS: 1F1CF5A       1       0       0       0       0   181CD    3039       0       0
  215000000              35000000              35000000             2.8630455E-05         1.0000000E+30                 0       
 NEXT SEEDS: 3689681       1       0       0       0       0   181CD    3039       0       0
  220000000              30000000              30000000             2.8630409E-05         1.0000000E+30                 0       
 NEXT SEEDS: 4DFD155       1       0       0       0       0   181CD    3039       0       0
  225000000              25000000              25000000             2.8631167E-05         1.0000000E+30                 0       
 NEXT SEEDS: 656F2BC       1       0       0       0       0   181CD    3039       0       0
  230000000              20000000              20000000             2.8630692E-05         1.0000000E+30                 0       
 NEXT SEEDS: 7CE2AE4       1       0       0       0       0   181CD    3039       0       0
  235000000              15000000              15000000             2.8631400E-05         1.0000000E+30                 0       
 NEXT SEEDS: 9453E35       1       0       0       0       0   181CD    3039       0       0
  240000000              10000000              10000000             2.8632092E-05         1.0000000E+30                 0       
 NEXT SEEDS: ABC7042       1       0       0       0       0   181CD    3039       0       0
  *** Emfgeo: Ncoun  2000000000
  245000000               5000000               5000000             2.8632025E-05         1.0000000E+30                 0       
 NEXT SEEDS: C33826A       1       0       0       0       0   181CD    3039       0       0
  249999950                    50                    50             2.8631013E-05         1.0000000E+30                 0       
 NEXT SEEDS: DAA771C       1       0       0       0       0   181CD    3039       0       0
  249999951                    49                    49             2.8631015E-05         1.0000000E+30                 0       
 NEXT SEEDS: DAA7720       1       0       0       0       0   181CD    3039       0       0
  249999952                    48                    48             2.8631015E-05         1.0000000E+30                 0       
 NEXT SEEDS: DAA7724       1       0       0       0       0   181CD    3039       0       0
  249999953                    47                    47             2.8631017E-05         1.0000000E+30                 0       
 NEXT SEEDS: DAA7728       1       0       0       0       0   181CD    3039       0       0
  249999954                    46                    46             2.8631017E-05         1.0000000E+30                 0       
 NEXT SEEDS: DAA772C       1       0       0       0       0   181CD    3039       0       0
  249999955                    45                    45             2.8631019E-05         1.0000000E+30                 0       
 NEXT SEEDS: DAA7730       1       0       0       0       0   181CD    3039       0       0
  249999956                    44                    44             2.8631019E-05         1.0000000E+30                 0       
 NEXT SEEDS: DAA7734       1       0       0       0       0   181CD    3039       0       0
  249999957                    43                    43             2.8631019E-05         1.0000000E+30                 0       
 NEXT SEEDS: DAA7738       1       0       0       0       0   181CD    3039       0       0
  249999958                    42                    42             2.8631018E-05         1.0000000E+30                 0       
 NEXT SEEDS: DAA773C       1       0       0       0       0   181CD    3039       0       0
  249999959                    41                    41             2.8631018E-05         1.0000000E+30                 0       
 NEXT SEEDS: DAA7751       1       0       0       0       0   181CD    3039       0       0
  249999960                    40                    40             2.8631018E-05         1.0000000E+30                 0       
 NEXT SEEDS: DAA7755       1       0       0       0       0   181CD    3039       0       0
  249999961                    39                    39             2.8631018E-05         1.0000000E+30                 0       
 NEXT SEEDS: DAA7759       1       0       0       0       0   181CD    3039       0       0
  249999962                    38                    38             2.8631018E-05         1.0000000E+30                 0       
 NEXT SEEDS: DAA775D       1       0       0       0       0   181CD    3039       0       0
  249999963                    37                    37             2.8631018E-05         1.0000000E+30                 0       
 NEXT SEEDS: DAA7761       1       0       0       0       0   181CD    3039       0       0
  249999964                    36                    36             2.8631018E-05         1.0000000E+30                 0       
 NEXT SEEDS: DAA7765       1       0       0       0       0   181CD    3039       0       0
  249999965                    35                    35             2.8631018E-05         1.0000000E+30                 0       
 NEXT SEEDS: DAA7769       1       0       0       0       0   181CD    3039       0       0
  249999966                    34                    34             2.8631017E-05         1.0000000E+30                 0       
 NEXT SEEDS: DAA776D       1       0       0       0       0   181CD    3039       0       0
  249999967                    33                    33             2.8631019E-05         1.0000000E+30                 0       
 NEXT SEEDS: DAA7771       1       0       0       0       0   181CD    3039       0       0
  249999968                    32                    32             2.8631019E-05         1.0000000E+30                 0       
 NEXT SEEDS: DAA7775       1       0       0       0       0   181CD    3039       0       0
  249999969                    31                    31             2.8631019E-05         1.0000000E+30                 0       
 NEXT SEEDS: DAA7779       1       0       0       0       0   181CD    3039       0       0
  249999970                    30                    30             2.8631019E-05         1.0000000E+30                 0       
 NEXT SEEDS: DAA777F       1       0       0       0       0   181CD    3039       0       0
  249999971                    29                    29             2.8631019E-05         1.0000000E+30                 0       
 NEXT SEEDS: DAA7783       1       0       0       0       0   181CD    3039       0       0
  249999972                    28                    28             2.8631019E-05         1.0000000E+30                 0       
 NEXT SEEDS: DAA7787       1       0       0       0       0   181CD    3039       0       0
  249999973                    27                    27             2.8631019E-05         1.0000000E+30                 0       
 NEXT SEEDS: DAA778B       1       0       0       0       0   181CD    3039       0       0
  249999974                    26                    26             2.8631019E-05         1.0000000E+30                 0       
 NEXT SEEDS: DAA778F       1       0       0       0       0   181CD    3039       0       0
  249999975                    25                    25             2.8631018E-05         1.0000000E+30                 0       
 NEXT SEEDS: DAA7793       1       0       0       0       0   181CD    3039       0       0
  249999976                    24                    24             2.8631018E-05         1.0000000E+30                 0       
 NEXT SEEDS: DAA7797       1       0       0       0       0   181CD    3039       0       0
  249999977                    23                    23             2.8631018E-05         1.0000000E+30                 0       
 NEXT SEEDS: DAA779B       1       0       0       0       0   181CD    3039       0       0
  249999978                    22                    22             2.8631018E-05         1.0000000E+30                 0       
 NEXT SEEDS: DAA779F       1       0       0       0       0   181CD    3039       0       0
  249999979                    21                    21             2.8631018E-05         1.0000000E+30                 0       
 NEXT SEEDS: DAA77A3       1       0       0       0       0   181CD    3039       0       0
  249999980                    20                    20             2.8631018E-05         1.0000000E+30                 0       
 NEXT SEEDS: DAA77A7       1       0       0       0       0   181CD    3039       0       0
  249999981                    19                    19             2.8631018E-05         1.0000000E+30                 0       
 NEXT SEEDS: DAA77AB       1       0       0       0       0   181CD    3039       0       0
  249999982                    18                    18             2.8631018E-05         1.0000000E+30                 0       
 NEXT SEEDS: DAA77AF       1       0       0       0       0   181CD    3039       0       0
  249999983                    17                    17             2.8631018E-05         1.0000000E+30                 0       
 NEXT SEEDS: DAA77B3       1       0       0       0       0   181CD    3039       0       0
  249999984                    16                    16             2.8631017E-05         1.0000000E+30                 0       
 NEXT SEEDS: DAA77B7       1       0       0       0       0   181CD    3039       0       0
  249999985                    15                    15             2.8631017E-05         1.0000000E+30                 0       
 NEXT SEEDS: DAA77BB       1       0       0       0       0   181CD    3039       0       0
  249999986                    14                    14             2.8631017E-05         1.0000000E+30                 0       
 NEXT SEEDS: DAA77BF       1       0       0       0       0   181CD    3039       0       0
  249999987                    13                    13             2.8631017E-05         1.0000000E+30                 0       
 NEXT SEEDS: DAA77C3       1       0       0       0       0   181CD    3039       0       0
  249999988                    12                    12             2.8631017E-05         1.0000000E+30                 0       
 NEXT SEEDS: DAA77C7       1       0       0       0       0   181CD    3039       0       0
  249999989                    11                    11             2.8631017E-05         1.0000000E+30                 0       
 NEXT SEEDS: DAA77CB       1       0       0       0       0   181CD    3039       0       0
  249999990                    10                    10             2.8631017E-05         1.0000000E+30                 0       
 NEXT SEEDS: DAA77CF       1       0       0       0       0   181CD    3039       0       0
  249999991                     9                     9             2.8631017E-05         1.0000000E+30                 0       
 NEXT SEEDS: DAA77D3       1       0       0       0       0   181CD    3039       0       0
  249999992                     8                     8             2.8631016E-05         1.0000000E+30                 0       
 NEXT SEEDS: DAA77D9       1       0       0       0       0   181CD    3039       0       0
  249999993                     7                     7             2.8631016E-05         1.0000000E+30                 0       
 NEXT SEEDS: DAA77DD       1       0       0       0       0   181CD    3039       0       0
  249999994                     6                     6             2.8631016E-05         1.0000000E+30                 0       
 NEXT SEEDS: DAA77E1       1       0       0       0       0   181CD    3039       0       0
  249999995                     5                     5             2.8631016E-05         1.0000000E+30                 0       
 NEXT SEEDS: DAA77E7       1       0       0       0       0   181CD    3039       0       0
  249999996                     4                     4             2.8631018E-05         1.0000000E+30                 0       
 NEXT SEEDS: DAA77EB       1       0       0       0       0   181CD    3039       0       0
  249999997                     3                     3             2.8631018E-05         1.0000000E+30                 0       
 NEXT SEEDS: DAA77EF       1       0       0       0       0   181CD    3039       0       0
  249999998                     2                     2             2.8631018E-05         1.0000000E+30                 0       
 NEXT SEEDS: DAA77F3       1       0       0       0       0   181CD    3039       0       0
  249999999                     1                     1             2.8631020E-05         1.0000000E+30                 0       
 NEXT SEEDS: DAA77F7       1       0       0       0       0   181CD    3039       0       0
  250000000                     0                     1             2.8631019E-05         1.0000000E+30                 0       
 NEXT SEEDS: DAA77FB       1       0       0       0       0   181CD    3039       0       0
