1NUMBER OF BEAM       NUMBER OF BEAM        APPROXIMATE NUMBER    AVERAGE TIME USED     TIME LEFT (RESERVED   NUMBER OF STARS
 PARTICLES HANDLED    PARTICLES LEFT        OF BEAM PARTICLES     BY A BEAM PARTICLE     10000.0 SECONDS      CREATED
                                            THAT CAN STILL BE                           FOR PRINTOUT)
                                            HANDLED

 NEXT SEEDS:       0       0       0       0       0       0   181CD    3039       0       0
          1             249999999             249999999             7.7009201E-05         1.0000000E+30                 0       
 NEXT SEEDS:       4       0       0       0       0       0   181CD    3039       0       0
    5000000             245000000             245000000             2.6315325E-05         1.0000000E+30                 0       
 NEXT SEEDS: 1772C08       0       0       0       0       0   181CD    3039       0       0
   10000000             240000000             240000000             2.6340642E-05         1.0000000E+30                 0       
 NEXT SEEDS: 2EE1968       0       0       0       0       0   181CD    3039       0       0
   15000000             235000000             235000000             2.6434850E-05         1.0000000E+30                 0       
 NEXT SEEDS: 4651DCB       0       0       0       0       0   181CD    3039       0       0
   20000000             230000000             230000000             2.6457325E-05         1.0000000E+30                 0       
 NEXT SEEDS: 5DC414F       0       0       0       0       0   181CD    3039       0       0
   25000000             225000000             225000000             2.6448316E-05         1.0000000E+30                 0       
 NEXT SEEDS: 7536840       0       0       0       0       0   181CD    3039       0       0
   30000000             220000000             220000000             2.6431826E-05         1.0000000E+30                 0       
 NEXT SEEDS: 8CA485E       0       0       0       0       0   181CD    3039       0       0
   35000000             215000000             215000000             2.6419144E-05         1.0000000E+30                 0       
 NEXT SEEDS: A411960       0       0       0       0       0   181CD    3039       0       0
   40000000             210000000             210000000             2.6416561E-05         1.0000000E+30                 0       
 NEXT SEEDS: BB83CCD       0       0       0       0       0   181CD    3039       0       0
   45000000             205000000             205000000             2.6412407E-05         1.0000000E+30                 0       
 NEXT SEEDS: D2F961C       0       0       0       0       0   181CD    3039       0       0
   50000000             200000000             200000000             2.6441017E-05         1.0000000E+30                 0       
 NEXT SEEDS: EA6EC9D       0       0       0       0       0   181CD    3039       0       0
   55000000             195000000             195000000             2.6434745E-05         1.0000000E+30                 0       
 NEXT SEEDS:101DEC75       0       0       0       0       0   181CD    3039       0       0
   60000000             190000000             190000000             2.6425431E-05         1.0000000E+30                 0       
 NEXT SEEDS:1194B02B       0       0       0       0       0   181CD    3039       0       0
   65000000             185000000             185000000             2.6422862E-05         1.0000000E+30                 0       
 NEXT SEEDS:130C1324       0       0       0       0       0   181CD    3039       0       0
   70000000             180000000             180000000             2.6416737E-05         1.0000000E+30                 0       
 NEXT SEEDS:1482F495       0       0       0       0       0   181CD    3039       0       0
   75000000             175000000             175000000             2.6415309E-05         1.0000000E+30                 0       
 NEXT SEEDS:15FA559F       0       0       0       0       0   181CD    3039       0       0
   80000000             170000000             170000000             2.6414181E-05         1.0000000E+30                 0       
 NEXT SEEDS:177158D8       0       0       0       0       0   181CD    3039       0       0
  *** Emfgeo: Ncoun  2000000000
   85000000             165000000             165000000             2.6415300E-05         1.0000000E+30                 0       
 NEXT SEEDS:18E8A0A3       0       0       0       0       0   181CD    3039       0       0
   90000000             160000000             160000000             2.6414602E-05         1.0000000E+30                 0       
 NEXT SEEDS:1A5F76D1       0       0       0       0       0   181CD    3039       0       0
   95000000             155000000             155000000             2.6416537E-05         1.0000000E+30                 0       
 NEXT SEEDS:1BD65B11       0       0       0       0       0   181CD    3039       0       0
  100000000             150000000             150000000             2.6421545E-05         1.0000000E+30                 0       
 NEXT SEEDS:1D4D9047       0       0       0       0       0   181CD    3039       0       0
  105000000             145000000             145000000             2.6419852E-05         1.0000000E+30                 0       
 NEXT SEEDS:1EC4ABD5       0       0       0       0       0   181CD    3039       0       0
  110000000             140000000             140000000             2.6419671E-05         1.0000000E+30                 0       
 NEXT SEEDS:203BD2BA       0       0       0       0       0   181CD    3039       0       0
  115000000             135000000             135000000             2.6416355E-05         1.0000000E+30                 0       
 NEXT SEEDS:21B2C428       0       0       0       0       0   181CD    3039       0       0
  120000000             130000000             130000000             2.6416386E-05         1.0000000E+30                 0       
 NEXT SEEDS:2329FC0E       0       0       0       0       0   181CD    3039       0       0
  125000000             125000000             125000000             2.6415699E-05         1.0000000E+30                 0       
 NEXT SEEDS:24A1187C       0       0       0       0       0   181CD    3039       0       0
  130000000             120000000             120000000             2.6414278E-05         1.0000000E+30                 0       
 NEXT SEEDS:26182FE0       0       0       0       0       0   181CD    3039       0       0
  135000000             115000000             115000000             2.6412454E-05         1.0000000E+30                 0       
 NEXT SEEDS:278F4048       0       0       0       0       0   181CD    3039       0       0
  140000000             110000000             110000000             2.6411785E-05         1.0000000E+30                 0       
 NEXT SEEDS:29063CC5       0       0       0       0       0   181CD    3039       0       0
  145000000             105000000             105000000             2.6410375E-05         1.0000000E+30                 0       
 NEXT SEEDS:2A7D415A       0       0       0       0       0   181CD    3039       0       0
  150000000             100000000             100000000             2.6408663E-05         1.0000000E+30                 0       
 NEXT SEEDS:2BF47B95       0       0       0       0       0   181CD    3039       0       0
  155000000              95000000              95000000             2.6407730E-05         1.0000000E+30                 0       
 NEXT SEEDS:2D6B8EBB       0       0       0       0       0   181CD    3039       0       0
  160000000              90000000              90000000             2.6406683E-05         1.0000000E+30                 0       
 NEXT SEEDS:2EE2E7CB       0       0       0       0       0   181CD    3039       0       0
  *** Emfgeo: Ncoun  2000000000
  165000000              85000000              85000000             2.6405285E-05         1.0000000E+30                 0       
 NEXT SEEDS:3059DEA3       0       0       0       0       0   181CD    3039       0       0
  170000000              80000000              80000000             2.6404699E-05         1.0000000E+30                 0       
 NEXT SEEDS:31D0ED41       0       0       0       0       0   181CD    3039       0       0
  175000000              75000000              75000000             2.6402310E-05         1.0000000E+30                 0       
 NEXT SEEDS:3347CDC1       0       0       0       0       0   181CD    3039       0       0
  180000000              70000000              70000000             2.6401687E-05         1.0000000E+30                 0       
 NEXT SEEDS:34BE97FC       0       0       0       0       0   181CD    3039       0       0
  185000000              65000000              65000000             2.6398334E-05         1.0000000E+30                 0       
 NEXT SEEDS:3635B011       0       0       0       0       0   181CD    3039       0       0
  190000000              60000000              60000000             2.6397697E-05         1.0000000E+30                 0       
 NEXT SEEDS:37ACDE2C       0       0       0       0       0   181CD    3039       0       0
  195000000              55000000              55000000             2.6395485E-05         1.0000000E+30                 0       
 NEXT SEEDS:3923BE07       0       0       0       0       0   181CD    3039       0       0
  200000000              50000000              50000000             2.6394192E-05         1.0000000E+30                 0       
 NEXT SEEDS:3A9AC2D3       0       0       0       0       0   181CD    3039       0       0
  205000000              45000000              45000000             2.6393130E-05         1.0000000E+30                 0       
 NEXT SEEDS:  76D587       1       0       0       0       0   181CD    3039       0       0
  210000000              40000000              40000000             2.6392720E-05         1.0000000E+30                 0       
 NEXT SEEDS: 1EE4BFE       1       0       0       0       0   181CD    3039       0       0
  215000000              35000000              35000000             2.6391765E-05         1.0000000E+30                 0       
 NEXT SEEDS: 3657415       1       0       0       0       0   181CD    3039       0       0
  220000000              30000000              30000000             2.6392438E-05         1.0000000E+30                 0       
 NEXT SEEDS: 4DCB623       1       0       0       0       0   181CD    3039       0       0
  225000000              25000000              25000000             2.6391936E-05         1.0000000E+30                 0       
 NEXT SEEDS: 653F18F       1       0       0       0       0   181CD    3039       0       0
  230000000              20000000              20000000             2.6391911E-05         1.0000000E+30                 0       
 NEXT SEEDS: 7CAEF24       1       0       0       0       0   181CD    3039       0       0
  235000000              15000000              15000000             2.6390941E-05         1.0000000E+30                 0       
 NEXT SEEDS: 941F906       1       0       0       0       0   181CD    3039       0       0
  240000000              10000000              10000000             2.6389866E-05         1.0000000E+30                 0       
 NEXT SEEDS: AB915F1       1       0       0       0       0   181CD    3039       0       0
  *** Emfgeo: Ncoun  2000000000
  245000000               5000000               5000000             2.6389834E-05         1.0000000E+30                 0       
 NEXT SEEDS: C300979       1       0       0       0       0   181CD    3039       0       0
  249999950                    50                    50             2.6392224E-05         1.0000000E+30                 0       
 NEXT SEEDS: DA71EC9       1       0       0       0       0   181CD    3039       0       0
  249999951                    49                    49             2.6392224E-05         1.0000000E+30                 0       
 NEXT SEEDS: DA71ECD       1       0       0       0       0   181CD    3039       0       0
  249999952                    48                    48             2.6392226E-05         1.0000000E+30                 0       
 NEXT SEEDS: DA71ED1       1       0       0       0       0   181CD    3039       0       0
  249999953                    47                    47             2.6392225E-05         1.0000000E+30                 0       
 NEXT SEEDS: DA71ED5       1       0       0       0       0   181CD    3039       0       0
  249999954                    46                    46             2.6392225E-05         1.0000000E+30                 0       
 NEXT SEEDS: DA71ED9       1       0       0       0       0   181CD    3039       0       0
  249999955                    45                    45             2.6392225E-05         1.0000000E+30                 0       
 NEXT SEEDS: DA71EDD       1       0       0       0       0   181CD    3039       0       0
  249999956                    44                    44             2.6392225E-05         1.0000000E+30                 0       
 NEXT SEEDS: DA71EE1       1       0       0       0       0   181CD    3039       0       0
  249999957                    43                    43             2.6392225E-05         1.0000000E+30                 0       
 NEXT SEEDS: DA71EE5       1       0       0       0       0   181CD    3039       0       0
  249999958                    42                    42             2.6392225E-05         1.0000000E+30                 0       
 NEXT SEEDS: DA71EE9       1       0       0       0       0   181CD    3039       0       0
  249999959                    41                    41             2.6392225E-05         1.0000000E+30                 0       
 NEXT SEEDS: DA71EEF       1       0       0       0       0   181CD    3039       0       0
  249999960                    40                    40             2.6392227E-05         1.0000000E+30                 0       
 NEXT SEEDS: DA71EF3       1       0       0       0       0   181CD    3039       0       0
  249999961                    39                    39             2.6392227E-05         1.0000000E+30                 0       
 NEXT SEEDS: DA71EF7       1       0       0       0       0   181CD    3039       0       0
  249999962                    38                    38             2.6392226E-05         1.0000000E+30                 0       
 NEXT SEEDS: DA71EFB       1       0       0       0       0   181CD    3039       0       0
  249999963                    37                    37             2.6392226E-05         1.0000000E+30                 0       
 NEXT SEEDS: DA71EFF       1       0       0       0       0   181CD    3039       0       0
  249999964                    36                    36             2.6392226E-05         1.0000000E+30                 0       
 NEXT SEEDS: DA71F03       1       0       0       0       0   181CD    3039       0       0
  249999965                    35                    35             2.6392226E-05         1.0000000E+30                 0       
 NEXT SEEDS: DA71F17       1       0       0       0       0   181CD    3039       0       0
  249999966                    34                    34             2.6392228E-05         1.0000000E+30                 0       
 NEXT SEEDS: DA71F1B       1       0       0       0       0   181CD    3039       0       0
  249999967                    33                    33             2.6392228E-05         1.0000000E+30                 0       
 NEXT SEEDS: DA71F1F       1       0       0       0       0   181CD    3039       0       0
  249999968                    32                    32             2.6392228E-05         1.0000000E+30                 0       
 NEXT SEEDS: DA71F23       1       0       0       0       0   181CD    3039       0       0
  249999969                    31                    31             2.6392228E-05         1.0000000E+30                 0       
 NEXT SEEDS: DA71F27       1       0       0       0       0   181CD    3039       0       0
  249999970                    30                    30             2.6392230E-05         1.0000000E+30                 0       
 NEXT SEEDS: DA71F2B       1       0       0       0       0   181CD    3039       0       0
  249999971                    29                    29             2.6392229E-05         1.0000000E+30                 0       
 NEXT SEEDS: DA71F2F       1       0       0       0       0   181CD    3039       0       0
  249999972                    28                    28             2.6392229E-05         1.0000000E+30                 0       
 NEXT SEEDS: DA71F33       1       0       0       0       0   181CD    3039       0       0
  249999973                    27                    27             2.6392231E-05         1.0000000E+30                 0       
 NEXT SEEDS: DA71F37       1       0       0       0       0   181CD    3039       0       0
  249999974                    26                    26             2.6392231E-05         1.0000000E+30                 0       
 NEXT SEEDS: DA71F3B       1       0       0       0       0   181CD    3039       0       0
  249999975                    25                    25             2.6392231E-05         1.0000000E+30                 0       
 NEXT SEEDS: DA71F3F       1       0       0       0       0   181CD    3039       0       0
  249999976                    24                    24             2.6392231E-05         1.0000000E+30                 0       
 NEXT SEEDS: DA71F43       1       0       0       0       0   181CD    3039       0       0
  249999977                    23                    23             2.6392231E-05         1.0000000E+30                 0       
 NEXT SEEDS: DA71F47       1       0       0       0       0   181CD    3039       0       0
  249999978                    22                    22             2.6392231E-05         1.0000000E+30                 0       
 NEXT SEEDS: DA71F4B       1       0       0       0       0   181CD    3039       0       0
  249999979                    21                    21             2.6392231E-05         1.0000000E+30                 0       
 NEXT SEEDS: DA71F4F       1       0       0       0       0   181CD    3039       0       0
  249999980                    20                    20             2.6392230E-05         1.0000000E+30                 0       
 NEXT SEEDS: DA71F53       1       0       0       0       0   181CD    3039       0       0
  249999981                    19                    19             2.6392230E-05         1.0000000E+30                 0       
 NEXT SEEDS: DA71F57       1       0       0       0       0   181CD    3039       0       0
  249999982                    18                    18             2.6392232E-05         1.0000000E+30                 0       
 NEXT SEEDS: DA71F5B       1       0       0       0       0   181CD    3039       0       0
  249999983                    17                    17             2.6392232E-05         1.0000000E+30                 0       
 NEXT SEEDS: DA71F5F       1       0       0       0       0   181CD    3039       0       0
  249999984                    16                    16             2.6392232E-05         1.0000000E+30                 0       
 NEXT SEEDS: DA71F63       1       0       0       0       0   181CD    3039       0       0
  249999985                    15                    15             2.6392234E-05         1.0000000E+30                 0       
 NEXT SEEDS: DA71F67       1       0       0       0       0   181CD    3039       0       0
  249999986                    14                    14             2.6392234E-05         1.0000000E+30                 0       
 NEXT SEEDS: DA71F6B       1       0       0       0       0   181CD    3039       0       0
  249999987                    13                    13             2.6392234E-05         1.0000000E+30                 0       
 NEXT SEEDS: DA71F71       1       0       0       0       0   181CD    3039       0       0
  249999988                    12                    12             2.6392233E-05         1.0000000E+30                 0       
 NEXT SEEDS: DA71F75       1       0       0       0       0   181CD    3039       0       0
  249999989                    11                    11             2.6392233E-05         1.0000000E+30                 0       
 NEXT SEEDS: DA71F79       1       0       0       0       0   181CD    3039       0       0
  249999990                    10                    10             2.6392233E-05         1.0000000E+30                 0       
 NEXT SEEDS: DA71F7D       1       0       0       0       0   181CD    3039       0       0
  249999991                     9                     9             2.6392233E-05         1.0000000E+30                 0       
 NEXT SEEDS: DA71F81       1       0       0       0       0   181CD    3039       0       0
  249999992                     8                     8             2.6392233E-05         1.0000000E+30                 0       
 NEXT SEEDS: DA71F85       1       0       0       0       0   181CD    3039       0       0
  249999993                     7                     7             2.6392233E-05         1.0000000E+30                 0       
 NEXT SEEDS: DA71F89       1       0       0       0       0   181CD    3039       0       0
  249999994                     6                     6             2.6392235E-05         1.0000000E+30                 0       
 NEXT SEEDS: DA71F8D       1       0       0       0       0   181CD    3039       0       0
  249999995                     5                     5             2.6392235E-05         1.0000000E+30                 0       
 NEXT SEEDS: DA71F91       1       0       0       0       0   181CD    3039       0       0
  249999996                     4                     4             2.6392237E-05         1.0000000E+30                 0       
 NEXT SEEDS: DA71F97       1       0       0       0       0   181CD    3039       0       0
  249999997                     3                     3             2.6392236E-05         1.0000000E+30                 0       
 NEXT SEEDS: DA71F9B       1       0       0       0       0   181CD    3039       0       0
  249999998                     2                     2             2.6392236E-05         1.0000000E+30                 0       
 NEXT SEEDS: DA71F9F       1       0       0       0       0   181CD    3039       0       0
  249999999                     1                     1             2.6392238E-05         1.0000000E+30                 0       
 NEXT SEEDS: DA71FA3       1       0       0       0       0   181CD    3039       0       0
  250000000                     0                     1             2.6392238E-05         1.0000000E+30                 0       
 NEXT SEEDS: DA71FA7       1       0       0       0       0   181CD    3039       0       0
