1NUMBER OF BEAM       NUMBER OF BEAM        APPROXIMATE NUMBER    AVERAGE TIME USED     TIME LEFT (RESERVED   NUMBER OF STARS
 PARTICLES HANDLED    PARTICLES LEFT        OF BEAM PARTICLES     BY A BEAM PARTICLE     10000.0 SECONDS      CREATED
                                            THAT CAN STILL BE                           FOR PRINTOUT)
                                            HANDLED

 NEXT SEEDS:       0       0       0       0       0       0   181CD    3039       0       0
          1             249999999             249999999             7.6055527E-05         1.0000000E+30                 0       
 NEXT SEEDS:       4       0       0       0       0       0   181CD    3039       0       0
    5000000             245000000             245000000             2.6471363E-05         1.0000000E+30                 0       
 NEXT SEEDS: 17722D7       0       0       0       0       0   181CD    3039       0       0
   10000000             240000000             240000000             2.6436350E-05         1.0000000E+30                 0       
 NEXT SEEDS: 2EE35F3       0       0       0       0       0   181CD    3039       0       0
   15000000             235000000             235000000             2.6443466E-05         1.0000000E+30                 0       
 NEXT SEEDS: 4657D78       0       0       0       0       0   181CD    3039       0       0
   20000000             230000000             230000000             2.6416474E-05         1.0000000E+30                 0       
 NEXT SEEDS: 5DC6421       0       0       0       0       0   181CD    3039       0       0
   25000000             225000000             225000000             2.6404705E-05         1.0000000E+30                 0       
 NEXT SEEDS: 7537B02       0       0       0       0       0   181CD    3039       0       0
   30000000             220000000             220000000             2.6405312E-05         1.0000000E+30                 0       
 NEXT SEEDS: 8CA7ED1       0       0       0       0       0   181CD    3039       0       0
   35000000             215000000             215000000             2.6406332E-05         1.0000000E+30                 0       
 NEXT SEEDS: A41CE2C       0       0       0       0       0   181CD    3039       0       0
   40000000             210000000             210000000             2.6407181E-05         1.0000000E+30                 0       
 NEXT SEEDS: BB8CD5D       0       0       0       0       0   181CD    3039       0       0
   45000000             205000000             205000000             2.6410580E-05         1.0000000E+30                 0       
 NEXT SEEDS: D301D33       0       0       0       0       0   181CD    3039       0       0
   50000000             200000000             200000000             2.6414675E-05         1.0000000E+30                 0       
 NEXT SEEDS: EA76CEE       0       0       0       0       0   181CD    3039       0       0
   55000000             195000000             195000000             2.6411408E-05         1.0000000E+30                 0       
 NEXT SEEDS:101E57B3       0       0       0       0       0   181CD    3039       0       0
   60000000             190000000             190000000             2.6413328E-05         1.0000000E+30                 0       
 NEXT SEEDS:1195610A       0       0       0       0       0   181CD    3039       0       0
   65000000             185000000             185000000             2.6412975E-05         1.0000000E+30                 0       
 NEXT SEEDS:130C5174       0       0       0       0       0   181CD    3039       0       0
   70000000             180000000             180000000             2.6412561E-05         1.0000000E+30                 0       
 NEXT SEEDS:14835892       0       0       0       0       0   181CD    3039       0       0
   75000000             175000000             175000000             2.6410205E-05         1.0000000E+30                 0       
 NEXT SEEDS:15FA6630       0       0       0       0       0   181CD    3039       0       0
   80000000             170000000             170000000             2.6411017E-05         1.0000000E+30                 0       
 NEXT SEEDS:1771A0CE       0       0       0       0       0   181CD    3039       0       0
  *** Emfgeo: Ncoun  2000000000
   85000000             165000000             165000000             2.6410633E-05         1.0000000E+30                 0       
 NEXT SEEDS:18E8EDE2       0       0       0       0       0   181CD    3039       0       0
   90000000             160000000             160000000             2.6408043E-05         1.0000000E+30                 0       
 NEXT SEEDS:1A603177       0       0       0       0       0   181CD    3039       0       0
   95000000             155000000             155000000             2.6405808E-05         1.0000000E+30                 0       
 NEXT SEEDS:1BD72989       0       0       0       0       0   181CD    3039       0       0
  100000000             150000000             150000000             2.6403518E-05         1.0000000E+30                 0       
 NEXT SEEDS:1D4E568C       0       0       0       0       0   181CD    3039       0       0
  105000000             145000000             145000000             2.6403690E-05         1.0000000E+30                 0       
 NEXT SEEDS:1EC5481A       0       0       0       0       0   181CD    3039       0       0
  110000000             140000000             140000000             2.6402421E-05         1.0000000E+30                 0       
 NEXT SEEDS:203C6F26       0       0       0       0       0   181CD    3039       0       0
  115000000             135000000             135000000             2.6402452E-05         1.0000000E+30                 0       
 NEXT SEEDS:21B3B45C       0       0       0       0       0   181CD    3039       0       0
  120000000             130000000             130000000             2.6399278E-05         1.0000000E+30                 0       
 NEXT SEEDS:232A9020       0       0       0       0       0   181CD    3039       0       0
  125000000             125000000             125000000             2.6399111E-05         1.0000000E+30                 0       
 NEXT SEEDS:24A19F59       0       0       0       0       0   181CD    3039       0       0
  130000000             120000000             120000000             2.6399309E-05         1.0000000E+30                 0       
 NEXT SEEDS:26189467       0       0       0       0       0   181CD    3039       0       0
  135000000             115000000             115000000             2.6397897E-05         1.0000000E+30                 0       
 NEXT SEEDS:278F5BAD       0       0       0       0       0   181CD    3039       0       0
  140000000             110000000             110000000             2.6398064E-05         1.0000000E+30                 0       
 NEXT SEEDS:29069D05       0       0       0       0       0   181CD    3039       0       0
  145000000             105000000             105000000             2.6397724E-05         1.0000000E+30                 0       
 NEXT SEEDS:2A7DDE38       0       0       0       0       0   181CD    3039       0       0
  150000000             100000000             100000000             2.6397951E-05         1.0000000E+30                 0       
 NEXT SEEDS:2BF506E2       0       0       0       0       0   181CD    3039       0       0
  155000000              95000000              95000000             2.6397440E-05         1.0000000E+30                 0       
 NEXT SEEDS:2D6BF0BC       0       0       0       0       0   181CD    3039       0       0
  160000000              90000000              90000000             2.6397661E-05         1.0000000E+30                 0       
 NEXT SEEDS:2EE3325A       0       0       0       0       0   181CD    3039       0       0
  *** Emfgeo: Ncoun  2000000000
  165000000              85000000              85000000             2.6396240E-05         1.0000000E+30                 0       
 NEXT SEEDS:305A2697       0       0       0       0       0   181CD    3039       0       0
  170000000              80000000              80000000             2.6394831E-05         1.0000000E+30                 0       
 NEXT SEEDS:31D10494       0       0       0       0       0   181CD    3039       0       0
  175000000              75000000              75000000             2.6395481E-05         1.0000000E+30                 0       
 NEXT SEEDS:33480C07       0       0       0       0       0   181CD    3039       0       0
  180000000              70000000              70000000             2.6395151E-05         1.0000000E+30                 0       
 NEXT SEEDS:34BF0998       0       0       0       0       0   181CD    3039       0       0
  185000000              65000000              65000000             2.6395776E-05         1.0000000E+30                 0       
 NEXT SEEDS:36362A29       0       0       0       0       0   181CD    3039       0       0
  190000000              60000000              60000000             2.6395185E-05         1.0000000E+30                 0       
 NEXT SEEDS:37AD4B35       0       0       0       0       0   181CD    3039       0       0
  195000000              55000000              55000000             2.6394846E-05         1.0000000E+30                 0       
 NEXT SEEDS:39242F93       0       0       0       0       0   181CD    3039       0       0
  200000000              50000000              50000000             2.6394135E-05         1.0000000E+30                 0       
 NEXT SEEDS:3A9B5470       0       0       0       0       0   181CD    3039       0       0
  205000000              45000000              45000000             2.6394394E-05         1.0000000E+30                 0       
 NEXT SEEDS:  77CF61       1       0       0       0       0   181CD    3039       0       0
  210000000              40000000              40000000             2.6394256E-05         1.0000000E+30                 0       
 NEXT SEEDS: 1EE8FFD       1       0       0       0       0   181CD    3039       0       0
  215000000              35000000              35000000             2.6394278E-05         1.0000000E+30                 0       
 NEXT SEEDS: 365918C       1       0       0       0       0   181CD    3039       0       0
  220000000              30000000              30000000             2.6394792E-05         1.0000000E+30                 0       
 NEXT SEEDS: 4DCC3DF       1       0       0       0       0   181CD    3039       0       0
  225000000              25000000              25000000             2.6393571E-05         1.0000000E+30                 0       
 NEXT SEEDS: 6539307       1       0       0       0       0   181CD    3039       0       0
  230000000              20000000              20000000             2.6392972E-05         1.0000000E+30                 0       
 NEXT SEEDS: 7CA8CCF       1       0       0       0       0   181CD    3039       0       0
  235000000              15000000              15000000             2.6393211E-05         1.0000000E+30                 0       
 NEXT SEEDS: 941B7F4       1       0       0       0       0   181CD    3039       0       0
  240000000              10000000              10000000             2.6392565E-05         1.0000000E+30                 0       
 NEXT SEEDS: AB8848A       1       0       0       0       0   181CD    3039       0       0
  *** Emfgeo: Ncoun  2000000000
  245000000               5000000               5000000             2.6392266E-05         1.0000000E+30                 0       
 NEXT SEEDS: C2F58E0       1       0       0       0       0   181CD    3039       0       0
  249999950                    50                    50             2.6391899E-05         1.0000000E+30                 0       
 NEXT SEEDS: DA69BBE       1       0       0       0       0   181CD    3039       0       0
  249999951                    49                    49             2.6391899E-05         1.0000000E+30                 0       
 NEXT SEEDS: DA69BC2       1       0       0       0       0   181CD    3039       0       0
  249999952                    48                    48             2.6391899E-05         1.0000000E+30                 0       
 NEXT SEEDS: DA69BC6       1       0       0       0       0   181CD    3039       0       0
  249999953                    47                    47             2.6391899E-05         1.0000000E+30                 0       
 NEXT SEEDS: DA69BCA       1       0       0       0       0   181CD    3039       0       0
  249999954                    46                    46             2.6391898E-05         1.0000000E+30                 0       
 NEXT SEEDS: DA69BCE       1       0       0       0       0   181CD    3039       0       0
  249999955                    45                    45             2.6391898E-05         1.0000000E+30                 0       
 NEXT SEEDS: DA69BD2       1       0       0       0       0   181CD    3039       0       0
  249999956                    44                    44             2.6391898E-05         1.0000000E+30                 0       
 NEXT SEEDS: DA69BD6       1       0       0       0       0   181CD    3039       0       0
  249999957                    43                    43             2.6391898E-05         1.0000000E+30                 0       
 NEXT SEEDS: DA69BDA       1       0       0       0       0   181CD    3039       0       0
  249999958                    42                    42             2.6391898E-05         1.0000000E+30                 0       
 NEXT SEEDS: DA69BDE       1       0       0       0       0   181CD    3039       0       0
  249999959                    41                    41             2.6391898E-05         1.0000000E+30                 0       
 NEXT SEEDS: DA69BF3       1       0       0       0       0   181CD    3039       0       0
  249999960                    40                    40             2.6391898E-05         1.0000000E+30                 0       
 NEXT SEEDS: DA69BF7       1       0       0       0       0   181CD    3039       0       0
  249999961                    39                    39             2.6391898E-05         1.0000000E+30                 0       
 NEXT SEEDS: DA69BFB       1       0       0       0       0   181CD    3039       0       0
  249999962                    38                    38             2.6391898E-05         1.0000000E+30                 0       
 NEXT SEEDS: DA69BFF       1       0       0       0       0   181CD    3039       0       0
  249999963                    37                    37             2.6391897E-05         1.0000000E+30                 0       
 NEXT SEEDS: DA69C03       1       0       0       0       0   181CD    3039       0       0
  249999964                    36                    36             2.6391897E-05         1.0000000E+30                 0       
 NEXT SEEDS: DA69C07       1       0       0       0       0   181CD    3039       0       0
  249999965                    35                    35             2.6391897E-05         1.0000000E+30                 0       
 NEXT SEEDS: DA69C1A       1       0       0       0       0   181CD    3039       0       0
  249999966                    34                    34             2.6391897E-05         1.0000000E+30                 0       
 NEXT SEEDS: DA69C1E       1       0       0       0       0   181CD    3039       0       0
  249999967                    33                    33             2.6391897E-05         1.0000000E+30                 0       
 NEXT SEEDS: DA69C22       1       0       0       0       0   181CD    3039       0       0
  249999968                    32                    32             2.6391897E-05         1.0000000E+30                 0       
 NEXT SEEDS: DA69C26       1       0       0       0       0   181CD    3039       0       0
  249999969                    31                    31             2.6391897E-05         1.0000000E+30                 0       
 NEXT SEEDS: DA69C2A       1       0       0       0       0   181CD    3039       0       0
  249999970                    30                    30             2.6391897E-05         1.0000000E+30                 0       
 NEXT SEEDS: DA69C2E       1       0       0       0       0   181CD    3039       0       0
  249999971                    29                    29             2.6391897E-05         1.0000000E+30                 0       
 NEXT SEEDS: DA69C34       1       0       0       0       0   181CD    3039       0       0
  249999972                    28                    28             2.6391897E-05         1.0000000E+30                 0       
 NEXT SEEDS: DA69C38       1       0       0       0       0   181CD    3039       0       0
  249999973                    27                    27             2.6391896E-05         1.0000000E+30                 0       
 NEXT SEEDS: DA69C3C       1       0       0       0       0   181CD    3039       0       0
  249999974                    26                    26             2.6391896E-05         1.0000000E+30                 0       
 NEXT SEEDS: DA69C40       1       0       0       0       0   181CD    3039       0       0
  249999975                    25                    25             2.6391898E-05         1.0000000E+30                 0       
 NEXT SEEDS: DA69C44       1       0       0       0       0   181CD    3039       0       0
  249999976                    24                    24             2.6391898E-05         1.0000000E+30                 0       
 NEXT SEEDS: DA69C48       1       0       0       0       0   181CD    3039       0       0
  249999977                    23                    23             2.6391898E-05         1.0000000E+30                 0       
 NEXT SEEDS: DA69C4C       1       0       0       0       0   181CD    3039       0       0
  249999978                    22                    22             2.6391900E-05         1.0000000E+30                 0       
 NEXT SEEDS: DA69C50       1       0       0       0       0   181CD    3039       0       0
  249999979                    21                    21             2.6391900E-05         1.0000000E+30                 0       
 NEXT SEEDS: DA69C54       1       0       0       0       0   181CD    3039       0       0
  249999980                    20                    20             2.6391900E-05         1.0000000E+30                 0       
 NEXT SEEDS: DA69C58       1       0       0       0       0   181CD    3039       0       0
  249999981                    19                    19             2.6391901E-05         1.0000000E+30                 0       
 NEXT SEEDS: DA69C5C       1       0       0       0       0   181CD    3039       0       0
  249999982                    18                    18             2.6391901E-05         1.0000000E+30                 0       
 NEXT SEEDS: DA69C60       1       0       0       0       0   181CD    3039       0       0
  249999983                    17                    17             2.6391901E-05         1.0000000E+30                 0       
 NEXT SEEDS: DA69C64       1       0       0       0       0   181CD    3039       0       0
  249999984                    16                    16             2.6391903E-05         1.0000000E+30                 0       
 NEXT SEEDS: DA69C68       1       0       0       0       0   181CD    3039       0       0
  249999985                    15                    15             2.6391903E-05         1.0000000E+30                 0       
 NEXT SEEDS: DA69C6C       1       0       0       0       0   181CD    3039       0       0
  249999986                    14                    14             2.6391903E-05         1.0000000E+30                 0       
 NEXT SEEDS: DA69C70       1       0       0       0       0   181CD    3039       0       0
  249999987                    13                    13             2.6391905E-05         1.0000000E+30                 0       
 NEXT SEEDS: DA69C82       1       0       0       0       0   181CD    3039       0       0
  249999988                    12                    12             2.6391905E-05         1.0000000E+30                 0       
 NEXT SEEDS: DA69C86       1       0       0       0       0   181CD    3039       0       0
  249999989                    11                    11             2.6391905E-05         1.0000000E+30                 0       
 NEXT SEEDS: DA69C8A       1       0       0       0       0   181CD    3039       0       0
  249999990                    10                    10             2.6391906E-05         1.0000000E+30                 0       
 NEXT SEEDS: DA69C8E       1       0       0       0       0   181CD    3039       0       0
  249999991                     9                     9             2.6391906E-05         1.0000000E+30                 0       
 NEXT SEEDS: DA69C94       1       0       0       0       0   181CD    3039       0       0
  249999992                     8                     8             2.6391908E-05         1.0000000E+30                 0       
 NEXT SEEDS: DA69C98       1       0       0       0       0   181CD    3039       0       0
  249999993                     7                     7             2.6391908E-05         1.0000000E+30                 0       
 NEXT SEEDS: DA69C9C       1       0       0       0       0   181CD    3039       0       0
  249999994                     6                     6             2.6391908E-05         1.0000000E+30                 0       
 NEXT SEEDS: DA69CA0       1       0       0       0       0   181CD    3039       0       0
  249999995                     5                     5             2.6391910E-05         1.0000000E+30                 0       
 NEXT SEEDS: DA69CA4       1       0       0       0       0   181CD    3039       0       0
  249999996                     4                     4             2.6391910E-05         1.0000000E+30                 0       
 NEXT SEEDS: DA69CA8       1       0       0       0       0   181CD    3039       0       0
  249999997                     3                     3             2.6391910E-05         1.0000000E+30                 0       
 NEXT SEEDS: DA69CAC       1       0       0       0       0   181CD    3039       0       0
  249999998                     2                     2             2.6391911E-05         1.0000000E+30                 0       
 NEXT SEEDS: DA69CB0       1       0       0       0       0   181CD    3039       0       0
  249999999                     1                     1             2.6391911E-05         1.0000000E+30                 0       
 NEXT SEEDS: DA69CB4       1       0       0       0       0   181CD    3039       0       0
  250000000                     0                     1             2.6391911E-05         1.0000000E+30                 0       
 NEXT SEEDS: DA69CB8       1       0       0       0       0   181CD    3039       0       0
