1NUMBER OF BEAM       NUMBER OF BEAM        APPROXIMATE NUMBER    AVERAGE TIME USED     TIME LEFT (RESERVED   NUMBER OF STARS
 PARTICLES HANDLED    PARTICLES LEFT        OF BEAM PARTICLES     BY A BEAM PARTICLE     10000.0 SECONDS      CREATED
                                            THAT CAN STILL BE                           FOR PRINTOUT)
                                            HANDLED

 NEXT SEEDS:       0       0       0       0       0       0   181CD    3039       0       0
          1             249999999             249999999             7.6055527E-05         1.0000000E+30                 0       
 NEXT SEEDS:       4       0       0       0       0       0   181CD    3039       0       0
    5000000             245000000             245000000             2.6484288E-05         1.0000000E+30                 0       
 NEXT SEEDS: 17740D4       0       0       0       0       0   181CD    3039       0       0
   10000000             240000000             240000000             2.6640644E-05         1.0000000E+30                 0       
 NEXT SEEDS: 2EE739C       0       0       0       0       0   181CD    3039       0       0
   15000000             235000000             235000000             2.6670065E-05         1.0000000E+30                 0       
 NEXT SEEDS: 46562D3       0       0       0       0       0   181CD    3039       0       0
   20000000             230000000             230000000             2.6675013E-05         1.0000000E+30                 0       
 NEXT SEEDS: 5DC68CD       0       0       0       0       0   181CD    3039       0       0
   25000000             225000000             225000000             2.6654095E-05         1.0000000E+30                 0       
 NEXT SEEDS: 75390C9       0       0       0       0       0   181CD    3039       0       0
   30000000             220000000             220000000             2.6621047E-05         1.0000000E+30                 0       
 NEXT SEEDS: 8CAB8DB       0       0       0       0       0   181CD    3039       0       0
   35000000             215000000             215000000             2.6598499E-05         1.0000000E+30                 0       
 NEXT SEEDS: A41DC30       0       0       0       0       0   181CD    3039       0       0
   40000000             210000000             210000000             2.6611168E-05         1.0000000E+30                 0       
 NEXT SEEDS: BB8D1AD       0       0       0       0       0   181CD    3039       0       0
   45000000             205000000             205000000             2.6617059E-05         1.0000000E+30                 0       
 NEXT SEEDS: D2FF431       0       0       0       0       0   181CD    3039       0       0
   50000000             200000000             200000000             2.6596571E-05         1.0000000E+30                 0       
 NEXT SEEDS: EA7145D       0       0       0       0       0   181CD    3039       0       0
   55000000             195000000             195000000             2.6589166E-05         1.0000000E+30                 0       
 NEXT SEEDS:101E237E       0       0       0       0       0   181CD    3039       0       0
   60000000             190000000             190000000             2.6583245E-05         1.0000000E+30                 0       
 NEXT SEEDS:119556BB       0       0       0       0       0   181CD    3039       0       0
   65000000             185000000             185000000             2.6572988E-05         1.0000000E+30                 0       
 NEXT SEEDS:130CA5BF       0       0       0       0       0   181CD    3039       0       0
   70000000             180000000             180000000             2.6559669E-05         1.0000000E+30                 0       
 NEXT SEEDS:1483B7AD       0       0       0       0       0   181CD    3039       0       0
   75000000             175000000             175000000             2.6552486E-05         1.0000000E+30                 0       
 NEXT SEEDS:15FB01F0       0       0       0       0       0   181CD    3039       0       0
   80000000             170000000             170000000             2.6542254E-05         1.0000000E+30                 0       
 NEXT SEEDS:177230A9       0       0       0       0       0   181CD    3039       0       0
  *** Emfgeo: Ncoun  2000000000
   85000000             165000000             165000000             2.6530945E-05         1.0000000E+30                 0       
 NEXT SEEDS:18E92401       0       0       0       0       0   181CD    3039       0       0
   90000000             160000000             160000000             2.6522384E-05         1.0000000E+30                 0       
 NEXT SEEDS:1A603EE2       0       0       0       0       0   181CD    3039       0       0
   95000000             155000000             155000000             2.6514062E-05         1.0000000E+30                 0       
 NEXT SEEDS:1BD75D47       0       0       0       0       0   181CD    3039       0       0
  100000000             150000000             150000000             2.6508110E-05         1.0000000E+30                 0       
 NEXT SEEDS:1D4E9DB3       0       0       0       0       0   181CD    3039       0       0
  105000000             145000000             145000000             2.6509623E-05         1.0000000E+30                 0       
 NEXT SEEDS:1EC5C00C       0       0       0       0       0   181CD    3039       0       0
  110000000             140000000             140000000             2.6505129E-05         1.0000000E+30                 0       
 NEXT SEEDS:203CB096       0       0       0       0       0   181CD    3039       0       0
  115000000             135000000             135000000             2.6502086E-05         1.0000000E+30                 0       
 NEXT SEEDS:21B3B598       0       0       0       0       0   181CD    3039       0       0
  120000000             130000000             130000000             2.6497562E-05         1.0000000E+30                 0       
 NEXT SEEDS:232AA605       0       0       0       0       0   181CD    3039       0       0
  125000000             125000000             125000000             2.6497701E-05         1.0000000E+30                 0       
 NEXT SEEDS:24A1D4E5       0       0       0       0       0   181CD    3039       0       0
  130000000             120000000             120000000             2.6497646E-05         1.0000000E+30                 0       
 NEXT SEEDS:2618F71E       0       0       0       0       0   181CD    3039       0       0
  135000000             115000000             115000000             2.6498405E-05         1.0000000E+30                 0       
 NEXT SEEDS:27900321       0       0       0       0       0   181CD    3039       0       0
  140000000             110000000             110000000             2.6495963E-05         1.0000000E+30                 0       
 NEXT SEEDS:2906F448       0       0       0       0       0   181CD    3039       0       0
  145000000             105000000             105000000             2.6493962E-05         1.0000000E+30                 0       
 NEXT SEEDS:2A7DED97       0       0       0       0       0   181CD    3039       0       0
  150000000             100000000             100000000             2.6500364E-05         1.0000000E+30                 0       
 NEXT SEEDS:2BF52004       0       0       0       0       0   181CD    3039       0       0
  155000000              95000000              95000000             2.6498390E-05         1.0000000E+30                 0       
 NEXT SEEDS:2D6C3B90       0       0       0       0       0   181CD    3039       0       0
  160000000              90000000              90000000             2.6494507E-05         1.0000000E+30                 0       
 NEXT SEEDS:2EE33AF1       0       0       0       0       0   181CD    3039       0       0
  *** Emfgeo: Ncoun  2000000000
  165000000              85000000              85000000             2.6489645E-05         1.0000000E+30                 0       
 NEXT SEEDS:305A0021       0       0       0       0       0   181CD    3039       0       0
  170000000              80000000              80000000             2.6487184E-05         1.0000000E+30                 0       
 NEXT SEEDS:31D1042A       0       0       0       0       0   181CD    3039       0       0
  175000000              75000000              75000000             2.6485175E-05         1.0000000E+30                 0       
 NEXT SEEDS:33482735       0       0       0       0       0   181CD    3039       0       0
  180000000              70000000              70000000             2.6492298E-05         1.0000000E+30                 0       
 NEXT SEEDS:34BF27EC       0       0       0       0       0   181CD    3039       0       0
  185000000              65000000              65000000             2.6492910E-05         1.0000000E+30                 0       
 NEXT SEEDS:3636432A       0       0       0       0       0   181CD    3039       0       0
  190000000              60000000              60000000             2.6490054E-05         1.0000000E+30                 0       
 NEXT SEEDS:37AD56D7       0       0       0       0       0   181CD    3039       0       0
  195000000              55000000              55000000             2.6487755E-05         1.0000000E+30                 0       
 NEXT SEEDS:39244961       0       0       0       0       0   181CD    3039       0       0
  200000000              50000000              50000000             2.6484914E-05         1.0000000E+30                 0       
 NEXT SEEDS:3A9B508E       0       0       0       0       0   181CD    3039       0       0
  205000000              45000000              45000000             2.6481805E-05         1.0000000E+30                 0       
 NEXT SEEDS:  777D0E       1       0       0       0       0   181CD    3039       0       0
  210000000              40000000              40000000             2.6482212E-05         1.0000000E+30                 0       
 NEXT SEEDS: 1EEE684       1       0       0       0       0   181CD    3039       0       0
  215000000              35000000              35000000             2.6484834E-05         1.0000000E+30                 0       
 NEXT SEEDS: 365EEA0       1       0       0       0       0   181CD    3039       0       0
  220000000              30000000              30000000             2.6490953E-05         1.0000000E+30                 0       
 NEXT SEEDS: 4DD0B61       1       0       0       0       0   181CD    3039       0       0
  225000000              25000000              25000000             2.6487877E-05         1.0000000E+30                 0       
 NEXT SEEDS: 6541256       1       0       0       0       0   181CD    3039       0       0
  230000000              20000000              20000000             2.6487007E-05         1.0000000E+30                 0       
 NEXT SEEDS: 7CB4532       1       0       0       0       0   181CD    3039       0       0
  235000000              15000000              15000000             2.6489278E-05         1.0000000E+30                 0       
 NEXT SEEDS: 9424056       1       0       0       0       0   181CD    3039       0       0
  240000000              10000000              10000000             2.6489605E-05         1.0000000E+30                 0       
 NEXT SEEDS: AB93FEE       1       0       0       0       0   181CD    3039       0       0
  *** Emfgeo: Ncoun  2000000000
  245000000               5000000               5000000             2.6487484E-05         1.0000000E+30                 0       
 NEXT SEEDS: C301E79       1       0       0       0       0   181CD    3039       0       0
  249999950                    50                    50             2.6486456E-05         1.0000000E+30                 0       
 NEXT SEEDS: DA77DF4       1       0       0       0       0   181CD    3039       0       0
  249999951                    49                    49             2.6486456E-05         1.0000000E+30                 0       
 NEXT SEEDS: DA77DF8       1       0       0       0       0   181CD    3039       0       0
  249999952                    48                    48             2.6486456E-05         1.0000000E+30                 0       
 NEXT SEEDS: DA77DFC       1       0       0       0       0   181CD    3039       0       0
  249999953                    47                    47             2.6486456E-05         1.0000000E+30                 0       
 NEXT SEEDS: DA77E00       1       0       0       0       0   181CD    3039       0       0
  249999954                    46                    46             2.6486456E-05         1.0000000E+30                 0       
 NEXT SEEDS: DA77E04       1       0       0       0       0   181CD    3039       0       0
  249999955                    45                    45             2.6486456E-05         1.0000000E+30                 0       
 NEXT SEEDS: DA77E08       1       0       0       0       0   181CD    3039       0       0
  249999956                    44                    44             2.6486456E-05         1.0000000E+30                 0       
 NEXT SEEDS: DA77E0C       1       0       0       0       0   181CD    3039       0       0
  249999957                    43                    43             2.6486457E-05         1.0000000E+30                 0       
 NEXT SEEDS: DA77E10       1       0       0       0       0   181CD    3039       0       0
  249999958                    42                    42             2.6486457E-05         1.0000000E+30                 0       
 NEXT SEEDS: DA77E14       1       0       0       0       0   181CD    3039       0       0
  249999959                    41                    41             2.6486457E-05         1.0000000E+30                 0       
 NEXT SEEDS: DA77E18       1       0       0       0       0   181CD    3039       0       0
  249999960                    40                    40             2.6486459E-05         1.0000000E+30                 0       
 NEXT SEEDS: DA77E34       1       0       0       0       0   181CD    3039       0       0
  249999961                    39                    39             2.6486459E-05         1.0000000E+30                 0       
 NEXT SEEDS: DA77E38       1       0       0       0       0   181CD    3039       0       0
  249999962                    38                    38             2.6486459E-05         1.0000000E+30                 0       
 NEXT SEEDS: DA77E3C       1       0       0       0       0   181CD    3039       0       0
  249999963                    37                    37             2.6486459E-05         1.0000000E+30                 0       
 NEXT SEEDS: DA77E40       1       0       0       0       0   181CD    3039       0       0
  249999964                    36                    36             2.6486459E-05         1.0000000E+30                 0       
 NEXT SEEDS: DA77E44       1       0       0       0       0   181CD    3039       0       0
  249999965                    35                    35             2.6486459E-05         1.0000000E+30                 0       
 NEXT SEEDS: DA77E48       1       0       0       0       0   181CD    3039       0       0
  249999966                    34                    34             2.6486460E-05         1.0000000E+30                 0       
 NEXT SEEDS: DA77E4C       1       0       0       0       0   181CD    3039       0       0
  249999967                    33                    33             2.6486460E-05         1.0000000E+30                 0       
 NEXT SEEDS: DA77E50       1       0       0       0       0   181CD    3039       0       0
  249999968                    32                    32             2.6486462E-05         1.0000000E+30                 0       
 NEXT SEEDS: DA77E54       1       0       0       0       0   181CD    3039       0       0
  249999969                    31                    31             2.6486462E-05         1.0000000E+30                 0       
 NEXT SEEDS: DA77E58       1       0       0       0       0   181CD    3039       0       0
  249999970                    30                    30             2.6486462E-05         1.0000000E+30                 0       
 NEXT SEEDS: DA77E5C       1       0       0       0       0   181CD    3039       0       0
  249999971                    29                    29             2.6486464E-05         1.0000000E+30                 0       
 NEXT SEEDS: DA77E60       1       0       0       0       0   181CD    3039       0       0
  249999972                    28                    28             2.6486464E-05         1.0000000E+30                 0       
 NEXT SEEDS: DA77E64       1       0       0       0       0   181CD    3039       0       0
  249999973                    27                    27             2.6486466E-05         1.0000000E+30                 0       
 NEXT SEEDS: DA77E68       1       0       0       0       0   181CD    3039       0       0
  249999974                    26                    26             2.6486465E-05         1.0000000E+30                 0       
 NEXT SEEDS: DA77E6C       1       0       0       0       0   181CD    3039       0       0
  249999975                    25                    25             2.6486467E-05         1.0000000E+30                 0       
 NEXT SEEDS: DA77E70       1       0       0       0       0   181CD    3039       0       0
  249999976                    24                    24             2.6486467E-05         1.0000000E+30                 0       
 NEXT SEEDS: DA77E74       1       0       0       0       0   181CD    3039       0       0
  249999977                    23                    23             2.6486467E-05         1.0000000E+30                 0       
 NEXT SEEDS: DA77E78       1       0       0       0       0   181CD    3039       0       0
  249999978                    22                    22             2.6486467E-05         1.0000000E+30                 0       
 NEXT SEEDS: DA77E9C       1       0       0       0       0   181CD    3039       0       0
  249999979                    21                    21             2.6486467E-05         1.0000000E+30                 0       
 NEXT SEEDS: DA77EA0       1       0       0       0       0   181CD    3039       0       0
  249999980                    20                    20             2.6486467E-05         1.0000000E+30                 0       
 NEXT SEEDS: DA77EA4       1       0       0       0       0   181CD    3039       0       0
  249999981                    19                    19             2.6486467E-05         1.0000000E+30                 0       
 NEXT SEEDS: DA77EBA       1       0       0       0       0   181CD    3039       0       0
  249999982                    18                    18             2.6486467E-05         1.0000000E+30                 0       
 NEXT SEEDS: DA77EBE       1       0       0       0       0   181CD    3039       0       0
  249999983                    17                    17             2.6486466E-05         1.0000000E+30                 0       
 NEXT SEEDS: DA77EC2       1       0       0       0       0   181CD    3039       0       0
  249999984                    16                    16             2.6486466E-05         1.0000000E+30                 0       
 NEXT SEEDS: DA77EC6       1       0       0       0       0   181CD    3039       0       0
  249999985                    15                    15             2.6486468E-05         1.0000000E+30                 0       
 NEXT SEEDS: DA77EDF       1       0       0       0       0   181CD    3039       0       0
  249999986                    14                    14             2.6486468E-05         1.0000000E+30                 0       
 NEXT SEEDS: DA77EE3       1       0       0       0       0   181CD    3039       0       0
  249999987                    13                    13             2.6486470E-05         1.0000000E+30                 0       
 NEXT SEEDS: DA77EE7       1       0       0       0       0   181CD    3039       0       0
  249999988                    12                    12             2.6486470E-05         1.0000000E+30                 0       
 NEXT SEEDS: DA77EEB       1       0       0       0       0   181CD    3039       0       0
  249999989                    11                    11             2.6486470E-05         1.0000000E+30                 0       
 NEXT SEEDS: DA77EEF       1       0       0       0       0   181CD    3039       0       0
  249999990                    10                    10             2.6486470E-05         1.0000000E+30                 0       
 NEXT SEEDS: DA77EF3       1       0       0       0       0   181CD    3039       0       0
  249999991                     9                     9             2.6486469E-05         1.0000000E+30                 0       
 NEXT SEEDS: DA77EF7       1       0       0       0       0   181CD    3039       0       0
  249999992                     8                     8             2.6486469E-05         1.0000000E+30                 0       
 NEXT SEEDS: DA77EFB       1       0       0       0       0   181CD    3039       0       0
  249999993                     7                     7             2.6486469E-05         1.0000000E+30                 0       
 NEXT SEEDS: DA77EFF       1       0       0       0       0   181CD    3039       0       0
  249999994                     6                     6             2.6486469E-05         1.0000000E+30                 0       
 NEXT SEEDS: DA77F03       1       0       0       0       0   181CD    3039       0       0
  249999995                     5                     5             2.6486469E-05         1.0000000E+30                 0       
 NEXT SEEDS: DA77F07       1       0       0       0       0   181CD    3039       0       0
  249999996                     4                     4             2.6486469E-05         1.0000000E+30                 0       
 NEXT SEEDS: DA77F0B       1       0       0       0       0   181CD    3039       0       0
  249999997                     3                     3             2.6486469E-05         1.0000000E+30                 0       
 NEXT SEEDS: DA77F0F       1       0       0       0       0   181CD    3039       0       0
  249999998                     2                     2             2.6486469E-05         1.0000000E+30                 0       
 NEXT SEEDS: DA77F13       1       0       0       0       0   181CD    3039       0       0
  249999999                     1                     1             2.6486469E-05         1.0000000E+30                 0       
 NEXT SEEDS: DA77F17       1       0       0       0       0   181CD    3039       0       0
  250000000                     0                     1             2.6486469E-05         1.0000000E+30                 0       
 NEXT SEEDS: DA77F1B       1       0       0       0       0   181CD    3039       0       0
