1NUMBER OF BEAM       NUMBER OF BEAM        APPROXIMATE NUMBER    AVERAGE TIME USED     TIME LEFT (RESERVED   NUMBER OF STARS
 PARTICLES HANDLED    PARTICLES LEFT        OF BEAM PARTICLES     BY A BEAM PARTICLE     10000.0 SECONDS      CREATED
                                            THAT CAN STILL BE                           FOR PRINTOUT)
                                            HANDLED

 NEXT SEEDS:       0       0       0       0       0       0   181CD    3039       0       0
          1             249999999             249999999             7.7009201E-05         1.0000000E+30                 0       
 NEXT SEEDS:       4       0       0       0       0       0   181CD    3039       0       0
    5000000             245000000             245000000             2.7801059E-05         1.0000000E+30                 0       
 NEXT SEEDS: 176EE3A       0       0       0       0       0   181CD    3039       0       0
   10000000             240000000             240000000             2.7805498E-05         1.0000000E+30                 0       
 NEXT SEEDS: 2EDFC1E       0       0       0       0       0   181CD    3039       0       0
   15000000             235000000             235000000             2.7813699E-05         1.0000000E+30                 0       
 NEXT SEEDS: 4653363       0       0       0       0       0   181CD    3039       0       0
   20000000             230000000             230000000             2.7796117E-05         1.0000000E+30                 0       
 NEXT SEEDS: 5DBFB9A       0       0       0       0       0   181CD    3039       0       0
   25000000             225000000             225000000             2.7779755E-05         1.0000000E+30                 0       
 NEXT SEEDS: 752B8EA       0       0       0       0       0   181CD    3039       0       0
   30000000             220000000             220000000             2.7777817E-05         1.0000000E+30                 0       
 NEXT SEEDS: 8C9EEEA       0       0       0       0       0   181CD    3039       0       0
   35000000             215000000             215000000             2.7779279E-05         1.0000000E+30                 0       
 NEXT SEEDS: A409C05       0       0       0       0       0   181CD    3039       0       0
   40000000             210000000             210000000             2.7784257E-05         1.0000000E+30                 0       
 NEXT SEEDS: BB79ACB       0       0       0       0       0   181CD    3039       0       0
   45000000             205000000             205000000             2.7781319E-05         1.0000000E+30                 0       
 NEXT SEEDS: D2ECCFC       0       0       0       0       0   181CD    3039       0       0
   50000000             200000000             200000000             2.7781966E-05         1.0000000E+30                 0       
 NEXT SEEDS: EA60454       0       0       0       0       0   181CD    3039       0       0
   55000000             195000000             195000000             2.7785552E-05         1.0000000E+30                 0       
 NEXT SEEDS:101D0EAE       0       0       0       0       0   181CD    3039       0       0
   60000000             190000000             190000000             2.7779839E-05         1.0000000E+30                 0       
 NEXT SEEDS:11940F07       0       0       0       0       0   181CD    3039       0       0
   65000000             185000000             185000000             2.7779983E-05         1.0000000E+30                 0       
 NEXT SEEDS:130B3817       0       0       0       0       0   181CD    3039       0       0
   70000000             180000000             180000000             2.7777079E-05         1.0000000E+30                 0       
 NEXT SEEDS:14824682       0       0       0       0       0   181CD    3039       0       0
   75000000             175000000             175000000             2.7774177E-05         1.0000000E+30                 0       
 NEXT SEEDS:15F943B0       0       0       0       0       0   181CD    3039       0       0
   80000000             170000000             170000000             2.7773112E-05         1.0000000E+30                 0       
 NEXT SEEDS:1770255D       0       0       0       0       0   181CD    3039       0       0
  *** Emfgeo: Ncoun  2000000000
   85000000             165000000             165000000             2.7773722E-05         1.0000000E+30                 0       
 NEXT SEEDS:18E73A83       0       0       0       0       0   181CD    3039       0       0
   90000000             160000000             160000000             2.7776647E-05         1.0000000E+30                 0       
 NEXT SEEDS:1A5E5297       0       0       0       0       0   181CD    3039       0       0
   95000000             155000000             155000000             2.7778809E-05         1.0000000E+30                 0       
 NEXT SEEDS:1BD531CF       0       0       0       0       0   181CD    3039       0       0
  100000000             150000000             150000000             2.7776285E-05         1.0000000E+30                 0       
 NEXT SEEDS:1D4C57E7       0       0       0       0       0   181CD    3039       0       0
  105000000             145000000             145000000             2.7776207E-05         1.0000000E+30                 0       
 NEXT SEEDS:1EC3706D       0       0       0       0       0   181CD    3039       0       0
  110000000             140000000             140000000             2.7774454E-05         1.0000000E+30                 0       
 NEXT SEEDS:203A6639       0       0       0       0       0   181CD    3039       0       0
  115000000             135000000             135000000             2.7774684E-05         1.0000000E+30                 0       
 NEXT SEEDS:21B1932C       0       0       0       0       0   181CD    3039       0       0
  120000000             130000000             130000000             2.7775468E-05         1.0000000E+30                 0       
 NEXT SEEDS:23288CD0       0       0       0       0       0   181CD    3039       0       0
  125000000             125000000             125000000             2.7773377E-05         1.0000000E+30                 0       
 NEXT SEEDS:249F4218       0       0       0       0       0   181CD    3039       0       0
  130000000             120000000             120000000             2.7775900E-05         1.0000000E+30                 0       
 NEXT SEEDS:2616406B       0       0       0       0       0   181CD    3039       0       0
  135000000             115000000             115000000             2.7774952E-05         1.0000000E+30                 0       
 NEXT SEEDS:278D250C       0       0       0       0       0   181CD    3039       0       0
  140000000             110000000             110000000             2.7774083E-05         1.0000000E+30                 0       
 NEXT SEEDS:29040DA9       0       0       0       0       0   181CD    3039       0       0
  145000000             105000000             105000000             2.7772825E-05         1.0000000E+30                 0       
 NEXT SEEDS:2A7B0A0E       0       0       0       0       0   181CD    3039       0       0
  150000000             100000000             100000000             2.7772639E-05         1.0000000E+30                 0       
 NEXT SEEDS:2BF23E6D       0       0       0       0       0   181CD    3039       0       0
  155000000              95000000              95000000             2.7771511E-05         1.0000000E+30                 0       
 NEXT SEEDS:2D6947FE       0       0       0       0       0   181CD    3039       0       0
  160000000              90000000              90000000             2.7771428E-05         1.0000000E+30                 0       
 NEXT SEEDS:2EE02304       0       0       0       0       0   181CD    3039       0       0
  *** Emfgeo: Ncoun  2000000000
  165000000              85000000              85000000             2.7773975E-05         1.0000000E+30                 0       
 NEXT SEEDS:30575836       0       0       0       0       0   181CD    3039       0       0
  170000000              80000000              80000000             2.7774775E-05         1.0000000E+30                 0       
 NEXT SEEDS:31CE535E       0       0       0       0       0   181CD    3039       0       0
  175000000              75000000              75000000             2.7774508E-05         1.0000000E+30                 0       
 NEXT SEEDS:33457403       0       0       0       0       0   181CD    3039       0       0
  180000000              70000000              70000000             2.7775984E-05         1.0000000E+30                 0       
 NEXT SEEDS:34BC95D8       0       0       0       0       0   181CD    3039       0       0
  185000000              65000000              65000000             2.7777834E-05         1.0000000E+30                 0       
 NEXT SEEDS:3633A493       0       0       0       0       0   181CD    3039       0       0
  190000000              60000000              60000000             2.7779358E-05         1.0000000E+30                 0       
 NEXT SEEDS:37AAA55E       0       0       0       0       0   181CD    3039       0       0
  195000000              55000000              55000000             2.7780688E-05         1.0000000E+30                 0       
 NEXT SEEDS:3921C037       0       0       0       0       0   181CD    3039       0       0
  200000000              50000000              50000000             2.7779635E-05         1.0000000E+30                 0       
 NEXT SEEDS:3A98C650       0       0       0       0       0   181CD    3039       0       0
  205000000              45000000              45000000             2.7780101E-05         1.0000000E+30                 0       
 NEXT SEEDS:  751B53       1       0       0       0       0   181CD    3039       0       0
  210000000              40000000              40000000             2.7780638E-05         1.0000000E+30                 0       
 NEXT SEEDS: 1EC1946       1       0       0       0       0   181CD    3039       0       0
  215000000              35000000              35000000             2.7779993E-05         1.0000000E+30                 0       
 NEXT SEEDS: 362FC36       1       0       0       0       0   181CD    3039       0       0
  220000000              30000000              30000000             2.7781844E-05         1.0000000E+30                 0       
 NEXT SEEDS: 4DA2054       1       0       0       0       0   181CD    3039       0       0
  225000000              25000000              25000000             2.7782098E-05         1.0000000E+30                 0       
 NEXT SEEDS: 651245E       1       0       0       0       0   181CD    3039       0       0
  230000000              20000000              20000000             2.7781816E-05         1.0000000E+30                 0       
 NEXT SEEDS: 7C7FBAB       1       0       0       0       0   181CD    3039       0       0
  235000000              15000000              15000000             2.7781012E-05         1.0000000E+30                 0       
 NEXT SEEDS: 93EEF44       1       0       0       0       0   181CD    3039       0       0
  240000000              10000000              10000000             2.7781554E-05         1.0000000E+30                 0       
 NEXT SEEDS: AB5E5DB       1       0       0       0       0   181CD    3039       0       0
  *** Emfgeo: Ncoun  2000000000
  245000000               5000000               5000000             2.7781761E-05         1.0000000E+30                 0       
 NEXT SEEDS: C2CF24A       1       0       0       0       0   181CD    3039       0       0
  249999950                    50                    50             2.7781243E-05         1.0000000E+30                 0       
 NEXT SEEDS: DA3F11D       1       0       0       0       0   181CD    3039       0       0
  249999951                    49                    49             2.7781245E-05         1.0000000E+30                 0       
 NEXT SEEDS: DA3F121       1       0       0       0       0   181CD    3039       0       0
  249999952                    48                    48             2.7781245E-05         1.0000000E+30                 0       
 NEXT SEEDS: DA3F125       1       0       0       0       0   181CD    3039       0       0
  249999953                    47                    47             2.7781245E-05         1.0000000E+30                 0       
 NEXT SEEDS: DA3F129       1       0       0       0       0   181CD    3039       0       0
  249999954                    46                    46             2.7781247E-05         1.0000000E+30                 0       
 NEXT SEEDS: DA3F12D       1       0       0       0       0   181CD    3039       0       0
  249999955                    45                    45             2.7781246E-05         1.0000000E+30                 0       
 NEXT SEEDS: DA3F131       1       0       0       0       0   181CD    3039       0       0
  249999956                    44                    44             2.7781246E-05         1.0000000E+30                 0       
 NEXT SEEDS: DA3F135       1       0       0       0       0   181CD    3039       0       0
  249999957                    43                    43             2.7781248E-05         1.0000000E+30                 0       
 NEXT SEEDS: DA3F139       1       0       0       0       0   181CD    3039       0       0
  249999958                    42                    42             2.7781250E-05         1.0000000E+30                 0       
 NEXT SEEDS: DA3F13D       1       0       0       0       0   181CD    3039       0       0
  249999959                    41                    41             2.7781250E-05         1.0000000E+30                 0       
 NEXT SEEDS: DA3F141       1       0       0       0       0   181CD    3039       0       0
  249999960                    40                    40             2.7781252E-05         1.0000000E+30                 0       
 NEXT SEEDS: DA3F145       1       0       0       0       0   181CD    3039       0       0
  249999961                    39                    39             2.7781252E-05         1.0000000E+30                 0       
 NEXT SEEDS: DA3F149       1       0       0       0       0   181CD    3039       0       0
  249999962                    38                    38             2.7781251E-05         1.0000000E+30                 0       
 NEXT SEEDS: DA3F14D       1       0       0       0       0   181CD    3039       0       0
  249999963                    37                    37             2.7781253E-05         1.0000000E+30                 0       
 NEXT SEEDS: DA3F151       1       0       0       0       0   181CD    3039       0       0
  249999964                    36                    36             2.7781253E-05         1.0000000E+30                 0       
 NEXT SEEDS: DA3F155       1       0       0       0       0   181CD    3039       0       0
  249999965                    35                    35             2.7781253E-05         1.0000000E+30                 0       
 NEXT SEEDS: DA3F159       1       0       0       0       0   181CD    3039       0       0
  249999966                    34                    34             2.7781253E-05         1.0000000E+30                 0       
 NEXT SEEDS: DA3F15D       1       0       0       0       0   181CD    3039       0       0
  249999967                    33                    33             2.7781253E-05         1.0000000E+30                 0       
 NEXT SEEDS: DA3F161       1       0       0       0       0   181CD    3039       0       0
  249999968                    32                    32             2.7781253E-05         1.0000000E+30                 0       
 NEXT SEEDS: DA3F167       1       0       0       0       0   181CD    3039       0       0
  249999969                    31                    31             2.7781253E-05         1.0000000E+30                 0       
 NEXT SEEDS: DA3F16B       1       0       0       0       0   181CD    3039       0       0
  249999970                    30                    30             2.7781254E-05         1.0000000E+30                 0       
 NEXT SEEDS: DA3F16F       1       0       0       0       0   181CD    3039       0       0
  249999971                    29                    29             2.7781254E-05         1.0000000E+30                 0       
 NEXT SEEDS: DA3F199       1       0       0       0       0   181CD    3039       0       0
  249999972                    28                    28             2.7781256E-05         1.0000000E+30                 0       
 NEXT SEEDS: DA3F1AE       1       0       0       0       0   181CD    3039       0       0
  249999973                    27                    27             2.7781258E-05         1.0000000E+30                 0       
 NEXT SEEDS: DA3F1B2       1       0       0       0       0   181CD    3039       0       0
  249999974                    26                    26             2.7781258E-05         1.0000000E+30                 0       
 NEXT SEEDS: DA3F1B6       1       0       0       0       0   181CD    3039       0       0
  249999975                    25                    25             2.7781258E-05         1.0000000E+30                 0       
 NEXT SEEDS: DA3F1BA       1       0       0       0       0   181CD    3039       0       0
  249999976                    24                    24             2.7781260E-05         1.0000000E+30                 0       
 NEXT SEEDS: DA3F1BE       1       0       0       0       0   181CD    3039       0       0
  249999977                    23                    23             2.7781260E-05         1.0000000E+30                 0       
 NEXT SEEDS: DA3F1C2       1       0       0       0       0   181CD    3039       0       0
  249999978                    22                    22             2.7781259E-05         1.0000000E+30                 0       
 NEXT SEEDS: DA3F1C6       1       0       0       0       0   181CD    3039       0       0
  249999979                    21                    21             2.7781259E-05         1.0000000E+30                 0       
 NEXT SEEDS: DA3F1CC       1       0       0       0       0   181CD    3039       0       0
  249999980                    20                    20             2.7781259E-05         1.0000000E+30                 0       
 NEXT SEEDS: DA3F1DE       1       0       0       0       0   181CD    3039       0       0
  249999981                    19                    19             2.7781259E-05         1.0000000E+30                 0       
 NEXT SEEDS: DA3F1E2       1       0       0       0       0   181CD    3039       0       0
  249999982                    18                    18             2.7781259E-05         1.0000000E+30                 0       
 NEXT SEEDS: DA3F1F6       1       0       0       0       0   181CD    3039       0       0
  249999983                    17                    17             2.7781259E-05         1.0000000E+30                 0       
 NEXT SEEDS: DA3F1FA       1       0       0       0       0   181CD    3039       0       0
  249999984                    16                    16             2.7781259E-05         1.0000000E+30                 0       
 NEXT SEEDS: DA3F1FE       1       0       0       0       0   181CD    3039       0       0
  249999985                    15                    15             2.7781259E-05         1.0000000E+30                 0       
 NEXT SEEDS: DA3F202       1       0       0       0       0   181CD    3039       0       0
  249999986                    14                    14             2.7781259E-05         1.0000000E+30                 0       
 NEXT SEEDS: DA3F206       1       0       0       0       0   181CD    3039       0       0
  249999987                    13                    13             2.7781258E-05         1.0000000E+30                 0       
 NEXT SEEDS: DA3F20A       1       0       0       0       0   181CD    3039       0       0
  249999988                    12                    12             2.7781258E-05         1.0000000E+30                 0       
 NEXT SEEDS: DA3F20E       1       0       0       0       0   181CD    3039       0       0
  249999989                    11                    11             2.7781258E-05         1.0000000E+30                 0       
 NEXT SEEDS: DA3F212       1       0       0       0       0   181CD    3039       0       0
  249999990                    10                    10             2.7781258E-05         1.0000000E+30                 0       
 NEXT SEEDS: DA3F216       1       0       0       0       0   181CD    3039       0       0
  249999991                     9                     9             2.7781258E-05         1.0000000E+30                 0       
 NEXT SEEDS: DA3F21A       1       0       0       0       0   181CD    3039       0       0
  249999992                     8                     8             2.7781258E-05         1.0000000E+30                 0       
 NEXT SEEDS: DA3F21E       1       0       0       0       0   181CD    3039       0       0
  249999993                     7                     7             2.7781258E-05         1.0000000E+30                 0       
 NEXT SEEDS: DA3F222       1       0       0       0       0   181CD    3039       0       0
  249999994                     6                     6             2.7781258E-05         1.0000000E+30                 0       
 NEXT SEEDS: DA3F226       1       0       0       0       0   181CD    3039       0       0
  249999995                     5                     5             2.7781258E-05         1.0000000E+30                 0       
 NEXT SEEDS: DA3F22A       1       0       0       0       0   181CD    3039       0       0
  249999996                     4                     4             2.7781257E-05         1.0000000E+30                 0       
 NEXT SEEDS: DA3F22E       1       0       0       0       0   181CD    3039       0       0
  249999997                     3                     3             2.7781257E-05         1.0000000E+30                 0       
 NEXT SEEDS: DA3F232       1       0       0       0       0   181CD    3039       0       0
  249999998                     2                     2             2.7781257E-05         1.0000000E+30                 0       
 NEXT SEEDS: DA3F236       1       0       0       0       0   181CD    3039       0       0
  249999999                     1                     1             2.7781257E-05         1.0000000E+30                 0       
 NEXT SEEDS: DA3F23A       1       0       0       0       0   181CD    3039       0       0
  250000000                     0                     1             2.7781257E-05         1.0000000E+30                 0       
 NEXT SEEDS: DA3F23E       1       0       0       0       0   181CD    3039       0       0
