1NUMBER OF BEAM       NUMBER OF BEAM        APPROXIMATE NUMBER    AVERAGE TIME USED     TIME LEFT (RESERVED   NUMBER OF STARS
 PARTICLES HANDLED    PARTICLES LEFT        OF BEAM PARTICLES     BY A BEAM PARTICLE     10000.0 SECONDS      CREATED
                                            THAT CAN STILL BE                           FOR PRINTOUT)
                                            HANDLED

 NEXT SEEDS:       0       0       0       0       0       0   181CD    3039       0       0
          1             249999999             249999999             7.7009201E-05         1.0000000E+30                 0       
 NEXT SEEDS:       4       0       0       0       0       0   181CD    3039       0       0
    5000000             245000000             245000000             2.7116506E-05         1.0000000E+30                 0       
 NEXT SEEDS: 17771D8       0       0       0       0       0   181CD    3039       0       0
   10000000             240000000             240000000             2.7084823E-05         1.0000000E+30                 0       
 NEXT SEEDS: 2EE52B7       0       0       0       0       0   181CD    3039       0       0
   15000000             235000000             235000000             2.7090739E-05         1.0000000E+30                 0       
 NEXT SEEDS: 465AF2B       0       0       0       0       0   181CD    3039       0       0
   20000000             230000000             230000000             2.7085251E-05         1.0000000E+30                 0       
 NEXT SEEDS: 5DC8DDC       0       0       0       0       0   181CD    3039       0       0
   25000000             225000000             225000000             2.7080393E-05         1.0000000E+30                 0       
 NEXT SEEDS: 7537F9A       0       0       0       0       0   181CD    3039       0       0
   30000000             220000000             220000000             2.7080131E-05         1.0000000E+30                 0       
 NEXT SEEDS: 8CA781A       0       0       0       0       0   181CD    3039       0       0
   35000000             215000000             215000000             2.7082137E-05         1.0000000E+30                 0       
 NEXT SEEDS: A41A09D       0       0       0       0       0   181CD    3039       0       0
   40000000             210000000             210000000             2.7085515E-05         1.0000000E+30                 0       
 NEXT SEEDS: BB8C2B4       0       0       0       0       0   181CD    3039       0       0
   45000000             205000000             205000000             2.7082822E-05         1.0000000E+30                 0       
 NEXT SEEDS: D2FBD61       0       0       0       0       0   181CD    3039       0       0
   50000000             200000000             200000000             2.7083497E-05         1.0000000E+30                 0       
 NEXT SEEDS: EA6EADE       0       0       0       0       0   181CD    3039       0       0
   55000000             195000000             195000000             2.7086622E-05         1.0000000E+30                 0       
 NEXT SEEDS:101E0305       0       0       0       0       0   181CD    3039       0       0
   60000000             190000000             190000000             2.7086260E-05         1.0000000E+30                 0       
 NEXT SEEDS:11953B54       0       0       0       0       0   181CD    3039       0       0
   65000000             185000000             185000000             2.7084735E-05         1.0000000E+30                 0       
 NEXT SEEDS:130C1D69       0       0       0       0       0   181CD    3039       0       0
   70000000             180000000             180000000             2.7086901E-05         1.0000000E+30                 0       
 NEXT SEEDS:14832285       0       0       0       0       0   181CD    3039       0       0
   75000000             175000000             175000000             2.7087545E-05         1.0000000E+30                 0       
 NEXT SEEDS:15FA59C8       0       0       0       0       0   181CD    3039       0       0
   80000000             170000000             170000000             2.7084483E-05         1.0000000E+30                 0       
 NEXT SEEDS:17712FC7       0       0       0       0       0   181CD    3039       0       0
  *** Emfgeo: Ncoun  2000000000
   85000000             165000000             165000000             2.7085660E-05         1.0000000E+30                 0       
 NEXT SEEDS:18E813F9       0       0       0       0       0   181CD    3039       0       0
   90000000             160000000             160000000             2.7085092E-05         1.0000000E+30                 0       
 NEXT SEEDS:1A5EF6F5       0       0       0       0       0   181CD    3039       0       0
   95000000             155000000             155000000             2.7087711E-05         1.0000000E+30                 0       
 NEXT SEEDS:1BD5FC6D       0       0       0       0       0   181CD    3039       0       0
  100000000             150000000             150000000             2.7088091E-05         1.0000000E+30                 0       
 NEXT SEEDS:1D4CE873       0       0       0       0       0   181CD    3039       0       0
  105000000             145000000             145000000             2.7088884E-05         1.0000000E+30                 0       
 NEXT SEEDS:1EC3FA81       0       0       0       0       0   181CD    3039       0       0
  110000000             140000000             140000000             2.7088020E-05         1.0000000E+30                 0       
 NEXT SEEDS:203ABABD       0       0       0       0       0   181CD    3039       0       0
  115000000             135000000             135000000             2.7089165E-05         1.0000000E+30                 0       
 NEXT SEEDS:21B1D69B       0       0       0       0       0   181CD    3039       0       0
  120000000             130000000             130000000             2.7089045E-05         1.0000000E+30                 0       
 NEXT SEEDS:2328CC0B       0       0       0       0       0   181CD    3039       0       0
  125000000             125000000             125000000             2.7090278E-05         1.0000000E+30                 0       
 NEXT SEEDS:24A01C74       0       0       0       0       0   181CD    3039       0       0
  130000000             120000000             120000000             2.7087763E-05         1.0000000E+30                 0       
 NEXT SEEDS:261702E6       0       0       0       0       0   181CD    3039       0       0
  135000000             115000000             115000000             2.7085491E-05         1.0000000E+30                 0       
 NEXT SEEDS:278E00AE       0       0       0       0       0   181CD    3039       0       0
  140000000             110000000             110000000             2.7085446E-05         1.0000000E+30                 0       
 NEXT SEEDS:29053E26       0       0       0       0       0   181CD    3039       0       0
  145000000             105000000             105000000             2.7083032E-05         1.0000000E+30                 0       
 NEXT SEEDS:2A7C5272       0       0       0       0       0   181CD    3039       0       0
  150000000             100000000             100000000             2.7084209E-05         1.0000000E+30                 0       
 NEXT SEEDS:2BF38A62       0       0       0       0       0   181CD    3039       0       0
  155000000              95000000              95000000             2.7083993E-05         1.0000000E+30                 0       
 NEXT SEEDS:2D6A8CD6       0       0       0       0       0   181CD    3039       0       0
  160000000              90000000              90000000             2.7084673E-05         1.0000000E+30                 0       
 NEXT SEEDS:2EE1A4E3       0       0       0       0       0   181CD    3039       0       0
  *** Emfgeo: Ncoun  2000000000
  165000000              85000000              85000000             2.7083288E-05         1.0000000E+30                 0       
 NEXT SEEDS:3058D1A2       0       0       0       0       0   181CD    3039       0       0
  170000000              80000000              80000000             2.7082205E-05         1.0000000E+30                 0       
 NEXT SEEDS:31CFF5CE       0       0       0       0       0   181CD    3039       0       0
  175000000              75000000              75000000             2.7080906E-05         1.0000000E+30                 0       
 NEXT SEEDS:3346F79A       0       0       0       0       0   181CD    3039       0       0
  180000000              70000000              70000000             2.7081726E-05         1.0000000E+30                 0       
 NEXT SEEDS:34BE3B34       0       0       0       0       0   181CD    3039       0       0
  185000000              65000000              65000000             2.7081674E-05         1.0000000E+30                 0       
 NEXT SEEDS:363538B7       0       0       0       0       0   181CD    3039       0       0
  190000000              60000000              60000000             2.7081347E-05         1.0000000E+30                 0       
 NEXT SEEDS:37AC2018       0       0       0       0       0   181CD    3039       0       0
  195000000              55000000              55000000             2.7082015E-05         1.0000000E+30                 0       
 NEXT SEEDS:39230FF5       0       0       0       0       0   181CD    3039       0       0
  200000000              50000000              50000000             2.7082135E-05         1.0000000E+30                 0       
 NEXT SEEDS:3A9A42F3       0       0       0       0       0   181CD    3039       0       0
  205000000              45000000              45000000             2.7084348E-05         1.0000000E+30                 0       
 NEXT SEEDS:  76CD53       1       0       0       0       0   181CD    3039       0       0
  210000000              40000000              40000000             2.7086251E-05         1.0000000E+30                 0       
 NEXT SEEDS: 1EDFC31       1       0       0       0       0   181CD    3039       0       0
  215000000              35000000              35000000             2.7085666E-05         1.0000000E+30                 0       
 NEXT SEEDS: 364E14C       1       0       0       0       0   181CD    3039       0       0
  220000000              30000000              30000000             2.7084197E-05         1.0000000E+30                 0       
 NEXT SEEDS: 4DB89AA       1       0       0       0       0   181CD    3039       0       0
  225000000              25000000              25000000             2.7082707E-05         1.0000000E+30                 0       
 NEXT SEEDS: 6526777       1       0       0       0       0   181CD    3039       0       0
  230000000              20000000              20000000             2.7082960E-05         1.0000000E+30                 0       
 NEXT SEEDS: 7C9C255       1       0       0       0       0   181CD    3039       0       0
  235000000              15000000              15000000             2.7083691E-05         1.0000000E+30                 0       
 NEXT SEEDS: 940E8FE       1       0       0       0       0   181CD    3039       0       0
  240000000              10000000              10000000             2.7082983E-05         1.0000000E+30                 0       
 NEXT SEEDS: AB825FE       1       0       0       0       0   181CD    3039       0       0
  *** Emfgeo: Ncoun  2000000000
  245000000               5000000               5000000             2.7083914E-05         1.0000000E+30                 0       
 NEXT SEEDS: C2F6DD5       1       0       0       0       0   181CD    3039       0       0
  249999950                    50                    50             2.7084128E-05         1.0000000E+30                 0       
 NEXT SEEDS: DA67AB9       1       0       0       0       0   181CD    3039       0       0
  249999951                    49                    49             2.7084130E-05         1.0000000E+30                 0       
 NEXT SEEDS: DA67ABD       1       0       0       0       0   181CD    3039       0       0
  249999952                    48                    48             2.7084129E-05         1.0000000E+30                 0       
 NEXT SEEDS: DA67AC1       1       0       0       0       0   181CD    3039       0       0
  249999953                    47                    47             2.7084129E-05         1.0000000E+30                 0       
 NEXT SEEDS: DA67AC5       1       0       0       0       0   181CD    3039       0       0
  249999954                    46                    46             2.7084131E-05         1.0000000E+30                 0       
 NEXT SEEDS: DA67AC9       1       0       0       0       0   181CD    3039       0       0
  249999955                    45                    45             2.7084131E-05         1.0000000E+30                 0       
 NEXT SEEDS: DA67ACD       1       0       0       0       0   181CD    3039       0       0
  249999956                    44                    44             2.7084131E-05         1.0000000E+30                 0       
 NEXT SEEDS: DA67AD1       1       0       0       0       0   181CD    3039       0       0
  249999957                    43                    43             2.7084133E-05         1.0000000E+30                 0       
 NEXT SEEDS: DA67AD5       1       0       0       0       0   181CD    3039       0       0
  249999958                    42                    42             2.7084133E-05         1.0000000E+30                 0       
 NEXT SEEDS: DA67AD9       1       0       0       0       0   181CD    3039       0       0
  249999959                    41                    41             2.7084133E-05         1.0000000E+30                 0       
 NEXT SEEDS: DA67ADD       1       0       0       0       0   181CD    3039       0       0
  249999960                    40                    40             2.7084134E-05         1.0000000E+30                 0       
 NEXT SEEDS: DA67AE1       1       0       0       0       0   181CD    3039       0       0
  249999961                    39                    39             2.7084134E-05         1.0000000E+30                 0       
 NEXT SEEDS: DA67AE5       1       0       0       0       0   181CD    3039       0       0
  249999962                    38                    38             2.7084134E-05         1.0000000E+30                 0       
 NEXT SEEDS: DA67AE9       1       0       0       0       0   181CD    3039       0       0
  249999963                    37                    37             2.7084136E-05         1.0000000E+30                 0       
 NEXT SEEDS: DA67AED       1       0       0       0       0   181CD    3039       0       0
  249999964                    36                    36             2.7084138E-05         1.0000000E+30                 0       
 NEXT SEEDS: DA67AF3       1       0       0       0       0   181CD    3039       0       0
  249999965                    35                    35             2.7084138E-05         1.0000000E+30                 0       
 NEXT SEEDS: DA67AF7       1       0       0       0       0   181CD    3039       0       0
  249999966                    34                    34             2.7084138E-05         1.0000000E+30                 0       
 NEXT SEEDS: DA67AFD       1       0       0       0       0   181CD    3039       0       0
  249999967                    33                    33             2.7084140E-05         1.0000000E+30                 0       
 NEXT SEEDS: DA67B01       1       0       0       0       0   181CD    3039       0       0
  249999968                    32                    32             2.7084139E-05         1.0000000E+30                 0       
 NEXT SEEDS: DA67B05       1       0       0       0       0   181CD    3039       0       0
  249999969                    31                    31             2.7084141E-05         1.0000000E+30                 0       
 NEXT SEEDS: DA67B09       1       0       0       0       0   181CD    3039       0       0
  249999970                    30                    30             2.7084141E-05         1.0000000E+30                 0       
 NEXT SEEDS: DA67B0D       1       0       0       0       0   181CD    3039       0       0
  249999971                    29                    29             2.7084141E-05         1.0000000E+30                 0       
 NEXT SEEDS: DA67B11       1       0       0       0       0   181CD    3039       0       0
  249999972                    28                    28             2.7084143E-05         1.0000000E+30                 0       
 NEXT SEEDS: DA67B17       1       0       0       0       0   181CD    3039       0       0
  249999973                    27                    27             2.7084143E-05         1.0000000E+30                 0       
 NEXT SEEDS: DA67B1B       1       0       0       0       0   181CD    3039       0       0
  249999974                    26                    26             2.7084143E-05         1.0000000E+30                 0       
 NEXT SEEDS: DA67B1F       1       0       0       0       0   181CD    3039       0       0
  249999975                    25                    25             2.7084145E-05         1.0000000E+30                 0       
 NEXT SEEDS: DA67B23       1       0       0       0       0   181CD    3039       0       0
  249999976                    24                    24             2.7084144E-05         1.0000000E+30                 0       
 NEXT SEEDS: DA67B27       1       0       0       0       0   181CD    3039       0       0
  249999977                    23                    23             2.7084144E-05         1.0000000E+30                 0       
 NEXT SEEDS: DA67B2B       1       0       0       0       0   181CD    3039       0       0
  249999978                    22                    22             2.7084146E-05         1.0000000E+30                 0       
 NEXT SEEDS: DA67B2F       1       0       0       0       0   181CD    3039       0       0
  249999979                    21                    21             2.7084146E-05         1.0000000E+30                 0       
 NEXT SEEDS: DA67B33       1       0       0       0       0   181CD    3039       0       0
  249999980                    20                    20             2.7084146E-05         1.0000000E+30                 0       
 NEXT SEEDS: DA67B37       1       0       0       0       0   181CD    3039       0       0
  249999981                    19                    19             2.7084146E-05         1.0000000E+30                 0       
 NEXT SEEDS: DA67B3B       1       0       0       0       0   181CD    3039       0       0
  249999982                    18                    18             2.7084146E-05         1.0000000E+30                 0       
 NEXT SEEDS: DA67B3F       1       0       0       0       0   181CD    3039       0       0
  249999983                    17                    17             2.7084146E-05         1.0000000E+30                 0       
 NEXT SEEDS: DA67B43       1       0       0       0       0   181CD    3039       0       0
  249999984                    16                    16             2.7084146E-05         1.0000000E+30                 0       
 NEXT SEEDS: DA67B47       1       0       0       0       0   181CD    3039       0       0
  249999985                    15                    15             2.7084145E-05         1.0000000E+30                 0       
 NEXT SEEDS: DA67B4B       1       0       0       0       0   181CD    3039       0       0
  249999986                    14                    14             2.7084147E-05         1.0000000E+30                 0       
 NEXT SEEDS: DA67B4F       1       0       0       0       0   181CD    3039       0       0
  249999987                    13                    13             2.7084147E-05         1.0000000E+30                 0       
 NEXT SEEDS: DA67B53       1       0       0       0       0   181CD    3039       0       0
  249999988                    12                    12             2.7084147E-05         1.0000000E+30                 0       
 NEXT SEEDS: DA67B57       1       0       0       0       0   181CD    3039       0       0
  249999989                    11                    11             2.7084147E-05         1.0000000E+30                 0       
 NEXT SEEDS: DA67B5B       1       0       0       0       0   181CD    3039       0       0
  249999990                    10                    10             2.7084147E-05         1.0000000E+30                 0       
 NEXT SEEDS: DA67B5F       1       0       0       0       0   181CD    3039       0       0
  249999991                     9                     9             2.7084147E-05         1.0000000E+30                 0       
 NEXT SEEDS: DA67B63       1       0       0       0       0   181CD    3039       0       0
  249999992                     8                     8             2.7084147E-05         1.0000000E+30                 0       
 NEXT SEEDS: DA67B67       1       0       0       0       0   181CD    3039       0       0
  249999993                     7                     7             2.7084146E-05         1.0000000E+30                 0       
 NEXT SEEDS: DA67B6B       1       0       0       0       0   181CD    3039       0       0
  249999994                     6                     6             2.7084148E-05         1.0000000E+30                 0       
 NEXT SEEDS: DA67B6F       1       0       0       0       0   181CD    3039       0       0
  249999995                     5                     5             2.7084148E-05         1.0000000E+30                 0       
 NEXT SEEDS: DA67B81       1       0       0       0       0   181CD    3039       0       0
  249999996                     4                     4             2.7084150E-05         1.0000000E+30                 0       
 NEXT SEEDS: DA67B85       1       0       0       0       0   181CD    3039       0       0
  249999997                     3                     3             2.7084150E-05         1.0000000E+30                 0       
 NEXT SEEDS: DA67B89       1       0       0       0       0   181CD    3039       0       0
  249999998                     2                     2             2.7084150E-05         1.0000000E+30                 0       
 NEXT SEEDS: DA67B8F       1       0       0       0       0   181CD    3039       0       0
  249999999                     1                     1             2.7084152E-05         1.0000000E+30                 0       
 NEXT SEEDS: DA67B93       1       0       0       0       0   181CD    3039       0       0
  250000000                     0                     1             2.7084152E-05         1.0000000E+30                 0       
 NEXT SEEDS: DA67B99       1       0       0       0       0   181CD    3039       0       0
