1NUMBER OF BEAM       NUMBER OF BEAM        APPROXIMATE NUMBER    AVERAGE TIME USED     TIME LEFT (RESERVED   NUMBER OF STARS
 PARTICLES HANDLED    PARTICLES LEFT        OF BEAM PARTICLES     BY A BEAM PARTICLE     10000.0 SECONDS      CREATED
                                            THAT CAN STILL BE                           FOR PRINTOUT)
                                            HANDLED

 NEXT SEEDS:       0       0       0       0       0       0   181CD    3039       0       0
          1             249999999             249999999             7.9870224E-05         1.0000000E+30                 0       
 NEXT SEEDS:       4       0       0       0       0       0   181CD    3039       0       0
 Geofar: Particle in region    25 (cell #    0)
  in position  -1.148535782E+01 -5.335810845E+00 -1.254700000E-01
  is now causing trouble, requesting a step of  2.182223414E+00 cm
  to direction  4.353978700E-01  1.998550205E-01 -8.777736984E-01
  end position -1.053522239E+01 -4.899682539E+00 -2.040968317E+00
  R2:  1.266429317E+01 R3:  1.266491470E+01 cm  error count:  0
  X*U   (2D): -6.067088916E+00 X*U   (3D): -5.956954650E+00 cm
  X*UOLD(2D):  5.256556897E+00 X*UOLD(3D):  5.149566442E+00 cm
  Kloop:    8060182, Irsave:     25, Irsav2:     25, error code:  -3 Nfrom:  5000
  old direction -2.428015577E-01 -4.625152953E-01  8.527174240E-01, lagain, lstnew, lsense, lsnsct  F  F  F  T
  Particle index    7 total energy   5.406883082E-05 GeV  Nsurf    0
 We succeeded in saving the particle:  current region is n.    26 (cell #    0)
    5000000             245000000             245000000             2.7156110E-05         1.0000000E+30                 0       
 NEXT SEEDS: 177298F       0       0       0       0       0   181CD    3039       0       0
   10000000             240000000             240000000             2.7127904E-05         1.0000000E+30                 0       
 NEXT SEEDS: 2EE1532       0       0       0       0       0   181CD    3039       0       0
   15000000             235000000             235000000             2.7114529E-05         1.0000000E+30                 0       
 NEXT SEEDS: 46509BD       0       0       0       0       0   181CD    3039       0       0
   20000000             230000000             230000000             2.7102493E-05         1.0000000E+30                 0       
 NEXT SEEDS: 5DBF342       0       0       0       0       0   181CD    3039       0       0
   25000000             225000000             225000000             2.7104975E-05         1.0000000E+30                 0       
 NEXT SEEDS: 75326A0       0       0       0       0       0   181CD    3039       0       0
   30000000             220000000             220000000             2.7118743E-05         1.0000000E+30                 0       
 NEXT SEEDS: 8CA4463       0       0       0       0       0   181CD    3039       0       0
   35000000             215000000             215000000             2.7117046E-05         1.0000000E+30                 0       
 NEXT SEEDS: A416F9B       0       0       0       0       0   181CD    3039       0       0
   40000000             210000000             210000000             2.7105647E-05         1.0000000E+30                 0       
 NEXT SEEDS: BB85526       0       0       0       0       0   181CD    3039       0       0
   45000000             205000000             205000000             2.7101694E-05         1.0000000E+30                 0       
 NEXT SEEDS: D2F80FC       0       0       0       0       0   181CD    3039       0       0
   50000000             200000000             200000000             2.7100064E-05         1.0000000E+30                 0       
 NEXT SEEDS: EA6ADE6       0       0       0       0       0   181CD    3039       0       0
   55000000             195000000             195000000             2.7098967E-05         1.0000000E+30                 0       
 NEXT SEEDS:101D8496       0       0       0       0       0   181CD    3039       0       0
   60000000             190000000             190000000             2.7101411E-05         1.0000000E+30                 0       
 NEXT SEEDS:1194BB99       0       0       0       0       0   181CD    3039       0       0
   65000000             185000000             185000000             2.7108433E-05         1.0000000E+30                 0       
 NEXT SEEDS:130C0179       0       0       0       0       0   181CD    3039       0       0
   70000000             180000000             180000000             2.7111032E-05         1.0000000E+30                 0       
 NEXT SEEDS:148307CF       0       0       0       0       0   181CD    3039       0       0
   75000000             175000000             175000000             2.7116050E-05         1.0000000E+30                 0       
 NEXT SEEDS:15FA5BEA       0       0       0       0       0   181CD    3039       0       0
   80000000             170000000             170000000             2.7111770E-05         1.0000000E+30                 0       
 NEXT SEEDS:177146DF       0       0       0       0       0   181CD    3039       0       0
  *** Emfgeo: Ncoun  2000000000
   85000000             165000000             165000000             2.7107579E-05         1.0000000E+30                 0       
 NEXT SEEDS:18E86829       0       0       0       0       0   181CD    3039       0       0
   90000000             160000000             160000000             2.7106545E-05         1.0000000E+30                 0       
 NEXT SEEDS:1A5F5E68       0       0       0       0       0   181CD    3039       0       0
   95000000             155000000             155000000             2.7108187E-05         1.0000000E+30                 0       
 NEXT SEEDS:1BD626B7       0       0       0       0       0   181CD    3039       0       0
  100000000             150000000             150000000             2.7106772E-05         1.0000000E+30                 0       
 NEXT SEEDS:1D4D53EE       0       0       0       0       0   181CD    3039       0       0
  105000000             145000000             145000000             2.7107184E-05         1.0000000E+30                 0       
 NEXT SEEDS:1EC46835       0       0       0       0       0   181CD    3039       0       0
  110000000             140000000             140000000             2.7109763E-05         1.0000000E+30                 0       
 NEXT SEEDS:203B659B       0       0       0       0       0   181CD    3039       0       0
  115000000             135000000             135000000             2.7112516E-05         1.0000000E+30                 0       
 NEXT SEEDS:21B2737C       0       0       0       0       0   181CD    3039       0       0
  120000000             130000000             130000000             2.7115421E-05         1.0000000E+30                 0       
 NEXT SEEDS:23299750       0       0       0       0       0   181CD    3039       0       0
  125000000             125000000             125000000             2.7115378E-05         1.0000000E+30                 0       
 NEXT SEEDS:24A088C0       0       0       0       0       0   181CD    3039       0       0
  130000000             120000000             120000000             2.7116548E-05         1.0000000E+30                 0       
 NEXT SEEDS:2617BDD3       0       0       0       0       0   181CD    3039       0       0
  135000000             115000000             115000000             2.7118395E-05         1.0000000E+30                 0       
 NEXT SEEDS:278EE627       0       0       0       0       0   181CD    3039       0       0
  140000000             110000000             110000000             2.7116828E-05         1.0000000E+30                 0       
 NEXT SEEDS:2905F73C       0       0       0       0       0   181CD    3039       0       0
  145000000             105000000             105000000             2.7117256E-05         1.0000000E+30                 0       
 NEXT SEEDS:2A7D1C4B       0       0       0       0       0   181CD    3039       0       0
  150000000             100000000             100000000             2.7118964E-05         1.0000000E+30                 0       
 NEXT SEEDS:2BF4212A       0       0       0       0       0   181CD    3039       0       0
  155000000              95000000              95000000             2.7118970E-05         1.0000000E+30                 0       
 NEXT SEEDS:2D6B76A9       0       0       0       0       0   181CD    3039       0       0
  160000000              90000000              90000000             2.7120761E-05         1.0000000E+30                 0       
 NEXT SEEDS:2EE2A415       0       0       0       0       0   181CD    3039       0       0
  *** Emfgeo: Ncoun  2000000000
  165000000              85000000              85000000             2.7121259E-05         1.0000000E+30                 0       
 NEXT SEEDS:3059A35D       0       0       0       0       0   181CD    3039       0       0
  170000000              80000000              80000000             2.7119442E-05         1.0000000E+30                 0       
 NEXT SEEDS:31D07EF5       0       0       0       0       0   181CD    3039       0       0
  175000000              75000000              75000000             2.7119056E-05         1.0000000E+30                 0       
 NEXT SEEDS:3347C4A4       0       0       0       0       0   181CD    3039       0       0
  180000000              70000000              70000000             2.7120727E-05         1.0000000E+30                 0       
 NEXT SEEDS:34BEC23E       0       0       0       0       0   181CD    3039       0       0
  185000000              65000000              65000000             2.7119676E-05         1.0000000E+30                 0       
 NEXT SEEDS:3635C11B       0       0       0       0       0   181CD    3039       0       0
  190000000              60000000              60000000             2.7119880E-05         1.0000000E+30                 0       
 NEXT SEEDS:37ACF402       0       0       0       0       0   181CD    3039       0       0
  195000000              55000000              55000000             2.7120197E-05         1.0000000E+30                 0       
 NEXT SEEDS:3923FC64       0       0       0       0       0   181CD    3039       0       0
  200000000              50000000              50000000             2.7118188E-05         1.0000000E+30                 0       
 NEXT SEEDS:3A9AE0CB       0       0       0       0       0   181CD    3039       0       0
  205000000              45000000              45000000             2.7118295E-05         1.0000000E+30                 0       
 NEXT SEEDS:  7704D0       1       0       0       0       0   181CD    3039       0       0
  210000000              40000000              40000000             2.7117387E-05         1.0000000E+30                 0       
 NEXT SEEDS: 1EE6292       1       0       0       0       0   181CD    3039       0       0
  215000000              35000000              35000000             2.7116083E-05         1.0000000E+30                 0       
 NEXT SEEDS: 3658570       1       0       0       0       0   181CD    3039       0       0
  220000000              30000000              30000000             2.7118741E-05         1.0000000E+30                 0       
 NEXT SEEDS: 4DCCEDF       1       0       0       0       0   181CD    3039       0       0
  225000000              25000000              25000000             2.7128817E-05         1.0000000E+30                 0       
 NEXT SEEDS: 6540487       1       0       0       0       0   181CD    3039       0       0
  230000000              20000000              20000000             2.7135224E-05         1.0000000E+30                 0       
 NEXT SEEDS: 7CB0CB3       1       0       0       0       0   181CD    3039       0       0
  235000000              15000000              15000000             2.7134344E-05         1.0000000E+30                 0       
 NEXT SEEDS: 9421AC6       1       0       0       0       0   181CD    3039       0       0
  240000000              10000000              10000000             2.7133425E-05         1.0000000E+30                 0       
 NEXT SEEDS: AB91C93       1       0       0       0       0   181CD    3039       0       0
  *** Emfgeo: Ncoun  2000000000
  245000000               5000000               5000000             2.7132599E-05         1.0000000E+30                 0       
 NEXT SEEDS: C30163F       1       0       0       0       0   181CD    3039       0       0
  249999950                    50                    50             2.7132933E-05         1.0000000E+30                 0       
 NEXT SEEDS: DA76CBF       1       0       0       0       0   181CD    3039       0       0
  249999951                    49                    49             2.7132935E-05         1.0000000E+30                 0       
 NEXT SEEDS: DA76CC3       1       0       0       0       0   181CD    3039       0       0
  249999952                    48                    48             2.7132935E-05         1.0000000E+30                 0       
 NEXT SEEDS: DA76CC7       1       0       0       0       0   181CD    3039       0       0
  249999953                    47                    47             2.7132934E-05         1.0000000E+30                 0       
 NEXT SEEDS: DA76CCB       1       0       0       0       0   181CD    3039       0       0
  249999954                    46                    46             2.7132936E-05         1.0000000E+30                 0       
 NEXT SEEDS: DA76CCF       1       0       0       0       0   181CD    3039       0       0
  249999955                    45                    45             2.7132936E-05         1.0000000E+30                 0       
 NEXT SEEDS: DA76CD3       1       0       0       0       0   181CD    3039       0       0
  249999956                    44                    44             2.7132938E-05         1.0000000E+30                 0       
 NEXT SEEDS: DA76CD7       1       0       0       0       0   181CD    3039       0       0
  249999957                    43                    43             2.7132938E-05         1.0000000E+30                 0       
 NEXT SEEDS: DA76CDB       1       0       0       0       0   181CD    3039       0       0
  249999958                    42                    42             2.7132940E-05         1.0000000E+30                 0       
 NEXT SEEDS: DA76CDF       1       0       0       0       0   181CD    3039       0       0
  249999959                    41                    41             2.7132940E-05         1.0000000E+30                 0       
 NEXT SEEDS: DA76CE5       1       0       0       0       0   181CD    3039       0       0
  249999960                    40                    40             2.7132942E-05         1.0000000E+30                 0       
 NEXT SEEDS: DA76CE9       1       0       0       0       0   181CD    3039       0       0
  249999961                    39                    39             2.7132941E-05         1.0000000E+30                 0       
 NEXT SEEDS: DA76CED       1       0       0       0       0   181CD    3039       0       0
  249999962                    38                    38             2.7132943E-05         1.0000000E+30                 0       
 NEXT SEEDS: DA76D01       1       0       0       0       0   181CD    3039       0       0
  249999963                    37                    37             2.7132943E-05         1.0000000E+30                 0       
 NEXT SEEDS: DA76D05       1       0       0       0       0   181CD    3039       0       0
  249999964                    36                    36             2.7132945E-05         1.0000000E+30                 0       
 NEXT SEEDS: DA76D09       1       0       0       0       0   181CD    3039       0       0
  249999965                    35                    35             2.7132945E-05         1.0000000E+30                 0       
 NEXT SEEDS: DA76D0F       1       0       0       0       0   181CD    3039       0       0
  249999966                    34                    34             2.7132947E-05         1.0000000E+30                 0       
 NEXT SEEDS: DA76D13       1       0       0       0       0   181CD    3039       0       0
  249999967                    33                    33             2.7132947E-05         1.0000000E+30                 0       
 NEXT SEEDS: DA76D17       1       0       0       0       0   181CD    3039       0       0
  249999968                    32                    32             2.7132947E-05         1.0000000E+30                 0       
 NEXT SEEDS: DA76D1B       1       0       0       0       0   181CD    3039       0       0
  249999969                    31                    31             2.7132948E-05         1.0000000E+30                 0       
 NEXT SEEDS: DA76D1F       1       0       0       0       0   181CD    3039       0       0
  249999970                    30                    30             2.7132948E-05         1.0000000E+30                 0       
 NEXT SEEDS: DA76D25       1       0       0       0       0   181CD    3039       0       0
  249999971                    29                    29             2.7132950E-05         1.0000000E+30                 0       
 NEXT SEEDS: DA76D29       1       0       0       0       0   181CD    3039       0       0
  249999972                    28                    28             2.7132950E-05         1.0000000E+30                 0       
 NEXT SEEDS: DA76D2D       1       0       0       0       0   181CD    3039       0       0
  249999973                    27                    27             2.7132950E-05         1.0000000E+30                 0       
 NEXT SEEDS: DA76D31       1       0       0       0       0   181CD    3039       0       0
  249999974                    26                    26             2.7132952E-05         1.0000000E+30                 0       
 NEXT SEEDS: DA76D35       1       0       0       0       0   181CD    3039       0       0
  249999975                    25                    25             2.7132952E-05         1.0000000E+30                 0       
 NEXT SEEDS: DA76D39       1       0       0       0       0   181CD    3039       0       0
  249999976                    24                    24             2.7132953E-05         1.0000000E+30                 0       
 NEXT SEEDS: DA76D3F       1       0       0       0       0   181CD    3039       0       0
  249999977                    23                    23             2.7132953E-05         1.0000000E+30                 0       
 NEXT SEEDS: DA76D43       1       0       0       0       0   181CD    3039       0       0
  249999978                    22                    22             2.7132953E-05         1.0000000E+30                 0       
 NEXT SEEDS: DA76D49       1       0       0       0       0   181CD    3039       0       0
  249999979                    21                    21             2.7132955E-05         1.0000000E+30                 0       
 NEXT SEEDS: DA76D4D       1       0       0       0       0   181CD    3039       0       0
  249999980                    20                    20             2.7132955E-05         1.0000000E+30                 0       
 NEXT SEEDS: DA76D51       1       0       0       0       0   181CD    3039       0       0
  249999981                    19                    19             2.7132955E-05         1.0000000E+30                 0       
 NEXT SEEDS: DA76D55       1       0       0       0       0   181CD    3039       0       0
  249999982                    18                    18             2.7132955E-05         1.0000000E+30                 0       
 NEXT SEEDS: DA76D59       1       0       0       0       0   181CD    3039       0       0
  249999983                    17                    17             2.7132955E-05         1.0000000E+30                 0       
 NEXT SEEDS: DA76D5D       1       0       0       0       0   181CD    3039       0       0
  249999984                    16                    16             2.7132955E-05         1.0000000E+30                 0       
 NEXT SEEDS: DA76D61       1       0       0       0       0   181CD    3039       0       0
  249999985                    15                    15             2.7132954E-05         1.0000000E+30                 0       
 NEXT SEEDS: DA76D65       1       0       0       0       0   181CD    3039       0       0
  249999986                    14                    14             2.7132954E-05         1.0000000E+30                 0       
 NEXT SEEDS: DA76D69       1       0       0       0       0   181CD    3039       0       0
  249999987                    13                    13             2.7132956E-05         1.0000000E+30                 0       
 NEXT SEEDS: DA76D6D       1       0       0       0       0   181CD    3039       0       0
  249999988                    12                    12             2.7132956E-05         1.0000000E+30                 0       
 NEXT SEEDS: DA76D71       1       0       0       0       0   181CD    3039       0       0
  249999989                    11                    11             2.7132956E-05         1.0000000E+30                 0       
 NEXT SEEDS: DA76D75       1       0       0       0       0   181CD    3039       0       0
  249999990                    10                    10             2.7132956E-05         1.0000000E+30                 0       
 NEXT SEEDS: DA76D79       1       0       0       0       0   181CD    3039       0       0
  249999991                     9                     9             2.7132956E-05         1.0000000E+30                 0       
 NEXT SEEDS: DA76D7D       1       0       0       0       0   181CD    3039       0       0
  249999992                     8                     8             2.7132956E-05         1.0000000E+30                 0       
 NEXT SEEDS: DA76D81       1       0       0       0       0   181CD    3039       0       0
  249999993                     7                     7             2.7132956E-05         1.0000000E+30                 0       
 NEXT SEEDS: DA76D85       1       0       0       0       0   181CD    3039       0       0
  249999994                     6                     6             2.7132955E-05         1.0000000E+30                 0       
 NEXT SEEDS: DA76D89       1       0       0       0       0   181CD    3039       0       0
  249999995                     5                     5             2.7132957E-05         1.0000000E+30                 0       
 NEXT SEEDS: DA76D8D       1       0       0       0       0   181CD    3039       0       0
  249999996                     4                     4             2.7132957E-05         1.0000000E+30                 0       
 NEXT SEEDS: DA76D91       1       0       0       0       0   181CD    3039       0       0
  249999997                     3                     3             2.7132959E-05         1.0000000E+30                 0       
 NEXT SEEDS: DA76D95       1       0       0       0       0   181CD    3039       0       0
  249999998                     2                     2             2.7132959E-05         1.0000000E+30                 0       
 NEXT SEEDS: DA76D99       1       0       0       0       0   181CD    3039       0       0
  249999999                     1                     1             2.7132959E-05         1.0000000E+30                 0       
 NEXT SEEDS: DA76D9D       1       0       0       0       0   181CD    3039       0       0
  250000000                     0                     1             2.7132961E-05         1.0000000E+30                 0       
 NEXT SEEDS: DA76DA1       1       0       0       0       0   181CD    3039       0       0
