1NUMBER OF BEAM       NUMBER OF BEAM        APPROXIMATE NUMBER    AVERAGE TIME USED     TIME LEFT (RESERVED   NUMBER OF STARS
 PARTICLES HANDLED    PARTICLES LEFT        OF BEAM PARTICLES     BY A BEAM PARTICLE     10000.0 SECONDS      CREATED
                                            THAT CAN STILL BE                           FOR PRINTOUT)
                                            HANDLED

 NEXT SEEDS:       0       0       0       0       0       0   181CD    3039       0       0
          1             249999999             249999999             5.7506561E-04         1.0000000E+30                 0       
 NEXT SEEDS:       4       0       0       0       0       0   181CD    3039       0       0
    5000000             245000000             245000000             2.7171704E-05         1.0000000E+30                 0       
 NEXT SEEDS: 176FD8A       0       0       0       0       0   181CD    3039       0       0
   10000000             240000000             240000000             2.7188480E-05         1.0000000E+30                 0       
 NEXT SEEDS: 2EDECC4       0       0       0       0       0   181CD    3039       0       0
   15000000             235000000             235000000             2.7219383E-05         1.0000000E+30                 0       
 NEXT SEEDS: 4651DE9       0       0       0       0       0   181CD    3039       0       0
   20000000             230000000             230000000             2.7212874E-05         1.0000000E+30                 0       
 NEXT SEEDS: 5DC4C8C       0       0       0       0       0   181CD    3039       0       0
   25000000             225000000             225000000             2.7207638E-05         1.0000000E+30                 0       
 NEXT SEEDS: 7538E5F       0       0       0       0       0   181CD    3039       0       0
   30000000             220000000             220000000             2.7201039E-05         1.0000000E+30                 0       
 NEXT SEEDS: 8CAA093       0       0       0       0       0   181CD    3039       0       0
   35000000             215000000             215000000             2.7199910E-05         1.0000000E+30                 0       
 NEXT SEEDS: A41BC57       0       0       0       0       0   181CD    3039       0       0
   40000000             210000000             210000000             2.7199969E-05         1.0000000E+30                 0       
 NEXT SEEDS: BB8DF18       0       0       0       0       0   181CD    3039       0       0
   45000000             205000000             205000000             2.7203542E-05         1.0000000E+30                 0       
 NEXT SEEDS: D30102B       0       0       0       0       0   181CD    3039       0       0
   50000000             200000000             200000000             2.7203715E-05         1.0000000E+30                 0       
 NEXT SEEDS: EA70506       0       0       0       0       0   181CD    3039       0       0
   55000000             195000000             195000000             2.7205288E-05         1.0000000E+30                 0       
 NEXT SEEDS:101E221E       0       0       0       0       0   181CD    3039       0       0
   60000000             190000000             190000000             2.7197853E-05         1.0000000E+30                 0       
 NEXT SEEDS:119527B2       0       0       0       0       0   181CD    3039       0       0
   65000000             185000000             185000000             2.7196108E-05         1.0000000E+30                 0       
 NEXT SEEDS:130C4CA8       0       0       0       0       0   181CD    3039       0       0
   70000000             180000000             180000000             2.7191181E-05         1.0000000E+30                 0       
 NEXT SEEDS:14833B1E       0       0       0       0       0   181CD    3039       0       0
   75000000             175000000             175000000             2.7188626E-05         1.0000000E+30                 0       
 NEXT SEEDS:15FA36C5       0       0       0       0       0   181CD    3039       0       0
   80000000             170000000             170000000             2.7188865E-05         1.0000000E+30                 0       
 NEXT SEEDS:17716092       0       0       0       0       0   181CD    3039       0       0
  *** Emfgeo: Ncoun  2000000000
   85000000             165000000             165000000             2.7185617E-05         1.0000000E+30                 0       
 NEXT SEEDS:18E85199       0       0       0       0       0   181CD    3039       0       0
   90000000             160000000             160000000             2.7186592E-05         1.0000000E+30                 0       
 NEXT SEEDS:1A5F5D27       0       0       0       0       0   181CD    3039       0       0
   95000000             155000000             155000000             2.7185103E-05         1.0000000E+30                 0       
 NEXT SEEDS:1BD6BA30       0       0       0       0       0   181CD    3039       0       0
  100000000             150000000             150000000             2.7187269E-05         1.0000000E+30                 0       
 NEXT SEEDS:1D4DB33E       0       0       0       0       0   181CD    3039       0       0
  105000000             145000000             145000000             2.7187157E-05         1.0000000E+30                 0       
 NEXT SEEDS:1EC4E64B       0       0       0       0       0   181CD    3039       0       0
  110000000             140000000             140000000             2.7186846E-05         1.0000000E+30                 0       
 NEXT SEEDS:203C31BC       0       0       0       0       0   181CD    3039       0       0
  115000000             135000000             135000000             2.7186677E-05         1.0000000E+30                 0       
 NEXT SEEDS:21B31CF1       0       0       0       0       0   181CD    3039       0       0
  120000000             130000000             130000000             2.7183159E-05         1.0000000E+30                 0       
 NEXT SEEDS:2329EB3B       0       0       0       0       0   181CD    3039       0       0
  125000000             125000000             125000000             2.7186843E-05         1.0000000E+30                 0       
 NEXT SEEDS:24A15A29       0       0       0       0       0   181CD    3039       0       0
  130000000             120000000             120000000             2.7185563E-05         1.0000000E+30                 0       
 NEXT SEEDS:26186322       0       0       0       0       0   181CD    3039       0       0
  135000000             115000000             115000000             2.7184681E-05         1.0000000E+30                 0       
 NEXT SEEDS:278F92CF       0       0       0       0       0   181CD    3039       0       0
  140000000             110000000             110000000             2.7182947E-05         1.0000000E+30                 0       
 NEXT SEEDS:2906DA2E       0       0       0       0       0   181CD    3039       0       0
  145000000             105000000             105000000             2.7182796E-05         1.0000000E+30                 0       
 NEXT SEEDS:2A7DF805       0       0       0       0       0   181CD    3039       0       0
  150000000             100000000             100000000             2.7182090E-05         1.0000000E+30                 0       
 NEXT SEEDS:2BF55383       0       0       0       0       0   181CD    3039       0       0
  155000000              95000000              95000000             2.7180903E-05         1.0000000E+30                 0       
 NEXT SEEDS:2D6C4159       0       0       0       0       0   181CD    3039       0       0
  160000000              90000000              90000000             2.7181222E-05         1.0000000E+30                 0       
 NEXT SEEDS:2EE3A60C       0       0       0       0       0   181CD    3039       0       0
  *** Emfgeo: Ncoun  2000000000
  165000000              85000000              85000000             2.7181566E-05         1.0000000E+30                 0       
 NEXT SEEDS:305AD6B7       0       0       0       0       0   181CD    3039       0       0
  170000000              80000000              80000000             2.7181602E-05         1.0000000E+30                 0       
 NEXT SEEDS:31D1FC00       0       0       0       0       0   181CD    3039       0       0
  175000000              75000000              75000000             2.7182993E-05         1.0000000E+30                 0       
 NEXT SEEDS:33491417       0       0       0       0       0   181CD    3039       0       0
  180000000              70000000              70000000             2.7183305E-05         1.0000000E+30                 0       
 NEXT SEEDS:34C0166E       0       0       0       0       0   181CD    3039       0       0
  185000000              65000000              65000000             2.7182685E-05         1.0000000E+30                 0       
 NEXT SEEDS:36371A8E       0       0       0       0       0   181CD    3039       0       0
  190000000              60000000              60000000             2.7183051E-05         1.0000000E+30                 0       
 NEXT SEEDS:37AE3EB7       0       0       0       0       0   181CD    3039       0       0
  195000000              55000000              55000000             2.7183232E-05         1.0000000E+30                 0       
 NEXT SEEDS:39252A96       0       0       0       0       0   181CD    3039       0       0
  200000000              50000000              50000000             2.7182790E-05         1.0000000E+30                 0       
 NEXT SEEDS:3A9C61E5       0       0       0       0       0   181CD    3039       0       0
  205000000              45000000              45000000             2.7182952E-05         1.0000000E+30                 0       
 NEXT SEEDS:  78D2DD       1       0       0       0       0   181CD    3039       0       0
  210000000              40000000              40000000             2.7182626E-05         1.0000000E+30                 0       
 NEXT SEEDS: 1EFCE85       1       0       0       0       0   181CD    3039       0       0
  215000000              35000000              35000000             2.7182707E-05         1.0000000E+30                 0       
 NEXT SEEDS: 3673176       1       0       0       0       0   181CD    3039       0       0
  220000000              30000000              30000000             2.7182694E-05         1.0000000E+30                 0       
 NEXT SEEDS: 4DE4437       1       0       0       0       0   181CD    3039       0       0
  225000000              25000000              25000000             2.7181642E-05         1.0000000E+30                 0       
 NEXT SEEDS: 6553DAC       1       0       0       0       0   181CD    3039       0       0
  230000000              20000000              20000000             2.7180691E-05         1.0000000E+30                 0       
 NEXT SEEDS: 7CC497A       1       0       0       0       0   181CD    3039       0       0
  235000000              15000000              15000000             2.7181615E-05         1.0000000E+30                 0       
 NEXT SEEDS: 943714D       1       0       0       0       0   181CD    3039       0       0
  240000000              10000000              10000000             2.7180289E-05         1.0000000E+30                 0       
 NEXT SEEDS: ABA6992       1       0       0       0       0   181CD    3039       0       0
  *** Emfgeo: Ncoun  2000000000
  245000000               5000000               5000000             2.7180528E-05         1.0000000E+30                 0       
 NEXT SEEDS: C31970B       1       0       0       0       0   181CD    3039       0       0
  249999950                    50                    50             2.7181698E-05         1.0000000E+30                 0       
 NEXT SEEDS: DA8D6C6       1       0       0       0       0   181CD    3039       0       0
  249999951                    49                    49             2.7181698E-05         1.0000000E+30                 0       
 NEXT SEEDS: DA8D6CA       1       0       0       0       0   181CD    3039       0       0
  249999952                    48                    48             2.7181698E-05         1.0000000E+30                 0       
 NEXT SEEDS: DA8D6CE       1       0       0       0       0   181CD    3039       0       0
  249999953                    47                    47             2.7181700E-05         1.0000000E+30                 0       
 NEXT SEEDS: DA8D6D2       1       0       0       0       0   181CD    3039       0       0
  249999954                    46                    46             2.7181700E-05         1.0000000E+30                 0       
 NEXT SEEDS: DA8D6D6       1       0       0       0       0   181CD    3039       0       0
  249999955                    45                    45             2.7181700E-05         1.0000000E+30                 0       
 NEXT SEEDS: DA8D6DA       1       0       0       0       0   181CD    3039       0       0
  249999956                    44                    44             2.7181701E-05         1.0000000E+30                 0       
 NEXT SEEDS: DA8D6E0       1       0       0       0       0   181CD    3039       0       0
  249999957                    43                    43             2.7181703E-05         1.0000000E+30                 0       
 NEXT SEEDS: DA8D719       1       0       0       0       0   181CD    3039       0       0
  249999958                    42                    42             2.7181705E-05         1.0000000E+30                 0       
 NEXT SEEDS: DA8D71D       1       0       0       0       0   181CD    3039       0       0
  249999959                    41                    41             2.7181705E-05         1.0000000E+30                 0       
 NEXT SEEDS: DA8D721       1       0       0       0       0   181CD    3039       0       0
  249999960                    40                    40             2.7181707E-05         1.0000000E+30                 0       
 NEXT SEEDS: DA8D737       1       0       0       0       0   181CD    3039       0       0
  249999961                    39                    39             2.7181707E-05         1.0000000E+30                 0       
 NEXT SEEDS: DA8D73B       1       0       0       0       0   181CD    3039       0       0
  249999962                    38                    38             2.7181709E-05         1.0000000E+30                 0       
 NEXT SEEDS: DA8D73F       1       0       0       0       0   181CD    3039       0       0
  249999963                    37                    37             2.7181708E-05         1.0000000E+30                 0       
 NEXT SEEDS: DA8D743       1       0       0       0       0   181CD    3039       0       0
  249999964                    36                    36             2.7181708E-05         1.0000000E+30                 0       
 NEXT SEEDS: DA8D747       1       0       0       0       0   181CD    3039       0       0
  249999965                    35                    35             2.7181708E-05         1.0000000E+30                 0       
 NEXT SEEDS: DA8D74B       1       0       0       0       0   181CD    3039       0       0
  249999966                    34                    34             2.7181708E-05         1.0000000E+30                 0       
 NEXT SEEDS: DA8D751       1       0       0       0       0   181CD    3039       0       0
  249999967                    33                    33             2.7181708E-05         1.0000000E+30                 0       
 NEXT SEEDS: DA8D755       1       0       0       0       0   181CD    3039       0       0
  249999968                    32                    32             2.7181708E-05         1.0000000E+30                 0       
 NEXT SEEDS: DA8D759       1       0       0       0       0   181CD    3039       0       0
  249999969                    31                    31             2.7181710E-05         1.0000000E+30                 0       
 NEXT SEEDS: DA8D75D       1       0       0       0       0   181CD    3039       0       0
  249999970                    30                    30             2.7181710E-05         1.0000000E+30                 0       
 NEXT SEEDS: DA8D761       1       0       0       0       0   181CD    3039       0       0
  249999971                    29                    29             2.7181710E-05         1.0000000E+30                 0       
 NEXT SEEDS: DA8D765       1       0       0       0       0   181CD    3039       0       0
  249999972                    28                    28             2.7181709E-05         1.0000000E+30                 0       
 NEXT SEEDS: DA8D769       1       0       0       0       0   181CD    3039       0       0
  249999973                    27                    27             2.7181709E-05         1.0000000E+30                 0       
 NEXT SEEDS: DA8D76D       1       0       0       0       0   181CD    3039       0       0
  249999974                    26                    26             2.7181709E-05         1.0000000E+30                 0       
 NEXT SEEDS: DA8D771       1       0       0       0       0   181CD    3039       0       0
  249999975                    25                    25             2.7181709E-05         1.0000000E+30                 0       
 NEXT SEEDS: DA8D775       1       0       0       0       0   181CD    3039       0       0
  249999976                    24                    24             2.7181709E-05         1.0000000E+30                 0       
 NEXT SEEDS: DA8D779       1       0       0       0       0   181CD    3039       0       0
  249999977                    23                    23             2.7181709E-05         1.0000000E+30                 0       
 NEXT SEEDS: DA8D77D       1       0       0       0       0   181CD    3039       0       0
  249999978                    22                    22             2.7181709E-05         1.0000000E+30                 0       
 NEXT SEEDS: DA8D781       1       0       0       0       0   181CD    3039       0       0
  249999979                    21                    21             2.7181709E-05         1.0000000E+30                 0       
 NEXT SEEDS: DA8D785       1       0       0       0       0   181CD    3039       0       0
  249999980                    20                    20             2.7181709E-05         1.0000000E+30                 0       
 NEXT SEEDS: DA8D789       1       0       0       0       0   181CD    3039       0       0
  249999981                    19                    19             2.7181708E-05         1.0000000E+30                 0       
 NEXT SEEDS: DA8D78D       1       0       0       0       0   181CD    3039       0       0
  249999982                    18                    18             2.7181708E-05         1.0000000E+30                 0       
 NEXT SEEDS: DA8D791       1       0       0       0       0   181CD    3039       0       0
  249999983                    17                    17             2.7181710E-05         1.0000000E+30                 0       
 NEXT SEEDS: DA8D797       1       0       0       0       0   181CD    3039       0       0
  249999984                    16                    16             2.7181710E-05         1.0000000E+30                 0       
 NEXT SEEDS: DA8D79B       1       0       0       0       0   181CD    3039       0       0
  249999985                    15                    15             2.7181710E-05         1.0000000E+30                 0       
 NEXT SEEDS: DA8D79F       1       0       0       0       0   181CD    3039       0       0
  249999986                    14                    14             2.7181710E-05         1.0000000E+30                 0       
 NEXT SEEDS: DA8D7A3       1       0       0       0       0   181CD    3039       0       0
  249999987                    13                    13             2.7181710E-05         1.0000000E+30                 0       
 NEXT SEEDS: DA8D7A7       1       0       0       0       0   181CD    3039       0       0
  249999988                    12                    12             2.7181710E-05         1.0000000E+30                 0       
 NEXT SEEDS: DA8D7AB       1       0       0       0       0   181CD    3039       0       0
  249999989                    11                    11             2.7181710E-05         1.0000000E+30                 0       
 NEXT SEEDS: DA8D7AF       1       0       0       0       0   181CD    3039       0       0
  249999990                    10                    10             2.7181709E-05         1.0000000E+30                 0       
 NEXT SEEDS: DA8D7B3       1       0       0       0       0   181CD    3039       0       0
  249999991                     9                     9             2.7181709E-05         1.0000000E+30                 0       
 NEXT SEEDS: DA8D7B7       1       0       0       0       0   181CD    3039       0       0
  249999992                     8                     8             2.7181709E-05         1.0000000E+30                 0       
 NEXT SEEDS: DA8D7BB       1       0       0       0       0   181CD    3039       0       0
  249999993                     7                     7             2.7181709E-05         1.0000000E+30                 0       
 NEXT SEEDS: DA8D7BF       1       0       0       0       0   181CD    3039       0       0
  249999994                     6                     6             2.7181709E-05         1.0000000E+30                 0       
 NEXT SEEDS: DA8D7C3       1       0       0       0       0   181CD    3039       0       0
  249999995                     5                     5             2.7181711E-05         1.0000000E+30                 0       
 NEXT SEEDS: DA8D7C7       1       0       0       0       0   181CD    3039       0       0
  249999996                     4                     4             2.7181711E-05         1.0000000E+30                 0       
 NEXT SEEDS: DA8D7CB       1       0       0       0       0   181CD    3039       0       0
  249999997                     3                     3             2.7181711E-05         1.0000000E+30                 0       
 NEXT SEEDS: DA8D7CF       1       0       0       0       0   181CD    3039       0       0
  249999998                     2                     2             2.7181713E-05         1.0000000E+30                 0       
 NEXT SEEDS: DA8D7D3       1       0       0       0       0   181CD    3039       0       0
  249999999                     1                     1             2.7181712E-05         1.0000000E+30                 0       
 NEXT SEEDS: DA8D7D9       1       0       0       0       0   181CD    3039       0       0
  250000000                     0                     1             2.7181714E-05         1.0000000E+30                 0       
 NEXT SEEDS: DA8D7ED       1       0       0       0       0   181CD    3039       0       0
