1NUMBER OF BEAM       NUMBER OF BEAM        APPROXIMATE NUMBER    AVERAGE TIME USED     TIME LEFT (RESERVED   NUMBER OF STARS
 PARTICLES HANDLED    PARTICLES LEFT        OF BEAM PARTICLES     BY A BEAM PARTICLE     10000.0 SECONDS      CREATED
                                            THAT CAN STILL BE                           FOR PRINTOUT)
                                            HANDLED

 NEXT SEEDS:       0       0       0       0       0       0   181CD    3039       0       0
          1             249999999             249999999             0.0000000E+00         1.0000000E+30                 0       
 NEXT SEEDS:       4       0       0       0       0       0   181CD    3039       0       0
 Geofar: Particle in region    25 (cell #    0)
  in position  -1.148535782E+01 -5.335810845E+00 -1.254700000E-01
  is now causing trouble, requesting a step of  2.182223414E+00 cm
  to direction  4.353978700E-01  1.998550205E-01 -8.777736984E-01
  end position -1.053522239E+01 -4.899682539E+00 -2.040968317E+00
  R2:  1.266429317E+01 R3:  1.266491470E+01 cm  error count:  0
  X*U   (2D): -6.067088916E+00 X*U   (3D): -5.956954650E+00 cm
  X*UOLD(2D):  5.256556897E+00 X*UOLD(3D):  5.149566442E+00 cm
  Kloop:    8061577, Irsave:     25, Irsav2:     25, error code:  -3 Nfrom:  5000
  old direction -2.428015577E-01 -4.625152953E-01  8.527174240E-01, lagain, lstnew, lsense, lsnsct  F  F  F  T
  Particle index    7 total energy   5.406883082E-05 GeV  Nsurf    0
 We succeeded in saving the particle:  current region is n.    26 (cell #    0)
    5000000             245000000             245000000             2.7143004E-05         1.0000000E+30                 0       
 NEXT SEEDS: 1773E64       0       0       0       0       0   181CD    3039       0       0
   10000000             240000000             240000000             2.7123945E-05         1.0000000E+30                 0       
 NEXT SEEDS: 2EE3F86       0       0       0       0       0   181CD    3039       0       0
   15000000             235000000             235000000             2.7131417E-05         1.0000000E+30                 0       
 NEXT SEEDS: 4659D7B       0       0       0       0       0   181CD    3039       0       0
   20000000             230000000             230000000             2.7123293E-05         1.0000000E+30                 0       
 NEXT SEEDS: 5DCA20C       0       0       0       0       0   181CD    3039       0       0
   25000000             225000000             225000000             2.7119916E-05         1.0000000E+30                 0       
 NEXT SEEDS: 753CB9C       0       0       0       0       0   181CD    3039       0       0
   30000000             220000000             220000000             2.7132820E-05         1.0000000E+30                 0       
 NEXT SEEDS: 8CB14F0       0       0       0       0       0   181CD    3039       0       0
   35000000             215000000             215000000             2.7133051E-05         1.0000000E+30                 0       
 NEXT SEEDS: A4265AC       0       0       0       0       0   181CD    3039       0       0
   40000000             210000000             210000000             2.7137913E-05         1.0000000E+30                 0       
 NEXT SEEDS: BB988F7       0       0       0       0       0   181CD    3039       0       0
   45000000             205000000             205000000             2.7135428E-05         1.0000000E+30                 0       
 NEXT SEEDS: D30C15C       0       0       0       0       0   181CD    3039       0       0
   50000000             200000000             200000000             2.7132576E-05         1.0000000E+30                 0       
 NEXT SEEDS: EA7D6E8       0       0       0       0       0   181CD    3039       0       0
   55000000             195000000             195000000             2.7170202E-05         1.0000000E+30                 0       
 NEXT SEEDS:101F05DA       0       0       0       0       0   181CD    3039       0       0
   60000000             190000000             190000000             2.7196998E-05         1.0000000E+30                 0       
 NEXT SEEDS:11961409       0       0       0       0       0   181CD    3039       0       0
   65000000             185000000             185000000             2.7217075E-05         1.0000000E+30                 0       
 NEXT SEEDS:130D542B       0       0       0       0       0   181CD    3039       0       0
   70000000             180000000             180000000             2.7209935E-05         1.0000000E+30                 0       
 NEXT SEEDS:14846899       0       0       0       0       0   181CD    3039       0       0
   75000000             175000000             175000000             2.7208765E-05         1.0000000E+30                 0       
 NEXT SEEDS:15FBB244       0       0       0       0       0   181CD    3039       0       0
   80000000             170000000             170000000             2.7204618E-05         1.0000000E+30                 0       
 NEXT SEEDS:1772A4B8       0       0       0       0       0   181CD    3039       0       0
  *** Emfgeo: Ncoun  2000000000
   85000000             165000000             165000000             2.7197398E-05         1.0000000E+30                 0       
 NEXT SEEDS:18E98A27       0       0       0       0       0   181CD    3039       0       0
   90000000             160000000             160000000             2.7190178E-05         1.0000000E+30                 0       
 NEXT SEEDS:1A60AAFC       0       0       0       0       0   181CD    3039       0       0
   95000000             155000000             155000000             2.7189297E-05         1.0000000E+30                 0       
 NEXT SEEDS:1BD7CE45       0       0       0       0       0   181CD    3039       0       0
  100000000             150000000             150000000             2.7188328E-05         1.0000000E+30                 0       
 NEXT SEEDS:1D4EC9B7       0       0       0       0       0   181CD    3039       0       0
  105000000             145000000             145000000             2.7187207E-05         1.0000000E+30                 0       
 NEXT SEEDS:1EC5D0D5       0       0       0       0       0   181CD    3039       0       0
  110000000             140000000             140000000             2.7183840E-05         1.0000000E+30                 0       
 NEXT SEEDS:203CDADB       0       0       0       0       0   181CD    3039       0       0
  115000000             135000000             135000000             2.7179507E-05         1.0000000E+30                 0       
 NEXT SEEDS:21B3F454       0       0       0       0       0   181CD    3039       0       0
  120000000             130000000             130000000             2.7175979E-05         1.0000000E+30                 0       
 NEXT SEEDS:232AF334       0       0       0       0       0   181CD    3039       0       0
  125000000             125000000             125000000             2.7172135E-05         1.0000000E+30                 0       
 NEXT SEEDS:24A1DF03       0       0       0       0       0   181CD    3039       0       0
  130000000             120000000             120000000             2.7169748E-05         1.0000000E+30                 0       
 NEXT SEEDS:2618BDFF       0       0       0       0       0   181CD    3039       0       0
  135000000             115000000             115000000             2.7170664E-05         1.0000000E+30                 0       
 NEXT SEEDS:278FFAA0       0       0       0       0       0   181CD    3039       0       0
  140000000             110000000             110000000             2.7168170E-05         1.0000000E+30                 0       
 NEXT SEEDS:29071CBC       0       0       0       0       0   181CD    3039       0       0
  145000000             105000000             105000000             2.7167988E-05         1.0000000E+30                 0       
 NEXT SEEDS:2A7E4BE1       0       0       0       0       0   181CD    3039       0       0
  150000000             100000000             100000000             2.7166476E-05         1.0000000E+30                 0       
 NEXT SEEDS:2BF5AC2B       0       0       0       0       0   181CD    3039       0       0
  155000000              95000000              95000000             2.7165873E-05         1.0000000E+30                 0       
 NEXT SEEDS:2D6CD0F8       0       0       0       0       0   181CD    3039       0       0
  160000000              90000000              90000000             2.7166817E-05         1.0000000E+30                 0       
 NEXT SEEDS:2EE420F3       0       0       0       0       0   181CD    3039       0       0
  *** Emfgeo: Ncoun  2000000000
  165000000              85000000              85000000             2.7166198E-05         1.0000000E+30                 0       
 NEXT SEEDS:305B51D3       0       0       0       0       0   181CD    3039       0       0
  170000000              80000000              80000000             2.7166979E-05         1.0000000E+30                 0       
 NEXT SEEDS:31D26696       0       0       0       0       0   181CD    3039       0       0
  175000000              75000000              75000000             2.7167686E-05         1.0000000E+30                 0       
 NEXT SEEDS:3349AD73       0       0       0       0       0   181CD    3039       0       0
  180000000              70000000              70000000             2.7165247E-05         1.0000000E+30                 0       
 NEXT SEEDS:34C09AFB       0       0       0       0       0   181CD    3039       0       0
  185000000              65000000              65000000             2.7164608E-05         1.0000000E+30                 0       
 NEXT SEEDS:3637B64F       0       0       0       0       0   181CD    3039       0       0
  190000000              60000000              60000000             2.7164118E-05         1.0000000E+30                 0       
 NEXT SEEDS:37AEA8B8       0       0       0       0       0   181CD    3039       0       0
  195000000              55000000              55000000             2.7164099E-05         1.0000000E+30                 0       
 NEXT SEEDS:39260572       0       0       0       0       0   181CD    3039       0       0
  200000000              50000000              50000000             2.7168310E-05         1.0000000E+30                 0       
 NEXT SEEDS:3A9CE110       0       0       0       0       0   181CD    3039       0       0
  205000000              45000000              45000000             2.7176831E-05         1.0000000E+30                 0       
 NEXT SEEDS:  791AF4       1       0       0       0       0   181CD    3039       0       0
  210000000              40000000              40000000             2.7177017E-05         1.0000000E+30                 0       
 NEXT SEEDS: 1F0108F       1       0       0       0       0   181CD    3039       0       0
  215000000              35000000              35000000             2.7176523E-05         1.0000000E+30                 0       
 NEXT SEEDS: 36740FF       1       0       0       0       0   181CD    3039       0       0
  220000000              30000000              30000000             2.7176211E-05         1.0000000E+30                 0       
 NEXT SEEDS: 4DE64D2       1       0       0       0       0   181CD    3039       0       0
  225000000              25000000              25000000             2.7175522E-05         1.0000000E+30                 0       
 NEXT SEEDS: 6553C8F       1       0       0       0       0   181CD    3039       0       0
  230000000              20000000              20000000             2.7177625E-05         1.0000000E+30                 0       
 NEXT SEEDS: 7CC6E2B       1       0       0       0       0   181CD    3039       0       0
  235000000              15000000              15000000             2.7183722E-05         1.0000000E+30                 0       
 NEXT SEEDS: 9433ECB       1       0       0       0       0   181CD    3039       0       0
  240000000              10000000              10000000             2.7190883E-05         1.0000000E+30                 0       
 NEXT SEEDS: ABA7DE4       1       0       0       0       0   181CD    3039       0       0
  *** Emfgeo: Ncoun  2000000000
  245000000               5000000               5000000             2.7194873E-05         1.0000000E+30                 0       
 NEXT SEEDS: C316436       1       0       0       0       0   181CD    3039       0       0
  249999950                    50                    50             2.7195259E-05         1.0000000E+30                 0       
 NEXT SEEDS: DA8BE58       1       0       0       0       0   181CD    3039       0       0
  249999951                    49                    49             2.7195258E-05         1.0000000E+30                 0       
 NEXT SEEDS: DA8BE5C       1       0       0       0       0   181CD    3039       0       0
  249999952                    48                    48             2.7195258E-05         1.0000000E+30                 0       
 NEXT SEEDS: DA8BE60       1       0       0       0       0   181CD    3039       0       0
  249999953                    47                    47             2.7195258E-05         1.0000000E+30                 0       
 NEXT SEEDS: DA8BE64       1       0       0       0       0   181CD    3039       0       0
  249999954                    46                    46             2.7195260E-05         1.0000000E+30                 0       
 NEXT SEEDS: DA8BE68       1       0       0       0       0   181CD    3039       0       0
  249999955                    45                    45             2.7195260E-05         1.0000000E+30                 0       
 NEXT SEEDS: DA8BE6C       1       0       0       0       0   181CD    3039       0       0
  249999956                    44                    44             2.7195262E-05         1.0000000E+30                 0       
 NEXT SEEDS: DA8BE70       1       0       0       0       0   181CD    3039       0       0
  249999957                    43                    43             2.7195262E-05         1.0000000E+30                 0       
 NEXT SEEDS: DA8BE74       1       0       0       0       0   181CD    3039       0       0
  249999958                    42                    42             2.7195262E-05         1.0000000E+30                 0       
 NEXT SEEDS: DA8BE78       1       0       0       0       0   181CD    3039       0       0
  249999959                    41                    41             2.7195263E-05         1.0000000E+30                 0       
 NEXT SEEDS: DA8BE7C       1       0       0       0       0   181CD    3039       0       0
  249999960                    40                    40             2.7195263E-05         1.0000000E+30                 0       
 NEXT SEEDS: DA8BE80       1       0       0       0       0   181CD    3039       0       0
  249999961                    39                    39             2.7195263E-05         1.0000000E+30                 0       
 NEXT SEEDS: DA8BE84       1       0       0       0       0   181CD    3039       0       0
  249999962                    38                    38             2.7195265E-05         1.0000000E+30                 0       
 NEXT SEEDS: DA8BE88       1       0       0       0       0   181CD    3039       0       0
  249999963                    37                    37             2.7195265E-05         1.0000000E+30                 0       
 NEXT SEEDS: DA8BE8C       1       0       0       0       0   181CD    3039       0       0
  249999964                    36                    36             2.7195265E-05         1.0000000E+30                 0       
 NEXT SEEDS: DA8BE90       1       0       0       0       0   181CD    3039       0       0
  249999965                    35                    35             2.7195267E-05         1.0000000E+30                 0       
 NEXT SEEDS: DA8BE94       1       0       0       0       0   181CD    3039       0       0
  249999966                    34                    34             2.7195267E-05         1.0000000E+30                 0       
 NEXT SEEDS: DA8BE9A       1       0       0       0       0   181CD    3039       0       0
  249999967                    33                    33             2.7195266E-05         1.0000000E+30                 0       
 NEXT SEEDS: DA8BE9E       1       0       0       0       0   181CD    3039       0       0
  249999968                    32                    32             2.7195268E-05         1.0000000E+30                 0       
 NEXT SEEDS: DA8BEA4       1       0       0       0       0   181CD    3039       0       0
  249999969                    31                    31             2.7195268E-05         1.0000000E+30                 0       
 NEXT SEEDS: DA8BEA8       1       0       0       0       0   181CD    3039       0       0
  249999970                    30                    30             2.7195270E-05         1.0000000E+30                 0       
 NEXT SEEDS: DA8BEAC       1       0       0       0       0   181CD    3039       0       0
  249999971                    29                    29             2.7195270E-05         1.0000000E+30                 0       
 NEXT SEEDS: DA8BEB0       1       0       0       0       0   181CD    3039       0       0
  249999972                    28                    28             2.7195272E-05         1.0000000E+30                 0       
 NEXT SEEDS: DA8BEC5       1       0       0       0       0   181CD    3039       0       0
  249999973                    27                    27             2.7195272E-05         1.0000000E+30                 0       
 NEXT SEEDS: DA8BEC9       1       0       0       0       0   181CD    3039       0       0
  249999974                    26                    26             2.7195272E-05         1.0000000E+30                 0       
 NEXT SEEDS: DA8BECD       1       0       0       0       0   181CD    3039       0       0
  249999975                    25                    25             2.7195271E-05         1.0000000E+30                 0       
 NEXT SEEDS: DA8BEE1       1       0       0       0       0   181CD    3039       0       0
  249999976                    24                    24             2.7195271E-05         1.0000000E+30                 0       
 NEXT SEEDS: DA8BEE5       1       0       0       0       0   181CD    3039       0       0
  249999977                    23                    23             2.7195271E-05         1.0000000E+30                 0       
 NEXT SEEDS: DA8BEE9       1       0       0       0       0   181CD    3039       0       0
  249999978                    22                    22             2.7195271E-05         1.0000000E+30                 0       
 NEXT SEEDS: DA8BEED       1       0       0       0       0   181CD    3039       0       0
  249999979                    21                    21             2.7195271E-05         1.0000000E+30                 0       
 NEXT SEEDS: DA8BEF1       1       0       0       0       0   181CD    3039       0       0
  249999980                    20                    20             2.7195271E-05         1.0000000E+30                 0       
 NEXT SEEDS: DA8BEF5       1       0       0       0       0   181CD    3039       0       0
  249999981                    19                    19             2.7195271E-05         1.0000000E+30                 0       
 NEXT SEEDS: DA8BEFB       1       0       0       0       0   181CD    3039       0       0
  249999982                    18                    18             2.7195271E-05         1.0000000E+30                 0       
 NEXT SEEDS: DA8BEFF       1       0       0       0       0   181CD    3039       0       0
  249999983                    17                    17             2.7195271E-05         1.0000000E+30                 0       
 NEXT SEEDS: DA8BF03       1       0       0       0       0   181CD    3039       0       0
  249999984                    16                    16             2.7195272E-05         1.0000000E+30                 0       
 NEXT SEEDS: DA8BF07       1       0       0       0       0   181CD    3039       0       0
  249999985                    15                    15             2.7195272E-05         1.0000000E+30                 0       
 NEXT SEEDS: DA8BF0B       1       0       0       0       0   181CD    3039       0       0
  249999986                    14                    14             2.7195272E-05         1.0000000E+30                 0       
 NEXT SEEDS: DA8BF0F       1       0       0       0       0   181CD    3039       0       0
  249999987                    13                    13             2.7195272E-05         1.0000000E+30                 0       
 NEXT SEEDS: DA8BF13       1       0       0       0       0   181CD    3039       0       0
  249999988                    12                    12             2.7195272E-05         1.0000000E+30                 0       
 NEXT SEEDS: DA8BF17       1       0       0       0       0   181CD    3039       0       0
  249999989                    11                    11             2.7195272E-05         1.0000000E+30                 0       
 NEXT SEEDS: DA8BF1B       1       0       0       0       0   181CD    3039       0       0
  249999990                    10                    10             2.7195272E-05         1.0000000E+30                 0       
 NEXT SEEDS: DA8BF1F       1       0       0       0       0   181CD    3039       0       0
  249999991                     9                     9             2.7195272E-05         1.0000000E+30                 0       
 NEXT SEEDS: DA8BF23       1       0       0       0       0   181CD    3039       0       0
  249999992                     8                     8             2.7195272E-05         1.0000000E+30                 0       
 NEXT SEEDS: DA8BF27       1       0       0       0       0   181CD    3039       0       0
  249999993                     7                     7             2.7195273E-05         1.0000000E+30                 0       
 NEXT SEEDS: DA8BF2B       1       0       0       0       0   181CD    3039       0       0
  249999994                     6                     6             2.7195273E-05         1.0000000E+30                 0       
 NEXT SEEDS: DA8BF2F       1       0       0       0       0   181CD    3039       0       0
  249999995                     5                     5             2.7195273E-05         1.0000000E+30                 0       
 NEXT SEEDS: DA8BF33       1       0       0       0       0   181CD    3039       0       0
  249999996                     4                     4             2.7195273E-05         1.0000000E+30                 0       
 NEXT SEEDS: DA8BF37       1       0       0       0       0   181CD    3039       0       0
  249999997                     3                     3             2.7195273E-05         1.0000000E+30                 0       
 NEXT SEEDS: DA8BF3B       1       0       0       0       0   181CD    3039       0       0
  249999998                     2                     2             2.7195273E-05         1.0000000E+30                 0       
 NEXT SEEDS: DA8BF41       1       0       0       0       0   181CD    3039       0       0
  249999999                     1                     1             2.7195275E-05         1.0000000E+30                 0       
 NEXT SEEDS: DA8BF47       1       0       0       0       0   181CD    3039       0       0
  250000000                     0                     1             2.7195275E-05         1.0000000E+30                 0       
 NEXT SEEDS: DA8BF4B       1       0       0       0       0   181CD    3039       0       0
