1NUMBER OF BEAM       NUMBER OF BEAM        APPROXIMATE NUMBER    AVERAGE TIME USED     TIME LEFT (RESERVED   NUMBER OF STARS
 PARTICLES HANDLED    PARTICLES LEFT        OF BEAM PARTICLES     BY A BEAM PARTICLE     10000.0 SECONDS      CREATED
                                            THAT CAN STILL BE                           FOR PRINTOUT)
                                            HANDLED

 NEXT SEEDS:       0       0       0       0       0       0   181CD    3039       0       0
          1             249999999             249999999             7.7962875E-05         1.0000000E+30                 0       
 NEXT SEEDS:       4       0       0       0       0       0   181CD    3039       0       0
    5000000             245000000             245000000             2.6636625E-05         1.0000000E+30                 0       
 NEXT SEEDS: 1771DF0       0       0       0       0       0   181CD    3039       0       0
   10000000             240000000             240000000             2.6497346E-05         1.0000000E+30                 0       
 NEXT SEEDS: 2EE19C2       0       0       0       0       0   181CD    3039       0       0
   15000000             235000000             235000000             2.6477912E-05         1.0000000E+30                 0       
 NEXT SEEDS: 46568D3       0       0       0       0       0   181CD    3039       0       0
   20000000             230000000             230000000             2.6437201E-05         1.0000000E+30                 0       
 NEXT SEEDS: 5DC3FB5       0       0       0       0       0   181CD    3039       0       0
   25000000             225000000             225000000             2.6428094E-05         1.0000000E+30                 0       
 NEXT SEEDS: 7539889       0       0       0       0       0   181CD    3039       0       0
   30000000             220000000             220000000             2.6408635E-05         1.0000000E+30                 0       
 NEXT SEEDS: 8CAA0BA       0       0       0       0       0   181CD    3039       0       0
   35000000             215000000             215000000             2.6405727E-05         1.0000000E+30                 0       
 NEXT SEEDS: A41F409       0       0       0       0       0   181CD    3039       0       0
   40000000             210000000             210000000             2.6402426E-05         1.0000000E+30                 0       
 NEXT SEEDS: BB8DFD2       0       0       0       0       0   181CD    3039       0       0
   45000000             205000000             205000000             2.6403407E-05         1.0000000E+30                 0       
 NEXT SEEDS: D3050DB       0       0       0       0       0   181CD    3039       0       0
   50000000             200000000             200000000             2.6396592E-05         1.0000000E+30                 0       
 NEXT SEEDS: EA75EBE       0       0       0       0       0   181CD    3039       0       0
   55000000             195000000             195000000             2.6388878E-05         1.0000000E+30                 0       
 NEXT SEEDS:101E7A53       0       0       0       0       0   181CD    3039       0       0
   60000000             190000000             190000000             2.6390987E-05         1.0000000E+30                 0       
 NEXT SEEDS:1195C213       0       0       0       0       0   181CD    3039       0       0
   65000000             185000000             185000000             2.6390159E-05         1.0000000E+30                 0       
 NEXT SEEDS:130CD575       0       0       0       0       0   181CD    3039       0       0
   70000000             180000000             180000000             2.6383747E-05         1.0000000E+30                 0       
 NEXT SEEDS:1483ACE0       0       0       0       0       0   181CD    3039       0       0
   75000000             175000000             175000000             2.6384466E-05         1.0000000E+30                 0       
 NEXT SEEDS:15FAC746       0       0       0       0       0   181CD    3039       0       0
   80000000             170000000             170000000             2.6384383E-05         1.0000000E+30                 0       
 NEXT SEEDS:1771DFE9       0       0       0       0       0   181CD    3039       0       0
  *** Emfgeo: Ncoun  2000000000
   85000000             165000000             165000000             2.6385816E-05         1.0000000E+30                 0       
 NEXT SEEDS:18E8AC2A       0       0       0       0       0   181CD    3039       0       0
   90000000             160000000             160000000             2.6384222E-05         1.0000000E+30                 0       
 NEXT SEEDS:1A5FCE1E       0       0       0       0       0   181CD    3039       0       0
   95000000             155000000             155000000             2.6384220E-05         1.0000000E+30                 0       
 NEXT SEEDS:1BD6C8B9       0       0       0       0       0   181CD    3039       0       0
  100000000             150000000             150000000             2.6384042E-05         1.0000000E+30                 0       
 NEXT SEEDS:1D4DD3FB       0       0       0       0       0   181CD    3039       0       0
  105000000             145000000             145000000             2.6380365E-05         1.0000000E+30                 0       
 NEXT SEEDS:1EC4C846       0       0       0       0       0   181CD    3039       0       0
  110000000             140000000             140000000             2.6381287E-05         1.0000000E+30                 0       
 NEXT SEEDS:203C00F9       0       0       0       0       0   181CD    3039       0       0
  115000000             135000000             135000000             2.6381767E-05         1.0000000E+30                 0       
 NEXT SEEDS:21B31020       0       0       0       0       0   181CD    3039       0       0
  120000000             130000000             130000000             2.6381166E-05         1.0000000E+30                 0       
 NEXT SEEDS:2329EA2D       0       0       0       0       0   181CD    3039       0       0
  125000000             125000000             125000000             2.6379843E-05         1.0000000E+30                 0       
 NEXT SEEDS:24A1142C       0       0       0       0       0   181CD    3039       0       0
  130000000             120000000             120000000             2.6379044E-05         1.0000000E+30                 0       
 NEXT SEEDS:2617E9BC       0       0       0       0       0   181CD    3039       0       0
  135000000             115000000             115000000             2.6377507E-05         1.0000000E+30                 0       
 NEXT SEEDS:278EDC23       0       0       0       0       0   181CD    3039       0       0
  140000000             110000000             110000000             2.6378426E-05         1.0000000E+30                 0       
 NEXT SEEDS:290628C7       0       0       0       0       0   181CD    3039       0       0
  145000000             105000000             105000000             2.6377513E-05         1.0000000E+30                 0       
 NEXT SEEDS:2A7D15A9       0       0       0       0       0   181CD    3039       0       0
  150000000             100000000             100000000             2.6376197E-05         1.0000000E+30                 0       
 NEXT SEEDS:2BF46278       0       0       0       0       0   181CD    3039       0       0
  155000000              95000000              95000000             2.6379630E-05         1.0000000E+30                 0       
 NEXT SEEDS:2D6B8F87       0       0       0       0       0   181CD    3039       0       0
  160000000              90000000              90000000             2.6381666E-05         1.0000000E+30                 0       
 NEXT SEEDS:2EE2C4EC       0       0       0       0       0   181CD    3039       0       0
  *** Emfgeo: Ncoun  2000000000
  165000000              85000000              85000000             2.6382269E-05         1.0000000E+30                 0       
 NEXT SEEDS:3059E719       0       0       0       0       0   181CD    3039       0       0
  170000000              80000000              80000000             2.6382767E-05         1.0000000E+30                 0       
 NEXT SEEDS:31D12EA2       0       0       0       0       0   181CD    3039       0       0
  175000000              75000000              75000000             2.6382350E-05         1.0000000E+30                 0       
 NEXT SEEDS:33485CE8       0       0       0       0       0   181CD    3039       0       0
  180000000              70000000              70000000             2.6383117E-05         1.0000000E+30                 0       
 NEXT SEEDS:34BF8180       0       0       0       0       0   181CD    3039       0       0
  185000000              65000000              65000000             2.6381992E-05         1.0000000E+30                 0       
 NEXT SEEDS:3636964D       0       0       0       0       0   181CD    3039       0       0
  190000000              60000000              60000000             2.6384517E-05         1.0000000E+30                 0       
 NEXT SEEDS:37AD77B8       0       0       0       0       0   181CD    3039       0       0
  195000000              55000000              55000000             2.6394064E-05         1.0000000E+30                 0       
 NEXT SEEDS:39249313       0       0       0       0       0   181CD    3039       0       0
  200000000              50000000              50000000             2.6396888E-05         1.0000000E+30                 0       
 NEXT SEEDS:3A9B79E3       0       0       0       0       0   181CD    3039       0       0
  205000000              45000000              45000000             2.6396016E-05         1.0000000E+30                 0       
 NEXT SEEDS:  77E2A1       1       0       0       0       0   181CD    3039       0       0
  210000000              40000000              40000000             2.6395560E-05         1.0000000E+30                 0       
 NEXT SEEDS: 1EF0012       1       0       0       0       0   181CD    3039       0       0
  215000000              35000000              35000000             2.6395218E-05         1.0000000E+30                 0       
 NEXT SEEDS: 3662C73       1       0       0       0       0   181CD    3039       0       0
  220000000              30000000              30000000             2.6395468E-05         1.0000000E+30                 0       
 NEXT SEEDS: 4DD6982       1       0       0       0       0   181CD    3039       0       0
  225000000              25000000              25000000             2.6395064E-05         1.0000000E+30                 0       
 NEXT SEEDS: 65492B9       1       0       0       0       0   181CD    3039       0       0
  230000000              20000000              20000000             2.6394944E-05         1.0000000E+30                 0       
 NEXT SEEDS: 7CBAF10       1       0       0       0       0   181CD    3039       0       0
  235000000              15000000              15000000             2.6393495E-05         1.0000000E+30                 0       
 NEXT SEEDS: 942A9C3       1       0       0       0       0   181CD    3039       0       0
  240000000              10000000              10000000             2.6393718E-05         1.0000000E+30                 0       
 NEXT SEEDS: AB985AF       1       0       0       0       0   181CD    3039       0       0
  *** Emfgeo: Ncoun  2000000000
  245000000               5000000               5000000             2.6393298E-05         1.0000000E+30                 0       
 NEXT SEEDS: C30A85A       1       0       0       0       0   181CD    3039       0       0
  249999950                    50                    50             2.6391650E-05         1.0000000E+30                 0       
 NEXT SEEDS: DA7B80C       1       0       0       0       0   181CD    3039       0       0
  249999951                    49                    49             2.6391652E-05         1.0000000E+30                 0       
 NEXT SEEDS: DA7B810       1       0       0       0       0   181CD    3039       0       0
  249999952                    48                    48             2.6391652E-05         1.0000000E+30                 0       
 NEXT SEEDS: DA7B814       1       0       0       0       0   181CD    3039       0       0
  249999953                    47                    47             2.6391652E-05         1.0000000E+30                 0       
 NEXT SEEDS: DA7B818       1       0       0       0       0   181CD    3039       0       0
  249999954                    46                    46             2.6391652E-05         1.0000000E+30                 0       
 NEXT SEEDS: DA7B81E       1       0       0       0       0   181CD    3039       0       0
  249999955                    45                    45             2.6391652E-05         1.0000000E+30                 0       
 NEXT SEEDS: DA7B822       1       0       0       0       0   181CD    3039       0       0
  249999956                    44                    44             2.6391652E-05         1.0000000E+30                 0       
 NEXT SEEDS: DA7B826       1       0       0       0       0   181CD    3039       0       0
  249999957                    43                    43             2.6391652E-05         1.0000000E+30                 0       
 NEXT SEEDS: DA7B82A       1       0       0       0       0   181CD    3039       0       0
  249999958                    42                    42             2.6391651E-05         1.0000000E+30                 0       
 NEXT SEEDS: DA7B82E       1       0       0       0       0   181CD    3039       0       0
  249999959                    41                    41             2.6391653E-05         1.0000000E+30                 0       
 NEXT SEEDS: DA7B843       1       0       0       0       0   181CD    3039       0       0
  249999960                    40                    40             2.6391653E-05         1.0000000E+30                 0       
 NEXT SEEDS: DA7B847       1       0       0       0       0   181CD    3039       0       0
  249999961                    39                    39             2.6391655E-05         1.0000000E+30                 0       
 NEXT SEEDS: DA7B84B       1       0       0       0       0   181CD    3039       0       0
  249999962                    38                    38             2.6391655E-05         1.0000000E+30                 0       
 NEXT SEEDS: DA7B84F       1       0       0       0       0   181CD    3039       0       0
  249999963                    37                    37             2.6391655E-05         1.0000000E+30                 0       
 NEXT SEEDS: DA7B855       1       0       0       0       0   181CD    3039       0       0
  249999964                    36                    36             2.6391657E-05         1.0000000E+30                 0       
 NEXT SEEDS: DA7B859       1       0       0       0       0   181CD    3039       0       0
  249999965                    35                    35             2.6391657E-05         1.0000000E+30                 0       
 NEXT SEEDS: DA7B85D       1       0       0       0       0   181CD    3039       0       0
  249999966                    34                    34             2.6391658E-05         1.0000000E+30                 0       
 NEXT SEEDS: DA7B863       1       0       0       0       0   181CD    3039       0       0
  249999967                    33                    33             2.6391658E-05         1.0000000E+30                 0       
 NEXT SEEDS: DA7B867       1       0       0       0       0   181CD    3039       0       0
  249999968                    32                    32             2.6391660E-05         1.0000000E+30                 0       
 NEXT SEEDS: DA7B86B       1       0       0       0       0   181CD    3039       0       0
  249999969                    31                    31             2.6391660E-05         1.0000000E+30                 0       
 NEXT SEEDS: DA7B86F       1       0       0       0       0   181CD    3039       0       0
  249999970                    30                    30             2.6391662E-05         1.0000000E+30                 0       
 NEXT SEEDS: DA7B875       1       0       0       0       0   181CD    3039       0       0
  249999971                    29                    29             2.6391662E-05         1.0000000E+30                 0       
 NEXT SEEDS: DA7B879       1       0       0       0       0   181CD    3039       0       0
  249999972                    28                    28             2.6391662E-05         1.0000000E+30                 0       
 NEXT SEEDS: DA7B87D       1       0       0       0       0   181CD    3039       0       0
  249999973                    27                    27             2.6391664E-05         1.0000000E+30                 0       
 NEXT SEEDS: DA7B881       1       0       0       0       0   181CD    3039       0       0
  249999974                    26                    26             2.6391663E-05         1.0000000E+30                 0       
 NEXT SEEDS: DA7B885       1       0       0       0       0   181CD    3039       0       0
  249999975                    25                    25             2.6391663E-05         1.0000000E+30                 0       
 NEXT SEEDS: DA7B889       1       0       0       0       0   181CD    3039       0       0
  249999976                    24                    24             2.6391665E-05         1.0000000E+30                 0       
 NEXT SEEDS: DA7B88D       1       0       0       0       0   181CD    3039       0       0
  249999977                    23                    23             2.6391665E-05         1.0000000E+30                 0       
 NEXT SEEDS: DA7B891       1       0       0       0       0   181CD    3039       0       0
  249999978                    22                    22             2.6391667E-05         1.0000000E+30                 0       
 NEXT SEEDS: DA7B897       1       0       0       0       0   181CD    3039       0       0
  249999979                    21                    21             2.6391667E-05         1.0000000E+30                 0       
 NEXT SEEDS: DA7B89B       1       0       0       0       0   181CD    3039       0       0
  249999980                    20                    20             2.6391667E-05         1.0000000E+30                 0       
 NEXT SEEDS: DA7B89F       1       0       0       0       0   181CD    3039       0       0
  249999981                    19                    19             2.6391669E-05         1.0000000E+30                 0       
 NEXT SEEDS: DA7B8A3       1       0       0       0       0   181CD    3039       0       0
  249999982                    18                    18             2.6391668E-05         1.0000000E+30                 0       
 NEXT SEEDS: DA7B8A7       1       0       0       0       0   181CD    3039       0       0
  249999983                    17                    17             2.6391668E-05         1.0000000E+30                 0       
 NEXT SEEDS: DA7B8AB       1       0       0       0       0   181CD    3039       0       0
  249999984                    16                    16             2.6391670E-05         1.0000000E+30                 0       
 NEXT SEEDS: DA7B8AF       1       0       0       0       0   181CD    3039       0       0
  249999985                    15                    15             2.6391670E-05         1.0000000E+30                 0       
 NEXT SEEDS: DA7B8B3       1       0       0       0       0   181CD    3039       0       0
  249999986                    14                    14             2.6391670E-05         1.0000000E+30                 0       
 NEXT SEEDS: DA7B8B7       1       0       0       0       0   181CD    3039       0       0
  249999987                    13                    13             2.6391672E-05         1.0000000E+30                 0       
 NEXT SEEDS: DA7B8BB       1       0       0       0       0   181CD    3039       0       0
  249999988                    12                    12             2.6391672E-05         1.0000000E+30                 0       
 NEXT SEEDS: DA7B8BF       1       0       0       0       0   181CD    3039       0       0
  249999989                    11                    11             2.6391672E-05         1.0000000E+30                 0       
 NEXT SEEDS: DA7B8C3       1       0       0       0       0   181CD    3039       0       0
  249999990                    10                    10             2.6391673E-05         1.0000000E+30                 0       
 NEXT SEEDS: DA7B8C7       1       0       0       0       0   181CD    3039       0       0
  249999991                     9                     9             2.6391673E-05         1.0000000E+30                 0       
 NEXT SEEDS: DA7B8CD       1       0       0       0       0   181CD    3039       0       0
  249999992                     8                     8             2.6391673E-05         1.0000000E+30                 0       
 NEXT SEEDS: DA7B8D1       1       0       0       0       0   181CD    3039       0       0
  249999993                     7                     7             2.6391675E-05         1.0000000E+30                 0       
 NEXT SEEDS: DA7B8D5       1       0       0       0       0   181CD    3039       0       0
  249999994                     6                     6             2.6391675E-05         1.0000000E+30                 0       
 NEXT SEEDS: DA7B8D9       1       0       0       0       0   181CD    3039       0       0
  249999995                     5                     5             2.6391675E-05         1.0000000E+30                 0       
 NEXT SEEDS: DA7B8DD       1       0       0       0       0   181CD    3039       0       0
  249999996                     4                     4             2.6391677E-05         1.0000000E+30                 0       
 NEXT SEEDS: DA7B8E1       1       0       0       0       0   181CD    3039       0       0
  249999997                     3                     3             2.6391677E-05         1.0000000E+30                 0       
 NEXT SEEDS: DA7B8E5       1       0       0       0       0   181CD    3039       0       0
  249999998                     2                     2             2.6391677E-05         1.0000000E+30                 0       
 NEXT SEEDS: DA7B8E9       1       0       0       0       0   181CD    3039       0       0
  249999999                     1                     1             2.6391678E-05         1.0000000E+30                 0       
 NEXT SEEDS: DA7B8ED       1       0       0       0       0   181CD    3039       0       0
  250000000                     0                     1             2.6391678E-05         1.0000000E+30                 0       
 NEXT SEEDS: DA7B8F1       1       0       0       0       0   181CD    3039       0       0
