1NUMBER OF BEAM       NUMBER OF BEAM        APPROXIMATE NUMBER    AVERAGE TIME USED     TIME LEFT (RESERVED   NUMBER OF STARS
 PARTICLES HANDLED    PARTICLES LEFT        OF BEAM PARTICLES     BY A BEAM PARTICLE     10000.0 SECONDS      CREATED
                                            THAT CAN STILL BE                           FOR PRINTOUT)
                                            HANDLED

 NEXT SEEDS:       0       0       0       0       0       0   181CD    3039       0       0
          1             249999999             249999999             0.0000000E+00         1.0000000E+30                 0       
 NEXT SEEDS:       4       0       0       0       0       0   181CD    3039       0       0
 Geofar: Particle in region    25 (cell #    0)
  in position  -1.148535782E+01 -5.335810845E+00 -1.254700000E-01
  is now causing trouble, requesting a step of  2.182223414E+00 cm
  to direction  4.353978700E-01  1.998550205E-01 -8.777736984E-01
  end position -1.053522239E+01 -4.899682539E+00 -2.040968317E+00
  R2:  1.266429317E+01 R3:  1.266491470E+01 cm  error count:  0
  X*U   (2D): -6.067088916E+00 X*U   (3D): -5.956954650E+00 cm
  X*UOLD(2D):  5.256556897E+00 X*UOLD(3D):  5.149566442E+00 cm
  Kloop:    8069575, Irsave:     25, Irsav2:     25, error code:  -3 Nfrom:  5000
  old direction -2.428015577E-01 -4.625152953E-01  8.527174240E-01, lagain, lstnew, lsense, lsnsct  F  F  F  T
  Particle index    7 total energy   5.406883082E-05 GeV  Nsurf    0
 We succeeded in saving the particle:  current region is n.    26 (cell #    0)
    5000000             245000000             245000000             2.6554319E-05         1.0000000E+30                 0       
 NEXT SEEDS: 176CDB1       0       0       0       0       0   181CD    3039       0       0
   10000000             240000000             240000000             2.6548038E-05         1.0000000E+30                 0       
 NEXT SEEDS: 2EE05FA       0       0       0       0       0   181CD    3039       0       0
   15000000             235000000             235000000             2.6570339E-05         1.0000000E+30                 0       
 NEXT SEEDS: 465482C       0       0       0       0       0   181CD    3039       0       0
   20000000             230000000             230000000             2.6569476E-05         1.0000000E+30                 0       
 NEXT SEEDS: 5DC53E4       0       0       0       0       0   181CD    3039       0       0
   25000000             225000000             225000000             2.6551963E-05         1.0000000E+30                 0       
 NEXT SEEDS: 7533B12       0       0       0       0       0   181CD    3039       0       0
   30000000             220000000             220000000             2.6556331E-05         1.0000000E+30                 0       
 NEXT SEEDS: 8CA6FE3       0       0       0       0       0   181CD    3039       0       0
   35000000             215000000             215000000             2.6558222E-05         1.0000000E+30                 0       
 NEXT SEEDS: A41B085       0       0       0       0       0   181CD    3039       0       0
   40000000             210000000             210000000             2.6564928E-05         1.0000000E+30                 0       
 NEXT SEEDS: BB8F095       0       0       0       0       0   181CD    3039       0       0
   45000000             205000000             205000000             2.6566513E-05         1.0000000E+30                 0       
 NEXT SEEDS: D303A36       0       0       0       0       0   181CD    3039       0       0
   50000000             200000000             200000000             2.6571842E-05         1.0000000E+30                 0       
 NEXT SEEDS: EA76700       0       0       0       0       0   181CD    3039       0       0
   55000000             195000000             195000000             2.6576089E-05         1.0000000E+30                 0       
 NEXT SEEDS:101E88D1       0       0       0       0       0   181CD    3039       0       0
   60000000             190000000             190000000             2.6574844E-05         1.0000000E+30                 0       
 NEXT SEEDS:1195A698       0       0       0       0       0   181CD    3039       0       0
   65000000             185000000             185000000             2.6575221E-05         1.0000000E+30                 0       
 NEXT SEEDS:130CB3D6       0       0       0       0       0   181CD    3039       0       0
   70000000             180000000             180000000             2.6572593E-05         1.0000000E+30                 0       
 NEXT SEEDS:1483BA0A       0       0       0       0       0   181CD    3039       0       0
   75000000             175000000             175000000             2.6571414E-05         1.0000000E+30                 0       
 NEXT SEEDS:15FAA058       0       0       0       0       0   181CD    3039       0       0
   80000000             170000000             170000000             2.6570449E-05         1.0000000E+30                 0       
 NEXT SEEDS:17717C98       0       0       0       0       0   181CD    3039       0       0
  *** Emfgeo: Ncoun  2000000000
   85000000             165000000             165000000             2.6568241E-05         1.0000000E+30                 0       
 NEXT SEEDS:18E8662D       0       0       0       0       0   181CD    3039       0       0
   90000000             160000000             160000000             2.6568559E-05         1.0000000E+30                 0       
 NEXT SEEDS:1A5F79F0       0       0       0       0       0   181CD    3039       0       0
   95000000             155000000             155000000             2.6572113E-05         1.0000000E+30                 0       
 NEXT SEEDS:1BD69279       0       0       0       0       0   181CD    3039       0       0
  100000000             150000000             150000000             2.6570129E-05         1.0000000E+30                 0       
 NEXT SEEDS:1D4DC7F1       0       0       0       0       0   181CD    3039       0       0
  105000000             145000000             145000000             2.6567929E-05         1.0000000E+30                 0       
 NEXT SEEDS:1EC4E2EA       0       0       0       0       0   181CD    3039       0       0
  110000000             140000000             140000000             2.6566992E-05         1.0000000E+30                 0       
 NEXT SEEDS:203BFD36       0       0       0       0       0   181CD    3039       0       0
  115000000             135000000             135000000             2.6566242E-05         1.0000000E+30                 0       
 NEXT SEEDS:21B3042F       0       0       0       0       0   181CD    3039       0       0
  120000000             130000000             130000000             2.6565970E-05         1.0000000E+30                 0       
 NEXT SEEDS:2329E914       0       0       0       0       0   181CD    3039       0       0
  125000000             125000000             125000000             2.6567242E-05         1.0000000E+30                 0       
 NEXT SEEDS:24A11612       0       0       0       0       0   181CD    3039       0       0
  130000000             120000000             120000000             2.6568274E-05         1.0000000E+30                 0       
 NEXT SEEDS:26181820       0       0       0       0       0   181CD    3039       0       0
  135000000             115000000             115000000             2.6567086E-05         1.0000000E+30                 0       
 NEXT SEEDS:278F2528       0       0       0       0       0   181CD    3039       0       0
  140000000             110000000             110000000             2.6567389E-05         1.0000000E+30                 0       
 NEXT SEEDS:290643AC       0       0       0       0       0   181CD    3039       0       0
  145000000             105000000             105000000             2.6570672E-05         1.0000000E+30                 0       
 NEXT SEEDS:2A7D82DA       0       0       0       0       0   181CD    3039       0       0
  150000000             100000000             100000000             2.6571660E-05         1.0000000E+30                 0       
 NEXT SEEDS:2BF49B87       0       0       0       0       0   181CD    3039       0       0
  155000000              95000000              95000000             2.6571189E-05         1.0000000E+30                 0       
 NEXT SEEDS:2D6B6B96       0       0       0       0       0   181CD    3039       0       0
  160000000              90000000              90000000             2.6570332E-05         1.0000000E+30                 0       
 NEXT SEEDS:2EE252F8       0       0       0       0       0   181CD    3039       0       0
  *** Emfgeo: Ncoun  2000000000
  165000000              85000000              85000000             2.6570897E-05         1.0000000E+30                 0       
 NEXT SEEDS:3059484A       0       0       0       0       0   181CD    3039       0       0
  170000000              80000000              80000000             2.6570845E-05         1.0000000E+30                 0       
 NEXT SEEDS:31D049A9       0       0       0       0       0   181CD    3039       0       0
  175000000              75000000              75000000             2.6570062E-05         1.0000000E+30                 0       
 NEXT SEEDS:33474FC8       0       0       0       0       0   181CD    3039       0       0
  180000000              70000000              70000000             2.6570639E-05         1.0000000E+30                 0       
 NEXT SEEDS:34BE4868       0       0       0       0       0   181CD    3039       0       0
  185000000              65000000              65000000             2.6575260E-05         1.0000000E+30                 0       
 NEXT SEEDS:36357FF9       0       0       0       0       0   181CD    3039       0       0
  190000000              60000000              60000000             2.6576026E-05         1.0000000E+30                 0       
 NEXT SEEDS:37AC7396       0       0       0       0       0   181CD    3039       0       0
  195000000              55000000              55000000             2.6579092E-05         1.0000000E+30                 0       
 NEXT SEEDS:392399BA       0       0       0       0       0   181CD    3039       0       0
  200000000              50000000              50000000             2.6579593E-05         1.0000000E+30                 0       
 NEXT SEEDS:3A9AB621       0       0       0       0       0   181CD    3039       0       0
  205000000              45000000              45000000             2.6578945E-05         1.0000000E+30                 0       
 NEXT SEEDS:  76BF4F       1       0       0       0       0   181CD    3039       0       0
  210000000              40000000              40000000             2.6578691E-05         1.0000000E+30                 0       
 NEXT SEEDS: 1EE14E7       1       0       0       0       0   181CD    3039       0       0
  215000000              35000000              35000000             2.6581839E-05         1.0000000E+30                 0       
 NEXT SEEDS: 3651F8B       1       0       0       0       0   181CD    3039       0       0
  220000000              30000000              30000000             2.6588216E-05         1.0000000E+30                 0       
 NEXT SEEDS: 4DC4386       1       0       0       0       0   181CD    3039       0       0
  225000000              25000000              25000000             2.6593933E-05         1.0000000E+30                 0       
 NEXT SEEDS: 6534613       1       0       0       0       0   181CD    3039       0       0
  230000000              20000000              20000000             2.6594001E-05         1.0000000E+30                 0       
 NEXT SEEDS: 7CA6B3D       1       0       0       0       0   181CD    3039       0       0
  235000000              15000000              15000000             2.6592176E-05         1.0000000E+30                 0       
 NEXT SEEDS: 94143EC       1       0       0       0       0   181CD    3039       0       0
  240000000              10000000              10000000             2.6591265E-05         1.0000000E+30                 0       
 NEXT SEEDS: AB85B8A       1       0       0       0       0   181CD    3039       0       0
  *** Emfgeo: Ncoun  2000000000
  245000000               5000000               5000000             2.6591022E-05         1.0000000E+30                 0       
 NEXT SEEDS: C2F5EEA       1       0       0       0       0   181CD    3039       0       0
  249999950                    50                    50             2.6590627E-05         1.0000000E+30                 0       
 NEXT SEEDS: DA68767       1       0       0       0       0   181CD    3039       0       0
  249999951                    49                    49             2.6590629E-05         1.0000000E+30                 0       
 NEXT SEEDS: DA6876B       1       0       0       0       0   181CD    3039       0       0
  249999952                    48                    48             2.6590629E-05         1.0000000E+30                 0       
 NEXT SEEDS: DA6876F       1       0       0       0       0   181CD    3039       0       0
  249999953                    47                    47             2.6590629E-05         1.0000000E+30                 0       
 NEXT SEEDS: DA68773       1       0       0       0       0   181CD    3039       0       0
  249999954                    46                    46             2.6590629E-05         1.0000000E+30                 0       
 NEXT SEEDS: DA68777       1       0       0       0       0   181CD    3039       0       0
  249999955                    45                    45             2.6590629E-05         1.0000000E+30                 0       
 NEXT SEEDS: DA6877B       1       0       0       0       0   181CD    3039       0       0
  249999956                    44                    44             2.6590628E-05         1.0000000E+30                 0       
 NEXT SEEDS: DA6877F       1       0       0       0       0   181CD    3039       0       0
  249999957                    43                    43             2.6590628E-05         1.0000000E+30                 0       
 NEXT SEEDS: DA68783       1       0       0       0       0   181CD    3039       0       0
  249999958                    42                    42             2.6590628E-05         1.0000000E+30                 0       
 NEXT SEEDS: DA68787       1       0       0       0       0   181CD    3039       0       0
  249999959                    41                    41             2.6590628E-05         1.0000000E+30                 0       
 NEXT SEEDS: DA6878B       1       0       0       0       0   181CD    3039       0       0
  249999960                    40                    40             2.6590628E-05         1.0000000E+30                 0       
 NEXT SEEDS: DA6878F       1       0       0       0       0   181CD    3039       0       0
  249999961                    39                    39             2.6590628E-05         1.0000000E+30                 0       
 NEXT SEEDS: DA68793       1       0       0       0       0   181CD    3039       0       0
  249999962                    38                    38             2.6590628E-05         1.0000000E+30                 0       
 NEXT SEEDS: DA68797       1       0       0       0       0   181CD    3039       0       0
  249999963                    37                    37             2.6590628E-05         1.0000000E+30                 0       
 NEXT SEEDS: DA6879B       1       0       0       0       0   181CD    3039       0       0
  249999964                    36                    36             2.6590628E-05         1.0000000E+30                 0       
 NEXT SEEDS: DA6879F       1       0       0       0       0   181CD    3039       0       0
  249999965                    35                    35             2.6590628E-05         1.0000000E+30                 0       
 NEXT SEEDS: DA687A3       1       0       0       0       0   181CD    3039       0       0
  249999966                    34                    34             2.6590627E-05         1.0000000E+30                 0       
 NEXT SEEDS: DA687A7       1       0       0       0       0   181CD    3039       0       0
  249999967                    33                    33             2.6590627E-05         1.0000000E+30                 0       
 NEXT SEEDS: DA687AB       1       0       0       0       0   181CD    3039       0       0
  249999968                    32                    32             2.6590627E-05         1.0000000E+30                 0       
 NEXT SEEDS: DA687AF       1       0       0       0       0   181CD    3039       0       0
  249999969                    31                    31             2.6590627E-05         1.0000000E+30                 0       
 NEXT SEEDS: DA687B3       1       0       0       0       0   181CD    3039       0       0
  249999970                    30                    30             2.6590627E-05         1.0000000E+30                 0       
 NEXT SEEDS: DA687B7       1       0       0       0       0   181CD    3039       0       0
  249999971                    29                    29             2.6590627E-05         1.0000000E+30                 0       
 NEXT SEEDS: DA687BB       1       0       0       0       0   181CD    3039       0       0
  249999972                    28                    28             2.6590629E-05         1.0000000E+30                 0       
 NEXT SEEDS: DA687BF       1       0       0       0       0   181CD    3039       0       0
  249999973                    27                    27             2.6590629E-05         1.0000000E+30                 0       
 NEXT SEEDS: DA687C3       1       0       0       0       0   181CD    3039       0       0
  249999974                    26                    26             2.6590630E-05         1.0000000E+30                 0       
 NEXT SEEDS: DA687C7       1       0       0       0       0   181CD    3039       0       0
  249999975                    25                    25             2.6590630E-05         1.0000000E+30                 0       
 NEXT SEEDS: DA687CB       1       0       0       0       0   181CD    3039       0       0
  249999976                    24                    24             2.6590632E-05         1.0000000E+30                 0       
 NEXT SEEDS: DA687D1       1       0       0       0       0   181CD    3039       0       0
  249999977                    23                    23             2.6590632E-05         1.0000000E+30                 0       
 NEXT SEEDS: DA687D5       1       0       0       0       0   181CD    3039       0       0
  249999978                    22                    22             2.6590634E-05         1.0000000E+30                 0       
 NEXT SEEDS: DA687D9       1       0       0       0       0   181CD    3039       0       0
  249999979                    21                    21             2.6590634E-05         1.0000000E+30                 0       
 NEXT SEEDS: DA687DD       1       0       0       0       0   181CD    3039       0       0
  249999980                    20                    20             2.6590634E-05         1.0000000E+30                 0       
 NEXT SEEDS: DA687E1       1       0       0       0       0   181CD    3039       0       0
  249999981                    19                    19             2.6590636E-05         1.0000000E+30                 0       
 NEXT SEEDS: DA687E5       1       0       0       0       0   181CD    3039       0       0
  249999982                    18                    18             2.6590635E-05         1.0000000E+30                 0       
 NEXT SEEDS: DA687E9       1       0       0       0       0   181CD    3039       0       0
  249999983                    17                    17             2.6590635E-05         1.0000000E+30                 0       
 NEXT SEEDS: DA687ED       1       0       0       0       0   181CD    3039       0       0
  249999984                    16                    16             2.6590637E-05         1.0000000E+30                 0       
 NEXT SEEDS: DA687F1       1       0       0       0       0   181CD    3039       0       0
  249999985                    15                    15             2.6590637E-05         1.0000000E+30                 0       
 NEXT SEEDS: DA687F5       1       0       0       0       0   181CD    3039       0       0
  249999986                    14                    14             2.6590639E-05         1.0000000E+30                 0       
 NEXT SEEDS: DA687F9       1       0       0       0       0   181CD    3039       0       0
  249999987                    13                    13             2.6590639E-05         1.0000000E+30                 0       
 NEXT SEEDS: DA687FD       1       0       0       0       0   181CD    3039       0       0
  249999988                    12                    12             2.6590639E-05         1.0000000E+30                 0       
 NEXT SEEDS: DA68801       1       0       0       0       0   181CD    3039       0       0
  249999989                    11                    11             2.6590641E-05         1.0000000E+30                 0       
 NEXT SEEDS: DA68805       1       0       0       0       0   181CD    3039       0       0
  249999990                    10                    10             2.6590640E-05         1.0000000E+30                 0       
 NEXT SEEDS: DA68809       1       0       0       0       0   181CD    3039       0       0
  249999991                     9                     9             2.6590640E-05         1.0000000E+30                 0       
 NEXT SEEDS: DA6880D       1       0       0       0       0   181CD    3039       0       0
  249999992                     8                     8             2.6590642E-05         1.0000000E+30                 0       
 NEXT SEEDS: DA68811       1       0       0       0       0   181CD    3039       0       0
  249999993                     7                     7             2.6590642E-05         1.0000000E+30                 0       
 NEXT SEEDS: DA68815       1       0       0       0       0   181CD    3039       0       0
  249999994                     6                     6             2.6590644E-05         1.0000000E+30                 0       
 NEXT SEEDS: DA68819       1       0       0       0       0   181CD    3039       0       0
  249999995                     5                     5             2.6590644E-05         1.0000000E+30                 0       
 NEXT SEEDS: DA6881D       1       0       0       0       0   181CD    3039       0       0
  249999996                     4                     4             2.6590646E-05         1.0000000E+30                 0       
 NEXT SEEDS: DA68821       1       0       0       0       0   181CD    3039       0       0
  249999997                     3                     3             2.6590646E-05         1.0000000E+30                 0       
 NEXT SEEDS: DA6882D       1       0       0       0       0   181CD    3039       0       0
  249999998                     2                     2             2.6590645E-05         1.0000000E+30                 0       
 NEXT SEEDS: DA68831       1       0       0       0       0   181CD    3039       0       0
  249999999                     1                     1             2.6590647E-05         1.0000000E+30                 0       
 NEXT SEEDS: DA68835       1       0       0       0       0   181CD    3039       0       0
  250000000                     0                     1             2.6590647E-05         1.0000000E+30                 0       
 NEXT SEEDS: DA68839       1       0       0       0       0   181CD    3039       0       0
