1NUMBER OF BEAM       NUMBER OF BEAM        APPROXIMATE NUMBER    AVERAGE TIME USED     TIME LEFT (RESERVED   NUMBER OF STARS
 PARTICLES HANDLED    PARTICLES LEFT        OF BEAM PARTICLES     BY A BEAM PARTICLE     10000.0 SECONDS      CREATED
                                            THAT CAN STILL BE                           FOR PRINTOUT)
                                            HANDLED

 NEXT SEEDS:       0       0       0       0       0       0   181CD    3039       0       0
          1             249999999             249999999             7.7009201E-05         1.0000000E+30                 0       
 NEXT SEEDS:       4       0       0       0       0       0   181CD    3039       0       0
    5000000             245000000             245000000             2.6347619E-05         1.0000000E+30                 0       
 NEXT SEEDS: 176F4B8       0       0       0       0       0   181CD    3039       0       0
   10000000             240000000             240000000             2.6398378E-05         1.0000000E+30                 0       
 NEXT SEEDS: 2EE10F7       0       0       0       0       0   181CD    3039       0       0
   15000000             235000000             235000000             2.6392656E-05         1.0000000E+30                 0       
 NEXT SEEDS: 465246C       0       0       0       0       0   181CD    3039       0       0
   20000000             230000000             230000000             2.6382284E-05         1.0000000E+30                 0       
 NEXT SEEDS: 5DC0CB3       0       0       0       0       0   181CD    3039       0       0
   25000000             225000000             225000000             2.6390849E-05         1.0000000E+30                 0       
 NEXT SEEDS: 75302E2       0       0       0       0       0   181CD    3039       0       0
   30000000             220000000             220000000             2.6387626E-05         1.0000000E+30                 0       
 NEXT SEEDS: 8CA45C5       0       0       0       0       0   181CD    3039       0       0
   35000000             215000000             215000000             2.6393469E-05         1.0000000E+30                 0       
 NEXT SEEDS: A41610A       0       0       0       0       0   181CD    3039       0       0
   40000000             210000000             210000000             2.6406489E-05         1.0000000E+30                 0       
 NEXT SEEDS: BB8902D       0       0       0       0       0   181CD    3039       0       0
   45000000             205000000             205000000             2.6407447E-05         1.0000000E+30                 0       
 NEXT SEEDS: D2FB4D4       0       0       0       0       0   181CD    3039       0       0
   50000000             200000000             200000000             2.6416244E-05         1.0000000E+30                 0       
 NEXT SEEDS: EA6DC00       0       0       0       0       0   181CD    3039       0       0
   55000000             195000000             195000000             2.6414527E-05         1.0000000E+30                 0       
 NEXT SEEDS:101DB6C9       0       0       0       0       0   181CD    3039       0       0
   60000000             190000000             190000000             2.6416366E-05         1.0000000E+30                 0       
 NEXT SEEDS:11951745       0       0       0       0       0   181CD    3039       0       0
   65000000             185000000             185000000             2.6419027E-05         1.0000000E+30                 0       
 NEXT SEEDS:130C3B7D       0       0       0       0       0   181CD    3039       0       0
   70000000             180000000             180000000             2.6413442E-05         1.0000000E+30                 0       
 NEXT SEEDS:14832AE9       0       0       0       0       0   181CD    3039       0       0
   75000000             175000000             175000000             2.6417789E-05         1.0000000E+30                 0       
 NEXT SEEDS:15FA8AF2       0       0       0       0       0   181CD    3039       0       0
   80000000             170000000             170000000             2.6418783E-05         1.0000000E+30                 0       
 NEXT SEEDS:1771D97F       0       0       0       0       0   181CD    3039       0       0
  *** Emfgeo: Ncoun  2000000000
   85000000             165000000             165000000             2.6419556E-05         1.0000000E+30                 0       
 NEXT SEEDS:18E9241D       0       0       0       0       0   181CD    3039       0       0
   90000000             160000000             160000000             2.6419699E-05         1.0000000E+30                 0       
 NEXT SEEDS:1A605092       0       0       0       0       0   181CD    3039       0       0
   95000000             155000000             155000000             2.6420119E-05         1.0000000E+30                 0       
 NEXT SEEDS:1BD7651B       0       0       0       0       0   181CD    3039       0       0
  100000000             150000000             150000000             2.6419362E-05         1.0000000E+30                 0       
 NEXT SEEDS:1D4EB731       0       0       0       0       0   181CD    3039       0       0
  105000000             145000000             145000000             2.6421546E-05         1.0000000E+30                 0       
 NEXT SEEDS:1EC605CC       0       0       0       0       0   181CD    3039       0       0
  110000000             140000000             140000000             2.6421240E-05         1.0000000E+30                 0       
 NEXT SEEDS:203CF010       0       0       0       0       0   181CD    3039       0       0
  115000000             135000000             135000000             2.6421887E-05         1.0000000E+30                 0       
 NEXT SEEDS:21B40250       0       0       0       0       0   181CD    3039       0       0
  120000000             130000000             130000000             2.6422110E-05         1.0000000E+30                 0       
 NEXT SEEDS:232AC998       0       0       0       0       0   181CD    3039       0       0
  125000000             125000000             125000000             2.6419103E-05         1.0000000E+30                 0       
 NEXT SEEDS:24A1E4A1       0       0       0       0       0   181CD    3039       0       0
  130000000             120000000             120000000             2.6419281E-05         1.0000000E+30                 0       
 NEXT SEEDS:26190065       0       0       0       0       0   181CD    3039       0       0
  135000000             115000000             115000000             2.6418777E-05         1.0000000E+30                 0       
 NEXT SEEDS:278FC3BB       0       0       0       0       0   181CD    3039       0       0
  140000000             110000000             110000000             2.6418375E-05         1.0000000E+30                 0       
 NEXT SEEDS:2906C839       0       0       0       0       0   181CD    3039       0       0
  145000000             105000000             105000000             2.6415823E-05         1.0000000E+30                 0       
 NEXT SEEDS:2A7DD404       0       0       0       0       0   181CD    3039       0       0
  150000000             100000000             100000000             2.6415773E-05         1.0000000E+30                 0       
 NEXT SEEDS:2BF4DB7F       0       0       0       0       0   181CD    3039       0       0
  155000000              95000000              95000000             2.6415245E-05         1.0000000E+30                 0       
 NEXT SEEDS:2D6C1CCD       0       0       0       0       0   181CD    3039       0       0
  160000000              90000000              90000000             2.6415330E-05         1.0000000E+30                 0       
 NEXT SEEDS:2EE30C6E       0       0       0       0       0   181CD    3039       0       0
  *** Emfgeo: Ncoun  2000000000
  165000000              85000000              85000000             2.6414510E-05         1.0000000E+30                 0       
 NEXT SEEDS:3059DE22       0       0       0       0       0   181CD    3039       0       0
  170000000              80000000              80000000             2.6413730E-05         1.0000000E+30                 0       
 NEXT SEEDS:31D0C555       0       0       0       0       0   181CD    3039       0       0
  175000000              75000000              75000000             2.6412635E-05         1.0000000E+30                 0       
 NEXT SEEDS:3347CFB9       0       0       0       0       0   181CD    3039       0       0
  180000000              70000000              70000000             2.6412089E-05         1.0000000E+30                 0       
 NEXT SEEDS:34BEC85C       0       0       0       0       0   181CD    3039       0       0
  185000000              65000000              65000000             2.6410999E-05         1.0000000E+30                 0       
 NEXT SEEDS:3635E721       0       0       0       0       0   181CD    3039       0       0
  190000000              60000000              60000000             2.6410910E-05         1.0000000E+30                 0       
 NEXT SEEDS:37AD4756       0       0       0       0       0   181CD    3039       0       0
  195000000              55000000              55000000             2.6411725E-05         1.0000000E+30                 0       
 NEXT SEEDS:39242414       0       0       0       0       0   181CD    3039       0       0
  200000000              50000000              50000000             2.6410323E-05         1.0000000E+30                 0       
 NEXT SEEDS:3A9B346E       0       0       0       0       0   181CD    3039       0       0
  205000000              45000000              45000000             2.6411698E-05         1.0000000E+30                 0       
 NEXT SEEDS:  77C99E       1       0       0       0       0   181CD    3039       0       0
  210000000              40000000              40000000             2.6410873E-05         1.0000000E+30                 0       
 NEXT SEEDS: 1EED829       1       0       0       0       0   181CD    3039       0       0
  215000000              35000000              35000000             2.6411635E-05         1.0000000E+30                 0       
 NEXT SEEDS: 365D27A       1       0       0       0       0   181CD    3039       0       0
  220000000              30000000              30000000             2.6412574E-05         1.0000000E+30                 0       
 NEXT SEEDS: 4DCE41A       1       0       0       0       0   181CD    3039       0       0
  225000000              25000000              25000000             2.6412848E-05         1.0000000E+30                 0       
 NEXT SEEDS: 653DDE6       1       0       0       0       0   181CD    3039       0       0
  230000000              20000000              20000000             2.6412252E-05         1.0000000E+30                 0       
 NEXT SEEDS: 7CAA45F       1       0       0       0       0   181CD    3039       0       0
  235000000              15000000              15000000             2.6412898E-05         1.0000000E+30                 0       
 NEXT SEEDS: 941AFA8       1       0       0       0       0   181CD    3039       0       0
  240000000              10000000              10000000             2.6413131E-05         1.0000000E+30                 0       
 NEXT SEEDS: AB8733F       1       0       0       0       0   181CD    3039       0       0
  *** Emfgeo: Ncoun  2000000000
  245000000               5000000               5000000             2.6413310E-05         1.0000000E+30                 0       
 NEXT SEEDS: C2F6D67       1       0       0       0       0   181CD    3039       0       0
  249999950                    50                    50             2.6415443E-05         1.0000000E+30                 0       
 NEXT SEEDS: DA6DD27       1       0       0       0       0   181CD    3039       0       0
  249999951                    49                    49             2.6415445E-05         1.0000000E+30                 0       
 NEXT SEEDS: DA6DD2B       1       0       0       0       0   181CD    3039       0       0
  249999952                    48                    48             2.6415445E-05         1.0000000E+30                 0       
 NEXT SEEDS: DA6DD2F       1       0       0       0       0   181CD    3039       0       0
  249999953                    47                    47             2.6415447E-05         1.0000000E+30                 0       
 NEXT SEEDS: DA6DD33       1       0       0       0       0   181CD    3039       0       0
  249999954                    46                    46             2.6415449E-05         1.0000000E+30                 0       
 NEXT SEEDS: DA6DD37       1       0       0       0       0   181CD    3039       0       0
  249999955                    45                    45             2.6415449E-05         1.0000000E+30                 0       
 NEXT SEEDS: DA6DD3B       1       0       0       0       0   181CD    3039       0       0
  249999956                    44                    44             2.6415449E-05         1.0000000E+30                 0       
 NEXT SEEDS: DA6DD3F       1       0       0       0       0   181CD    3039       0       0
  249999957                    43                    43             2.6415451E-05         1.0000000E+30                 0       
 NEXT SEEDS: DA6DD43       1       0       0       0       0   181CD    3039       0       0
  249999958                    42                    42             2.6415450E-05         1.0000000E+30                 0       
 NEXT SEEDS: DA6DD47       1       0       0       0       0   181CD    3039       0       0
  249999959                    41                    41             2.6415450E-05         1.0000000E+30                 0       
 NEXT SEEDS: DA6DD4B       1       0       0       0       0   181CD    3039       0       0
  249999960                    40                    40             2.6415452E-05         1.0000000E+30                 0       
 NEXT SEEDS: DA6DD4F       1       0       0       0       0   181CD    3039       0       0
  249999961                    39                    39             2.6415454E-05         1.0000000E+30                 0       
 NEXT SEEDS: DA6DD53       1       0       0       0       0   181CD    3039       0       0
  249999962                    38                    38             2.6415454E-05         1.0000000E+30                 0       
 NEXT SEEDS: DA6DD57       1       0       0       0       0   181CD    3039       0       0
  249999963                    37                    37             2.6415454E-05         1.0000000E+30                 0       
 NEXT SEEDS: DA6DD5B       1       0       0       0       0   181CD    3039       0       0
  249999964                    36                    36             2.6415456E-05         1.0000000E+30                 0       
 NEXT SEEDS: DA6DD5F       1       0       0       0       0   181CD    3039       0       0
  249999965                    35                    35             2.6415456E-05         1.0000000E+30                 0       
 NEXT SEEDS: DA6DD63       1       0       0       0       0   181CD    3039       0       0
  249999966                    34                    34             2.6415455E-05         1.0000000E+30                 0       
 NEXT SEEDS: DA6DD67       1       0       0       0       0   181CD    3039       0       0
  249999967                    33                    33             2.6415457E-05         1.0000000E+30                 0       
 NEXT SEEDS: DA6DD6B       1       0       0       0       0   181CD    3039       0       0
  249999968                    32                    32             2.6415457E-05         1.0000000E+30                 0       
 NEXT SEEDS: DA6DD85       1       0       0       0       0   181CD    3039       0       0
  249999969                    31                    31             2.6415459E-05         1.0000000E+30                 0       
 NEXT SEEDS: DA6DD89       1       0       0       0       0   181CD    3039       0       0
  249999970                    30                    30             2.6415459E-05         1.0000000E+30                 0       
 NEXT SEEDS: DA6DD8D       1       0       0       0       0   181CD    3039       0       0
  249999971                    29                    29             2.6415459E-05         1.0000000E+30                 0       
 NEXT SEEDS: DA6DD91       1       0       0       0       0   181CD    3039       0       0
  249999972                    28                    28             2.6415461E-05         1.0000000E+30                 0       
 NEXT SEEDS: DA6DD95       1       0       0       0       0   181CD    3039       0       0
  249999973                    27                    27             2.6415461E-05         1.0000000E+30                 0       
 NEXT SEEDS: DA6DD99       1       0       0       0       0   181CD    3039       0       0
  249999974                    26                    26             2.6415462E-05         1.0000000E+30                 0       
 NEXT SEEDS: DA6DD9D       1       0       0       0       0   181CD    3039       0       0
  249999975                    25                    25             2.6415462E-05         1.0000000E+30                 0       
 NEXT SEEDS: DA6DDA1       1       0       0       0       0   181CD    3039       0       0
  249999976                    24                    24             2.6415462E-05         1.0000000E+30                 0       
 NEXT SEEDS: DA6DDA5       1       0       0       0       0   181CD    3039       0       0
  249999977                    23                    23             2.6415464E-05         1.0000000E+30                 0       
 NEXT SEEDS: DA6DDA9       1       0       0       0       0   181CD    3039       0       0
  249999978                    22                    22             2.6415464E-05         1.0000000E+30                 0       
 NEXT SEEDS: DA6DDAD       1       0       0       0       0   181CD    3039       0       0
  249999979                    21                    21             2.6415464E-05         1.0000000E+30                 0       
 NEXT SEEDS: DA6DDB1       1       0       0       0       0   181CD    3039       0       0
  249999980                    20                    20             2.6415466E-05         1.0000000E+30                 0       
 NEXT SEEDS: DA6DDB5       1       0       0       0       0   181CD    3039       0       0
  249999981                    19                    19             2.6415466E-05         1.0000000E+30                 0       
 NEXT SEEDS: DA6DDB9       1       0       0       0       0   181CD    3039       0       0
  249999982                    18                    18             2.6415465E-05         1.0000000E+30                 0       
 NEXT SEEDS: DA6DDBD       1       0       0       0       0   181CD    3039       0       0
  249999983                    17                    17             2.6415467E-05         1.0000000E+30                 0       
 NEXT SEEDS: DA6DDC1       1       0       0       0       0   181CD    3039       0       0
  249999984                    16                    16             2.6415467E-05         1.0000000E+30                 0       
 NEXT SEEDS: DA6DDC5       1       0       0       0       0   181CD    3039       0       0
  249999985                    15                    15             2.6415467E-05         1.0000000E+30                 0       
 NEXT SEEDS: DA6DDC9       1       0       0       0       0   181CD    3039       0       0
  249999986                    14                    14             2.6415469E-05         1.0000000E+30                 0       
 NEXT SEEDS: DA6DDCD       1       0       0       0       0   181CD    3039       0       0
  249999987                    13                    13             2.6415469E-05         1.0000000E+30                 0       
 NEXT SEEDS: DA6DDD1       1       0       0       0       0   181CD    3039       0       0
  249999988                    12                    12             2.6415471E-05         1.0000000E+30                 0       
 NEXT SEEDS: DA6DDD7       1       0       0       0       0   181CD    3039       0       0
  249999989                    11                    11             2.6415471E-05         1.0000000E+30                 0       
 NEXT SEEDS: DA6DDDB       1       0       0       0       0   181CD    3039       0       0
  249999990                    10                    10             2.6415470E-05         1.0000000E+30                 0       
 NEXT SEEDS: DA6DDDF       1       0       0       0       0   181CD    3039       0       0
  249999991                     9                     9             2.6415470E-05         1.0000000E+30                 0       
 NEXT SEEDS: DA6DDE3       1       0       0       0       0   181CD    3039       0       0
  249999992                     8                     8             2.6415470E-05         1.0000000E+30                 0       
 NEXT SEEDS: DA6DDE7       1       0       0       0       0   181CD    3039       0       0
  249999993                     7                     7             2.6415470E-05         1.0000000E+30                 0       
 NEXT SEEDS: DA6DDEB       1       0       0       0       0   181CD    3039       0       0
  249999994                     6                     6             2.6415470E-05         1.0000000E+30                 0       
 NEXT SEEDS: DA6DDEF       1       0       0       0       0   181CD    3039       0       0
  249999995                     5                     5             2.6415472E-05         1.0000000E+30                 0       
 NEXT SEEDS: DA6DDF3       1       0       0       0       0   181CD    3039       0       0
  249999996                     4                     4             2.6415472E-05         1.0000000E+30                 0       
 NEXT SEEDS: DA6DDF7       1       0       0       0       0   181CD    3039       0       0
  249999997                     3                     3             2.6415472E-05         1.0000000E+30                 0       
 NEXT SEEDS: DA6DDFB       1       0       0       0       0   181CD    3039       0       0
  249999998                     2                     2             2.6415472E-05         1.0000000E+30                 0       
 NEXT SEEDS: DA6DDFF       1       0       0       0       0   181CD    3039       0       0
  249999999                     1                     1             2.6415471E-05         1.0000000E+30                 0       
 NEXT SEEDS: DA6DE03       1       0       0       0       0   181CD    3039       0       0
  250000000                     0                     1             2.6415471E-05         1.0000000E+30                 0       
 NEXT SEEDS: DA6DE07       1       0       0       0       0   181CD    3039       0       0
