1NUMBER OF BEAM       NUMBER OF BEAM        APPROXIMATE NUMBER    AVERAGE TIME USED     TIME LEFT (RESERVED   NUMBER OF STARS
 PARTICLES HANDLED    PARTICLES LEFT        OF BEAM PARTICLES     BY A BEAM PARTICLE     10000.0 SECONDS      CREATED
                                            THAT CAN STILL BE                           FOR PRINTOUT)
                                            HANDLED

 NEXT SEEDS:       0       0       0       0       0       0   181CD    3039       0       0
          1             249999999             249999999             8.7976456E-05         1.0000000E+30                 0       
 NEXT SEEDS:       4       0       0       0       0       0   181CD    3039       0       0
    5000000             245000000             245000000             2.7823301E-05         1.0000000E+30                 0       
 NEXT SEEDS: 1772C50       0       0       0       0       0   181CD    3039       0       0
   10000000             240000000             240000000             2.7786705E-05         1.0000000E+30                 0       
 NEXT SEEDS: 2EDFE74       0       0       0       0       0   181CD    3039       0       0
   15000000             235000000             235000000             2.7792716E-05         1.0000000E+30                 0       
 NEXT SEEDS: 4653BFE       0       0       0       0       0   181CD    3039       0       0
   20000000             230000000             230000000             2.7767709E-05         1.0000000E+30                 0       
 NEXT SEEDS: 5DC2C8D       0       0       0       0       0   181CD    3039       0       0
   25000000             225000000             225000000             2.7765837E-05         1.0000000E+30                 0       
 NEXT SEEDS: 7536667       0       0       0       0       0   181CD    3039       0       0
   30000000             220000000             220000000             2.7759495E-05         1.0000000E+30                 0       
 NEXT SEEDS: 8CA692A       0       0       0       0       0   181CD    3039       0       0
   35000000             215000000             215000000             2.7777300E-05         1.0000000E+30                 0       
 NEXT SEEDS: A41F7EE       0       0       0       0       0   181CD    3039       0       0
   40000000             210000000             210000000             2.7786439E-05         1.0000000E+30                 0       
 NEXT SEEDS: BB942A5       0       0       0       0       0   181CD    3039       0       0
   45000000             205000000             205000000             2.7793247E-05         1.0000000E+30                 0       
 NEXT SEEDS: D307680       0       0       0       0       0   181CD    3039       0       0
   50000000             200000000             200000000             2.7784991E-05         1.0000000E+30                 0       
 NEXT SEEDS: EA77F7A       0       0       0       0       0   181CD    3039       0       0
   55000000             195000000             195000000             2.7787641E-05         1.0000000E+30                 0       
 NEXT SEEDS:101E8DFB       0       0       0       0       0   181CD    3039       0       0
   60000000             190000000             190000000             2.7791025E-05         1.0000000E+30                 0       
 NEXT SEEDS:11957AFE       0       0       0       0       0   181CD    3039       0       0
   65000000             185000000             185000000             2.7791942E-05         1.0000000E+30                 0       
 NEXT SEEDS:130C736D       0       0       0       0       0   181CD    3039       0       0
   70000000             180000000             180000000             2.7793773E-05         1.0000000E+30                 0       
 NEXT SEEDS:148367A7       0       0       0       0       0   181CD    3039       0       0
   75000000             175000000             175000000             2.7792160E-05         1.0000000E+30                 0       
 NEXT SEEDS:15FA8D23       0       0       0       0       0   181CD    3039       0       0
   80000000             170000000             170000000             2.7793825E-05         1.0000000E+30                 0       
 NEXT SEEDS:1771AAB8       0       0       0       0       0   181CD    3039       0       0
  *** Emfgeo: Ncoun  2000000000
   85000000             165000000             165000000             2.7797586E-05         1.0000000E+30                 0       
 NEXT SEEDS:18E8AC72       0       0       0       0       0   181CD    3039       0       0
   90000000             160000000             160000000             2.7796660E-05         1.0000000E+30                 0       
 NEXT SEEDS:1A5FC096       0       0       0       0       0   181CD    3039       0       0
   95000000             155000000             155000000             2.7798113E-05         1.0000000E+30                 0       
 NEXT SEEDS:1BD6DCED       0       0       0       0       0   181CD    3039       0       0
  100000000             150000000             150000000             2.7797590E-05         1.0000000E+30                 0       
 NEXT SEEDS:1D4DD4A3       0       0       0       0       0   181CD    3039       0       0
  105000000             145000000             145000000             2.7795068E-05         1.0000000E+30                 0       
 NEXT SEEDS:1EC4EBA1       0       0       0       0       0   181CD    3039       0       0
  110000000             140000000             140000000             2.7796479E-05         1.0000000E+30                 0       
 NEXT SEEDS:203C0E0F       0       0       0       0       0   181CD    3039       0       0
  115000000             135000000             135000000             2.7793904E-05         1.0000000E+30                 0       
 NEXT SEEDS:21B2F4FD       0       0       0       0       0   181CD    3039       0       0
  120000000             130000000             130000000             2.7791888E-05         1.0000000E+30                 0       
 NEXT SEEDS:2329CC30       0       0       0       0       0   181CD    3039       0       0
  125000000             125000000             125000000             2.7793564E-05         1.0000000E+30                 0       
 NEXT SEEDS:24A1189C       0       0       0       0       0   181CD    3039       0       0
  130000000             120000000             120000000             2.7794232E-05         1.0000000E+30                 0       
 NEXT SEEDS:261804C9       0       0       0       0       0   181CD    3039       0       0
  135000000             115000000             115000000             2.7792111E-05         1.0000000E+30                 0       
 NEXT SEEDS:278F19C4       0       0       0       0       0   181CD    3039       0       0
  140000000             110000000             110000000             2.7793641E-05         1.0000000E+30                 0       
 NEXT SEEDS:29067528       0       0       0       0       0   181CD    3039       0       0
  145000000             105000000             105000000             2.7793504E-05         1.0000000E+30                 0       
 NEXT SEEDS:2A7D7AFD       0       0       0       0       0   181CD    3039       0       0
  150000000             100000000             100000000             2.7793136E-05         1.0000000E+30                 0       
 NEXT SEEDS:2BF4CCEA       0       0       0       0       0   181CD    3039       0       0
  155000000              95000000              95000000             2.7795213E-05         1.0000000E+30                 0       
 NEXT SEEDS:2D6BF11E       0       0       0       0       0   181CD    3039       0       0
  160000000              90000000              90000000             2.7796690E-05         1.0000000E+30                 0       
 NEXT SEEDS:2EE31D2A       0       0       0       0       0   181CD    3039       0       0
  *** Emfgeo: Ncoun  2000000000
  165000000              85000000              85000000             2.7804043E-05         1.0000000E+30                 0       
 NEXT SEEDS:305A2B04       0       0       0       0       0   181CD    3039       0       0
  170000000              80000000              80000000             2.7805970E-05         1.0000000E+30                 0       
 NEXT SEEDS:31D16798       0       0       0       0       0   181CD    3039       0       0
  175000000              75000000              75000000             2.7805807E-05         1.0000000E+30                 0       
 NEXT SEEDS:33486C5C       0       0       0       0       0   181CD    3039       0       0
  180000000              70000000              70000000             2.7806574E-05         1.0000000E+30                 0       
 NEXT SEEDS:34BF8CAD       0       0       0       0       0   181CD    3039       0       0
  185000000              65000000              65000000             2.7806898E-05         1.0000000E+30                 0       
 NEXT SEEDS:36368E90       0       0       0       0       0   181CD    3039       0       0
  190000000              60000000              60000000             2.7806734E-05         1.0000000E+30                 0       
 NEXT SEEDS:37AD7AA9       0       0       0       0       0   181CD    3039       0       0
  195000000              55000000              55000000             2.7806819E-05         1.0000000E+30                 0       
 NEXT SEEDS:392469E5       0       0       0       0       0   181CD    3039       0       0
  200000000              50000000              50000000             2.7807284E-05         1.0000000E+30                 0       
 NEXT SEEDS:3A9BA893       0       0       0       0       0   181CD    3039       0       0
  205000000              45000000              45000000             2.7806606E-05         1.0000000E+30                 0       
 NEXT SEEDS:  77ED39       1       0       0       0       0   181CD    3039       0       0
  210000000              40000000              40000000             2.7805979E-05         1.0000000E+30                 0       
 NEXT SEEDS: 1EF37EA       1       0       0       0       0   181CD    3039       0       0
  215000000              35000000              35000000             2.7803966E-05         1.0000000E+30                 0       
 NEXT SEEDS: 36635C0       1       0       0       0       0   181CD    3039       0       0
  220000000              30000000              30000000             2.7802424E-05         1.0000000E+30                 0       
 NEXT SEEDS: 4DD3DEA       1       0       0       0       0   181CD    3039       0       0
  225000000              25000000              25000000             2.7802308E-05         1.0000000E+30                 0       
 NEXT SEEDS: 6544648       1       0       0       0       0   181CD    3039       0       0
  230000000              20000000              20000000             2.7804913E-05         1.0000000E+30                 0       
 NEXT SEEDS: 7CB3800       1       0       0       0       0   181CD    3039       0       0
  235000000              15000000              15000000             2.7807894E-05         1.0000000E+30                 0       
 NEXT SEEDS: 9423C9D       1       0       0       0       0   181CD    3039       0       0
  240000000              10000000              10000000             2.7812515E-05         1.0000000E+30                 0       
 NEXT SEEDS: AB972E7       1       0       0       0       0   181CD    3039       0       0
  *** Emfgeo: Ncoun  2000000000
  245000000               5000000               5000000             2.7813798E-05         1.0000000E+30                 0       
 NEXT SEEDS: C30A029       1       0       0       0       0   181CD    3039       0       0
  249999950                    50                    50             2.7813401E-05         1.0000000E+30                 0       
 NEXT SEEDS: DA7E57B       1       0       0       0       0   181CD    3039       0       0
  249999951                    49                    49             2.7813403E-05         1.0000000E+30                 0       
 NEXT SEEDS: DA7E57F       1       0       0       0       0   181CD    3039       0       0
  249999952                    48                    48             2.7813403E-05         1.0000000E+30                 0       
 NEXT SEEDS: DA7E583       1       0       0       0       0   181CD    3039       0       0
  249999953                    47                    47             2.7813404E-05         1.0000000E+30                 0       
 NEXT SEEDS: DA7E587       1       0       0       0       0   181CD    3039       0       0
  249999954                    46                    46             2.7813404E-05         1.0000000E+30                 0       
 NEXT SEEDS: DA7E58D       1       0       0       0       0   181CD    3039       0       0
  249999955                    45                    45             2.7813406E-05         1.0000000E+30                 0       
 NEXT SEEDS: DA7E591       1       0       0       0       0   181CD    3039       0       0
  249999956                    44                    44             2.7813406E-05         1.0000000E+30                 0       
 NEXT SEEDS: DA7E597       1       0       0       0       0   181CD    3039       0       0
  249999957                    43                    43             2.7813406E-05         1.0000000E+30                 0       
 NEXT SEEDS: DA7E59B       1       0       0       0       0   181CD    3039       0       0
  249999958                    42                    42             2.7813406E-05         1.0000000E+30                 0       
 NEXT SEEDS: DA7E5A9       1       0       0       0       0   181CD    3039       0       0
  249999959                    41                    41             2.7813406E-05         1.0000000E+30                 0       
 NEXT SEEDS: DA7E5BF       1       0       0       0       0   181CD    3039       0       0
  249999960                    40                    40             2.7813407E-05         1.0000000E+30                 0       
 NEXT SEEDS: DA7E5C3       1       0       0       0       0   181CD    3039       0       0
  249999961                    39                    39             2.7813407E-05         1.0000000E+30                 0       
 NEXT SEEDS: DA7E5C7       1       0       0       0       0   181CD    3039       0       0
  249999962                    38                    38             2.7813407E-05         1.0000000E+30                 0       
 NEXT SEEDS: DA7E5EF       1       0       0       0       0   181CD    3039       0       0
  249999963                    37                    37             2.7813409E-05         1.0000000E+30                 0       
 NEXT SEEDS: DA7E5F3       1       0       0       0       0   181CD    3039       0       0
  249999964                    36                    36             2.7813411E-05         1.0000000E+30                 0       
 NEXT SEEDS: DA7E5F7       1       0       0       0       0   181CD    3039       0       0
  249999965                    35                    35             2.7813411E-05         1.0000000E+30                 0       
 NEXT SEEDS: DA7E5FB       1       0       0       0       0   181CD    3039       0       0
  249999966                    34                    34             2.7813411E-05         1.0000000E+30                 0       
 NEXT SEEDS: DA7E5FF       1       0       0       0       0   181CD    3039       0       0
  249999967                    33                    33             2.7813413E-05         1.0000000E+30                 0       
 NEXT SEEDS: DA7E603       1       0       0       0       0   181CD    3039       0       0
  249999968                    32                    32             2.7813412E-05         1.0000000E+30                 0       
 NEXT SEEDS: DA7E607       1       0       0       0       0   181CD    3039       0       0
  249999969                    31                    31             2.7813412E-05         1.0000000E+30                 0       
 NEXT SEEDS: DA7E60B       1       0       0       0       0   181CD    3039       0       0
  249999970                    30                    30             2.7813414E-05         1.0000000E+30                 0       
 NEXT SEEDS: DA7E60F       1       0       0       0       0   181CD    3039       0       0
  249999971                    29                    29             2.7813414E-05         1.0000000E+30                 0       
 NEXT SEEDS: DA7E615       1       0       0       0       0   181CD    3039       0       0
  249999972                    28                    28             2.7813414E-05         1.0000000E+30                 0       
 NEXT SEEDS: DA7E619       1       0       0       0       0   181CD    3039       0       0
  249999973                    27                    27             2.7813414E-05         1.0000000E+30                 0       
 NEXT SEEDS: DA7E61D       1       0       0       0       0   181CD    3039       0       0
  249999974                    26                    26             2.7813414E-05         1.0000000E+30                 0       
 NEXT SEEDS: DA7E621       1       0       0       0       0   181CD    3039       0       0
  249999975                    25                    25             2.7813414E-05         1.0000000E+30                 0       
 NEXT SEEDS: DA7E625       1       0       0       0       0   181CD    3039       0       0
  249999976                    24                    24             2.7813414E-05         1.0000000E+30                 0       
 NEXT SEEDS: DA7E629       1       0       0       0       0   181CD    3039       0       0
  249999977                    23                    23             2.7813413E-05         1.0000000E+30                 0       
 NEXT SEEDS: DA7E62D       1       0       0       0       0   181CD    3039       0       0
  249999978                    22                    22             2.7813415E-05         1.0000000E+30                 0       
 NEXT SEEDS: DA7E631       1       0       0       0       0   181CD    3039       0       0
  249999979                    21                    21             2.7813415E-05         1.0000000E+30                 0       
 NEXT SEEDS: DA7E635       1       0       0       0       0   181CD    3039       0       0
  249999980                    20                    20             2.7813415E-05         1.0000000E+30                 0       
 NEXT SEEDS: DA7E639       1       0       0       0       0   181CD    3039       0       0
  249999981                    19                    19             2.7813417E-05         1.0000000E+30                 0       
 NEXT SEEDS: DA7E63D       1       0       0       0       0   181CD    3039       0       0
  249999982                    18                    18             2.7813417E-05         1.0000000E+30                 0       
 NEXT SEEDS: DA7E641       1       0       0       0       0   181CD    3039       0       0
  249999983                    17                    17             2.7813419E-05         1.0000000E+30                 0       
 NEXT SEEDS: DA7E64B       1       0       0       0       0   181CD    3039       0       0
  249999984                    16                    16             2.7813418E-05         1.0000000E+30                 0       
 NEXT SEEDS: DA7E64F       1       0       0       0       0   181CD    3039       0       0
  249999985                    15                    15             2.7813420E-05         1.0000000E+30                 0       
 NEXT SEEDS: DA7E653       1       0       0       0       0   181CD    3039       0       0
  249999986                    14                    14             2.7813420E-05         1.0000000E+30                 0       
 NEXT SEEDS: DA7E674       1       0       0       0       0   181CD    3039       0       0
  249999987                    13                    13             2.7813422E-05         1.0000000E+30                 0       
 NEXT SEEDS: DA7E695       1       0       0       0       0   181CD    3039       0       0
  249999988                    12                    12             2.7813424E-05         1.0000000E+30                 0       
 NEXT SEEDS: DA7E699       1       0       0       0       0   181CD    3039       0       0
  249999989                    11                    11             2.7813424E-05         1.0000000E+30                 0       
 NEXT SEEDS: DA7E69D       1       0       0       0       0   181CD    3039       0       0
  249999990                    10                    10             2.7813426E-05         1.0000000E+30                 0       
 NEXT SEEDS: DA7E6A1       1       0       0       0       0   181CD    3039       0       0
  249999991                     9                     9             2.7813426E-05         1.0000000E+30                 0       
 NEXT SEEDS: DA7E6A5       1       0       0       0       0   181CD    3039       0       0
  249999992                     8                     8             2.7813425E-05         1.0000000E+30                 0       
 NEXT SEEDS: DA7E6A9       1       0       0       0       0   181CD    3039       0       0
  249999993                     7                     7             2.7813427E-05         1.0000000E+30                 0       
 NEXT SEEDS: DA7E6AD       1       0       0       0       0   181CD    3039       0       0
  249999994                     6                     6             2.7813427E-05         1.0000000E+30                 0       
 NEXT SEEDS: DA7E6B1       1       0       0       0       0   181CD    3039       0       0
  249999995                     5                     5             2.7813427E-05         1.0000000E+30                 0       
 NEXT SEEDS: DA7E6B5       1       0       0       0       0   181CD    3039       0       0
  249999996                     4                     4             2.7813429E-05         1.0000000E+30                 0       
 NEXT SEEDS: DA7E6B9       1       0       0       0       0   181CD    3039       0       0
  249999997                     3                     3             2.7813429E-05         1.0000000E+30                 0       
 NEXT SEEDS: DA7E6BD       1       0       0       0       0   181CD    3039       0       0
  249999998                     2                     2             2.7813429E-05         1.0000000E+30                 0       
 NEXT SEEDS: DA7E6C1       1       0       0       0       0   181CD    3039       0       0
  249999999                     1                     1             2.7813430E-05         1.0000000E+30                 0       
 NEXT SEEDS: DA7E6C5       1       0       0       0       0   181CD    3039       0       0
  250000000                     0                     1             2.7813432E-05         1.0000000E+30                 0       
 NEXT SEEDS: DA7E6C9       1       0       0       0       0   181CD    3039       0       0
