1NUMBER OF BEAM       NUMBER OF BEAM        APPROXIMATE NUMBER    AVERAGE TIME USED     TIME LEFT (RESERVED   NUMBER OF STARS
 PARTICLES HANDLED    PARTICLES LEFT        OF BEAM PARTICLES     BY A BEAM PARTICLE     10000.0 SECONDS      CREATED
                                            THAT CAN STILL BE                           FOR PRINTOUT)
                                            HANDLED

 NEXT SEEDS:       0       0       0       0       0       0   181CD    3039       0       0
          1             249999999             249999999             7.7962875E-05         1.0000000E+30                 0       
 NEXT SEEDS:       4       0       0       0       0       0   181CD    3039       0       0
    5000000             245000000             245000000             2.7061201E-05         1.0000000E+30                 0       
 NEXT SEEDS: 176D4D8       0       0       0       0       0   181CD    3039       0       0
   10000000             240000000             240000000             2.7021741E-05         1.0000000E+30                 0       
 NEXT SEEDS: 2EDC6DC       0       0       0       0       0   181CD    3039       0       0
   15000000             235000000             235000000             2.7044873E-05         1.0000000E+30                 0       
 NEXT SEEDS: 464D421       0       0       0       0       0   181CD    3039       0       0
   20000000             230000000             230000000             2.7029253E-05         1.0000000E+30                 0       
 NEXT SEEDS: 5DBD1AE       0       0       0       0       0   181CD    3039       0       0
   25000000             225000000             225000000             2.7037721E-05         1.0000000E+30                 0       
 NEXT SEEDS: 752EE5F       0       0       0       0       0   181CD    3039       0       0
   30000000             220000000             220000000             2.7030773E-05         1.0000000E+30                 0       
 NEXT SEEDS: 8CA0F7C       0       0       0       0       0   181CD    3039       0       0
   35000000             215000000             215000000             2.7029256E-05         1.0000000E+30                 0       
 NEXT SEEDS: A40EF40       0       0       0       0       0   181CD    3039       0       0
   40000000             210000000             210000000             2.7027551E-05         1.0000000E+30                 0       
 NEXT SEEDS: BB82034       0       0       0       0       0   181CD    3039       0       0
   45000000             205000000             205000000             2.7026274E-05         1.0000000E+30                 0       
 NEXT SEEDS: D2F1603       0       0       0       0       0   181CD    3039       0       0
   50000000             200000000             200000000             2.7027299E-05         1.0000000E+30                 0       
 NEXT SEEDS: EA5EB29       0       0       0       0       0   181CD    3039       0       0
   55000000             195000000             195000000             2.7029283E-05         1.0000000E+30                 0       
 NEXT SEEDS:101CDC4B       0       0       0       0       0   181CD    3039       0       0
   60000000             190000000             190000000             2.7030371E-05         1.0000000E+30                 0       
 NEXT SEEDS:11940ADC       0       0       0       0       0   181CD    3039       0       0
   65000000             185000000             185000000             2.7026769E-05         1.0000000E+30                 0       
 NEXT SEEDS:130B14D9       0       0       0       0       0   181CD    3039       0       0
   70000000             180000000             180000000             2.7026864E-05         1.0000000E+30                 0       
 NEXT SEEDS:14823EF8       0       0       0       0       0   181CD    3039       0       0
   75000000             175000000             175000000             2.7029262E-05         1.0000000E+30                 0       
 NEXT SEEDS:15F94621       0       0       0       0       0   181CD    3039       0       0
   80000000             170000000             170000000             2.7030293E-05         1.0000000E+30                 0       
 NEXT SEEDS:177033EE       0       0       0       0       0   181CD    3039       0       0
  *** Emfgeo: Ncoun  2000000000
   85000000             165000000             165000000             2.7031194E-05         1.0000000E+30                 0       
 NEXT SEEDS:18E760DD       0       0       0       0       0   181CD    3039       0       0
   90000000             160000000             160000000             2.7029762E-05         1.0000000E+30                 0       
 NEXT SEEDS:1A5E6472       0       0       0       0       0   181CD    3039       0       0
   95000000             155000000             155000000             2.7031577E-05         1.0000000E+30                 0       
 NEXT SEEDS:1BD5C276       0       0       0       0       0   181CD    3039       0       0
  100000000             150000000             150000000             2.7029625E-05         1.0000000E+30                 0       
 NEXT SEEDS:1D4CA3C7       0       0       0       0       0   181CD    3039       0       0
  105000000             145000000             145000000             2.7032107E-05         1.0000000E+30                 0       
 NEXT SEEDS:1EC3B1AB       0       0       0       0       0   181CD    3039       0       0
  110000000             140000000             140000000             2.7030439E-05         1.0000000E+30                 0       
 NEXT SEEDS:203ACEC5       0       0       0       0       0   181CD    3039       0       0
  115000000             135000000             135000000             2.7033293E-05         1.0000000E+30                 0       
 NEXT SEEDS:21B21EED       0       0       0       0       0   181CD    3039       0       0
  120000000             130000000             130000000             2.7033216E-05         1.0000000E+30                 0       
 NEXT SEEDS:232912F8       0       0       0       0       0   181CD    3039       0       0
  125000000             125000000             125000000             2.7034186E-05         1.0000000E+30                 0       
 NEXT SEEDS:249FE85B       0       0       0       0       0   181CD    3039       0       0
  130000000             120000000             120000000             2.7049208E-05         1.0000000E+30                 0       
 NEXT SEEDS:26175E98       0       0       0       0       0   181CD    3039       0       0
  135000000             115000000             115000000             2.7059936E-05         1.0000000E+30                 0       
 NEXT SEEDS:278E98F9       0       0       0       0       0   181CD    3039       0       0
  140000000             110000000             110000000             2.7060623E-05         1.0000000E+30                 0       
 NEXT SEEDS:29057809       0       0       0       0       0   181CD    3039       0       0
  145000000             105000000             105000000             2.7063848E-05         1.0000000E+30                 0       
 NEXT SEEDS:2A7C8C1F       0       0       0       0       0   181CD    3039       0       0
  150000000             100000000             100000000             2.7070359E-05         1.0000000E+30                 0       
 NEXT SEEDS:2BF3A57E       0       0       0       0       0   181CD    3039       0       0
  155000000              95000000              95000000             2.7086111E-05         1.0000000E+30                 0       
 NEXT SEEDS:2D6AA071       0       0       0       0       0   181CD    3039       0       0
  160000000              90000000              90000000             2.7095035E-05         1.0000000E+30                 0       
 NEXT SEEDS:2EE18C52       0       0       0       0       0   181CD    3039       0       0
  *** Emfgeo: Ncoun  2000000000
  165000000              85000000              85000000             2.7094884E-05         1.0000000E+30                 0       
 NEXT SEEDS:3058A6AB       0       0       0       0       0   181CD    3039       0       0
  170000000              80000000              80000000             2.7095709E-05         1.0000000E+30                 0       
 NEXT SEEDS:31CFCFAC       0       0       0       0       0   181CD    3039       0       0
  175000000              75000000              75000000             2.7095980E-05         1.0000000E+30                 0       
 NEXT SEEDS:3347032C       0       0       0       0       0   181CD    3039       0       0
  180000000              70000000              70000000             2.7094670E-05         1.0000000E+30                 0       
 NEXT SEEDS:34BDD2D1       0       0       0       0       0   181CD    3039       0       0
  185000000              65000000              65000000             2.7093592E-05         1.0000000E+30                 0       
 NEXT SEEDS:3634CDF9       0       0       0       0       0   181CD    3039       0       0
  190000000              60000000              60000000             2.7094645E-05         1.0000000E+30                 0       
 NEXT SEEDS:37AC05DA       0       0       0       0       0   181CD    3039       0       0
  195000000              55000000              55000000             2.7093976E-05         1.0000000E+30                 0       
 NEXT SEEDS:3922E935       0       0       0       0       0   181CD    3039       0       0
  200000000              50000000              50000000             2.7093294E-05         1.0000000E+30                 0       
 NEXT SEEDS:3A99CD6C       0       0       0       0       0   181CD    3039       0       0
  205000000              45000000              45000000             2.7091304E-05         1.0000000E+30                 0       
 NEXT SEEDS:  7605A7       1       0       0       0       0   181CD    3039       0       0
  210000000              40000000              40000000             2.7089807E-05         1.0000000E+30                 0       
 NEXT SEEDS: 1ECFE9A       1       0       0       0       0   181CD    3039       0       0
  215000000              35000000              35000000             2.7090094E-05         1.0000000E+30                 0       
 NEXT SEEDS: 3640B93       1       0       0       0       0   181CD    3039       0       0
  220000000              30000000              30000000             2.7089862E-05         1.0000000E+30                 0       
 NEXT SEEDS: 4DB1C71       1       0       0       0       0   181CD    3039       0       0
  225000000              25000000              25000000             2.7090684E-05         1.0000000E+30                 0       
 NEXT SEEDS: 652648D       1       0       0       0       0   181CD    3039       0       0
  230000000              20000000              20000000             2.7089933E-05         1.0000000E+30                 0       
 NEXT SEEDS: 7C98298       1       0       0       0       0   181CD    3039       0       0
  235000000              15000000              15000000             2.7089813E-05         1.0000000E+30                 0       
 NEXT SEEDS: 940CEB7       1       0       0       0       0   181CD    3039       0       0
  240000000              10000000              10000000             2.7089006E-05         1.0000000E+30                 0       
 NEXT SEEDS: AB7C5B9       1       0       0       0       0   181CD    3039       0       0
  *** Emfgeo: Ncoun  2000000000
  245000000               5000000               5000000             2.7088349E-05         1.0000000E+30                 0       
 NEXT SEEDS: C2EEF6E       1       0       0       0       0   181CD    3039       0       0
  249999950                    50                    50             2.7087773E-05         1.0000000E+30                 0       
 NEXT SEEDS: DA6397B       1       0       0       0       0   181CD    3039       0       0
  249999951                    49                    49             2.7087773E-05         1.0000000E+30                 0       
 NEXT SEEDS: DA6397F       1       0       0       0       0   181CD    3039       0       0
  249999952                    48                    48             2.7087775E-05         1.0000000E+30                 0       
 NEXT SEEDS: DA63983       1       0       0       0       0   181CD    3039       0       0
  249999953                    47                    47             2.7087775E-05         1.0000000E+30                 0       
 NEXT SEEDS: DA63987       1       0       0       0       0   181CD    3039       0       0
  249999954                    46                    46             2.7087775E-05         1.0000000E+30                 0       
 NEXT SEEDS: DA6398B       1       0       0       0       0   181CD    3039       0       0
  249999955                    45                    45             2.7087777E-05         1.0000000E+30                 0       
 NEXT SEEDS: DA6398F       1       0       0       0       0   181CD    3039       0       0
  249999956                    44                    44             2.7087777E-05         1.0000000E+30                 0       
 NEXT SEEDS: DA63993       1       0       0       0       0   181CD    3039       0       0
  249999957                    43                    43             2.7087777E-05         1.0000000E+30                 0       
 NEXT SEEDS: DA63997       1       0       0       0       0   181CD    3039       0       0
  249999958                    42                    42             2.7087778E-05         1.0000000E+30                 0       
 NEXT SEEDS: DA6399B       1       0       0       0       0   181CD    3039       0       0
  249999959                    41                    41             2.7087778E-05         1.0000000E+30                 0       
 NEXT SEEDS: DA6399F       1       0       0       0       0   181CD    3039       0       0
  249999960                    40                    40             2.7087780E-05         1.0000000E+30                 0       
 NEXT SEEDS: DA639A3       1       0       0       0       0   181CD    3039       0       0
  249999961                    39                    39             2.7087780E-05         1.0000000E+30                 0       
 NEXT SEEDS: DA639A7       1       0       0       0       0   181CD    3039       0       0
  249999962                    38                    38             2.7087782E-05         1.0000000E+30                 0       
 NEXT SEEDS: DA639AD       1       0       0       0       0   181CD    3039       0       0
  249999963                    37                    37             2.7087782E-05         1.0000000E+30                 0       
 NEXT SEEDS: DA639B1       1       0       0       0       0   181CD    3039       0       0
  249999964                    36                    36             2.7087784E-05         1.0000000E+30                 0       
 NEXT SEEDS: DA639B5       1       0       0       0       0   181CD    3039       0       0
  249999965                    35                    35             2.7087783E-05         1.0000000E+30                 0       
 NEXT SEEDS: DA639B9       1       0       0       0       0   181CD    3039       0       0
  249999966                    34                    34             2.7087783E-05         1.0000000E+30                 0       
 NEXT SEEDS: DA639BD       1       0       0       0       0   181CD    3039       0       0
  249999967                    33                    33             2.7087783E-05         1.0000000E+30                 0       
 NEXT SEEDS: DA639D0       1       0       0       0       0   181CD    3039       0       0
  249999968                    32                    32             2.7087783E-05         1.0000000E+30                 0       
 NEXT SEEDS: DA639D4       1       0       0       0       0   181CD    3039       0       0
  249999969                    31                    31             2.7087783E-05         1.0000000E+30                 0       
 NEXT SEEDS: DA639D8       1       0       0       0       0   181CD    3039       0       0
  249999970                    30                    30             2.7087785E-05         1.0000000E+30                 0       
 NEXT SEEDS: DA639DE       1       0       0       0       0   181CD    3039       0       0
  249999971                    29                    29             2.7087785E-05         1.0000000E+30                 0       
 NEXT SEEDS: DA639E4       1       0       0       0       0   181CD    3039       0       0
  249999972                    28                    28             2.7087785E-05         1.0000000E+30                 0       
 NEXT SEEDS: DA639E8       1       0       0       0       0   181CD    3039       0       0
  249999973                    27                    27             2.7087785E-05         1.0000000E+30                 0       
 NEXT SEEDS: DA639EC       1       0       0       0       0   181CD    3039       0       0
  249999974                    26                    26             2.7087784E-05         1.0000000E+30                 0       
 NEXT SEEDS: DA639F0       1       0       0       0       0   181CD    3039       0       0
  249999975                    25                    25             2.7087784E-05         1.0000000E+30                 0       
 NEXT SEEDS: DA639F4       1       0       0       0       0   181CD    3039       0       0
  249999976                    24                    24             2.7087784E-05         1.0000000E+30                 0       
 NEXT SEEDS: DA639F8       1       0       0       0       0   181CD    3039       0       0
  249999977                    23                    23             2.7087786E-05         1.0000000E+30                 0       
 NEXT SEEDS: DA639FC       1       0       0       0       0   181CD    3039       0       0
  249999978                    22                    22             2.7087786E-05         1.0000000E+30                 0       
 NEXT SEEDS: DA63A02       1       0       0       0       0   181CD    3039       0       0
  249999979                    21                    21             2.7087788E-05         1.0000000E+30                 0       
 NEXT SEEDS: DA63A06       1       0       0       0       0   181CD    3039       0       0
  249999980                    20                    20             2.7087788E-05         1.0000000E+30                 0       
 NEXT SEEDS: DA63A0A       1       0       0       0       0   181CD    3039       0       0
  249999981                    19                    19             2.7087788E-05         1.0000000E+30                 0       
 NEXT SEEDS: DA63A0E       1       0       0       0       0   181CD    3039       0       0
  249999982                    18                    18             2.7087789E-05         1.0000000E+30                 0       
 NEXT SEEDS: DA63A12       1       0       0       0       0   181CD    3039       0       0
  249999983                    17                    17             2.7087789E-05         1.0000000E+30                 0       
 NEXT SEEDS: DA63A16       1       0       0       0       0   181CD    3039       0       0
  249999984                    16                    16             2.7087789E-05         1.0000000E+30                 0       
 NEXT SEEDS: DA63A1A       1       0       0       0       0   181CD    3039       0       0
  249999985                    15                    15             2.7087791E-05         1.0000000E+30                 0       
 NEXT SEEDS: DA63A1E       1       0       0       0       0   181CD    3039       0       0
  249999986                    14                    14             2.7087791E-05         1.0000000E+30                 0       
 NEXT SEEDS: DA63A22       1       0       0       0       0   181CD    3039       0       0
  249999987                    13                    13             2.7087793E-05         1.0000000E+30                 0       
 NEXT SEEDS: DA63A26       1       0       0       0       0   181CD    3039       0       0
  249999988                    12                    12             2.7087793E-05         1.0000000E+30                 0       
 NEXT SEEDS: DA63A2A       1       0       0       0       0   181CD    3039       0       0
  249999989                    11                    11             2.7087793E-05         1.0000000E+30                 0       
 NEXT SEEDS: DA63A2E       1       0       0       0       0   181CD    3039       0       0
  249999990                    10                    10             2.7087794E-05         1.0000000E+30                 0       
 NEXT SEEDS: DA63A32       1       0       0       0       0   181CD    3039       0       0
  249999991                     9                     9             2.7087796E-05         1.0000000E+30                 0       
 NEXT SEEDS: DA63A36       1       0       0       0       0   181CD    3039       0       0
  249999992                     8                     8             2.7087796E-05         1.0000000E+30                 0       
 NEXT SEEDS: DA63A3A       1       0       0       0       0   181CD    3039       0       0
  249999993                     7                     7             2.7087796E-05         1.0000000E+30                 0       
 NEXT SEEDS: DA63A3E       1       0       0       0       0   181CD    3039       0       0
  249999994                     6                     6             2.7087798E-05         1.0000000E+30                 0       
 NEXT SEEDS: DA63A44       1       0       0       0       0   181CD    3039       0       0
  249999995                     5                     5             2.7087798E-05         1.0000000E+30                 0       
 NEXT SEEDS: DA63A48       1       0       0       0       0   181CD    3039       0       0
  249999996                     4                     4             2.7087800E-05         1.0000000E+30                 0       
 NEXT SEEDS: DA63A4C       1       0       0       0       0   181CD    3039       0       0
  249999997                     3                     3             2.7087800E-05         1.0000000E+30                 0       
 NEXT SEEDS: DA63A50       1       0       0       0       0   181CD    3039       0       0
  249999998                     2                     2             2.7087799E-05         1.0000000E+30                 0       
 NEXT SEEDS: DA63A54       1       0       0       0       0   181CD    3039       0       0
  249999999                     1                     1             2.7087801E-05         1.0000000E+30                 0       
 NEXT SEEDS: DA63A58       1       0       0       0       0   181CD    3039       0       0
  250000000                     0                     1             2.7087801E-05         1.0000000E+30                 0       
 NEXT SEEDS: DA63A5C       1       0       0       0       0   181CD    3039       0       0
