1NUMBER OF BEAM       NUMBER OF BEAM        APPROXIMATE NUMBER    AVERAGE TIME USED     TIME LEFT (RESERVED   NUMBER OF STARS
 PARTICLES HANDLED    PARTICLES LEFT        OF BEAM PARTICLES     BY A BEAM PARTICLE     10000.0 SECONDS      CREATED
                                            THAT CAN STILL BE                           FOR PRINTOUT)
                                            HANDLED

 NEXT SEEDS:       0       0       0       0       0       0   181CD    3039       0       0
          1             249999999             249999999             8.8930130E-05         1.0000000E+30                 0       
 NEXT SEEDS:       4       0       0       0       0       0   181CD    3039       0       0
    5000000             245000000             245000000             2.6549539E-05         1.0000000E+30                 0       
 NEXT SEEDS: 1771060       0       0       0       0       0   181CD    3039       0       0
   10000000             240000000             240000000             2.6487553E-05         1.0000000E+30                 0       
 NEXT SEEDS: 2EDE7A9       0       0       0       0       0   181CD    3039       0       0
   15000000             235000000             235000000             2.6491452E-05         1.0000000E+30                 0       
 NEXT SEEDS: 465196C       0       0       0       0       0   181CD    3039       0       0
   20000000             230000000             230000000             2.6481570E-05         1.0000000E+30                 0       
 NEXT SEEDS: 5DC3B10       0       0       0       0       0   181CD    3039       0       0
   25000000             225000000             225000000             2.6484069E-05         1.0000000E+30                 0       
 NEXT SEEDS: 7536BC0       0       0       0       0       0   181CD    3039       0       0
   30000000             220000000             220000000             2.6466033E-05         1.0000000E+30                 0       
 NEXT SEEDS: 8CA7C15       0       0       0       0       0   181CD    3039       0       0
   35000000             215000000             215000000             2.6459756E-05         1.0000000E+30                 0       
 NEXT SEEDS: A41A959       0       0       0       0       0   181CD    3039       0       0
   40000000             210000000             210000000             2.6454930E-05         1.0000000E+30                 0       
 NEXT SEEDS: BB8D2EF       0       0       0       0       0   181CD    3039       0       0
   45000000             205000000             205000000             2.6449442E-05         1.0000000E+30                 0       
 NEXT SEEDS: D2FF5E9       0       0       0       0       0   181CD    3039       0       0
   50000000             200000000             200000000             2.6447120E-05         1.0000000E+30                 0       
 NEXT SEEDS: EA6D779       0       0       0       0       0   181CD    3039       0       0
   55000000             195000000             195000000             2.6444543E-05         1.0000000E+30                 0       
 NEXT SEEDS:101DC5F9       0       0       0       0       0   181CD    3039       0       0
   60000000             190000000             190000000             2.6442630E-05         1.0000000E+30                 0       
 NEXT SEEDS:1194E78D       0       0       0       0       0   181CD    3039       0       0
   65000000             185000000             185000000             2.6448173E-05         1.0000000E+30                 0       
 NEXT SEEDS:130BBCFB       0       0       0       0       0   181CD    3039       0       0
   70000000             180000000             180000000             2.6443796E-05         1.0000000E+30                 0       
 NEXT SEEDS:14829AFF       0       0       0       0       0   181CD    3039       0       0
   75000000             175000000             175000000             2.6440783E-05         1.0000000E+30                 0       
 NEXT SEEDS:15F981C1       0       0       0       0       0   181CD    3039       0       0
   80000000             170000000             170000000             2.6441303E-05         1.0000000E+30                 0       
 NEXT SEEDS:1770952D       0       0       0       0       0   181CD    3039       0       0
  *** Emfgeo: Ncoun  2000000000
   85000000             165000000             165000000             2.6439850E-05         1.0000000E+30                 0       
 NEXT SEEDS:18E79F89       0       0       0       0       0   181CD    3039       0       0
   90000000             160000000             160000000             2.6438835E-05         1.0000000E+30                 0       
 NEXT SEEDS:1A5EA2D1       0       0       0       0       0   181CD    3039       0       0
   95000000             155000000             155000000             2.6440199E-05         1.0000000E+30                 0       
 NEXT SEEDS:1BD5A2E1       0       0       0       0       0   181CD    3039       0       0
  100000000             150000000             150000000             2.6443470E-05         1.0000000E+30                 0       
 NEXT SEEDS:1D4CD9E9       0       0       0       0       0   181CD    3039       0       0
  105000000             145000000             145000000             2.6443560E-05         1.0000000E+30                 0       
 NEXT SEEDS:1EC3EA02       0       0       0       0       0   181CD    3039       0       0
  110000000             140000000             140000000             2.6445195E-05         1.0000000E+30                 0       
 NEXT SEEDS:203B2A1C       0       0       0       0       0   181CD    3039       0       0
  115000000             135000000             135000000             2.6446514E-05         1.0000000E+30                 0       
 NEXT SEEDS:21B24F80       0       0       0       0       0   181CD    3039       0       0
  120000000             130000000             130000000             2.6447884E-05         1.0000000E+30                 0       
 NEXT SEEDS:23291003       0       0       0       0       0   181CD    3039       0       0
  125000000             125000000             125000000             2.6448858E-05         1.0000000E+30                 0       
 NEXT SEEDS:24A0413C       0       0       0       0       0   181CD    3039       0       0
  130000000             120000000             120000000             2.6450583E-05         1.0000000E+30                 0       
 NEXT SEEDS:2617A579       0       0       0       0       0   181CD    3039       0       0
  135000000             115000000             115000000             2.6449689E-05         1.0000000E+30                 0       
 NEXT SEEDS:278EDB60       0       0       0       0       0   181CD    3039       0       0
  140000000             110000000             110000000             2.6450192E-05         1.0000000E+30                 0       
 NEXT SEEDS:2905FCBC       0       0       0       0       0   181CD    3039       0       0
  145000000             105000000             105000000             2.6449386E-05         1.0000000E+30                 0       
 NEXT SEEDS:2A7D1FC1       0       0       0       0       0   181CD    3039       0       0
  150000000             100000000             100000000             2.6448373E-05         1.0000000E+30                 0       
 NEXT SEEDS:2BF423F7       0       0       0       0       0   181CD    3039       0       0
  155000000              95000000              95000000             2.6448153E-05         1.0000000E+30                 0       
 NEXT SEEDS:2D6B26A5       0       0       0       0       0   181CD    3039       0       0
  160000000              90000000              90000000             2.6446978E-05         1.0000000E+30                 0       
 NEXT SEEDS:2EE2419E       0       0       0       0       0   181CD    3039       0       0
  *** Emfgeo: Ncoun  2000000000
  165000000              85000000              85000000             2.6444826E-05         1.0000000E+30                 0       
 NEXT SEEDS:30594C49       0       0       0       0       0   181CD    3039       0       0
  170000000              80000000              80000000             2.6445194E-05         1.0000000E+30                 0       
 NEXT SEEDS:31D06613       0       0       0       0       0   181CD    3039       0       0
  175000000              75000000              75000000             2.6444466E-05         1.0000000E+30                 0       
 NEXT SEEDS:33478EED       0       0       0       0       0   181CD    3039       0       0
  180000000              70000000              70000000             2.6446592E-05         1.0000000E+30                 0       
 NEXT SEEDS:34BF0232       0       0       0       0       0   181CD    3039       0       0
  185000000              65000000              65000000             2.6447265E-05         1.0000000E+30                 0       
 NEXT SEEDS:36361506       0       0       0       0       0   181CD    3039       0       0
  190000000              60000000              60000000             2.6447026E-05         1.0000000E+30                 0       
 NEXT SEEDS:37AD3A0D       0       0       0       0       0   181CD    3039       0       0
  195000000              55000000              55000000             2.6447099E-05         1.0000000E+30                 0       
 NEXT SEEDS:39243C46       0       0       0       0       0   181CD    3039       0       0
  200000000              50000000              50000000             2.6448422E-05         1.0000000E+30                 0       
 NEXT SEEDS:3A9B8B07       0       0       0       0       0   181CD    3039       0       0
  205000000              45000000              45000000             2.6447115E-05         1.0000000E+30                 0       
 NEXT SEEDS:  778F12       1       0       0       0       0   181CD    3039       0       0
  210000000              40000000              40000000             2.6449362E-05         1.0000000E+30                 0       
 NEXT SEEDS: 1EEE8E8       1       0       0       0       0   181CD    3039       0       0
  215000000              35000000              35000000             2.6449883E-05         1.0000000E+30                 0       
 NEXT SEEDS: 365EC58       1       0       0       0       0   181CD    3039       0       0
  220000000              30000000              30000000             2.6450649E-05         1.0000000E+30                 0       
 NEXT SEEDS: 4DD3C08       1       0       0       0       0   181CD    3039       0       0
  225000000              25000000              25000000             2.6449710E-05         1.0000000E+30                 0       
 NEXT SEEDS: 6544CBD       1       0       0       0       0   181CD    3039       0       0
  230000000              20000000              20000000             2.6449993E-05         1.0000000E+30                 0       
 NEXT SEEDS: 7CB2AAC       1       0       0       0       0   181CD    3039       0       0
  235000000              15000000              15000000             2.6450045E-05         1.0000000E+30                 0       
 NEXT SEEDS: 9422F3B       1       0       0       0       0   181CD    3039       0       0
  240000000              10000000              10000000             2.6449196E-05         1.0000000E+30                 0       
 NEXT SEEDS: AB9216F       1       0       0       0       0   181CD    3039       0       0
  *** Emfgeo: Ncoun  2000000000
  245000000               5000000               5000000             2.6448259E-05         1.0000000E+30                 0       
 NEXT SEEDS: C3003B6       1       0       0       0       0   181CD    3039       0       0
  249999950                    50                    50             2.6449241E-05         1.0000000E+30                 0       
 NEXT SEEDS: DA745D7       1       0       0       0       0   181CD    3039       0       0
  249999951                    49                    49             2.6449241E-05         1.0000000E+30                 0       
 NEXT SEEDS: DA745DB       1       0       0       0       0   181CD    3039       0       0
  249999952                    48                    48             2.6449243E-05         1.0000000E+30                 0       
 NEXT SEEDS: DA745DF       1       0       0       0       0   181CD    3039       0       0
  249999953                    47                    47             2.6449242E-05         1.0000000E+30                 0       
 NEXT SEEDS: DA745E3       1       0       0       0       0   181CD    3039       0       0
  249999954                    46                    46             2.6449244E-05         1.0000000E+30                 0       
 NEXT SEEDS: DA745E7       1       0       0       0       0   181CD    3039       0       0
  249999955                    45                    45             2.6449244E-05         1.0000000E+30                 0       
 NEXT SEEDS: DA745EB       1       0       0       0       0   181CD    3039       0       0
  249999956                    44                    44             2.6449244E-05         1.0000000E+30                 0       
 NEXT SEEDS: DA745FE       1       0       0       0       0   181CD    3039       0       0
  249999957                    43                    43             2.6449246E-05         1.0000000E+30                 0       
 NEXT SEEDS: DA74602       1       0       0       0       0   181CD    3039       0       0
  249999958                    42                    42             2.6449246E-05         1.0000000E+30                 0       
 NEXT SEEDS: DA74606       1       0       0       0       0   181CD    3039       0       0
  249999959                    41                    41             2.6449246E-05         1.0000000E+30                 0       
 NEXT SEEDS: DA7460A       1       0       0       0       0   181CD    3039       0       0
  249999960                    40                    40             2.6449248E-05         1.0000000E+30                 0       
 NEXT SEEDS: DA7460E       1       0       0       0       0   181CD    3039       0       0
  249999961                    39                    39             2.6449247E-05         1.0000000E+30                 0       
 NEXT SEEDS: DA74612       1       0       0       0       0   181CD    3039       0       0
  249999962                    38                    38             2.6449247E-05         1.0000000E+30                 0       
 NEXT SEEDS: DA74616       1       0       0       0       0   181CD    3039       0       0
  249999963                    37                    37             2.6449249E-05         1.0000000E+30                 0       
 NEXT SEEDS: DA7461A       1       0       0       0       0   181CD    3039       0       0
  249999964                    36                    36             2.6449249E-05         1.0000000E+30                 0       
 NEXT SEEDS: DA7461E       1       0       0       0       0   181CD    3039       0       0
  249999965                    35                    35             2.6449249E-05         1.0000000E+30                 0       
 NEXT SEEDS: DA74622       1       0       0       0       0   181CD    3039       0       0
  249999966                    34                    34             2.6449251E-05         1.0000000E+30                 0       
 NEXT SEEDS: DA74626       1       0       0       0       0   181CD    3039       0       0
  249999967                    33                    33             2.6449251E-05         1.0000000E+30                 0       
 NEXT SEEDS: DA7462A       1       0       0       0       0   181CD    3039       0       0
  249999968                    32                    32             2.6449251E-05         1.0000000E+30                 0       
 NEXT SEEDS: DA7462E       1       0       0       0       0   181CD    3039       0       0
  249999969                    31                    31             2.6449252E-05         1.0000000E+30                 0       
 NEXT SEEDS: DA74632       1       0       0       0       0   181CD    3039       0       0
  249999970                    30                    30             2.6449252E-05         1.0000000E+30                 0       
 NEXT SEEDS: DA74636       1       0       0       0       0   181CD    3039       0       0
  249999971                    29                    29             2.6449252E-05         1.0000000E+30                 0       
 NEXT SEEDS: DA7463A       1       0       0       0       0   181CD    3039       0       0
  249999972                    28                    28             2.6449252E-05         1.0000000E+30                 0       
 NEXT SEEDS: DA7463E       1       0       0       0       0   181CD    3039       0       0
  249999973                    27                    27             2.6449254E-05         1.0000000E+30                 0       
 NEXT SEEDS: DA74642       1       0       0       0       0   181CD    3039       0       0
  249999974                    26                    26             2.6449254E-05         1.0000000E+30                 0       
 NEXT SEEDS: DA74646       1       0       0       0       0   181CD    3039       0       0
  249999975                    25                    25             2.6449254E-05         1.0000000E+30                 0       
 NEXT SEEDS: DA7464A       1       0       0       0       0   181CD    3039       0       0
  249999976                    24                    24             2.6449256E-05         1.0000000E+30                 0       
 NEXT SEEDS: DA7464E       1       0       0       0       0   181CD    3039       0       0
  249999977                    23                    23             2.6449256E-05         1.0000000E+30                 0       
 NEXT SEEDS: DA74654       1       0       0       0       0   181CD    3039       0       0
  249999978                    22                    22             2.6449255E-05         1.0000000E+30                 0       
 NEXT SEEDS: DA74658       1       0       0       0       0   181CD    3039       0       0
  249999979                    21                    21             2.6449257E-05         1.0000000E+30                 0       
 NEXT SEEDS: DA7465C       1       0       0       0       0   181CD    3039       0       0
  249999980                    20                    20             2.6449257E-05         1.0000000E+30                 0       
 NEXT SEEDS: DA74660       1       0       0       0       0   181CD    3039       0       0
  249999981                    19                    19             2.6449257E-05         1.0000000E+30                 0       
 NEXT SEEDS: DA74664       1       0       0       0       0   181CD    3039       0       0
  249999982                    18                    18             2.6449257E-05         1.0000000E+30                 0       
 NEXT SEEDS: DA74679       1       0       0       0       0   181CD    3039       0       0
  249999983                    17                    17             2.6449257E-05         1.0000000E+30                 0       
 NEXT SEEDS: DA7467D       1       0       0       0       0   181CD    3039       0       0
  249999984                    16                    16             2.6449257E-05         1.0000000E+30                 0       
 NEXT SEEDS: DA74681       1       0       0       0       0   181CD    3039       0       0
  249999985                    15                    15             2.6449257E-05         1.0000000E+30                 0       
 NEXT SEEDS: DA74685       1       0       0       0       0   181CD    3039       0       0
  249999986                    14                    14             2.6449257E-05         1.0000000E+30                 0       
 NEXT SEEDS: DA74689       1       0       0       0       0   181CD    3039       0       0
  249999987                    13                    13             2.6449256E-05         1.0000000E+30                 0       
 NEXT SEEDS: DA7468D       1       0       0       0       0   181CD    3039       0       0
  249999988                    12                    12             2.6449256E-05         1.0000000E+30                 0       
 NEXT SEEDS: DA74691       1       0       0       0       0   181CD    3039       0       0
  249999989                    11                    11             2.6449256E-05         1.0000000E+30                 0       
 NEXT SEEDS: DA74695       1       0       0       0       0   181CD    3039       0       0
  249999990                    10                    10             2.6449256E-05         1.0000000E+30                 0       
 NEXT SEEDS: DA74699       1       0       0       0       0   181CD    3039       0       0
  249999991                     9                     9             2.6449256E-05         1.0000000E+30                 0       
 NEXT SEEDS: DA7469D       1       0       0       0       0   181CD    3039       0       0
  249999992                     8                     8             2.6449256E-05         1.0000000E+30                 0       
 NEXT SEEDS: DA746A1       1       0       0       0       0   181CD    3039       0       0
  249999993                     7                     7             2.6449256E-05         1.0000000E+30                 0       
 NEXT SEEDS: DA746A7       1       0       0       0       0   181CD    3039       0       0
  249999994                     6                     6             2.6449256E-05         1.0000000E+30                 0       
 NEXT SEEDS: DA746AB       1       0       0       0       0   181CD    3039       0       0
  249999995                     5                     5             2.6449256E-05         1.0000000E+30                 0       
 NEXT SEEDS: DA746AF       1       0       0       0       0   181CD    3039       0       0
  249999996                     4                     4             2.6449255E-05         1.0000000E+30                 0       
 NEXT SEEDS: DA746B5       1       0       0       0       0   181CD    3039       0       0
  249999997                     3                     3             2.6449255E-05         1.0000000E+30                 0       
 NEXT SEEDS: DA746B9       1       0       0       0       0   181CD    3039       0       0
  249999998                     2                     2             2.6449255E-05         1.0000000E+30                 0       
 NEXT SEEDS: DA746BD       1       0       0       0       0   181CD    3039       0       0
  249999999                     1                     1             2.6449255E-05         1.0000000E+30                 0       
 NEXT SEEDS: DA746C1       1       0       0       0       0   181CD    3039       0       0
  250000000                     0                     1             2.6449255E-05         1.0000000E+30                 0       
 NEXT SEEDS: DA746C5       1       0       0       0       0   181CD    3039       0       0
