1NUMBER OF BEAM       NUMBER OF BEAM        APPROXIMATE NUMBER    AVERAGE TIME USED     TIME LEFT (RESERVED   NUMBER OF STARS
 PARTICLES HANDLED    PARTICLES LEFT        OF BEAM PARTICLES     BY A BEAM PARTICLE     10000.0 SECONDS      CREATED
                                            THAT CAN STILL BE                           FOR PRINTOUT)
                                            HANDLED

 NEXT SEEDS:       0       0       0       0       0       0   181CD    3039       0       0
          1             249999999             249999999             8.9168549E-05         1.0000000E+30                 0       
 NEXT SEEDS:       4       0       0       0       0       0   181CD    3039       0       0
    5000000             245000000             245000000             2.7232017E-05         1.0000000E+30                 0       
 NEXT SEEDS: 1772A56       0       0       0       0       0   181CD    3039       0       0
   10000000             240000000             240000000             2.7219362E-05         1.0000000E+30                 0       
 NEXT SEEDS: 2EE3C8B       0       0       0       0       0   181CD    3039       0       0
   15000000             235000000             235000000             2.7207488E-05         1.0000000E+30                 0       
 NEXT SEEDS: 4655CF3       0       0       0       0       0   181CD    3039       0       0
   20000000             230000000             230000000             2.7208010E-05         1.0000000E+30                 0       
 NEXT SEEDS: 5DC56BD       0       0       0       0       0   181CD    3039       0       0
   25000000             225000000             225000000             2.7214624E-05         1.0000000E+30                 0       
 NEXT SEEDS: 75373BC       0       0       0       0       0   181CD    3039       0       0
   30000000             220000000             220000000             2.7210791E-05         1.0000000E+30                 0       
 NEXT SEEDS: 8CA96FA       0       0       0       0       0   181CD    3039       0       0
   35000000             215000000             215000000             2.7220164E-05         1.0000000E+30                 0       
 NEXT SEEDS: A41E054       0       0       0       0       0   181CD    3039       0       0
   40000000             210000000             210000000             2.7218190E-05         1.0000000E+30                 0       
 NEXT SEEDS: BB8E601       0       0       0       0       0   181CD    3039       0       0
   45000000             205000000             205000000             2.7216660E-05         1.0000000E+30                 0       
 NEXT SEEDS: D301CF2       0       0       0       0       0   181CD    3039       0       0
   50000000             200000000             200000000             2.7217071E-05         1.0000000E+30                 0       
 NEXT SEEDS: EA7291A       0       0       0       0       0   181CD    3039       0       0
   55000000             195000000             195000000             2.7213271E-05         1.0000000E+30                 0       
 NEXT SEEDS:101E39CE       0       0       0       0       0   181CD    3039       0       0
   60000000             190000000             190000000             2.7205101E-05         1.0000000E+30                 0       
 NEXT SEEDS:11950731       0       0       0       0       0   181CD    3039       0       0
   65000000             185000000             185000000             2.7204016E-05         1.0000000E+30                 0       
 NEXT SEEDS:130C3820       0       0       0       0       0   181CD    3039       0       0
   70000000             180000000             180000000             2.7203820E-05         1.0000000E+30                 0       
 NEXT SEEDS:1483057A       0       0       0       0       0   181CD    3039       0       0
   75000000             175000000             175000000             2.7204895E-05         1.0000000E+30                 0       
 NEXT SEEDS:15FA2FE7       0       0       0       0       0   181CD    3039       0       0
   80000000             170000000             170000000             2.7205231E-05         1.0000000E+30                 0       
 NEXT SEEDS:177153D7       0       0       0       0       0   181CD    3039       0       0
  *** Emfgeo: Ncoun  2000000000
   85000000             165000000             165000000             2.7204056E-05         1.0000000E+30                 0       
 NEXT SEEDS:18E87F22       0       0       0       0       0   181CD    3039       0       0
   90000000             160000000             160000000             2.7200945E-05         1.0000000E+30                 0       
 NEXT SEEDS:1A5F6A40       0       0       0       0       0   181CD    3039       0       0
   95000000             155000000             155000000             2.7201861E-05         1.0000000E+30                 0       
 NEXT SEEDS:1BD662FB       0       0       0       0       0   181CD    3039       0       0
  100000000             150000000             150000000             2.7202273E-05         1.0000000E+30                 0       
 NEXT SEEDS:1D4D60E5       0       0       0       0       0   181CD    3039       0       0
  105000000             145000000             145000000             2.7200633E-05         1.0000000E+30                 0       
 NEXT SEEDS:1EC44F91       0       0       0       0       0   181CD    3039       0       0
  110000000             140000000             140000000             2.7201909E-05         1.0000000E+30                 0       
 NEXT SEEDS:203B5086       0       0       0       0       0   181CD    3039       0       0
  115000000             135000000             135000000             2.7200769E-05         1.0000000E+30                 0       
 NEXT SEEDS:21B249E8       0       0       0       0       0   181CD    3039       0       0
  120000000             130000000             130000000             2.7200308E-05         1.0000000E+30                 0       
 NEXT SEEDS:232908A2       0       0       0       0       0   181CD    3039       0       0
  125000000             125000000             125000000             2.7202549E-05         1.0000000E+30                 0       
 NEXT SEEDS:249FE5DE       0       0       0       0       0   181CD    3039       0       0
  130000000             120000000             120000000             2.7202509E-05         1.0000000E+30                 0       
 NEXT SEEDS:2616F163       0       0       0       0       0   181CD    3039       0       0
  135000000             115000000             115000000             2.7202496E-05         1.0000000E+30                 0       
 NEXT SEEDS:278DF981       0       0       0       0       0   181CD    3039       0       0
  140000000             110000000             110000000             2.7200361E-05         1.0000000E+30                 0       
 NEXT SEEDS:29050756       0       0       0       0       0   181CD    3039       0       0
  145000000             105000000             105000000             2.7198741E-05         1.0000000E+30                 0       
 NEXT SEEDS:2A7BF619       0       0       0       0       0   181CD    3039       0       0
  150000000             100000000             100000000             2.7198132E-05         1.0000000E+30                 0       
 NEXT SEEDS:2BF2EC4F       0       0       0       0       0   181CD    3039       0       0
  155000000              95000000              95000000             2.7197761E-05         1.0000000E+30                 0       
 NEXT SEEDS:2D6A1738       0       0       0       0       0   181CD    3039       0       0
  160000000              90000000              90000000             2.7197504E-05         1.0000000E+30                 0       
 NEXT SEEDS:2EE13899       0       0       0       0       0   181CD    3039       0       0
  *** Emfgeo: Ncoun  2000000000
  165000000              85000000              85000000             2.7196180E-05         1.0000000E+30                 0       
 NEXT SEEDS:3057E821       0       0       0       0       0   181CD    3039       0       0
  170000000              80000000              80000000             2.7194534E-05         1.0000000E+30                 0       
 NEXT SEEDS:31CEEAAA       0       0       0       0       0   181CD    3039       0       0
  175000000              75000000              75000000             2.7194532E-05         1.0000000E+30                 0       
 NEXT SEEDS:3345F06F       0       0       0       0       0   181CD    3039       0       0
  180000000              70000000              70000000             2.7194119E-05         1.0000000E+30                 0       
 NEXT SEEDS:34BCE25E       0       0       0       0       0   181CD    3039       0       0
  185000000              65000000              65000000             2.7194030E-05         1.0000000E+30                 0       
 NEXT SEEDS:3634181D       0       0       0       0       0   181CD    3039       0       0
  190000000              60000000              60000000             2.7195390E-05         1.0000000E+30                 0       
 NEXT SEEDS:37AB6008       0       0       0       0       0   181CD    3039       0       0
  195000000              55000000              55000000             2.7195586E-05         1.0000000E+30                 0       
 NEXT SEEDS:392275AB       0       0       0       0       0   181CD    3039       0       0
  200000000              50000000              50000000             2.7194741E-05         1.0000000E+30                 0       
 NEXT SEEDS:3A99A904       0       0       0       0       0   181CD    3039       0       0
  205000000              45000000              45000000             2.7194936E-05         1.0000000E+30                 0       
 NEXT SEEDS:  76331C       1       0       0       0       0   181CD    3039       0       0
  210000000              40000000              40000000             2.7193664E-05         1.0000000E+30                 0       
 NEXT SEEDS: 1ED29F2       1       0       0       0       0   181CD    3039       0       0
  215000000              35000000              35000000             2.7193060E-05         1.0000000E+30                 0       
 NEXT SEEDS: 3642009       1       0       0       0       0   181CD    3039       0       0
  220000000              30000000              30000000             2.7192998E-05         1.0000000E+30                 0       
 NEXT SEEDS: 4DB5622       1       0       0       0       0   181CD    3039       0       0
  225000000              25000000              25000000             2.7193247E-05         1.0000000E+30                 0       
 NEXT SEEDS: 6524825       1       0       0       0       0   181CD    3039       0       0
  230000000              20000000              20000000             2.7192296E-05         1.0000000E+30                 0       
 NEXT SEEDS: 7C92E42       1       0       0       0       0   181CD    3039       0       0
  235000000              15000000              15000000             2.7193688E-05         1.0000000E+30                 0       
 NEXT SEEDS: 94036E2       1       0       0       0       0   181CD    3039       0       0
  240000000              10000000              10000000             2.7192458E-05         1.0000000E+30                 0       
 NEXT SEEDS: AB70BD2       1       0       0       0       0   181CD    3039       0       0
  *** Emfgeo: Ncoun  2000000000
  245000000               5000000               5000000             2.7191891E-05         1.0000000E+30                 0       
 NEXT SEEDS: C2DD5D4       1       0       0       0       0   181CD    3039       0       0
  249999950                    50                    50             2.7192808E-05         1.0000000E+30                 0       
 NEXT SEEDS: DA4DD75       1       0       0       0       0   181CD    3039       0       0
  249999951                    49                    49             2.7192810E-05         1.0000000E+30                 0       
 NEXT SEEDS: DA4DD79       1       0       0       0       0   181CD    3039       0       0
  249999952                    48                    48             2.7192810E-05         1.0000000E+30                 0       
 NEXT SEEDS: DA4DD7D       1       0       0       0       0   181CD    3039       0       0
  249999953                    47                    47             2.7192812E-05         1.0000000E+30                 0       
 NEXT SEEDS: DA4DD81       1       0       0       0       0   181CD    3039       0       0
  249999954                    46                    46             2.7192812E-05         1.0000000E+30                 0       
 NEXT SEEDS: DA4DD85       1       0       0       0       0   181CD    3039       0       0
  249999955                    45                    45             2.7192812E-05         1.0000000E+30                 0       
 NEXT SEEDS: DA4DD89       1       0       0       0       0   181CD    3039       0       0
  249999956                    44                    44             2.7192814E-05         1.0000000E+30                 0       
 NEXT SEEDS: DA4DD8D       1       0       0       0       0   181CD    3039       0       0
  249999957                    43                    43             2.7192813E-05         1.0000000E+30                 0       
 NEXT SEEDS: DA4DD91       1       0       0       0       0   181CD    3039       0       0
  249999958                    42                    42             2.7192815E-05         1.0000000E+30                 0       
 NEXT SEEDS: DA4DD95       1       0       0       0       0   181CD    3039       0       0
  249999959                    41                    41             2.7192815E-05         1.0000000E+30                 0       
 NEXT SEEDS: DA4DD99       1       0       0       0       0   181CD    3039       0       0
  249999960                    40                    40             2.7192815E-05         1.0000000E+30                 0       
 NEXT SEEDS: DA4DD9D       1       0       0       0       0   181CD    3039       0       0
  249999961                    39                    39             2.7192817E-05         1.0000000E+30                 0       
 NEXT SEEDS: DA4DDA1       1       0       0       0       0   181CD    3039       0       0
  249999962                    38                    38             2.7192817E-05         1.0000000E+30                 0       
 NEXT SEEDS: DA4DDA5       1       0       0       0       0   181CD    3039       0       0
  249999963                    37                    37             2.7192817E-05         1.0000000E+30                 0       
 NEXT SEEDS: DA4DDA9       1       0       0       0       0   181CD    3039       0       0
  249999964                    36                    36             2.7192819E-05         1.0000000E+30                 0       
 NEXT SEEDS: DA4DDAD       1       0       0       0       0   181CD    3039       0       0
  249999965                    35                    35             2.7192818E-05         1.0000000E+30                 0       
 NEXT SEEDS: DA4DDB1       1       0       0       0       0   181CD    3039       0       0
  249999966                    34                    34             2.7192818E-05         1.0000000E+30                 0       
 NEXT SEEDS: DA4DDB5       1       0       0       0       0   181CD    3039       0       0
  249999967                    33                    33             2.7192820E-05         1.0000000E+30                 0       
 NEXT SEEDS: DA4DDB9       1       0       0       0       0   181CD    3039       0       0
  249999968                    32                    32             2.7192822E-05         1.0000000E+30                 0       
 NEXT SEEDS: DA4DDBD       1       0       0       0       0   181CD    3039       0       0
  249999969                    31                    31             2.7192822E-05         1.0000000E+30                 0       
 NEXT SEEDS: DA4DDC1       1       0       0       0       0   181CD    3039       0       0
  249999970                    30                    30             2.7192822E-05         1.0000000E+30                 0       
 NEXT SEEDS: DA4DDC5       1       0       0       0       0   181CD    3039       0       0
  249999971                    29                    29             2.7192824E-05         1.0000000E+30                 0       
 NEXT SEEDS: DA4DDC9       1       0       0       0       0   181CD    3039       0       0
  249999972                    28                    28             2.7192824E-05         1.0000000E+30                 0       
 NEXT SEEDS: DA4DDCD       1       0       0       0       0   181CD    3039       0       0
  249999973                    27                    27             2.7192823E-05         1.0000000E+30                 0       
 NEXT SEEDS: DA4DDD1       1       0       0       0       0   181CD    3039       0       0
  249999974                    26                    26             2.7192825E-05         1.0000000E+30                 0       
 NEXT SEEDS: DA4DDD5       1       0       0       0       0   181CD    3039       0       0
  249999975                    25                    25             2.7192825E-05         1.0000000E+30                 0       
 NEXT SEEDS: DA4DDD9       1       0       0       0       0   181CD    3039       0       0
  249999976                    24                    24             2.7192827E-05         1.0000000E+30                 0       
 NEXT SEEDS: DA4DDDD       1       0       0       0       0   181CD    3039       0       0
  249999977                    23                    23             2.7192827E-05         1.0000000E+30                 0       
 NEXT SEEDS: DA4DDE1       1       0       0       0       0   181CD    3039       0       0
  249999978                    22                    22             2.7192829E-05         1.0000000E+30                 0       
 NEXT SEEDS: DA4DDE5       1       0       0       0       0   181CD    3039       0       0
  249999979                    21                    21             2.7192829E-05         1.0000000E+30                 0       
 NEXT SEEDS: DA4DDE9       1       0       0       0       0   181CD    3039       0       0
  249999980                    20                    20             2.7192829E-05         1.0000000E+30                 0       
 NEXT SEEDS: DA4DDFE       1       0       0       0       0   181CD    3039       0       0
  249999981                    19                    19             2.7192828E-05         1.0000000E+30                 0       
 NEXT SEEDS: DA4DE02       1       0       0       0       0   181CD    3039       0       0
  249999982                    18                    18             2.7192828E-05         1.0000000E+30                 0       
 NEXT SEEDS: DA4DE06       1       0       0       0       0   181CD    3039       0       0
  249999983                    17                    17             2.7192828E-05         1.0000000E+30                 0       
 NEXT SEEDS: DA4DE0A       1       0       0       0       0   181CD    3039       0       0
  249999984                    16                    16             2.7192828E-05         1.0000000E+30                 0       
 NEXT SEEDS: DA4DE0E       1       0       0       0       0   181CD    3039       0       0
  249999985                    15                    15             2.7192828E-05         1.0000000E+30                 0       
 NEXT SEEDS: DA4DE12       1       0       0       0       0   181CD    3039       0       0
  249999986                    14                    14             2.7192828E-05         1.0000000E+30                 0       
 NEXT SEEDS: DA4DE16       1       0       0       0       0   181CD    3039       0       0
  249999987                    13                    13             2.7192828E-05         1.0000000E+30                 0       
 NEXT SEEDS: DA4DE1A       1       0       0       0       0   181CD    3039       0       0
  249999988                    12                    12             2.7192828E-05         1.0000000E+30                 0       
 NEXT SEEDS: DA4DE1E       1       0       0       0       0   181CD    3039       0       0
  249999989                    11                    11             2.7192828E-05         1.0000000E+30                 0       
 NEXT SEEDS: DA4DE22       1       0       0       0       0   181CD    3039       0       0
  249999990                    10                    10             2.7192827E-05         1.0000000E+30                 0       
 NEXT SEEDS: DA4DE26       1       0       0       0       0   181CD    3039       0       0
  249999991                     9                     9             2.7192827E-05         1.0000000E+30                 0       
 NEXT SEEDS: DA4DE2A       1       0       0       0       0   181CD    3039       0       0
  249999992                     8                     8             2.7192827E-05         1.0000000E+30                 0       
 NEXT SEEDS: DA4DE30       1       0       0       0       0   181CD    3039       0       0
  249999993                     7                     7             2.7192827E-05         1.0000000E+30                 0       
 NEXT SEEDS: DA4DE34       1       0       0       0       0   181CD    3039       0       0
  249999994                     6                     6             2.7192829E-05         1.0000000E+30                 0       
 NEXT SEEDS: DA4DE38       1       0       0       0       0   181CD    3039       0       0
  249999995                     5                     5             2.7192829E-05         1.0000000E+30                 0       
 NEXT SEEDS: DA4DE4D       1       0       0       0       0   181CD    3039       0       0
  249999996                     4                     4             2.7192831E-05         1.0000000E+30                 0       
 NEXT SEEDS: DA4DE53       1       0       0       0       0   181CD    3039       0       0
  249999997                     3                     3             2.7192833E-05         1.0000000E+30                 0       
 NEXT SEEDS: DA4DE69       1       0       0       0       0   181CD    3039       0       0
  249999998                     2                     2             2.7192832E-05         1.0000000E+30                 0       
 NEXT SEEDS: DA4DE6D       1       0       0       0       0   181CD    3039       0       0
  249999999                     1                     1             2.7192832E-05         1.0000000E+30                 0       
 NEXT SEEDS: DA4DE71       1       0       0       0       0   181CD    3039       0       0
  250000000                     0                     1             2.7192834E-05         1.0000000E+30                 0       
 NEXT SEEDS: DA4DE75       1       0       0       0       0   181CD    3039       0       0
