1NUMBER OF BEAM       NUMBER OF BEAM        APPROXIMATE NUMBER    AVERAGE TIME USED     TIME LEFT (RESERVED   NUMBER OF STARS
 PARTICLES HANDLED    PARTICLES LEFT        OF BEAM PARTICLES     BY A BEAM PARTICLE     10000.0 SECONDS      CREATED
                                            THAT CAN STILL BE                           FOR PRINTOUT)
                                            HANDLED

 NEXT SEEDS:       0       0       0       0       0       0   181CD    3039       0       0
          1             249999999             249999999             8.0823898E-05         1.0000000E+30                 0       
 NEXT SEEDS:       4       0       0       0       0       0   181CD    3039       0       0
    5000000             245000000             245000000             2.6757789E-05         1.0000000E+30                 0       
 NEXT SEEDS: 17711D5       0       0       0       0       0   181CD    3039       0       0
   10000000             240000000             240000000             2.6622383E-05         1.0000000E+30                 0       
 NEXT SEEDS: 2EDF1F8       0       0       0       0       0   181CD    3039       0       0
   15000000             235000000             235000000             2.6551116E-05         1.0000000E+30                 0       
 NEXT SEEDS: 465229C       0       0       0       0       0   181CD    3039       0       0
   20000000             230000000             230000000             2.6497727E-05         1.0000000E+30                 0       
 NEXT SEEDS: 5DC4B37       0       0       0       0       0   181CD    3039       0       0
   25000000             225000000             225000000             2.6483829E-05         1.0000000E+30                 0       
 NEXT SEEDS: 7538149       0       0       0       0       0   181CD    3039       0       0
   30000000             220000000             220000000             2.6462092E-05         1.0000000E+30                 0       
 NEXT SEEDS: 8CA83EB       0       0       0       0       0   181CD    3039       0       0
   35000000             215000000             215000000             2.6448431E-05         1.0000000E+30                 0       
 NEXT SEEDS: A4175A9       0       0       0       0       0   181CD    3039       0       0
   40000000             210000000             210000000             2.6457468E-05         1.0000000E+30                 0       
 NEXT SEEDS: BB851AE       0       0       0       0       0   181CD    3039       0       0
   45000000             205000000             205000000             2.6476520E-05         1.0000000E+30                 0       
 NEXT SEEDS: D2F9708       0       0       0       0       0   181CD    3039       0       0
   50000000             200000000             200000000             2.6471578E-05         1.0000000E+30                 0       
 NEXT SEEDS: EA6C218       0       0       0       0       0   181CD    3039       0       0
   55000000             195000000             195000000             2.6465053E-05         1.0000000E+30                 0       
 NEXT SEEDS:101DC61C       0       0       0       0       0   181CD    3039       0       0
   60000000             190000000             190000000             2.6460067E-05         1.0000000E+30                 0       
 NEXT SEEDS:1194AD8E       0       0       0       0       0   181CD    3039       0       0
   65000000             185000000             185000000             2.6455559E-05         1.0000000E+30                 0       
 NEXT SEEDS:130B8536       0       0       0       0       0   181CD    3039       0       0
   70000000             180000000             180000000             2.6448659E-05         1.0000000E+30                 0       
 NEXT SEEDS:1482669A       0       0       0       0       0   181CD    3039       0       0
   75000000             175000000             175000000             2.6445777E-05         1.0000000E+30                 0       
 NEXT SEEDS:15F96544       0       0       0       0       0   181CD    3039       0       0
   80000000             170000000             170000000             2.6448964E-05         1.0000000E+30                 0       
 NEXT SEEDS:17708AAC       0       0       0       0       0   181CD    3039       0       0
  *** Emfgeo: Ncoun  2000000000
   85000000             165000000             165000000             2.6448922E-05         1.0000000E+30                 0       
 NEXT SEEDS:18E7AD2A       0       0       0       0       0   181CD    3039       0       0
   90000000             160000000             160000000             2.6444356E-05         1.0000000E+30                 0       
 NEXT SEEDS:1A5EA7BF       0       0       0       0       0   181CD    3039       0       0
   95000000             155000000             155000000             2.6445617E-05         1.0000000E+30                 0       
 NEXT SEEDS:1BD5C383       0       0       0       0       0   181CD    3039       0       0
  100000000             150000000             150000000             2.6442567E-05         1.0000000E+30                 0       
 NEXT SEEDS:1D4CF2E4       0       0       0       0       0   181CD    3039       0       0
  105000000             145000000             145000000             2.6438334E-05         1.0000000E+30                 0       
 NEXT SEEDS:1EC4172A       0       0       0       0       0   181CD    3039       0       0
  110000000             140000000             140000000             2.6436358E-05         1.0000000E+30                 0       
 NEXT SEEDS:203B1D5A       0       0       0       0       0   181CD    3039       0       0
  115000000             135000000             135000000             2.6434302E-05         1.0000000E+30                 0       
 NEXT SEEDS:21B26CDC       0       0       0       0       0   181CD    3039       0       0
  120000000             130000000             130000000             2.6429681E-05         1.0000000E+30                 0       
 NEXT SEEDS:23294375       0       0       0       0       0   181CD    3039       0       0
  125000000             125000000             125000000             2.6425169E-05         1.0000000E+30                 0       
 NEXT SEEDS:24A0567F       0       0       0       0       0   181CD    3039       0       0
  130000000             120000000             120000000             2.6423901E-05         1.0000000E+30                 0       
 NEXT SEEDS:261752BE       0       0       0       0       0   181CD    3039       0       0
  135000000             115000000             115000000             2.6422965E-05         1.0000000E+30                 0       
 NEXT SEEDS:278E31BB       0       0       0       0       0   181CD    3039       0       0
  140000000             110000000             110000000             2.6422403E-05         1.0000000E+30                 0       
 NEXT SEEDS:2905416E       0       0       0       0       0   181CD    3039       0       0
  145000000             105000000             105000000             2.6422364E-05         1.0000000E+30                 0       
 NEXT SEEDS:2A7C4CB9       0       0       0       0       0   181CD    3039       0       0
  150000000             100000000             100000000             2.6421500E-05         1.0000000E+30                 0       
 NEXT SEEDS:2BF38B4F       0       0       0       0       0   181CD    3039       0       0
  155000000              95000000              95000000             2.6422005E-05         1.0000000E+30                 0       
 NEXT SEEDS:2D6A94A5       0       0       0       0       0   181CD    3039       0       0
  160000000              90000000              90000000             2.6421723E-05         1.0000000E+30                 0       
 NEXT SEEDS:2EE1B809       0       0       0       0       0   181CD    3039       0       0
  *** Emfgeo: Ncoun  2000000000
  165000000              85000000              85000000             2.6420458E-05         1.0000000E+30                 0       
 NEXT SEEDS:3058B955       0       0       0       0       0   181CD    3039       0       0
  170000000              80000000              80000000             2.6418673E-05         1.0000000E+30                 0       
 NEXT SEEDS:31CFBC91       0       0       0       0       0   181CD    3039       0       0
  175000000              75000000              75000000             2.6416549E-05         1.0000000E+30                 0       
 NEXT SEEDS:3346BC21       0       0       0       0       0   181CD    3039       0       0
  180000000              70000000              70000000             2.6415848E-05         1.0000000E+30                 0       
 NEXT SEEDS:34BDCB6A       0       0       0       0       0   181CD    3039       0       0
  185000000              65000000              65000000             2.6416135E-05         1.0000000E+30                 0       
 NEXT SEEDS:3634FF86       0       0       0       0       0   181CD    3039       0       0
  190000000              60000000              60000000             2.6415777E-05         1.0000000E+30                 0       
 NEXT SEEDS:37AC302B       0       0       0       0       0   181CD    3039       0       0
  195000000              55000000              55000000             2.6416182E-05         1.0000000E+30                 0       
 NEXT SEEDS:392339F6       0       0       0       0       0   181CD    3039       0       0
  200000000              50000000              50000000             2.6415958E-05         1.0000000E+30                 0       
 NEXT SEEDS:3A9A6468       0       0       0       0       0   181CD    3039       0       0
  205000000              45000000              45000000             2.6416443E-05         1.0000000E+30                 0       
 NEXT SEEDS:  76CEA9       1       0       0       0       0   181CD    3039       0       0
  210000000              40000000              40000000             2.6415505E-05         1.0000000E+30                 0       
 NEXT SEEDS: 1EDAFE6       1       0       0       0       0   181CD    3039       0       0
  215000000              35000000              35000000             2.6414658E-05         1.0000000E+30                 0       
 NEXT SEEDS: 364CDA5       1       0       0       0       0   181CD    3039       0       0
  220000000              30000000              30000000             2.6415255E-05         1.0000000E+30                 0       
 NEXT SEEDS: 4DBEB16       1       0       0       0       0   181CD    3039       0       0
  225000000              25000000              25000000             2.6412919E-05         1.0000000E+30                 0       
 NEXT SEEDS: 652D8F5       1       0       0       0       0   181CD    3039       0       0
  230000000              20000000              20000000             2.6411579E-05         1.0000000E+30                 0       
 NEXT SEEDS: 7CA05BA       1       0       0       0       0   181CD    3039       0       0
  235000000              15000000              15000000             2.6411967E-05         1.0000000E+30                 0       
 NEXT SEEDS: 9413B70       1       0       0       0       0   181CD    3039       0       0
  240000000              10000000              10000000             2.6410963E-05         1.0000000E+30                 0       
 NEXT SEEDS: AB84375       1       0       0       0       0   181CD    3039       0       0
  *** Emfgeo: Ncoun  2000000000
  245000000               5000000               5000000             2.6410123E-05         1.0000000E+30                 0       
 NEXT SEEDS: C2F2895       1       0       0       0       0   181CD    3039       0       0
  249999950                    50                    50             2.6409254E-05         1.0000000E+30                 0       
 NEXT SEEDS: DA63774       1       0       0       0       0   181CD    3039       0       0
  249999951                    49                    49             2.6409254E-05         1.0000000E+30                 0       
 NEXT SEEDS: DA63778       1       0       0       0       0   181CD    3039       0       0
  249999952                    48                    48             2.6409256E-05         1.0000000E+30                 0       
 NEXT SEEDS: DA6377C       1       0       0       0       0   181CD    3039       0       0
  249999953                    47                    47             2.6409256E-05         1.0000000E+30                 0       
 NEXT SEEDS: DA63780       1       0       0       0       0   181CD    3039       0       0
  249999954                    46                    46             2.6409255E-05         1.0000000E+30                 0       
 NEXT SEEDS: DA63784       1       0       0       0       0   181CD    3039       0       0
  249999955                    45                    45             2.6409257E-05         1.0000000E+30                 0       
 NEXT SEEDS: DA63788       1       0       0       0       0   181CD    3039       0       0
  249999956                    44                    44             2.6409257E-05         1.0000000E+30                 0       
 NEXT SEEDS: DA6378C       1       0       0       0       0   181CD    3039       0       0
  249999957                    43                    43             2.6409257E-05         1.0000000E+30                 0       
 NEXT SEEDS: DA63790       1       0       0       0       0   181CD    3039       0       0
  249999958                    42                    42             2.6409259E-05         1.0000000E+30                 0       
 NEXT SEEDS: DA63796       1       0       0       0       0   181CD    3039       0       0
  249999959                    41                    41             2.6409259E-05         1.0000000E+30                 0       
 NEXT SEEDS: DA6379A       1       0       0       0       0   181CD    3039       0       0
  249999960                    40                    40             2.6409259E-05         1.0000000E+30                 0       
 NEXT SEEDS: DA6379E       1       0       0       0       0   181CD    3039       0       0
  249999961                    39                    39             2.6409261E-05         1.0000000E+30                 0       
 NEXT SEEDS: DA637A2       1       0       0       0       0   181CD    3039       0       0
  249999962                    38                    38             2.6409260E-05         1.0000000E+30                 0       
 NEXT SEEDS: DA637A6       1       0       0       0       0   181CD    3039       0       0
  249999963                    37                    37             2.6409260E-05         1.0000000E+30                 0       
 NEXT SEEDS: DA637AA       1       0       0       0       0   181CD    3039       0       0
  249999964                    36                    36             2.6409262E-05         1.0000000E+30                 0       
 NEXT SEEDS: DA637AE       1       0       0       0       0   181CD    3039       0       0
  249999965                    35                    35             2.6409262E-05         1.0000000E+30                 0       
 NEXT SEEDS: DA637B2       1       0       0       0       0   181CD    3039       0       0
  249999966                    34                    34             2.6409262E-05         1.0000000E+30                 0       
 NEXT SEEDS: DA637B6       1       0       0       0       0   181CD    3039       0       0
  249999967                    33                    33             2.6409264E-05         1.0000000E+30                 0       
 NEXT SEEDS: DA637BC       1       0       0       0       0   181CD    3039       0       0
  249999968                    32                    32             2.6409264E-05         1.0000000E+30                 0       
 NEXT SEEDS: DA637C0       1       0       0       0       0   181CD    3039       0       0
  249999969                    31                    31             2.6409266E-05         1.0000000E+30                 0       
 NEXT SEEDS: DA637C4       1       0       0       0       0   181CD    3039       0       0
  249999970                    30                    30             2.6409265E-05         1.0000000E+30                 0       
 NEXT SEEDS: DA637C8       1       0       0       0       0   181CD    3039       0       0
  249999971                    29                    29             2.6409265E-05         1.0000000E+30                 0       
 NEXT SEEDS: DA637CC       1       0       0       0       0   181CD    3039       0       0
  249999972                    28                    28             2.6409267E-05         1.0000000E+30                 0       
 NEXT SEEDS: DA637D0       1       0       0       0       0   181CD    3039       0       0
  249999973                    27                    27             2.6409267E-05         1.0000000E+30                 0       
 NEXT SEEDS: DA637D4       1       0       0       0       0   181CD    3039       0       0
  249999974                    26                    26             2.6409267E-05         1.0000000E+30                 0       
 NEXT SEEDS: DA637D8       1       0       0       0       0   181CD    3039       0       0
  249999975                    25                    25             2.6409269E-05         1.0000000E+30                 0       
 NEXT SEEDS: DA637DC       1       0       0       0       0   181CD    3039       0       0
  249999976                    24                    24             2.6409269E-05         1.0000000E+30                 0       
 NEXT SEEDS: DA637E0       1       0       0       0       0   181CD    3039       0       0
  249999977                    23                    23             2.6409271E-05         1.0000000E+30                 0       
 NEXT SEEDS: DA637E4       1       0       0       0       0   181CD    3039       0       0
  249999978                    22                    22             2.6409272E-05         1.0000000E+30                 0       
 NEXT SEEDS: DA637E8       1       0       0       0       0   181CD    3039       0       0
  249999979                    21                    21             2.6409272E-05         1.0000000E+30                 0       
 NEXT SEEDS: DA637EE       1       0       0       0       0   181CD    3039       0       0
  249999980                    20                    20             2.6409272E-05         1.0000000E+30                 0       
 NEXT SEEDS: DA637F2       1       0       0       0       0   181CD    3039       0       0
  249999981                    19                    19             2.6409274E-05         1.0000000E+30                 0       
 NEXT SEEDS: DA637F6       1       0       0       0       0   181CD    3039       0       0
  249999982                    18                    18             2.6409274E-05         1.0000000E+30                 0       
 NEXT SEEDS: DA637FA       1       0       0       0       0   181CD    3039       0       0
  249999983                    17                    17             2.6409274E-05         1.0000000E+30                 0       
 NEXT SEEDS: DA637FE       1       0       0       0       0   181CD    3039       0       0
  249999984                    16                    16             2.6409274E-05         1.0000000E+30                 0       
 NEXT SEEDS: DA63802       1       0       0       0       0   181CD    3039       0       0
  249999985                    15                    15             2.6409274E-05         1.0000000E+30                 0       
 NEXT SEEDS: DA63806       1       0       0       0       0   181CD    3039       0       0
  249999986                    14                    14             2.6409274E-05         1.0000000E+30                 0       
 NEXT SEEDS: DA6380A       1       0       0       0       0   181CD    3039       0       0
  249999987                    13                    13             2.6409273E-05         1.0000000E+30                 0       
 NEXT SEEDS: DA6380E       1       0       0       0       0   181CD    3039       0       0
  249999988                    12                    12             2.6409273E-05         1.0000000E+30                 0       
 NEXT SEEDS: DA63812       1       0       0       0       0   181CD    3039       0       0
  249999989                    11                    11             2.6409273E-05         1.0000000E+30                 0       
 NEXT SEEDS: DA63816       1       0       0       0       0   181CD    3039       0       0
  249999990                    10                    10             2.6409273E-05         1.0000000E+30                 0       
 NEXT SEEDS: DA6381A       1       0       0       0       0   181CD    3039       0       0
  249999991                     9                     9             2.6409273E-05         1.0000000E+30                 0       
 NEXT SEEDS: DA6381E       1       0       0       0       0   181CD    3039       0       0
  249999992                     8                     8             2.6409273E-05         1.0000000E+30                 0       
 NEXT SEEDS: DA63822       1       0       0       0       0   181CD    3039       0       0
  249999993                     7                     7             2.6409273E-05         1.0000000E+30                 0       
 NEXT SEEDS: DA63826       1       0       0       0       0   181CD    3039       0       0
  249999994                     6                     6             2.6409273E-05         1.0000000E+30                 0       
 NEXT SEEDS: DA6382A       1       0       0       0       0   181CD    3039       0       0
  249999995                     5                     5             2.6409273E-05         1.0000000E+30                 0       
 NEXT SEEDS: DA6382E       1       0       0       0       0   181CD    3039       0       0
  249999996                     4                     4             2.6409272E-05         1.0000000E+30                 0       
 NEXT SEEDS: DA63832       1       0       0       0       0   181CD    3039       0       0
  249999997                     3                     3             2.6409272E-05         1.0000000E+30                 0       
 NEXT SEEDS: DA63836       1       0       0       0       0   181CD    3039       0       0
  249999998                     2                     2             2.6409272E-05         1.0000000E+30                 0       
 NEXT SEEDS: DA6383A       1       0       0       0       0   181CD    3039       0       0
  249999999                     1                     1             2.6409272E-05         1.0000000E+30                 0       
 NEXT SEEDS: DA6383E       1       0       0       0       0   181CD    3039       0       0
  250000000                     0                     1             2.6409272E-05         1.0000000E+30                 0       
 NEXT SEEDS: DA63842       1       0       0       0       0   181CD    3039       0       0
