1NUMBER OF BEAM       NUMBER OF BEAM        APPROXIMATE NUMBER    AVERAGE TIME USED     TIME LEFT (RESERVED   NUMBER OF STARS
 PARTICLES HANDLED    PARTICLES LEFT        OF BEAM PARTICLES     BY A BEAM PARTICLE     10000.0 SECONDS      CREATED
                                            THAT CAN STILL BE                           FOR PRINTOUT)
                                            HANDLED

 NEXT SEEDS:       0       0       0       0       0       0   181CD    3039       0       0
          1             249999999             249999999             7.6055527E-05         1.0000000E+30                 0       
 NEXT SEEDS:       4       0       0       0       0       0   181CD    3039       0       0
    5000000             245000000             245000000             2.6299778E-05         1.0000000E+30                 0       
 NEXT SEEDS: 1774DAA       0       0       0       0       0   181CD    3039       0       0
   10000000             240000000             240000000             2.6316695E-05         1.0000000E+30                 0       
 NEXT SEEDS: 2EE4114       0       0       0       0       0   181CD    3039       0       0
   15000000             235000000             235000000             2.6321007E-05         1.0000000E+30                 0       
 NEXT SEEDS: 465AE49       0       0       0       0       0   181CD    3039       0       0
   20000000             230000000             230000000             2.6315855E-05         1.0000000E+30                 0       
 NEXT SEEDS: 5DCBD5D       0       0       0       0       0   181CD    3039       0       0
   25000000             225000000             225000000             2.6319246E-05         1.0000000E+30                 0       
 NEXT SEEDS: 753E9DE       0       0       0       0       0   181CD    3039       0       0
   30000000             220000000             220000000             2.6321772E-05         1.0000000E+30                 0       
 NEXT SEEDS: 8CAE4F9       0       0       0       0       0   181CD    3039       0       0
   35000000             215000000             215000000             2.6328940E-05         1.0000000E+30                 0       
 NEXT SEEDS: A420E89       0       0       0       0       0   181CD    3039       0       0
   40000000             210000000             210000000             2.6327282E-05         1.0000000E+30                 0       
 NEXT SEEDS: BB91992       0       0       0       0       0   181CD    3039       0       0
   45000000             205000000             205000000             2.6326255E-05         1.0000000E+30                 0       
 NEXT SEEDS: D303941       0       0       0       0       0   181CD    3039       0       0
   50000000             200000000             200000000             2.6327304E-05         1.0000000E+30                 0       
 NEXT SEEDS: EA799CD       0       0       0       0       0   181CD    3039       0       0
   55000000             195000000             195000000             2.6325800E-05         1.0000000E+30                 0       
 NEXT SEEDS:101EBA73       0       0       0       0       0   181CD    3039       0       0
   60000000             190000000             190000000             2.6327038E-05         1.0000000E+30                 0       
 NEXT SEEDS:1195D9BB       0       0       0       0       0   181CD    3039       0       0
   65000000             185000000             185000000             2.6328308E-05         1.0000000E+30                 0       
 NEXT SEEDS:130D01AD       0       0       0       0       0   181CD    3039       0       0
   70000000             180000000             180000000             2.6326429E-05         1.0000000E+30                 0       
 NEXT SEEDS:1484221C       0       0       0       0       0   181CD    3039       0       0
   75000000             175000000             175000000             2.6324954E-05         1.0000000E+30                 0       
 NEXT SEEDS:15FB45C8       0       0       0       0       0   181CD    3039       0       0
   80000000             170000000             170000000             2.6327949E-05         1.0000000E+30                 0       
 NEXT SEEDS:17725EAC       0       0       0       0       0   181CD    3039       0       0
  *** Emfgeo: Ncoun  2000000000
   85000000             165000000             165000000             2.6331090E-05         1.0000000E+30                 0       
 NEXT SEEDS:18E98916       0       0       0       0       0   181CD    3039       0       0
   90000000             160000000             160000000             2.6329479E-05         1.0000000E+30                 0       
 NEXT SEEDS:1A609178       0       0       0       0       0   181CD    3039       0       0
   95000000             155000000             155000000             2.6330801E-05         1.0000000E+30                 0       
 NEXT SEEDS:1BD7AF60       0       0       0       0       0   181CD    3039       0       0
  100000000             150000000             150000000             2.6329439E-05         1.0000000E+30                 0       
 NEXT SEEDS:1D4E989C       0       0       0       0       0   181CD    3039       0       0
  105000000             145000000             145000000             2.6328330E-05         1.0000000E+30                 0       
 NEXT SEEDS:1EC5B669       0       0       0       0       0   181CD    3039       0       0
  110000000             140000000             140000000             2.6328179E-05         1.0000000E+30                 0       
 NEXT SEEDS:203CD7E7       0       0       0       0       0   181CD    3039       0       0
  115000000             135000000             135000000             2.6327068E-05         1.0000000E+30                 0       
 NEXT SEEDS:21B3B115       0       0       0       0       0   181CD    3039       0       0
  120000000             130000000             130000000             2.6325235E-05         1.0000000E+30                 0       
 NEXT SEEDS:232ACCFA       0       0       0       0       0   181CD    3039       0       0
  125000000             125000000             125000000             2.6327538E-05         1.0000000E+30                 0       
 NEXT SEEDS:24A205BB       0       0       0       0       0   181CD    3039       0       0
  130000000             120000000             120000000             2.6327450E-05         1.0000000E+30                 0       
 NEXT SEEDS:2618FF8E       0       0       0       0       0   181CD    3039       0       0
  135000000             115000000             115000000             2.6326883E-05         1.0000000E+30                 0       
 NEXT SEEDS:278FE6B7       0       0       0       0       0   181CD    3039       0       0
  140000000             110000000             110000000             2.6328221E-05         1.0000000E+30                 0       
 NEXT SEEDS:29076315       0       0       0       0       0   181CD    3039       0       0
  145000000             105000000             105000000             2.6330390E-05         1.0000000E+30                 0       
 NEXT SEEDS:2A7E4D2D       0       0       0       0       0   181CD    3039       0       0
  150000000             100000000             100000000             2.6339050E-05         1.0000000E+30                 0       
 NEXT SEEDS:2BF53E27       0       0       0       0       0   181CD    3039       0       0
  155000000              95000000              95000000             2.6342402E-05         1.0000000E+30                 0       
 NEXT SEEDS:2D6C4E58       0       0       0       0       0   181CD    3039       0       0
  160000000              90000000              90000000             2.6351789E-05         1.0000000E+30                 0       
 NEXT SEEDS:2EE37011       0       0       0       0       0   181CD    3039       0       0
  *** Emfgeo: Ncoun  2000000000
  165000000              85000000              85000000             2.6356037E-05         1.0000000E+30                 0       
 NEXT SEEDS:305AC928       0       0       0       0       0   181CD    3039       0       0
  170000000              80000000              80000000             2.6354763E-05         1.0000000E+30                 0       
 NEXT SEEDS:31D1D087       0       0       0       0       0   181CD    3039       0       0
  175000000              75000000              75000000             2.6352604E-05         1.0000000E+30                 0       
 NEXT SEEDS:3348B362       0       0       0       0       0   181CD    3039       0       0
  180000000              70000000              70000000             2.6352474E-05         1.0000000E+30                 0       
 NEXT SEEDS:34BFEDDB       0       0       0       0       0   181CD    3039       0       0
  185000000              65000000              65000000             2.6356776E-05         1.0000000E+30                 0       
 NEXT SEEDS:363718E0       0       0       0       0       0   181CD    3039       0       0
  190000000              60000000              60000000             2.6360498E-05         1.0000000E+30                 0       
 NEXT SEEDS:37AE2E32       0       0       0       0       0   181CD    3039       0       0
  195000000              55000000              55000000             2.6360948E-05         1.0000000E+30                 0       
 NEXT SEEDS:3925654F       0       0       0       0       0   181CD    3039       0       0
  200000000              50000000              50000000             2.6359617E-05         1.0000000E+30                 0       
 NEXT SEEDS:3A9C8B5D       0       0       0       0       0   181CD    3039       0       0
  205000000              45000000              45000000             2.6359287E-05         1.0000000E+30                 0       
 NEXT SEEDS:  78F8DB       1       0       0       0       0   181CD    3039       0       0
  210000000              40000000              40000000             2.6359064E-05         1.0000000E+30                 0       
 NEXT SEEDS: 1F00DB9       1       0       0       0       0   181CD    3039       0       0
  215000000              35000000              35000000             2.6358217E-05         1.0000000E+30                 0       
 NEXT SEEDS: 36740B4       1       0       0       0       0   181CD    3039       0       0
  220000000              30000000              30000000             2.6356366E-05         1.0000000E+30                 0       
 NEXT SEEDS: 4DE0A51       1       0       0       0       0   181CD    3039       0       0
  225000000              25000000              25000000             2.6356307E-05         1.0000000E+30                 0       
 NEXT SEEDS: 655032D       1       0       0       0       0   181CD    3039       0       0
  230000000              20000000              20000000             2.6355883E-05         1.0000000E+30                 0       
 NEXT SEEDS: 7CC317F       1       0       0       0       0   181CD    3039       0       0
  235000000              15000000              15000000             2.6355770E-05         1.0000000E+30                 0       
 NEXT SEEDS: 9434C7A       1       0       0       0       0   181CD    3039       0       0
  240000000              10000000              10000000             2.6354926E-05         1.0000000E+30                 0       
 NEXT SEEDS: ABA93BF       1       0       0       0       0   181CD    3039       0       0
  *** Emfgeo: Ncoun  2000000000
  245000000               5000000               5000000             2.6354467E-05         1.0000000E+30                 0       
 NEXT SEEDS: C31B025       1       0       0       0       0   181CD    3039       0       0
  249999950                    50                    50             2.6354593E-05         1.0000000E+30                 0       
 NEXT SEEDS: DA8D847       1       0       0       0       0   181CD    3039       0       0
  249999951                    49                    49             2.6354595E-05         1.0000000E+30                 0       
 NEXT SEEDS: DA8D865       1       0       0       0       0   181CD    3039       0       0
  249999952                    48                    48             2.6354597E-05         1.0000000E+30                 0       
 NEXT SEEDS: DA8D869       1       0       0       0       0   181CD    3039       0       0
  249999953                    47                    47             2.6354597E-05         1.0000000E+30                 0       
 NEXT SEEDS: DA8D86D       1       0       0       0       0   181CD    3039       0       0
  249999954                    46                    46             2.6354597E-05         1.0000000E+30                 0       
 NEXT SEEDS: DA8D871       1       0       0       0       0   181CD    3039       0       0
  249999955                    45                    45             2.6354597E-05         1.0000000E+30                 0       
 NEXT SEEDS: DA8D875       1       0       0       0       0   181CD    3039       0       0
  249999956                    44                    44             2.6354597E-05         1.0000000E+30                 0       
 NEXT SEEDS: DA8D879       1       0       0       0       0   181CD    3039       0       0
  249999957                    43                    43             2.6354597E-05         1.0000000E+30                 0       
 NEXT SEEDS: DA8D87F       1       0       0       0       0   181CD    3039       0       0
  249999958                    42                    42             2.6354597E-05         1.0000000E+30                 0       
 NEXT SEEDS: DA8D883       1       0       0       0       0   181CD    3039       0       0
  249999959                    41                    41             2.6354596E-05         1.0000000E+30                 0       
 NEXT SEEDS: DA8D887       1       0       0       0       0   181CD    3039       0       0
  249999960                    40                    40             2.6354596E-05         1.0000000E+30                 0       
 NEXT SEEDS: DA8D88B       1       0       0       0       0   181CD    3039       0       0
  249999961                    39                    39             2.6354598E-05         1.0000000E+30                 0       
 NEXT SEEDS: DA8D88F       1       0       0       0       0   181CD    3039       0       0
  249999962                    38                    38             2.6354598E-05         1.0000000E+30                 0       
 NEXT SEEDS: DA8D893       1       0       0       0       0   181CD    3039       0       0
  249999963                    37                    37             2.6354600E-05         1.0000000E+30                 0       
 NEXT SEEDS: DA8D897       1       0       0       0       0   181CD    3039       0       0
  249999964                    36                    36             2.6354600E-05         1.0000000E+30                 0       
 NEXT SEEDS: DA8D89B       1       0       0       0       0   181CD    3039       0       0
  249999965                    35                    35             2.6354600E-05         1.0000000E+30                 0       
 NEXT SEEDS: DA8D89F       1       0       0       0       0   181CD    3039       0       0
  249999966                    34                    34             2.6354600E-05         1.0000000E+30                 0       
 NEXT SEEDS: DA8D8A3       1       0       0       0       0   181CD    3039       0       0
  249999967                    33                    33             2.6354599E-05         1.0000000E+30                 0       
 NEXT SEEDS: DA8D8A7       1       0       0       0       0   181CD    3039       0       0
  249999968                    32                    32             2.6354599E-05         1.0000000E+30                 0       
 NEXT SEEDS: DA8D8AB       1       0       0       0       0   181CD    3039       0       0
  249999969                    31                    31             2.6354599E-05         1.0000000E+30                 0       
 NEXT SEEDS: DA8D8AF       1       0       0       0       0   181CD    3039       0       0
  249999970                    30                    30             2.6354599E-05         1.0000000E+30                 0       
 NEXT SEEDS: DA8D8B3       1       0       0       0       0   181CD    3039       0       0
  249999971                    29                    29             2.6354599E-05         1.0000000E+30                 0       
 NEXT SEEDS: DA8D8B7       1       0       0       0       0   181CD    3039       0       0
  249999972                    28                    28             2.6354601E-05         1.0000000E+30                 0       
 NEXT SEEDS: DA8D8CB       1       0       0       0       0   181CD    3039       0       0
  249999973                    27                    27             2.6354601E-05         1.0000000E+30                 0       
 NEXT SEEDS: DA8D8CF       1       0       0       0       0   181CD    3039       0       0
  249999974                    26                    26             2.6354601E-05         1.0000000E+30                 0       
 NEXT SEEDS: DA8D8D3       1       0       0       0       0   181CD    3039       0       0
  249999975                    25                    25             2.6354601E-05         1.0000000E+30                 0       
 NEXT SEEDS: DA8D8D7       1       0       0       0       0   181CD    3039       0       0
  249999976                    24                    24             2.6354600E-05         1.0000000E+30                 0       
 NEXT SEEDS: DA8D8DB       1       0       0       0       0   181CD    3039       0       0
  249999977                    23                    23             2.6354600E-05         1.0000000E+30                 0       
 NEXT SEEDS: DA8D8DF       1       0       0       0       0   181CD    3039       0       0
  249999978                    22                    22             2.6354600E-05         1.0000000E+30                 0       
 NEXT SEEDS: DA8D8E3       1       0       0       0       0   181CD    3039       0       0
  249999979                    21                    21             2.6354600E-05         1.0000000E+30                 0       
 NEXT SEEDS: DA8D8E9       1       0       0       0       0   181CD    3039       0       0
  249999980                    20                    20             2.6354600E-05         1.0000000E+30                 0       
 NEXT SEEDS: DA8D8ED       1       0       0       0       0   181CD    3039       0       0
  249999981                    19                    19             2.6354600E-05         1.0000000E+30                 0       
 NEXT SEEDS: DA8D8F1       1       0       0       0       0   181CD    3039       0       0
  249999982                    18                    18             2.6354600E-05         1.0000000E+30                 0       
 NEXT SEEDS: DA8D8F5       1       0       0       0       0   181CD    3039       0       0
  249999983                    17                    17             2.6354600E-05         1.0000000E+30                 0       
 NEXT SEEDS: DA8D8F9       1       0       0       0       0   181CD    3039       0       0
  249999984                    16                    16             2.6354600E-05         1.0000000E+30                 0       
 NEXT SEEDS: DA8D90B       1       0       0       0       0   181CD    3039       0       0
  249999985                    15                    15             2.6354600E-05         1.0000000E+30                 0       
 NEXT SEEDS: DA8D90F       1       0       0       0       0   181CD    3039       0       0
  249999986                    14                    14             2.6354599E-05         1.0000000E+30                 0       
 NEXT SEEDS: DA8D913       1       0       0       0       0   181CD    3039       0       0
  249999987                    13                    13             2.6354599E-05         1.0000000E+30                 0       
 NEXT SEEDS: DA8D919       1       0       0       0       0   181CD    3039       0       0
  249999988                    12                    12             2.6354599E-05         1.0000000E+30                 0       
 NEXT SEEDS: DA8D91D       1       0       0       0       0   181CD    3039       0       0
  249999989                    11                    11             2.6354599E-05         1.0000000E+30                 0       
 NEXT SEEDS: DA8D923       1       0       0       0       0   181CD    3039       0       0
  249999990                    10                    10             2.6354599E-05         1.0000000E+30                 0       
 NEXT SEEDS: DA8D927       1       0       0       0       0   181CD    3039       0       0
  249999991                     9                     9             2.6354599E-05         1.0000000E+30                 0       
 NEXT SEEDS: DA8D92D       1       0       0       0       0   181CD    3039       0       0
  249999992                     8                     8             2.6354599E-05         1.0000000E+30                 0       
 NEXT SEEDS: DA8D933       1       0       0       0       0   181CD    3039       0       0
  249999993                     7                     7             2.6354599E-05         1.0000000E+30                 0       
 NEXT SEEDS: DA8D937       1       0       0       0       0   181CD    3039       0       0
  249999994                     6                     6             2.6354601E-05         1.0000000E+30                 0       
 NEXT SEEDS: DA8D93B       1       0       0       0       0   181CD    3039       0       0
  249999995                     5                     5             2.6354600E-05         1.0000000E+30                 0       
 NEXT SEEDS: DA8D93F       1       0       0       0       0   181CD    3039       0       0
  249999996                     4                     4             2.6354600E-05         1.0000000E+30                 0       
 NEXT SEEDS: DA8D943       1       0       0       0       0   181CD    3039       0       0
  249999997                     3                     3             2.6354600E-05         1.0000000E+30                 0       
 NEXT SEEDS: DA8D947       1       0       0       0       0   181CD    3039       0       0
  249999998                     2                     2             2.6354600E-05         1.0000000E+30                 0       
 NEXT SEEDS: DA8D94B       1       0       0       0       0   181CD    3039       0       0
  249999999                     1                     1             2.6354600E-05         1.0000000E+30                 0       
 NEXT SEEDS: DA8D94F       1       0       0       0       0   181CD    3039       0       0
  250000000                     0                     1             2.6354600E-05         1.0000000E+30                 0       
 NEXT SEEDS: DA8D953       1       0       0       0       0   181CD    3039       0       0
