1NUMBER OF BEAM       NUMBER OF BEAM        APPROXIMATE NUMBER    AVERAGE TIME USED     TIME LEFT (RESERVED   NUMBER OF STARS
 PARTICLES HANDLED    PARTICLES LEFT        OF BEAM PARTICLES     BY A BEAM PARTICLE     10000.0 SECONDS      CREATED
                                            THAT CAN STILL BE                           FOR PRINTOUT)
                                            HANDLED

 NEXT SEEDS:       0       0       0       0       0       0   181CD    3039       0       0
          1             249999999             249999999             6.3300133E-04         1.0000000E+30                 0       
 NEXT SEEDS:       4       0       0       0       0       0   181CD    3039       0       0
    5000000             245000000             245000000             2.7116443E-05         1.0000000E+30                 0       
 NEXT SEEDS: 1772B3B       0       0       0       0       0   181CD    3039       0       0
   10000000             240000000             240000000             2.7069870E-05         1.0000000E+30                 0       
 NEXT SEEDS: 2EDF82E       0       0       0       0       0   181CD    3039       0       0
   15000000             235000000             235000000             2.7070742E-05         1.0000000E+30                 0       
 NEXT SEEDS: 4653F99       0       0       0       0       0   181CD    3039       0       0
   20000000             230000000             230000000             2.7057944E-05         1.0000000E+30                 0       
 NEXT SEEDS: 5DC1453       0       0       0       0       0   181CD    3039       0       0
   25000000             225000000             225000000             2.7059714E-05         1.0000000E+30                 0       
 NEXT SEEDS: 7537DA4       0       0       0       0       0   181CD    3039       0       0
   30000000             220000000             220000000             2.7056006E-05         1.0000000E+30                 0       
 NEXT SEEDS: 8CAA92F       0       0       0       0       0   181CD    3039       0       0
   35000000             215000000             215000000             2.7064397E-05         1.0000000E+30                 0       
 NEXT SEEDS: A423D97       0       0       0       0       0   181CD    3039       0       0
   40000000             210000000             210000000             2.7068410E-05         1.0000000E+30                 0       
 NEXT SEEDS: BB97BEC       0       0       0       0       0   181CD    3039       0       0
   45000000             205000000             205000000             2.7076800E-05         1.0000000E+30                 0       
 NEXT SEEDS: D30AF67       0       0       0       0       0   181CD    3039       0       0
   50000000             200000000             200000000             2.7072460E-05         1.0000000E+30                 0       
 NEXT SEEDS: EA7B81D       0       0       0       0       0   181CD    3039       0       0
   55000000             195000000             195000000             2.7068807E-05         1.0000000E+30                 0       
 NEXT SEEDS:101EB42B       0       0       0       0       0   181CD    3039       0       0
   60000000             190000000             190000000             2.7068948E-05         1.0000000E+30                 0       
 NEXT SEEDS:1195BB9E       0       0       0       0       0   181CD    3039       0       0
   65000000             185000000             185000000             2.7066691E-05         1.0000000E+30                 0       
 NEXT SEEDS:130CE572       0       0       0       0       0   181CD    3039       0       0
   70000000             180000000             180000000             2.7062775E-05         1.0000000E+30                 0       
 NEXT SEEDS:1483D5E9       0       0       0       0       0   181CD    3039       0       0
   75000000             175000000             175000000             2.7063365E-05         1.0000000E+30                 0       
 NEXT SEEDS:15FAEC4C       0       0       0       0       0   181CD    3039       0       0
   80000000             170000000             170000000             2.7064124E-05         1.0000000E+30                 0       
 NEXT SEEDS:17721372       0       0       0       0       0   181CD    3039       0       0
  *** Emfgeo: Ncoun  2000000000
   85000000             165000000             165000000             2.7067510E-05         1.0000000E+30                 0       
 NEXT SEEDS:18E90F62       0       0       0       0       0   181CD    3039       0       0
   90000000             160000000             160000000             2.7067223E-05         1.0000000E+30                 0       
 NEXT SEEDS:1A5FD680       0       0       0       0       0   181CD    3039       0       0
   95000000             155000000             155000000             2.7067733E-05         1.0000000E+30                 0       
 NEXT SEEDS:1BD6D418       0       0       0       0       0   181CD    3039       0       0
  100000000             150000000             150000000             2.7069459E-05         1.0000000E+30                 0       
 NEXT SEEDS:1D4DFC9E       0       0       0       0       0   181CD    3039       0       0
  105000000             145000000             145000000             2.7065530E-05         1.0000000E+30                 0       
 NEXT SEEDS:1EC4E847       0       0       0       0       0   181CD    3039       0       0
  110000000             140000000             140000000             2.7065302E-05         1.0000000E+30                 0       
 NEXT SEEDS:203C24B9       0       0       0       0       0   181CD    3039       0       0
  115000000             135000000             135000000             2.7065744E-05         1.0000000E+30                 0       
 NEXT SEEDS:21B3193C       0       0       0       0       0   181CD    3039       0       0
  120000000             130000000             130000000             2.7062439E-05         1.0000000E+30                 0       
 NEXT SEEDS:2329D1AD       0       0       0       0       0   181CD    3039       0       0
  125000000             125000000             125000000             2.7064014E-05         1.0000000E+30                 0       
 NEXT SEEDS:24A11211       0       0       0       0       0   181CD    3039       0       0
  130000000             120000000             120000000             2.7062564E-05         1.0000000E+30                 0       
 NEXT SEEDS:2617B2D8       0       0       0       0       0   181CD    3039       0       0
  135000000             115000000             115000000             2.7063671E-05         1.0000000E+30                 0       
 NEXT SEEDS:278EC9DD       0       0       0       0       0   181CD    3039       0       0
  140000000             110000000             110000000             2.7064543E-05         1.0000000E+30                 0       
 NEXT SEEDS:29060183       0       0       0       0       0   181CD    3039       0       0
  145000000             105000000             105000000             2.7064942E-05         1.0000000E+30                 0       
 NEXT SEEDS:2A7D1182       0       0       0       0       0   181CD    3039       0       0
  150000000             100000000             100000000             2.7064742E-05         1.0000000E+30                 0       
 NEXT SEEDS:2BF461FA       0       0       0       0       0   181CD    3039       0       0
  155000000              95000000              95000000             2.7066410E-05         1.0000000E+30                 0       
 NEXT SEEDS:2D6B92F6       0       0       0       0       0   181CD    3039       0       0
  160000000              90000000              90000000             2.7066828E-05         1.0000000E+30                 0       
 NEXT SEEDS:2EE2B39E       0       0       0       0       0   181CD    3039       0       0
  *** Emfgeo: Ncoun  2000000000
  165000000              85000000              85000000             2.7067673E-05         1.0000000E+30                 0       
 NEXT SEEDS:30599C4A       0       0       0       0       0   181CD    3039       0       0
  170000000              80000000              80000000             2.7069520E-05         1.0000000E+30                 0       
 NEXT SEEDS:31D0A0CB       0       0       0       0       0   181CD    3039       0       0
  175000000              75000000              75000000             2.7070118E-05         1.0000000E+30                 0       
 NEXT SEEDS:3347A09E       0       0       0       0       0   181CD    3039       0       0
  180000000              70000000              70000000             2.7071097E-05         1.0000000E+30                 0       
 NEXT SEEDS:34BEB610       0       0       0       0       0   181CD    3039       0       0
  185000000              65000000              65000000             2.7070165E-05         1.0000000E+30                 0       
 NEXT SEEDS:36359A26       0       0       0       0       0   181CD    3039       0       0
  190000000              60000000              60000000             2.7069786E-05         1.0000000E+30                 0       
 NEXT SEEDS:37AC76FA       0       0       0       0       0   181CD    3039       0       0
  195000000              55000000              55000000             2.7068745E-05         1.0000000E+30                 0       
 NEXT SEEDS:392357FE       0       0       0       0       0   181CD    3039       0       0
  200000000              50000000              50000000             2.7070098E-05         1.0000000E+30                 0       
 NEXT SEEDS:3A9A9349       0       0       0       0       0   181CD    3039       0       0
  205000000              45000000              45000000             2.7069589E-05         1.0000000E+30                 0       
 NEXT SEEDS:  76D36D       1       0       0       0       0   181CD    3039       0       0
  210000000              40000000              40000000             2.7069955E-05         1.0000000E+30                 0       
 NEXT SEEDS: 1EDE39A       1       0       0       0       0   181CD    3039       0       0
  215000000              35000000              35000000             2.7070374E-05         1.0000000E+30                 0       
 NEXT SEEDS: 364DCAE       1       0       0       0       0   181CD    3039       0       0
  220000000              30000000              30000000             2.7070291E-05         1.0000000E+30                 0       
 NEXT SEEDS: 4DBF938       1       0       0       0       0   181CD    3039       0       0
  225000000              25000000              25000000             2.7070907E-05         1.0000000E+30                 0       
 NEXT SEEDS: 6530611       1       0       0       0       0   181CD    3039       0       0
  230000000              20000000              20000000             2.7069472E-05         1.0000000E+30                 0       
 NEXT SEEDS: 7C9C3AA       1       0       0       0       0   181CD    3039       0       0
  235000000              15000000              15000000             2.7069687E-05         1.0000000E+30                 0       
 NEXT SEEDS: 940D3ED       1       0       0       0       0   181CD    3039       0       0
  240000000              10000000              10000000             2.7069745E-05         1.0000000E+30                 0       
 NEXT SEEDS: AB7FD40       1       0       0       0       0   181CD    3039       0       0
  *** Emfgeo: Ncoun  2000000000
  245000000               5000000               5000000             2.7070791E-05         1.0000000E+30                 0       
 NEXT SEEDS: C2F001E       1       0       0       0       0   181CD    3039       0       0
  249999950                    50                    50             2.7071515E-05         1.0000000E+30                 0       
 NEXT SEEDS: DA649A1       1       0       0       0       0   181CD    3039       0       0
  249999951                    49                    49             2.7071515E-05         1.0000000E+30                 0       
 NEXT SEEDS: DA649A5       1       0       0       0       0   181CD    3039       0       0
  249999952                    48                    48             2.7071515E-05         1.0000000E+30                 0       
 NEXT SEEDS: DA649A9       1       0       0       0       0   181CD    3039       0       0
  249999953                    47                    47             2.7071515E-05         1.0000000E+30                 0       
 NEXT SEEDS: DA649AD       1       0       0       0       0   181CD    3039       0       0
  249999954                    46                    46             2.7071515E-05         1.0000000E+30                 0       
 NEXT SEEDS: DA649B1       1       0       0       0       0   181CD    3039       0       0
  249999955                    45                    45             2.7071517E-05         1.0000000E+30                 0       
 NEXT SEEDS: DA649B5       1       0       0       0       0   181CD    3039       0       0
  249999956                    44                    44             2.7071517E-05         1.0000000E+30                 0       
 NEXT SEEDS: DA649B9       1       0       0       0       0   181CD    3039       0       0
  249999957                    43                    43             2.7071517E-05         1.0000000E+30                 0       
 NEXT SEEDS: DA649BD       1       0       0       0       0   181CD    3039       0       0
  249999958                    42                    42             2.7071518E-05         1.0000000E+30                 0       
 NEXT SEEDS: DA649C1       1       0       0       0       0   181CD    3039       0       0
  249999959                    41                    41             2.7071518E-05         1.0000000E+30                 0       
 NEXT SEEDS: DA649C5       1       0       0       0       0   181CD    3039       0       0
  249999960                    40                    40             2.7071518E-05         1.0000000E+30                 0       
 NEXT SEEDS: DA649C9       1       0       0       0       0   181CD    3039       0       0
  249999961                    39                    39             2.7071520E-05         1.0000000E+30                 0       
 NEXT SEEDS: DA649CD       1       0       0       0       0   181CD    3039       0       0
  249999962                    38                    38             2.7071520E-05         1.0000000E+30                 0       
 NEXT SEEDS: DA649D1       1       0       0       0       0   181CD    3039       0       0
  249999963                    37                    37             2.7071520E-05         1.0000000E+30                 0       
 NEXT SEEDS: DA649D5       1       0       0       0       0   181CD    3039       0       0
  249999964                    36                    36             2.7071522E-05         1.0000000E+30                 0       
 NEXT SEEDS: DA649D9       1       0       0       0       0   181CD    3039       0       0
  249999965                    35                    35             2.7071522E-05         1.0000000E+30                 0       
 NEXT SEEDS: DA649DD       1       0       0       0       0   181CD    3039       0       0
  249999966                    34                    34             2.7071523E-05         1.0000000E+30                 0       
 NEXT SEEDS: DA649E1       1       0       0       0       0   181CD    3039       0       0
  249999967                    33                    33             2.7071523E-05         1.0000000E+30                 0       
 NEXT SEEDS: DA649E5       1       0       0       0       0   181CD    3039       0       0
  249999968                    32                    32             2.7071525E-05         1.0000000E+30                 0       
 NEXT SEEDS: DA649FA       1       0       0       0       0   181CD    3039       0       0
  249999969                    31                    31             2.7071525E-05         1.0000000E+30                 0       
 NEXT SEEDS: DA649FE       1       0       0       0       0   181CD    3039       0       0
  249999970                    30                    30             2.7071527E-05         1.0000000E+30                 0       
 NEXT SEEDS: DA64A02       1       0       0       0       0   181CD    3039       0       0
  249999971                    29                    29             2.7071527E-05         1.0000000E+30                 0       
 NEXT SEEDS: DA64A06       1       0       0       0       0   181CD    3039       0       0
  249999972                    28                    28             2.7071529E-05         1.0000000E+30                 0       
 NEXT SEEDS: DA64A0A       1       0       0       0       0   181CD    3039       0       0
  249999973                    27                    27             2.7071529E-05         1.0000000E+30                 0       
 NEXT SEEDS: DA64A0E       1       0       0       0       0   181CD    3039       0       0
  249999974                    26                    26             2.7071528E-05         1.0000000E+30                 0       
 NEXT SEEDS: DA64A12       1       0       0       0       0   181CD    3039       0       0
  249999975                    25                    25             2.7071530E-05         1.0000000E+30                 0       
 NEXT SEEDS: DA64A16       1       0       0       0       0   181CD    3039       0       0
  249999976                    24                    24             2.7071530E-05         1.0000000E+30                 0       
 NEXT SEEDS: DA64A1A       1       0       0       0       0   181CD    3039       0       0
  249999977                    23                    23             2.7071530E-05         1.0000000E+30                 0       
 NEXT SEEDS: DA64A1E       1       0       0       0       0   181CD    3039       0       0
  249999978                    22                    22             2.7071532E-05         1.0000000E+30                 0       
 NEXT SEEDS: DA64A22       1       0       0       0       0   181CD    3039       0       0
  249999979                    21                    21             2.7071532E-05         1.0000000E+30                 0       
 NEXT SEEDS: DA64A26       1       0       0       0       0   181CD    3039       0       0
  249999980                    20                    20             2.7071534E-05         1.0000000E+30                 0       
 NEXT SEEDS: DA64A56       1       0       0       0       0   181CD    3039       0       0
  249999981                    19                    19             2.7071534E-05         1.0000000E+30                 0       
 NEXT SEEDS: DA64A5A       1       0       0       0       0   181CD    3039       0       0
  249999982                    18                    18             2.7071533E-05         1.0000000E+30                 0       
 NEXT SEEDS: DA64A5E       1       0       0       0       0   181CD    3039       0       0
  249999983                    17                    17             2.7071533E-05         1.0000000E+30                 0       
 NEXT SEEDS: DA64A62       1       0       0       0       0   181CD    3039       0       0
  249999984                    16                    16             2.7071533E-05         1.0000000E+30                 0       
 NEXT SEEDS: DA64A66       1       0       0       0       0   181CD    3039       0       0
  249999985                    15                    15             2.7071533E-05         1.0000000E+30                 0       
 NEXT SEEDS: DA64A6A       1       0       0       0       0   181CD    3039       0       0
  249999986                    14                    14             2.7071533E-05         1.0000000E+30                 0       
 NEXT SEEDS: DA64A6E       1       0       0       0       0   181CD    3039       0       0
  249999987                    13                    13             2.7071533E-05         1.0000000E+30                 0       
 NEXT SEEDS: DA64A72       1       0       0       0       0   181CD    3039       0       0
  249999988                    12                    12             2.7071533E-05         1.0000000E+30                 0       
 NEXT SEEDS: DA64A76       1       0       0       0       0   181CD    3039       0       0
  249999989                    11                    11             2.7071533E-05         1.0000000E+30                 0       
 NEXT SEEDS: DA64A7A       1       0       0       0       0   181CD    3039       0       0
  249999990                    10                    10             2.7071533E-05         1.0000000E+30                 0       
 NEXT SEEDS: DA64A7E       1       0       0       0       0   181CD    3039       0       0
  249999991                     9                     9             2.7071532E-05         1.0000000E+30                 0       
 NEXT SEEDS: DA64A82       1       0       0       0       0   181CD    3039       0       0
  249999992                     8                     8             2.7071532E-05         1.0000000E+30                 0       
 NEXT SEEDS: DA64A86       1       0       0       0       0   181CD    3039       0       0
  249999993                     7                     7             2.7071532E-05         1.0000000E+30                 0       
 NEXT SEEDS: DA64A8A       1       0       0       0       0   181CD    3039       0       0
  249999994                     6                     6             2.7071532E-05         1.0000000E+30                 0       
 NEXT SEEDS: DA64A8E       1       0       0       0       0   181CD    3039       0       0
  249999995                     5                     5             2.7071532E-05         1.0000000E+30                 0       
 NEXT SEEDS: DA64A92       1       0       0       0       0   181CD    3039       0       0
  249999996                     4                     4             2.7071532E-05         1.0000000E+30                 0       
 NEXT SEEDS: DA64A96       1       0       0       0       0   181CD    3039       0       0
  249999997                     3                     3             2.7071532E-05         1.0000000E+30                 0       
 NEXT SEEDS: DA64A9A       1       0       0       0       0   181CD    3039       0       0
  249999998                     2                     2             2.7071532E-05         1.0000000E+30                 0       
 NEXT SEEDS: DA64A9E       1       0       0       0       0   181CD    3039       0       0
  249999999                     1                     1             2.7071532E-05         1.0000000E+30                 0       
 NEXT SEEDS: DA64AA2       1       0       0       0       0   181CD    3039       0       0
  250000000                     0                     1             2.7071532E-05         1.0000000E+30                 0       
 NEXT SEEDS: DA64AA6       1       0       0       0       0   181CD    3039       0       0
