1NUMBER OF BEAM       NUMBER OF BEAM        APPROXIMATE NUMBER    AVERAGE TIME USED     TIME LEFT (RESERVED   NUMBER OF STARS
 PARTICLES HANDLED    PARTICLES LEFT        OF BEAM PARTICLES     BY A BEAM PARTICLE     10000.0 SECONDS      CREATED
                                            THAT CAN STILL BE                           FOR PRINTOUT)
                                            HANDLED

 NEXT SEEDS:       0       0       0       0       0       0   181CD    3039       0       0
          1             249999999             249999999             7.7009201E-05         1.0000000E+30                 0       
 NEXT SEEDS:       4       0       0       0       0       0   181CD    3039       0       0
    5000000             245000000             245000000             2.7859751E-05         1.0000000E+30                 0       
 NEXT SEEDS: 177363B       0       0       0       0       0   181CD    3039       0       0
   10000000             240000000             240000000             2.7824763E-05         1.0000000E+30                 0       
 NEXT SEEDS: 2EE1C0C       0       0       0       0       0   181CD    3039       0       0
   15000000             235000000             235000000             2.7846774E-05         1.0000000E+30                 0       
 NEXT SEEDS: 4657951       0       0       0       0       0   181CD    3039       0       0
   20000000             230000000             230000000             2.7833921E-05         1.0000000E+30                 0       
 NEXT SEEDS: 5DC551D       0       0       0       0       0   181CD    3039       0       0
   25000000             225000000             225000000             2.7838748E-05         1.0000000E+30                 0       
 NEXT SEEDS: 7537467       0       0       0       0       0   181CD    3039       0       0
   30000000             220000000             220000000             2.7833716E-05         1.0000000E+30                 0       
 NEXT SEEDS: 8CA646D       0       0       0       0       0   181CD    3039       0       0
   35000000             215000000             215000000             2.7835796E-05         1.0000000E+30                 0       
 NEXT SEEDS: A41A7CE       0       0       0       0       0   181CD    3039       0       0
   40000000             210000000             210000000             2.7831232E-05         1.0000000E+30                 0       
 NEXT SEEDS: BB8819C       0       0       0       0       0   181CD    3039       0       0
   45000000             205000000             205000000             2.7832004E-05         1.0000000E+30                 0       
 NEXT SEEDS: D2F7CC4       0       0       0       0       0   181CD    3039       0       0
   50000000             200000000             200000000             2.7827212E-05         1.0000000E+30                 0       
 NEXT SEEDS: EA6905E       0       0       0       0       0   181CD    3039       0       0
   55000000             195000000             195000000             2.7828882E-05         1.0000000E+30                 0       
 NEXT SEEDS:101DB328       0       0       0       0       0   181CD    3039       0       0
   60000000             190000000             190000000             2.7832044E-05         1.0000000E+30                 0       
 NEXT SEEDS:1194F652       0       0       0       0       0   181CD    3039       0       0
   65000000             185000000             185000000             2.7834381E-05         1.0000000E+30                 0       
 NEXT SEEDS:130C0675       0       0       0       0       0   181CD    3039       0       0
   70000000             180000000             180000000             2.7833779E-05         1.0000000E+30                 0       
 NEXT SEEDS:1482C5A9       0       0       0       0       0   181CD    3039       0       0
   75000000             175000000             175000000             2.7834805E-05         1.0000000E+30                 0       
 NEXT SEEDS:15F9F918       0       0       0       0       0   181CD    3039       0       0
   80000000             170000000             170000000             2.7831769E-05         1.0000000E+30                 0       
 NEXT SEEDS:1770EDAF       0       0       0       0       0   181CD    3039       0       0
  *** Emfgeo: Ncoun  2000000000
   85000000             165000000             165000000             2.7836926E-05         1.0000000E+30                 0       
 NEXT SEEDS:18E7E8D5       0       0       0       0       0   181CD    3039       0       0
   90000000             160000000             160000000             2.7837592E-05         1.0000000E+30                 0       
 NEXT SEEDS:1A5EE36A       0       0       0       0       0   181CD    3039       0       0
   95000000             155000000             155000000             2.7838487E-05         1.0000000E+30                 0       
 NEXT SEEDS:1BD60BB4       0       0       0       0       0   181CD    3039       0       0
  100000000             150000000             150000000             2.7840798E-05         1.0000000E+30                 0       
 NEXT SEEDS:1D4CEEB9       0       0       0       0       0   181CD    3039       0       0
  105000000             145000000             145000000             2.7855813E-05         1.0000000E+30                 0       
 NEXT SEEDS:1EC3F00C       0       0       0       0       0   181CD    3039       0       0
  110000000             140000000             140000000             2.7854730E-05         1.0000000E+30                 0       
 NEXT SEEDS:203AE7C6       0       0       0       0       0   181CD    3039       0       0
  115000000             135000000             135000000             2.7853707E-05         1.0000000E+30                 0       
 NEXT SEEDS:21B1EF94       0       0       0       0       0   181CD    3039       0       0
  120000000             130000000             130000000             2.7851465E-05         1.0000000E+30                 0       
 NEXT SEEDS:2328D326       0       0       0       0       0   181CD    3039       0       0
  125000000             125000000             125000000             2.7852477E-05         1.0000000E+30                 0       
 NEXT SEEDS:24A00AD1       0       0       0       0       0   181CD    3039       0       0
  130000000             120000000             120000000             2.7852182E-05         1.0000000E+30                 0       
 NEXT SEEDS:26175495       0       0       0       0       0   181CD    3039       0       0
  135000000             115000000             115000000             2.7853550E-05         1.0000000E+30                 0       
 NEXT SEEDS:278E6D25       0       0       0       0       0   181CD    3039       0       0
  140000000             110000000             110000000             2.7861433E-05         1.0000000E+30                 0       
 NEXT SEEDS:2905DC25       0       0       0       0       0   181CD    3039       0       0
  145000000             105000000             105000000             2.7860884E-05         1.0000000E+30                 0       
 NEXT SEEDS:2A7CE275       0       0       0       0       0   181CD    3039       0       0
  150000000             100000000             100000000             2.7858529E-05         1.0000000E+30                 0       
 NEXT SEEDS:2BF3E773       0       0       0       0       0   181CD    3039       0       0
  155000000              95000000              95000000             2.7859577E-05         1.0000000E+30                 0       
 NEXT SEEDS:2D6AF48D       0       0       0       0       0   181CD    3039       0       0
  160000000              90000000              90000000             2.7858572E-05         1.0000000E+30                 0       
 NEXT SEEDS:2EE238D7       0       0       0       0       0   181CD    3039       0       0
  *** Emfgeo: Ncoun  2000000000
  165000000              85000000              85000000             2.7858274E-05         1.0000000E+30                 0       
 NEXT SEEDS:3059643D       0       0       0       0       0   181CD    3039       0       0
  170000000              80000000              80000000             2.7863273E-05         1.0000000E+30                 0       
 NEXT SEEDS:31D0A6E4       0       0       0       0       0   181CD    3039       0       0
  175000000              75000000              75000000             2.7864046E-05         1.0000000E+30                 0       
 NEXT SEEDS:334797C1       0       0       0       0       0   181CD    3039       0       0
  180000000              70000000              70000000             2.7864185E-05         1.0000000E+30                 0       
 NEXT SEEDS:34BED69E       0       0       0       0       0   181CD    3039       0       0
  185000000              65000000              65000000             2.7860441E-05         1.0000000E+30                 0       
 NEXT SEEDS:3635EAC8       0       0       0       0       0   181CD    3039       0       0
  190000000              60000000              60000000             2.7859658E-05         1.0000000E+30                 0       
 NEXT SEEDS:37ACF6D7       0       0       0       0       0   181CD    3039       0       0
  195000000              55000000              55000000             2.7858701E-05         1.0000000E+30                 0       
 NEXT SEEDS:3923E98F       0       0       0       0       0   181CD    3039       0       0
  200000000              50000000              50000000             2.7856775E-05         1.0000000E+30                 0       
 NEXT SEEDS:3A9B4F31       0       0       0       0       0   181CD    3039       0       0
  205000000              45000000              45000000             2.7857848E-05         1.0000000E+30                 0       
 NEXT SEEDS:  77BA35       1       0       0       0       0   181CD    3039       0       0
  210000000              40000000              40000000             2.7857234E-05         1.0000000E+30                 0       
 NEXT SEEDS: 1EED21A       1       0       0       0       0   181CD    3039       0       0
  215000000              35000000              35000000             2.7864294E-05         1.0000000E+30                 0       
 NEXT SEEDS: 365FFA9       1       0       0       0       0   181CD    3039       0       0
  220000000              30000000              30000000             2.7866857E-05         1.0000000E+30                 0       
 NEXT SEEDS: 4DCAEC8       1       0       0       0       0   181CD    3039       0       0
  225000000              25000000              25000000             2.7865723E-05         1.0000000E+30                 0       
 NEXT SEEDS: 653C29B       1       0       0       0       0   181CD    3039       0       0
  230000000              20000000              20000000             2.7864699E-05         1.0000000E+30                 0       
 NEXT SEEDS: 7CAD583       1       0       0       0       0   181CD    3039       0       0
  235000000              15000000              15000000             2.7864339E-05         1.0000000E+30                 0       
 NEXT SEEDS: 941E49D       1       0       0       0       0   181CD    3039       0       0
  240000000              10000000              10000000             2.7864089E-05         1.0000000E+30                 0       
 NEXT SEEDS: AB926D8       1       0       0       0       0   181CD    3039       0       0
  *** Emfgeo: Ncoun  2000000000
  245000000               5000000               5000000             2.7865966E-05         1.0000000E+30                 0       
 NEXT SEEDS: C306FCD       1       0       0       0       0   181CD    3039       0       0
  249999950                    50                    50             2.7871910E-05         1.0000000E+30                 0       
 NEXT SEEDS: DA774B5       1       0       0       0       0   181CD    3039       0       0
  249999951                    49                    49             2.7871912E-05         1.0000000E+30                 0       
 NEXT SEEDS: DA774B9       1       0       0       0       0   181CD    3039       0       0
  249999952                    48                    48             2.7871912E-05         1.0000000E+30                 0       
 NEXT SEEDS: DA774BD       1       0       0       0       0   181CD    3039       0       0
  249999953                    47                    47             2.7871912E-05         1.0000000E+30                 0       
 NEXT SEEDS: DA774C1       1       0       0       0       0   181CD    3039       0       0
  249999954                    46                    46             2.7871911E-05         1.0000000E+30                 0       
 NEXT SEEDS: DA774C5       1       0       0       0       0   181CD    3039       0       0
  249999955                    45                    45             2.7871911E-05         1.0000000E+30                 0       
 NEXT SEEDS: DA774C9       1       0       0       0       0   181CD    3039       0       0
  249999956                    44                    44             2.7871911E-05         1.0000000E+30                 0       
 NEXT SEEDS: DA774CD       1       0       0       0       0   181CD    3039       0       0
  249999957                    43                    43             2.7871911E-05         1.0000000E+30                 0       
 NEXT SEEDS: DA774D1       1       0       0       0       0   181CD    3039       0       0
  249999958                    42                    42             2.7871911E-05         1.0000000E+30                 0       
 NEXT SEEDS: DA774D5       1       0       0       0       0   181CD    3039       0       0
  249999959                    41                    41             2.7871913E-05         1.0000000E+30                 0       
 NEXT SEEDS: DA774D9       1       0       0       0       0   181CD    3039       0       0
  249999960                    40                    40             2.7871913E-05         1.0000000E+30                 0       
 NEXT SEEDS: DA774DD       1       0       0       0       0   181CD    3039       0       0
  249999961                    39                    39             2.7871913E-05         1.0000000E+30                 0       
 NEXT SEEDS: DA774E1       1       0       0       0       0   181CD    3039       0       0
  249999962                    38                    38             2.7871912E-05         1.0000000E+30                 0       
 NEXT SEEDS: DA774E5       1       0       0       0       0   181CD    3039       0       0
  249999963                    37                    37             2.7871912E-05         1.0000000E+30                 0       
 NEXT SEEDS: DA774E9       1       0       0       0       0   181CD    3039       0       0
  249999964                    36                    36             2.7871912E-05         1.0000000E+30                 0       
 NEXT SEEDS: DA774ED       1       0       0       0       0   181CD    3039       0       0
  249999965                    35                    35             2.7871912E-05         1.0000000E+30                 0       
 NEXT SEEDS: DA774F1       1       0       0       0       0   181CD    3039       0       0
  249999966                    34                    34             2.7871914E-05         1.0000000E+30                 0       
 NEXT SEEDS: DA77508       1       0       0       0       0   181CD    3039       0       0
  249999967                    33                    33             2.7871914E-05         1.0000000E+30                 0       
 NEXT SEEDS: DA7750C       1       0       0       0       0   181CD    3039       0       0
  249999968                    32                    32             2.7871914E-05         1.0000000E+30                 0       
 NEXT SEEDS: DA77510       1       0       0       0       0   181CD    3039       0       0
  249999969                    31                    31             2.7871916E-05         1.0000000E+30                 0       
 NEXT SEEDS: DA77514       1       0       0       0       0   181CD    3039       0       0
  249999970                    30                    30             2.7871915E-05         1.0000000E+30                 0       
 NEXT SEEDS: DA77518       1       0       0       0       0   181CD    3039       0       0
  249999971                    29                    29             2.7871915E-05         1.0000000E+30                 0       
 NEXT SEEDS: DA7751C       1       0       0       0       0   181CD    3039       0       0
  249999972                    28                    28             2.7871915E-05         1.0000000E+30                 0       
 NEXT SEEDS: DA77520       1       0       0       0       0   181CD    3039       0       0
  249999973                    27                    27             2.7871915E-05         1.0000000E+30                 0       
 NEXT SEEDS: DA77524       1       0       0       0       0   181CD    3039       0       0
  249999974                    26                    26             2.7871915E-05         1.0000000E+30                 0       
 NEXT SEEDS: DA77528       1       0       0       0       0   181CD    3039       0       0
  249999975                    25                    25             2.7871915E-05         1.0000000E+30                 0       
 NEXT SEEDS: DA7752C       1       0       0       0       0   181CD    3039       0       0
  249999976                    24                    24             2.7871917E-05         1.0000000E+30                 0       
 NEXT SEEDS: DA77530       1       0       0       0       0   181CD    3039       0       0
  249999977                    23                    23             2.7871917E-05         1.0000000E+30                 0       
 NEXT SEEDS: DA77534       1       0       0       0       0   181CD    3039       0       0
  249999978                    22                    22             2.7871917E-05         1.0000000E+30                 0       
 NEXT SEEDS: DA77538       1       0       0       0       0   181CD    3039       0       0
  249999979                    21                    21             2.7871916E-05         1.0000000E+30                 0       
 NEXT SEEDS: DA7753C       1       0       0       0       0   181CD    3039       0       0
  249999980                    20                    20             2.7871916E-05         1.0000000E+30                 0       
 NEXT SEEDS: DA77542       1       0       0       0       0   181CD    3039       0       0
  249999981                    19                    19             2.7871916E-05         1.0000000E+30                 0       
 NEXT SEEDS: DA77546       1       0       0       0       0   181CD    3039       0       0
  249999982                    18                    18             2.7871916E-05         1.0000000E+30                 0       
 NEXT SEEDS: DA7754A       1       0       0       0       0   181CD    3039       0       0
  249999983                    17                    17             2.7871916E-05         1.0000000E+30                 0       
 NEXT SEEDS: DA7754E       1       0       0       0       0   181CD    3039       0       0
  249999984                    16                    16             2.7871916E-05         1.0000000E+30                 0       
 NEXT SEEDS: DA77552       1       0       0       0       0   181CD    3039       0       0
  249999985                    15                    15             2.7871916E-05         1.0000000E+30                 0       
 NEXT SEEDS: DA77556       1       0       0       0       0   181CD    3039       0       0
  249999986                    14                    14             2.7871916E-05         1.0000000E+30                 0       
 NEXT SEEDS: DA7755A       1       0       0       0       0   181CD    3039       0       0
  249999987                    13                    13             2.7871916E-05         1.0000000E+30                 0       
 NEXT SEEDS: DA7755E       1       0       0       0       0   181CD    3039       0       0
  249999988                    12                    12             2.7871915E-05         1.0000000E+30                 0       
 NEXT SEEDS: DA77562       1       0       0       0       0   181CD    3039       0       0
  249999989                    11                    11             2.7871915E-05         1.0000000E+30                 0       
 NEXT SEEDS: DA77566       1       0       0       0       0   181CD    3039       0       0
  249999990                    10                    10             2.7871917E-05         1.0000000E+30                 0       
 NEXT SEEDS: DA7756A       1       0       0       0       0   181CD    3039       0       0
  249999991                     9                     9             2.7871917E-05         1.0000000E+30                 0       
 NEXT SEEDS: DA7756E       1       0       0       0       0   181CD    3039       0       0
  249999992                     8                     8             2.7871917E-05         1.0000000E+30                 0       
 NEXT SEEDS: DA77572       1       0       0       0       0   181CD    3039       0       0
  249999993                     7                     7             2.7871919E-05         1.0000000E+30                 0       
 NEXT SEEDS: DA77576       1       0       0       0       0   181CD    3039       0       0
  249999994                     6                     6             2.7871919E-05         1.0000000E+30                 0       
 NEXT SEEDS: DA7757A       1       0       0       0       0   181CD    3039       0       0
  249999995                     5                     5             2.7871919E-05         1.0000000E+30                 0       
 NEXT SEEDS: DA7757E       1       0       0       0       0   181CD    3039       0       0
  249999996                     4                     4             2.7871920E-05         1.0000000E+30                 0       
 NEXT SEEDS: DA77582       1       0       0       0       0   181CD    3039       0       0
  249999997                     3                     3             2.7871920E-05         1.0000000E+30                 0       
 NEXT SEEDS: DA77588       1       0       0       0       0   181CD    3039       0       0
  249999998                     2                     2             2.7871922E-05         1.0000000E+30                 0       
 NEXT SEEDS: DA7758C       1       0       0       0       0   181CD    3039       0       0
  249999999                     1                     1             2.7871922E-05         1.0000000E+30                 0       
 NEXT SEEDS: DA77590       1       0       0       0       0   181CD    3039       0       0
  250000000                     0                     1             2.7871922E-05         1.0000000E+30                 0       
 NEXT SEEDS: DA77594       1       0       0       0       0   181CD    3039       0       0
