1NUMBER OF BEAM       NUMBER OF BEAM        APPROXIMATE NUMBER    AVERAGE TIME USED     TIME LEFT (RESERVED   NUMBER OF STARS
 PARTICLES HANDLED    PARTICLES LEFT        OF BEAM PARTICLES     BY A BEAM PARTICLE     10000.0 SECONDS      CREATED
                                            THAT CAN STILL BE                           FOR PRINTOUT)
                                            HANDLED

 NEXT SEEDS:       0       0       0       0       0       0   181CD    3039       0       0
          1             249999999             249999999             9.2983246E-05         1.0000000E+30                 0       
 NEXT SEEDS:       4       0       0       0       0       0   181CD    3039       0       0
    5000000             245000000             245000000             2.7137618E-05         1.0000000E+30                 0       
 NEXT SEEDS: 176CAF3       0       0       0       0       0   181CD    3039       0       0
   10000000             240000000             240000000             2.7144456E-05         1.0000000E+30                 0       
 NEXT SEEDS: 2EDD884       0       0       0       0       0   181CD    3039       0       0
   15000000             235000000             235000000             2.7166480E-05         1.0000000E+30                 0       
 NEXT SEEDS: 465230E       0       0       0       0       0   181CD    3039       0       0
   20000000             230000000             230000000             2.7135810E-05         1.0000000E+30                 0       
 NEXT SEEDS: 5DC14D8       0       0       0       0       0   181CD    3039       0       0
   25000000             225000000             225000000             2.7119988E-05         1.0000000E+30                 0       
 NEXT SEEDS: 752FD21       0       0       0       0       0   181CD    3039       0       0
   30000000             220000000             220000000             2.7139893E-05         1.0000000E+30                 0       
 NEXT SEEDS: 8C9FC4F       0       0       0       0       0   181CD    3039       0       0
   35000000             215000000             215000000             2.7130385E-05         1.0000000E+30                 0       
 NEXT SEEDS: A40EECD       0       0       0       0       0   181CD    3039       0       0
   40000000             210000000             210000000             2.7125254E-05         1.0000000E+30                 0       
 NEXT SEEDS: BB83BB9       0       0       0       0       0   181CD    3039       0       0
   45000000             205000000             205000000             2.7128689E-05         1.0000000E+30                 0       
 NEXT SEEDS: D2F711E       0       0       0       0       0   181CD    3039       0       0
   50000000             200000000             200000000             2.7125842E-05         1.0000000E+30                 0       
 NEXT SEEDS: EA67E45       0       0       0       0       0   181CD    3039       0       0
   55000000             195000000             195000000             2.7128443E-05         1.0000000E+30                 0       
 NEXT SEEDS:101DB38B       0       0       0       0       0   181CD    3039       0       0
   60000000             190000000             190000000             2.7124612E-05         1.0000000E+30                 0       
 NEXT SEEDS:1194FC0C       0       0       0       0       0   181CD    3039       0       0
   65000000             185000000             185000000             2.7125851E-05         1.0000000E+30                 0       
 NEXT SEEDS:130C3179       0       0       0       0       0   181CD    3039       0       0
   70000000             180000000             180000000             2.7122937E-05         1.0000000E+30                 0       
 NEXT SEEDS:14835FB4       0       0       0       0       0   181CD    3039       0       0
   75000000             175000000             175000000             2.7120674E-05         1.0000000E+30                 0       
 NEXT SEEDS:15FA412E       0       0       0       0       0   181CD    3039       0       0
   80000000             170000000             170000000             2.7116779E-05         1.0000000E+30                 0       
 NEXT SEEDS:17714500       0       0       0       0       0   181CD    3039       0       0
  *** Emfgeo: Ncoun  2000000000
   85000000             165000000             165000000             2.7113379E-05         1.0000000E+30                 0       
 NEXT SEEDS:18E86DAE       0       0       0       0       0   181CD    3039       0       0
   90000000             160000000             160000000             2.7111288E-05         1.0000000E+30                 0       
 NEXT SEEDS:1A5F6137       0       0       0       0       0   181CD    3039       0       0
   95000000             155000000             155000000             2.7112369E-05         1.0000000E+30                 0       
 NEXT SEEDS:1BD6CB15       0       0       0       0       0   181CD    3039       0       0
  100000000             150000000             150000000             2.7112876E-05         1.0000000E+30                 0       
 NEXT SEEDS:1D4DE8AB       0       0       0       0       0   181CD    3039       0       0
  105000000             145000000             145000000             2.7111991E-05         1.0000000E+30                 0       
 NEXT SEEDS:1EC4EBF4       0       0       0       0       0   181CD    3039       0       0
  110000000             140000000             140000000             2.7110403E-05         1.0000000E+30                 0       
 NEXT SEEDS:203BFCB2       0       0       0       0       0   181CD    3039       0       0
  115000000             135000000             135000000             2.7109035E-05         1.0000000E+30                 0       
 NEXT SEEDS:21B31B64       0       0       0       0       0   181CD    3039       0       0
  120000000             130000000             130000000             2.7108077E-05         1.0000000E+30                 0       
 NEXT SEEDS:232A45DF       0       0       0       0       0   181CD    3039       0       0
  125000000             125000000             125000000             2.7108057E-05         1.0000000E+30                 0       
 NEXT SEEDS:24A135C1       0       0       0       0       0   181CD    3039       0       0
  130000000             120000000             120000000             2.7107982E-05         1.0000000E+30                 0       
 NEXT SEEDS:2618336C       0       0       0       0       0   181CD    3039       0       0
  135000000             115000000             115000000             2.7108261E-05         1.0000000E+30                 0       
 NEXT SEEDS:278F3D84       0       0       0       0       0   181CD    3039       0       0
  140000000             110000000             110000000             2.7108189E-05         1.0000000E+30                 0       
 NEXT SEEDS:29067148       0       0       0       0       0   181CD    3039       0       0
  145000000             105000000             105000000             2.7105144E-05         1.0000000E+30                 0       
 NEXT SEEDS:2A7D8BBF       0       0       0       0       0   181CD    3039       0       0
  150000000             100000000             100000000             2.7102998E-05         1.0000000E+30                 0       
 NEXT SEEDS:2BF4B062       0       0       0       0       0   181CD    3039       0       0
  155000000              95000000              95000000             2.7101452E-05         1.0000000E+30                 0       
 NEXT SEEDS:2D6BC752       0       0       0       0       0   181CD    3039       0       0
  160000000              90000000              90000000             2.7101086E-05         1.0000000E+30                 0       
 NEXT SEEDS:2EE2C4CA       0       0       0       0       0   181CD    3039       0       0
  *** Emfgeo: Ncoun  2000000000
  165000000              85000000              85000000             2.7098881E-05         1.0000000E+30                 0       
 NEXT SEEDS:3059B3E3       0       0       0       0       0   181CD    3039       0       0
  170000000              80000000              80000000             2.7098145E-05         1.0000000E+30                 0       
 NEXT SEEDS:31D0BCEA       0       0       0       0       0   181CD    3039       0       0
  175000000              75000000              75000000             2.7096643E-05         1.0000000E+30                 0       
 NEXT SEEDS:3347EA0D       0       0       0       0       0   181CD    3039       0       0
  180000000              70000000              70000000             2.7095020E-05         1.0000000E+30                 0       
 NEXT SEEDS:34BEBF75       0       0       0       0       0   181CD    3039       0       0
  185000000              65000000              65000000             2.7094014E-05         1.0000000E+30                 0       
 NEXT SEEDS:3635BF21       0       0       0       0       0   181CD    3039       0       0
  190000000              60000000              60000000             2.7093699E-05         1.0000000E+30                 0       
 NEXT SEEDS:37AD0271       0       0       0       0       0   181CD    3039       0       0
  195000000              55000000              55000000             2.7092921E-05         1.0000000E+30                 0       
 NEXT SEEDS:392401ED       0       0       0       0       0   181CD    3039       0       0
  200000000              50000000              50000000             2.7092844E-05         1.0000000E+30                 0       
 NEXT SEEDS:3A9B0C86       0       0       0       0       0   181CD    3039       0       0
  205000000              45000000              45000000             2.7092547E-05         1.0000000E+30                 0       
 NEXT SEEDS:  77923B       1       0       0       0       0   181CD    3039       0       0
  210000000              40000000              40000000             2.7093169E-05         1.0000000E+30                 0       
 NEXT SEEDS: 1EEAD61       1       0       0       0       0   181CD    3039       0       0
  215000000              35000000              35000000             2.7093805E-05         1.0000000E+30                 0       
 NEXT SEEDS: 365803C       1       0       0       0       0   181CD    3039       0       0
  220000000              30000000              30000000             2.7094953E-05         1.0000000E+30                 0       
 NEXT SEEDS: 4DC9C79       1       0       0       0       0   181CD    3039       0       0
  225000000              25000000              25000000             2.7094599E-05         1.0000000E+30                 0       
 NEXT SEEDS: 653A9BA       1       0       0       0       0   181CD    3039       0       0
  230000000              20000000              20000000             2.7096070E-05         1.0000000E+30                 0       
 NEXT SEEDS: 7CB0189       1       0       0       0       0   181CD    3039       0       0
  235000000              15000000              15000000             2.7096655E-05         1.0000000E+30                 0       
 NEXT SEEDS: 9424659       1       0       0       0       0   181CD    3039       0       0
  240000000              10000000              10000000             2.7102509E-05         1.0000000E+30                 0       
 NEXT SEEDS: AB93FB1       1       0       0       0       0   181CD    3039       0       0
  *** Emfgeo: Ncoun  2000000000
  245000000               5000000               5000000             2.7108466E-05         1.0000000E+30                 0       
 NEXT SEEDS: C3051DF       1       0       0       0       0   181CD    3039       0       0
  249999950                    50                    50             2.7110648E-05         1.0000000E+30                 0       
 NEXT SEEDS: DA76CAB       1       0       0       0       0   181CD    3039       0       0
  249999951                    49                    49             2.7110648E-05         1.0000000E+30                 0       
 NEXT SEEDS: DA76CAF       1       0       0       0       0   181CD    3039       0       0
  249999952                    48                    48             2.7110650E-05         1.0000000E+30                 0       
 NEXT SEEDS: DA76CB3       1       0       0       0       0   181CD    3039       0       0
  249999953                    47                    47             2.7110650E-05         1.0000000E+30                 0       
 NEXT SEEDS: DA76CB7       1       0       0       0       0   181CD    3039       0       0
  249999954                    46                    46             2.7110650E-05         1.0000000E+30                 0       
 NEXT SEEDS: DA76CBB       1       0       0       0       0   181CD    3039       0       0
  249999955                    45                    45             2.7110651E-05         1.0000000E+30                 0       
 NEXT SEEDS: DA76CBF       1       0       0       0       0   181CD    3039       0       0
  249999956                    44                    44             2.7110651E-05         1.0000000E+30                 0       
 NEXT SEEDS: DA76CC3       1       0       0       0       0   181CD    3039       0       0
  249999957                    43                    43             2.7110651E-05         1.0000000E+30                 0       
 NEXT SEEDS: DA76CC7       1       0       0       0       0   181CD    3039       0       0
  249999958                    42                    42             2.7110653E-05         1.0000000E+30                 0       
 NEXT SEEDS: DA76CCD       1       0       0       0       0   181CD    3039       0       0
  249999959                    41                    41             2.7110653E-05         1.0000000E+30                 0       
 NEXT SEEDS: DA76CD1       1       0       0       0       0   181CD    3039       0       0
  249999960                    40                    40             2.7110655E-05         1.0000000E+30                 0       
 NEXT SEEDS: DA76CD5       1       0       0       0       0   181CD    3039       0       0
  249999961                    39                    39             2.7110655E-05         1.0000000E+30                 0       
 NEXT SEEDS: DA76CD9       1       0       0       0       0   181CD    3039       0       0
  249999962                    38                    38             2.7110655E-05         1.0000000E+30                 0       
 NEXT SEEDS: DA76CDD       1       0       0       0       0   181CD    3039       0       0
  249999963                    37                    37             2.7110654E-05         1.0000000E+30                 0       
 NEXT SEEDS: DA76CE1       1       0       0       0       0   181CD    3039       0       0
  249999964                    36                    36             2.7110654E-05         1.0000000E+30                 0       
 NEXT SEEDS: DA76CE5       1       0       0       0       0   181CD    3039       0       0
  249999965                    35                    35             2.7110654E-05         1.0000000E+30                 0       
 NEXT SEEDS: DA76CE9       1       0       0       0       0   181CD    3039       0       0
  249999966                    34                    34             2.7110654E-05         1.0000000E+30                 0       
 NEXT SEEDS: DA76CED       1       0       0       0       0   181CD    3039       0       0
  249999967                    33                    33             2.7110654E-05         1.0000000E+30                 0       
 NEXT SEEDS: DA76CF1       1       0       0       0       0   181CD    3039       0       0
  249999968                    32                    32             2.7110654E-05         1.0000000E+30                 0       
 NEXT SEEDS: DA76CF5       1       0       0       0       0   181CD    3039       0       0
  249999969                    31                    31             2.7110656E-05         1.0000000E+30                 0       
 NEXT SEEDS: DA76CF9       1       0       0       0       0   181CD    3039       0       0
  249999970                    30                    30             2.7110656E-05         1.0000000E+30                 0       
 NEXT SEEDS: DA76CFF       1       0       0       0       0   181CD    3039       0       0
  249999971                    29                    29             2.7110656E-05         1.0000000E+30                 0       
 NEXT SEEDS: DA76D03       1       0       0       0       0   181CD    3039       0       0
  249999972                    28                    28             2.7110657E-05         1.0000000E+30                 0       
 NEXT SEEDS: DA76D07       1       0       0       0       0   181CD    3039       0       0
  249999973                    27                    27             2.7110657E-05         1.0000000E+30                 0       
 NEXT SEEDS: DA76D0B       1       0       0       0       0   181CD    3039       0       0
  249999974                    26                    26             2.7110657E-05         1.0000000E+30                 0       
 NEXT SEEDS: DA76D0F       1       0       0       0       0   181CD    3039       0       0
  249999975                    25                    25             2.7110659E-05         1.0000000E+30                 0       
 NEXT SEEDS: DA76D13       1       0       0       0       0   181CD    3039       0       0
  249999976                    24                    24             2.7110659E-05         1.0000000E+30                 0       
 NEXT SEEDS: DA76D17       1       0       0       0       0   181CD    3039       0       0
  249999977                    23                    23             2.7110659E-05         1.0000000E+30                 0       
 NEXT SEEDS: DA76D1B       1       0       0       0       0   181CD    3039       0       0
  249999978                    22                    22             2.7110661E-05         1.0000000E+30                 0       
 NEXT SEEDS: DA76D1F       1       0       0       0       0   181CD    3039       0       0
  249999979                    21                    21             2.7110661E-05         1.0000000E+30                 0       
 NEXT SEEDS: DA76D23       1       0       0       0       0   181CD    3039       0       0
  249999980                    20                    20             2.7110660E-05         1.0000000E+30                 0       
 NEXT SEEDS: DA76D27       1       0       0       0       0   181CD    3039       0       0
  249999981                    19                    19             2.7110662E-05         1.0000000E+30                 0       
 NEXT SEEDS: DA76D2B       1       0       0       0       0   181CD    3039       0       0
  249999982                    18                    18             2.7110662E-05         1.0000000E+30                 0       
 NEXT SEEDS: DA76D2F       1       0       0       0       0   181CD    3039       0       0
  249999983                    17                    17             2.7110662E-05         1.0000000E+30                 0       
 NEXT SEEDS: DA76D33       1       0       0       0       0   181CD    3039       0       0
  249999984                    16                    16             2.7110662E-05         1.0000000E+30                 0       
 NEXT SEEDS: DA76D37       1       0       0       0       0   181CD    3039       0       0
  249999985                    15                    15             2.7110662E-05         1.0000000E+30                 0       
 NEXT SEEDS: DA76D3B       1       0       0       0       0   181CD    3039       0       0
  249999986                    14                    14             2.7110662E-05         1.0000000E+30                 0       
 NEXT SEEDS: DA76D3F       1       0       0       0       0   181CD    3039       0       0
  249999987                    13                    13             2.7110662E-05         1.0000000E+30                 0       
 NEXT SEEDS: DA76D43       1       0       0       0       0   181CD    3039       0       0
  249999988                    12                    12             2.7110661E-05         1.0000000E+30                 0       
 NEXT SEEDS: DA76D49       1       0       0       0       0   181CD    3039       0       0
  249999989                    11                    11             2.7110661E-05         1.0000000E+30                 0       
 NEXT SEEDS: DA76D4D       1       0       0       0       0   181CD    3039       0       0
  249999990                    10                    10             2.7110661E-05         1.0000000E+30                 0       
 NEXT SEEDS: DA76D51       1       0       0       0       0   181CD    3039       0       0
  249999991                     9                     9             2.7110661E-05         1.0000000E+30                 0       
 NEXT SEEDS: DA76D55       1       0       0       0       0   181CD    3039       0       0
  249999992                     8                     8             2.7110661E-05         1.0000000E+30                 0       
 NEXT SEEDS: DA76D59       1       0       0       0       0   181CD    3039       0       0
  249999993                     7                     7             2.7110661E-05         1.0000000E+30                 0       
 NEXT SEEDS: DA76D5D       1       0       0       0       0   181CD    3039       0       0
  249999994                     6                     6             2.7110661E-05         1.0000000E+30                 0       
 NEXT SEEDS: DA76D61       1       0       0       0       0   181CD    3039       0       0
  249999995                     5                     5             2.7110661E-05         1.0000000E+30                 0       
 NEXT SEEDS: DA76D65       1       0       0       0       0   181CD    3039       0       0
  249999996                     4                     4             2.7110661E-05         1.0000000E+30                 0       
 NEXT SEEDS: DA76D69       1       0       0       0       0   181CD    3039       0       0
  249999997                     3                     3             2.7110661E-05         1.0000000E+30                 0       
 NEXT SEEDS: DA76D6D       1       0       0       0       0   181CD    3039       0       0
  249999998                     2                     2             2.7110660E-05         1.0000000E+30                 0       
 NEXT SEEDS: DA76D71       1       0       0       0       0   181CD    3039       0       0
  249999999                     1                     1             2.7110660E-05         1.0000000E+30                 0       
 NEXT SEEDS: DA76D75       1       0       0       0       0   181CD    3039       0       0
  250000000                     0                     1             2.7110660E-05         1.0000000E+30                 0       
 NEXT SEEDS: DA76D79       1       0       0       0       0   181CD    3039       0       0
