1NUMBER OF BEAM       NUMBER OF BEAM        APPROXIMATE NUMBER    AVERAGE TIME USED     TIME LEFT (RESERVED   NUMBER OF STARS
 PARTICLES HANDLED    PARTICLES LEFT        OF BEAM PARTICLES     BY A BEAM PARTICLE     10000.0 SECONDS      CREATED
                                            THAT CAN STILL BE                           FOR PRINTOUT)
                                            HANDLED

 NEXT SEEDS:       0       0       0       0       0       0   181CD    3039       0       0
          1             249999999             249999999             7.6055527E-05         1.0000000E+30                 0       
 NEXT SEEDS:       4       0       0       0       0       0   181CD    3039       0       0
    5000000             245000000             245000000             2.7873345E-05         1.0000000E+30                 0       
 NEXT SEEDS: 176CF90       0       0       0       0       0   181CD    3039       0       0
   10000000             240000000             240000000             2.7828974E-05         1.0000000E+30                 0       
 NEXT SEEDS: 2ED7ED9       0       0       0       0       0   181CD    3039       0       0
   15000000             235000000             235000000             2.7852326E-05         1.0000000E+30                 0       
 NEXT SEEDS: 4647C29       0       0       0       0       0   181CD    3039       0       0
   20000000             230000000             230000000             2.7832412E-05         1.0000000E+30                 0       
 NEXT SEEDS: 5DB080A       0       0       0       0       0   181CD    3039       0       0
   25000000             225000000             225000000             2.7838346E-05         1.0000000E+30                 0       
 NEXT SEEDS: 751D70A       0       0       0       0       0   181CD    3039       0       0
   30000000             220000000             220000000             2.7824011E-05         1.0000000E+30                 0       
 NEXT SEEDS: 8C8AEA6       0       0       0       0       0   181CD    3039       0       0
   35000000             215000000             215000000             2.7828539E-05         1.0000000E+30                 0       
 NEXT SEEDS: A3F9CD6       0       0       0       0       0   181CD    3039       0       0
   40000000             210000000             210000000             2.7833949E-05         1.0000000E+30                 0       
 NEXT SEEDS: BB68E12       0       0       0       0       0   181CD    3039       0       0
   45000000             205000000             205000000             2.7837845E-05         1.0000000E+30                 0       
 NEXT SEEDS: D2D6396       0       0       0       0       0   181CD    3039       0       0
   50000000             200000000             200000000             2.7836143E-05         1.0000000E+30                 0       
 NEXT SEEDS: EA43302       0       0       0       0       0   181CD    3039       0       0
   55000000             195000000             195000000             2.7834025E-05         1.0000000E+30                 0       
 NEXT SEEDS:101AEE58       0       0       0       0       0   181CD    3039       0       0
   60000000             190000000             190000000             2.7834406E-05         1.0000000E+30                 0       
 NEXT SEEDS:1191CF93       0       0       0       0       0   181CD    3039       0       0
   65000000             185000000             185000000             2.7829493E-05         1.0000000E+30                 0       
 NEXT SEEDS:13085F2D       0       0       0       0       0   181CD    3039       0       0
   70000000             180000000             180000000             2.7827962E-05         1.0000000E+30                 0       
 NEXT SEEDS:147F18F1       0       0       0       0       0   181CD    3039       0       0
   75000000             175000000             175000000             2.7829763E-05         1.0000000E+30                 0       
 NEXT SEEDS:15F5EF18       0       0       0       0       0   181CD    3039       0       0
   80000000             170000000             170000000             2.7829993E-05         1.0000000E+30                 0       
 NEXT SEEDS:176CF349       0       0       0       0       0   181CD    3039       0       0
  *** Emfgeo: Ncoun  2000000000
   85000000             165000000             165000000             2.7830383E-05         1.0000000E+30                 0       
 NEXT SEEDS:18E3BB5F       0       0       0       0       0   181CD    3039       0       0
   90000000             160000000             160000000             2.7831910E-05         1.0000000E+30                 0       
 NEXT SEEDS:1A5A5A7D       0       0       0       0       0   181CD    3039       0       0
   95000000             155000000             155000000             2.7832936E-05         1.0000000E+30                 0       
 NEXT SEEDS:1BD158D6       0       0       0       0       0   181CD    3039       0       0
  100000000             150000000             150000000             2.7833455E-05         1.0000000E+30                 0       
 NEXT SEEDS:1D48324F       0       0       0       0       0   181CD    3039       0       0
  105000000             145000000             145000000             2.7831643E-05         1.0000000E+30                 0       
 NEXT SEEDS:1EBF29B6       0       0       0       0       0   181CD    3039       0       0
  110000000             140000000             140000000             2.7828678E-05         1.0000000E+30                 0       
 NEXT SEEDS:2035BC86       0       0       0       0       0   181CD    3039       0       0
  115000000             135000000             135000000             2.7827338E-05         1.0000000E+30                 0       
 NEXT SEEDS:21AC7A3A       0       0       0       0       0   181CD    3039       0       0
  120000000             130000000             130000000             2.7828164E-05         1.0000000E+30                 0       
 NEXT SEEDS:23231A55       0       0       0       0       0   181CD    3039       0       0
  125000000             125000000             125000000             2.7828772E-05         1.0000000E+30                 0       
 NEXT SEEDS:249A020A       0       0       0       0       0   181CD    3039       0       0
  130000000             120000000             120000000             2.7829273E-05         1.0000000E+30                 0       
 NEXT SEEDS:2610ED88       0       0       0       0       0   181CD    3039       0       0
  135000000             115000000             115000000             2.7829295E-05         1.0000000E+30                 0       
 NEXT SEEDS:2787E34A       0       0       0       0       0   181CD    3039       0       0
  140000000             110000000             110000000             2.7828600E-05         1.0000000E+30                 0       
 NEXT SEEDS:28FEBD29       0       0       0       0       0   181CD    3039       0       0
  145000000             105000000             105000000             2.7828566E-05         1.0000000E+30                 0       
 NEXT SEEDS:2A7592D7       0       0       0       0       0   181CD    3039       0       0
  150000000             100000000             100000000             2.7827032E-05         1.0000000E+30                 0       
 NEXT SEEDS:2BEC5A49       0       0       0       0       0   181CD    3039       0       0
  155000000              95000000              95000000             2.7826437E-05         1.0000000E+30                 0       
 NEXT SEEDS:2D631616       0       0       0       0       0   181CD    3039       0       0
  160000000              90000000              90000000             2.7826755E-05         1.0000000E+30                 0       
 NEXT SEEDS:2ED9CB87       0       0       0       0       0   181CD    3039       0       0
  *** Emfgeo: Ncoun  2000000000
  165000000              85000000              85000000             2.7826619E-05         1.0000000E+30                 0       
 NEXT SEEDS:30506E1B       0       0       0       0       0   181CD    3039       0       0
  170000000              80000000              80000000             2.7826152E-05         1.0000000E+30                 0       
 NEXT SEEDS:31C727B4       0       0       0       0       0   181CD    3039       0       0
  175000000              75000000              75000000             2.7824671E-05         1.0000000E+30                 0       
 NEXT SEEDS:333DDB45       0       0       0       0       0   181CD    3039       0       0
  180000000              70000000              70000000             2.7824051E-05         1.0000000E+30                 0       
 NEXT SEEDS:34B4C1BF       0       0       0       0       0   181CD    3039       0       0
  185000000              65000000              65000000             2.7822606E-05         1.0000000E+30                 0       
 NEXT SEEDS:362B3BDE       0       0       0       0       0   181CD    3039       0       0
  190000000              60000000              60000000             2.7822741E-05         1.0000000E+30                 0       
 NEXT SEEDS:37A216D7       0       0       0       0       0   181CD    3039       0       0
  195000000              55000000              55000000             2.7825774E-05         1.0000000E+30                 0       
 NEXT SEEDS:3919010A       0       0       0       0       0   181CD    3039       0       0
  200000000              50000000              50000000             2.7829580E-05         1.0000000E+30                 0       
 NEXT SEEDS:3A8FF661       0       0       0       0       0   181CD    3039       0       0
  205000000              45000000              45000000             2.7828466E-05         1.0000000E+30                 0       
 NEXT SEEDS:  6BF8F0       1       0       0       0       0   181CD    3039       0       0
  210000000              40000000              40000000             2.7828200E-05         1.0000000E+30                 0       
 NEXT SEEDS: 1E29D9A       1       0       0       0       0   181CD    3039       0       0
  215000000              35000000              35000000             2.7827226E-05         1.0000000E+30                 0       
 NEXT SEEDS: 3597143       1       0       0       0       0   181CD    3039       0       0
  220000000              30000000              30000000             2.7827280E-05         1.0000000E+30                 0       
 NEXT SEEDS: 4D0610B       1       0       0       0       0   181CD    3039       0       0
  225000000              25000000              25000000             2.7827537E-05         1.0000000E+30                 0       
 NEXT SEEDS: 6473E1A       1       0       0       0       0   181CD    3039       0       0
  230000000              20000000              20000000             2.7828204E-05         1.0000000E+30                 0       
 NEXT SEEDS: 7BDF93C       1       0       0       0       0   181CD    3039       0       0
  235000000              15000000              15000000             2.7829542E-05         1.0000000E+30                 0       
 NEXT SEEDS: 934D223       1       0       0       0       0   181CD    3039       0       0
  240000000              10000000              10000000             2.7829618E-05         1.0000000E+30                 0       
 NEXT SEEDS: AAB9902       1       0       0       0       0   181CD    3039       0       0
  *** Emfgeo: Ncoun  2000000000
  245000000               5000000               5000000             2.7829357E-05         1.0000000E+30                 0       
 NEXT SEEDS: C222BB6       1       0       0       0       0   181CD    3039       0       0
  249999950                    50                    50             2.7831244E-05         1.0000000E+30                 0       
 NEXT SEEDS: D99236D       1       0       0       0       0   181CD    3039       0       0
  249999951                    49                    49             2.7831244E-05         1.0000000E+30                 0       
 NEXT SEEDS: D992371       1       0       0       0       0   181CD    3039       0       0
  249999952                    48                    48             2.7831246E-05         1.0000000E+30                 0       
 NEXT SEEDS: D992375       1       0       0       0       0   181CD    3039       0       0
  249999953                    47                    47             2.7831246E-05         1.0000000E+30                 0       
 NEXT SEEDS: D992379       1       0       0       0       0   181CD    3039       0       0
  249999954                    46                    46             2.7831247E-05         1.0000000E+30                 0       
 NEXT SEEDS: D9923A1       1       0       0       0       0   181CD    3039       0       0
  249999955                    45                    45             2.7831247E-05         1.0000000E+30                 0       
 NEXT SEEDS: D9923A5       1       0       0       0       0   181CD    3039       0       0
  249999956                    44                    44             2.7831247E-05         1.0000000E+30                 0       
 NEXT SEEDS: D9923A9       1       0       0       0       0   181CD    3039       0       0
  249999957                    43                    43             2.7831249E-05         1.0000000E+30                 0       
 NEXT SEEDS: D9923AD       1       0       0       0       0   181CD    3039       0       0
  249999958                    42                    42             2.7831249E-05         1.0000000E+30                 0       
 NEXT SEEDS: D9923B1       1       0       0       0       0   181CD    3039       0       0
  249999959                    41                    41             2.7831249E-05         1.0000000E+30                 0       
 NEXT SEEDS: D9923B5       1       0       0       0       0   181CD    3039       0       0
  249999960                    40                    40             2.7831251E-05         1.0000000E+30                 0       
 NEXT SEEDS: D9923B9       1       0       0       0       0   181CD    3039       0       0
  249999961                    39                    39             2.7831251E-05         1.0000000E+30                 0       
 NEXT SEEDS: D9923BD       1       0       0       0       0   181CD    3039       0       0
  249999962                    38                    38             2.7831252E-05         1.0000000E+30                 0       
 NEXT SEEDS: D9923C1       1       0       0       0       0   181CD    3039       0       0
  249999963                    37                    37             2.7831252E-05         1.0000000E+30                 0       
 NEXT SEEDS: D9923C5       1       0       0       0       0   181CD    3039       0       0
  249999964                    36                    36             2.7831252E-05         1.0000000E+30                 0       
 NEXT SEEDS: D9923C9       1       0       0       0       0   181CD    3039       0       0
  249999965                    35                    35             2.7831254E-05         1.0000000E+30                 0       
 NEXT SEEDS: D9923CD       1       0       0       0       0   181CD    3039       0       0
  249999966                    34                    34             2.7831256E-05         1.0000000E+30                 0       
 NEXT SEEDS: D9923D1       1       0       0       0       0   181CD    3039       0       0
  249999967                    33                    33             2.7831256E-05         1.0000000E+30                 0       
 NEXT SEEDS: D9923D5       1       0       0       0       0   181CD    3039       0       0
  249999968                    32                    32             2.7831256E-05         1.0000000E+30                 0       
 NEXT SEEDS: D9923D9       1       0       0       0       0   181CD    3039       0       0
  249999969                    31                    31             2.7831258E-05         1.0000000E+30                 0       
 NEXT SEEDS: D9923DD       1       0       0       0       0   181CD    3039       0       0
  249999970                    30                    30             2.7831257E-05         1.0000000E+30                 0       
 NEXT SEEDS: D9923E1       1       0       0       0       0   181CD    3039       0       0
  249999971                    29                    29             2.7831257E-05         1.0000000E+30                 0       
 NEXT SEEDS: D9923E5       1       0       0       0       0   181CD    3039       0       0
  249999972                    28                    28             2.7831257E-05         1.0000000E+30                 0       
 NEXT SEEDS: D9923E9       1       0       0       0       0   181CD    3039       0       0
  249999973                    27                    27             2.7831257E-05         1.0000000E+30                 0       
 NEXT SEEDS: D9923ED       1       0       0       0       0   181CD    3039       0       0
  249999974                    26                    26             2.7831257E-05         1.0000000E+30                 0       
 NEXT SEEDS: D9923F1       1       0       0       0       0   181CD    3039       0       0
  249999975                    25                    25             2.7831257E-05         1.0000000E+30                 0       
 NEXT SEEDS: D9923F5       1       0       0       0       0   181CD    3039       0       0
  249999976                    24                    24             2.7831257E-05         1.0000000E+30                 0       
 NEXT SEEDS: D9923F9       1       0       0       0       0   181CD    3039       0       0
  249999977                    23                    23             2.7831259E-05         1.0000000E+30                 0       
 NEXT SEEDS: D9923FD       1       0       0       0       0   181CD    3039       0       0
  249999978                    22                    22             2.7831258E-05         1.0000000E+30                 0       
 NEXT SEEDS: D992401       1       0       0       0       0   181CD    3039       0       0
  249999979                    21                    21             2.7831258E-05         1.0000000E+30                 0       
 NEXT SEEDS: D992405       1       0       0       0       0   181CD    3039       0       0
  249999980                    20                    20             2.7831260E-05         1.0000000E+30                 0       
 NEXT SEEDS: D992409       1       0       0       0       0   181CD    3039       0       0
  249999981                    19                    19             2.7831262E-05         1.0000000E+30                 0       
 NEXT SEEDS: D99240D       1       0       0       0       0   181CD    3039       0       0
  249999982                    18                    18             2.7831262E-05         1.0000000E+30                 0       
 NEXT SEEDS: D992413       1       0       0       0       0   181CD    3039       0       0
  249999983                    17                    17             2.7831262E-05         1.0000000E+30                 0       
 NEXT SEEDS: D992417       1       0       0       0       0   181CD    3039       0       0
  249999984                    16                    16             2.7831262E-05         1.0000000E+30                 0       
 NEXT SEEDS: D99241B       1       0       0       0       0   181CD    3039       0       0
  249999985                    15                    15             2.7831262E-05         1.0000000E+30                 0       
 NEXT SEEDS: D99241F       1       0       0       0       0   181CD    3039       0       0
  249999986                    14                    14             2.7831261E-05         1.0000000E+30                 0       
 NEXT SEEDS: D992423       1       0       0       0       0   181CD    3039       0       0
  249999987                    13                    13             2.7831261E-05         1.0000000E+30                 0       
 NEXT SEEDS: D992427       1       0       0       0       0   181CD    3039       0       0
  249999988                    12                    12             2.7831261E-05         1.0000000E+30                 0       
 NEXT SEEDS: D99242D       1       0       0       0       0   181CD    3039       0       0
  249999989                    11                    11             2.7831261E-05         1.0000000E+30                 0       
 NEXT SEEDS: D992431       1       0       0       0       0   181CD    3039       0       0
  249999990                    10                    10             2.7831261E-05         1.0000000E+30                 0       
 NEXT SEEDS: D992435       1       0       0       0       0   181CD    3039       0       0
  249999991                     9                     9             2.7831261E-05         1.0000000E+30                 0       
 NEXT SEEDS: D992439       1       0       0       0       0   181CD    3039       0       0
  249999992                     8                     8             2.7831261E-05         1.0000000E+30                 0       
 NEXT SEEDS: D99243D       1       0       0       0       0   181CD    3039       0       0
  249999993                     7                     7             2.7831261E-05         1.0000000E+30                 0       
 NEXT SEEDS: D992441       1       0       0       0       0   181CD    3039       0       0
  249999994                     6                     6             2.7831263E-05         1.0000000E+30                 0       
 NEXT SEEDS: D992445       1       0       0       0       0   181CD    3039       0       0
  249999995                     5                     5             2.7831262E-05         1.0000000E+30                 0       
 NEXT SEEDS: D992449       1       0       0       0       0   181CD    3039       0       0
  249999996                     4                     4             2.7831264E-05         1.0000000E+30                 0       
 NEXT SEEDS: D99244D       1       0       0       0       0   181CD    3039       0       0
  249999997                     3                     3             2.7831266E-05         1.0000000E+30                 0       
 NEXT SEEDS: D992453       1       0       0       0       0   181CD    3039       0       0
  249999998                     2                     2             2.7831266E-05         1.0000000E+30                 0       
 NEXT SEEDS: D992457       1       0       0       0       0   181CD    3039       0       0
  249999999                     1                     1             2.7831268E-05         1.0000000E+30                 0       
 NEXT SEEDS: D99245B       1       0       0       0       0   181CD    3039       0       0
  250000000                     0                     1             2.7831268E-05         1.0000000E+30                 0       
 NEXT SEEDS: D99245F       1       0       0       0       0   181CD    3039       0       0
