1NUMBER OF BEAM       NUMBER OF BEAM        APPROXIMATE NUMBER    AVERAGE TIME USED     TIME LEFT (RESERVED   NUMBER OF STARS
 PARTICLES HANDLED    PARTICLES LEFT        OF BEAM PARTICLES     BY A BEAM PARTICLE     10000.0 SECONDS      CREATED
                                            THAT CAN STILL BE                           FOR PRINTOUT)
                                            HANDLED

 NEXT SEEDS:       0       0       0       0       0       0   181CD    3039       0       0
          1             249999999             249999999             8.6784363E-05         1.0000000E+30                 0       
 NEXT SEEDS:       4       0       0       0       0       0   181CD    3039       0       0
    5000000             245000000             245000000             2.6534857E-05         1.0000000E+30                 0       
 NEXT SEEDS: 177085D       0       0       0       0       0   181CD    3039       0       0
   10000000             240000000             240000000             2.6571751E-05         1.0000000E+30                 0       
 NEXT SEEDS: 2EE3129       0       0       0       0       0   181CD    3039       0       0
   15000000             235000000             235000000             2.6556920E-05         1.0000000E+30                 0       
 NEXT SEEDS: 4655EF3       0       0       0       0       0   181CD    3039       0       0
   20000000             230000000             230000000             2.6536938E-05         1.0000000E+30                 0       
 NEXT SEEDS: 5DC3DE5       0       0       0       0       0   181CD    3039       0       0
   25000000             225000000             225000000             2.6537634E-05         1.0000000E+30                 0       
 NEXT SEEDS: 75365C5       0       0       0       0       0   181CD    3039       0       0
   30000000             220000000             220000000             2.6537316E-05         1.0000000E+30                 0       
 NEXT SEEDS: 8CA62FD       0       0       0       0       0   181CD    3039       0       0
   35000000             215000000             215000000             2.6536204E-05         1.0000000E+30                 0       
 NEXT SEEDS: A41C1D2       0       0       0       0       0   181CD    3039       0       0
   40000000             210000000             210000000             2.6531138E-05         1.0000000E+30                 0       
 NEXT SEEDS: BB8CD5C       0       0       0       0       0   181CD    3039       0       0
   45000000             205000000             205000000             2.6532339E-05         1.0000000E+30                 0       
 NEXT SEEDS: D2FEE6A       0       0       0       0       0   181CD    3039       0       0
   50000000             200000000             200000000             2.6534935E-05         1.0000000E+30                 0       
 NEXT SEEDS: EA6FE17       0       0       0       0       0   181CD    3039       0       0
   55000000             195000000             195000000             2.6531302E-05         1.0000000E+30                 0       
 NEXT SEEDS:101DCC6B       0       0       0       0       0   181CD    3039       0       0
   60000000             190000000             190000000             2.6526667E-05         1.0000000E+30                 0       
 NEXT SEEDS:11950FF1       0       0       0       0       0   181CD    3039       0       0
   65000000             185000000             185000000             2.6524685E-05         1.0000000E+30                 0       
 NEXT SEEDS:130C23B6       0       0       0       0       0   181CD    3039       0       0
   70000000             180000000             180000000             2.6524333E-05         1.0000000E+30                 0       
 NEXT SEEDS:148322FE       0       0       0       0       0   181CD    3039       0       0
   75000000             175000000             175000000             2.6524537E-05         1.0000000E+30                 0       
 NEXT SEEDS:15FA2816       0       0       0       0       0   181CD    3039       0       0
   80000000             170000000             170000000             2.6527884E-05         1.0000000E+30                 0       
 NEXT SEEDS:17715BA1       0       0       0       0       0   181CD    3039       0       0
  *** Emfgeo: Ncoun  2000000000
   85000000             165000000             165000000             2.6529636E-05         1.0000000E+30                 0       
 NEXT SEEDS:18E89854       0       0       0       0       0   181CD    3039       0       0
 Geofar: Particle in region    47 (cell #    0)
  in position  -6.189949376E+00 -1.312539233E+01  2.124400000E-01
  is now causing trouble, requesting a step of  7.602516684E-01 cm
  to direction  5.090779641E-01 -2.155457295E-01 -8.332944647E-01
  end position -5.802922004E+00 -1.328926133E+01 -4.210735071E-01
  R2:  1.451176754E+01 R3:  1.451332243E+01 cm  error count:  0
  X*U   (2D): -3.220445617E-01 X*U   (3D): -4.990696378E-01 cm
  X*UOLD(2D):  3.179924278E+00 X*UOLD(3D):  3.349393141E+00 cm
  Kloop:  175146259, Irsave:     47, Irsav2:     47, error code:  -3 Nfrom:  5000
  old direction -6.015948084E-01  4.144006649E-02  7.977257721E-01, lagain, lstnew, lsense, lsnsct  F  F  F  T
  Particle index    7 total energy   5.318297405E-05 GeV  Nsurf    0
 We succeeded in saving the particle:  current region is n.     4 (cell #    0)
   90000000             160000000             160000000             2.6530011E-05         1.0000000E+30                 0       
 NEXT SEEDS:1A5FDCD4       0       0       0       0       0   181CD    3039       0       0
   95000000             155000000             155000000             2.6527925E-05         1.0000000E+30                 0       
 NEXT SEEDS:1BD709E7       0       0       0       0       0   181CD    3039       0       0
  100000000             150000000             150000000             2.6527193E-05         1.0000000E+30                 0       
 NEXT SEEDS:1D4DF4A3       0       0       0       0       0   181CD    3039       0       0
  105000000             145000000             145000000             2.6527363E-05         1.0000000E+30                 0       
 NEXT SEEDS:1EC515A5       0       0       0       0       0   181CD    3039       0       0
  110000000             140000000             140000000             2.6523953E-05         1.0000000E+30                 0       
 NEXT SEEDS:203BEC8E       0       0       0       0       0   181CD    3039       0       0
  115000000             135000000             135000000             2.6522790E-05         1.0000000E+30                 0       
 NEXT SEEDS:21B31791       0       0       0       0       0   181CD    3039       0       0
  120000000             130000000             130000000             2.6521318E-05         1.0000000E+30                 0       
 NEXT SEEDS:232A02FD       0       0       0       0       0   181CD    3039       0       0
  125000000             125000000             125000000             2.6520026E-05         1.0000000E+30                 0       
 NEXT SEEDS:24A14481       0       0       0       0       0   181CD    3039       0       0
  130000000             120000000             120000000             2.6536097E-05         1.0000000E+30                 0       
 NEXT SEEDS:26187B8F       0       0       0       0       0   181CD    3039       0       0
  135000000             115000000             115000000             2.6537162E-05         1.0000000E+30                 0       
 NEXT SEEDS:278F61E8       0       0       0       0       0   181CD    3039       0       0
  140000000             110000000             110000000             2.6538048E-05         1.0000000E+30                 0       
 NEXT SEEDS:2906789F       0       0       0       0       0   181CD    3039       0       0
  145000000             105000000             105000000             2.6538733E-05         1.0000000E+30                 0       
 NEXT SEEDS:2A7D716F       0       0       0       0       0   181CD    3039       0       0
  150000000             100000000             100000000             2.6537041E-05         1.0000000E+30                 0       
 NEXT SEEDS:2BF4617D       0       0       0       0       0   181CD    3039       0       0
  155000000              95000000              95000000             2.6536204E-05         1.0000000E+30                 0       
 NEXT SEEDS:2D6BA64A       0       0       0       0       0   181CD    3039       0       0
  160000000              90000000              90000000             2.6533272E-05         1.0000000E+30                 0       
 NEXT SEEDS:2EE2E73E       0       0       0       0       0   181CD    3039       0       0
  *** Emfgeo: Ncoun  2000000000
  165000000              85000000              85000000             2.6533137E-05         1.0000000E+30                 0       
 NEXT SEEDS:3059EE4C       0       0       0       0       0   181CD    3039       0       0
  170000000              80000000              80000000             2.6532306E-05         1.0000000E+30                 0       
 NEXT SEEDS:31D0B0AE       0       0       0       0       0   181CD    3039       0       0
  175000000              75000000              75000000             2.6532636E-05         1.0000000E+30                 0       
 NEXT SEEDS:3347BC02       0       0       0       0       0   181CD    3039       0       0
  180000000              70000000              70000000             2.6536539E-05         1.0000000E+30                 0       
 NEXT SEEDS:34BED9DC       0       0       0       0       0   181CD    3039       0       0
  185000000              65000000              65000000             2.6537644E-05         1.0000000E+30                 0       
 NEXT SEEDS:3635EE3B       0       0       0       0       0   181CD    3039       0       0
  190000000              60000000              60000000             2.6537072E-05         1.0000000E+30                 0       
 NEXT SEEDS:37AD1C61       0       0       0       0       0   181CD    3039       0       0
  195000000              55000000              55000000             2.6536122E-05         1.0000000E+30                 0       
 NEXT SEEDS:3923EE34       0       0       0       0       0   181CD    3039       0       0
  200000000              50000000              50000000             2.6546710E-05         1.0000000E+30                 0       
 NEXT SEEDS:3A9B1168       0       0       0       0       0   181CD    3039       0       0
  205000000              45000000              45000000             2.6549551E-05         1.0000000E+30                 0       
 NEXT SEEDS:  776CF3       1       0       0       0       0   181CD    3039       0       0
  210000000              40000000              40000000             2.6548583E-05         1.0000000E+30                 0       
 NEXT SEEDS: 1EE730F       1       0       0       0       0   181CD    3039       0       0
  215000000              35000000              35000000             2.6547910E-05         1.0000000E+30                 0       
 NEXT SEEDS: 365A069       1       0       0       0       0   181CD    3039       0       0
  220000000              30000000              30000000             2.6547558E-05         1.0000000E+30                 0       
 NEXT SEEDS: 4DCB927       1       0       0       0       0   181CD    3039       0       0
  225000000              25000000              25000000             2.6547393E-05         1.0000000E+30                 0       
 NEXT SEEDS: 653D488       1       0       0       0       0   181CD    3039       0       0
  230000000              20000000              20000000             2.6545392E-05         1.0000000E+30                 0       
 NEXT SEEDS: 7CAF51B       1       0       0       0       0   181CD    3039       0       0
  235000000              15000000              15000000             2.6545881E-05         1.0000000E+30                 0       
 NEXT SEEDS: 9420390       1       0       0       0       0   181CD    3039       0       0
  240000000              10000000              10000000             2.6544463E-05         1.0000000E+30                 0       
 NEXT SEEDS: AB91C5B       1       0       0       0       0   181CD    3039       0       0
  *** Emfgeo: Ncoun  2000000000
  245000000               5000000               5000000             2.6544251E-05         1.0000000E+30                 0       
 NEXT SEEDS: C305CCC       1       0       0       0       0   181CD    3039       0       0
  249999950                    50                    50             2.6542458E-05         1.0000000E+30                 0       
 NEXT SEEDS: DA74DAB       1       0       0       0       0   181CD    3039       0       0
  249999951                    49                    49             2.6542458E-05         1.0000000E+30                 0       
 NEXT SEEDS: DA74DB1       1       0       0       0       0   181CD    3039       0       0
  249999952                    48                    48             2.6542459E-05         1.0000000E+30                 0       
 NEXT SEEDS: DA74DB5       1       0       0       0       0   181CD    3039       0       0
  249999953                    47                    47             2.6542459E-05         1.0000000E+30                 0       
 NEXT SEEDS: DA74DB9       1       0       0       0       0   181CD    3039       0       0
  249999954                    46                    46             2.6542459E-05         1.0000000E+30                 0       
 NEXT SEEDS: DA74DBD       1       0       0       0       0   181CD    3039       0       0
  249999955                    45                    45             2.6542461E-05         1.0000000E+30                 0       
 NEXT SEEDS: DA74DC1       1       0       0       0       0   181CD    3039       0       0
  249999956                    44                    44             2.6542461E-05         1.0000000E+30                 0       
 NEXT SEEDS: DA74DC5       1       0       0       0       0   181CD    3039       0       0
  249999957                    43                    43             2.6542461E-05         1.0000000E+30                 0       
 NEXT SEEDS: DA74DC9       1       0       0       0       0   181CD    3039       0       0
  249999958                    42                    42             2.6542463E-05         1.0000000E+30                 0       
 NEXT SEEDS: DA74DCD       1       0       0       0       0   181CD    3039       0       0
  249999959                    41                    41             2.6542463E-05         1.0000000E+30                 0       
 NEXT SEEDS: DA74DD1       1       0       0       0       0   181CD    3039       0       0
  249999960                    40                    40             2.6542464E-05         1.0000000E+30                 0       
 NEXT SEEDS: DA74DD7       1       0       0       0       0   181CD    3039       0       0
  249999961                    39                    39             2.6542464E-05         1.0000000E+30                 0       
 NEXT SEEDS: DA74DDB       1       0       0       0       0   181CD    3039       0       0
  249999962                    38                    38             2.6542464E-05         1.0000000E+30                 0       
 NEXT SEEDS: DA74DDF       1       0       0       0       0   181CD    3039       0       0
  249999963                    37                    37             2.6542464E-05         1.0000000E+30                 0       
 NEXT SEEDS: DA74DE3       1       0       0       0       0   181CD    3039       0       0
  249999964                    36                    36             2.6542464E-05         1.0000000E+30                 0       
 NEXT SEEDS: DA74E08       1       0       0       0       0   181CD    3039       0       0
  249999965                    35                    35             2.6542464E-05         1.0000000E+30                 0       
 NEXT SEEDS: DA74E0C       1       0       0       0       0   181CD    3039       0       0
  249999966                    34                    34             2.6542464E-05         1.0000000E+30                 0       
 NEXT SEEDS: DA74E10       1       0       0       0       0   181CD    3039       0       0
  249999967                    33                    33             2.6542464E-05         1.0000000E+30                 0       
 NEXT SEEDS: DA74E14       1       0       0       0       0   181CD    3039       0       0
  249999968                    32                    32             2.6542464E-05         1.0000000E+30                 0       
 NEXT SEEDS: DA74E18       1       0       0       0       0   181CD    3039       0       0
  249999969                    31                    31             2.6542463E-05         1.0000000E+30                 0       
 NEXT SEEDS: DA74E1C       1       0       0       0       0   181CD    3039       0       0
  249999970                    30                    30             2.6542463E-05         1.0000000E+30                 0       
 NEXT SEEDS: DA74E20       1       0       0       0       0   181CD    3039       0       0
  249999971                    29                    29             2.6542463E-05         1.0000000E+30                 0       
 NEXT SEEDS: DA74E24       1       0       0       0       0   181CD    3039       0       0
  249999972                    28                    28             2.6542463E-05         1.0000000E+30                 0       
 NEXT SEEDS: DA74E28       1       0       0       0       0   181CD    3039       0       0
  249999973                    27                    27             2.6542463E-05         1.0000000E+30                 0       
 NEXT SEEDS: DA74E2C       1       0       0       0       0   181CD    3039       0       0
  249999974                    26                    26             2.6542463E-05         1.0000000E+30                 0       
 NEXT SEEDS: DA74E30       1       0       0       0       0   181CD    3039       0       0
  249999975                    25                    25             2.6542463E-05         1.0000000E+30                 0       
 NEXT SEEDS: DA74E34       1       0       0       0       0   181CD    3039       0       0
  249999976                    24                    24             2.6542463E-05         1.0000000E+30                 0       
 NEXT SEEDS: DA74E38       1       0       0       0       0   181CD    3039       0       0
  249999977                    23                    23             2.6542463E-05         1.0000000E+30                 0       
 NEXT SEEDS: DA74E3C       1       0       0       0       0   181CD    3039       0       0
  249999978                    22                    22             2.6542462E-05         1.0000000E+30                 0       
 NEXT SEEDS: DA74E40       1       0       0       0       0   181CD    3039       0       0
  249999979                    21                    21             2.6542462E-05         1.0000000E+30                 0       
 NEXT SEEDS: DA74E44       1       0       0       0       0   181CD    3039       0       0
  249999980                    20                    20             2.6542464E-05         1.0000000E+30                 0       
 NEXT SEEDS: DA74E48       1       0       0       0       0   181CD    3039       0       0
  249999981                    19                    19             2.6542464E-05         1.0000000E+30                 0       
 NEXT SEEDS: DA74E4C       1       0       0       0       0   181CD    3039       0       0
  249999982                    18                    18             2.6542464E-05         1.0000000E+30                 0       
 NEXT SEEDS: DA74E50       1       0       0       0       0   181CD    3039       0       0
  249999983                    17                    17             2.6542466E-05         1.0000000E+30                 0       
 NEXT SEEDS: DA74E54       1       0       0       0       0   181CD    3039       0       0
  249999984                    16                    16             2.6542466E-05         1.0000000E+30                 0       
 NEXT SEEDS: DA74E58       1       0       0       0       0   181CD    3039       0       0
  249999985                    15                    15             2.6542466E-05         1.0000000E+30                 0       
 NEXT SEEDS: DA74E5E       1       0       0       0       0   181CD    3039       0       0
  249999986                    14                    14             2.6542467E-05         1.0000000E+30                 0       
 NEXT SEEDS: DA74E62       1       0       0       0       0   181CD    3039       0       0
  249999987                    13                    13             2.6542467E-05         1.0000000E+30                 0       
 NEXT SEEDS: DA74E66       1       0       0       0       0   181CD    3039       0       0
  249999988                    12                    12             2.6542467E-05         1.0000000E+30                 0       
 NEXT SEEDS: DA74E6A       1       0       0       0       0   181CD    3039       0       0
  249999989                    11                    11             2.6542467E-05         1.0000000E+30                 0       
 NEXT SEEDS: DA74E6E       1       0       0       0       0   181CD    3039       0       0
  249999990                    10                    10             2.6542467E-05         1.0000000E+30                 0       
 NEXT SEEDS: DA74E72       1       0       0       0       0   181CD    3039       0       0
  249999991                     9                     9             2.6542467E-05         1.0000000E+30                 0       
 NEXT SEEDS: DA74E76       1       0       0       0       0   181CD    3039       0       0
  249999992                     8                     8             2.6542467E-05         1.0000000E+30                 0       
 NEXT SEEDS: DA74E7C       1       0       0       0       0   181CD    3039       0       0
  249999993                     7                     7             2.6542467E-05         1.0000000E+30                 0       
 NEXT SEEDS: DA74E80       1       0       0       0       0   181CD    3039       0       0
  249999994                     6                     6             2.6542467E-05         1.0000000E+30                 0       
 NEXT SEEDS: DA74E84       1       0       0       0       0   181CD    3039       0       0
  249999995                     5                     5             2.6542467E-05         1.0000000E+30                 0       
 NEXT SEEDS: DA74E88       1       0       0       0       0   181CD    3039       0       0
  249999996                     4                     4             2.6542466E-05         1.0000000E+30                 0       
 NEXT SEEDS: DA74E8C       1       0       0       0       0   181CD    3039       0       0
  249999997                     3                     3             2.6542468E-05         1.0000000E+30                 0       
 NEXT SEEDS: DA74E90       1       0       0       0       0   181CD    3039       0       0
  249999998                     2                     2             2.6542468E-05         1.0000000E+30                 0       
 NEXT SEEDS: DA74E94       1       0       0       0       0   181CD    3039       0       0
  249999999                     1                     1             2.6542468E-05         1.0000000E+30                 0       
 NEXT SEEDS: DA74E98       1       0       0       0       0   181CD    3039       0       0
  250000000                     0                     1             2.6542468E-05         1.0000000E+30                 0       
 NEXT SEEDS: DA74E9C       1       0       0       0       0   181CD    3039       0       0
