1NUMBER OF BEAM       NUMBER OF BEAM        APPROXIMATE NUMBER    AVERAGE TIME USED     TIME LEFT (RESERVED   NUMBER OF STARS
 PARTICLES HANDLED    PARTICLES LEFT        OF BEAM PARTICLES     BY A BEAM PARTICLE     10000.0 SECONDS      CREATED
                                            THAT CAN STILL BE                           FOR PRINTOUT)
                                            HANDLED

 NEXT SEEDS:       0       0       0       0       0       0   181CD    3039       0       0
          1             249999999             249999999             7.7009201E-05         1.0000000E+30                 0       
 NEXT SEEDS:       4       0       0       0       0       0   181CD    3039       0       0
    5000000             245000000             245000000             2.7043678E-05         1.0000000E+30                 0       
 NEXT SEEDS: 176DFC2       0       0       0       0       0   181CD    3039       0       0
   10000000             240000000             240000000             2.7303970E-05         1.0000000E+30                 0       
 NEXT SEEDS: 2EE050E       0       0       0       0       0   181CD    3039       0       0
   15000000             235000000             235000000             2.7362500E-05         1.0000000E+30                 0       
 NEXT SEEDS: 4653C0A       0       0       0       0       0   181CD    3039       0       0
   20000000             230000000             230000000             2.7263221E-05         1.0000000E+30                 0       
 NEXT SEEDS: 5DC1C1A       0       0       0       0       0   181CD    3039       0       0
   25000000             225000000             225000000             2.7223446E-05         1.0000000E+30                 0       
 NEXT SEEDS: 7530537       0       0       0       0       0   181CD    3039       0       0
   30000000             220000000             220000000             2.7190414E-05         1.0000000E+30                 0       
 NEXT SEEDS: 8C9E377       0       0       0       0       0   181CD    3039       0       0
   35000000             215000000             215000000             2.7166032E-05         1.0000000E+30                 0       
 NEXT SEEDS: A40FCEA       0       0       0       0       0   181CD    3039       0       0
   40000000             210000000             210000000             2.7149779E-05         1.0000000E+30                 0       
 NEXT SEEDS: BB83CD6       0       0       0       0       0   181CD    3039       0       0
   45000000             205000000             205000000             2.7139737E-05         1.0000000E+30                 0       
 NEXT SEEDS: D2F5C42       0       0       0       0       0   181CD    3039       0       0
   50000000             200000000             200000000             2.7128200E-05         1.0000000E+30                 0       
 NEXT SEEDS: EA669E5       0       0       0       0       0   181CD    3039       0       0
   55000000             195000000             195000000             2.7124147E-05         1.0000000E+30                 0       
 NEXT SEEDS:101D7923       0       0       0       0       0   181CD    3039       0       0
   60000000             190000000             190000000             2.7118401E-05         1.0000000E+30                 0       
 NEXT SEEDS:1194ACDA       0       0       0       0       0   181CD    3039       0       0
   65000000             185000000             185000000             2.7120272E-05         1.0000000E+30                 0       
 NEXT SEEDS:130BE601       0       0       0       0       0   181CD    3039       0       0
   70000000             180000000             180000000             2.7143204E-05         1.0000000E+30                 0       
 NEXT SEEDS:1482DF88       0       0       0       0       0   181CD    3039       0       0
   75000000             175000000             175000000             2.7169624E-05         1.0000000E+30                 0       
 NEXT SEEDS:15F9CB62       0       0       0       0       0   181CD    3039       0       0
   80000000             170000000             170000000             2.7163960E-05         1.0000000E+30                 0       
 NEXT SEEDS:1770F3EC       0       0       0       0       0   181CD    3039       0       0
  *** Emfgeo: Ncoun  2000000000
   85000000             165000000             165000000             2.7155748E-05         1.0000000E+30                 0       
 NEXT SEEDS:18E807A4       0       0       0       0       0   181CD    3039       0       0
   90000000             160000000             160000000             2.7149146E-05         1.0000000E+30                 0       
 NEXT SEEDS:1A5F080B       0       0       0       0       0   181CD    3039       0       0
   95000000             155000000             155000000             2.7146483E-05         1.0000000E+30                 0       
 NEXT SEEDS:1BD65900       0       0       0       0       0   181CD    3039       0       0
  100000000             150000000             150000000             2.7142386E-05         1.0000000E+30                 0       
 NEXT SEEDS:1D4D733F       0       0       0       0       0   181CD    3039       0       0
  105000000             145000000             145000000             2.7138573E-05         1.0000000E+30                 0       
 NEXT SEEDS:1EC455DC       0       0       0       0       0   181CD    3039       0       0
  110000000             140000000             140000000             2.7134243E-05         1.0000000E+30                 0       
 NEXT SEEDS:203B7823       0       0       0       0       0   181CD    3039       0       0
  115000000             135000000             135000000             2.7130234E-05         1.0000000E+30                 0       
 NEXT SEEDS:21B29393       0       0       0       0       0   181CD    3039       0       0
  120000000             130000000             130000000             2.7131525E-05         1.0000000E+30                 0       
 NEXT SEEDS:2329B8BA       0       0       0       0       0   181CD    3039       0       0
  125000000             125000000             125000000             2.7131751E-05         1.0000000E+30                 0       
 NEXT SEEDS:24A0D03C       0       0       0       0       0   181CD    3039       0       0
  130000000             120000000             120000000             2.7131005E-05         1.0000000E+30                 0       
 NEXT SEEDS:2617E61E       0       0       0       0       0   181CD    3039       0       0
  135000000             115000000             115000000             2.7128795E-05         1.0000000E+30                 0       
 NEXT SEEDS:278ECB02       0       0       0       0       0   181CD    3039       0       0
  140000000             110000000             110000000             2.7127602E-05         1.0000000E+30                 0       
 NEXT SEEDS:29062084       0       0       0       0       0   181CD    3039       0       0
  145000000             105000000             105000000             2.7124078E-05         1.0000000E+30                 0       
 NEXT SEEDS:2A7D20AC       0       0       0       0       0   181CD    3039       0       0
  150000000             100000000             100000000             2.7119455E-05         1.0000000E+30                 0       
 NEXT SEEDS:2BF43851       0       0       0       0       0   181CD    3039       0       0
  155000000              95000000              95000000             2.7116330E-05         1.0000000E+30                 0       
 NEXT SEEDS:2D6B7373       0       0       0       0       0   181CD    3039       0       0
  160000000              90000000              90000000             2.7115017E-05         1.0000000E+30                 0       
 NEXT SEEDS:2EE297D4       0       0       0       0       0   181CD    3039       0       0
  *** Emfgeo: Ncoun  2000000000
  165000000              85000000              85000000             2.7112120E-05         1.0000000E+30                 0       
 NEXT SEEDS:30597D79       0       0       0       0       0   181CD    3039       0       0
  170000000              80000000              80000000             2.7110279E-05         1.0000000E+30                 0       
 NEXT SEEDS:31D09914       0       0       0       0       0   181CD    3039       0       0
  175000000              75000000              75000000             2.7109402E-05         1.0000000E+30                 0       
 NEXT SEEDS:3347AE6C       0       0       0       0       0   181CD    3039       0       0
  180000000              70000000              70000000             2.7108197E-05         1.0000000E+30                 0       
 NEXT SEEDS:34BE725F       0       0       0       0       0   181CD    3039       0       0
  185000000              65000000              65000000             2.7107075E-05         1.0000000E+30                 0       
 NEXT SEEDS:36355B33       0       0       0       0       0   181CD    3039       0       0
  190000000              60000000              60000000             2.7105411E-05         1.0000000E+30                 0       
 NEXT SEEDS:37AC77DB       0       0       0       0       0   181CD    3039       0       0
  195000000              55000000              55000000             2.7103480E-05         1.0000000E+30                 0       
 NEXT SEEDS:39236756       0       0       0       0       0   181CD    3039       0       0
  200000000              50000000              50000000             2.7101381E-05         1.0000000E+30                 0       
 NEXT SEEDS:3A9A6D51       0       0       0       0       0   181CD    3039       0       0
  205000000              45000000              45000000             2.7101014E-05         1.0000000E+30                 0       
 NEXT SEEDS:  76EF8A       1       0       0       0       0   181CD    3039       0       0
  210000000              40000000              40000000             2.7109177E-05         1.0000000E+30                 0       
 NEXT SEEDS: 1EDF8AB       1       0       0       0       0   181CD    3039       0       0
  215000000              35000000              35000000             2.7108012E-05         1.0000000E+30                 0       
 NEXT SEEDS: 364E312       1       0       0       0       0   181CD    3039       0       0
  220000000              30000000              30000000             2.7109328E-05         1.0000000E+30                 0       
 NEXT SEEDS: 4DBD24F       1       0       0       0       0   181CD    3039       0       0
  225000000              25000000              25000000             2.7108413E-05         1.0000000E+30                 0       
 NEXT SEEDS: 65331E9       1       0       0       0       0   181CD    3039       0       0
  230000000              20000000              20000000             2.7106823E-05         1.0000000E+30                 0       
 NEXT SEEDS: 7CA2D67       1       0       0       0       0   181CD    3039       0       0
  235000000              15000000              15000000             2.7106455E-05         1.0000000E+30                 0       
 NEXT SEEDS: 94151F3       1       0       0       0       0   181CD    3039       0       0
  240000000              10000000              10000000             2.7104866E-05         1.0000000E+30                 0       
 NEXT SEEDS: AB890C9       1       0       0       0       0   181CD    3039       0       0
  *** Emfgeo: Ncoun  2000000000
  245000000               5000000               5000000             2.7102413E-05         1.0000000E+30                 0       
 NEXT SEEDS: C2F8972       1       0       0       0       0   181CD    3039       0       0
  249999950                    50                    50             2.7101743E-05         1.0000000E+30                 0       
 NEXT SEEDS: DA6B4E0       1       0       0       0       0   181CD    3039       0       0
  249999951                    49                    49             2.7101745E-05         1.0000000E+30                 0       
 NEXT SEEDS: DA6B4E4       1       0       0       0       0   181CD    3039       0       0
  249999952                    48                    48             2.7101747E-05         1.0000000E+30                 0       
 NEXT SEEDS: DA6B4E8       1       0       0       0       0   181CD    3039       0       0
  249999953                    47                    47             2.7101747E-05         1.0000000E+30                 0       
 NEXT SEEDS: DA6B4EC       1       0       0       0       0   181CD    3039       0       0
  249999954                    46                    46             2.7101747E-05         1.0000000E+30                 0       
 NEXT SEEDS: DA6B4F0       1       0       0       0       0   181CD    3039       0       0
  249999955                    45                    45             2.7101748E-05         1.0000000E+30                 0       
 NEXT SEEDS: DA6B4F4       1       0       0       0       0   181CD    3039       0       0
  249999956                    44                    44             2.7101748E-05         1.0000000E+30                 0       
 NEXT SEEDS: DA6B4F8       1       0       0       0       0   181CD    3039       0       0
  249999957                    43                    43             2.7101748E-05         1.0000000E+30                 0       
 NEXT SEEDS: DA6B4FC       1       0       0       0       0   181CD    3039       0       0
  249999958                    42                    42             2.7101748E-05         1.0000000E+30                 0       
 NEXT SEEDS: DA6B500       1       0       0       0       0   181CD    3039       0       0
  249999959                    41                    41             2.7101748E-05         1.0000000E+30                 0       
 NEXT SEEDS: DA6B504       1       0       0       0       0   181CD    3039       0       0
  249999960                    40                    40             2.7101748E-05         1.0000000E+30                 0       
 NEXT SEEDS: DA6B508       1       0       0       0       0   181CD    3039       0       0
  249999961                    39                    39             2.7101748E-05         1.0000000E+30                 0       
 NEXT SEEDS: DA6B50C       1       0       0       0       0   181CD    3039       0       0
  249999962                    38                    38             2.7101750E-05         1.0000000E+30                 0       
 NEXT SEEDS: DA6B510       1       0       0       0       0   181CD    3039       0       0
  249999963                    37                    37             2.7101749E-05         1.0000000E+30                 0       
 NEXT SEEDS: DA6B514       1       0       0       0       0   181CD    3039       0       0
  249999964                    36                    36             2.7101751E-05         1.0000000E+30                 0       
 NEXT SEEDS: DA6B518       1       0       0       0       0   181CD    3039       0       0
  249999965                    35                    35             2.7101751E-05         1.0000000E+30                 0       
 NEXT SEEDS: DA6B51E       1       0       0       0       0   181CD    3039       0       0
  249999966                    34                    34             2.7101751E-05         1.0000000E+30                 0       
 NEXT SEEDS: DA6B540       1       0       0       0       0   181CD    3039       0       0
  249999967                    33                    33             2.7101751E-05         1.0000000E+30                 0       
 NEXT SEEDS: DA6B544       1       0       0       0       0   181CD    3039       0       0
  249999968                    32                    32             2.7101751E-05         1.0000000E+30                 0       
 NEXT SEEDS: DA6B548       1       0       0       0       0   181CD    3039       0       0
  249999969                    31                    31             2.7101751E-05         1.0000000E+30                 0       
 NEXT SEEDS: DA6B54C       1       0       0       0       0   181CD    3039       0       0
  249999970                    30                    30             2.7101751E-05         1.0000000E+30                 0       
 NEXT SEEDS: DA6B550       1       0       0       0       0   181CD    3039       0       0
  249999971                    29                    29             2.7101753E-05         1.0000000E+30                 0       
 NEXT SEEDS: DA6B554       1       0       0       0       0   181CD    3039       0       0
  249999972                    28                    28             2.7101752E-05         1.0000000E+30                 0       
 NEXT SEEDS: DA6B558       1       0       0       0       0   181CD    3039       0       0
  249999973                    27                    27             2.7101752E-05         1.0000000E+30                 0       
 NEXT SEEDS: DA6B55C       1       0       0       0       0   181CD    3039       0       0
  249999974                    26                    26             2.7101754E-05         1.0000000E+30                 0       
 NEXT SEEDS: DA6B562       1       0       0       0       0   181CD    3039       0       0
  249999975                    25                    25             2.7101756E-05         1.0000000E+30                 0       
 NEXT SEEDS: DA6B566       1       0       0       0       0   181CD    3039       0       0
  249999976                    24                    24             2.7101756E-05         1.0000000E+30                 0       
 NEXT SEEDS: DA6B56A       1       0       0       0       0   181CD    3039       0       0
  249999977                    23                    23             2.7101756E-05         1.0000000E+30                 0       
 NEXT SEEDS: DA6B56E       1       0       0       0       0   181CD    3039       0       0
  249999978                    22                    22             2.7101758E-05         1.0000000E+30                 0       
 NEXT SEEDS: DA6B583       1       0       0       0       0   181CD    3039       0       0
  249999979                    21                    21             2.7101759E-05         1.0000000E+30                 0       
 NEXT SEEDS: DA6B587       1       0       0       0       0   181CD    3039       0       0
  249999980                    20                    20             2.7101759E-05         1.0000000E+30                 0       
 NEXT SEEDS: DA6B58B       1       0       0       0       0   181CD    3039       0       0
  249999981                    19                    19             2.7101759E-05         1.0000000E+30                 0       
 NEXT SEEDS: DA6B58F       1       0       0       0       0   181CD    3039       0       0
  249999982                    18                    18             2.7101759E-05         1.0000000E+30                 0       
 NEXT SEEDS: DA6B593       1       0       0       0       0   181CD    3039       0       0
  249999983                    17                    17             2.7101759E-05         1.0000000E+30                 0       
 NEXT SEEDS: DA6B597       1       0       0       0       0   181CD    3039       0       0
  249999984                    16                    16             2.7101759E-05         1.0000000E+30                 0       
 NEXT SEEDS: DA6B59B       1       0       0       0       0   181CD    3039       0       0
  249999985                    15                    15             2.7101759E-05         1.0000000E+30                 0       
 NEXT SEEDS: DA6B59F       1       0       0       0       0   181CD    3039       0       0
  249999986                    14                    14             2.7101759E-05         1.0000000E+30                 0       
 NEXT SEEDS: DA6B5A3       1       0       0       0       0   181CD    3039       0       0
  249999987                    13                    13             2.7101761E-05         1.0000000E+30                 0       
 NEXT SEEDS: DA6B5A7       1       0       0       0       0   181CD    3039       0       0
  249999988                    12                    12             2.7101760E-05         1.0000000E+30                 0       
 NEXT SEEDS: DA6B5C0       1       0       0       0       0   181CD    3039       0       0
  249999989                    11                    11             2.7101762E-05         1.0000000E+30                 0       
 NEXT SEEDS: DA6B5C4       1       0       0       0       0   181CD    3039       0       0
  249999990                    10                    10             2.7101762E-05         1.0000000E+30                 0       
 NEXT SEEDS: DA6B5C8       1       0       0       0       0   181CD    3039       0       0
  249999991                     9                     9             2.7101762E-05         1.0000000E+30                 0       
 NEXT SEEDS: DA6B5CC       1       0       0       0       0   181CD    3039       0       0
  249999992                     8                     8             2.7101762E-05         1.0000000E+30                 0       
 NEXT SEEDS: DA6B5D0       1       0       0       0       0   181CD    3039       0       0
  249999993                     7                     7             2.7101762E-05         1.0000000E+30                 0       
 NEXT SEEDS: DA6B5D4       1       0       0       0       0   181CD    3039       0       0
  249999994                     6                     6             2.7101762E-05         1.0000000E+30                 0       
 NEXT SEEDS: DA6B5D8       1       0       0       0       0   181CD    3039       0       0
  249999995                     5                     5             2.7101762E-05         1.0000000E+30                 0       
 NEXT SEEDS: DA6B5DC       1       0       0       0       0   181CD    3039       0       0
  249999996                     4                     4             2.7101762E-05         1.0000000E+30                 0       
 NEXT SEEDS: DA6B5E0       1       0       0       0       0   181CD    3039       0       0
  249999997                     3                     3             2.7101761E-05         1.0000000E+30                 0       
 NEXT SEEDS: DA6B5E4       1       0       0       0       0   181CD    3039       0       0
  249999998                     2                     2             2.7101763E-05         1.0000000E+30                 0       
 NEXT SEEDS: DA6B5E8       1       0       0       0       0   181CD    3039       0       0
  249999999                     1                     1             2.7101763E-05         1.0000000E+30                 0       
 NEXT SEEDS: DA6B5EC       1       0       0       0       0   181CD    3039       0       0
  250000000                     0                     1             2.7101763E-05         1.0000000E+30                 0       
 NEXT SEEDS: DA6B5F0       1       0       0       0       0   181CD    3039       0       0
