1NUMBER OF BEAM       NUMBER OF BEAM        APPROXIMATE NUMBER    AVERAGE TIME USED     TIME LEFT (RESERVED   NUMBER OF STARS
 PARTICLES HANDLED    PARTICLES LEFT        OF BEAM PARTICLES     BY A BEAM PARTICLE     10000.0 SECONDS      CREATED
                                            THAT CAN STILL BE                           FOR PRINTOUT)
                                            HANDLED

 NEXT SEEDS:       0       0       0       0       0       0   181CD    3039       0       0
          1             249999999             249999999             7.8916550E-05         1.0000000E+30                 0       
 NEXT SEEDS:       4       0       0       0       0       0   181CD    3039       0       0
    5000000             245000000             245000000             2.6317869E-05         1.0000000E+30                 0       
 NEXT SEEDS: 177221D       0       0       0       0       0   181CD    3039       0       0
   10000000             240000000             240000000             2.6301664E-05         1.0000000E+30                 0       
 NEXT SEEDS: 2EE25EA       0       0       0       0       0   181CD    3039       0       0
   15000000             235000000             235000000             2.6304572E-05         1.0000000E+30                 0       
 NEXT SEEDS: 4653896       0       0       0       0       0   181CD    3039       0       0
   20000000             230000000             230000000             2.6308426E-05         1.0000000E+30                 0       
 NEXT SEEDS: 5DC50C1       0       0       0       0       0   181CD    3039       0       0
   25000000             225000000             225000000             2.6316402E-05         1.0000000E+30                 0       
 NEXT SEEDS: 753912D       0       0       0       0       0   181CD    3039       0       0
   30000000             220000000             220000000             2.6351176E-05         1.0000000E+30                 0       
 NEXT SEEDS: 8CA959E       0       0       0       0       0   181CD    3039       0       0
   35000000             215000000             215000000             2.6339549E-05         1.0000000E+30                 0       
 NEXT SEEDS: A41BB17       0       0       0       0       0   181CD    3039       0       0
   40000000             210000000             210000000             2.6337805E-05         1.0000000E+30                 0       
 NEXT SEEDS: BB8DCD2       0       0       0       0       0   181CD    3039       0       0
   45000000             205000000             205000000             2.6333542E-05         1.0000000E+30                 0       
 NEXT SEEDS: D30052D       0       0       0       0       0   181CD    3039       0       0
   50000000             200000000             200000000             2.6328997E-05         1.0000000E+30                 0       
 NEXT SEEDS: EA6ED62       0       0       0       0       0   181CD    3039       0       0
   55000000             195000000             195000000             2.6324865E-05         1.0000000E+30                 0       
 NEXT SEEDS:101DCD1C       0       0       0       0       0   181CD    3039       0       0
   60000000             190000000             190000000             2.6322300E-05         1.0000000E+30                 0       
 NEXT SEEDS:1194D58B       0       0       0       0       0   181CD    3039       0       0
   65000000             185000000             185000000             2.6321141E-05         1.0000000E+30                 0       
 NEXT SEEDS:130BCC68       0       0       0       0       0   181CD    3039       0       0
   70000000             180000000             180000000             2.6315526E-05         1.0000000E+30                 0       
 NEXT SEEDS:14828A10       0       0       0       0       0   181CD    3039       0       0
   75000000             175000000             175000000             2.6313330E-05         1.0000000E+30                 0       
 NEXT SEEDS:15F97BA0       0       0       0       0       0   181CD    3039       0       0
   80000000             170000000             170000000             2.6312425E-05         1.0000000E+30                 0       
 NEXT SEEDS:1770A264       0       0       0       0       0   181CD    3039       0       0
  *** Emfgeo: Ncoun  2000000000
   85000000             165000000             165000000             2.6316468E-05         1.0000000E+30                 0       
 NEXT SEEDS:18E80A83       0       0       0       0       0   181CD    3039       0       0
   90000000             160000000             160000000             2.6316641E-05         1.0000000E+30                 0       
 NEXT SEEDS:1A5EEE91       0       0       0       0       0   181CD    3039       0       0
   95000000             155000000             155000000             2.6316544E-05         1.0000000E+30                 0       
 NEXT SEEDS:1BD5DF7A       0       0       0       0       0   181CD    3039       0       0
  100000000             150000000             150000000             2.6316332E-05         1.0000000E+30                 0       
 NEXT SEEDS:1D4D0005       0       0       0       0       0   181CD    3039       0       0
  105000000             145000000             145000000             2.6314457E-05         1.0000000E+30                 0       
 NEXT SEEDS:1EC40B6F       0       0       0       0       0   181CD    3039       0       0
  110000000             140000000             140000000             2.6314099E-05         1.0000000E+30                 0       
 NEXT SEEDS:203AE679       0       0       0       0       0   181CD    3039       0       0
  115000000             135000000             135000000             2.6312563E-05         1.0000000E+30                 0       
 NEXT SEEDS:21B208E9       0       0       0       0       0   181CD    3039       0       0
  120000000             130000000             130000000             2.6309142E-05         1.0000000E+30                 0       
 NEXT SEEDS:2328E30F       0       0       0       0       0   181CD    3039       0       0
  125000000             125000000             125000000             2.6311011E-05         1.0000000E+30                 0       
 NEXT SEEDS:249FE5AD       0       0       0       0       0   181CD    3039       0       0
  130000000             120000000             120000000             2.6328753E-05         1.0000000E+30                 0       
 NEXT SEEDS:26170744       0       0       0       0       0   181CD    3039       0       0
  135000000             115000000             115000000             2.6335933E-05         1.0000000E+30                 0       
 NEXT SEEDS:278E30C4       0       0       0       0       0   181CD    3039       0       0
  140000000             110000000             110000000             2.6334446E-05         1.0000000E+30                 0       
 NEXT SEEDS:2905494C       0       0       0       0       0   181CD    3039       0       0
  145000000             105000000             105000000             2.6335080E-05         1.0000000E+30                 0       
 NEXT SEEDS:2A7C66A3       0       0       0       0       0   181CD    3039       0       0
  150000000             100000000             100000000             2.6334065E-05         1.0000000E+30                 0       
 NEXT SEEDS:2BF33EC0       0       0       0       0       0   181CD    3039       0       0
  155000000              95000000              95000000             2.6333552E-05         1.0000000E+30                 0       
 NEXT SEEDS:2D6A7BB7       0       0       0       0       0   181CD    3039       0       0
  160000000              90000000              90000000             2.6333227E-05         1.0000000E+30                 0       
 NEXT SEEDS:2EE18D31       0       0       0       0       0   181CD    3039       0       0
  *** Emfgeo: Ncoun  2000000000
  165000000              85000000              85000000             2.6331243E-05         1.0000000E+30                 0       
 NEXT SEEDS:3058B4F7       0       0       0       0       0   181CD    3039       0       0
  170000000              80000000              80000000             2.6331637E-05         1.0000000E+30                 0       
 NEXT SEEDS:31CFD7E0       0       0       0       0       0   181CD    3039       0       0
  175000000              75000000              75000000             2.6336018E-05         1.0000000E+30                 0       
 NEXT SEEDS:3346E2F0       0       0       0       0       0   181CD    3039       0       0
  180000000              70000000              70000000             2.6336195E-05         1.0000000E+30                 0       
 NEXT SEEDS:34BE0DB5       0       0       0       0       0   181CD    3039       0       0
  185000000              65000000              65000000             2.6333905E-05         1.0000000E+30                 0       
 NEXT SEEDS:3634F1FC       0       0       0       0       0   181CD    3039       0       0
  190000000              60000000              60000000             2.6332825E-05         1.0000000E+30                 0       
 NEXT SEEDS:37ABEAEB       0       0       0       0       0   181CD    3039       0       0
  195000000              55000000              55000000             2.6332890E-05         1.0000000E+30                 0       
 NEXT SEEDS:3922C0F9       0       0       0       0       0   181CD    3039       0       0
  200000000              50000000              50000000             2.6332966E-05         1.0000000E+30                 0       
 NEXT SEEDS:3A9A0E8F       0       0       0       0       0   181CD    3039       0       0
  205000000              45000000              45000000             2.6331969E-05         1.0000000E+30                 0       
 NEXT SEEDS:  764119       1       0       0       0       0   181CD    3039       0       0
  210000000              40000000              40000000             2.6332107E-05         1.0000000E+30                 0       
 NEXT SEEDS: 1ED8B62       1       0       0       0       0   181CD    3039       0       0
  215000000              35000000              35000000             2.6331788E-05         1.0000000E+30                 0       
 NEXT SEEDS: 36495DF       1       0       0       0       0   181CD    3039       0       0
  220000000              30000000              30000000             2.6331436E-05         1.0000000E+30                 0       
 NEXT SEEDS: 4DC0579       1       0       0       0       0   181CD    3039       0       0
  225000000              25000000              25000000             2.6331549E-05         1.0000000E+30                 0       
 NEXT SEEDS: 6534536       1       0       0       0       0   181CD    3039       0       0
  230000000              20000000              20000000             2.6330211E-05         1.0000000E+30                 0       
 NEXT SEEDS: 7CA05F6       1       0       0       0       0   181CD    3039       0       0
  235000000              15000000              15000000             2.6330009E-05         1.0000000E+30                 0       
 NEXT SEEDS: 9411864       1       0       0       0       0   181CD    3039       0       0
  240000000              10000000              10000000             2.6328786E-05         1.0000000E+30                 0       
 NEXT SEEDS: AB80CD7       1       0       0       0       0   181CD    3039       0       0
  *** Emfgeo: Ncoun  2000000000
  245000000               5000000               5000000             2.6328304E-05         1.0000000E+30                 0       
 NEXT SEEDS: C2F1023       1       0       0       0       0   181CD    3039       0       0
  249999950                    50                    50             2.6328194E-05         1.0000000E+30                 0       
 NEXT SEEDS: DA64733       1       0       0       0       0   181CD    3039       0       0
  249999951                    49                    49             2.6328196E-05         1.0000000E+30                 0       
 NEXT SEEDS: DA64737       1       0       0       0       0   181CD    3039       0       0
  249999952                    48                    48             2.6328196E-05         1.0000000E+30                 0       
 NEXT SEEDS: DA6473B       1       0       0       0       0   181CD    3039       0       0
  249999953                    47                    47             2.6328198E-05         1.0000000E+30                 0       
 NEXT SEEDS: DA64741       1       0       0       0       0   181CD    3039       0       0
  249999954                    46                    46             2.6328198E-05         1.0000000E+30                 0       
 NEXT SEEDS: DA64745       1       0       0       0       0   181CD    3039       0       0
  249999955                    45                    45             2.6328198E-05         1.0000000E+30                 0       
 NEXT SEEDS: DA6474B       1       0       0       0       0   181CD    3039       0       0
  249999956                    44                    44             2.6328198E-05         1.0000000E+30                 0       
 NEXT SEEDS: DA6474F       1       0       0       0       0   181CD    3039       0       0
  249999957                    43                    43             2.6328197E-05         1.0000000E+30                 0       
 NEXT SEEDS: DA64753       1       0       0       0       0   181CD    3039       0       0
  249999958                    42                    42             2.6328197E-05         1.0000000E+30                 0       
 NEXT SEEDS: DA64757       1       0       0       0       0   181CD    3039       0       0
  249999959                    41                    41             2.6328197E-05         1.0000000E+30                 0       
 NEXT SEEDS: DA6475B       1       0       0       0       0   181CD    3039       0       0
  249999960                    40                    40             2.6328197E-05         1.0000000E+30                 0       
 NEXT SEEDS: DA64761       1       0       0       0       0   181CD    3039       0       0
  249999961                    39                    39             2.6328197E-05         1.0000000E+30                 0       
 NEXT SEEDS: DA64765       1       0       0       0       0   181CD    3039       0       0
  249999962                    38                    38             2.6328197E-05         1.0000000E+30                 0       
 NEXT SEEDS: DA64769       1       0       0       0       0   181CD    3039       0       0
  249999963                    37                    37             2.6328197E-05         1.0000000E+30                 0       
 NEXT SEEDS: DA6476D       1       0       0       0       0   181CD    3039       0       0
  249999964                    36                    36             2.6328197E-05         1.0000000E+30                 0       
 NEXT SEEDS: DA64771       1       0       0       0       0   181CD    3039       0       0
  249999965                    35                    35             2.6328197E-05         1.0000000E+30                 0       
 NEXT SEEDS: DA64775       1       0       0       0       0   181CD    3039       0       0
  249999966                    34                    34             2.6328198E-05         1.0000000E+30                 0       
 NEXT SEEDS: DA64779       1       0       0       0       0   181CD    3039       0       0
  249999967                    33                    33             2.6328198E-05         1.0000000E+30                 0       
 NEXT SEEDS: DA6477D       1       0       0       0       0   181CD    3039       0       0
  249999968                    32                    32             2.6328198E-05         1.0000000E+30                 0       
 NEXT SEEDS: DA64783       1       0       0       0       0   181CD    3039       0       0
  249999969                    31                    31             2.6328198E-05         1.0000000E+30                 0       
 NEXT SEEDS: DA64787       1       0       0       0       0   181CD    3039       0       0
  249999970                    30                    30             2.6328198E-05         1.0000000E+30                 0       
 NEXT SEEDS: DA6478B       1       0       0       0       0   181CD    3039       0       0
  249999971                    29                    29             2.6328198E-05         1.0000000E+30                 0       
 NEXT SEEDS: DA6478F       1       0       0       0       0   181CD    3039       0       0
  249999972                    28                    28             2.6328198E-05         1.0000000E+30                 0       
 NEXT SEEDS: DA647A3       1       0       0       0       0   181CD    3039       0       0
  249999973                    27                    27             2.6328198E-05         1.0000000E+30                 0       
 NEXT SEEDS: DA647A7       1       0       0       0       0   181CD    3039       0       0
  249999974                    26                    26             2.6328198E-05         1.0000000E+30                 0       
 NEXT SEEDS: DA647AB       1       0       0       0       0   181CD    3039       0       0
  249999975                    25                    25             2.6328197E-05         1.0000000E+30                 0       
 NEXT SEEDS: DA647AF       1       0       0       0       0   181CD    3039       0       0
  249999976                    24                    24             2.6328197E-05         1.0000000E+30                 0       
 NEXT SEEDS: DA647B3       1       0       0       0       0   181CD    3039       0       0
  249999977                    23                    23             2.6328197E-05         1.0000000E+30                 0       
 NEXT SEEDS: DA647B7       1       0       0       0       0   181CD    3039       0       0
  249999978                    22                    22             2.6328197E-05         1.0000000E+30                 0       
 NEXT SEEDS: DA647BB       1       0       0       0       0   181CD    3039       0       0
  249999979                    21                    21             2.6328197E-05         1.0000000E+30                 0       
 NEXT SEEDS: DA647BF       1       0       0       0       0   181CD    3039       0       0
  249999980                    20                    20             2.6328197E-05         1.0000000E+30                 0       
 NEXT SEEDS: DA647C3       1       0       0       0       0   181CD    3039       0       0
  249999981                    19                    19             2.6328197E-05         1.0000000E+30                 0       
 NEXT SEEDS: DA647C7       1       0       0       0       0   181CD    3039       0       0
  249999982                    18                    18             2.6328197E-05         1.0000000E+30                 0       
 NEXT SEEDS: DA647CD       1       0       0       0       0   181CD    3039       0       0
  249999983                    17                    17             2.6328197E-05         1.0000000E+30                 0       
 NEXT SEEDS: DA647D1       1       0       0       0       0   181CD    3039       0       0
  249999984                    16                    16             2.6328197E-05         1.0000000E+30                 0       
 NEXT SEEDS: DA647D7       1       0       0       0       0   181CD    3039       0       0
  249999985                    15                    15             2.6328196E-05         1.0000000E+30                 0       
 NEXT SEEDS: DA647DB       1       0       0       0       0   181CD    3039       0       0
  249999986                    14                    14             2.6328196E-05         1.0000000E+30                 0       
 NEXT SEEDS: DA647DF       1       0       0       0       0   181CD    3039       0       0
  249999987                    13                    13             2.6328196E-05         1.0000000E+30                 0       
 NEXT SEEDS: DA647F6       1       0       0       0       0   181CD    3039       0       0
  249999988                    12                    12             2.6328196E-05         1.0000000E+30                 0       
 NEXT SEEDS: DA647FA       1       0       0       0       0   181CD    3039       0       0
  249999989                    11                    11             2.6328196E-05         1.0000000E+30                 0       
 NEXT SEEDS: DA647FE       1       0       0       0       0   181CD    3039       0       0
  249999990                    10                    10             2.6328196E-05         1.0000000E+30                 0       
 NEXT SEEDS: DA64802       1       0       0       0       0   181CD    3039       0       0
  249999991                     9                     9             2.6328196E-05         1.0000000E+30                 0       
 NEXT SEEDS: DA64806       1       0       0       0       0   181CD    3039       0       0
  249999992                     8                     8             2.6328196E-05         1.0000000E+30                 0       
 NEXT SEEDS: DA6480A       1       0       0       0       0   181CD    3039       0       0
  249999993                     7                     7             2.6328198E-05         1.0000000E+30                 0       
 NEXT SEEDS: DA6480E       1       0       0       0       0   181CD    3039       0       0
  249999994                     6                     6             2.6328197E-05         1.0000000E+30                 0       
 NEXT SEEDS: DA64812       1       0       0       0       0   181CD    3039       0       0
  249999995                     5                     5             2.6328197E-05         1.0000000E+30                 0       
 NEXT SEEDS: DA64816       1       0       0       0       0   181CD    3039       0       0
  249999996                     4                     4             2.6328197E-05         1.0000000E+30                 0       
 NEXT SEEDS: DA6481A       1       0       0       0       0   181CD    3039       0       0
  249999997                     3                     3             2.6328197E-05         1.0000000E+30                 0       
 NEXT SEEDS: DA6481E       1       0       0       0       0   181CD    3039       0       0
  249999998                     2                     2             2.6328197E-05         1.0000000E+30                 0       
 NEXT SEEDS: DA64824       1       0       0       0       0   181CD    3039       0       0
  249999999                     1                     1             2.6328197E-05         1.0000000E+30                 0       
 NEXT SEEDS: DA64828       1       0       0       0       0   181CD    3039       0       0
  250000000                     0                     1             2.6328197E-05         1.0000000E+30                 0       
 NEXT SEEDS: DA6482E       1       0       0       0       0   181CD    3039       0       0
