1NUMBER OF BEAM       NUMBER OF BEAM        APPROXIMATE NUMBER    AVERAGE TIME USED     TIME LEFT (RESERVED   NUMBER OF STARS
 PARTICLES HANDLED    PARTICLES LEFT        OF BEAM PARTICLES     BY A BEAM PARTICLE     10000.0 SECONDS      CREATED
                                            THAT CAN STILL BE                           FOR PRINTOUT)
                                            HANDLED

 NEXT SEEDS:       0       0       0       0       0       0   181CD    3039       0       0
          1             249999999             249999999             8.8930130E-05         1.0000000E+30                 0       
 NEXT SEEDS:       4       0       0       0       0       0   181CD    3039       0       0
    5000000             245000000             245000000             2.6469974E-05         1.0000000E+30                 0       
 NEXT SEEDS: 1773BD2       0       0       0       0       0   181CD    3039       0       0
   10000000             240000000             240000000             2.6461732E-05         1.0000000E+30                 0       
 NEXT SEEDS: 2EE0A7B       0       0       0       0       0   181CD    3039       0       0
   15000000             235000000             235000000             2.6477001E-05         1.0000000E+30                 0       
 NEXT SEEDS: 46570BA       0       0       0       0       0   181CD    3039       0       0
   20000000             230000000             230000000             2.6458684E-05         1.0000000E+30                 0       
 NEXT SEEDS: 5DC40A4       0       0       0       0       0   181CD    3039       0       0
   25000000             225000000             225000000             2.6455295E-05         1.0000000E+30                 0       
 NEXT SEEDS: 7538FC2       0       0       0       0       0   181CD    3039       0       0
   30000000             220000000             220000000             2.6463006E-05         1.0000000E+30                 0       
 NEXT SEEDS: 8CABEE6       0       0       0       0       0   181CD    3039       0       0
   35000000             215000000             215000000             2.6465211E-05         1.0000000E+30                 0       
 NEXT SEEDS: A41BFBF       0       0       0       0       0   181CD    3039       0       0
   40000000             210000000             210000000             2.6468885E-05         1.0000000E+30                 0       
 NEXT SEEDS: BB91730       0       0       0       0       0   181CD    3039       0       0
   45000000             205000000             205000000             2.6467774E-05         1.0000000E+30                 0       
 NEXT SEEDS: D301056       0       0       0       0       0   181CD    3039       0       0
   50000000             200000000             200000000             2.6464542E-05         1.0000000E+30                 0       
 NEXT SEEDS: EA723F0       0       0       0       0       0   181CD    3039       0       0
   55000000             195000000             195000000             2.6462754E-05         1.0000000E+30                 0       
 NEXT SEEDS:101E4562       0       0       0       0       0   181CD    3039       0       0
   60000000             190000000             190000000             2.6459675E-05         1.0000000E+30                 0       
 NEXT SEEDS:11953BEF       0       0       0       0       0   181CD    3039       0       0
   65000000             185000000             185000000             2.6458713E-05         1.0000000E+30                 0       
 NEXT SEEDS:130C3671       0       0       0       0       0   181CD    3039       0       0
   70000000             180000000             180000000             2.6454798E-05         1.0000000E+30                 0       
 NEXT SEEDS:14832869       0       0       0       0       0   181CD    3039       0       0
   75000000             175000000             175000000             2.6453552E-05         1.0000000E+30                 0       
 NEXT SEEDS:15FA2B83       0       0       0       0       0   181CD    3039       0       0
   80000000             170000000             170000000             2.6452180E-05         1.0000000E+30                 0       
 NEXT SEEDS:17716766       0       0       0       0       0   181CD    3039       0       0
  *** Emfgeo: Ncoun  2000000000
   85000000             165000000             165000000             2.6451865E-05         1.0000000E+30                 0       
 NEXT SEEDS:18E85A97       0       0       0       0       0   181CD    3039       0       0
   90000000             160000000             160000000             2.6453098E-05         1.0000000E+30                 0       
 NEXT SEEDS:1A5FA0C6       0       0       0       0       0   181CD    3039       0       0
   95000000             155000000             155000000             2.6453981E-05         1.0000000E+30                 0       
 NEXT SEEDS:1BD6D8D2       0       0       0       0       0   181CD    3039       0       0
  100000000             150000000             150000000             2.6452034E-05         1.0000000E+30                 0       
 NEXT SEEDS:1D4DD431       0       0       0       0       0   181CD    3039       0       0
  105000000             145000000             145000000             2.6452135E-05         1.0000000E+30                 0       
 NEXT SEEDS:1EC4E1BD       0       0       0       0       0   181CD    3039       0       0
  110000000             140000000             140000000             2.6449454E-05         1.0000000E+30                 0       
 NEXT SEEDS:203BD574       0       0       0       0       0   181CD    3039       0       0
  115000000             135000000             135000000             2.6448234E-05         1.0000000E+30                 0       
 NEXT SEEDS:21B2A762       0       0       0       0       0   181CD    3039       0       0
  120000000             130000000             130000000             2.6447876E-05         1.0000000E+30                 0       
 NEXT SEEDS:2329AD52       0       0       0       0       0   181CD    3039       0       0
  125000000             125000000             125000000             2.6450129E-05         1.0000000E+30                 0       
 NEXT SEEDS:24A0FF1E       0       0       0       0       0   181CD    3039       0       0
  130000000             120000000             120000000             2.6449433E-05         1.0000000E+30                 0       
 NEXT SEEDS:26183588       0       0       0       0       0   181CD    3039       0       0
  135000000             115000000             115000000             2.6448440E-05         1.0000000E+30                 0       
 NEXT SEEDS:278F8928       0       0       0       0       0   181CD    3039       0       0
  140000000             110000000             110000000             2.6447255E-05         1.0000000E+30                 0       
 NEXT SEEDS:2906B223       0       0       0       0       0   181CD    3039       0       0
  145000000             105000000             105000000             2.6446889E-05         1.0000000E+30                 0       
 NEXT SEEDS:2A7DCFAE       0       0       0       0       0   181CD    3039       0       0
  150000000             100000000             100000000             2.6446115E-05         1.0000000E+30                 0       
 NEXT SEEDS:2BF51452       0       0       0       0       0   181CD    3039       0       0
  155000000              95000000              95000000             2.6448225E-05         1.0000000E+30                 0       
 NEXT SEEDS:2D6C86AD       0       0       0       0       0   181CD    3039       0       0
  160000000              90000000              90000000             2.6448149E-05         1.0000000E+30                 0       
 NEXT SEEDS:2EE3A0BE       0       0       0       0       0   181CD    3039       0       0
  *** Emfgeo: Ncoun  2000000000
  165000000              85000000              85000000             2.6446391E-05         1.0000000E+30                 0       
 NEXT SEEDS:305AA990       0       0       0       0       0   181CD    3039       0       0
  170000000              80000000              80000000             2.6444168E-05         1.0000000E+30                 0       
 NEXT SEEDS:31D1C9F7       0       0       0       0       0   181CD    3039       0       0
  175000000              75000000              75000000             2.6444318E-05         1.0000000E+30                 0       
 NEXT SEEDS:3348F1FB       0       0       0       0       0   181CD    3039       0       0
  180000000              70000000              70000000             2.6443950E-05         1.0000000E+30                 0       
 NEXT SEEDS:34C03884       0       0       0       0       0   181CD    3039       0       0
  185000000              65000000              65000000             2.6443026E-05         1.0000000E+30                 0       
 NEXT SEEDS:363738F6       0       0       0       0       0   181CD    3039       0       0
  190000000              60000000              60000000             2.6444389E-05         1.0000000E+30                 0       
 NEXT SEEDS:37AEBE0B       0       0       0       0       0   181CD    3039       0       0
  195000000              55000000              55000000             2.6443504E-05         1.0000000E+30                 0       
 NEXT SEEDS:3925CC2D       0       0       0       0       0   181CD    3039       0       0
  200000000              50000000              50000000             2.6444286E-05         1.0000000E+30                 0       
 NEXT SEEDS:3A9CF495       0       0       0       0       0   181CD    3039       0       0
  205000000              45000000              45000000             2.6444771E-05         1.0000000E+30                 0       
 NEXT SEEDS:  798DA2       1       0       0       0       0   181CD    3039       0       0
  210000000              40000000              40000000             2.6445258E-05         1.0000000E+30                 0       
 NEXT SEEDS: 1F0C0FB       1       0       0       0       0   181CD    3039       0       0
  215000000              35000000              35000000             2.6445137E-05         1.0000000E+30                 0       
 NEXT SEEDS: 367CC19       1       0       0       0       0   181CD    3039       0       0
  220000000              30000000              30000000             2.6445638E-05         1.0000000E+30                 0       
 NEXT SEEDS: 4DF0A00       1       0       0       0       0   181CD    3039       0       0
  225000000              25000000              25000000             2.6445459E-05         1.0000000E+30                 0       
 NEXT SEEDS: 6561DC4       1       0       0       0       0   181CD    3039       0       0
  230000000              20000000              20000000             2.6444743E-05         1.0000000E+30                 0       
 NEXT SEEDS: 7CD0DFE       1       0       0       0       0   181CD    3039       0       0
  235000000              15000000              15000000             2.6444254E-05         1.0000000E+30                 0       
 NEXT SEEDS: 9442877       1       0       0       0       0   181CD    3039       0       0
  240000000              10000000              10000000             2.6442781E-05         1.0000000E+30                 0       
 NEXT SEEDS: ABB616C       1       0       0       0       0   181CD    3039       0       0
  *** Emfgeo: Ncoun  2000000000
  245000000               5000000               5000000             2.6442316E-05         1.0000000E+30                 0       
 NEXT SEEDS: C327320       1       0       0       0       0   181CD    3039       0       0
  249999950                    50                    50             2.6442557E-05         1.0000000E+30                 0       
 NEXT SEEDS: DA99006       1       0       0       0       0   181CD    3039       0       0
  249999951                    49                    49             2.6442559E-05         1.0000000E+30                 0       
 NEXT SEEDS: DA99012       1       0       0       0       0   181CD    3039       0       0
  249999952                    48                    48             2.6442559E-05         1.0000000E+30                 0       
 NEXT SEEDS: DA99016       1       0       0       0       0   181CD    3039       0       0
  249999953                    47                    47             2.6442561E-05         1.0000000E+30                 0       
 NEXT SEEDS: DA9901A       1       0       0       0       0   181CD    3039       0       0
  249999954                    46                    46             2.6442561E-05         1.0000000E+30                 0       
 NEXT SEEDS: DA9901E       1       0       0       0       0   181CD    3039       0       0
  249999955                    45                    45             2.6442561E-05         1.0000000E+30                 0       
 NEXT SEEDS: DA99022       1       0       0       0       0   181CD    3039       0       0
  249999956                    44                    44             2.6442560E-05         1.0000000E+30                 0       
 NEXT SEEDS: DA99026       1       0       0       0       0   181CD    3039       0       0
  249999957                    43                    43             2.6442560E-05         1.0000000E+30                 0       
 NEXT SEEDS: DA9902A       1       0       0       0       0   181CD    3039       0       0
  249999958                    42                    42             2.6442560E-05         1.0000000E+30                 0       
 NEXT SEEDS: DA9902E       1       0       0       0       0   181CD    3039       0       0
  249999959                    41                    41             2.6442560E-05         1.0000000E+30                 0       
 NEXT SEEDS: DA99032       1       0       0       0       0   181CD    3039       0       0
  249999960                    40                    40             2.6442560E-05         1.0000000E+30                 0       
 NEXT SEEDS: DA99036       1       0       0       0       0   181CD    3039       0       0
  249999961                    39                    39             2.6442560E-05         1.0000000E+30                 0       
 NEXT SEEDS: DA9903A       1       0       0       0       0   181CD    3039       0       0
  249999962                    38                    38             2.6442560E-05         1.0000000E+30                 0       
 NEXT SEEDS: DA9903E       1       0       0       0       0   181CD    3039       0       0
  249999963                    37                    37             2.6442560E-05         1.0000000E+30                 0       
 NEXT SEEDS: DA99048       1       0       0       0       0   181CD    3039       0       0
  249999964                    36                    36             2.6442560E-05         1.0000000E+30                 0       
 NEXT SEEDS: DA9904C       1       0       0       0       0   181CD    3039       0       0
  249999965                    35                    35             2.6442560E-05         1.0000000E+30                 0       
 NEXT SEEDS: DA99050       1       0       0       0       0   181CD    3039       0       0
  249999966                    34                    34             2.6442559E-05         1.0000000E+30                 0       
 NEXT SEEDS: DA99054       1       0       0       0       0   181CD    3039       0       0
  249999967                    33                    33             2.6442559E-05         1.0000000E+30                 0       
 NEXT SEEDS: DA99058       1       0       0       0       0   181CD    3039       0       0
  249999968                    32                    32             2.6442559E-05         1.0000000E+30                 0       
 NEXT SEEDS: DA9905C       1       0       0       0       0   181CD    3039       0       0
  249999969                    31                    31             2.6442559E-05         1.0000000E+30                 0       
 NEXT SEEDS: DA99060       1       0       0       0       0   181CD    3039       0       0
  249999970                    30                    30             2.6442559E-05         1.0000000E+30                 0       
 NEXT SEEDS: DA99064       1       0       0       0       0   181CD    3039       0       0
  249999971                    29                    29             2.6442559E-05         1.0000000E+30                 0       
 NEXT SEEDS: DA99068       1       0       0       0       0   181CD    3039       0       0
  249999972                    28                    28             2.6442559E-05         1.0000000E+30                 0       
 NEXT SEEDS: DA9906C       1       0       0       0       0   181CD    3039       0       0
  249999973                    27                    27             2.6442559E-05         1.0000000E+30                 0       
 NEXT SEEDS: DA99070       1       0       0       0       0   181CD    3039       0       0
  249999974                    26                    26             2.6442559E-05         1.0000000E+30                 0       
 NEXT SEEDS: DA99074       1       0       0       0       0   181CD    3039       0       0
  249999975                    25                    25             2.6442558E-05         1.0000000E+30                 0       
 NEXT SEEDS: DA99078       1       0       0       0       0   181CD    3039       0       0
  249999976                    24                    24             2.6442558E-05         1.0000000E+30                 0       
 NEXT SEEDS: DA9907C       1       0       0       0       0   181CD    3039       0       0
  249999977                    23                    23             2.6442558E-05         1.0000000E+30                 0       
 NEXT SEEDS: DA99080       1       0       0       0       0   181CD    3039       0       0
  249999978                    22                    22             2.6442558E-05         1.0000000E+30                 0       
 NEXT SEEDS: DA99084       1       0       0       0       0   181CD    3039       0       0
  249999979                    21                    21             2.6442558E-05         1.0000000E+30                 0       
 NEXT SEEDS: DA99088       1       0       0       0       0   181CD    3039       0       0
  249999980                    20                    20             2.6442558E-05         1.0000000E+30                 0       
 NEXT SEEDS: DA9908E       1       0       0       0       0   181CD    3039       0       0
  249999981                    19                    19             2.6442558E-05         1.0000000E+30                 0       
 NEXT SEEDS: DA99092       1       0       0       0       0   181CD    3039       0       0
  249999982                    18                    18             2.6442558E-05         1.0000000E+30                 0       
 NEXT SEEDS: DA99096       1       0       0       0       0   181CD    3039       0       0
  249999983                    17                    17             2.6442558E-05         1.0000000E+30                 0       
 NEXT SEEDS: DA9909A       1       0       0       0       0   181CD    3039       0       0
  249999984                    16                    16             2.6442558E-05         1.0000000E+30                 0       
 NEXT SEEDS: DA9909E       1       0       0       0       0   181CD    3039       0       0
  249999985                    15                    15             2.6442557E-05         1.0000000E+30                 0       
 NEXT SEEDS: DA990A2       1       0       0       0       0   181CD    3039       0       0
  249999986                    14                    14             2.6442557E-05         1.0000000E+30                 0       
 NEXT SEEDS: DA990A6       1       0       0       0       0   181CD    3039       0       0
  249999987                    13                    13             2.6442559E-05         1.0000000E+30                 0       
 NEXT SEEDS: DA990AA       1       0       0       0       0   181CD    3039       0       0
  249999988                    12                    12             2.6442559E-05         1.0000000E+30                 0       
 NEXT SEEDS: DA990AE       1       0       0       0       0   181CD    3039       0       0
  249999989                    11                    11             2.6442559E-05         1.0000000E+30                 0       
 NEXT SEEDS: DA990B2       1       0       0       0       0   181CD    3039       0       0
  249999990                    10                    10             2.6442559E-05         1.0000000E+30                 0       
 NEXT SEEDS: DA990B6       1       0       0       0       0   181CD    3039       0       0
  249999991                     9                     9             2.6442559E-05         1.0000000E+30                 0       
 NEXT SEEDS: DA990BA       1       0       0       0       0   181CD    3039       0       0
  249999992                     8                     8             2.6442559E-05         1.0000000E+30                 0       
 NEXT SEEDS: DA990BE       1       0       0       0       0   181CD    3039       0       0
  249999993                     7                     7             2.6442559E-05         1.0000000E+30                 0       
 NEXT SEEDS: DA990C2       1       0       0       0       0   181CD    3039       0       0
  249999994                     6                     6             2.6442558E-05         1.0000000E+30                 0       
 NEXT SEEDS: DA990C6       1       0       0       0       0   181CD    3039       0       0
  249999995                     5                     5             2.6442558E-05         1.0000000E+30                 0       
 NEXT SEEDS: DA990CA       1       0       0       0       0   181CD    3039       0       0
  249999996                     4                     4             2.6442558E-05         1.0000000E+30                 0       
 NEXT SEEDS: DA990CE       1       0       0       0       0   181CD    3039       0       0
  249999997                     3                     3             2.6442558E-05         1.0000000E+30                 0       
 NEXT SEEDS: DA990D4       1       0       0       0       0   181CD    3039       0       0
  249999998                     2                     2             2.6442558E-05         1.0000000E+30                 0       
 NEXT SEEDS: DA990D8       1       0       0       0       0   181CD    3039       0       0
  249999999                     1                     1             2.6442558E-05         1.0000000E+30                 0       
 NEXT SEEDS: DA990DC       1       0       0       0       0   181CD    3039       0       0
  250000000                     0                     1             2.6442558E-05         1.0000000E+30                 0       
 NEXT SEEDS: DA990E0       1       0       0       0       0   181CD    3039       0       0
