1NUMBER OF BEAM       NUMBER OF BEAM        APPROXIMATE NUMBER    AVERAGE TIME USED     TIME LEFT (RESERVED   NUMBER OF STARS
 PARTICLES HANDLED    PARTICLES LEFT        OF BEAM PARTICLES     BY A BEAM PARTICLE     10000.0 SECONDS      CREATED
                                            THAT CAN STILL BE                           FOR PRINTOUT)
                                            HANDLED

 NEXT SEEDS:       0       0       0       0       0       0   181CD    3039       0       0
          1             249999999             249999999             7.4863434E-05         1.0000000E+30                 0       
 NEXT SEEDS:       4       0       0       0       0       0   181CD    3039       0       0
    5000000             245000000             245000000             2.6773107E-05         1.0000000E+30                 0       
 NEXT SEEDS: 1773736       0       0       0       0       0   181CD    3039       0       0
   10000000             240000000             240000000             2.6758053E-05         1.0000000E+30                 0       
 NEXT SEEDS: 2EE28B2       0       0       0       0       0   181CD    3039       0       0
   15000000             235000000             235000000             2.6755943E-05         1.0000000E+30                 0       
 NEXT SEEDS: 465412D       0       0       0       0       0   181CD    3039       0       0
   20000000             230000000             230000000             2.6766789E-05         1.0000000E+30                 0       
 NEXT SEEDS: 5DC6638       0       0       0       0       0   181CD    3039       0       0
   25000000             225000000             225000000             2.6762516E-05         1.0000000E+30                 0       
 NEXT SEEDS: 753A805       0       0       0       0       0   181CD    3039       0       0
   30000000             220000000             220000000             2.6756436E-05         1.0000000E+30                 0       
 NEXT SEEDS: 8CADABD       0       0       0       0       0   181CD    3039       0       0
   35000000             215000000             215000000             2.6758023E-05         1.0000000E+30                 0       
 NEXT SEEDS: A422AC7       0       0       0       0       0   181CD    3039       0       0
   40000000             210000000             210000000             2.6760874E-05         1.0000000E+30                 0       
 NEXT SEEDS: BB98D15       0       0       0       0       0   181CD    3039       0       0
   45000000             205000000             205000000             2.6760181E-05         1.0000000E+30                 0       
 NEXT SEEDS: D30D977       0       0       0       0       0   181CD    3039       0       0
   50000000             200000000             200000000             2.6760960E-05         1.0000000E+30                 0       
 NEXT SEEDS: EA825AD       0       0       0       0       0   181CD    3039       0       0
   55000000             195000000             195000000             2.6762336E-05         1.0000000E+30                 0       
 NEXT SEEDS:101F41F0       0       0       0       0       0   181CD    3039       0       0
   60000000             190000000             190000000             2.6759286E-05         1.0000000E+30                 0       
 NEXT SEEDS:11967519       0       0       0       0       0   181CD    3039       0       0
   65000000             185000000             185000000             2.6758874E-05         1.0000000E+30                 0       
 NEXT SEEDS:130D828F       0       0       0       0       0   181CD    3039       0       0
   70000000             180000000             180000000             2.6753347E-05         1.0000000E+30                 0       
 NEXT SEEDS:14846122       0       0       0       0       0   181CD    3039       0       0
   75000000             175000000             175000000             2.6752508E-05         1.0000000E+30                 0       
 NEXT SEEDS:15FB5F9D       0       0       0       0       0   181CD    3039       0       0
   80000000             170000000             170000000             2.6752105E-05         1.0000000E+30                 0       
 NEXT SEEDS:17729698       0       0       0       0       0   181CD    3039       0       0
  *** Emfgeo: Ncoun  2000000000
   85000000             165000000             165000000             2.6752871E-05         1.0000000E+30                 0       
 NEXT SEEDS:18E9C0E5       0       0       0       0       0   181CD    3039       0       0
   90000000             160000000             160000000             2.6754903E-05         1.0000000E+30                 0       
 NEXT SEEDS:1A60F78D       0       0       0       0       0   181CD    3039       0       0
   95000000             155000000             155000000             2.6755771E-05         1.0000000E+30                 0       
 NEXT SEEDS:1BD81D07       0       0       0       0       0   181CD    3039       0       0
  100000000             150000000             150000000             2.6752101E-05         1.0000000E+30                 0       
 NEXT SEEDS:1D4EAE89       0       0       0       0       0   181CD    3039       0       0
  105000000             145000000             145000000             2.6751304E-05         1.0000000E+30                 0       
 NEXT SEEDS:1EC5BD22       0       0       0       0       0   181CD    3039       0       0
  110000000             140000000             140000000             2.6749324E-05         1.0000000E+30                 0       
 NEXT SEEDS:203CAEB5       0       0       0       0       0   181CD    3039       0       0
  115000000             135000000             135000000             2.6750158E-05         1.0000000E+30                 0       
 NEXT SEEDS:21B366F2       0       0       0       0       0   181CD    3039       0       0
  120000000             130000000             130000000             2.6749116E-05         1.0000000E+30                 0       
 NEXT SEEDS:232A42F9       0       0       0       0       0   181CD    3039       0       0
  125000000             125000000             125000000             2.6751093E-05         1.0000000E+30                 0       
 NEXT SEEDS:24A1693B       0       0       0       0       0   181CD    3039       0       0
  130000000             120000000             120000000             2.6751504E-05         1.0000000E+30                 0       
 NEXT SEEDS:2618B283       0       0       0       0       0   181CD    3039       0       0
  135000000             115000000             115000000             2.6751428E-05         1.0000000E+30                 0       
 NEXT SEEDS:278FB567       0       0       0       0       0   181CD    3039       0       0
  140000000             110000000             110000000             2.6751450E-05         1.0000000E+30                 0       
 NEXT SEEDS:2906E23C       0       0       0       0       0   181CD    3039       0       0
  145000000             105000000             105000000             2.6752665E-05         1.0000000E+30                 0       
 NEXT SEEDS:2A7DBEFB       0       0       0       0       0   181CD    3039       0       0
  150000000             100000000             100000000             2.6753679E-05         1.0000000E+30                 0       
 NEXT SEEDS:2BF4F7F3       0       0       0       0       0   181CD    3039       0       0
  155000000              95000000              95000000             2.6754750E-05         1.0000000E+30                 0       
 NEXT SEEDS:2D6C2462       0       0       0       0       0   181CD    3039       0       0
  160000000              90000000              90000000             2.6760204E-05         1.0000000E+30                 0       
 NEXT SEEDS:2EE359DB       0       0       0       0       0   181CD    3039       0       0
  *** Emfgeo: Ncoun  2000000000
  165000000              85000000              85000000             2.6768039E-05         1.0000000E+30                 0       
 NEXT SEEDS:305A5135       0       0       0       0       0   181CD    3039       0       0
  170000000              80000000              80000000             2.6773937E-05         1.0000000E+30                 0       
 NEXT SEEDS:31D15001       0       0       0       0       0   181CD    3039       0       0
  175000000              75000000              75000000             2.6778724E-05         1.0000000E+30                 0       
 NEXT SEEDS:33483F6A       0       0       0       0       0   181CD    3039       0       0
  180000000              70000000              70000000             2.6778754E-05         1.0000000E+30                 0       
 NEXT SEEDS:34BF6D73       0       0       0       0       0   181CD    3039       0       0
  185000000              65000000              65000000             2.6778169E-05         1.0000000E+30                 0       
 NEXT SEEDS:363673D5       0       0       0       0       0   181CD    3039       0       0
  190000000              60000000              60000000             2.6778500E-05         1.0000000E+30                 0       
 NEXT SEEDS:37ADC34C       0       0       0       0       0   181CD    3039       0       0
  195000000              55000000              55000000             2.6779061E-05         1.0000000E+30                 0       
 NEXT SEEDS:3924C444       0       0       0       0       0   181CD    3039       0       0
  200000000              50000000              50000000             2.6777724E-05         1.0000000E+30                 0       
 NEXT SEEDS:3A9BCB3C       0       0       0       0       0   181CD    3039       0       0
  205000000              45000000              45000000             2.6778258E-05         1.0000000E+30                 0       
 NEXT SEEDS:  78422F       1       0       0       0       0   181CD    3039       0       0
  210000000              40000000              40000000             2.6778034E-05         1.0000000E+30                 0       
 NEXT SEEDS: 1EF39F6       1       0       0       0       0   181CD    3039       0       0
  215000000              35000000              35000000             2.6777230E-05         1.0000000E+30                 0       
 NEXT SEEDS: 366141B       1       0       0       0       0   181CD    3039       0       0
  220000000              30000000              30000000             2.6780211E-05         1.0000000E+30                 0       
 NEXT SEEDS: 4DD1106       1       0       0       0       0   181CD    3039       0       0
  225000000              25000000              25000000             2.6789162E-05         1.0000000E+30                 0       
 NEXT SEEDS: 6542505       1       0       0       0       0   181CD    3039       0       0
  230000000              20000000              20000000             2.6795017E-05         1.0000000E+30                 0       
 NEXT SEEDS: 7CB09A1       1       0       0       0       0   181CD    3039       0       0
  235000000              15000000              15000000             2.6794734E-05         1.0000000E+30                 0       
 NEXT SEEDS: 94229B9       1       0       0       0       0   181CD    3039       0       0
  240000000              10000000              10000000             2.6793033E-05         1.0000000E+30                 0       
 NEXT SEEDS: AB936EA       1       0       0       0       0   181CD    3039       0       0
  *** Emfgeo: Ncoun  2000000000
  245000000               5000000               5000000             2.6795866E-05         1.0000000E+30                 0       
 NEXT SEEDS: C303AE9       1       0       0       0       0   181CD    3039       0       0
  249999950                    50                    50             2.6795958E-05         1.0000000E+30                 0       
 NEXT SEEDS: DA750A6       1       0       0       0       0   181CD    3039       0       0
  249999951                    49                    49             2.6795958E-05         1.0000000E+30                 0       
 NEXT SEEDS: DA750AA       1       0       0       0       0   181CD    3039       0       0
  249999952                    48                    48             2.6795958E-05         1.0000000E+30                 0       
 NEXT SEEDS: DA750AE       1       0       0       0       0   181CD    3039       0       0
  249999953                    47                    47             2.6795958E-05         1.0000000E+30                 0       
 NEXT SEEDS: DA750B2       1       0       0       0       0   181CD    3039       0       0
  249999954                    46                    46             2.6795958E-05         1.0000000E+30                 0       
 NEXT SEEDS: DA750B6       1       0       0       0       0   181CD    3039       0       0
  249999955                    45                    45             2.6795958E-05         1.0000000E+30                 0       
 NEXT SEEDS: DA750BA       1       0       0       0       0   181CD    3039       0       0
  249999956                    44                    44             2.6795957E-05         1.0000000E+30                 0       
 NEXT SEEDS: DA750BE       1       0       0       0       0   181CD    3039       0       0
  249999957                    43                    43             2.6795959E-05         1.0000000E+30                 0       
 NEXT SEEDS: DA750C2       1       0       0       0       0   181CD    3039       0       0
  249999958                    42                    42             2.6795959E-05         1.0000000E+30                 0       
 NEXT SEEDS: DA750C6       1       0       0       0       0   181CD    3039       0       0
  249999959                    41                    41             2.6795959E-05         1.0000000E+30                 0       
 NEXT SEEDS: DA750CA       1       0       0       0       0   181CD    3039       0       0
  249999960                    40                    40             2.6795959E-05         1.0000000E+30                 0       
 NEXT SEEDS: DA750CE       1       0       0       0       0   181CD    3039       0       0
  249999961                    39                    39             2.6795959E-05         1.0000000E+30                 0       
 NEXT SEEDS: DA750D2       1       0       0       0       0   181CD    3039       0       0
  249999962                    38                    38             2.6795959E-05         1.0000000E+30                 0       
 NEXT SEEDS: DA750D6       1       0       0       0       0   181CD    3039       0       0
  249999963                    37                    37             2.6795959E-05         1.0000000E+30                 0       
 NEXT SEEDS: DA750DA       1       0       0       0       0   181CD    3039       0       0
  249999964                    36                    36             2.6795959E-05         1.0000000E+30                 0       
 NEXT SEEDS: DA750DE       1       0       0       0       0   181CD    3039       0       0
  249999965                    35                    35             2.6795958E-05         1.0000000E+30                 0       
 NEXT SEEDS: DA750E2       1       0       0       0       0   181CD    3039       0       0
  249999966                    34                    34             2.6795958E-05         1.0000000E+30                 0       
 NEXT SEEDS: DA750E6       1       0       0       0       0   181CD    3039       0       0
  249999967                    33                    33             2.6795958E-05         1.0000000E+30                 0       
 NEXT SEEDS: DA750EA       1       0       0       0       0   181CD    3039       0       0
  249999968                    32                    32             2.6795958E-05         1.0000000E+30                 0       
 NEXT SEEDS: DA750EE       1       0       0       0       0   181CD    3039       0       0
  249999969                    31                    31             2.6795958E-05         1.0000000E+30                 0       
 NEXT SEEDS: DA750F2       1       0       0       0       0   181CD    3039       0       0
  249999970                    30                    30             2.6795958E-05         1.0000000E+30                 0       
 NEXT SEEDS: DA750F6       1       0       0       0       0   181CD    3039       0       0
  249999971                    29                    29             2.6795958E-05         1.0000000E+30                 0       
 NEXT SEEDS: DA750FA       1       0       0       0       0   181CD    3039       0       0
  249999972                    28                    28             2.6795958E-05         1.0000000E+30                 0       
 NEXT SEEDS: DA750FE       1       0       0       0       0   181CD    3039       0       0
  249999973                    27                    27             2.6795960E-05         1.0000000E+30                 0       
 NEXT SEEDS: DA75102       1       0       0       0       0   181CD    3039       0       0
  249999974                    26                    26             2.6795961E-05         1.0000000E+30                 0       
 NEXT SEEDS: DA75118       1       0       0       0       0   181CD    3039       0       0
  249999975                    25                    25             2.6795961E-05         1.0000000E+30                 0       
 NEXT SEEDS: DA7511C       1       0       0       0       0   181CD    3039       0       0
  249999976                    24                    24             2.6795961E-05         1.0000000E+30                 0       
 NEXT SEEDS: DA75120       1       0       0       0       0   181CD    3039       0       0
  249999977                    23                    23             2.6795963E-05         1.0000000E+30                 0       
 NEXT SEEDS: DA75124       1       0       0       0       0   181CD    3039       0       0
  249999978                    22                    22             2.6795965E-05         1.0000000E+30                 0       
 NEXT SEEDS: DA75128       1       0       0       0       0   181CD    3039       0       0
  249999979                    21                    21             2.6795965E-05         1.0000000E+30                 0       
 NEXT SEEDS: DA7512C       1       0       0       0       0   181CD    3039       0       0
  249999980                    20                    20             2.6795965E-05         1.0000000E+30                 0       
 NEXT SEEDS: DA75130       1       0       0       0       0   181CD    3039       0       0
  249999981                    19                    19             2.6795966E-05         1.0000000E+30                 0       
 NEXT SEEDS: DA75134       1       0       0       0       0   181CD    3039       0       0
  249999982                    18                    18             2.6795966E-05         1.0000000E+30                 0       
 NEXT SEEDS: DA7513A       1       0       0       0       0   181CD    3039       0       0
  249999983                    17                    17             2.6795968E-05         1.0000000E+30                 0       
 NEXT SEEDS: DA7513E       1       0       0       0       0   181CD    3039       0       0
  249999984                    16                    16             2.6795968E-05         1.0000000E+30                 0       
 NEXT SEEDS: DA75142       1       0       0       0       0   181CD    3039       0       0
  249999985                    15                    15             2.6795968E-05         1.0000000E+30                 0       
 NEXT SEEDS: DA75146       1       0       0       0       0   181CD    3039       0       0
  249999986                    14                    14             2.6795970E-05         1.0000000E+30                 0       
 NEXT SEEDS: DA7514C       1       0       0       0       0   181CD    3039       0       0
  249999987                    13                    13             2.6795972E-05         1.0000000E+30                 0       
 NEXT SEEDS: DA75150       1       0       0       0       0   181CD    3039       0       0
  249999988                    12                    12             2.6795972E-05         1.0000000E+30                 0       
 NEXT SEEDS: DA75154       1       0       0       0       0   181CD    3039       0       0
  249999989                    11                    11             2.6795973E-05         1.0000000E+30                 0       
 NEXT SEEDS: DA75158       1       0       0       0       0   181CD    3039       0       0
  249999990                    10                    10             2.6795973E-05         1.0000000E+30                 0       
 NEXT SEEDS: DA7515C       1       0       0       0       0   181CD    3039       0       0
  249999991                     9                     9             2.6795973E-05         1.0000000E+30                 0       
 NEXT SEEDS: DA75160       1       0       0       0       0   181CD    3039       0       0
  249999992                     8                     8             2.6795975E-05         1.0000000E+30                 0       
 NEXT SEEDS: DA75164       1       0       0       0       0   181CD    3039       0       0
  249999993                     7                     7             2.6795975E-05         1.0000000E+30                 0       
 NEXT SEEDS: DA75168       1       0       0       0       0   181CD    3039       0       0
  249999994                     6                     6             2.6795975E-05         1.0000000E+30                 0       
 NEXT SEEDS: DA7516C       1       0       0       0       0   181CD    3039       0       0
  249999995                     5                     5             2.6795975E-05         1.0000000E+30                 0       
 NEXT SEEDS: DA75170       1       0       0       0       0   181CD    3039       0       0
  249999996                     4                     4             2.6795975E-05         1.0000000E+30                 0       
 NEXT SEEDS: DA75174       1       0       0       0       0   181CD    3039       0       0
  249999997                     3                     3             2.6795975E-05         1.0000000E+30                 0       
 NEXT SEEDS: DA75178       1       0       0       0       0   181CD    3039       0       0
  249999998                     2                     2             2.6795976E-05         1.0000000E+30                 0       
 NEXT SEEDS: DA7517C       1       0       0       0       0   181CD    3039       0       0
  249999999                     1                     1             2.6795976E-05         1.0000000E+30                 0       
 NEXT SEEDS: DA75180       1       0       0       0       0   181CD    3039       0       0
  250000000                     0                     1             2.6795976E-05         1.0000000E+30                 0       
 NEXT SEEDS: DA75184       1       0       0       0       0   181CD    3039       0       0
