1NUMBER OF BEAM       NUMBER OF BEAM        APPROXIMATE NUMBER    AVERAGE TIME USED     TIME LEFT (RESERVED   NUMBER OF STARS
 PARTICLES HANDLED    PARTICLES LEFT        OF BEAM PARTICLES     BY A BEAM PARTICLE     10000.0 SECONDS      CREATED
                                            THAT CAN STILL BE                           FOR PRINTOUT)
                                            HANDLED

 NEXT SEEDS:       0       0       0       0       0       0   181CD    3039       0       0
          1             249999999             249999999             6.2704086E-04         1.0000000E+30                 0       
 NEXT SEEDS:       4       0       0       0       0       0   181CD    3039       0       0
    5000000             245000000             245000000             2.7360088E-05         1.0000000E+30                 0       
 NEXT SEEDS: 1770528       0       0       0       0       0   181CD    3039       0       0
   10000000             240000000             240000000             2.7393531E-05         1.0000000E+30                 0       
 NEXT SEEDS: 2EE34AA       0       0       0       0       0   181CD    3039       0       0
   15000000             235000000             235000000             2.7393663E-05         1.0000000E+30                 0       
 NEXT SEEDS: 4657277       0       0       0       0       0   181CD    3039       0       0
   20000000             230000000             230000000             2.7388474E-05         1.0000000E+30                 0       
 NEXT SEEDS: 5DC93BE       0       0       0       0       0   181CD    3039       0       0
   25000000             225000000             225000000             2.7382940E-05         1.0000000E+30                 0       
 NEXT SEEDS: 753D1A7       0       0       0       0       0   181CD    3039       0       0
   30000000             220000000             220000000             2.7365650E-05         1.0000000E+30                 0       
 NEXT SEEDS: 8CAFF94       0       0       0       0       0   181CD    3039       0       0
   35000000             215000000             215000000             2.7365137E-05         1.0000000E+30                 0       
 NEXT SEEDS: A420FBD       0       0       0       0       0   181CD    3039       0       0
   40000000             210000000             210000000             2.7360684E-05         1.0000000E+30                 0       
 NEXT SEEDS: BB9214A       0       0       0       0       0   181CD    3039       0       0
   45000000             205000000             205000000             2.7355738E-05         1.0000000E+30                 0       
 NEXT SEEDS: D305578       0       0       0       0       0   181CD    3039       0       0
   50000000             200000000             200000000             2.7349517E-05         1.0000000E+30                 0       
 NEXT SEEDS: EA74B48       0       0       0       0       0   181CD    3039       0       0
   55000000             195000000             195000000             2.7354612E-05         1.0000000E+30                 0       
 NEXT SEEDS:101E5890       0       0       0       0       0   181CD    3039       0       0
   60000000             190000000             190000000             2.7355949E-05         1.0000000E+30                 0       
 NEXT SEEDS:11959C66       0       0       0       0       0   181CD    3039       0       0
   65000000             185000000             185000000             2.7357336E-05         1.0000000E+30                 0       
 NEXT SEEDS:130CBF37       0       0       0       0       0   181CD    3039       0       0
   70000000             180000000             180000000             2.7352644E-05         1.0000000E+30                 0       
 NEXT SEEDS:148391EF       0       0       0       0       0   181CD    3039       0       0
   75000000             175000000             175000000             2.7353013E-05         1.0000000E+30                 0       
 NEXT SEEDS:15FA6E80       0       0       0       0       0   181CD    3039       0       0
   80000000             170000000             170000000             2.7353887E-05         1.0000000E+30                 0       
 NEXT SEEDS:1771BB73       0       0       0       0       0   181CD    3039       0       0
  *** Emfgeo: Ncoun  2000000000
   85000000             165000000             165000000             2.7355410E-05         1.0000000E+30                 0       
 NEXT SEEDS:18E91A61       0       0       0       0       0   181CD    3039       0       0
   90000000             160000000             160000000             2.7358224E-05         1.0000000E+30                 0       
 NEXT SEEDS:1A602346       0       0       0       0       0   181CD    3039       0       0
   95000000             155000000             155000000             2.7362959E-05         1.0000000E+30                 0       
 NEXT SEEDS:1BD732E2       0       0       0       0       0   181CD    3039       0       0
  100000000             150000000             150000000             2.7365665E-05         1.0000000E+30                 0       
 NEXT SEEDS:1D4E83F6       0       0       0       0       0   181CD    3039       0       0
  105000000             145000000             145000000             2.7367059E-05         1.0000000E+30                 0       
 NEXT SEEDS:1EC5AB53       0       0       0       0       0   181CD    3039       0       0
  110000000             140000000             140000000             2.7367337E-05         1.0000000E+30                 0       
 NEXT SEEDS:203CDD98       0       0       0       0       0   181CD    3039       0       0
  115000000             135000000             135000000             2.7367473E-05         1.0000000E+30                 0       
 NEXT SEEDS:21B404BB       0       0       0       0       0   181CD    3039       0       0
  120000000             130000000             130000000             2.7369581E-05         1.0000000E+30                 0       
 NEXT SEEDS:232AF3DF       0       0       0       0       0   181CD    3039       0       0
  125000000             125000000             125000000             2.7369581E-05         1.0000000E+30                 0       
 NEXT SEEDS:24A20C90       0       0       0       0       0   181CD    3039       0       0
  130000000             120000000             120000000             2.7369577E-05         1.0000000E+30                 0       
 NEXT SEEDS:26194341       0       0       0       0       0   181CD    3039       0       0
  135000000             115000000             115000000             2.7367879E-05         1.0000000E+30                 0       
 NEXT SEEDS:27905F02       0       0       0       0       0   181CD    3039       0       0
  140000000             110000000             110000000             2.7366248E-05         1.0000000E+30                 0       
 NEXT SEEDS:29076945       0       0       0       0       0   181CD    3039       0       0
  145000000             105000000             105000000             2.7366064E-05         1.0000000E+30                 0       
 NEXT SEEDS:2A7E84FA       0       0       0       0       0   181CD    3039       0       0
  150000000             100000000             100000000             2.7363712E-05         1.0000000E+30                 0       
 NEXT SEEDS:2BF53E9C       0       0       0       0       0   181CD    3039       0       0
  155000000              95000000              95000000             2.7362321E-05         1.0000000E+30                 0       
 NEXT SEEDS:2D6C4C87       0       0       0       0       0   181CD    3039       0       0
  160000000              90000000              90000000             2.7361478E-05         1.0000000E+30                 0       
 NEXT SEEDS:2EE37BB2       0       0       0       0       0   181CD    3039       0       0
  *** Emfgeo: Ncoun  2000000000
  165000000              85000000              85000000             2.7360051E-05         1.0000000E+30                 0       
 NEXT SEEDS:305A9FC9       0       0       0       0       0   181CD    3039       0       0
  170000000              80000000              80000000             2.7359858E-05         1.0000000E+30                 0       
 NEXT SEEDS:31D1D697       0       0       0       0       0   181CD    3039       0       0
  175000000              75000000              75000000             2.7360576E-05         1.0000000E+30                 0       
 NEXT SEEDS:3349346C       0       0       0       0       0   181CD    3039       0       0
  180000000              70000000              70000000             2.7359948E-05         1.0000000E+30                 0       
 NEXT SEEDS:34C068F8       0       0       0       0       0   181CD    3039       0       0
  185000000              65000000              65000000             2.7361189E-05         1.0000000E+30                 0       
 NEXT SEEDS:3637BD1F       0       0       0       0       0   181CD    3039       0       0
  190000000              60000000              60000000             2.7364680E-05         1.0000000E+30                 0       
 NEXT SEEDS:37AF1D0F       0       0       0       0       0   181CD    3039       0       0
  195000000              55000000              55000000             2.7368470E-05         1.0000000E+30                 0       
 NEXT SEEDS:3926540A       0       0       0       0       0   181CD    3039       0       0
  200000000              50000000              50000000             2.7369193E-05         1.0000000E+30                 0       
 NEXT SEEDS:3A9D8648       0       0       0       0       0   181CD    3039       0       0
  205000000              45000000              45000000             2.7370990E-05         1.0000000E+30                 0       
 NEXT SEEDS:  79DF25       1       0       0       0       0   181CD    3039       0       0
  210000000              40000000              40000000             2.7373494E-05         1.0000000E+30                 0       
 NEXT SEEDS: 1F1181D       1       0       0       0       0   181CD    3039       0       0
  215000000              35000000              35000000             2.7373213E-05         1.0000000E+30                 0       
 NEXT SEEDS: 3681C31       1       0       0       0       0   181CD    3039       0       0
  220000000              30000000              30000000             2.7372683E-05         1.0000000E+30                 0       
 NEXT SEEDS: 4DF151E       1       0       0       0       0   181CD    3039       0       0
  225000000              25000000              25000000             2.7372370E-05         1.0000000E+30                 0       
 NEXT SEEDS: 6567100       1       0       0       0       0   181CD    3039       0       0
  230000000              20000000              20000000             2.7372863E-05         1.0000000E+30                 0       
 NEXT SEEDS: 7CD52D6       1       0       0       0       0   181CD    3039       0       0
  235000000              15000000              15000000             2.7373139E-05         1.0000000E+30                 0       
 NEXT SEEDS: 944674B       1       0       0       0       0   181CD    3039       0       0
  240000000              10000000              10000000             2.7373153E-05         1.0000000E+30                 0       
 NEXT SEEDS: ABB99E3       1       0       0       0       0   181CD    3039       0       0
  *** Emfgeo: Ncoun  2000000000
  245000000               5000000               5000000             2.7374433E-05         1.0000000E+30                 0       
 NEXT SEEDS: C32F227       1       0       0       0       0   181CD    3039       0       0
  249999950                    50                    50             2.7374893E-05         1.0000000E+30                 0       
 NEXT SEEDS: DAA36CE       1       0       0       0       0   181CD    3039       0       0
  249999951                    49                    49             2.7374893E-05         1.0000000E+30                 0       
 NEXT SEEDS: DAA36D2       1       0       0       0       0   181CD    3039       0       0
  249999952                    48                    48             2.7374892E-05         1.0000000E+30                 0       
 NEXT SEEDS: DAA36D6       1       0       0       0       0   181CD    3039       0       0
  249999953                    47                    47             2.7374892E-05         1.0000000E+30                 0       
 NEXT SEEDS: DAA36DA       1       0       0       0       0   181CD    3039       0       0
  249999954                    46                    46             2.7374892E-05         1.0000000E+30                 0       
 NEXT SEEDS: DAA36DE       1       0       0       0       0   181CD    3039       0       0
  249999955                    45                    45             2.7374892E-05         1.0000000E+30                 0       
 NEXT SEEDS: DAA36E2       1       0       0       0       0   181CD    3039       0       0
  249999956                    44                    44             2.7374892E-05         1.0000000E+30                 0       
 NEXT SEEDS: DAA36E6       1       0       0       0       0   181CD    3039       0       0
  249999957                    43                    43             2.7374892E-05         1.0000000E+30                 0       
 NEXT SEEDS: DAA36EA       1       0       0       0       0   181CD    3039       0       0
  249999958                    42                    42             2.7374892E-05         1.0000000E+30                 0       
 NEXT SEEDS: DAA36EE       1       0       0       0       0   181CD    3039       0       0
  249999959                    41                    41             2.7374892E-05         1.0000000E+30                 0       
 NEXT SEEDS: DAA36F2       1       0       0       0       0   181CD    3039       0       0
  249999960                    40                    40             2.7374892E-05         1.0000000E+30                 0       
 NEXT SEEDS: DAA3706       1       0       0       0       0   181CD    3039       0       0
  249999961                    39                    39             2.7374892E-05         1.0000000E+30                 0       
 NEXT SEEDS: DAA370A       1       0       0       0       0   181CD    3039       0       0
  249999962                    38                    38             2.7374891E-05         1.0000000E+30                 0       
 NEXT SEEDS: DAA370E       1       0       0       0       0   181CD    3039       0       0
  249999963                    37                    37             2.7374893E-05         1.0000000E+30                 0       
 NEXT SEEDS: DAA3712       1       0       0       0       0   181CD    3039       0       0
  249999964                    36                    36             2.7374893E-05         1.0000000E+30                 0       
 NEXT SEEDS: DAA3716       1       0       0       0       0   181CD    3039       0       0
  249999965                    35                    35             2.7374893E-05         1.0000000E+30                 0       
 NEXT SEEDS: DAA371A       1       0       0       0       0   181CD    3039       0       0
  249999966                    34                    34             2.7374895E-05         1.0000000E+30                 0       
 NEXT SEEDS: DAA371E       1       0       0       0       0   181CD    3039       0       0
  249999967                    33                    33             2.7374895E-05         1.0000000E+30                 0       
 NEXT SEEDS: DAA3722       1       0       0       0       0   181CD    3039       0       0
  249999968                    32                    32             2.7374895E-05         1.0000000E+30                 0       
 NEXT SEEDS: DAA3726       1       0       0       0       0   181CD    3039       0       0
  249999969                    31                    31             2.7374895E-05         1.0000000E+30                 0       
 NEXT SEEDS: DAA372A       1       0       0       0       0   181CD    3039       0       0
  249999970                    30                    30             2.7374894E-05         1.0000000E+30                 0       
 NEXT SEEDS: DAA372E       1       0       0       0       0   181CD    3039       0       0
  249999971                    29                    29             2.7374894E-05         1.0000000E+30                 0       
 NEXT SEEDS: DAA3732       1       0       0       0       0   181CD    3039       0       0
  249999972                    28                    28             2.7374894E-05         1.0000000E+30                 0       
 NEXT SEEDS: DAA3736       1       0       0       0       0   181CD    3039       0       0
  249999973                    27                    27             2.7374896E-05         1.0000000E+30                 0       
 NEXT SEEDS: DAA3743       1       0       0       0       0   181CD    3039       0       0
  249999974                    26                    26             2.7374896E-05         1.0000000E+30                 0       
 NEXT SEEDS: DAA3747       1       0       0       0       0   181CD    3039       0       0
  249999975                    25                    25             2.7374896E-05         1.0000000E+30                 0       
 NEXT SEEDS: DAA374B       1       0       0       0       0   181CD    3039       0       0
  249999976                    24                    24             2.7374898E-05         1.0000000E+30                 0       
 NEXT SEEDS: DAA374F       1       0       0       0       0   181CD    3039       0       0
  249999977                    23                    23             2.7374898E-05         1.0000000E+30                 0       
 NEXT SEEDS: DAA3753       1       0       0       0       0   181CD    3039       0       0
  249999978                    22                    22             2.7374897E-05         1.0000000E+30                 0       
 NEXT SEEDS: DAA3757       1       0       0       0       0   181CD    3039       0       0
  249999979                    21                    21             2.7374899E-05         1.0000000E+30                 0       
 NEXT SEEDS: DAA375B       1       0       0       0       0   181CD    3039       0       0
  249999980                    20                    20             2.7374899E-05         1.0000000E+30                 0       
 NEXT SEEDS: DAA375F       1       0       0       0       0   181CD    3039       0       0
  249999981                    19                    19             2.7374899E-05         1.0000000E+30                 0       
 NEXT SEEDS: DAA3763       1       0       0       0       0   181CD    3039       0       0
  249999982                    18                    18             2.7374899E-05         1.0000000E+30                 0       
 NEXT SEEDS: DAA3767       1       0       0       0       0   181CD    3039       0       0
  249999983                    17                    17             2.7374899E-05         1.0000000E+30                 0       
 NEXT SEEDS: DAA376B       1       0       0       0       0   181CD    3039       0       0
  249999984                    16                    16             2.7374899E-05         1.0000000E+30                 0       
 NEXT SEEDS: DAA376F       1       0       0       0       0   181CD    3039       0       0
  249999985                    15                    15             2.7374899E-05         1.0000000E+30                 0       
 NEXT SEEDS: DAA3773       1       0       0       0       0   181CD    3039       0       0
  249999986                    14                    14             2.7374900E-05         1.0000000E+30                 0       
 NEXT SEEDS: DAA3777       1       0       0       0       0   181CD    3039       0       0
  249999987                    13                    13             2.7374900E-05         1.0000000E+30                 0       
 NEXT SEEDS: DAA377B       1       0       0       0       0   181CD    3039       0       0
  249999988                    12                    12             2.7374900E-05         1.0000000E+30                 0       
 NEXT SEEDS: DAA377F       1       0       0       0       0   181CD    3039       0       0
  249999989                    11                    11             2.7374902E-05         1.0000000E+30                 0       
 NEXT SEEDS: DAA3785       1       0       0       0       0   181CD    3039       0       0
  249999990                    10                    10             2.7374904E-05         1.0000000E+30                 0       
 NEXT SEEDS: DAA379B       1       0       0       0       0   181CD    3039       0       0
  249999991                     9                     9             2.7374904E-05         1.0000000E+30                 0       
 NEXT SEEDS: DAA379F       1       0       0       0       0   181CD    3039       0       0
  249999992                     8                     8             2.7374906E-05         1.0000000E+30                 0       
 NEXT SEEDS: DAA37A3       1       0       0       0       0   181CD    3039       0       0
  249999993                     7                     7             2.7374906E-05         1.0000000E+30                 0       
 NEXT SEEDS: DAA37A7       1       0       0       0       0   181CD    3039       0       0
  249999994                     6                     6             2.7374905E-05         1.0000000E+30                 0       
 NEXT SEEDS: DAA37AB       1       0       0       0       0   181CD    3039       0       0
  249999995                     5                     5             2.7374905E-05         1.0000000E+30                 0       
 NEXT SEEDS: DAA37AF       1       0       0       0       0   181CD    3039       0       0
  249999996                     4                     4             2.7374907E-05         1.0000000E+30                 0       
 NEXT SEEDS: DAA37B3       1       0       0       0       0   181CD    3039       0       0
  249999997                     3                     3             2.7374907E-05         1.0000000E+30                 0       
 NEXT SEEDS: DAA37B7       1       0       0       0       0   181CD    3039       0       0
  249999998                     2                     2             2.7374907E-05         1.0000000E+30                 0       
 NEXT SEEDS: DAA37BB       1       0       0       0       0   181CD    3039       0       0
  249999999                     1                     1             2.7374909E-05         1.0000000E+30                 0       
 NEXT SEEDS: DAA37BF       1       0       0       0       0   181CD    3039       0       0
  250000000                     0                     1             2.7374909E-05         1.0000000E+30                 0       
 NEXT SEEDS: DAA37C3       1       0       0       0       0   181CD    3039       0       0
