1NUMBER OF BEAM       NUMBER OF BEAM        APPROXIMATE NUMBER    AVERAGE TIME USED     TIME LEFT (RESERVED   NUMBER OF STARS
 PARTICLES HANDLED    PARTICLES LEFT        OF BEAM PARTICLES     BY A BEAM PARTICLE     10000.0 SECONDS      CREATED
                                            THAT CAN STILL BE                           FOR PRINTOUT)
                                            HANDLED

 NEXT SEEDS:       0       0       0       0       0       0   181CD    3039       0       0
          1             249999999             249999999             5.8221817E-04         1.0000000E+30                 0       
 NEXT SEEDS:       4       0       0       0       0       0   181CD    3039       0       0
    5000000             245000000             245000000             2.7124106E-05         1.0000000E+30                 0       
 NEXT SEEDS: 1771AF8       0       0       0       0       0   181CD    3039       0       0
   10000000             240000000             240000000             2.7115082E-05         1.0000000E+30                 0       
 NEXT SEEDS: 2EE5054       0       0       0       0       0   181CD    3039       0       0
   15000000             235000000             235000000             2.7124339E-05         1.0000000E+30                 0       
 NEXT SEEDS: 4659F65       0       0       0       0       0   181CD    3039       0       0
   20000000             230000000             230000000             2.7132364E-05         1.0000000E+30                 0       
 NEXT SEEDS: 5DCC490       0       0       0       0       0   181CD    3039       0       0
   25000000             225000000             225000000             2.7130581E-05         1.0000000E+30                 0       
 NEXT SEEDS: 753DBE9       0       0       0       0       0   181CD    3039       0       0
   30000000             220000000             220000000             2.7125643E-05         1.0000000E+30                 0       
 NEXT SEEDS: 8CB255C       0       0       0       0       0   181CD    3039       0       0
   35000000             215000000             215000000             2.7118907E-05         1.0000000E+30                 0       
 NEXT SEEDS: A4241B9       0       0       0       0       0   181CD    3039       0       0
   40000000             210000000             210000000             2.7118839E-05         1.0000000E+30                 0       
 NEXT SEEDS: BB96879       0       0       0       0       0   181CD    3039       0       0
   45000000             205000000             205000000             2.7123383E-05         1.0000000E+30                 0       
 NEXT SEEDS: D308E2C       0       0       0       0       0   181CD    3039       0       0
   50000000             200000000             200000000             2.7151521E-05         1.0000000E+30                 0       
 NEXT SEEDS: EA77690       0       0       0       0       0   181CD    3039       0       0
   55000000             195000000             195000000             2.7158525E-05         1.0000000E+30                 0       
 NEXT SEEDS:101E62C3       0       0       0       0       0   181CD    3039       0       0
   60000000             190000000             190000000             2.7153833E-05         1.0000000E+30                 0       
 NEXT SEEDS:119565AD       0       0       0       0       0   181CD    3039       0       0
   65000000             185000000             185000000             2.7157876E-05         1.0000000E+30                 0       
 NEXT SEEDS:130C931B       0       0       0       0       0   181CD    3039       0       0
   70000000             180000000             180000000             2.7150954E-05         1.0000000E+30                 0       
 NEXT SEEDS:14836393       0       0       0       0       0   181CD    3039       0       0
   75000000             175000000             175000000             2.7145662E-05         1.0000000E+30                 0       
 NEXT SEEDS:15FA36B9       0       0       0       0       0   181CD    3039       0       0
   80000000             170000000             170000000             2.7148299E-05         1.0000000E+30                 0       
 NEXT SEEDS:17719166       0       0       0       0       0   181CD    3039       0       0
  *** Emfgeo: Ncoun  2000000000
   85000000             165000000             165000000             2.7148522E-05         1.0000000E+30                 0       
 NEXT SEEDS:18E8CCDF       0       0       0       0       0   181CD    3039       0       0
   90000000             160000000             160000000             2.7147929E-05         1.0000000E+30                 0       
 NEXT SEEDS:1A5FDFB7       0       0       0       0       0   181CD    3039       0       0
   95000000             155000000             155000000             2.7152641E-05         1.0000000E+30                 0       
 NEXT SEEDS:1BD6ED9D       0       0       0       0       0   181CD    3039       0       0
  100000000             150000000             150000000             2.7154318E-05         1.0000000E+30                 0       
 NEXT SEEDS:1D4E56E2       0       0       0       0       0   181CD    3039       0       0
  105000000             145000000             145000000             2.7151966E-05         1.0000000E+30                 0       
 NEXT SEEDS:1EC57944       0       0       0       0       0   181CD    3039       0       0
  110000000             140000000             140000000             2.7149522E-05         1.0000000E+30                 0       
 NEXT SEEDS:203C8222       0       0       0       0       0   181CD    3039       0       0
  115000000             135000000             135000000             2.7147834E-05         1.0000000E+30                 0       
 NEXT SEEDS:21B3AA54       0       0       0       0       0   181CD    3039       0       0
  120000000             130000000             130000000             2.7147881E-05         1.0000000E+30                 0       
 NEXT SEEDS:232AC164       0       0       0       0       0   181CD    3039       0       0
  125000000             125000000             125000000             2.7148687E-05         1.0000000E+30                 0       
 NEXT SEEDS:24A1EBA1       0       0       0       0       0   181CD    3039       0       0
  130000000             120000000             120000000             2.7149700E-05         1.0000000E+30                 0       
 NEXT SEEDS:2619200B       0       0       0       0       0   181CD    3039       0       0
  135000000             115000000             115000000             2.7147435E-05         1.0000000E+30                 0       
 NEXT SEEDS:27903BFC       0       0       0       0       0   181CD    3039       0       0
  140000000             110000000             110000000             2.7146238E-05         1.0000000E+30                 0       
 NEXT SEEDS:290725B7       0       0       0       0       0   181CD    3039       0       0
  145000000             105000000             105000000             2.7147952E-05         1.0000000E+30                 0       
 NEXT SEEDS:2A7E58EB       0       0       0       0       0   181CD    3039       0       0
  150000000             100000000             100000000             2.7146578E-05         1.0000000E+30                 0       
 NEXT SEEDS:2BF54B43       0       0       0       0       0   181CD    3039       0       0
  155000000              95000000              95000000             2.7144923E-05         1.0000000E+30                 0       
 NEXT SEEDS:2D6C6541       0       0       0       0       0   181CD    3039       0       0
  160000000              90000000              90000000             2.7146320E-05         1.0000000E+30                 0       
 NEXT SEEDS:2EE37A5C       0       0       0       0       0   181CD    3039       0       0
  *** Emfgeo: Ncoun  2000000000
  165000000              85000000              85000000             2.7148202E-05         1.0000000E+30                 0       
 NEXT SEEDS:305AA1DC       0       0       0       0       0   181CD    3039       0       0
  170000000              80000000              80000000             2.7147898E-05         1.0000000E+30                 0       
 NEXT SEEDS:31D19423       0       0       0       0       0   181CD    3039       0       0
  175000000              75000000              75000000             2.7148087E-05         1.0000000E+30                 0       
 NEXT SEEDS:3348B63D       0       0       0       0       0   181CD    3039       0       0
  180000000              70000000              70000000             2.7149843E-05         1.0000000E+30                 0       
 NEXT SEEDS:34BFDEB4       0       0       0       0       0   181CD    3039       0       0
  185000000              65000000              65000000             2.7149980E-05         1.0000000E+30                 0       
 NEXT SEEDS:36370A93       0       0       0       0       0   181CD    3039       0       0
  190000000              60000000              60000000             2.7150556E-05         1.0000000E+30                 0       
 NEXT SEEDS:37AE76B5       0       0       0       0       0   181CD    3039       0       0
  195000000              55000000              55000000             2.7150784E-05         1.0000000E+30                 0       
 NEXT SEEDS:3925A334       0       0       0       0       0   181CD    3039       0       0
  200000000              50000000              50000000             2.7149854E-05         1.0000000E+30                 0       
 NEXT SEEDS:3A9CD3AB       0       0       0       0       0   181CD    3039       0       0
  205000000              45000000              45000000             2.7148471E-05         1.0000000E+30                 0       
 NEXT SEEDS:  792E5E       1       0       0       0       0   181CD    3039       0       0
  210000000              40000000              40000000             2.7148187E-05         1.0000000E+30                 0       
 NEXT SEEDS: 1F057A7       1       0       0       0       0   181CD    3039       0       0
  215000000              35000000              35000000             2.7148404E-05         1.0000000E+30                 0       
 NEXT SEEDS: 3677528       1       0       0       0       0   181CD    3039       0       0
  220000000              30000000              30000000             2.7148292E-05         1.0000000E+30                 0       
 NEXT SEEDS: 4DE9025       1       0       0       0       0   181CD    3039       0       0
  225000000              25000000              25000000             2.7149206E-05         1.0000000E+30                 0       
 NEXT SEEDS: 655F902       1       0       0       0       0   181CD    3039       0       0
  230000000              20000000              20000000             2.7148495E-05         1.0000000E+30                 0       
 NEXT SEEDS: 7CCB232       1       0       0       0       0   181CD    3039       0       0
  235000000              15000000              15000000             2.7148480E-05         1.0000000E+30                 0       
 NEXT SEEDS: 943ADD9       1       0       0       0       0   181CD    3039       0       0
  240000000              10000000              10000000             2.7147962E-05         1.0000000E+30                 0       
 NEXT SEEDS: ABAB451       1       0       0       0       0   181CD    3039       0       0
  *** Emfgeo: Ncoun  2000000000
  245000000               5000000               5000000             2.7147824E-05         1.0000000E+30                 0       
 NEXT SEEDS: C321E1D       1       0       0       0       0   181CD    3039       0       0
  249999950                    50                    50             2.7146900E-05         1.0000000E+30                 0       
 NEXT SEEDS: DA933C8       1       0       0       0       0   181CD    3039       0       0
  249999951                    49                    49             2.7146900E-05         1.0000000E+30                 0       
 NEXT SEEDS: DA933CC       1       0       0       0       0   181CD    3039       0       0
  249999952                    48                    48             2.7146902E-05         1.0000000E+30                 0       
 NEXT SEEDS: DA933D0       1       0       0       0       0   181CD    3039       0       0
  249999953                    47                    47             2.7146902E-05         1.0000000E+30                 0       
 NEXT SEEDS: DA933D4       1       0       0       0       0   181CD    3039       0       0
  249999954                    46                    46             2.7146902E-05         1.0000000E+30                 0       
 NEXT SEEDS: DA933D8       1       0       0       0       0   181CD    3039       0       0
  249999955                    45                    45             2.7146902E-05         1.0000000E+30                 0       
 NEXT SEEDS: DA933DC       1       0       0       0       0   181CD    3039       0       0
  249999956                    44                    44             2.7146902E-05         1.0000000E+30                 0       
 NEXT SEEDS: DA933E0       1       0       0       0       0   181CD    3039       0       0
  249999957                    43                    43             2.7146902E-05         1.0000000E+30                 0       
 NEXT SEEDS: DA933E4       1       0       0       0       0   181CD    3039       0       0
  249999958                    42                    42             2.7146902E-05         1.0000000E+30                 0       
 NEXT SEEDS: DA933E8       1       0       0       0       0   181CD    3039       0       0
  249999959                    41                    41             2.7146903E-05         1.0000000E+30                 0       
 NEXT SEEDS: DA933EC       1       0       0       0       0   181CD    3039       0       0
  249999960                    40                    40             2.7146903E-05         1.0000000E+30                 0       
 NEXT SEEDS: DA933F0       1       0       0       0       0   181CD    3039       0       0
  249999961                    39                    39             2.7146903E-05         1.0000000E+30                 0       
 NEXT SEEDS: DA933F4       1       0       0       0       0   181CD    3039       0       0
  249999962                    38                    38             2.7146905E-05         1.0000000E+30                 0       
 NEXT SEEDS: DA933F8       1       0       0       0       0   181CD    3039       0       0
  249999963                    37                    37             2.7146905E-05         1.0000000E+30                 0       
 NEXT SEEDS: DA933FC       1       0       0       0       0   181CD    3039       0       0
  249999964                    36                    36             2.7146905E-05         1.0000000E+30                 0       
 NEXT SEEDS: DA93400       1       0       0       0       0   181CD    3039       0       0
  249999965                    35                    35             2.7146907E-05         1.0000000E+30                 0       
 NEXT SEEDS: DA93404       1       0       0       0       0   181CD    3039       0       0
  249999966                    34                    34             2.7146907E-05         1.0000000E+30                 0       
 NEXT SEEDS: DA9340A       1       0       0       0       0   181CD    3039       0       0
  249999967                    33                    33             2.7146908E-05         1.0000000E+30                 0       
 NEXT SEEDS: DA9340E       1       0       0       0       0   181CD    3039       0       0
  249999968                    32                    32             2.7146908E-05         1.0000000E+30                 0       
 NEXT SEEDS: DA93412       1       0       0       0       0   181CD    3039       0       0
  249999969                    31                    31             2.7146910E-05         1.0000000E+30                 0       
 NEXT SEEDS: DA93416       1       0       0       0       0   181CD    3039       0       0
  249999970                    30                    30             2.7146910E-05         1.0000000E+30                 0       
 NEXT SEEDS: DA9341A       1       0       0       0       0   181CD    3039       0       0
  249999971                    29                    29             2.7146910E-05         1.0000000E+30                 0       
 NEXT SEEDS: DA9341E       1       0       0       0       0   181CD    3039       0       0
  249999972                    28                    28             2.7146912E-05         1.0000000E+30                 0       
 NEXT SEEDS: DA93422       1       0       0       0       0   181CD    3039       0       0
  249999973                    27                    27             2.7146912E-05         1.0000000E+30                 0       
 NEXT SEEDS: DA93426       1       0       0       0       0   181CD    3039       0       0
  249999974                    26                    26             2.7146912E-05         1.0000000E+30                 0       
 NEXT SEEDS: DA9342A       1       0       0       0       0   181CD    3039       0       0
  249999975                    25                    25             2.7146911E-05         1.0000000E+30                 0       
 NEXT SEEDS: DA9342E       1       0       0       0       0   181CD    3039       0       0
  249999976                    24                    24             2.7146911E-05         1.0000000E+30                 0       
 NEXT SEEDS: DA93432       1       0       0       0       0   181CD    3039       0       0
  249999977                    23                    23             2.7146911E-05         1.0000000E+30                 0       
 NEXT SEEDS: DA93436       1       0       0       0       0   181CD    3039       0       0
  249999978                    22                    22             2.7146911E-05         1.0000000E+30                 0       
 NEXT SEEDS: DA9343A       1       0       0       0       0   181CD    3039       0       0
  249999979                    21                    21             2.7146911E-05         1.0000000E+30                 0       
 NEXT SEEDS: DA9343E       1       0       0       0       0   181CD    3039       0       0
  249999980                    20                    20             2.7146913E-05         1.0000000E+30                 0       
 NEXT SEEDS: DA93459       1       0       0       0       0   181CD    3039       0       0
  249999981                    19                    19             2.7146913E-05         1.0000000E+30                 0       
 NEXT SEEDS: DA9345D       1       0       0       0       0   181CD    3039       0       0
  249999982                    18                    18             2.7146915E-05         1.0000000E+30                 0       
 NEXT SEEDS: DA93461       1       0       0       0       0   181CD    3039       0       0
  249999983                    17                    17             2.7146914E-05         1.0000000E+30                 0       
 NEXT SEEDS: DA93465       1       0       0       0       0   181CD    3039       0       0
  249999984                    16                    16             2.7146914E-05         1.0000000E+30                 0       
 NEXT SEEDS: DA93469       1       0       0       0       0   181CD    3039       0       0
  249999985                    15                    15             2.7146916E-05         1.0000000E+30                 0       
 NEXT SEEDS: DA9346D       1       0       0       0       0   181CD    3039       0       0
  249999986                    14                    14             2.7146916E-05         1.0000000E+30                 0       
 NEXT SEEDS: DA93471       1       0       0       0       0   181CD    3039       0       0
  249999987                    13                    13             2.7146916E-05         1.0000000E+30                 0       
 NEXT SEEDS: DA93475       1       0       0       0       0   181CD    3039       0       0
  249999988                    12                    12             2.7146916E-05         1.0000000E+30                 0       
 NEXT SEEDS: DA93479       1       0       0       0       0   181CD    3039       0       0
  249999989                    11                    11             2.7146916E-05         1.0000000E+30                 0       
 NEXT SEEDS: DA9347D       1       0       0       0       0   181CD    3039       0       0
  249999990                    10                    10             2.7146916E-05         1.0000000E+30                 0       
 NEXT SEEDS: DA93481       1       0       0       0       0   181CD    3039       0       0
  249999991                     9                     9             2.7146916E-05         1.0000000E+30                 0       
 NEXT SEEDS: DA93487       1       0       0       0       0   181CD    3039       0       0
  249999992                     8                     8             2.7146917E-05         1.0000000E+30                 0       
 NEXT SEEDS: DA9348D       1       0       0       0       0   181CD    3039       0       0
  249999993                     7                     7             2.7146917E-05         1.0000000E+30                 0       
 NEXT SEEDS: DA93491       1       0       0       0       0   181CD    3039       0       0
  249999994                     6                     6             2.7146917E-05         1.0000000E+30                 0       
 NEXT SEEDS: DA93495       1       0       0       0       0   181CD    3039       0       0
  249999995                     5                     5             2.7146919E-05         1.0000000E+30                 0       
 NEXT SEEDS: DA93499       1       0       0       0       0   181CD    3039       0       0
  249999996                     4                     4             2.7146919E-05         1.0000000E+30                 0       
 NEXT SEEDS: DA9349D       1       0       0       0       0   181CD    3039       0       0
  249999997                     3                     3             2.7146921E-05         1.0000000E+30                 0       
 NEXT SEEDS: DA934A1       1       0       0       0       0   181CD    3039       0       0
  249999998                     2                     2             2.7146921E-05         1.0000000E+30                 0       
 NEXT SEEDS: DA934A5       1       0       0       0       0   181CD    3039       0       0
  249999999                     1                     1             2.7146922E-05         1.0000000E+30                 0       
 NEXT SEEDS: DA934A9       1       0       0       0       0   181CD    3039       0       0
  250000000                     0                     1             2.7146922E-05         1.0000000E+30                 0       
 NEXT SEEDS: DA934AF       1       0       0       0       0   181CD    3039       0       0
