1NUMBER OF BEAM       NUMBER OF BEAM        APPROXIMATE NUMBER    AVERAGE TIME USED     TIME LEFT (RESERVED   NUMBER OF STARS
 PARTICLES HANDLED    PARTICLES LEFT        OF BEAM PARTICLES     BY A BEAM PARTICLE     10000.0 SECONDS      CREATED
                                            THAT CAN STILL BE                           FOR PRINTOUT)
                                            HANDLED

 NEXT SEEDS:       0       0       0       0       0       0   181CD    3039       0       0
          1             249999999             249999999             6.3490868E-04         1.0000000E+30                 0       
 NEXT SEEDS:       4       0       0       0       0       0   181CD    3039       0       0
    5000000             245000000             245000000             2.7790663E-05         1.0000000E+30                 0       
 NEXT SEEDS: 176FFD0       0       0       0       0       0   181CD    3039       0       0
   10000000             240000000             240000000             2.7800579E-05         1.0000000E+30                 0       
 NEXT SEEDS: 2EDF8F4       0       0       0       0       0   181CD    3039       0       0
   15000000             235000000             235000000             2.7815840E-05         1.0000000E+30                 0       
 NEXT SEEDS: 4654A4A       0       0       0       0       0   181CD    3039       0       0
   20000000             230000000             230000000             2.7831567E-05         1.0000000E+30                 0       
 NEXT SEEDS: 5DC64E8       0       0       0       0       0   181CD    3039       0       0
   25000000             225000000             225000000             2.7839883E-05         1.0000000E+30                 0       
 NEXT SEEDS: 753652A       0       0       0       0       0   181CD    3039       0       0
   30000000             220000000             220000000             2.7840501E-05         1.0000000E+30                 0       
 NEXT SEEDS: 8CA9B4A       0       0       0       0       0   181CD    3039       0       0
   35000000             215000000             215000000             2.7832291E-05         1.0000000E+30                 0       
 NEXT SEEDS: A41CEA1       0       0       0       0       0   181CD    3039       0       0
   40000000             210000000             210000000             2.7833360E-05         1.0000000E+30                 0       
 NEXT SEEDS: BB8F95A       0       0       0       0       0   181CD    3039       0       0
   45000000             205000000             205000000             2.7834138E-05         1.0000000E+30                 0       
 NEXT SEEDS: D302333       0       0       0       0       0   181CD    3039       0       0
  Oepsmp-> sampling gave unphysical tail: Z=           1  shell=           1  Function=           3
  Oepsmp: p_sampled/(alpha x elmass)=   12.939999581151502       p_max/(alpha x elmass)=   10.699999999999999     
   50000000             200000000             200000000             2.7832899E-05         1.0000000E+30                 0       
 NEXT SEEDS: EA717DF       0       0       0       0       0   181CD    3039       0       0
   55000000             195000000             195000000             2.7841818E-05         1.0000000E+30                 0       
 NEXT SEEDS:101E29B6       0       0       0       0       0   181CD    3039       0       0
   60000000             190000000             190000000             2.7836707E-05         1.0000000E+30                 0       
 NEXT SEEDS:1194FBF7       0       0       0       0       0   181CD    3039       0       0
   65000000             185000000             185000000             2.7837244E-05         1.0000000E+30                 0       
 NEXT SEEDS:130C1E2B       0       0       0       0       0   181CD    3039       0       0
   70000000             180000000             180000000             2.7835375E-05         1.0000000E+30                 0       
 NEXT SEEDS:14831733       0       0       0       0       0   181CD    3039       0       0
   75000000             175000000             175000000             2.7837646E-05         1.0000000E+30                 0       
 NEXT SEEDS:15F9F3F5       0       0       0       0       0   181CD    3039       0       0
   80000000             170000000             170000000             2.7838525E-05         1.0000000E+30                 0       
 NEXT SEEDS:1770F5C9       0       0       0       0       0   181CD    3039       0       0
  *** Emfgeo: Ncoun  2000000000
   85000000             165000000             165000000             2.7840239E-05         1.0000000E+30                 0       
 NEXT SEEDS:18E837C3       0       0       0       0       0   181CD    3039       0       0
   90000000             160000000             160000000             2.7841058E-05         1.0000000E+30                 0       
 NEXT SEEDS:1A5F5B4C       0       0       0       0       0   181CD    3039       0       0
   95000000             155000000             155000000             2.7842559E-05         1.0000000E+30                 0       
 NEXT SEEDS:1BD6456C       0       0       0       0       0   181CD    3039       0       0
  100000000             150000000             150000000             2.7846161E-05         1.0000000E+30                 0       
 NEXT SEEDS:1D4D6758       0       0       0       0       0   181CD    3039       0       0
  105000000             145000000             145000000             2.7844307E-05         1.0000000E+30                 0       
 NEXT SEEDS:1EC4AF71       0       0       0       0       0   181CD    3039       0       0
  110000000             140000000             140000000             2.7844460E-05         1.0000000E+30                 0       
 NEXT SEEDS:203BC976       0       0       0       0       0   181CD    3039       0       0
  115000000             135000000             135000000             2.7844473E-05         1.0000000E+30                 0       
 NEXT SEEDS:21B2D3A6       0       0       0       0       0   181CD    3039       0       0
  120000000             130000000             130000000             2.7844651E-05         1.0000000E+30                 0       
 NEXT SEEDS:2329C3E9       0       0       0       0       0   181CD    3039       0       0
  125000000             125000000             125000000             2.7843949E-05         1.0000000E+30                 0       
 NEXT SEEDS:24A0AC90       0       0       0       0       0   181CD    3039       0       0
  130000000             120000000             120000000             2.7845325E-05         1.0000000E+30                 0       
 NEXT SEEDS:2617D9F6       0       0       0       0       0   181CD    3039       0       0
  135000000             115000000             115000000             2.7848202E-05         1.0000000E+30                 0       
 NEXT SEEDS:278F012D       0       0       0       0       0   181CD    3039       0       0
  140000000             110000000             110000000             2.7845987E-05         1.0000000E+30                 0       
 NEXT SEEDS:2905BEF9       0       0       0       0       0   181CD    3039       0       0
  145000000             105000000             105000000             2.7848634E-05         1.0000000E+30                 0       
 NEXT SEEDS:2A7D274E       0       0       0       0       0   181CD    3039       0       0
  150000000             100000000             100000000             2.7849202E-05         1.0000000E+30                 0       
 NEXT SEEDS:2BF428E1       0       0       0       0       0   181CD    3039       0       0
  155000000              95000000              95000000             2.7849562E-05         1.0000000E+30                 0       
 NEXT SEEDS:2D6B4357       0       0       0       0       0   181CD    3039       0       0
  160000000              90000000              90000000             2.7849929E-05         1.0000000E+30                 0       
 NEXT SEEDS:2EE2596A       0       0       0       0       0   181CD    3039       0       0
  *** Emfgeo: Ncoun  2000000000
  165000000              85000000              85000000             2.7850361E-05         1.0000000E+30                 0       
 NEXT SEEDS:30598953       0       0       0       0       0   181CD    3039       0       0
  170000000              80000000              80000000             2.7850557E-05         1.0000000E+30                 0       
 NEXT SEEDS:31D0B504       0       0       0       0       0   181CD    3039       0       0
  175000000              75000000              75000000             2.7851487E-05         1.0000000E+30                 0       
 NEXT SEEDS:3347F26F       0       0       0       0       0   181CD    3039       0       0
  180000000              70000000              70000000             2.7855989E-05         1.0000000E+30                 0       
 NEXT SEEDS:34BF23CA       0       0       0       0       0   181CD    3039       0       0
  185000000              65000000              65000000             2.7857583E-05         1.0000000E+30                 0       
 NEXT SEEDS:36365BDA       0       0       0       0       0   181CD    3039       0       0
  190000000              60000000              60000000             2.7858653E-05         1.0000000E+30                 0       
 NEXT SEEDS:37AD9977       0       0       0       0       0   181CD    3039       0       0
  195000000              55000000              55000000             2.7859122E-05         1.0000000E+30                 0       
 NEXT SEEDS:3924A8EC       0       0       0       0       0   181CD    3039       0       0
  200000000              50000000              50000000             2.7858300E-05         1.0000000E+30                 0       
 NEXT SEEDS:3A9BDAD2       0       0       0       0       0   181CD    3039       0       0
  205000000              45000000              45000000             2.7858439E-05         1.0000000E+30                 0       
 NEXT SEEDS:  781DD8       1       0       0       0       0   181CD    3039       0       0
  210000000              40000000              40000000             2.7858033E-05         1.0000000E+30                 0       
 NEXT SEEDS: 1EF2684       1       0       0       0       0   181CD    3039       0       0
  215000000              35000000              35000000             2.7857313E-05         1.0000000E+30                 0       
 NEXT SEEDS: 365DA98       1       0       0       0       0   181CD    3039       0       0
  220000000              30000000              30000000             2.7857945E-05         1.0000000E+30                 0       
 NEXT SEEDS: 4DD3627       1       0       0       0       0   181CD    3039       0       0
  225000000              25000000              25000000             2.7856862E-05         1.0000000E+30                 0       
 NEXT SEEDS: 6545469       1       0       0       0       0   181CD    3039       0       0
  230000000              20000000              20000000             2.7856528E-05         1.0000000E+30                 0       
 NEXT SEEDS: 7CB1A31       1       0       0       0       0   181CD    3039       0       0
  235000000              15000000              15000000             2.7857548E-05         1.0000000E+30                 0       
 NEXT SEEDS: 9424A88       1       0       0       0       0   181CD    3039       0       0
  240000000              10000000              10000000             2.7858203E-05         1.0000000E+30                 0       
 NEXT SEEDS: AB95059       1       0       0       0       0   181CD    3039       0       0
  *** Emfgeo: Ncoun  2000000000
  245000000               5000000               5000000             2.7857814E-05         1.0000000E+30                 0       
 NEXT SEEDS: C308B4B       1       0       0       0       0   181CD    3039       0       0
  249999950                    50                    50             2.7857451E-05         1.0000000E+30                 0       
 NEXT SEEDS: DA7C6E2       1       0       0       0       0   181CD    3039       0       0
  249999951                    49                    49             2.7857452E-05         1.0000000E+30                 0       
 NEXT SEEDS: DA7C6E6       1       0       0       0       0   181CD    3039       0       0
  249999952                    48                    48             2.7857452E-05         1.0000000E+30                 0       
 NEXT SEEDS: DA7C6EA       1       0       0       0       0   181CD    3039       0       0
  249999953                    47                    47             2.7857452E-05         1.0000000E+30                 0       
 NEXT SEEDS: DA7C6EE       1       0       0       0       0   181CD    3039       0       0
  249999954                    46                    46             2.7857454E-05         1.0000000E+30                 0       
 NEXT SEEDS: DA7C6F2       1       0       0       0       0   181CD    3039       0       0
  249999955                    45                    45             2.7857454E-05         1.0000000E+30                 0       
 NEXT SEEDS: DA7C6F6       1       0       0       0       0   181CD    3039       0       0
  249999956                    44                    44             2.7857454E-05         1.0000000E+30                 0       
 NEXT SEEDS: DA7C6FA       1       0       0       0       0   181CD    3039       0       0
  249999957                    43                    43             2.7857454E-05         1.0000000E+30                 0       
 NEXT SEEDS: DA7C710       1       0       0       0       0   181CD    3039       0       0
  249999958                    42                    42             2.7857454E-05         1.0000000E+30                 0       
 NEXT SEEDS: DA7C71C       1       0       0       0       0   181CD    3039       0       0
  249999959                    41                    41             2.7857454E-05         1.0000000E+30                 0       
 NEXT SEEDS: DA7C722       1       0       0       0       0   181CD    3039       0       0
  249999960                    40                    40             2.7857453E-05         1.0000000E+30                 0       
 NEXT SEEDS: DA7C726       1       0       0       0       0   181CD    3039       0       0
  249999961                    39                    39             2.7857453E-05         1.0000000E+30                 0       
 NEXT SEEDS: DA7C72A       1       0       0       0       0   181CD    3039       0       0
  249999962                    38                    38             2.7857453E-05         1.0000000E+30                 0       
 NEXT SEEDS: DA7C72E       1       0       0       0       0   181CD    3039       0       0
  249999963                    37                    37             2.7857453E-05         1.0000000E+30                 0       
 NEXT SEEDS: DA7C732       1       0       0       0       0   181CD    3039       0       0
  249999964                    36                    36             2.7857453E-05         1.0000000E+30                 0       
 NEXT SEEDS: DA7C736       1       0       0       0       0   181CD    3039       0       0
  249999965                    35                    35             2.7857453E-05         1.0000000E+30                 0       
 NEXT SEEDS: DA7C73A       1       0       0       0       0   181CD    3039       0       0
  249999966                    34                    34             2.7857453E-05         1.0000000E+30                 0       
 NEXT SEEDS: DA7C740       1       0       0       0       0   181CD    3039       0       0
  249999967                    33                    33             2.7857453E-05         1.0000000E+30                 0       
 NEXT SEEDS: DA7C744       1       0       0       0       0   181CD    3039       0       0
  249999968                    32                    32             2.7857453E-05         1.0000000E+30                 0       
 NEXT SEEDS: DA7C748       1       0       0       0       0   181CD    3039       0       0
  249999969                    31                    31             2.7857452E-05         1.0000000E+30                 0       
 NEXT SEEDS: DA7C74C       1       0       0       0       0   181CD    3039       0       0
  249999970                    30                    30             2.7857454E-05         1.0000000E+30                 0       
 NEXT SEEDS: DA7C750       1       0       0       0       0   181CD    3039       0       0
  249999971                    29                    29             2.7857454E-05         1.0000000E+30                 0       
 NEXT SEEDS: DA7C754       1       0       0       0       0   181CD    3039       0       0
  249999972                    28                    28             2.7857454E-05         1.0000000E+30                 0       
 NEXT SEEDS: DA7C758       1       0       0       0       0   181CD    3039       0       0
  249999973                    27                    27             2.7857456E-05         1.0000000E+30                 0       
 NEXT SEEDS: DA7C75C       1       0       0       0       0   181CD    3039       0       0
  249999974                    26                    26             2.7857456E-05         1.0000000E+30                 0       
 NEXT SEEDS: DA7C760       1       0       0       0       0   181CD    3039       0       0
  249999975                    25                    25             2.7857458E-05         1.0000000E+30                 0       
 NEXT SEEDS: DA7C785       1       0       0       0       0   181CD    3039       0       0
  249999976                    24                    24             2.7857457E-05         1.0000000E+30                 0       
 NEXT SEEDS: DA7C789       1       0       0       0       0   181CD    3039       0       0
  249999977                    23                    23             2.7857457E-05         1.0000000E+30                 0       
 NEXT SEEDS: DA7C78D       1       0       0       0       0   181CD    3039       0       0
  249999978                    22                    22             2.7857457E-05         1.0000000E+30                 0       
 NEXT SEEDS: DA7C791       1       0       0       0       0   181CD    3039       0       0
  249999979                    21                    21             2.7857457E-05         1.0000000E+30                 0       
 NEXT SEEDS: DA7C795       1       0       0       0       0   181CD    3039       0       0
  249999980                    20                    20             2.7857457E-05         1.0000000E+30                 0       
 NEXT SEEDS: DA7C799       1       0       0       0       0   181CD    3039       0       0
  249999981                    19                    19             2.7857457E-05         1.0000000E+30                 0       
 NEXT SEEDS: DA7C79D       1       0       0       0       0   181CD    3039       0       0
  249999982                    18                    18             2.7857457E-05         1.0000000E+30                 0       
 NEXT SEEDS: DA7C7A1       1       0       0       0       0   181CD    3039       0       0
  249999983                    17                    17             2.7857457E-05         1.0000000E+30                 0       
 NEXT SEEDS: DA7C7A5       1       0       0       0       0   181CD    3039       0       0
  249999984                    16                    16             2.7857457E-05         1.0000000E+30                 0       
 NEXT SEEDS: DA7C7B7       1       0       0       0       0   181CD    3039       0       0
  249999985                    15                    15             2.7857456E-05         1.0000000E+30                 0       
 NEXT SEEDS: DA7C7BB       1       0       0       0       0   181CD    3039       0       0
  249999986                    14                    14             2.7857456E-05         1.0000000E+30                 0       
 NEXT SEEDS: DA7C7BF       1       0       0       0       0   181CD    3039       0       0
  249999987                    13                    13             2.7857456E-05         1.0000000E+30                 0       
 NEXT SEEDS: DA7C7C3       1       0       0       0       0   181CD    3039       0       0
  249999988                    12                    12             2.7857456E-05         1.0000000E+30                 0       
 NEXT SEEDS: DA7C7C7       1       0       0       0       0   181CD    3039       0       0
  249999989                    11                    11             2.7857456E-05         1.0000000E+30                 0       
 NEXT SEEDS: DA7C7CB       1       0       0       0       0   181CD    3039       0       0
  249999990                    10                    10             2.7857456E-05         1.0000000E+30                 0       
 NEXT SEEDS: DA7C7CF       1       0       0       0       0   181CD    3039       0       0
  249999991                     9                     9             2.7857456E-05         1.0000000E+30                 0       
 NEXT SEEDS: DA7C7D3       1       0       0       0       0   181CD    3039       0       0
  249999992                     8                     8             2.7857456E-05         1.0000000E+30                 0       
 NEXT SEEDS: DA7C7D7       1       0       0       0       0   181CD    3039       0       0
  249999993                     7                     7             2.7857456E-05         1.0000000E+30                 0       
 NEXT SEEDS: DA7C7DB       1       0       0       0       0   181CD    3039       0       0
  249999994                     6                     6             2.7857455E-05         1.0000000E+30                 0       
 NEXT SEEDS: DA7C7DF       1       0       0       0       0   181CD    3039       0       0
  249999995                     5                     5             2.7857457E-05         1.0000000E+30                 0       
 NEXT SEEDS: DA7C7E3       1       0       0       0       0   181CD    3039       0       0
  249999996                     4                     4             2.7857457E-05         1.0000000E+30                 0       
 NEXT SEEDS: DA7C7E9       1       0       0       0       0   181CD    3039       0       0
  249999997                     3                     3             2.7857457E-05         1.0000000E+30                 0       
 NEXT SEEDS: DA7C7ED       1       0       0       0       0   181CD    3039       0       0
  249999998                     2                     2             2.7857457E-05         1.0000000E+30                 0       
 NEXT SEEDS: DA7C7F3       1       0       0       0       0   181CD    3039       0       0
  249999999                     1                     1             2.7857457E-05         1.0000000E+30                 0       
 NEXT SEEDS: DA7C7F7       1       0       0       0       0   181CD    3039       0       0
  250000000                     0                     1             2.7857457E-05         1.0000000E+30                 0       
 NEXT SEEDS: DA7C7FB       1       0       0       0       0   181CD    3039       0       0
