1NUMBER OF BEAM       NUMBER OF BEAM        APPROXIMATE NUMBER    AVERAGE TIME USED     TIME LEFT (RESERVED   NUMBER OF STARS
 PARTICLES HANDLED    PARTICLES LEFT        OF BEAM PARTICLES     BY A BEAM PARTICLE     10000.0 SECONDS      CREATED
                                            THAT CAN STILL BE                           FOR PRINTOUT)
                                            HANDLED

 NEXT SEEDS:       0       0       0       0       0       0   181CD    3039       0       0
          1             249999999             249999999             7.7009201E-05         1.0000000E+30                 0       
 NEXT SEEDS:       4       0       0       0       0       0   181CD    3039       0       0
    5000000             245000000             245000000             2.7240133E-05         1.0000000E+30                 0       
 NEXT SEEDS: 1774401       0       0       0       0       0   181CD    3039       0       0
   10000000             240000000             240000000             2.7221364E-05         1.0000000E+30                 0       
 NEXT SEEDS: 2EE4F86       0       0       0       0       0   181CD    3039       0       0
   15000000             235000000             235000000             2.7199043E-05         1.0000000E+30                 0       
 NEXT SEEDS: 4657285       0       0       0       0       0   181CD    3039       0       0
   20000000             230000000             230000000             2.7200573E-05         1.0000000E+30                 0       
 NEXT SEEDS: 5DCB28F       0       0       0       0       0   181CD    3039       0       0
   25000000             225000000             225000000             2.7196872E-05         1.0000000E+30                 0       
 NEXT SEEDS: 753A307       0       0       0       0       0   181CD    3039       0       0
   30000000             220000000             220000000             2.7194405E-05         1.0000000E+30                 0       
 NEXT SEEDS: 8CAC068       0       0       0       0       0   181CD    3039       0       0
   35000000             215000000             215000000             2.7198641E-05         1.0000000E+30                 0       
 NEXT SEEDS: A41F76C       0       0       0       0       0   181CD    3039       0       0
   40000000             210000000             210000000             2.7203170E-05         1.0000000E+30                 0       
 NEXT SEEDS: BB953C5       0       0       0       0       0   181CD    3039       0       0
   45000000             205000000             205000000             2.7207443E-05         1.0000000E+30                 0       
 NEXT SEEDS: D30B6D5       0       0       0       0       0   181CD    3039       0       0
   50000000             200000000             200000000             2.7208232E-05         1.0000000E+30                 0       
 NEXT SEEDS: EA80807       0       0       0       0       0   181CD    3039       0       0
   55000000             195000000             195000000             2.7207699E-05         1.0000000E+30                 0       
 NEXT SEEDS:101F3F54       0       0       0       0       0   181CD    3039       0       0
   60000000             190000000             190000000             2.7205108E-05         1.0000000E+30                 0       
 NEXT SEEDS:11963201       0       0       0       0       0   181CD    3039       0       0
   65000000             185000000             185000000             2.7202591E-05         1.0000000E+30                 0       
 NEXT SEEDS:130D7086       0       0       0       0       0   181CD    3039       0       0
   70000000             180000000             180000000             2.7198118E-05         1.0000000E+30                 0       
 NEXT SEEDS:14848559       0       0       0       0       0   181CD    3039       0       0
   75000000             175000000             175000000             2.7196367E-05         1.0000000E+30                 0       
 NEXT SEEDS:15FB983A       0       0       0       0       0   181CD    3039       0       0
   80000000             170000000             170000000             2.7197349E-05         1.0000000E+30                 0       
 NEXT SEEDS:1772C760       0       0       0       0       0   181CD    3039       0       0
  *** Emfgeo: Ncoun  2000000000
   85000000             165000000             165000000             2.7197517E-05         1.0000000E+30                 0       
 NEXT SEEDS:18EA1726       0       0       0       0       0   181CD    3039       0       0
   90000000             160000000             160000000             2.7195683E-05         1.0000000E+30                 0       
 NEXT SEEDS:1A61111E       0       0       0       0       0   181CD    3039       0       0
   95000000             155000000             155000000             2.7196614E-05         1.0000000E+30                 0       
 NEXT SEEDS:1BD85D2F       0       0       0       0       0   181CD    3039       0       0
  100000000             150000000             150000000             2.7193426E-05         1.0000000E+30                 0       
 NEXT SEEDS:1D4F7238       0       0       0       0       0   181CD    3039       0       0
  105000000             145000000             145000000             2.7190952E-05         1.0000000E+30                 0       
 NEXT SEEDS:1EC65AA9       0       0       0       0       0   181CD    3039       0       0
  110000000             140000000             140000000             2.7189931E-05         1.0000000E+30                 0       
 NEXT SEEDS:203D5104       0       0       0       0       0   181CD    3039       0       0
  115000000             135000000             135000000             2.7187340E-05         1.0000000E+30                 0       
 NEXT SEEDS:21B42F5D       0       0       0       0       0   181CD    3039       0       0
  120000000             130000000             130000000             2.7184990E-05         1.0000000E+30                 0       
 NEXT SEEDS:232B60A5       0       0       0       0       0   181CD    3039       0       0
  125000000             125000000             125000000             2.7187163E-05         1.0000000E+30                 0       
 NEXT SEEDS:24A2CB67       0       0       0       0       0   181CD    3039       0       0
  130000000             120000000             120000000             2.7186199E-05         1.0000000E+30                 0       
 NEXT SEEDS:2619FE9C       0       0       0       0       0   181CD    3039       0       0
  135000000             115000000             115000000             2.7185560E-05         1.0000000E+30                 0       
 NEXT SEEDS:279107D0       0       0       0       0       0   181CD    3039       0       0
  140000000             110000000             110000000             2.7183542E-05         1.0000000E+30                 0       
 NEXT SEEDS:29080C05       0       0       0       0       0   181CD    3039       0       0
  145000000             105000000             105000000             2.7182093E-05         1.0000000E+30                 0       
 NEXT SEEDS:2A7EE9E2       0       0       0       0       0   181CD    3039       0       0
  150000000             100000000             100000000             2.7181114E-05         1.0000000E+30                 0       
 NEXT SEEDS:2BF602FB       0       0       0       0       0   181CD    3039       0       0
  155000000              95000000              95000000             2.7186866E-05         1.0000000E+30                 0       
 NEXT SEEDS:2D6CF22A       0       0       0       0       0   181CD    3039       0       0
  160000000              90000000              90000000             2.7190325E-05         1.0000000E+30                 0       
 NEXT SEEDS:2EE41A67       0       0       0       0       0   181CD    3039       0       0
  *** Emfgeo: Ncoun  2000000000
  165000000              85000000              85000000             2.7190648E-05         1.0000000E+30                 0       
 NEXT SEEDS:305B23FC       0       0       0       0       0   181CD    3039       0       0
  170000000              80000000              80000000             2.7191127E-05         1.0000000E+30                 0       
 NEXT SEEDS:31D22B76       0       0       0       0       0   181CD    3039       0       0
  175000000              75000000              75000000             2.7191057E-05         1.0000000E+30                 0       
 NEXT SEEDS:3349212D       0       0       0       0       0   181CD    3039       0       0
  180000000              70000000              70000000             2.7190730E-05         1.0000000E+30                 0       
 NEXT SEEDS:34C01F67       0       0       0       0       0   181CD    3039       0       0
  185000000              65000000              65000000             2.7189128E-05         1.0000000E+30                 0       
 NEXT SEEDS:3636CD75       0       0       0       0       0   181CD    3039       0       0
  190000000              60000000              60000000             2.7189679E-05         1.0000000E+30                 0       
 NEXT SEEDS:37ADE6CE       0       0       0       0       0   181CD    3039       0       0
  195000000              55000000              55000000             2.7190276E-05         1.0000000E+30                 0       
 NEXT SEEDS:3924C829       0       0       0       0       0   181CD    3039       0       0
  200000000              50000000              50000000             2.7189579E-05         1.0000000E+30                 0       
 NEXT SEEDS:3A9B9E93       0       0       0       0       0   181CD    3039       0       0
  205000000              45000000              45000000             2.7189343E-05         1.0000000E+30                 0       
 NEXT SEEDS:  77E2F4       1       0       0       0       0   181CD    3039       0       0
  210000000              40000000              40000000             2.7189720E-05         1.0000000E+30                 0       
 NEXT SEEDS: 1EF09BB       1       0       0       0       0   181CD    3039       0       0
  215000000              35000000              35000000             2.7189636E-05         1.0000000E+30                 0       
 NEXT SEEDS: 365FFE3       1       0       0       0       0   181CD    3039       0       0
  220000000              30000000              30000000             2.7189057E-05         1.0000000E+30                 0       
 NEXT SEEDS: 4DD189A       1       0       0       0       0   181CD    3039       0       0
  225000000              25000000              25000000             2.7191430E-05         1.0000000E+30                 0       
 NEXT SEEDS: 65425ED       1       0       0       0       0   181CD    3039       0       0
  230000000              20000000              20000000             2.7191941E-05         1.0000000E+30                 0       
 NEXT SEEDS: 7CB4839       1       0       0       0       0   181CD    3039       0       0
  235000000              15000000              15000000             2.7193712E-05         1.0000000E+30                 0       
 NEXT SEEDS: 9426F68       1       0       0       0       0   181CD    3039       0       0
  240000000              10000000              10000000             2.7193892E-05         1.0000000E+30                 0       
 NEXT SEEDS: AB989CF       1       0       0       0       0   181CD    3039       0       0
  *** Emfgeo: Ncoun  2000000000
  245000000               5000000               5000000             2.7194262E-05         1.0000000E+30                 0       
 NEXT SEEDS: C308573       1       0       0       0       0   181CD    3039       0       0
  249999950                    50                    50             2.7195569E-05         1.0000000E+30                 0       
 NEXT SEEDS: DA7A3F4       1       0       0       0       0   181CD    3039       0       0
  249999951                    49                    49             2.7195569E-05         1.0000000E+30                 0       
 NEXT SEEDS: DA7A3F8       1       0       0       0       0   181CD    3039       0       0
  249999952                    48                    48             2.7195571E-05         1.0000000E+30                 0       
 NEXT SEEDS: DA7A3FC       1       0       0       0       0   181CD    3039       0       0
  249999953                    47                    47             2.7195573E-05         1.0000000E+30                 0       
 NEXT SEEDS: DA7A400       1       0       0       0       0   181CD    3039       0       0
  249999954                    46                    46             2.7195573E-05         1.0000000E+30                 0       
 NEXT SEEDS: DA7A404       1       0       0       0       0   181CD    3039       0       0
  249999955                    45                    45             2.7195573E-05         1.0000000E+30                 0       
 NEXT SEEDS: DA7A408       1       0       0       0       0   181CD    3039       0       0
  249999956                    44                    44             2.7195575E-05         1.0000000E+30                 0       
 NEXT SEEDS: DA7A40C       1       0       0       0       0   181CD    3039       0       0
  249999957                    43                    43             2.7195576E-05         1.0000000E+30                 0       
 NEXT SEEDS: DA7A41B       1       0       0       0       0   181CD    3039       0       0
  249999958                    42                    42             2.7195576E-05         1.0000000E+30                 0       
 NEXT SEEDS: DA7A41F       1       0       0       0       0   181CD    3039       0       0
  249999959                    41                    41             2.7195576E-05         1.0000000E+30                 0       
 NEXT SEEDS: DA7A423       1       0       0       0       0   181CD    3039       0       0
  249999960                    40                    40             2.7195578E-05         1.0000000E+30                 0       
 NEXT SEEDS: DA7A427       1       0       0       0       0   181CD    3039       0       0
  249999961                    39                    39             2.7195578E-05         1.0000000E+30                 0       
 NEXT SEEDS: DA7A42B       1       0       0       0       0   181CD    3039       0       0
  249999962                    38                    38             2.7195578E-05         1.0000000E+30                 0       
 NEXT SEEDS: DA7A42F       1       0       0       0       0   181CD    3039       0       0
  249999963                    37                    37             2.7195580E-05         1.0000000E+30                 0       
 NEXT SEEDS: DA7A433       1       0       0       0       0   181CD    3039       0       0
  249999964                    36                    36             2.7195580E-05         1.0000000E+30                 0       
 NEXT SEEDS: DA7A437       1       0       0       0       0   181CD    3039       0       0
  249999965                    35                    35             2.7195579E-05         1.0000000E+30                 0       
 NEXT SEEDS: DA7A43B       1       0       0       0       0   181CD    3039       0       0
  249999966                    34                    34             2.7195579E-05         1.0000000E+30                 0       
 NEXT SEEDS: DA7A441       1       0       0       0       0   181CD    3039       0       0
  249999967                    33                    33             2.7195579E-05         1.0000000E+30                 0       
 NEXT SEEDS: DA7A445       1       0       0       0       0   181CD    3039       0       0
  249999968                    32                    32             2.7195579E-05         1.0000000E+30                 0       
 NEXT SEEDS: DA7A449       1       0       0       0       0   181CD    3039       0       0
  249999969                    31                    31             2.7195579E-05         1.0000000E+30                 0       
 NEXT SEEDS: DA7A44D       1       0       0       0       0   181CD    3039       0       0
  249999970                    30                    30             2.7195581E-05         1.0000000E+30                 0       
 NEXT SEEDS: DA7A451       1       0       0       0       0   181CD    3039       0       0
  249999971                    29                    29             2.7195581E-05         1.0000000E+30                 0       
 NEXT SEEDS: DA7A455       1       0       0       0       0   181CD    3039       0       0
  249999972                    28                    28             2.7195581E-05         1.0000000E+30                 0       
 NEXT SEEDS: DA7A459       1       0       0       0       0   181CD    3039       0       0
  249999973                    27                    27             2.7195582E-05         1.0000000E+30                 0       
 NEXT SEEDS: DA7A45D       1       0       0       0       0   181CD    3039       0       0
  249999974                    26                    26             2.7195582E-05         1.0000000E+30                 0       
 NEXT SEEDS: DA7A461       1       0       0       0       0   181CD    3039       0       0
  249999975                    25                    25             2.7195582E-05         1.0000000E+30                 0       
 NEXT SEEDS: DA7A465       1       0       0       0       0   181CD    3039       0       0
  249999976                    24                    24             2.7195584E-05         1.0000000E+30                 0       
 NEXT SEEDS: DA7A469       1       0       0       0       0   181CD    3039       0       0
  249999977                    23                    23             2.7195584E-05         1.0000000E+30                 0       
 NEXT SEEDS: DA7A46D       1       0       0       0       0   181CD    3039       0       0
  249999978                    22                    22             2.7195584E-05         1.0000000E+30                 0       
 NEXT SEEDS: DA7A471       1       0       0       0       0   181CD    3039       0       0
  249999979                    21                    21             2.7195586E-05         1.0000000E+30                 0       
 NEXT SEEDS: DA7A475       1       0       0       0       0   181CD    3039       0       0
  249999980                    20                    20             2.7195586E-05         1.0000000E+30                 0       
 NEXT SEEDS: DA7A479       1       0       0       0       0   181CD    3039       0       0
  249999981                    19                    19             2.7195587E-05         1.0000000E+30                 0       
 NEXT SEEDS: DA7A47D       1       0       0       0       0   181CD    3039       0       0
  249999982                    18                    18             2.7195587E-05         1.0000000E+30                 0       
 NEXT SEEDS: DA7A481       1       0       0       0       0   181CD    3039       0       0
  249999983                    17                    17             2.7195587E-05         1.0000000E+30                 0       
 NEXT SEEDS: DA7A485       1       0       0       0       0   181CD    3039       0       0
  249999984                    16                    16             2.7195589E-05         1.0000000E+30                 0       
 NEXT SEEDS: DA7A489       1       0       0       0       0   181CD    3039       0       0
  249999985                    15                    15             2.7195589E-05         1.0000000E+30                 0       
 NEXT SEEDS: DA7A48D       1       0       0       0       0   181CD    3039       0       0
  249999986                    14                    14             2.7195589E-05         1.0000000E+30                 0       
 NEXT SEEDS: DA7A491       1       0       0       0       0   181CD    3039       0       0
  249999987                    13                    13             2.7195591E-05         1.0000000E+30                 0       
 NEXT SEEDS: DA7A495       1       0       0       0       0   181CD    3039       0       0
  249999988                    12                    12             2.7195591E-05         1.0000000E+30                 0       
 NEXT SEEDS: DA7A499       1       0       0       0       0   181CD    3039       0       0
  249999989                    11                    11             2.7195592E-05         1.0000000E+30                 0       
 NEXT SEEDS: DA7A49D       1       0       0       0       0   181CD    3039       0       0
  249999990                    10                    10             2.7195592E-05         1.0000000E+30                 0       
 NEXT SEEDS: DA7A4A1       1       0       0       0       0   181CD    3039       0       0
  249999991                     9                     9             2.7195592E-05         1.0000000E+30                 0       
 NEXT SEEDS: DA7A4A5       1       0       0       0       0   181CD    3039       0       0
  249999992                     8                     8             2.7195592E-05         1.0000000E+30                 0       
 NEXT SEEDS: DA7A4A9       1       0       0       0       0   181CD    3039       0       0
  249999993                     7                     7             2.7195592E-05         1.0000000E+30                 0       
 NEXT SEEDS: DA7A4AD       1       0       0       0       0   181CD    3039       0       0
  249999994                     6                     6             2.7195592E-05         1.0000000E+30                 0       
 NEXT SEEDS: DA7A4B1       1       0       0       0       0   181CD    3039       0       0
  249999995                     5                     5             2.7195592E-05         1.0000000E+30                 0       
 NEXT SEEDS: DA7A4B5       1       0       0       0       0   181CD    3039       0       0
  249999996                     4                     4             2.7195592E-05         1.0000000E+30                 0       
 NEXT SEEDS: DA7A4B9       1       0       0       0       0   181CD    3039       0       0
  249999997                     3                     3             2.7195592E-05         1.0000000E+30                 0       
 NEXT SEEDS: DA7A4BD       1       0       0       0       0   181CD    3039       0       0
  249999998                     2                     2             2.7195591E-05         1.0000000E+30                 0       
 NEXT SEEDS: DA7A4C3       1       0       0       0       0   181CD    3039       0       0
  249999999                     1                     1             2.7195591E-05         1.0000000E+30                 0       
 NEXT SEEDS: DA7A4C7       1       0       0       0       0   181CD    3039       0       0
  250000000                     0                     1             2.7195591E-05         1.0000000E+30                 0       
 NEXT SEEDS: DA7A4CB       1       0       0       0       0   181CD    3039       0       0
