1NUMBER OF BEAM       NUMBER OF BEAM        APPROXIMATE NUMBER    AVERAGE TIME USED     TIME LEFT (RESERVED   NUMBER OF STARS
 PARTICLES HANDLED    PARTICLES LEFT        OF BEAM PARTICLES     BY A BEAM PARTICLE     10000.0 SECONDS      CREATED
                                            THAT CAN STILL BE                           FOR PRINTOUT)
                                            HANDLED

 NEXT SEEDS:       0       0       0       0       0       0   181CD    3039       0       0
          1             249999999             249999999             7.7009201E-05         1.0000000E+30                 0       
 NEXT SEEDS:       4       0       0       0       0       0   181CD    3039       0       0
    5000000             245000000             245000000             2.7869391E-05         1.0000000E+30                 0       
 NEXT SEEDS: 177286A       0       0       0       0       0   181CD    3039       0       0
   10000000             240000000             240000000             2.7872763E-05         1.0000000E+30                 0       
 NEXT SEEDS: 2EE49D8       0       0       0       0       0   181CD    3039       0       0
   15000000             235000000             235000000             2.7882544E-05         1.0000000E+30                 0       
 NEXT SEEDS: 4655F52       0       0       0       0       0   181CD    3039       0       0
   20000000             230000000             230000000             2.7876796E-05         1.0000000E+30                 0       
 NEXT SEEDS: 5DC8864       0       0       0       0       0   181CD    3039       0       0
   25000000             225000000             225000000             2.7864830E-05         1.0000000E+30                 0       
 NEXT SEEDS: 7538DC3       0       0       0       0       0   181CD    3039       0       0
   30000000             220000000             220000000             2.7861742E-05         1.0000000E+30                 0       
 NEXT SEEDS: 8CA7D43       0       0       0       0       0   181CD    3039       0       0
   35000000             215000000             215000000             2.7870938E-05         1.0000000E+30                 0       
 NEXT SEEDS: A41AE0B       0       0       0       0       0   181CD    3039       0       0
   40000000             210000000             210000000             2.7879792E-05         1.0000000E+30                 0       
 NEXT SEEDS: BB8F4C9       0       0       0       0       0   181CD    3039       0       0
   45000000             205000000             205000000             2.7879194E-05         1.0000000E+30                 0       
 NEXT SEEDS: D302B9A       0       0       0       0       0   181CD    3039       0       0
   50000000             200000000             200000000             2.7878094E-05         1.0000000E+30                 0       
 NEXT SEEDS: EA76239       0       0       0       0       0   181CD    3039       0       0
   55000000             195000000             195000000             2.7879244E-05         1.0000000E+30                 0       
 NEXT SEEDS:101EA156       0       0       0       0       0   181CD    3039       0       0
   60000000             190000000             190000000             2.7880286E-05         1.0000000E+30                 0       
 NEXT SEEDS:1195C2DC       0       0       0       0       0   181CD    3039       0       0
   65000000             185000000             185000000             2.7880471E-05         1.0000000E+30                 0       
 NEXT SEEDS:130CE522       0       0       0       0       0   181CD    3039       0       0
   70000000             180000000             180000000             2.7880373E-05         1.0000000E+30                 0       
 NEXT SEEDS:14840F0D       0       0       0       0       0   181CD    3039       0       0
   75000000             175000000             175000000             2.7880345E-05         1.0000000E+30                 0       
 NEXT SEEDS:15FB151C       0       0       0       0       0   181CD    3039       0       0
   80000000             170000000             170000000             2.7881607E-05         1.0000000E+30                 0       
 NEXT SEEDS:177259F9       0       0       0       0       0   181CD    3039       0       0
  *** Emfgeo: Ncoun  2000000000
   85000000             165000000             165000000             2.7885481E-05         1.0000000E+30                 0       
 NEXT SEEDS:18E992C5       0       0       0       0       0   181CD    3039       0       0
   90000000             160000000             160000000             2.7888230E-05         1.0000000E+30                 0       
 NEXT SEEDS:1A60E891       0       0       0       0       0   181CD    3039       0       0
   95000000             155000000             155000000             2.7890458E-05         1.0000000E+30                 0       
 NEXT SEEDS:1BD85650       0       0       0       0       0   181CD    3039       0       0
  100000000             150000000             150000000             2.7889326E-05         1.0000000E+30                 0       
 NEXT SEEDS:1D4F5F27       0       0       0       0       0   181CD    3039       0       0
  105000000             145000000             145000000             2.7885970E-05         1.0000000E+30                 0       
 NEXT SEEDS:1EC63EE4       0       0       0       0       0   181CD    3039       0       0
  110000000             140000000             140000000             2.7887327E-05         1.0000000E+30                 0       
 NEXT SEEDS:203D397D       0       0       0       0       0   181CD    3039       0       0
  115000000             135000000             135000000             2.7887585E-05         1.0000000E+30                 0       
 NEXT SEEDS:21B43388       0       0       0       0       0   181CD    3039       0       0
  120000000             130000000             130000000             2.7885826E-05         1.0000000E+30                 0       
 NEXT SEEDS:232B1392       0       0       0       0       0   181CD    3039       0       0
  125000000             125000000             125000000             2.7886403E-05         1.0000000E+30                 0       
 NEXT SEEDS:24A25DDA       0       0       0       0       0   181CD    3039       0       0
  130000000             120000000             120000000             2.7886197E-05         1.0000000E+30                 0       
 NEXT SEEDS:261952BB       0       0       0       0       0   181CD    3039       0       0
  135000000             115000000             115000000             2.7887303E-05         1.0000000E+30                 0       
 NEXT SEEDS:279061F7       0       0       0       0       0   181CD    3039       0       0
  140000000             110000000             110000000             2.7884398E-05         1.0000000E+30                 0       
 NEXT SEEDS:29077DC5       0       0       0       0       0   181CD    3039       0       0
  145000000             105000000             105000000             2.7882136E-05         1.0000000E+30                 0       
 NEXT SEEDS:2A7E9F78       0       0       0       0       0   181CD    3039       0       0
  150000000             100000000             100000000             2.7880318E-05         1.0000000E+30                 0       
 NEXT SEEDS:2BF5A848       0       0       0       0       0   181CD    3039       0       0
  155000000              95000000              95000000             2.7881019E-05         1.0000000E+30                 0       
 NEXT SEEDS:2D6CD885       0       0       0       0       0   181CD    3039       0       0
  160000000              90000000              90000000             2.7883754E-05         1.0000000E+30                 0       
 NEXT SEEDS:2EE3E7E1       0       0       0       0       0   181CD    3039       0       0
  *** Emfgeo: Ncoun  2000000000
  165000000              85000000              85000000             2.7884279E-05         1.0000000E+30                 0       
 NEXT SEEDS:305AE91A       0       0       0       0       0   181CD    3039       0       0
  170000000              80000000              80000000             2.7882567E-05         1.0000000E+30                 0       
 NEXT SEEDS:31D205A7       0       0       0       0       0   181CD    3039       0       0
  175000000              75000000              75000000             2.7883436E-05         1.0000000E+30                 0       
 NEXT SEEDS:33491771       0       0       0       0       0   181CD    3039       0       0
  180000000              70000000              70000000             2.7883310E-05         1.0000000E+30                 0       
 NEXT SEEDS:34BFF69F       0       0       0       0       0   181CD    3039       0       0
  185000000              65000000              65000000             2.7882999E-05         1.0000000E+30                 0       
 NEXT SEEDS:3636F79F       0       0       0       0       0   181CD    3039       0       0
  190000000              60000000              60000000             2.7884225E-05         1.0000000E+30                 0       
 NEXT SEEDS:37AE43DF       0       0       0       0       0   181CD    3039       0       0
  195000000              55000000              55000000             2.7884952E-05         1.0000000E+30                 0       
 NEXT SEEDS:39254575       0       0       0       0       0   181CD    3039       0       0
  200000000              50000000              50000000             2.7884249E-05         1.0000000E+30                 0       
 NEXT SEEDS:3A9C488E       0       0       0       0       0   181CD    3039       0       0
  205000000              45000000              45000000             2.7882249E-05         1.0000000E+30                 0       
 NEXT SEEDS:  787083       1       0       0       0       0   181CD    3039       0       0
  210000000              40000000              40000000             2.7882711E-05         1.0000000E+30                 0       
 NEXT SEEDS: 1EFA790       1       0       0       0       0   181CD    3039       0       0
  215000000              35000000              35000000             2.7882684E-05         1.0000000E+30                 0       
 NEXT SEEDS: 366ADCB       1       0       0       0       0   181CD    3039       0       0
  220000000              30000000              30000000             2.7882425E-05         1.0000000E+30                 0       
 NEXT SEEDS: 4DDAC4A       1       0       0       0       0   181CD    3039       0       0
  225000000              25000000              25000000             2.7883979E-05         1.0000000E+30                 0       
 NEXT SEEDS: 654F436       1       0       0       0       0   181CD    3039       0       0
  230000000              20000000              20000000             2.7884404E-05         1.0000000E+30                 0       
 NEXT SEEDS: 7CC0376       1       0       0       0       0   181CD    3039       0       0
  235000000              15000000              15000000             2.7885114E-05         1.0000000E+30                 0       
 NEXT SEEDS: 94317B3       1       0       0       0       0   181CD    3039       0       0
  240000000              10000000              10000000             2.7885933E-05         1.0000000E+30                 0       
 NEXT SEEDS: ABA2731       1       0       0       0       0   181CD    3039       0       0
  *** Emfgeo: Ncoun  2000000000
  245000000               5000000               5000000             2.7885424E-05         1.0000000E+30                 0       
 NEXT SEEDS: C3136EB       1       0       0       0       0   181CD    3039       0       0
  249999950                    50                    50             2.7886159E-05         1.0000000E+30                 0       
 NEXT SEEDS: DA84F89       1       0       0       0       0   181CD    3039       0       0
  249999951                    49                    49             2.7886159E-05         1.0000000E+30                 0       
 NEXT SEEDS: DA84F8D       1       0       0       0       0   181CD    3039       0       0
  249999952                    48                    48             2.7886159E-05         1.0000000E+30                 0       
 NEXT SEEDS: DA84F91       1       0       0       0       0   181CD    3039       0       0
  249999953                    47                    47             2.7886159E-05         1.0000000E+30                 0       
 NEXT SEEDS: DA84F95       1       0       0       0       0   181CD    3039       0       0
  249999954                    46                    46             2.7886159E-05         1.0000000E+30                 0       
 NEXT SEEDS: DA84F99       1       0       0       0       0   181CD    3039       0       0
  249999955                    45                    45             2.7886158E-05         1.0000000E+30                 0       
 NEXT SEEDS: DA84F9D       1       0       0       0       0   181CD    3039       0       0
  249999956                    44                    44             2.7886158E-05         1.0000000E+30                 0       
 NEXT SEEDS: DA84FA1       1       0       0       0       0   181CD    3039       0       0
  249999957                    43                    43             2.7886158E-05         1.0000000E+30                 0       
 NEXT SEEDS: DA84FA5       1       0       0       0       0   181CD    3039       0       0
  249999958                    42                    42             2.7886158E-05         1.0000000E+30                 0       
 NEXT SEEDS: DA84FA9       1       0       0       0       0   181CD    3039       0       0
  249999959                    41                    41             2.7886158E-05         1.0000000E+30                 0       
 NEXT SEEDS: DA84FAD       1       0       0       0       0   181CD    3039       0       0
  249999960                    40                    40             2.7886158E-05         1.0000000E+30                 0       
 NEXT SEEDS: DA84FB1       1       0       0       0       0   181CD    3039       0       0
  249999961                    39                    39             2.7886158E-05         1.0000000E+30                 0       
 NEXT SEEDS: DA84FB5       1       0       0       0       0   181CD    3039       0       0
  249999962                    38                    38             2.7886158E-05         1.0000000E+30                 0       
 NEXT SEEDS: DA84FB9       1       0       0       0       0   181CD    3039       0       0
  249999963                    37                    37             2.7886158E-05         1.0000000E+30                 0       
 NEXT SEEDS: DA84FBD       1       0       0       0       0   181CD    3039       0       0
  249999964                    36                    36             2.7886157E-05         1.0000000E+30                 0       
 NEXT SEEDS: DA84FC1       1       0       0       0       0   181CD    3039       0       0
  249999965                    35                    35             2.7886157E-05         1.0000000E+30                 0       
 NEXT SEEDS: DA84FC5       1       0       0       0       0   181CD    3039       0       0
  249999966                    34                    34             2.7886157E-05         1.0000000E+30                 0       
 NEXT SEEDS: DA84FC9       1       0       0       0       0   181CD    3039       0       0
  249999967                    33                    33             2.7886157E-05         1.0000000E+30                 0       
 NEXT SEEDS: DA84FCD       1       0       0       0       0   181CD    3039       0       0
  249999968                    32                    32             2.7886157E-05         1.0000000E+30                 0       
 NEXT SEEDS: DA84FD1       1       0       0       0       0   181CD    3039       0       0
  249999969                    31                    31             2.7886159E-05         1.0000000E+30                 0       
 NEXT SEEDS: DA84FD5       1       0       0       0       0   181CD    3039       0       0
  249999970                    30                    30             2.7886159E-05         1.0000000E+30                 0       
 NEXT SEEDS: DA84FD9       1       0       0       0       0   181CD    3039       0       0
  249999971                    29                    29             2.7886159E-05         1.0000000E+30                 0       
 NEXT SEEDS: DA84FDD       1       0       0       0       0   181CD    3039       0       0
  249999972                    28                    28             2.7886160E-05         1.0000000E+30                 0       
 NEXT SEEDS: DA84FE1       1       0       0       0       0   181CD    3039       0       0
  249999973                    27                    27             2.7886160E-05         1.0000000E+30                 0       
 NEXT SEEDS: DA84FE5       1       0       0       0       0   181CD    3039       0       0
  249999974                    26                    26             2.7886160E-05         1.0000000E+30                 0       
 NEXT SEEDS: DA84FE9       1       0       0       0       0   181CD    3039       0       0
  249999975                    25                    25             2.7886162E-05         1.0000000E+30                 0       
 NEXT SEEDS: DA84FED       1       0       0       0       0   181CD    3039       0       0
  249999976                    24                    24             2.7886162E-05         1.0000000E+30                 0       
 NEXT SEEDS: DA84FF1       1       0       0       0       0   181CD    3039       0       0
  249999977                    23                    23             2.7886162E-05         1.0000000E+30                 0       
 NEXT SEEDS: DA84FF5       1       0       0       0       0   181CD    3039       0       0
  249999978                    22                    22             2.7886164E-05         1.0000000E+30                 0       
 NEXT SEEDS: DA84FF9       1       0       0       0       0   181CD    3039       0       0
  249999979                    21                    21             2.7886164E-05         1.0000000E+30                 0       
 NEXT SEEDS: DA84FFD       1       0       0       0       0   181CD    3039       0       0
  249999980                    20                    20             2.7886163E-05         1.0000000E+30                 0       
 NEXT SEEDS: DA85001       1       0       0       0       0   181CD    3039       0       0
  249999981                    19                    19             2.7886165E-05         1.0000000E+30                 0       
 NEXT SEEDS: DA85005       1       0       0       0       0   181CD    3039       0       0
  249999982                    18                    18             2.7886165E-05         1.0000000E+30                 0       
 NEXT SEEDS: DA85009       1       0       0       0       0   181CD    3039       0       0
  249999983                    17                    17             2.7886165E-05         1.0000000E+30                 0       
 NEXT SEEDS: DA8500D       1       0       0       0       0   181CD    3039       0       0
  249999984                    16                    16             2.7886165E-05         1.0000000E+30                 0       
 NEXT SEEDS: DA85011       1       0       0       0       0   181CD    3039       0       0
  249999985                    15                    15             2.7886165E-05         1.0000000E+30                 0       
 NEXT SEEDS: DA85015       1       0       0       0       0   181CD    3039       0       0
  249999986                    14                    14             2.7886165E-05         1.0000000E+30                 0       
 NEXT SEEDS: DA85019       1       0       0       0       0   181CD    3039       0       0
  249999987                    13                    13             2.7886165E-05         1.0000000E+30                 0       
 NEXT SEEDS: DA8501D       1       0       0       0       0   181CD    3039       0       0
  249999988                    12                    12             2.7886165E-05         1.0000000E+30                 0       
 NEXT SEEDS: DA85023       1       0       0       0       0   181CD    3039       0       0
  249999989                    11                    11             2.7886164E-05         1.0000000E+30                 0       
 NEXT SEEDS: DA85027       1       0       0       0       0   181CD    3039       0       0
  249999990                    10                    10             2.7886164E-05         1.0000000E+30                 0       
 NEXT SEEDS: DA8503A       1       0       0       0       0   181CD    3039       0       0
  249999991                     9                     9             2.7886166E-05         1.0000000E+30                 0       
 NEXT SEEDS: DA85040       1       0       0       0       0   181CD    3039       0       0
  249999992                     8                     8             2.7886166E-05         1.0000000E+30                 0       
 NEXT SEEDS: DA85044       1       0       0       0       0   181CD    3039       0       0
  249999993                     7                     7             2.7886166E-05         1.0000000E+30                 0       
 NEXT SEEDS: DA85048       1       0       0       0       0   181CD    3039       0       0
  249999994                     6                     6             2.7886168E-05         1.0000000E+30                 0       
 NEXT SEEDS: DA8504C       1       0       0       0       0   181CD    3039       0       0
  249999995                     5                     5             2.7886168E-05         1.0000000E+30                 0       
 NEXT SEEDS: DA85050       1       0       0       0       0   181CD    3039       0       0
  249999996                     4                     4             2.7886170E-05         1.0000000E+30                 0       
 NEXT SEEDS: DA85054       1       0       0       0       0   181CD    3039       0       0
  249999997                     3                     3             2.7886169E-05         1.0000000E+30                 0       
 NEXT SEEDS: DA85058       1       0       0       0       0   181CD    3039       0       0
  249999998                     2                     2             2.7886169E-05         1.0000000E+30                 0       
 NEXT SEEDS: DA8505C       1       0       0       0       0   181CD    3039       0       0
  249999999                     1                     1             2.7886171E-05         1.0000000E+30                 0       
 NEXT SEEDS: DA85060       1       0       0       0       0   181CD    3039       0       0
  250000000                     0                     1             2.7886171E-05         1.0000000E+30                 0       
 NEXT SEEDS: DA85064       1       0       0       0       0   181CD    3039       0       0
