1NUMBER OF BEAM       NUMBER OF BEAM        APPROXIMATE NUMBER    AVERAGE TIME USED     TIME LEFT (RESERVED   NUMBER OF STARS
 PARTICLES HANDLED    PARTICLES LEFT        OF BEAM PARTICLES     BY A BEAM PARTICLE     10000.0 SECONDS      CREATED
                                            THAT CAN STILL BE                           FOR PRINTOUT)
                                            HANDLED

 NEXT SEEDS:       0       0       0       0       0       0   181CD    3039       0       0
          1             249999999             249999999             0.0000000E+00         1.0000000E+30                 0       
 NEXT SEEDS:       4       0       0       0       0       0   181CD    3039       0       0
    5000000             245000000             245000000             2.7336212E-05         1.0000000E+30                 0       
 NEXT SEEDS: 176F3D0       0       0       0       0       0   181CD    3039       0       0
   10000000             240000000             240000000             2.7292606E-05         1.0000000E+30                 0       
 NEXT SEEDS: 2EDD613       0       0       0       0       0   181CD    3039       0       0
   15000000             235000000             235000000             2.7304244E-05         1.0000000E+30                 0       
 NEXT SEEDS: 464ED35       0       0       0       0       0   181CD    3039       0       0
   20000000             230000000             230000000             2.7297313E-05         1.0000000E+30                 0       
 NEXT SEEDS: 5DBE269       0       0       0       0       0   181CD    3039       0       0
   25000000             225000000             225000000             2.7308734E-05         1.0000000E+30                 0       
 NEXT SEEDS: 753376C       0       0       0       0       0   181CD    3039       0       0
   30000000             220000000             220000000             2.7297114E-05         1.0000000E+30                 0       
 NEXT SEEDS: 8CA664C       0       0       0       0       0   181CD    3039       0       0
   35000000             215000000             215000000             2.7285466E-05         1.0000000E+30                 0       
 NEXT SEEDS: A4133AF       0       0       0       0       0   181CD    3039       0       0
   40000000             210000000             210000000             2.7291407E-05         1.0000000E+30                 0       
 NEXT SEEDS: BB88AC3       0       0       0       0       0   181CD    3039       0       0
   45000000             205000000             205000000             2.7292522E-05         1.0000000E+30                 0       
 NEXT SEEDS: D2FC52C       0       0       0       0       0   181CD    3039       0       0
   50000000             200000000             200000000             2.7294615E-05         1.0000000E+30                 0       
 NEXT SEEDS: EA6B7F2       0       0       0       0       0   181CD    3039       0       0
   55000000             195000000             195000000             2.7293899E-05         1.0000000E+30                 0       
 NEXT SEEDS:101DCAC8       0       0       0       0       0   181CD    3039       0       0
   60000000             190000000             190000000             2.7294847E-05         1.0000000E+30                 0       
 NEXT SEEDS:11950CD9       0       0       0       0       0   181CD    3039       0       0
 Geofar: Particle in region    37 (cell #    0)
  in position   2.151926341E+00  1.852849430E+01  6.280999999E-02
  is now causing trouble, requesting a step of  1.089854931E+00 cm
  to direction  5.988049046E-01 -3.972365435E-01 -6.954392962E-01
  end position  2.804536819E+00  1.809556410E+01 -6.951179459E-01
  R2:  1.865303965E+01 R3:  1.865314540E+01 cm  error count:  0
  X*U   (2D): -6.071610985E+00 X*U   (3D): -6.115291528E+00 cm
  X*UOLD(2D):  4.630747176E+00 X*UOLD(3D):  4.684540121E+00 cm
  Kloop:  124386845, Irsave:     37, Irsav2:     37, error code:  -3 Nfrom:  5000
  old direction -4.209745269E-01  2.988183098E-01  8.564391779E-01, lagain, lstnew, lsense, lsnsct  F  F  F  T
  Particle index    7 total energy   5.826783287E-05 GeV  Nsurf    0
 We succeeded in saving the particle:  current region is n.    38 (cell #    0)
   65000000             185000000             185000000             2.7293675E-05         1.0000000E+30                 0       
 NEXT SEEDS:130BF390       0       0       0       0       0   181CD    3039       0       0
   70000000             180000000             180000000             2.7290840E-05         1.0000000E+30                 0       
 NEXT SEEDS:1482C6BE       0       0       0       0       0   181CD    3039       0       0
   75000000             175000000             175000000             2.7291480E-05         1.0000000E+30                 0       
 NEXT SEEDS:15F9C711       0       0       0       0       0   181CD    3039       0       0
   80000000             170000000             170000000             2.7290621E-05         1.0000000E+30                 0       
 NEXT SEEDS:17712944       0       0       0       0       0   181CD    3039       0       0
  *** Emfgeo: Ncoun  2000000000
   85000000             165000000             165000000             2.7294185E-05         1.0000000E+30                 0       
 NEXT SEEDS:18E82747       0       0       0       0       0   181CD    3039       0       0
   90000000             160000000             160000000             2.7295518E-05         1.0000000E+30                 0       
 NEXT SEEDS:1A5F444E       0       0       0       0       0   181CD    3039       0       0
   95000000             155000000             155000000             2.7295895E-05         1.0000000E+30                 0       
 NEXT SEEDS:1BD620CE       0       0       0       0       0   181CD    3039       0       0
  100000000             150000000             150000000             2.7297660E-05         1.0000000E+30                 0       
 NEXT SEEDS:1D4D3418       0       0       0       0       0   181CD    3039       0       0
  105000000             145000000             145000000             2.7297562E-05         1.0000000E+30                 0       
 NEXT SEEDS:1EC451A6       0       0       0       0       0   181CD    3039       0       0
  110000000             140000000             140000000             2.7295123E-05         1.0000000E+30                 0       
 NEXT SEEDS:203B3B06       0       0       0       0       0   181CD    3039       0       0
  115000000             135000000             135000000             2.7295970E-05         1.0000000E+30                 0       
 NEXT SEEDS:21B26088       0       0       0       0       0   181CD    3039       0       0
  120000000             130000000             130000000             2.7294994E-05         1.0000000E+30                 0       
 NEXT SEEDS:232938B4       0       0       0       0       0   181CD    3039       0       0
  125000000             125000000             125000000             2.7294718E-05         1.0000000E+30                 0       
 NEXT SEEDS:24A03A1B       0       0       0       0       0   181CD    3039       0       0
  130000000             120000000             120000000             2.7294589E-05         1.0000000E+30                 0       
 NEXT SEEDS:26172FCE       0       0       0       0       0   181CD    3039       0       0
  135000000             115000000             115000000             2.7292914E-05         1.0000000E+30                 0       
 NEXT SEEDS:278E30F1       0       0       0       0       0   181CD    3039       0       0
  140000000             110000000             110000000             2.7293334E-05         1.0000000E+30                 0       
 NEXT SEEDS:29055607       0       0       0       0       0   181CD    3039       0       0
  145000000             105000000             105000000             2.7293921E-05         1.0000000E+30                 0       
 NEXT SEEDS:2A7C3E9D       0       0       0       0       0   181CD    3039       0       0
  150000000             100000000             100000000             2.7293842E-05         1.0000000E+30                 0       
 NEXT SEEDS:2BF39699       0       0       0       0       0   181CD    3039       0       0
  155000000              95000000              95000000             2.7293656E-05         1.0000000E+30                 0       
 NEXT SEEDS:2D6A9588       0       0       0       0       0   181CD    3039       0       0
  160000000              90000000              90000000             2.7293821E-05         1.0000000E+30                 0       
 NEXT SEEDS:2EE1579C       0       0       0       0       0   181CD    3039       0       0
  *** Emfgeo: Ncoun  2000000000
  165000000              85000000              85000000             2.7292286E-05         1.0000000E+30                 0       
 NEXT SEEDS:305816CB       0       0       0       0       0   181CD    3039       0       0
  170000000              80000000              80000000             2.7292978E-05         1.0000000E+30                 0       
 NEXT SEEDS:31CEF6B8       0       0       0       0       0   181CD    3039       0       0
  175000000              75000000              75000000             2.7293843E-05         1.0000000E+30                 0       
 NEXT SEEDS:33460BD3       0       0       0       0       0   181CD    3039       0       0
  180000000              70000000              70000000             2.7293878E-05         1.0000000E+30                 0       
 NEXT SEEDS:34BD224E       0       0       0       0       0   181CD    3039       0       0
  185000000              65000000              65000000             2.7294630E-05         1.0000000E+30                 0       
 NEXT SEEDS:36340D82       0       0       0       0       0   181CD    3039       0       0
  190000000              60000000              60000000             2.7294206E-05         1.0000000E+30                 0       
 NEXT SEEDS:37AAFDB5       0       0       0       0       0   181CD    3039       0       0
  195000000              55000000              55000000             2.7294229E-05         1.0000000E+30                 0       
 NEXT SEEDS:3921F575       0       0       0       0       0   181CD    3039       0       0
  200000000              50000000              50000000             2.7295589E-05         1.0000000E+30                 0       
 NEXT SEEDS:3A98EB4B       0       0       0       0       0   181CD    3039       0       0
  205000000              45000000              45000000             2.7295785E-05         1.0000000E+30                 0       
 NEXT SEEDS:  750AB4       1       0       0       0       0   181CD    3039       0       0
  210000000              40000000              40000000             2.7296683E-05         1.0000000E+30                 0       
 NEXT SEEDS: 1EC1DA1       1       0       0       0       0   181CD    3039       0       0
  215000000              35000000              35000000             2.7296562E-05         1.0000000E+30                 0       
 NEXT SEEDS: 3631772       1       0       0       0       0   181CD    3039       0       0
  220000000              30000000              30000000             2.7297792E-05         1.0000000E+30                 0       
 NEXT SEEDS: 4DA707A       1       0       0       0       0   181CD    3039       0       0
  225000000              25000000              25000000             2.7297748E-05         1.0000000E+30                 0       
 NEXT SEEDS: 6516119       1       0       0       0       0   181CD    3039       0       0
  230000000              20000000              20000000             2.7296963E-05         1.0000000E+30                 0       
 NEXT SEEDS: 7C842ED       1       0       0       0       0   181CD    3039       0       0
  235000000              15000000              15000000             2.7297071E-05         1.0000000E+30                 0       
 NEXT SEEDS: 93F4D8F       1       0       0       0       0   181CD    3039       0       0
  240000000              10000000              10000000             2.7298288E-05         1.0000000E+30                 0       
 NEXT SEEDS: AB666B4       1       0       0       0       0   181CD    3039       0       0
  *** Emfgeo: Ncoun  2000000000
  245000000               5000000               5000000             2.7298077E-05         1.0000000E+30                 0       
 NEXT SEEDS: C2D6273       1       0       0       0       0   181CD    3039       0       0
  249999950                    50                    50             2.7298840E-05         1.0000000E+30                 0       
 NEXT SEEDS: DA4926F       1       0       0       0       0   181CD    3039       0       0
  249999951                    49                    49             2.7298840E-05         1.0000000E+30                 0       
 NEXT SEEDS: DA49273       1       0       0       0       0   181CD    3039       0       0
  249999952                    48                    48             2.7298840E-05         1.0000000E+30                 0       
 NEXT SEEDS: DA49277       1       0       0       0       0   181CD    3039       0       0
  249999953                    47                    47             2.7298840E-05         1.0000000E+30                 0       
 NEXT SEEDS: DA4927B       1       0       0       0       0   181CD    3039       0       0
  249999954                    46                    46             2.7298840E-05         1.0000000E+30                 0       
 NEXT SEEDS: DA4927F       1       0       0       0       0   181CD    3039       0       0
  249999955                    45                    45             2.7298840E-05         1.0000000E+30                 0       
 NEXT SEEDS: DA49283       1       0       0       0       0   181CD    3039       0       0
  249999956                    44                    44             2.7298841E-05         1.0000000E+30                 0       
 NEXT SEEDS: DA49287       1       0       0       0       0   181CD    3039       0       0
  249999957                    43                    43             2.7298841E-05         1.0000000E+30                 0       
 NEXT SEEDS: DA4928B       1       0       0       0       0   181CD    3039       0       0
  249999958                    42                    42             2.7298841E-05         1.0000000E+30                 0       
 NEXT SEEDS: DA4928F       1       0       0       0       0   181CD    3039       0       0
  249999959                    41                    41             2.7298841E-05         1.0000000E+30                 0       
 NEXT SEEDS: DA49293       1       0       0       0       0   181CD    3039       0       0
  249999960                    40                    40             2.7298841E-05         1.0000000E+30                 0       
 NEXT SEEDS: DA49297       1       0       0       0       0   181CD    3039       0       0
  249999961                    39                    39             2.7298841E-05         1.0000000E+30                 0       
 NEXT SEEDS: DA4929B       1       0       0       0       0   181CD    3039       0       0
  249999962                    38                    38             2.7298841E-05         1.0000000E+30                 0       
 NEXT SEEDS: DA4929F       1       0       0       0       0   181CD    3039       0       0
  249999963                    37                    37             2.7298841E-05         1.0000000E+30                 0       
 NEXT SEEDS: DA492A5       1       0       0       0       0   181CD    3039       0       0
  249999964                    36                    36             2.7298840E-05         1.0000000E+30                 0       
 NEXT SEEDS: DA492A9       1       0       0       0       0   181CD    3039       0       0
  249999965                    35                    35             2.7298840E-05         1.0000000E+30                 0       
 NEXT SEEDS: DA492AD       1       0       0       0       0   181CD    3039       0       0
  249999966                    34                    34             2.7298840E-05         1.0000000E+30                 0       
 NEXT SEEDS: DA492B1       1       0       0       0       0   181CD    3039       0       0
  249999967                    33                    33             2.7298840E-05         1.0000000E+30                 0       
 NEXT SEEDS: DA492B5       1       0       0       0       0   181CD    3039       0       0
  249999968                    32                    32             2.7298840E-05         1.0000000E+30                 0       
 NEXT SEEDS: DA492B9       1       0       0       0       0   181CD    3039       0       0
  249999969                    31                    31             2.7298840E-05         1.0000000E+30                 0       
 NEXT SEEDS: DA492BD       1       0       0       0       0   181CD    3039       0       0
  249999970                    30                    30             2.7298840E-05         1.0000000E+30                 0       
 NEXT SEEDS: DA492C1       1       0       0       0       0   181CD    3039       0       0
  249999971                    29                    29             2.7298840E-05         1.0000000E+30                 0       
 NEXT SEEDS: DA492C5       1       0       0       0       0   181CD    3039       0       0
  249999972                    28                    28             2.7298840E-05         1.0000000E+30                 0       
 NEXT SEEDS: DA492C9       1       0       0       0       0   181CD    3039       0       0
  249999973                    27                    27             2.7298839E-05         1.0000000E+30                 0       
 NEXT SEEDS: DA492CD       1       0       0       0       0   181CD    3039       0       0
  249999974                    26                    26             2.7298839E-05         1.0000000E+30                 0       
 NEXT SEEDS: DA492D1       1       0       0       0       0   181CD    3039       0       0
  249999975                    25                    25             2.7298839E-05         1.0000000E+30                 0       
 NEXT SEEDS: DA492D5       1       0       0       0       0   181CD    3039       0       0
  249999976                    24                    24             2.7298839E-05         1.0000000E+30                 0       
 NEXT SEEDS: DA492D9       1       0       0       0       0   181CD    3039       0       0
  249999977                    23                    23             2.7298839E-05         1.0000000E+30                 0       
 NEXT SEEDS: DA492DD       1       0       0       0       0   181CD    3039       0       0
  249999978                    22                    22             2.7298839E-05         1.0000000E+30                 0       
 NEXT SEEDS: DA492E1       1       0       0       0       0   181CD    3039       0       0
  249999979                    21                    21             2.7298839E-05         1.0000000E+30                 0       
 NEXT SEEDS: DA492E5       1       0       0       0       0   181CD    3039       0       0
  249999980                    20                    20             2.7298839E-05         1.0000000E+30                 0       
 NEXT SEEDS: DA492EB       1       0       0       0       0   181CD    3039       0       0
  249999981                    19                    19             2.7298839E-05         1.0000000E+30                 0       
 NEXT SEEDS: DA492EF       1       0       0       0       0   181CD    3039       0       0
  249999982                    18                    18             2.7298839E-05         1.0000000E+30                 0       
 NEXT SEEDS: DA492F3       1       0       0       0       0   181CD    3039       0       0
  249999983                    17                    17             2.7298838E-05         1.0000000E+30                 0       
 NEXT SEEDS: DA492F7       1       0       0       0       0   181CD    3039       0       0
  249999984                    16                    16             2.7298838E-05         1.0000000E+30                 0       
 NEXT SEEDS: DA492FB       1       0       0       0       0   181CD    3039       0       0
  249999985                    15                    15             2.7298838E-05         1.0000000E+30                 0       
 NEXT SEEDS: DA492FF       1       0       0       0       0   181CD    3039       0       0
  249999986                    14                    14             2.7298838E-05         1.0000000E+30                 0       
 NEXT SEEDS: DA49303       1       0       0       0       0   181CD    3039       0       0
  249999987                    13                    13             2.7298838E-05         1.0000000E+30                 0       
 NEXT SEEDS: DA49307       1       0       0       0       0   181CD    3039       0       0
  249999988                    12                    12             2.7298838E-05         1.0000000E+30                 0       
 NEXT SEEDS: DA4930B       1       0       0       0       0   181CD    3039       0       0
  249999989                    11                    11             2.7298838E-05         1.0000000E+30                 0       
 NEXT SEEDS: DA4930F       1       0       0       0       0   181CD    3039       0       0
  249999990                    10                    10             2.7298838E-05         1.0000000E+30                 0       
 NEXT SEEDS: DA49313       1       0       0       0       0   181CD    3039       0       0
  249999991                     9                     9             2.7298838E-05         1.0000000E+30                 0       
 NEXT SEEDS: DA49317       1       0       0       0       0   181CD    3039       0       0
  249999992                     8                     8             2.7298837E-05         1.0000000E+30                 0       
 NEXT SEEDS: DA4931B       1       0       0       0       0   181CD    3039       0       0
  249999993                     7                     7             2.7298837E-05         1.0000000E+30                 0       
 NEXT SEEDS: DA4931F       1       0       0       0       0   181CD    3039       0       0
  249999994                     6                     6             2.7298837E-05         1.0000000E+30                 0       
 NEXT SEEDS: DA49323       1       0       0       0       0   181CD    3039       0       0
  249999995                     5                     5             2.7298837E-05         1.0000000E+30                 0       
 NEXT SEEDS: DA4933D       1       0       0       0       0   181CD    3039       0       0
  249999996                     4                     4             2.7298837E-05         1.0000000E+30                 0       
 NEXT SEEDS: DA49341       1       0       0       0       0   181CD    3039       0       0
  249999997                     3                     3             2.7298837E-05         1.0000000E+30                 0       
 NEXT SEEDS: DA49345       1       0       0       0       0   181CD    3039       0       0
  249999998                     2                     2             2.7298837E-05         1.0000000E+30                 0       
 NEXT SEEDS: DA49349       1       0       0       0       0   181CD    3039       0       0
  249999999                     1                     1             2.7298837E-05         1.0000000E+30                 0       
 NEXT SEEDS: DA4934D       1       0       0       0       0   181CD    3039       0       0
  250000000                     0                     1             2.7298837E-05         1.0000000E+30                 0       
 NEXT SEEDS: DA49353       1       0       0       0       0   181CD    3039       0       0
