1NUMBER OF BEAM       NUMBER OF BEAM        APPROXIMATE NUMBER    AVERAGE TIME USED     TIME LEFT (RESERVED   NUMBER OF STARS
 PARTICLES HANDLED    PARTICLES LEFT        OF BEAM PARTICLES     BY A BEAM PARTICLE     10000.0 SECONDS      CREATED
                                            THAT CAN STILL BE                           FOR PRINTOUT)
                                            HANDLED

 NEXT SEEDS:       0       0       0       0       0       0   181CD    3039       0       0
          1             249999999             249999999             7.6055527E-05         1.0000000E+30                 0       
 NEXT SEEDS:       4       0       0       0       0       0   181CD    3039       0       0
    5000000             245000000             245000000             2.7995395E-05         1.0000000E+30                 0       
 NEXT SEEDS: 176C28E       0       0       0       0       0   181CD    3039       0       0
   10000000             240000000             240000000             2.8027912E-05         1.0000000E+30                 0       
 NEXT SEEDS: 2EDDDA3       0       0       0       0       0   181CD    3039       0       0
   15000000             235000000             235000000             2.8052092E-05         1.0000000E+30                 0       
 NEXT SEEDS: 4653976       0       0       0       0       0   181CD    3039       0       0
   20000000             230000000             230000000             2.8070700E-05         1.0000000E+30                 0       
 NEXT SEEDS: 5DC4A0E       0       0       0       0       0   181CD    3039       0       0
   25000000             225000000             225000000             2.8068589E-05         1.0000000E+30                 0       
 NEXT SEEDS: 7536C4F       0       0       0       0       0   181CD    3039       0       0
   30000000             220000000             220000000             2.8072799E-05         1.0000000E+30                 0       
 NEXT SEEDS: 8CA8BB6       0       0       0       0       0   181CD    3039       0       0
   35000000             215000000             215000000             2.8074815E-05         1.0000000E+30                 0       
 NEXT SEEDS: A419292       0       0       0       0       0   181CD    3039       0       0
   40000000             210000000             210000000             2.8074391E-05         1.0000000E+30                 0       
 NEXT SEEDS: BB8A85F       0       0       0       0       0   181CD    3039       0       0
   45000000             205000000             205000000             2.8071369E-05         1.0000000E+30                 0       
 NEXT SEEDS: D2FC976       0       0       0       0       0   181CD    3039       0       0
   50000000             200000000             200000000             2.8074264E-05         1.0000000E+30                 0       
 NEXT SEEDS: EA6E23A       0       0       0       0       0   181CD    3039       0       0
   55000000             195000000             195000000             2.8081531E-05         1.0000000E+30                 0       
 NEXT SEEDS:101E35D9       0       0       0       0       0   181CD    3039       0       0
   60000000             190000000             190000000             2.8077906E-05         1.0000000E+30                 0       
 NEXT SEEDS:11952B86       0       0       0       0       0   181CD    3039       0       0
   65000000             185000000             185000000             2.8079285E-05         1.0000000E+30                 0       
 NEXT SEEDS:130C5F1E       0       0       0       0       0   181CD    3039       0       0
   70000000             180000000             180000000             2.8078328E-05         1.0000000E+30                 0       
 NEXT SEEDS:1483823C       0       0       0       0       0   181CD    3039       0       0
   75000000             175000000             175000000             2.8076920E-05         1.0000000E+30                 0       
 NEXT SEEDS:15FA8BC4       0       0       0       0       0   181CD    3039       0       0
   80000000             170000000             170000000             2.8071429E-05         1.0000000E+30                 0       
 NEXT SEEDS:17715E0C       0       0       0       0       0   181CD    3039       0       0
  *** Emfgeo: Ncoun  2000000000
   85000000             165000000             165000000             2.8067514E-05         1.0000000E+30                 0       
 NEXT SEEDS:18E84EDC       0       0       0       0       0   181CD    3039       0       0
   90000000             160000000             160000000             2.8065969E-05         1.0000000E+30                 0       
 NEXT SEEDS:1A5F625B       0       0       0       0       0   181CD    3039       0       0
   95000000             155000000             155000000             2.8066254E-05         1.0000000E+30                 0       
 NEXT SEEDS:1BD65080       0       0       0       0       0   181CD    3039       0       0
  100000000             150000000             150000000             2.8063791E-05         1.0000000E+30                 0       
 NEXT SEEDS:1D4D7B29       0       0       0       0       0   181CD    3039       0       0
  105000000             145000000             145000000             2.8062890E-05         1.0000000E+30                 0       
 NEXT SEEDS:1EC46A0A       0       0       0       0       0   181CD    3039       0       0
  110000000             140000000             140000000             2.8063649E-05         1.0000000E+30                 0       
 NEXT SEEDS:203B833B       0       0       0       0       0   181CD    3039       0       0
  115000000             135000000             135000000             2.8071180E-05         1.0000000E+30                 0       
 NEXT SEEDS:21B25C8A       0       0       0       0       0   181CD    3039       0       0
  120000000             130000000             130000000             2.8079337E-05         1.0000000E+30                 0       
 NEXT SEEDS:232930D3       0       0       0       0       0   181CD    3039       0       0
  125000000             125000000             125000000             2.8076876E-05         1.0000000E+30                 0       
 NEXT SEEDS:24A069B6       0       0       0       0       0   181CD    3039       0       0
  130000000             120000000             120000000             2.8075524E-05         1.0000000E+30                 0       
 NEXT SEEDS:26178C09       0       0       0       0       0   181CD    3039       0       0
  135000000             115000000             115000000             2.8073442E-05         1.0000000E+30                 0       
 NEXT SEEDS:278E72D6       0       0       0       0       0   181CD    3039       0       0
  140000000             110000000             110000000             2.8073911E-05         1.0000000E+30                 0       
 NEXT SEEDS:290582A2       0       0       0       0       0   181CD    3039       0       0
  145000000             105000000             105000000             2.8071689E-05         1.0000000E+30                 0       
 NEXT SEEDS:2A7C1CCE       0       0       0       0       0   181CD    3039       0       0
  150000000             100000000             100000000             2.8072002E-05         1.0000000E+30                 0       
 NEXT SEEDS:2BF3219E       0       0       0       0       0   181CD    3039       0       0
  155000000              95000000              95000000             2.8071660E-05         1.0000000E+30                 0       
 NEXT SEEDS:2D6A378A       0       0       0       0       0   181CD    3039       0       0
  160000000              90000000              90000000             2.8072473E-05         1.0000000E+30                 0       
 NEXT SEEDS:2EE152CF       0       0       0       0       0   181CD    3039       0       0
  *** Emfgeo: Ncoun  2000000000
  165000000              85000000              85000000             2.8075085E-05         1.0000000E+30                 0       
 NEXT SEEDS:305847DF       0       0       0       0       0   181CD    3039       0       0
  170000000              80000000              80000000             2.8074043E-05         1.0000000E+30                 0       
 NEXT SEEDS:31CF97BC       0       0       0       0       0   181CD    3039       0       0
  175000000              75000000              75000000             2.8072486E-05         1.0000000E+30                 0       
 NEXT SEEDS:3346E280       0       0       0       0       0   181CD    3039       0       0
  180000000              70000000              70000000             2.8072471E-05         1.0000000E+30                 0       
 NEXT SEEDS:34BE0FBF       0       0       0       0       0   181CD    3039       0       0
  185000000              65000000              65000000             2.8072139E-05         1.0000000E+30                 0       
 NEXT SEEDS:36351546       0       0       0       0       0   181CD    3039       0       0
  190000000              60000000              60000000             2.8072129E-05         1.0000000E+30                 0       
 NEXT SEEDS:37AC46EE       0       0       0       0       0   181CD    3039       0       0
  195000000              55000000              55000000             2.8071782E-05         1.0000000E+30                 0       
 NEXT SEEDS:3923682F       0       0       0       0       0   181CD    3039       0       0
  200000000              50000000              50000000             2.8070793E-05         1.0000000E+30                 0       
 NEXT SEEDS:3A9AA93E       0       0       0       0       0   181CD    3039       0       0
  205000000              45000000              45000000             2.8070462E-05         1.0000000E+30                 0       
 NEXT SEEDS:  7706C0       1       0       0       0       0   181CD    3039       0       0
  210000000              40000000              40000000             2.8069568E-05         1.0000000E+30                 0       
 NEXT SEEDS: 1EE151F       1       0       0       0       0   181CD    3039       0       0
  215000000              35000000              35000000             2.8067785E-05         1.0000000E+30                 0       
 NEXT SEEDS: 36508C9       1       0       0       0       0   181CD    3039       0       0
  220000000              30000000              30000000             2.8068463E-05         1.0000000E+30                 0       
 NEXT SEEDS: 4DC996F       1       0       0       0       0   181CD    3039       0       0
  225000000              25000000              25000000             2.8068845E-05         1.0000000E+30                 0       
 NEXT SEEDS: 653A544       1       0       0       0       0   181CD    3039       0       0
  230000000              20000000              20000000             2.8068336E-05         1.0000000E+30                 0       
 NEXT SEEDS: 7CAF40B       1       0       0       0       0   181CD    3039       0       0
  235000000              15000000              15000000             2.8069338E-05         1.0000000E+30                 0       
 NEXT SEEDS: 941F605       1       0       0       0       0   181CD    3039       0       0
  240000000              10000000              10000000             2.8068599E-05         1.0000000E+30                 0       
 NEXT SEEDS: AB91C3D       1       0       0       0       0   181CD    3039       0       0
  *** Emfgeo: Ncoun  2000000000
  245000000               5000000               5000000             2.8068255E-05         1.0000000E+30                 0       
 NEXT SEEDS: C2FF075       1       0       0       0       0   181CD    3039       0       0
  249999950                    50                    50             2.8069437E-05         1.0000000E+30                 0       
 NEXT SEEDS: DA70A11       1       0       0       0       0   181CD    3039       0       0
  249999951                    49                    49             2.8069437E-05         1.0000000E+30                 0       
 NEXT SEEDS: DA70A15       1       0       0       0       0   181CD    3039       0       0
  249999952                    48                    48             2.8069437E-05         1.0000000E+30                 0       
 NEXT SEEDS: DA70A19       1       0       0       0       0   181CD    3039       0       0
  249999953                    47                    47             2.8069439E-05         1.0000000E+30                 0       
 NEXT SEEDS: DA70A1D       1       0       0       0       0   181CD    3039       0       0
  249999954                    46                    46             2.8069439E-05         1.0000000E+30                 0       
 NEXT SEEDS: DA70A21       1       0       0       0       0   181CD    3039       0       0
  249999955                    45                    45             2.8069440E-05         1.0000000E+30                 0       
 NEXT SEEDS: DA70A25       1       0       0       0       0   181CD    3039       0       0
  249999956                    44                    44             2.8069440E-05         1.0000000E+30                 0       
 NEXT SEEDS: DA70A2B       1       0       0       0       0   181CD    3039       0       0
  249999957                    43                    43             2.8069442E-05         1.0000000E+30                 0       
 NEXT SEEDS: DA70A2F       1       0       0       0       0   181CD    3039       0       0
  249999958                    42                    42             2.8069442E-05         1.0000000E+30                 0       
 NEXT SEEDS: DA70A35       1       0       0       0       0   181CD    3039       0       0
  249999959                    41                    41             2.8069444E-05         1.0000000E+30                 0       
 NEXT SEEDS: DA70A39       1       0       0       0       0   181CD    3039       0       0
  249999960                    40                    40             2.8069444E-05         1.0000000E+30                 0       
 NEXT SEEDS: DA70A3D       1       0       0       0       0   181CD    3039       0       0
  249999961                    39                    39             2.8069444E-05         1.0000000E+30                 0       
 NEXT SEEDS: DA70A41       1       0       0       0       0   181CD    3039       0       0
  249999962                    38                    38             2.8069445E-05         1.0000000E+30                 0       
 NEXT SEEDS: DA70A45       1       0       0       0       0   181CD    3039       0       0
  249999963                    37                    37             2.8069445E-05         1.0000000E+30                 0       
 NEXT SEEDS: DA70A49       1       0       0       0       0   181CD    3039       0       0
  249999964                    36                    36             2.8069445E-05         1.0000000E+30                 0       
 NEXT SEEDS: DA70A4D       1       0       0       0       0   181CD    3039       0       0
  249999965                    35                    35             2.8069447E-05         1.0000000E+30                 0       
 NEXT SEEDS: DA70A51       1       0       0       0       0   181CD    3039       0       0
  249999966                    34                    34             2.8069447E-05         1.0000000E+30                 0       
 NEXT SEEDS: DA70A55       1       0       0       0       0   181CD    3039       0       0
  249999967                    33                    33             2.8069447E-05         1.0000000E+30                 0       
 NEXT SEEDS: DA70A59       1       0       0       0       0   181CD    3039       0       0
  249999968                    32                    32             2.8069447E-05         1.0000000E+30                 0       
 NEXT SEEDS: DA70A5F       1       0       0       0       0   181CD    3039       0       0
  249999969                    31                    31             2.8069447E-05         1.0000000E+30                 0       
 NEXT SEEDS: DA70A63       1       0       0       0       0   181CD    3039       0       0
  249999970                    30                    30             2.8069446E-05         1.0000000E+30                 0       
 NEXT SEEDS: DA70A67       1       0       0       0       0   181CD    3039       0       0
  249999971                    29                    29             2.8069448E-05         1.0000000E+30                 0       
 NEXT SEEDS: DA70A6B       1       0       0       0       0   181CD    3039       0       0
  249999972                    28                    28             2.8069448E-05         1.0000000E+30                 0       
 NEXT SEEDS: DA70A84       1       0       0       0       0   181CD    3039       0       0
  249999973                    27                    27             2.8069450E-05         1.0000000E+30                 0       
 NEXT SEEDS: DA70A88       1       0       0       0       0   181CD    3039       0       0
  249999974                    26                    26             2.8069450E-05         1.0000000E+30                 0       
 NEXT SEEDS: DA70A8E       1       0       0       0       0   181CD    3039       0       0
  249999975                    25                    25             2.8069450E-05         1.0000000E+30                 0       
 NEXT SEEDS: DA70A92       1       0       0       0       0   181CD    3039       0       0
  249999976                    24                    24             2.8069450E-05         1.0000000E+30                 0       
 NEXT SEEDS: DA70A96       1       0       0       0       0   181CD    3039       0       0
  249999977                    23                    23             2.8069450E-05         1.0000000E+30                 0       
 NEXT SEEDS: DA70A9A       1       0       0       0       0   181CD    3039       0       0
  249999978                    22                    22             2.8069451E-05         1.0000000E+30                 0       
 NEXT SEEDS: DA70A9E       1       0       0       0       0   181CD    3039       0       0
  249999979                    21                    21             2.8069451E-05         1.0000000E+30                 0       
 NEXT SEEDS: DA70AA4       1       0       0       0       0   181CD    3039       0       0
  249999980                    20                    20             2.8069453E-05         1.0000000E+30                 0       
 NEXT SEEDS: DA70AA8       1       0       0       0       0   181CD    3039       0       0
  249999981                    19                    19             2.8069453E-05         1.0000000E+30                 0       
 NEXT SEEDS: DA70AAC       1       0       0       0       0   181CD    3039       0       0
  249999982                    18                    18             2.8069453E-05         1.0000000E+30                 0       
 NEXT SEEDS: DA70AB0       1       0       0       0       0   181CD    3039       0       0
  249999983                    17                    17             2.8069453E-05         1.0000000E+30                 0       
 NEXT SEEDS: DA70AB4       1       0       0       0       0   181CD    3039       0       0
  249999984                    16                    16             2.8069453E-05         1.0000000E+30                 0       
 NEXT SEEDS: DA70AB8       1       0       0       0       0   181CD    3039       0       0
  249999985                    15                    15             2.8069453E-05         1.0000000E+30                 0       
 NEXT SEEDS: DA70ABC       1       0       0       0       0   181CD    3039       0       0
  249999986                    14                    14             2.8069453E-05         1.0000000E+30                 0       
 NEXT SEEDS: DA70AC0       1       0       0       0       0   181CD    3039       0       0
  249999987                    13                    13             2.8069452E-05         1.0000000E+30                 0       
 NEXT SEEDS: DA70AC4       1       0       0       0       0   181CD    3039       0       0
  249999988                    12                    12             2.8069452E-05         1.0000000E+30                 0       
 NEXT SEEDS: DA70AC8       1       0       0       0       0   181CD    3039       0       0
  249999989                    11                    11             2.8069452E-05         1.0000000E+30                 0       
 NEXT SEEDS: DA70ACC       1       0       0       0       0   181CD    3039       0       0
  249999990                    10                    10             2.8069452E-05         1.0000000E+30                 0       
 NEXT SEEDS: DA70AD0       1       0       0       0       0   181CD    3039       0       0
  249999991                     9                     9             2.8069452E-05         1.0000000E+30                 0       
 NEXT SEEDS: DA70AD4       1       0       0       0       0   181CD    3039       0       0
  249999992                     8                     8             2.8069452E-05         1.0000000E+30                 0       
 NEXT SEEDS: DA70AD8       1       0       0       0       0   181CD    3039       0       0
  249999993                     7                     7             2.8069452E-05         1.0000000E+30                 0       
 NEXT SEEDS: DA70ADC       1       0       0       0       0   181CD    3039       0       0
  249999994                     6                     6             2.8069454E-05         1.0000000E+30                 0       
 NEXT SEEDS: DA70AE0       1       0       0       0       0   181CD    3039       0       0
  249999995                     5                     5             2.8069453E-05         1.0000000E+30                 0       
 NEXT SEEDS: DA70AE4       1       0       0       0       0   181CD    3039       0       0
  249999996                     4                     4             2.8069453E-05         1.0000000E+30                 0       
 NEXT SEEDS: DA70AE8       1       0       0       0       0   181CD    3039       0       0
  249999997                     3                     3             2.8069453E-05         1.0000000E+30                 0       
 NEXT SEEDS: DA70AEE       1       0       0       0       0   181CD    3039       0       0
  249999998                     2                     2             2.8069453E-05         1.0000000E+30                 0       
 NEXT SEEDS: DA70AF2       1       0       0       0       0   181CD    3039       0       0
  249999999                     1                     1             2.8069453E-05         1.0000000E+30                 0       
 NEXT SEEDS: DA70AF6       1       0       0       0       0   181CD    3039       0       0
  250000000                     0                     1             2.8069453E-05         1.0000000E+30                 0       
 NEXT SEEDS: DA70AFA       1       0       0       0       0   181CD    3039       0       0
