1NUMBER OF BEAM       NUMBER OF BEAM        APPROXIMATE NUMBER    AVERAGE TIME USED     TIME LEFT (RESERVED   NUMBER OF STARS
 PARTICLES HANDLED    PARTICLES LEFT        OF BEAM PARTICLES     BY A BEAM PARTICLE     10000.0 SECONDS      CREATED
                                            THAT CAN STILL BE                           FOR PRINTOUT)
                                            HANDLED

 NEXT SEEDS:       0       0       0       0       0       0   181CD    3039       0       0
          1             249999999             249999999             8.9883804E-05         1.0000000E+30                 0       
 NEXT SEEDS:       4       0       0       0       0       0   181CD    3039       0       0
    5000000             245000000             245000000             2.6471885E-05         1.0000000E+30                 0       
 NEXT SEEDS: 176FFCC       0       0       0       0       0   181CD    3039       0       0
   10000000             240000000             240000000             2.6479789E-05         1.0000000E+30                 0       
 NEXT SEEDS: 2EE2C87       0       0       0       0       0   181CD    3039       0       0
   15000000             235000000             235000000             2.6488212E-05         1.0000000E+30                 0       
 NEXT SEEDS: 46569EE       0       0       0       0       0   181CD    3039       0       0
   20000000             230000000             230000000             2.6483119E-05         1.0000000E+30                 0       
 NEXT SEEDS: 5DC82FE       0       0       0       0       0   181CD    3039       0       0
   25000000             225000000             225000000             2.6489913E-05         1.0000000E+30                 0       
 NEXT SEEDS: 7539A9A       0       0       0       0       0   181CD    3039       0       0
   30000000             220000000             220000000             2.6481278E-05         1.0000000E+30                 0       
 NEXT SEEDS: 8CAAD16       0       0       0       0       0   181CD    3039       0       0
   35000000             215000000             215000000             2.6477653E-05         1.0000000E+30                 0       
 NEXT SEEDS: A41C5B7       0       0       0       0       0   181CD    3039       0       0
   40000000             210000000             210000000             2.6482868E-05         1.0000000E+30                 0       
 NEXT SEEDS: BB941F6       0       0       0       0       0   181CD    3039       0       0
   45000000             205000000             205000000             2.6480364E-05         1.0000000E+30                 0       
 NEXT SEEDS: D304CF0       0       0       0       0       0   181CD    3039       0       0
   50000000             200000000             200000000             2.6485443E-05         1.0000000E+30                 0       
 NEXT SEEDS: EA75940       0       0       0       0       0   181CD    3039       0       0
   55000000             195000000             195000000             2.6485350E-05         1.0000000E+30                 0       
 NEXT SEEDS:101E75BA       0       0       0       0       0   181CD    3039       0       0
   60000000             190000000             190000000             2.6482142E-05         1.0000000E+30                 0       
 NEXT SEEDS:11957896       0       0       0       0       0   181CD    3039       0       0
   65000000             185000000             185000000             2.6486030E-05         1.0000000E+30                 0       
 NEXT SEEDS:130CB0ED       0       0       0       0       0   181CD    3039       0       0
   70000000             180000000             180000000             2.6483950E-05         1.0000000E+30                 0       
 NEXT SEEDS:1483D44B       0       0       0       0       0   181CD    3039       0       0
   75000000             175000000             175000000             2.6481620E-05         1.0000000E+30                 0       
 NEXT SEEDS:15FACB77       0       0       0       0       0   181CD    3039       0       0
   80000000             170000000             170000000             2.6480640E-05         1.0000000E+30                 0       
 NEXT SEEDS:1771CC23       0       0       0       0       0   181CD    3039       0       0
  *** Emfgeo: Ncoun  2000000000
   85000000             165000000             165000000             2.6479742E-05         1.0000000E+30                 0       
 NEXT SEEDS:18E8F723       0       0       0       0       0   181CD    3039       0       0
   90000000             160000000             160000000             2.6482778E-05         1.0000000E+30                 0       
 NEXT SEEDS:1A60058E       0       0       0       0       0   181CD    3039       0       0
   95000000             155000000             155000000             2.6483592E-05         1.0000000E+30                 0       
 NEXT SEEDS:1BD6F80D       0       0       0       0       0   181CD    3039       0       0
  100000000             150000000             150000000             2.6484917E-05         1.0000000E+30                 0       
 NEXT SEEDS:1D4E4186       0       0       0       0       0   181CD    3039       0       0
  105000000             145000000             145000000             2.6481071E-05         1.0000000E+30                 0       
 NEXT SEEDS:1EC5798F       0       0       0       0       0   181CD    3039       0       0
  110000000             140000000             140000000             2.6480036E-05         1.0000000E+30                 0       
 NEXT SEEDS:203CB774       0       0       0       0       0   181CD    3039       0       0
  115000000             135000000             135000000             2.6478989E-05         1.0000000E+30                 0       
 NEXT SEEDS:21B3CDC0       0       0       0       0       0   181CD    3039       0       0
  120000000             130000000             130000000             2.6478274E-05         1.0000000E+30                 0       
 NEXT SEEDS:232AB284       0       0       0       0       0   181CD    3039       0       0
  125000000             125000000             125000000             2.6477664E-05         1.0000000E+30                 0       
 NEXT SEEDS:24A1BDF7       0       0       0       0       0   181CD    3039       0       0
  130000000             120000000             120000000             2.6479049E-05         1.0000000E+30                 0       
 NEXT SEEDS:2618E453       0       0       0       0       0   181CD    3039       0       0
  135000000             115000000             115000000             2.6478905E-05         1.0000000E+30                 0       
 NEXT SEEDS:27904911       0       0       0       0       0   181CD    3039       0       0
  140000000             110000000             110000000             2.6479177E-05         1.0000000E+30                 0       
 NEXT SEEDS:290741B3       0       0       0       0       0   181CD    3039       0       0
  145000000             105000000             105000000             2.6478240E-05         1.0000000E+30                 0       
 NEXT SEEDS:2A7E5B96       0       0       0       0       0   181CD    3039       0       0
  150000000             100000000             100000000             2.6478697E-05         1.0000000E+30                 0       
 NEXT SEEDS:2BF55A63       0       0       0       0       0   181CD    3039       0       0
  155000000              95000000              95000000             2.6478138E-05         1.0000000E+30                 0       
 NEXT SEEDS:2D6CAA24       0       0       0       0       0   181CD    3039       0       0
  160000000              90000000              90000000             2.6477445E-05         1.0000000E+30                 0       
 NEXT SEEDS:2EE3A84E       0       0       0       0       0   181CD    3039       0       0
  *** Emfgeo: Ncoun  2000000000
  165000000              85000000              85000000             2.6476359E-05         1.0000000E+30                 0       
 NEXT SEEDS:305ADC1B       0       0       0       0       0   181CD    3039       0       0
  170000000              80000000              80000000             2.6477407E-05         1.0000000E+30                 0       
 NEXT SEEDS:31D21DB7       0       0       0       0       0   181CD    3039       0       0
  175000000              75000000              75000000             2.6477919E-05         1.0000000E+30                 0       
 NEXT SEEDS:3349684E       0       0       0       0       0   181CD    3039       0       0
  180000000              70000000              70000000             2.6479134E-05         1.0000000E+30                 0       
 NEXT SEEDS:34C099D3       0       0       0       0       0   181CD    3039       0       0
  185000000              65000000              65000000             2.6478231E-05         1.0000000E+30                 0       
 NEXT SEEDS:3638013A       0       0       0       0       0   181CD    3039       0       0
  190000000              60000000              60000000             2.6477961E-05         1.0000000E+30                 0       
 NEXT SEEDS:37AF3C66       0       0       0       0       0   181CD    3039       0       0
  195000000              55000000              55000000             2.6478338E-05         1.0000000E+30                 0       
 NEXT SEEDS:392633E0       0       0       0       0       0   181CD    3039       0       0
  200000000              50000000              50000000             2.6478015E-05         1.0000000E+30                 0       
 NEXT SEEDS:3A9D3E4C       0       0       0       0       0   181CD    3039       0       0
  205000000              45000000              45000000             2.6478070E-05         1.0000000E+30                 0       
 NEXT SEEDS:  798675       1       0       0       0       0   181CD    3039       0       0
  210000000              40000000              40000000             2.6477358E-05         1.0000000E+30                 0       
 NEXT SEEDS: 1F098E4       1       0       0       0       0   181CD    3039       0       0
  215000000              35000000              35000000             2.6476510E-05         1.0000000E+30                 0       
 NEXT SEEDS: 3679D78       1       0       0       0       0   181CD    3039       0       0
  220000000              30000000              30000000             2.6477202E-05         1.0000000E+30                 0       
 NEXT SEEDS: 4DEDCFC       1       0       0       0       0   181CD    3039       0       0
  225000000              25000000              25000000             2.6476775E-05         1.0000000E+30                 0       
 NEXT SEEDS: 65613CE       1       0       0       0       0   181CD    3039       0       0
  230000000              20000000              20000000             2.6476085E-05         1.0000000E+30                 0       
 NEXT SEEDS: 7CCD05D       1       0       0       0       0   181CD    3039       0       0
  235000000              15000000              15000000             2.6476417E-05         1.0000000E+30                 0       
 NEXT SEEDS: 943E01B       1       0       0       0       0   181CD    3039       0       0
  240000000              10000000              10000000             2.6476211E-05         1.0000000E+30                 0       
 NEXT SEEDS: ABAE6B0       1       0       0       0       0   181CD    3039       0       0
  *** Emfgeo: Ncoun  2000000000
  245000000               5000000               5000000             2.6477270E-05         1.0000000E+30                 0       
 NEXT SEEDS: C3215C4       1       0       0       0       0   181CD    3039       0       0
  249999950                    50                    50             2.6477759E-05         1.0000000E+30                 0       
 NEXT SEEDS: DA93BB9       1       0       0       0       0   181CD    3039       0       0
  249999951                    49                    49             2.6477759E-05         1.0000000E+30                 0       
 NEXT SEEDS: DA93BBD       1       0       0       0       0   181CD    3039       0       0
  249999952                    48                    48             2.6477759E-05         1.0000000E+30                 0       
 NEXT SEEDS: DA93BC1       1       0       0       0       0   181CD    3039       0       0
  249999953                    47                    47             2.6477759E-05         1.0000000E+30                 0       
 NEXT SEEDS: DA93BC5       1       0       0       0       0   181CD    3039       0       0
  249999954                    46                    46             2.6477759E-05         1.0000000E+30                 0       
 NEXT SEEDS: DA93BD5       1       0       0       0       0   181CD    3039       0       0
  249999955                    45                    45             2.6477759E-05         1.0000000E+30                 0       
 NEXT SEEDS: DA93BD9       1       0       0       0       0   181CD    3039       0       0
  249999956                    44                    44             2.6477759E-05         1.0000000E+30                 0       
 NEXT SEEDS: DA93BDD       1       0       0       0       0   181CD    3039       0       0
  249999957                    43                    43             2.6477759E-05         1.0000000E+30                 0       
 NEXT SEEDS: DA93BE1       1       0       0       0       0   181CD    3039       0       0
  249999958                    42                    42             2.6477758E-05         1.0000000E+30                 0       
 NEXT SEEDS: DA93BE5       1       0       0       0       0   181CD    3039       0       0
  249999959                    41                    41             2.6477758E-05         1.0000000E+30                 0       
 NEXT SEEDS: DA93BE9       1       0       0       0       0   181CD    3039       0       0
  249999960                    40                    40             2.6477758E-05         1.0000000E+30                 0       
 NEXT SEEDS: DA93BED       1       0       0       0       0   181CD    3039       0       0
  249999961                    39                    39             2.6477760E-05         1.0000000E+30                 0       
 NEXT SEEDS: DA93BF3       1       0       0       0       0   181CD    3039       0       0
  249999962                    38                    38             2.6477760E-05         1.0000000E+30                 0       
 NEXT SEEDS: DA93BF7       1       0       0       0       0   181CD    3039       0       0
  249999963                    37                    37             2.6477762E-05         1.0000000E+30                 0       
 NEXT SEEDS: DA93C0F       1       0       0       0       0   181CD    3039       0       0
  249999964                    36                    36             2.6477762E-05         1.0000000E+30                 0       
 NEXT SEEDS: DA93C13       1       0       0       0       0   181CD    3039       0       0
  249999965                    35                    35             2.6477762E-05         1.0000000E+30                 0       
 NEXT SEEDS: DA93C2E       1       0       0       0       0   181CD    3039       0       0
  249999966                    34                    34             2.6477762E-05         1.0000000E+30                 0       
 NEXT SEEDS: DA93C32       1       0       0       0       0   181CD    3039       0       0
  249999967                    33                    33             2.6477761E-05         1.0000000E+30                 0       
 NEXT SEEDS: DA93C36       1       0       0       0       0   181CD    3039       0       0
  249999968                    32                    32             2.6477761E-05         1.0000000E+30                 0       
 NEXT SEEDS: DA93C3A       1       0       0       0       0   181CD    3039       0       0
  249999969                    31                    31             2.6477761E-05         1.0000000E+30                 0       
 NEXT SEEDS: DA93C3E       1       0       0       0       0   181CD    3039       0       0
  249999970                    30                    30             2.6477761E-05         1.0000000E+30                 0       
 NEXT SEEDS: DA93C42       1       0       0       0       0   181CD    3039       0       0
  249999971                    29                    29             2.6477761E-05         1.0000000E+30                 0       
 NEXT SEEDS: DA93C46       1       0       0       0       0   181CD    3039       0       0
  249999972                    28                    28             2.6477761E-05         1.0000000E+30                 0       
 NEXT SEEDS: DA93C4A       1       0       0       0       0   181CD    3039       0       0
  249999973                    27                    27             2.6477761E-05         1.0000000E+30                 0       
 NEXT SEEDS: DA93C4E       1       0       0       0       0   181CD    3039       0       0
  249999974                    26                    26             2.6477761E-05         1.0000000E+30                 0       
 NEXT SEEDS: DA93C52       1       0       0       0       0   181CD    3039       0       0
  249999975                    25                    25             2.6477761E-05         1.0000000E+30                 0       
 NEXT SEEDS: DA93C56       1       0       0       0       0   181CD    3039       0       0
  249999976                    24                    24             2.6477760E-05         1.0000000E+30                 0       
 NEXT SEEDS: DA93C5A       1       0       0       0       0   181CD    3039       0       0
  249999977                    23                    23             2.6477760E-05         1.0000000E+30                 0       
 NEXT SEEDS: DA93C5E       1       0       0       0       0   181CD    3039       0       0
  249999978                    22                    22             2.6477760E-05         1.0000000E+30                 0       
 NEXT SEEDS: DA93C62       1       0       0       0       0   181CD    3039       0       0
  249999979                    21                    21             2.6477760E-05         1.0000000E+30                 0       
 NEXT SEEDS: DA93C66       1       0       0       0       0   181CD    3039       0       0
  249999980                    20                    20             2.6477760E-05         1.0000000E+30                 0       
 NEXT SEEDS: DA93C6A       1       0       0       0       0   181CD    3039       0       0
  249999981                    19                    19             2.6477760E-05         1.0000000E+30                 0       
 NEXT SEEDS: DA93C6E       1       0       0       0       0   181CD    3039       0       0
  249999982                    18                    18             2.6477760E-05         1.0000000E+30                 0       
 NEXT SEEDS: DA93C72       1       0       0       0       0   181CD    3039       0       0
  249999983                    17                    17             2.6477760E-05         1.0000000E+30                 0       
 NEXT SEEDS: DA93C76       1       0       0       0       0   181CD    3039       0       0
  249999984                    16                    16             2.6477760E-05         1.0000000E+30                 0       
 NEXT SEEDS: DA93C7A       1       0       0       0       0   181CD    3039       0       0
  249999985                    15                    15             2.6477760E-05         1.0000000E+30                 0       
 NEXT SEEDS: DA93C7E       1       0       0       0       0   181CD    3039       0       0
  249999986                    14                    14             2.6477759E-05         1.0000000E+30                 0       
 NEXT SEEDS: DA93C82       1       0       0       0       0   181CD    3039       0       0
  249999987                    13                    13             2.6477759E-05         1.0000000E+30                 0       
 NEXT SEEDS: DA93C86       1       0       0       0       0   181CD    3039       0       0
  249999988                    12                    12             2.6477759E-05         1.0000000E+30                 0       
 NEXT SEEDS: DA93C8A       1       0       0       0       0   181CD    3039       0       0
  249999989                    11                    11             2.6477759E-05         1.0000000E+30                 0       
 NEXT SEEDS: DA93C90       1       0       0       0       0   181CD    3039       0       0
  249999990                    10                    10             2.6477759E-05         1.0000000E+30                 0       
 NEXT SEEDS: DA93C94       1       0       0       0       0   181CD    3039       0       0
  249999991                     9                     9             2.6477759E-05         1.0000000E+30                 0       
 NEXT SEEDS: DA93C98       1       0       0       0       0   181CD    3039       0       0
  249999992                     8                     8             2.6477759E-05         1.0000000E+30                 0       
 NEXT SEEDS: DA93C9C       1       0       0       0       0   181CD    3039       0       0
  249999993                     7                     7             2.6477759E-05         1.0000000E+30                 0       
 NEXT SEEDS: DA93CA0       1       0       0       0       0   181CD    3039       0       0
  249999994                     6                     6             2.6477759E-05         1.0000000E+30                 0       
 NEXT SEEDS: DA93CA4       1       0       0       0       0   181CD    3039       0       0
  249999995                     5                     5             2.6477758E-05         1.0000000E+30                 0       
 NEXT SEEDS: DA93CA8       1       0       0       0       0   181CD    3039       0       0
  249999996                     4                     4             2.6477758E-05         1.0000000E+30                 0       
 NEXT SEEDS: DA93CAC       1       0       0       0       0   181CD    3039       0       0
  249999997                     3                     3             2.6477758E-05         1.0000000E+30                 0       
 NEXT SEEDS: DA93CC2       1       0       0       0       0   181CD    3039       0       0
  249999998                     2                     2             2.6477758E-05         1.0000000E+30                 0       
 NEXT SEEDS: DA93CC6       1       0       0       0       0   181CD    3039       0       0
  249999999                     1                     1             2.6477758E-05         1.0000000E+30                 0       
 NEXT SEEDS: DA93CCA       1       0       0       0       0   181CD    3039       0       0
  250000000                     0                     1             2.6477758E-05         1.0000000E+30                 0       
 NEXT SEEDS: DA93CCE       1       0       0       0       0   181CD    3039       0       0
