1NUMBER OF BEAM       NUMBER OF BEAM        APPROXIMATE NUMBER    AVERAGE TIME USED     TIME LEFT (RESERVED   NUMBER OF STARS
 PARTICLES HANDLED    PARTICLES LEFT        OF BEAM PARTICLES     BY A BEAM PARTICLE     10000.0 SECONDS      CREATED
                                            THAT CAN STILL BE                           FOR PRINTOUT)
                                            HANDLED

 NEXT SEEDS:       0       0       0       0       0       0   181CD    3039       0       0
          1             249999999             249999999             8.1062317E-05         1.0000000E+30                 0       
 NEXT SEEDS:       4       0       0       0       0       0   181CD    3039       0       0
    5000000             245000000             245000000             2.7594551E-05         1.0000000E+30                 0       
 NEXT SEEDS: 1772F93       0       0       0       0       0   181CD    3039       0       0
   10000000             240000000             240000000             2.7542080E-05         1.0000000E+30                 0       
 NEXT SEEDS: 2EE30B6       0       0       0       0       0   181CD    3039       0       0
   15000000             235000000             235000000             2.7523630E-05         1.0000000E+30                 0       
 NEXT SEEDS: 4658074       0       0       0       0       0   181CD    3039       0       0
   20000000             230000000             230000000             2.7434478E-05         1.0000000E+30                 0       
 NEXT SEEDS: 5DCAA6B       0       0       0       0       0   181CD    3039       0       0
   25000000             225000000             225000000             2.7401728E-05         1.0000000E+30                 0       
 NEXT SEEDS: 753EFBF       0       0       0       0       0   181CD    3039       0       0
   30000000             220000000             220000000             2.7363979E-05         1.0000000E+30                 0       
 NEXT SEEDS: 8CB037B       0       0       0       0       0   181CD    3039       0       0
   35000000             215000000             215000000             2.7335257E-05         1.0000000E+30                 0       
 NEXT SEEDS: A4214A2       0       0       0       0       0   181CD    3039       0       0
   40000000             210000000             210000000             2.7319543E-05         1.0000000E+30                 0       
 NEXT SEEDS: BB936A2       0       0       0       0       0   181CD    3039       0       0
   45000000             205000000             205000000             2.7303697E-05         1.0000000E+30                 0       
 NEXT SEEDS: D30711D       0       0       0       0       0   181CD    3039       0       0
   50000000             200000000             200000000             2.7298020E-05         1.0000000E+30                 0       
 NEXT SEEDS: EA78346       0       0       0       0       0   181CD    3039       0       0
   55000000             195000000             195000000             2.7286932E-05         1.0000000E+30                 0       
 NEXT SEEDS:101E6D6B       0       0       0       0       0   181CD    3039       0       0
   60000000             190000000             190000000             2.7281126E-05         1.0000000E+30                 0       
 NEXT SEEDS:11955E67       0       0       0       0       0   181CD    3039       0       0
   65000000             185000000             185000000             2.7276175E-05         1.0000000E+30                 0       
 NEXT SEEDS:130C4FD9       0       0       0       0       0   181CD    3039       0       0
   70000000             180000000             180000000             2.7270546E-05         1.0000000E+30                 0       
 NEXT SEEDS:148385F1       0       0       0       0       0   181CD    3039       0       0
   75000000             175000000             175000000             2.7265474E-05         1.0000000E+30                 0       
 NEXT SEEDS:15FA83AD       0       0       0       0       0   181CD    3039       0       0
   80000000             170000000             170000000             2.7264630E-05         1.0000000E+30                 0       
 NEXT SEEDS:1771C323       0       0       0       0       0   181CD    3039       0       0
  *** Emfgeo: Ncoun  2000000000
   85000000             165000000             165000000             2.7262494E-05         1.0000000E+30                 0       
 NEXT SEEDS:18E90749       0       0       0       0       0   181CD    3039       0       0
   90000000             160000000             160000000             2.7257682E-05         1.0000000E+30                 0       
 NEXT SEEDS:1A603630       0       0       0       0       0   181CD    3039       0       0
   95000000             155000000             155000000             2.7255980E-05         1.0000000E+30                 0       
 NEXT SEEDS:1BD75F30       0       0       0       0       0   181CD    3039       0       0
  100000000             150000000             150000000             2.7253386E-05         1.0000000E+30                 0       
 NEXT SEEDS:1D4E90F9       0       0       0       0       0   181CD    3039       0       0
  105000000             145000000             145000000             2.7250781E-05         1.0000000E+30                 0       
 NEXT SEEDS:1EC5B9A2       0       0       0       0       0   181CD    3039       0       0
  110000000             140000000             140000000             2.7246808E-05         1.0000000E+30                 0       
 NEXT SEEDS:203CB153       0       0       0       0       0   181CD    3039       0       0
  115000000             135000000             135000000             2.7245098E-05         1.0000000E+30                 0       
 NEXT SEEDS:21B3E97B       0       0       0       0       0   181CD    3039       0       0
  120000000             130000000             130000000             2.7242360E-05         1.0000000E+30                 0       
 NEXT SEEDS:232AF8F7       0       0       0       0       0   181CD    3039       0       0
  125000000             125000000             125000000             2.7235764E-05         1.0000000E+30                 0       
 NEXT SEEDS:24A20C1A       0       0       0       0       0   181CD    3039       0       0
  130000000             120000000             120000000             2.7232168E-05         1.0000000E+30                 0       
 NEXT SEEDS:26190043       0       0       0       0       0   181CD    3039       0       0
  135000000             115000000             115000000             2.7229434E-05         1.0000000E+30                 0       
 NEXT SEEDS:27902F73       0       0       0       0       0   181CD    3039       0       0
  140000000             110000000             110000000             2.7229255E-05         1.0000000E+30                 0       
 NEXT SEEDS:290760A1       0       0       0       0       0   181CD    3039       0       0
  145000000             105000000             105000000             2.7228655E-05         1.0000000E+30                 0       
 NEXT SEEDS:2A7E5FB6       0       0       0       0       0   181CD    3039       0       0
  150000000             100000000             100000000             2.7227279E-05         1.0000000E+30                 0       
 NEXT SEEDS:2BF57FCC       0       0       0       0       0   181CD    3039       0       0
  155000000              95000000              95000000             2.7226570E-05         1.0000000E+30                 0       
 NEXT SEEDS:2D6C9D9E       0       0       0       0       0   181CD    3039       0       0
  160000000              90000000              90000000             2.7225374E-05         1.0000000E+30                 0       
 NEXT SEEDS:2EE3AB15       0       0       0       0       0   181CD    3039       0       0
  *** Emfgeo: Ncoun  2000000000
  165000000              85000000              85000000             2.7227313E-05         1.0000000E+30                 0       
 NEXT SEEDS:305ACA92       0       0       0       0       0   181CD    3039       0       0
  170000000              80000000              80000000             2.7224513E-05         1.0000000E+30                 0       
 NEXT SEEDS:31D1D462       0       0       0       0       0   181CD    3039       0       0
  175000000              75000000              75000000             2.7222973E-05         1.0000000E+30                 0       
 NEXT SEEDS:334907F2       0       0       0       0       0   181CD    3039       0       0
  180000000              70000000              70000000             2.7222809E-05         1.0000000E+30                 0       
 NEXT SEEDS:34C02CB5       0       0       0       0       0   181CD    3039       0       0
  185000000              65000000              65000000             2.7223346E-05         1.0000000E+30                 0       
 NEXT SEEDS:36375347       0       0       0       0       0   181CD    3039       0       0
  190000000              60000000              60000000             2.7222714E-05         1.0000000E+30                 0       
 NEXT SEEDS:37AE3F53       0       0       0       0       0   181CD    3039       0       0
  195000000              55000000              55000000             2.7223243E-05         1.0000000E+30                 0       
 NEXT SEEDS:39255419       0       0       0       0       0   181CD    3039       0       0
  200000000              50000000              50000000             2.7222213E-05         1.0000000E+30                 0       
 NEXT SEEDS:3A9C5CCD       0       0       0       0       0   181CD    3039       0       0
  205000000              45000000              45000000             2.7222469E-05         1.0000000E+30                 0       
 NEXT SEEDS:  7885ED       1       0       0       0       0   181CD    3039       0       0
  210000000              40000000              40000000             2.7222044E-05         1.0000000E+30                 0       
 NEXT SEEDS: 1EF836C       1       0       0       0       0   181CD    3039       0       0
  215000000              35000000              35000000             2.7222019E-05         1.0000000E+30                 0       
 NEXT SEEDS: 366A32B       1       0       0       0       0   181CD    3039       0       0
  220000000              30000000              30000000             2.7222797E-05         1.0000000E+30                 0       
 NEXT SEEDS: 4DDEEA3       1       0       0       0       0   181CD    3039       0       0
  225000000              25000000              25000000             2.7222588E-05         1.0000000E+30                 0       
 NEXT SEEDS: 655018D       1       0       0       0       0   181CD    3039       0       0
  230000000              20000000              20000000             2.7222144E-05         1.0000000E+30                 0       
 NEXT SEEDS: 7CC2B1C       1       0       0       0       0   181CD    3039       0       0
  235000000              15000000              15000000             2.7220627E-05         1.0000000E+30                 0       
 NEXT SEEDS: 9433135       1       0       0       0       0   181CD    3039       0       0
  240000000              10000000              10000000             2.7218855E-05         1.0000000E+30                 0       
 NEXT SEEDS: ABA2ECE       1       0       0       0       0   181CD    3039       0       0
  *** Emfgeo: Ncoun  2000000000
  245000000               5000000               5000000             2.7218115E-05         1.0000000E+30                 0       
 NEXT SEEDS: C31023B       1       0       0       0       0   181CD    3039       0       0
  249999950                    50                    50             2.7218196E-05         1.0000000E+30                 0       
 NEXT SEEDS: DA7EC8A       1       0       0       0       0   181CD    3039       0       0
  249999951                    49                    49             2.7218196E-05         1.0000000E+30                 0       
 NEXT SEEDS: DA7EC8E       1       0       0       0       0   181CD    3039       0       0
  249999952                    48                    48             2.7218198E-05         1.0000000E+30                 0       
 NEXT SEEDS: DA7EC98       1       0       0       0       0   181CD    3039       0       0
  249999953                    47                    47             2.7218197E-05         1.0000000E+30                 0       
 NEXT SEEDS: DA7EC9C       1       0       0       0       0   181CD    3039       0       0
  249999954                    46                    46             2.7218199E-05         1.0000000E+30                 0       
 NEXT SEEDS: DA7ECA0       1       0       0       0       0   181CD    3039       0       0
  249999955                    45                    45             2.7218199E-05         1.0000000E+30                 0       
 NEXT SEEDS: DA7ECA6       1       0       0       0       0   181CD    3039       0       0
  249999956                    44                    44             2.7218201E-05         1.0000000E+30                 0       
 NEXT SEEDS: DA7ECAA       1       0       0       0       0   181CD    3039       0       0
  249999957                    43                    43             2.7218201E-05         1.0000000E+30                 0       
 NEXT SEEDS: DA7ECAE       1       0       0       0       0   181CD    3039       0       0
  249999958                    42                    42             2.7218201E-05         1.0000000E+30                 0       
 NEXT SEEDS: DA7ECB2       1       0       0       0       0   181CD    3039       0       0
  249999959                    41                    41             2.7218203E-05         1.0000000E+30                 0       
 NEXT SEEDS: DA7ECB8       1       0       0       0       0   181CD    3039       0       0
  249999960                    40                    40             2.7218203E-05         1.0000000E+30                 0       
 NEXT SEEDS: DA7ECBC       1       0       0       0       0   181CD    3039       0       0
  249999961                    39                    39             2.7218202E-05         1.0000000E+30                 0       
 NEXT SEEDS: DA7ECC0       1       0       0       0       0   181CD    3039       0       0
  249999962                    38                    38             2.7218202E-05         1.0000000E+30                 0       
 NEXT SEEDS: DA7ECC4       1       0       0       0       0   181CD    3039       0       0
  249999963                    37                    37             2.7218202E-05         1.0000000E+30                 0       
 NEXT SEEDS: DA7ECC8       1       0       0       0       0   181CD    3039       0       0
  249999964                    36                    36             2.7218202E-05         1.0000000E+30                 0       
 NEXT SEEDS: DA7ECCC       1       0       0       0       0   181CD    3039       0       0
  249999965                    35                    35             2.7218202E-05         1.0000000E+30                 0       
 NEXT SEEDS: DA7ECD0       1       0       0       0       0   181CD    3039       0       0
  249999966                    34                    34             2.7218204E-05         1.0000000E+30                 0       
 NEXT SEEDS: DA7ECD4       1       0       0       0       0   181CD    3039       0       0
  249999967                    33                    33             2.7218204E-05         1.0000000E+30                 0       
 NEXT SEEDS: DA7ECDA       1       0       0       0       0   181CD    3039       0       0
  249999968                    32                    32             2.7218206E-05         1.0000000E+30                 0       
 NEXT SEEDS: DA7ECDE       1       0       0       0       0   181CD    3039       0       0
  249999969                    31                    31             2.7218205E-05         1.0000000E+30                 0       
 NEXT SEEDS: DA7ECE2       1       0       0       0       0   181CD    3039       0       0
  249999970                    30                    30             2.7218205E-05         1.0000000E+30                 0       
 NEXT SEEDS: DA7ECE6       1       0       0       0       0   181CD    3039       0       0
  249999971                    29                    29             2.7218207E-05         1.0000000E+30                 0       
 NEXT SEEDS: DA7ECEA       1       0       0       0       0   181CD    3039       0       0
  249999972                    28                    28             2.7218207E-05         1.0000000E+30                 0       
 NEXT SEEDS: DA7ECEE       1       0       0       0       0   181CD    3039       0       0
  249999973                    27                    27             2.7218207E-05         1.0000000E+30                 0       
 NEXT SEEDS: DA7ECF2       1       0       0       0       0   181CD    3039       0       0
  249999974                    26                    26             2.7218207E-05         1.0000000E+30                 0       
 NEXT SEEDS: DA7ECF6       1       0       0       0       0   181CD    3039       0       0
  249999975                    25                    25             2.7218207E-05         1.0000000E+30                 0       
 NEXT SEEDS: DA7ECFA       1       0       0       0       0   181CD    3039       0       0
  249999976                    24                    24             2.7218207E-05         1.0000000E+30                 0       
 NEXT SEEDS: DA7ECFE       1       0       0       0       0   181CD    3039       0       0
  249999977                    23                    23             2.7218207E-05         1.0000000E+30                 0       
 NEXT SEEDS: DA7ED02       1       0       0       0       0   181CD    3039       0       0
  249999978                    22                    22             2.7218206E-05         1.0000000E+30                 0       
 NEXT SEEDS: DA7ED06       1       0       0       0       0   181CD    3039       0       0
  249999979                    21                    21             2.7218208E-05         1.0000000E+30                 0       
 NEXT SEEDS: DA7ED0A       1       0       0       0       0   181CD    3039       0       0
  249999980                    20                    20             2.7218208E-05         1.0000000E+30                 0       
 NEXT SEEDS: DA7ED0E       1       0       0       0       0   181CD    3039       0       0
  249999981                    19                    19             2.7218208E-05         1.0000000E+30                 0       
 NEXT SEEDS: DA7ED12       1       0       0       0       0   181CD    3039       0       0
  249999982                    18                    18             2.7218210E-05         1.0000000E+30                 0       
 NEXT SEEDS: DA7ED16       1       0       0       0       0   181CD    3039       0       0
  249999983                    17                    17             2.7218210E-05         1.0000000E+30                 0       
 NEXT SEEDS: DA7ED1A       1       0       0       0       0   181CD    3039       0       0
  249999984                    16                    16             2.7218210E-05         1.0000000E+30                 0       
 NEXT SEEDS: DA7ED1E       1       0       0       0       0   181CD    3039       0       0
  249999985                    15                    15             2.7218212E-05         1.0000000E+30                 0       
 NEXT SEEDS: DA7ED22       1       0       0       0       0   181CD    3039       0       0
  249999986                    14                    14             2.7218211E-05         1.0000000E+30                 0       
 NEXT SEEDS: DA7ED26       1       0       0       0       0   181CD    3039       0       0
  249999987                    13                    13             2.7218211E-05         1.0000000E+30                 0       
 NEXT SEEDS: DA7ED2A       1       0       0       0       0   181CD    3039       0       0
  249999988                    12                    12             2.7218213E-05         1.0000000E+30                 0       
 NEXT SEEDS: DA7ED2E       1       0       0       0       0   181CD    3039       0       0
  249999989                    11                    11             2.7218213E-05         1.0000000E+30                 0       
 NEXT SEEDS: DA7ED32       1       0       0       0       0   181CD    3039       0       0
  249999990                    10                    10             2.7218213E-05         1.0000000E+30                 0       
 NEXT SEEDS: DA7ED36       1       0       0       0       0   181CD    3039       0       0
  249999991                     9                     9             2.7218215E-05         1.0000000E+30                 0       
 NEXT SEEDS: DA7ED3A       1       0       0       0       0   181CD    3039       0       0
  249999992                     8                     8             2.7218215E-05         1.0000000E+30                 0       
 NEXT SEEDS: DA7ED3E       1       0       0       0       0   181CD    3039       0       0
  249999993                     7                     7             2.7218217E-05         1.0000000E+30                 0       
 NEXT SEEDS: DA7ED44       1       0       0       0       0   181CD    3039       0       0
  249999994                     6                     6             2.7218216E-05         1.0000000E+30                 0       
 NEXT SEEDS: DA7ED48       1       0       0       0       0   181CD    3039       0       0
  249999995                     5                     5             2.7218216E-05         1.0000000E+30                 0       
 NEXT SEEDS: DA7ED4C       1       0       0       0       0   181CD    3039       0       0
  249999996                     4                     4             2.7218218E-05         1.0000000E+30                 0       
 NEXT SEEDS: DA7ED50       1       0       0       0       0   181CD    3039       0       0
  249999997                     3                     3             2.7218218E-05         1.0000000E+30                 0       
 NEXT SEEDS: DA7ED54       1       0       0       0       0   181CD    3039       0       0
  249999998                     2                     2             2.7218218E-05         1.0000000E+30                 0       
 NEXT SEEDS: DA7ED58       1       0       0       0       0   181CD    3039       0       0
  249999999                     1                     1             2.7218220E-05         1.0000000E+30                 0       
 NEXT SEEDS: DA7ED5C       1       0       0       0       0   181CD    3039       0       0
  250000000                     0                     1             2.7218220E-05         1.0000000E+30                 0       
 NEXT SEEDS: DA7ED60       1       0       0       0       0   181CD    3039       0       0
