1NUMBER OF BEAM       NUMBER OF BEAM        APPROXIMATE NUMBER    AVERAGE TIME USED     TIME LEFT (RESERVED   NUMBER OF STARS
 PARTICLES HANDLED    PARTICLES LEFT        OF BEAM PARTICLES     BY A BEAM PARTICLE     10000.0 SECONDS      CREATED
                                            THAT CAN STILL BE                           FOR PRINTOUT)
                                            HANDLED

 NEXT SEEDS:       0       0       0       0       0       0   181CD    3039       0       0
          1             249999999             249999999             7.7009201E-05         1.0000000E+30                 0       
 NEXT SEEDS:       4       0       0       0       0       0   181CD    3039       0       0
    5000000             245000000             245000000             2.6434201E-05         1.0000000E+30                 0       
 NEXT SEEDS: 1772DA3       0       0       0       0       0   181CD    3039       0       0
   10000000             240000000             240000000             2.6426189E-05         1.0000000E+30                 0       
 NEXT SEEDS: 2EE401B       0       0       0       0       0   181CD    3039       0       0
   15000000             235000000             235000000             2.6451460E-05         1.0000000E+30                 0       
 NEXT SEEDS: 4656CAA       0       0       0       0       0   181CD    3039       0       0
   20000000             230000000             230000000             2.6423380E-05         1.0000000E+30                 0       
 NEXT SEEDS: 5DC31F9       0       0       0       0       0   181CD    3039       0       0
   25000000             225000000             225000000             2.6422357E-05         1.0000000E+30                 0       
 NEXT SEEDS: 7535DFB       0       0       0       0       0   181CD    3039       0       0
   30000000             220000000             220000000             2.6416189E-05         1.0000000E+30                 0       
 NEXT SEEDS: 8CA7AD5       0       0       0       0       0   181CD    3039       0       0
   35000000             215000000             215000000             2.6415995E-05         1.0000000E+30                 0       
 NEXT SEEDS: A418FC3       0       0       0       0       0   181CD    3039       0       0
   40000000             210000000             210000000             2.6422547E-05         1.0000000E+30                 0       
 NEXT SEEDS: BB8EE01       0       0       0       0       0   181CD    3039       0       0
   45000000             205000000             205000000             2.6422060E-05         1.0000000E+30                 0       
 NEXT SEEDS: D303D8A       0       0       0       0       0   181CD    3039       0       0
   50000000             200000000             200000000             2.6416040E-05         1.0000000E+30                 0       
 NEXT SEEDS: EA73387       0       0       0       0       0   181CD    3039       0       0
   55000000             195000000             195000000             2.6412092E-05         1.0000000E+30                 0       
 NEXT SEEDS:101E4B53       0       0       0       0       0   181CD    3039       0       0
   60000000             190000000             190000000             2.6408952E-05         1.0000000E+30                 0       
 NEXT SEEDS:11954943       0       0       0       0       0   181CD    3039       0       0
   65000000             185000000             185000000             2.6406382E-05         1.0000000E+30                 0       
 NEXT SEEDS:130C4E3C       0       0       0       0       0   181CD    3039       0       0
   70000000             180000000             180000000             2.6404614E-05         1.0000000E+30                 0       
 NEXT SEEDS:14833137       0       0       0       0       0   181CD    3039       0       0
   75000000             175000000             175000000             2.6406253E-05         1.0000000E+30                 0       
 NEXT SEEDS:15FA869C       0       0       0       0       0   181CD    3039       0       0
   80000000             170000000             170000000             2.6406871E-05         1.0000000E+30                 0       
 NEXT SEEDS:17718BBC       0       0       0       0       0   181CD    3039       0       0
  *** Emfgeo: Ncoun  2000000000
   85000000             165000000             165000000             2.6405918E-05         1.0000000E+30                 0       
 NEXT SEEDS:18E8B599       0       0       0       0       0   181CD    3039       0       0
   90000000             160000000             160000000             2.6406203E-05         1.0000000E+30                 0       
 NEXT SEEDS:1A5FCE02       0       0       0       0       0   181CD    3039       0       0
   95000000             155000000             155000000             2.6405994E-05         1.0000000E+30                 0       
 NEXT SEEDS:1BD70D37       0       0       0       0       0   181CD    3039       0       0
  100000000             150000000             150000000             2.6403986E-05         1.0000000E+30                 0       
 NEXT SEEDS:1D4E11CE       0       0       0       0       0   181CD    3039       0       0
  105000000             145000000             145000000             2.6400164E-05         1.0000000E+30                 0       
 NEXT SEEDS:1EC4EEDC       0       0       0       0       0   181CD    3039       0       0
  110000000             140000000             140000000             2.6399227E-05         1.0000000E+30                 0       
 NEXT SEEDS:203C30B2       0       0       0       0       0   181CD    3039       0       0
  115000000             135000000             135000000             2.6399583E-05         1.0000000E+30                 0       
 NEXT SEEDS:21B31FF2       0       0       0       0       0   181CD    3039       0       0
  120000000             130000000             130000000             2.6402461E-05         1.0000000E+30                 0       
 NEXT SEEDS:2329CFBD       0       0       0       0       0   181CD    3039       0       0
  125000000             125000000             125000000             2.6403552E-05         1.0000000E+30                 0       
 NEXT SEEDS:24A0FAA6       0       0       0       0       0   181CD    3039       0       0
  130000000             120000000             120000000             2.6405575E-05         1.0000000E+30                 0       
 NEXT SEEDS:2618104D       0       0       0       0       0   181CD    3039       0       0
  135000000             115000000             115000000             2.6405405E-05         1.0000000E+30                 0       
 NEXT SEEDS:278F19F5       0       0       0       0       0   181CD    3039       0       0
  140000000             110000000             110000000             2.6405020E-05         1.0000000E+30                 0       
 NEXT SEEDS:2906243C       0       0       0       0       0   181CD    3039       0       0
  145000000             105000000             105000000             2.6403909E-05         1.0000000E+30                 0       
 NEXT SEEDS:2A7CF6EE       0       0       0       0       0   181CD    3039       0       0
  150000000             100000000             100000000             2.6401506E-05         1.0000000E+30                 0       
 NEXT SEEDS:2BF42A7D       0       0       0       0       0   181CD    3039       0       0
  155000000              95000000              95000000             2.6401395E-05         1.0000000E+30                 0       
 NEXT SEEDS:2D6B4969       0       0       0       0       0   181CD    3039       0       0
  160000000              90000000              90000000             2.6401708E-05         1.0000000E+30                 0       
 NEXT SEEDS:2EE287C3       0       0       0       0       0   181CD    3039       0       0
  *** Emfgeo: Ncoun  2000000000
  165000000              85000000              85000000             2.6401988E-05         1.0000000E+30                 0       
 NEXT SEEDS:305973A5       0       0       0       0       0   181CD    3039       0       0
  170000000              80000000              80000000             2.6403351E-05         1.0000000E+30                 0       
 NEXT SEEDS:31D0C2E2       0       0       0       0       0   181CD    3039       0       0
  175000000              75000000              75000000             2.6403501E-05         1.0000000E+30                 0       
 NEXT SEEDS:3347E634       0       0       0       0       0   181CD    3039       0       0
  180000000              70000000              70000000             2.6404033E-05         1.0000000E+30                 0       
 NEXT SEEDS:34BF4555       0       0       0       0       0   181CD    3039       0       0
  185000000              65000000              65000000             2.6404270E-05         1.0000000E+30                 0       
 NEXT SEEDS:36363925       0       0       0       0       0   181CD    3039       0       0
  190000000              60000000              60000000             2.6404145E-05         1.0000000E+30                 0       
 NEXT SEEDS:37AD5120       0       0       0       0       0   181CD    3039       0       0
  195000000              55000000              55000000             2.6403457E-05         1.0000000E+30                 0       
 NEXT SEEDS:39242DD9       0       0       0       0       0   181CD    3039       0       0
  200000000              50000000              50000000             2.6402582E-05         1.0000000E+30                 0       
 NEXT SEEDS:3A9B530D       0       0       0       0       0   181CD    3039       0       0
  205000000              45000000              45000000             2.6402422E-05         1.0000000E+30                 0       
 NEXT SEEDS:  77A018       1       0       0       0       0   181CD    3039       0       0
  210000000              40000000              40000000             2.6405006E-05         1.0000000E+30                 0       
 NEXT SEEDS: 1EED86D       1       0       0       0       0   181CD    3039       0       0
  215000000              35000000              35000000             2.6405836E-05         1.0000000E+30                 0       
 NEXT SEEDS: 365E946       1       0       0       0       0   181CD    3039       0       0
  220000000              30000000              30000000             2.6406327E-05         1.0000000E+30                 0       
 NEXT SEEDS: 4DD0427       1       0       0       0       0   181CD    3039       0       0
  225000000              25000000              25000000             2.6406286E-05         1.0000000E+30                 0       
 NEXT SEEDS: 653DDE0       1       0       0       0       0   181CD    3039       0       0
  230000000              20000000              20000000             2.6406708E-05         1.0000000E+30                 0       
 NEXT SEEDS: 7CB2AC3       1       0       0       0       0   181CD    3039       0       0
  235000000              15000000              15000000             2.6405680E-05         1.0000000E+30                 0       
 NEXT SEEDS: 9420A00       1       0       0       0       0   181CD    3039       0       0
  240000000              10000000              10000000             2.6409071E-05         1.0000000E+30                 0       
 NEXT SEEDS: AB8F5FB       1       0       0       0       0   181CD    3039       0       0
  *** Emfgeo: Ncoun  2000000000
  245000000               5000000               5000000             2.6408725E-05         1.0000000E+30                 0       
 NEXT SEEDS: C3032D8       1       0       0       0       0   181CD    3039       0       0
  249999950                    50                    50             2.6408286E-05         1.0000000E+30                 0       
 NEXT SEEDS: DA7421B       1       0       0       0       0   181CD    3039       0       0
  249999951                    49                    49             2.6408288E-05         1.0000000E+30                 0       
 NEXT SEEDS: DA7421F       1       0       0       0       0   181CD    3039       0       0
  249999952                    48                    48             2.6408288E-05         1.0000000E+30                 0       
 NEXT SEEDS: DA74223       1       0       0       0       0   181CD    3039       0       0
  249999953                    47                    47             2.6408290E-05         1.0000000E+30                 0       
 NEXT SEEDS: DA74248       1       0       0       0       0   181CD    3039       0       0
  249999954                    46                    46             2.6408290E-05         1.0000000E+30                 0       
 NEXT SEEDS: DA7424C       1       0       0       0       0   181CD    3039       0       0
  249999955                    45                    45             2.6408291E-05         1.0000000E+30                 0       
 NEXT SEEDS: DA74250       1       0       0       0       0   181CD    3039       0       0
  249999956                    44                    44             2.6408291E-05         1.0000000E+30                 0       
 NEXT SEEDS: DA74254       1       0       0       0       0   181CD    3039       0       0
  249999957                    43                    43             2.6408291E-05         1.0000000E+30                 0       
 NEXT SEEDS: DA74258       1       0       0       0       0   181CD    3039       0       0
  249999958                    42                    42             2.6408293E-05         1.0000000E+30                 0       
 NEXT SEEDS: DA7426C       1       0       0       0       0   181CD    3039       0       0
  249999959                    41                    41             2.6408293E-05         1.0000000E+30                 0       
 NEXT SEEDS: DA74270       1       0       0       0       0   181CD    3039       0       0
  249999960                    40                    40             2.6408295E-05         1.0000000E+30                 0       
 NEXT SEEDS: DA74274       1       0       0       0       0   181CD    3039       0       0
  249999961                    39                    39             2.6408295E-05         1.0000000E+30                 0       
 NEXT SEEDS: DA7427A       1       0       0       0       0   181CD    3039       0       0
  249999962                    38                    38             2.6408297E-05         1.0000000E+30                 0       
 NEXT SEEDS: DA7427E       1       0       0       0       0   181CD    3039       0       0
  249999963                    37                    37             2.6408298E-05         1.0000000E+30                 0       
 NEXT SEEDS: DA74282       1       0       0       0       0   181CD    3039       0       0
  249999964                    36                    36             2.6408298E-05         1.0000000E+30                 0       
 NEXT SEEDS: DA74288       1       0       0       0       0   181CD    3039       0       0
  249999965                    35                    35             2.6408298E-05         1.0000000E+30                 0       
 NEXT SEEDS: DA7428C       1       0       0       0       0   181CD    3039       0       0
  249999966                    34                    34             2.6408298E-05         1.0000000E+30                 0       
 NEXT SEEDS: DA74290       1       0       0       0       0   181CD    3039       0       0
  249999967                    33                    33             2.6408298E-05         1.0000000E+30                 0       
 NEXT SEEDS: DA742A4       1       0       0       0       0   181CD    3039       0       0
  249999968                    32                    32             2.6408298E-05         1.0000000E+30                 0       
 NEXT SEEDS: DA742A8       1       0       0       0       0   181CD    3039       0       0
  249999969                    31                    31             2.6408298E-05         1.0000000E+30                 0       
 NEXT SEEDS: DA742AC       1       0       0       0       0   181CD    3039       0       0
  249999970                    30                    30             2.6408300E-05         1.0000000E+30                 0       
 NEXT SEEDS: DA742B0       1       0       0       0       0   181CD    3039       0       0
  249999971                    29                    29             2.6408300E-05         1.0000000E+30                 0       
 NEXT SEEDS: DA742B4       1       0       0       0       0   181CD    3039       0       0
  249999972                    28                    28             2.6408299E-05         1.0000000E+30                 0       
 NEXT SEEDS: DA742B8       1       0       0       0       0   181CD    3039       0       0
  249999973                    27                    27             2.6408301E-05         1.0000000E+30                 0       
 NEXT SEEDS: DA742BC       1       0       0       0       0   181CD    3039       0       0
  249999974                    26                    26             2.6408301E-05         1.0000000E+30                 0       
 NEXT SEEDS: DA742C0       1       0       0       0       0   181CD    3039       0       0
  249999975                    25                    25             2.6408301E-05         1.0000000E+30                 0       
 NEXT SEEDS: DA742C4       1       0       0       0       0   181CD    3039       0       0
  249999976                    24                    24             2.6408303E-05         1.0000000E+30                 0       
 NEXT SEEDS: DA742C8       1       0       0       0       0   181CD    3039       0       0
  249999977                    23                    23             2.6408303E-05         1.0000000E+30                 0       
 NEXT SEEDS: DA742DC       1       0       0       0       0   181CD    3039       0       0
  249999978                    22                    22             2.6408303E-05         1.0000000E+30                 0       
 NEXT SEEDS: DA742E0       1       0       0       0       0   181CD    3039       0       0
  249999979                    21                    21             2.6408303E-05         1.0000000E+30                 0       
 NEXT SEEDS: DA742E4       1       0       0       0       0   181CD    3039       0       0
  249999980                    20                    20             2.6408302E-05         1.0000000E+30                 0       
 NEXT SEEDS: DA742E8       1       0       0       0       0   181CD    3039       0       0
  249999981                    19                    19             2.6408302E-05         1.0000000E+30                 0       
 NEXT SEEDS: DA742EC       1       0       0       0       0   181CD    3039       0       0
  249999982                    18                    18             2.6408302E-05         1.0000000E+30                 0       
 NEXT SEEDS: DA742F0       1       0       0       0       0   181CD    3039       0       0
  249999983                    17                    17             2.6408302E-05         1.0000000E+30                 0       
 NEXT SEEDS: DA742F4       1       0       0       0       0   181CD    3039       0       0
  249999984                    16                    16             2.6408302E-05         1.0000000E+30                 0       
 NEXT SEEDS: DA742F8       1       0       0       0       0   181CD    3039       0       0
  249999985                    15                    15             2.6408302E-05         1.0000000E+30                 0       
 NEXT SEEDS: DA742FC       1       0       0       0       0   181CD    3039       0       0
  249999986                    14                    14             2.6408302E-05         1.0000000E+30                 0       
 NEXT SEEDS: DA74300       1       0       0       0       0   181CD    3039       0       0
  249999987                    13                    13             2.6408302E-05         1.0000000E+30                 0       
 NEXT SEEDS: DA74304       1       0       0       0       0   181CD    3039       0       0
  249999988                    12                    12             2.6408302E-05         1.0000000E+30                 0       
 NEXT SEEDS: DA74308       1       0       0       0       0   181CD    3039       0       0
  249999989                    11                    11             2.6408302E-05         1.0000000E+30                 0       
 NEXT SEEDS: DA7430C       1       0       0       0       0   181CD    3039       0       0
  249999990                    10                    10             2.6408303E-05         1.0000000E+30                 0       
 NEXT SEEDS: DA74347       1       0       0       0       0   181CD    3039       0       0
  249999991                     9                     9             2.6408305E-05         1.0000000E+30                 0       
 NEXT SEEDS: DA7434B       1       0       0       0       0   181CD    3039       0       0
  249999992                     8                     8             2.6408305E-05         1.0000000E+30                 0       
 NEXT SEEDS: DA7434F       1       0       0       0       0   181CD    3039       0       0
  249999993                     7                     7             2.6408305E-05         1.0000000E+30                 0       
 NEXT SEEDS: DA74353       1       0       0       0       0   181CD    3039       0       0
  249999994                     6                     6             2.6408307E-05         1.0000000E+30                 0       
 NEXT SEEDS: DA7436A       1       0       0       0       0   181CD    3039       0       0
  249999995                     5                     5             2.6408307E-05         1.0000000E+30                 0       
 NEXT SEEDS: DA7436E       1       0       0       0       0   181CD    3039       0       0
  249999996                     4                     4             2.6408309E-05         1.0000000E+30                 0       
 NEXT SEEDS: DA74372       1       0       0       0       0   181CD    3039       0       0
  249999997                     3                     3             2.6408308E-05         1.0000000E+30                 0       
 NEXT SEEDS: DA74376       1       0       0       0       0   181CD    3039       0       0
  249999998                     2                     2             2.6408308E-05         1.0000000E+30                 0       
 NEXT SEEDS: DA7437A       1       0       0       0       0   181CD    3039       0       0
  249999999                     1                     1             2.6408308E-05         1.0000000E+30                 0       
 NEXT SEEDS: DA7437E       1       0       0       0       0   181CD    3039       0       0
  250000000                     0                     1             2.6408308E-05         1.0000000E+30                 0       
 NEXT SEEDS: DA74382       1       0       0       0       0   181CD    3039       0       0
