1NUMBER OF BEAM       NUMBER OF BEAM        APPROXIMATE NUMBER    AVERAGE TIME USED     TIME LEFT (RESERVED   NUMBER OF STARS
 PARTICLES HANDLED    PARTICLES LEFT        OF BEAM PARTICLES     BY A BEAM PARTICLE     10000.0 SECONDS      CREATED
                                            THAT CAN STILL BE                           FOR PRINTOUT)
                                            HANDLED

 NEXT SEEDS:       0       0       0       0       0       0   181CD    3039       0       0
          1             249999999             249999999             7.6055527E-05         1.0000000E+30                 0       
 NEXT SEEDS:       4       0       0       0       0       0   181CD    3039       0       0
    5000000             245000000             245000000             2.6343165E-05         1.0000000E+30                 0       
 NEXT SEEDS: 177288B       0       0       0       0       0   181CD    3039       0       0
   10000000             240000000             240000000             2.6367591E-05         1.0000000E+30                 0       
 NEXT SEEDS: 2EE6818       0       0       0       0       0   181CD    3039       0       0
   15000000             235000000             235000000             2.6364927E-05         1.0000000E+30                 0       
 NEXT SEEDS: 4655153       0       0       0       0       0   181CD    3039       0       0
   20000000             230000000             230000000             2.6341998E-05         1.0000000E+30                 0       
 NEXT SEEDS: 5DC5C2E       0       0       0       0       0   181CD    3039       0       0
   25000000             225000000             225000000             2.6335908E-05         1.0000000E+30                 0       
 NEXT SEEDS: 7537830       0       0       0       0       0   181CD    3039       0       0
   30000000             220000000             220000000             2.6333419E-05         1.0000000E+30                 0       
 NEXT SEEDS: 8CAB62F       0       0       0       0       0   181CD    3039       0       0
   35000000             215000000             215000000             2.6331121E-05         1.0000000E+30                 0       
 NEXT SEEDS: A41CDD5       0       0       0       0       0   181CD    3039       0       0
   40000000             210000000             210000000             2.6334340E-05         1.0000000E+30                 0       
 NEXT SEEDS: BB9027E       0       0       0       0       0   181CD    3039       0       0
   45000000             205000000             205000000             2.6331029E-05         1.0000000E+30                 0       
 NEXT SEEDS: D3036A9       0       0       0       0       0   181CD    3039       0       0
   50000000             200000000             200000000             2.6332899E-05         1.0000000E+30                 0       
 NEXT SEEDS: EA77429       0       0       0       0       0   181CD    3039       0       0
   55000000             195000000             195000000             2.6329145E-05         1.0000000E+30                 0       
 NEXT SEEDS:101EC84B       0       0       0       0       0   181CD    3039       0       0
   60000000             190000000             190000000             2.6328580E-05         1.0000000E+30                 0       
 NEXT SEEDS:1195BF60       0       0       0       0       0   181CD    3039       0       0
   65000000             185000000             185000000             2.6326041E-05         1.0000000E+30                 0       
 NEXT SEEDS:130CBF62       0       0       0       0       0   181CD    3039       0       0
   70000000             180000000             180000000             2.6321893E-05         1.0000000E+30                 0       
 NEXT SEEDS:1483C5B1       0       0       0       0       0   181CD    3039       0       0
   75000000             175000000             175000000             2.6322833E-05         1.0000000E+30                 0       
 NEXT SEEDS:15FAE10A       0       0       0       0       0   181CD    3039       0       0
   80000000             170000000             170000000             2.6322898E-05         1.0000000E+30                 0       
 NEXT SEEDS:1771DA72       0       0       0       0       0   181CD    3039       0       0
  *** Emfgeo: Ncoun  2000000000
   85000000             165000000             165000000             2.6322350E-05         1.0000000E+30                 0       
 NEXT SEEDS:18E90DC5       0       0       0       0       0   181CD    3039       0       0
   90000000             160000000             160000000             2.6320867E-05         1.0000000E+30                 0       
 NEXT SEEDS:1A602617       0       0       0       0       0   181CD    3039       0       0
   95000000             155000000             155000000             2.6320763E-05         1.0000000E+30                 0       
 NEXT SEEDS:1BD7048F       0       0       0       0       0   181CD    3039       0       0
  100000000             150000000             150000000             2.6320828E-05         1.0000000E+30                 0       
 NEXT SEEDS:1D4E1322       0       0       0       0       0   181CD    3039       0       0
  105000000             145000000             145000000             2.6321053E-05         1.0000000E+30                 0       
 NEXT SEEDS:1EC52FC7       0       0       0       0       0   181CD    3039       0       0
  110000000             140000000             140000000             2.6318020E-05         1.0000000E+30                 0       
 NEXT SEEDS:203C073A       0       0       0       0       0   181CD    3039       0       0
  115000000             135000000             135000000             2.6317309E-05         1.0000000E+30                 0       
 NEXT SEEDS:21B35238       0       0       0       0       0   181CD    3039       0       0
  120000000             130000000             130000000             2.6315862E-05         1.0000000E+30                 0       
 NEXT SEEDS:232A2C60       0       0       0       0       0   181CD    3039       0       0
  125000000             125000000             125000000             2.6314926E-05         1.0000000E+30                 0       
 NEXT SEEDS:24A11DC2       0       0       0       0       0   181CD    3039       0       0
  130000000             120000000             120000000             2.6315550E-05         1.0000000E+30                 0       
 NEXT SEEDS:26184EBF       0       0       0       0       0   181CD    3039       0       0
  135000000             115000000             115000000             2.6316023E-05         1.0000000E+30                 0       
 NEXT SEEDS:278F6BAB       0       0       0       0       0   181CD    3039       0       0
  140000000             110000000             110000000             2.6316782E-05         1.0000000E+30                 0       
 NEXT SEEDS:2906E64A       0       0       0       0       0   181CD    3039       0       0
  145000000             105000000             105000000             2.6315088E-05         1.0000000E+30                 0       
 NEXT SEEDS:2A7DE356       0       0       0       0       0   181CD    3039       0       0
  150000000             100000000             100000000             2.6312622E-05         1.0000000E+30                 0       
 NEXT SEEDS:2BF51300       0       0       0       0       0   181CD    3039       0       0
  155000000              95000000              95000000             2.6311593E-05         1.0000000E+30                 0       
 NEXT SEEDS:2D6C0BFC       0       0       0       0       0   181CD    3039       0       0
  160000000              90000000              90000000             2.6312827E-05         1.0000000E+30                 0       
 NEXT SEEDS:2EE35447       0       0       0       0       0   181CD    3039       0       0
  *** Emfgeo: Ncoun  2000000000
  165000000              85000000              85000000             2.6313767E-05         1.0000000E+30                 0       
 NEXT SEEDS:305A5FA9       0       0       0       0       0   181CD    3039       0       0
  170000000              80000000              80000000             2.6311518E-05         1.0000000E+30                 0       
 NEXT SEEDS:31D1728F       0       0       0       0       0   181CD    3039       0       0
  175000000              75000000              75000000             2.6310823E-05         1.0000000E+30                 0       
 NEXT SEEDS:33488F44       0       0       0       0       0   181CD    3039       0       0
  180000000              70000000              70000000             2.6309050E-05         1.0000000E+30                 0       
 NEXT SEEDS:34BF9394       0       0       0       0       0   181CD    3039       0       0
  185000000              65000000              65000000             2.6309162E-05         1.0000000E+30                 0       
 NEXT SEEDS:36369987       0       0       0       0       0   181CD    3039       0       0
  190000000              60000000              60000000             2.6309311E-05         1.0000000E+30                 0       
 NEXT SEEDS:37ADCC48       0       0       0       0       0   181CD    3039       0       0
  195000000              55000000              55000000             2.6310267E-05         1.0000000E+30                 0       
 NEXT SEEDS:3924F084       0       0       0       0       0   181CD    3039       0       0
  200000000              50000000              50000000             2.6309597E-05         1.0000000E+30                 0       
 NEXT SEEDS:3A9C0946       0       0       0       0       0   181CD    3039       0       0
  205000000              45000000              45000000             2.6309475E-05         1.0000000E+30                 0       
 NEXT SEEDS:  783B11       1       0       0       0       0   181CD    3039       0       0
  210000000              40000000              40000000             2.6309608E-05         1.0000000E+30                 0       
 NEXT SEEDS: 1EF219C       1       0       0       0       0   181CD    3039       0       0
  215000000              35000000              35000000             2.6310113E-05         1.0000000E+30                 0       
 NEXT SEEDS: 3663F21       1       0       0       0       0   181CD    3039       0       0
  220000000              30000000              30000000             2.6310319E-05         1.0000000E+30                 0       
 NEXT SEEDS: 4DD4F49       1       0       0       0       0   181CD    3039       0       0
  225000000              25000000              25000000             2.6310445E-05         1.0000000E+30                 0       
 NEXT SEEDS: 65477F6       1       0       0       0       0   181CD    3039       0       0
  230000000              20000000              20000000             2.6310178E-05         1.0000000E+30                 0       
 NEXT SEEDS: 7CB9294       1       0       0       0       0   181CD    3039       0       0
  235000000              15000000              15000000             2.6309377E-05         1.0000000E+30                 0       
 NEXT SEEDS: 9426F42       1       0       0       0       0   181CD    3039       0       0
  240000000              10000000              10000000             2.6308926E-05         1.0000000E+30                 0       
 NEXT SEEDS: AB9A14F       1       0       0       0       0   181CD    3039       0       0
  *** Emfgeo: Ncoun  2000000000
  245000000               5000000               5000000             2.6308062E-05         1.0000000E+30                 0       
 NEXT SEEDS: C30B343       1       0       0       0       0   181CD    3039       0       0
  249999950                    50                    50             2.6308002E-05         1.0000000E+30                 0       
 NEXT SEEDS: DA7D302       1       0       0       0       0   181CD    3039       0       0
  249999951                    49                    49             2.6308003E-05         1.0000000E+30                 0       
 NEXT SEEDS: DA7D308       1       0       0       0       0   181CD    3039       0       0
  249999952                    48                    48             2.6308005E-05         1.0000000E+30                 0       
 NEXT SEEDS: DA7D30C       1       0       0       0       0   181CD    3039       0       0
  249999953                    47                    47             2.6308005E-05         1.0000000E+30                 0       
 NEXT SEEDS: DA7D310       1       0       0       0       0   181CD    3039       0       0
  249999954                    46                    46             2.6308005E-05         1.0000000E+30                 0       
 NEXT SEEDS: DA7D314       1       0       0       0       0   181CD    3039       0       0
  249999955                    45                    45             2.6308007E-05         1.0000000E+30                 0       
 NEXT SEEDS: DA7D31A       1       0       0       0       0   181CD    3039       0       0
  249999956                    44                    44             2.6308007E-05         1.0000000E+30                 0       
 NEXT SEEDS: DA7D31E       1       0       0       0       0   181CD    3039       0       0
  249999957                    43                    43             2.6308009E-05         1.0000000E+30                 0       
 NEXT SEEDS: DA7D324       1       0       0       0       0   181CD    3039       0       0
  249999958                    42                    42             2.6308011E-05         1.0000000E+30                 0       
 NEXT SEEDS: DA7D328       1       0       0       0       0   181CD    3039       0       0
  249999959                    41                    41             2.6308010E-05         1.0000000E+30                 0       
 NEXT SEEDS: DA7D32C       1       0       0       0       0   181CD    3039       0       0
  249999960                    40                    40             2.6308010E-05         1.0000000E+30                 0       
 NEXT SEEDS: DA7D330       1       0       0       0       0   181CD    3039       0       0
  249999961                    39                    39             2.6308010E-05         1.0000000E+30                 0       
 NEXT SEEDS: DA7D334       1       0       0       0       0   181CD    3039       0       0
  249999962                    38                    38             2.6308010E-05         1.0000000E+30                 0       
 NEXT SEEDS: DA7D338       1       0       0       0       0   181CD    3039       0       0
  249999963                    37                    37             2.6308010E-05         1.0000000E+30                 0       
 NEXT SEEDS: DA7D33C       1       0       0       0       0   181CD    3039       0       0
  249999964                    36                    36             2.6308010E-05         1.0000000E+30                 0       
 NEXT SEEDS: DA7D340       1       0       0       0       0   181CD    3039       0       0
  249999965                    35                    35             2.6308010E-05         1.0000000E+30                 0       
 NEXT SEEDS: DA7D344       1       0       0       0       0   181CD    3039       0       0
  249999966                    34                    34             2.6308010E-05         1.0000000E+30                 0       
 NEXT SEEDS: DA7D348       1       0       0       0       0   181CD    3039       0       0
  249999967                    33                    33             2.6308010E-05         1.0000000E+30                 0       
 NEXT SEEDS: DA7D34C       1       0       0       0       0   181CD    3039       0       0
  249999968                    32                    32             2.6308009E-05         1.0000000E+30                 0       
 NEXT SEEDS: DA7D350       1       0       0       0       0   181CD    3039       0       0
  249999969                    31                    31             2.6308009E-05         1.0000000E+30                 0       
 NEXT SEEDS: DA7D354       1       0       0       0       0   181CD    3039       0       0
  249999970                    30                    30             2.6308009E-05         1.0000000E+30                 0       
 NEXT SEEDS: DA7D358       1       0       0       0       0   181CD    3039       0       0
  249999971                    29                    29             2.6308009E-05         1.0000000E+30                 0       
 NEXT SEEDS: DA7D35C       1       0       0       0       0   181CD    3039       0       0
  249999972                    28                    28             2.6308009E-05         1.0000000E+30                 0       
 NEXT SEEDS: DA7D371       1       0       0       0       0   181CD    3039       0       0
  249999973                    27                    27             2.6308009E-05         1.0000000E+30                 0       
 NEXT SEEDS: DA7D375       1       0       0       0       0   181CD    3039       0       0
  249999974                    26                    26             2.6308009E-05         1.0000000E+30                 0       
 NEXT SEEDS: DA7D379       1       0       0       0       0   181CD    3039       0       0
  249999975                    25                    25             2.6308009E-05         1.0000000E+30                 0       
 NEXT SEEDS: DA7D37D       1       0       0       0       0   181CD    3039       0       0
  249999976                    24                    24             2.6308009E-05         1.0000000E+30                 0       
 NEXT SEEDS: DA7D381       1       0       0       0       0   181CD    3039       0       0
  249999977                    23                    23             2.6308009E-05         1.0000000E+30                 0       
 NEXT SEEDS: DA7D385       1       0       0       0       0   181CD    3039       0       0
  249999978                    22                    22             2.6308008E-05         1.0000000E+30                 0       
 NEXT SEEDS: DA7D389       1       0       0       0       0   181CD    3039       0       0
  249999979                    21                    21             2.6308008E-05         1.0000000E+30                 0       
 NEXT SEEDS: DA7D38D       1       0       0       0       0   181CD    3039       0       0
  249999980                    20                    20             2.6308008E-05         1.0000000E+30                 0       
 NEXT SEEDS: DA7D3A2       1       0       0       0       0   181CD    3039       0       0
  249999981                    19                    19             2.6308008E-05         1.0000000E+30                 0       
 NEXT SEEDS: DA7D3A6       1       0       0       0       0   181CD    3039       0       0
  249999982                    18                    18             2.6308008E-05         1.0000000E+30                 0       
 NEXT SEEDS: DA7D3AA       1       0       0       0       0   181CD    3039       0       0
  249999983                    17                    17             2.6308010E-05         1.0000000E+30                 0       
 NEXT SEEDS: DA7D3AE       1       0       0       0       0   181CD    3039       0       0
  249999984                    16                    16             2.6308010E-05         1.0000000E+30                 0       
 NEXT SEEDS: DA7D3B2       1       0       0       0       0   181CD    3039       0       0
  249999985                    15                    15             2.6308010E-05         1.0000000E+30                 0       
 NEXT SEEDS: DA7D3B6       1       0       0       0       0   181CD    3039       0       0
  249999986                    14                    14             2.6308010E-05         1.0000000E+30                 0       
 NEXT SEEDS: DA7D3BA       1       0       0       0       0   181CD    3039       0       0
  249999987                    13                    13             2.6308009E-05         1.0000000E+30                 0       
 NEXT SEEDS: DA7D3BE       1       0       0       0       0   181CD    3039       0       0
  249999988                    12                    12             2.6308009E-05         1.0000000E+30                 0       
 NEXT SEEDS: DA7D3C2       1       0       0       0       0   181CD    3039       0       0
  249999989                    11                    11             2.6308009E-05         1.0000000E+30                 0       
 NEXT SEEDS: DA7D3C6       1       0       0       0       0   181CD    3039       0       0
  249999990                    10                    10             2.6308009E-05         1.0000000E+30                 0       
 NEXT SEEDS: DA7D3CA       1       0       0       0       0   181CD    3039       0       0
  249999991                     9                     9             2.6308009E-05         1.0000000E+30                 0       
 NEXT SEEDS: DA7D3CE       1       0       0       0       0   181CD    3039       0       0
  249999992                     8                     8             2.6308009E-05         1.0000000E+30                 0       
 NEXT SEEDS: DA7D3D2       1       0       0       0       0   181CD    3039       0       0
  249999993                     7                     7             2.6308009E-05         1.0000000E+30                 0       
 NEXT SEEDS: DA7D3D8       1       0       0       0       0   181CD    3039       0       0
  249999994                     6                     6             2.6308009E-05         1.0000000E+30                 0       
 NEXT SEEDS: DA7D3DC       1       0       0       0       0   181CD    3039       0       0
  249999995                     5                     5             2.6308009E-05         1.0000000E+30                 0       
 NEXT SEEDS: DA7D3E0       1       0       0       0       0   181CD    3039       0       0
  249999996                     4                     4             2.6308008E-05         1.0000000E+30                 0       
 NEXT SEEDS: DA7D3E4       1       0       0       0       0   181CD    3039       0       0
  249999997                     3                     3             2.6308010E-05         1.0000000E+30                 0       
 NEXT SEEDS: DA7D3EA       1       0       0       0       0   181CD    3039       0       0
  249999998                     2                     2             2.6308010E-05         1.0000000E+30                 0       
 NEXT SEEDS: DA7D3EE       1       0       0       0       0   181CD    3039       0       0
  249999999                     1                     1             2.6308010E-05         1.0000000E+30                 0       
 NEXT SEEDS: DA7D3F2       1       0       0       0       0   181CD    3039       0       0
  250000000                     0                     1             2.6308012E-05         1.0000000E+30                 0       
 NEXT SEEDS: DA7D3F6       1       0       0       0       0   181CD    3039       0       0
