1NUMBER OF BEAM       NUMBER OF BEAM        APPROXIMATE NUMBER    AVERAGE TIME USED     TIME LEFT (RESERVED   NUMBER OF STARS
 PARTICLES HANDLED    PARTICLES LEFT        OF BEAM PARTICLES     BY A BEAM PARTICLE     10000.0 SECONDS      CREATED
                                            THAT CAN STILL BE                           FOR PRINTOUT)
                                            HANDLED

 NEXT SEEDS:       0       0       0       0       0       0   181CD    3039       0       0
          1             249999999             249999999             7.7962875E-05         1.0000000E+30                 0       
 NEXT SEEDS:       4       0       0       0       0       0   181CD    3039       0       0
    5000000             245000000             245000000             2.7091032E-05         1.0000000E+30                 0       
 NEXT SEEDS: 176F965       0       0       0       0       0   181CD    3039       0       0
   10000000             240000000             240000000             2.7101017E-05         1.0000000E+30                 0       
 NEXT SEEDS: 2EDE43C       0       0       0       0       0   181CD    3039       0       0
   15000000             235000000             235000000             2.7119859E-05         1.0000000E+30                 0       
 NEXT SEEDS: 4653592       0       0       0       0       0   181CD    3039       0       0
   20000000             230000000             230000000             2.7117259E-05         1.0000000E+30                 0       
 NEXT SEEDS: 5DC393A       0       0       0       0       0   181CD    3039       0       0
   25000000             225000000             225000000             2.7112892E-05         1.0000000E+30                 0       
 NEXT SEEDS: 7533F72       0       0       0       0       0   181CD    3039       0       0
   30000000             220000000             220000000             2.7105804E-05         1.0000000E+30                 0       
 NEXT SEEDS: 8CA9024       0       0       0       0       0   181CD    3039       0       0
   35000000             215000000             215000000             2.7116120E-05         1.0000000E+30                 0       
 NEXT SEEDS: A419C73       0       0       0       0       0   181CD    3039       0       0
   40000000             210000000             210000000             2.7125053E-05         1.0000000E+30                 0       
 NEXT SEEDS: BB8864B       0       0       0       0       0   181CD    3039       0       0
   45000000             205000000             205000000             2.7156066E-05         1.0000000E+30                 0       
 NEXT SEEDS: D2FC9EA       0       0       0       0       0   181CD    3039       0       0
   50000000             200000000             200000000             2.7167027E-05         1.0000000E+30                 0       
 NEXT SEEDS: EA69BDC       0       0       0       0       0   181CD    3039       0       0
   55000000             195000000             195000000             2.7156541E-05         1.0000000E+30                 0       
 NEXT SEEDS:101D8BD4       0       0       0       0       0   181CD    3039       0       0
   60000000             190000000             190000000             2.7152894E-05         1.0000000E+30                 0       
 NEXT SEEDS:1194BDDC       0       0       0       0       0   181CD    3039       0       0
   65000000             185000000             185000000             2.7148474E-05         1.0000000E+30                 0       
 NEXT SEEDS:130B6B74       0       0       0       0       0   181CD    3039       0       0
   70000000             180000000             180000000             2.7144438E-05         1.0000000E+30                 0       
 NEXT SEEDS:14827B4F       0       0       0       0       0   181CD    3039       0       0
   75000000             175000000             175000000             2.7144120E-05         1.0000000E+30                 0       
 NEXT SEEDS:15F96973       0       0       0       0       0   181CD    3039       0       0
   80000000             170000000             170000000             2.7144307E-05         1.0000000E+30                 0       
 NEXT SEEDS:177071C8       0       0       0       0       0   181CD    3039       0       0
  *** Emfgeo: Ncoun  2000000000
   85000000             165000000             165000000             2.7139162E-05         1.0000000E+30                 0       
 NEXT SEEDS:18E7764B       0       0       0       0       0   181CD    3039       0       0
   90000000             160000000             160000000             2.7140025E-05         1.0000000E+30                 0       
 NEXT SEEDS:1A5ED224       0       0       0       0       0   181CD    3039       0       0
   95000000             155000000             155000000             2.7141413E-05         1.0000000E+30                 0       
 NEXT SEEDS:1BD6301F       0       0       0       0       0   181CD    3039       0       0
  100000000             150000000             150000000             2.7140026E-05         1.0000000E+30                 0       
 NEXT SEEDS:1D4D5126       0       0       0       0       0   181CD    3039       0       0
  105000000             145000000             145000000             2.7141368E-05         1.0000000E+30                 0       
 NEXT SEEDS:1EC45F23       0       0       0       0       0   181CD    3039       0       0
  110000000             140000000             140000000             2.7139299E-05         1.0000000E+30                 0       
 NEXT SEEDS:203B4978       0       0       0       0       0   181CD    3039       0       0
  115000000             135000000             135000000             2.7137652E-05         1.0000000E+30                 0       
 NEXT SEEDS:21B237D9       0       0       0       0       0   181CD    3039       0       0
  120000000             130000000             130000000             2.7136694E-05         1.0000000E+30                 0       
 NEXT SEEDS:232900D3       0       0       0       0       0   181CD    3039       0       0
  125000000             125000000             125000000             2.7140849E-05         1.0000000E+30                 0       
 NEXT SEEDS:24A04014       0       0       0       0       0   181CD    3039       0       0
  130000000             120000000             120000000             2.7140145E-05         1.0000000E+30                 0       
 NEXT SEEDS:261791E4       0       0       0       0       0   181CD    3039       0       0
  135000000             115000000             115000000             2.7141178E-05         1.0000000E+30                 0       
 NEXT SEEDS:278E9D6D       0       0       0       0       0   181CD    3039       0       0
  140000000             110000000             110000000             2.7139228E-05         1.0000000E+30                 0       
 NEXT SEEDS:290581CF       0       0       0       0       0   181CD    3039       0       0
  145000000             105000000             105000000             2.7137146E-05         1.0000000E+30                 0       
 NEXT SEEDS:2A7C6810       0       0       0       0       0   181CD    3039       0       0
  150000000             100000000             100000000             2.7136637E-05         1.0000000E+30                 0       
 NEXT SEEDS:2BF3CC2E       0       0       0       0       0   181CD    3039       0       0
  155000000              95000000              95000000             2.7137589E-05         1.0000000E+30                 0       
 NEXT SEEDS:2D6A9F74       0       0       0       0       0   181CD    3039       0       0
  160000000              90000000              90000000             2.7136518E-05         1.0000000E+30                 0       
 NEXT SEEDS:2EE19844       0       0       0       0       0   181CD    3039       0       0
  *** Emfgeo: Ncoun  2000000000
  165000000              85000000              85000000             2.7137335E-05         1.0000000E+30                 0       
 NEXT SEEDS:305870D5       0       0       0       0       0   181CD    3039       0       0
  170000000              80000000              80000000             2.7137492E-05         1.0000000E+30                 0       
 NEXT SEEDS:31CFDD66       0       0       0       0       0   181CD    3039       0       0
  175000000              75000000              75000000             2.7137760E-05         1.0000000E+30                 0       
 NEXT SEEDS:334702AE       0       0       0       0       0   181CD    3039       0       0
  180000000              70000000              70000000             2.7135434E-05         1.0000000E+30                 0       
 NEXT SEEDS:34BDE399       0       0       0       0       0   181CD    3039       0       0
  185000000              65000000              65000000             2.7134397E-05         1.0000000E+30                 0       
 NEXT SEEDS:3634E153       0       0       0       0       0   181CD    3039       0       0
  190000000              60000000              60000000             2.7134910E-05         1.0000000E+30                 0       
 NEXT SEEDS:37AC4FDA       0       0       0       0       0   181CD    3039       0       0
  195000000              55000000              55000000             2.7134791E-05         1.0000000E+30                 0       
 NEXT SEEDS:39232B81       0       0       0       0       0   181CD    3039       0       0
  200000000              50000000              50000000             2.7136466E-05         1.0000000E+30                 0       
 NEXT SEEDS:3A9A6AF4       0       0       0       0       0   181CD    3039       0       0
  205000000              45000000              45000000             2.7136710E-05         1.0000000E+30                 0       
 NEXT SEEDS:  76CB55       1       0       0       0       0   181CD    3039       0       0
  210000000              40000000              40000000             2.7135738E-05         1.0000000E+30                 0       
 NEXT SEEDS: 1EDFC7A       1       0       0       0       0   181CD    3039       0       0
  215000000              35000000              35000000             2.7135105E-05         1.0000000E+30                 0       
 NEXT SEEDS: 364C4D6       1       0       0       0       0   181CD    3039       0       0
  220000000              30000000              30000000             2.7136205E-05         1.0000000E+30                 0       
 NEXT SEEDS: 4DC12CF       1       0       0       0       0   181CD    3039       0       0
  225000000              25000000              25000000             2.7136670E-05         1.0000000E+30                 0       
 NEXT SEEDS: 6532222       1       0       0       0       0   181CD    3039       0       0
  230000000              20000000              20000000             2.7135197E-05         1.0000000E+30                 0       
 NEXT SEEDS: 7CA000E       1       0       0       0       0   181CD    3039       0       0
  235000000              15000000              15000000             2.7135311E-05         1.0000000E+30                 0       
 NEXT SEEDS: 940EFBA       1       0       0       0       0   181CD    3039       0       0
  240000000              10000000              10000000             2.7134880E-05         1.0000000E+30                 0       
 NEXT SEEDS: AB7DC3A       1       0       0       0       0   181CD    3039       0       0
  *** Emfgeo: Ncoun  2000000000
  245000000               5000000               5000000             2.7136456E-05         1.0000000E+30                 0       
 NEXT SEEDS: C2F462E       1       0       0       0       0   181CD    3039       0       0
  249999950                    50                    50             2.7137133E-05         1.0000000E+30                 0       
 NEXT SEEDS: DA6A1BA       1       0       0       0       0   181CD    3039       0       0
  249999951                    49                    49             2.7137135E-05         1.0000000E+30                 0       
 NEXT SEEDS: DA6A1BE       1       0       0       0       0   181CD    3039       0       0
  249999952                    48                    48             2.7137135E-05         1.0000000E+30                 0       
 NEXT SEEDS: DA6A1C2       1       0       0       0       0   181CD    3039       0       0
  249999953                    47                    47             2.7137137E-05         1.0000000E+30                 0       
 NEXT SEEDS: DA6A1C6       1       0       0       0       0   181CD    3039       0       0
  249999954                    46                    46             2.7137136E-05         1.0000000E+30                 0       
 NEXT SEEDS: DA6A1CA       1       0       0       0       0   181CD    3039       0       0
  249999955                    45                    45             2.7137136E-05         1.0000000E+30                 0       
 NEXT SEEDS: DA6A1CE       1       0       0       0       0   181CD    3039       0       0
  249999956                    44                    44             2.7137138E-05         1.0000000E+30                 0       
 NEXT SEEDS: DA6A1D2       1       0       0       0       0   181CD    3039       0       0
  249999957                    43                    43             2.7137138E-05         1.0000000E+30                 0       
 NEXT SEEDS: DA6A1D6       1       0       0       0       0   181CD    3039       0       0
  249999958                    42                    42             2.7137138E-05         1.0000000E+30                 0       
 NEXT SEEDS: DA6A1DA       1       0       0       0       0   181CD    3039       0       0
  249999959                    41                    41             2.7137138E-05         1.0000000E+30                 0       
 NEXT SEEDS: DA6A1DE       1       0       0       0       0   181CD    3039       0       0
  249999960                    40                    40             2.7137138E-05         1.0000000E+30                 0       
 NEXT SEEDS: DA6A1E2       1       0       0       0       0   181CD    3039       0       0
  249999961                    39                    39             2.7137138E-05         1.0000000E+30                 0       
 NEXT SEEDS: DA6A1E6       1       0       0       0       0   181CD    3039       0       0
  249999962                    38                    38             2.7137138E-05         1.0000000E+30                 0       
 NEXT SEEDS: DA6A1EA       1       0       0       0       0   181CD    3039       0       0
  249999963                    37                    37             2.7137137E-05         1.0000000E+30                 0       
 NEXT SEEDS: DA6A1EE       1       0       0       0       0   181CD    3039       0       0
  249999964                    36                    36             2.7137139E-05         1.0000000E+30                 0       
 NEXT SEEDS: DA6A1F4       1       0       0       0       0   181CD    3039       0       0
  249999965                    35                    35             2.7137139E-05         1.0000000E+30                 0       
 NEXT SEEDS: DA6A1F8       1       0       0       0       0   181CD    3039       0       0
  249999966                    34                    34             2.7137141E-05         1.0000000E+30                 0       
 NEXT SEEDS: DA6A1FE       1       0       0       0       0   181CD    3039       0       0
  249999967                    33                    33             2.7137143E-05         1.0000000E+30                 0       
 NEXT SEEDS: DA6A216       1       0       0       0       0   181CD    3039       0       0
  249999968                    32                    32             2.7137143E-05         1.0000000E+30                 0       
 NEXT SEEDS: DA6A21A       1       0       0       0       0   181CD    3039       0       0
  249999969                    31                    31             2.7137143E-05         1.0000000E+30                 0       
 NEXT SEEDS: DA6A21E       1       0       0       0       0   181CD    3039       0       0
  249999970                    30                    30             2.7137145E-05         1.0000000E+30                 0       
 NEXT SEEDS: DA6A222       1       0       0       0       0   181CD    3039       0       0
  249999971                    29                    29             2.7137144E-05         1.0000000E+30                 0       
 NEXT SEEDS: DA6A226       1       0       0       0       0   181CD    3039       0       0
  249999972                    28                    28             2.7137144E-05         1.0000000E+30                 0       
 NEXT SEEDS: DA6A22A       1       0       0       0       0   181CD    3039       0       0
  249999973                    27                    27             2.7137146E-05         1.0000000E+30                 0       
 NEXT SEEDS: DA6A22E       1       0       0       0       0   181CD    3039       0       0
  249999974                    26                    26             2.7137146E-05         1.0000000E+30                 0       
 NEXT SEEDS: DA6A232       1       0       0       0       0   181CD    3039       0       0
  249999975                    25                    25             2.7137146E-05         1.0000000E+30                 0       
 NEXT SEEDS: DA6A236       1       0       0       0       0   181CD    3039       0       0
  249999976                    24                    24             2.7137146E-05         1.0000000E+30                 0       
 NEXT SEEDS: DA6A23A       1       0       0       0       0   181CD    3039       0       0
  249999977                    23                    23             2.7137146E-05         1.0000000E+30                 0       
 NEXT SEEDS: DA6A23E       1       0       0       0       0   181CD    3039       0       0
  249999978                    22                    22             2.7137146E-05         1.0000000E+30                 0       
 NEXT SEEDS: DA6A242       1       0       0       0       0   181CD    3039       0       0
  249999979                    21                    21             2.7137145E-05         1.0000000E+30                 0       
 NEXT SEEDS: DA6A246       1       0       0       0       0   181CD    3039       0       0
  249999980                    20                    20             2.7137145E-05         1.0000000E+30                 0       
 NEXT SEEDS: DA6A24A       1       0       0       0       0   181CD    3039       0       0
  249999981                    19                    19             2.7137147E-05         1.0000000E+30                 0       
 NEXT SEEDS: DA6A24E       1       0       0       0       0   181CD    3039       0       0
  249999982                    18                    18             2.7137147E-05         1.0000000E+30                 0       
 NEXT SEEDS: DA6A252       1       0       0       0       0   181CD    3039       0       0
  249999983                    17                    17             2.7137147E-05         1.0000000E+30                 0       
 NEXT SEEDS: DA6A256       1       0       0       0       0   181CD    3039       0       0
  249999984                    16                    16             2.7137149E-05         1.0000000E+30                 0       
 NEXT SEEDS: DA6A25A       1       0       0       0       0   181CD    3039       0       0
  249999985                    15                    15             2.7137149E-05         1.0000000E+30                 0       
 NEXT SEEDS: DA6A25E       1       0       0       0       0   181CD    3039       0       0
  249999986                    14                    14             2.7137149E-05         1.0000000E+30                 0       
 NEXT SEEDS: DA6A262       1       0       0       0       0   181CD    3039       0       0
  249999987                    13                    13             2.7137150E-05         1.0000000E+30                 0       
 NEXT SEEDS: DA6A266       1       0       0       0       0   181CD    3039       0       0
  249999988                    12                    12             2.7137152E-05         1.0000000E+30                 0       
 NEXT SEEDS: DA6A26A       1       0       0       0       0   181CD    3039       0       0
  249999989                    11                    11             2.7137152E-05         1.0000000E+30                 0       
 NEXT SEEDS: DA6A26E       1       0       0       0       0   181CD    3039       0       0
  249999990                    10                    10             2.7137152E-05         1.0000000E+30                 0       
 NEXT SEEDS: DA6A272       1       0       0       0       0   181CD    3039       0       0
  249999991                     9                     9             2.7137154E-05         1.0000000E+30                 0       
 NEXT SEEDS: DA6A276       1       0       0       0       0   181CD    3039       0       0
  249999992                     8                     8             2.7137154E-05         1.0000000E+30                 0       
 NEXT SEEDS: DA6A27A       1       0       0       0       0   181CD    3039       0       0
  249999993                     7                     7             2.7137154E-05         1.0000000E+30                 0       
 NEXT SEEDS: DA6A27E       1       0       0       0       0   181CD    3039       0       0
  249999994                     6                     6             2.7137154E-05         1.0000000E+30                 0       
 NEXT SEEDS: DA6A294       1       0       0       0       0   181CD    3039       0       0
  249999995                     5                     5             2.7137154E-05         1.0000000E+30                 0       
 NEXT SEEDS: DA6A298       1       0       0       0       0   181CD    3039       0       0
  249999996                     4                     4             2.7137153E-05         1.0000000E+30                 0       
 NEXT SEEDS: DA6A29C       1       0       0       0       0   181CD    3039       0       0
  249999997                     3                     3             2.7137153E-05         1.0000000E+30                 0       
 NEXT SEEDS: DA6A2A0       1       0       0       0       0   181CD    3039       0       0
  249999998                     2                     2             2.7137153E-05         1.0000000E+30                 0       
 NEXT SEEDS: DA6A2A4       1       0       0       0       0   181CD    3039       0       0
  249999999                     1                     1             2.7137155E-05         1.0000000E+30                 0       
 NEXT SEEDS: DA6A2C9       1       0       0       0       0   181CD    3039       0       0
  250000000                     0                     1             2.7137155E-05         1.0000000E+30                 0       
 NEXT SEEDS: DA6A2CD       1       0       0       0       0   181CD    3039       0       0
