1NUMBER OF BEAM       NUMBER OF BEAM        APPROXIMATE NUMBER    AVERAGE TIME USED     TIME LEFT (RESERVED   NUMBER OF STARS
 PARTICLES HANDLED    PARTICLES LEFT        OF BEAM PARTICLES     BY A BEAM PARTICLE     10000.0 SECONDS      CREATED
                                            THAT CAN STILL BE                           FOR PRINTOUT)
                                            HANDLED

 NEXT SEEDS:       0       0       0       0       0       0   181CD    3039       0       0
          1             249999999             249999999             6.2084198E-04         1.0000000E+30                 0       
 NEXT SEEDS:       4       0       0       0       0       0   181CD    3039       0       0
    5000000             245000000             245000000             2.6558543E-05         1.0000000E+30                 0       
 NEXT SEEDS: 176F248       0       0       0       0       0   181CD    3039       0       0
   10000000             240000000             240000000             2.6518813E-05         1.0000000E+30                 0       
 NEXT SEEDS: 2EDEDAC       0       0       0       0       0   181CD    3039       0       0
   15000000             235000000             235000000             2.6531831E-05         1.0000000E+30                 0       
 NEXT SEEDS: 4651D2B       0       0       0       0       0   181CD    3039       0       0
   20000000             230000000             230000000             2.6498103E-05         1.0000000E+30                 0       
 NEXT SEEDS: 5DC47E6       0       0       0       0       0   181CD    3039       0       0
   25000000             225000000             225000000             2.6499950E-05         1.0000000E+30                 0       
 NEXT SEEDS: 753490D       0       0       0       0       0   181CD    3039       0       0
   30000000             220000000             220000000             2.6496457E-05         1.0000000E+30                 0       
 NEXT SEEDS: 8CA5639       0       0       0       0       0   181CD    3039       0       0
   35000000             215000000             215000000             2.6495894E-05         1.0000000E+30                 0       
 NEXT SEEDS: A415D03       0       0       0       0       0   181CD    3039       0       0
   40000000             210000000             210000000             2.6496923E-05         1.0000000E+30                 0       
 NEXT SEEDS: BB8A656       0       0       0       0       0   181CD    3039       0       0
   45000000             205000000             205000000             2.6492436E-05         1.0000000E+30                 0       
 NEXT SEEDS: D2FD1BD       0       0       0       0       0   181CD    3039       0       0
  Oepsmp-> sampling gave unphysical tail: Z=           1  shell=           1  Function=           3
  Oepsmp: p_sampled/(alpha x elmass)=   12.939999581151502       p_max/(alpha x elmass)=   10.699999999999999     
   50000000             200000000             200000000             2.6483363E-05         1.0000000E+30                 0       
 NEXT SEEDS: EA6BC3F       0       0       0       0       0   181CD    3039       0       0
   55000000             195000000             195000000             2.6483542E-05         1.0000000E+30                 0       
 NEXT SEEDS:101DE34D       0       0       0       0       0   181CD    3039       0       0
   60000000             190000000             190000000             2.6482944E-05         1.0000000E+30                 0       
 NEXT SEEDS:1194BBEB       0       0       0       0       0   181CD    3039       0       0
   65000000             185000000             185000000             2.6472376E-05         1.0000000E+30                 0       
 NEXT SEEDS:130BBFFE       0       0       0       0       0   181CD    3039       0       0
   70000000             180000000             180000000             2.6467253E-05         1.0000000E+30                 0       
 NEXT SEEDS:1482CAE9       0       0       0       0       0   181CD    3039       0       0
   75000000             175000000             175000000             2.6464558E-05         1.0000000E+30                 0       
 NEXT SEEDS:15F9F071       0       0       0       0       0   181CD    3039       0       0
   80000000             170000000             170000000             2.6461659E-05         1.0000000E+30                 0       
 NEXT SEEDS:1770FBD9       0       0       0       0       0   181CD    3039       0       0
  *** Emfgeo: Ncoun  2000000000
   85000000             165000000             165000000             2.6467749E-05         1.0000000E+30                 0       
 NEXT SEEDS:18E85031       0       0       0       0       0   181CD    3039       0       0
   90000000             160000000             160000000             2.6466008E-05         1.0000000E+30                 0       
 NEXT SEEDS:1A5F7ABA       0       0       0       0       0   181CD    3039       0       0
   95000000             155000000             155000000             2.6473151E-05         1.0000000E+30                 0       
 NEXT SEEDS:1BD67F66       0       0       0       0       0   181CD    3039       0       0
  100000000             150000000             150000000             2.6473678E-05         1.0000000E+30                 0       
 NEXT SEEDS:1D4DA021       0       0       0       0       0   181CD    3039       0       0
  105000000             145000000             145000000             2.6472348E-05         1.0000000E+30                 0       
 NEXT SEEDS:1EC4A535       0       0       0       0       0   181CD    3039       0       0
  110000000             140000000             140000000             2.6468205E-05         1.0000000E+30                 0       
 NEXT SEEDS:203BEC4E       0       0       0       0       0   181CD    3039       0       0
  115000000             135000000             135000000             2.6465265E-05         1.0000000E+30                 0       
 NEXT SEEDS:21B2E2D5       0       0       0       0       0   181CD    3039       0       0
  120000000             130000000             130000000             2.6463612E-05         1.0000000E+30                 0       
 NEXT SEEDS:2329D32E       0       0       0       0       0   181CD    3039       0       0
  125000000             125000000             125000000             2.6464503E-05         1.0000000E+30                 0       
 NEXT SEEDS:24A1166D       0       0       0       0       0   181CD    3039       0       0
  130000000             120000000             120000000             2.6465757E-05         1.0000000E+30                 0       
 NEXT SEEDS:26186990       0       0       0       0       0   181CD    3039       0       0
  135000000             115000000             115000000             2.6464421E-05         1.0000000E+30                 0       
 NEXT SEEDS:278F963C       0       0       0       0       0   181CD    3039       0       0
  140000000             110000000             110000000             2.6461041E-05         1.0000000E+30                 0       
 NEXT SEEDS:290678A6       0       0       0       0       0   181CD    3039       0       0
  145000000             105000000             105000000             2.6460955E-05         1.0000000E+30                 0       
 NEXT SEEDS:2A7DABD3       0       0       0       0       0   181CD    3039       0       0
  150000000             100000000             100000000             2.6459019E-05         1.0000000E+30                 0       
 NEXT SEEDS:2BF4CE0C       0       0       0       0       0   181CD    3039       0       0
  155000000              95000000              95000000             2.6459108E-05         1.0000000E+30                 0       
 NEXT SEEDS:2D6BCA56       0       0       0       0       0   181CD    3039       0       0
  160000000              90000000              90000000             2.6457544E-05         1.0000000E+30                 0       
 NEXT SEEDS:2EE2C170       0       0       0       0       0   181CD    3039       0       0
  *** Emfgeo: Ncoun  2000000000
  165000000              85000000              85000000             2.6456242E-05         1.0000000E+30                 0       
 NEXT SEEDS:3059C378       0       0       0       0       0   181CD    3039       0       0
  170000000              80000000              80000000             2.6455581E-05         1.0000000E+30                 0       
 NEXT SEEDS:31D11318       0       0       0       0       0   181CD    3039       0       0
  175000000              75000000              75000000             2.6456147E-05         1.0000000E+30                 0       
 NEXT SEEDS:33483D1C       0       0       0       0       0   181CD    3039       0       0
  180000000              70000000              70000000             2.6455713E-05         1.0000000E+30                 0       
 NEXT SEEDS:34BF38D3       0       0       0       0       0   181CD    3039       0       0
  185000000              65000000              65000000             2.6454915E-05         1.0000000E+30                 0       
 NEXT SEEDS:36363482       0       0       0       0       0   181CD    3039       0       0
  190000000              60000000              60000000             2.6454171E-05         1.0000000E+30                 0       
 NEXT SEEDS:37AD699B       0       0       0       0       0   181CD    3039       0       0
  195000000              55000000              55000000             2.6454816E-05         1.0000000E+30                 0       
 NEXT SEEDS:39248585       0       0       0       0       0   181CD    3039       0       0
  200000000              50000000              50000000             2.6452530E-05         1.0000000E+30                 0       
 NEXT SEEDS:3A9B6CD5       0       0       0       0       0   181CD    3039       0       0
  205000000              45000000              45000000             2.6451494E-05         1.0000000E+30                 0       
 NEXT SEEDS:  77B03C       1       0       0       0       0   181CD    3039       0       0
  210000000              40000000              40000000             2.6453962E-05         1.0000000E+30                 0       
 NEXT SEEDS: 1EECA36       1       0       0       0       0   181CD    3039       0       0
  215000000              35000000              35000000             2.6453496E-05         1.0000000E+30                 0       
 NEXT SEEDS: 365D942       1       0       0       0       0   181CD    3039       0       0
  220000000              30000000              30000000             2.6453318E-05         1.0000000E+30                 0       
 NEXT SEEDS: 4DCFDB9       1       0       0       0       0   181CD    3039       0       0
  225000000              25000000              25000000             2.6454825E-05         1.0000000E+30                 0       
 NEXT SEEDS: 653F49E       1       0       0       0       0   181CD    3039       0       0
  230000000              20000000              20000000             2.6455900E-05         1.0000000E+30                 0       
 NEXT SEEDS: 7CAC854       1       0       0       0       0   181CD    3039       0       0
  235000000              15000000              15000000             2.6454125E-05         1.0000000E+30                 0       
 NEXT SEEDS: 941DD21       1       0       0       0       0   181CD    3039       0       0
  240000000              10000000              10000000             2.6452855E-05         1.0000000E+30                 0       
 NEXT SEEDS: AB8B677       1       0       0       0       0   181CD    3039       0       0
  *** Emfgeo: Ncoun  2000000000
  245000000               5000000               5000000             2.6453628E-05         1.0000000E+30                 0       
 NEXT SEEDS: C2F9B14       1       0       0       0       0   181CD    3039       0       0
  249999950                    50                    50             2.6454785E-05         1.0000000E+30                 0       
 NEXT SEEDS: DA6D80F       1       0       0       0       0   181CD    3039       0       0
  249999951                    49                    49             2.6454787E-05         1.0000000E+30                 0       
 NEXT SEEDS: DA6D813       1       0       0       0       0   181CD    3039       0       0
  249999952                    48                    48             2.6454787E-05         1.0000000E+30                 0       
 NEXT SEEDS: DA6D817       1       0       0       0       0   181CD    3039       0       0
  249999953                    47                    47             2.6454789E-05         1.0000000E+30                 0       
 NEXT SEEDS: DA6D81D       1       0       0       0       0   181CD    3039       0       0
  249999954                    46                    46             2.6454790E-05         1.0000000E+30                 0       
 NEXT SEEDS: DA6D823       1       0       0       0       0   181CD    3039       0       0
  249999955                    45                    45             2.6454790E-05         1.0000000E+30                 0       
 NEXT SEEDS: DA6D827       1       0       0       0       0   181CD    3039       0       0
  249999956                    44                    44             2.6454790E-05         1.0000000E+30                 0       
 NEXT SEEDS: DA6D82B       1       0       0       0       0   181CD    3039       0       0
  249999957                    43                    43             2.6454792E-05         1.0000000E+30                 0       
 NEXT SEEDS: DA6D82F       1       0       0       0       0   181CD    3039       0       0
  249999958                    42                    42             2.6454792E-05         1.0000000E+30                 0       
 NEXT SEEDS: DA6D833       1       0       0       0       0   181CD    3039       0       0
  249999959                    41                    41             2.6454792E-05         1.0000000E+30                 0       
 NEXT SEEDS: DA6D837       1       0       0       0       0   181CD    3039       0       0
  249999960                    40                    40             2.6454794E-05         1.0000000E+30                 0       
 NEXT SEEDS: DA6D83B       1       0       0       0       0   181CD    3039       0       0
  249999961                    39                    39             2.6454794E-05         1.0000000E+30                 0       
 NEXT SEEDS: DA6D83F       1       0       0       0       0   181CD    3039       0       0
  249999962                    38                    38             2.6454793E-05         1.0000000E+30                 0       
 NEXT SEEDS: DA6D843       1       0       0       0       0   181CD    3039       0       0
  249999963                    37                    37             2.6454795E-05         1.0000000E+30                 0       
 NEXT SEEDS: DA6D849       1       0       0       0       0   181CD    3039       0       0
  249999964                    36                    36             2.6454795E-05         1.0000000E+30                 0       
 NEXT SEEDS: DA6D84D       1       0       0       0       0   181CD    3039       0       0
  249999965                    35                    35             2.6454797E-05         1.0000000E+30                 0       
 NEXT SEEDS: DA6D851       1       0       0       0       0   181CD    3039       0       0
  249999966                    34                    34             2.6454797E-05         1.0000000E+30                 0       
 NEXT SEEDS: DA6D855       1       0       0       0       0   181CD    3039       0       0
  249999967                    33                    33             2.6454797E-05         1.0000000E+30                 0       
 NEXT SEEDS: DA6D859       1       0       0       0       0   181CD    3039       0       0
  249999968                    32                    32             2.6454799E-05         1.0000000E+30                 0       
 NEXT SEEDS: DA6D85D       1       0       0       0       0   181CD    3039       0       0
  249999969                    31                    31             2.6454799E-05         1.0000000E+30                 0       
 NEXT SEEDS: DA6D861       1       0       0       0       0   181CD    3039       0       0
  249999970                    30                    30             2.6454798E-05         1.0000000E+30                 0       
 NEXT SEEDS: DA6D865       1       0       0       0       0   181CD    3039       0       0
  249999971                    29                    29             2.6454800E-05         1.0000000E+30                 0       
 NEXT SEEDS: DA6D869       1       0       0       0       0   181CD    3039       0       0
  249999972                    28                    28             2.6454800E-05         1.0000000E+30                 0       
 NEXT SEEDS: DA6D86D       1       0       0       0       0   181CD    3039       0       0
  249999973                    27                    27             2.6454800E-05         1.0000000E+30                 0       
 NEXT SEEDS: DA6D871       1       0       0       0       0   181CD    3039       0       0
  249999974                    26                    26             2.6454802E-05         1.0000000E+30                 0       
 NEXT SEEDS: DA6D875       1       0       0       0       0   181CD    3039       0       0
  249999975                    25                    25             2.6454802E-05         1.0000000E+30                 0       
 NEXT SEEDS: DA6D879       1       0       0       0       0   181CD    3039       0       0
  249999976                    24                    24             2.6454802E-05         1.0000000E+30                 0       
 NEXT SEEDS: DA6D87D       1       0       0       0       0   181CD    3039       0       0
  249999977                    23                    23             2.6454804E-05         1.0000000E+30                 0       
 NEXT SEEDS: DA6D881       1       0       0       0       0   181CD    3039       0       0
  249999978                    22                    22             2.6454803E-05         1.0000000E+30                 0       
 NEXT SEEDS: DA6D885       1       0       0       0       0   181CD    3039       0       0
  249999979                    21                    21             2.6454805E-05         1.0000000E+30                 0       
 NEXT SEEDS: DA6D89B       1       0       0       0       0   181CD    3039       0       0
  249999980                    20                    20             2.6454805E-05         1.0000000E+30                 0       
 NEXT SEEDS: DA6D89F       1       0       0       0       0   181CD    3039       0       0
  249999981                    19                    19             2.6454807E-05         1.0000000E+30                 0       
 NEXT SEEDS: DA6D8A3       1       0       0       0       0   181CD    3039       0       0
  249999982                    18                    18             2.6454807E-05         1.0000000E+30                 0       
 NEXT SEEDS: DA6D8A9       1       0       0       0       0   181CD    3039       0       0
  249999983                    17                    17             2.6454807E-05         1.0000000E+30                 0       
 NEXT SEEDS: DA6D8AD       1       0       0       0       0   181CD    3039       0       0
  249999984                    16                    16             2.6454807E-05         1.0000000E+30                 0       
 NEXT SEEDS: DA6D8B1       1       0       0       0       0   181CD    3039       0       0
  249999985                    15                    15             2.6454807E-05         1.0000000E+30                 0       
 NEXT SEEDS: DA6D8B5       1       0       0       0       0   181CD    3039       0       0
  249999986                    14                    14             2.6454807E-05         1.0000000E+30                 0       
 NEXT SEEDS: DA6D8B9       1       0       0       0       0   181CD    3039       0       0
  249999987                    13                    13             2.6454806E-05         1.0000000E+30                 0       
 NEXT SEEDS: DA6D8BD       1       0       0       0       0   181CD    3039       0       0
  249999988                    12                    12             2.6454806E-05         1.0000000E+30                 0       
 NEXT SEEDS: DA6D8C1       1       0       0       0       0   181CD    3039       0       0
  249999989                    11                    11             2.6454808E-05         1.0000000E+30                 0       
 NEXT SEEDS: DA6D8C5       1       0       0       0       0   181CD    3039       0       0
  249999990                    10                    10             2.6454808E-05         1.0000000E+30                 0       
 NEXT SEEDS: DA6D8C9       1       0       0       0       0   181CD    3039       0       0
  249999991                     9                     9             2.6454808E-05         1.0000000E+30                 0       
 NEXT SEEDS: DA6D8CD       1       0       0       0       0   181CD    3039       0       0
  249999992                     8                     8             2.6454810E-05         1.0000000E+30                 0       
 NEXT SEEDS: DA6D8D1       1       0       0       0       0   181CD    3039       0       0
  249999993                     7                     7             2.6454812E-05         1.0000000E+30                 0       
 NEXT SEEDS: DA6D8FF       1       0       0       0       0   181CD    3039       0       0
  249999994                     6                     6             2.6454812E-05         1.0000000E+30                 0       
 NEXT SEEDS: DA6D903       1       0       0       0       0   181CD    3039       0       0
  249999995                     5                     5             2.6454811E-05         1.0000000E+30                 0       
 NEXT SEEDS: DA6D907       1       0       0       0       0   181CD    3039       0       0
  249999996                     4                     4             2.6454813E-05         1.0000000E+30                 0       
 NEXT SEEDS: DA6D90B       1       0       0       0       0   181CD    3039       0       0
  249999997                     3                     3             2.6454813E-05         1.0000000E+30                 0       
 NEXT SEEDS: DA6D90F       1       0       0       0       0   181CD    3039       0       0
  249999998                     2                     2             2.6454813E-05         1.0000000E+30                 0       
 NEXT SEEDS: DA6D915       1       0       0       0       0   181CD    3039       0       0
  249999999                     1                     1             2.6454813E-05         1.0000000E+30                 0       
 NEXT SEEDS: DA6D919       1       0       0       0       0   181CD    3039       0       0
  250000000                     0                     1             2.6454813E-05         1.0000000E+30                 0       
 NEXT SEEDS: DA6D91D       1       0       0       0       0   181CD    3039       0       0
