1NUMBER OF BEAM       NUMBER OF BEAM        APPROXIMATE NUMBER    AVERAGE TIME USED     TIME LEFT (RESERVED   NUMBER OF STARS
 PARTICLES HANDLED    PARTICLES LEFT        OF BEAM PARTICLES     BY A BEAM PARTICLE     10000.0 SECONDS      CREATED
                                            THAT CAN STILL BE                           FOR PRINTOUT)
                                            HANDLED

 NEXT SEEDS:       0       0       0       0       0       0   181CD    3039       0       0
          1             249999999             249999999             8.2015991E-05         1.0000000E+30                 0       
 NEXT SEEDS:       4       0       0       0       0       0   181CD    3039       0       0
    5000000             245000000             245000000             2.6966538E-05         1.0000000E+30                 0       
 NEXT SEEDS: 1768161       0       0       0       0       0   181CD    3039       0       0
   10000000             240000000             240000000             2.7005304E-05         1.0000000E+30                 0       
 NEXT SEEDS: 2ECEA8B       0       0       0       0       0   181CD    3039       0       0
   15000000             235000000             235000000             2.7030721E-05         1.0000000E+30                 0       
 NEXT SEEDS: 4636D05       0       0       0       0       0   181CD    3039       0       0
   20000000             230000000             230000000             2.7038986E-05         1.0000000E+30                 0       
 NEXT SEEDS: 5D9EA11       0       0       0       0       0   181CD    3039       0       0
   25000000             225000000             225000000             2.7031223E-05         1.0000000E+30                 0       
 NEXT SEEDS: 750A15F       0       0       0       0       0   181CD    3039       0       0
   30000000             220000000             220000000             2.7034625E-05         1.0000000E+30                 0       
 NEXT SEEDS: 8C74289       0       0       0       0       0   181CD    3039       0       0
   35000000             215000000             215000000             2.7039202E-05         1.0000000E+30                 0       
 NEXT SEEDS: A3DCCDC       0       0       0       0       0   181CD    3039       0       0
   40000000             210000000             210000000             2.7044337E-05         1.0000000E+30                 0       
 NEXT SEEDS: BB4AE51       0       0       0       0       0   181CD    3039       0       0
   45000000             205000000             205000000             2.7042417E-05         1.0000000E+30                 0       
 NEXT SEEDS: D2B1D92       0       0       0       0       0   181CD    3039       0       0
   50000000             200000000             200000000             2.7047648E-05         1.0000000E+30                 0       
 NEXT SEEDS: EA1C6D5       0       0       0       0       0   181CD    3039       0       0
   55000000             195000000             195000000             2.7049628E-05         1.0000000E+30                 0       
 NEXT SEEDS:101865E0       0       0       0       0       0   181CD    3039       0       0
   60000000             190000000             190000000             2.7051702E-05         1.0000000E+30                 0       
 NEXT SEEDS:118F43BB       0       0       0       0       0   181CD    3039       0       0
   65000000             185000000             185000000             2.7054362E-05         1.0000000E+30                 0       
 NEXT SEEDS:1305E923       0       0       0       0       0   181CD    3039       0       0
   70000000             180000000             180000000             2.7060893E-05         1.0000000E+30                 0       
 NEXT SEEDS:147CA3DE       0       0       0       0       0   181CD    3039       0       0
   75000000             175000000             175000000             2.7058718E-05         1.0000000E+30                 0       
 NEXT SEEDS:15F361CB       0       0       0       0       0   181CD    3039       0       0
   80000000             170000000             170000000             2.7057275E-05         1.0000000E+30                 0       
 NEXT SEEDS:1769F469       0       0       0       0       0   181CD    3039       0       0
  *** Emfgeo: Ncoun  2000000000
   85000000             165000000             165000000             2.7056476E-05         1.0000000E+30                 0       
 NEXT SEEDS:18E08F47       0       0       0       0       0   181CD    3039       0       0
   90000000             160000000             160000000             2.7056895E-05         1.0000000E+30                 0       
 NEXT SEEDS:1A5739AC       0       0       0       0       0   181CD    3039       0       0
   95000000             155000000             155000000             2.7056853E-05         1.0000000E+30                 0       
 NEXT SEEDS:1BCDC938       0       0       0       0       0   181CD    3039       0       0
  100000000             150000000             150000000             2.7056472E-05         1.0000000E+30                 0       
 NEXT SEEDS:1D448385       0       0       0       0       0   181CD    3039       0       0
  105000000             145000000             145000000             2.7056533E-05         1.0000000E+30                 0       
 NEXT SEEDS:1EBB1A3C       0       0       0       0       0   181CD    3039       0       0
  110000000             140000000             140000000             2.7055193E-05         1.0000000E+30                 0       
 NEXT SEEDS:2031A3E4       0       0       0       0       0   181CD    3039       0       0
  115000000             135000000             135000000             2.7053808E-05         1.0000000E+30                 0       
 NEXT SEEDS:21A85B82       0       0       0       0       0   181CD    3039       0       0
  120000000             130000000             130000000             2.7054736E-05         1.0000000E+30                 0       
 NEXT SEEDS:231F110E       0       0       0       0       0   181CD    3039       0       0
  125000000             125000000             125000000             2.7055546E-05         1.0000000E+30                 0       
 NEXT SEEDS:2495C656       0       0       0       0       0   181CD    3039       0       0
  130000000             120000000             120000000             2.7057076E-05         1.0000000E+30                 0       
 NEXT SEEDS:260CB746       0       0       0       0       0   181CD    3039       0       0
  135000000             115000000             115000000             2.7054908E-05         1.0000000E+30                 0       
 NEXT SEEDS:27833979       0       0       0       0       0   181CD    3039       0       0
  140000000             110000000             110000000             2.7054577E-05         1.0000000E+30                 0       
 NEXT SEEDS:28F9F0B5       0       0       0       0       0   181CD    3039       0       0
  145000000             105000000             105000000             2.7054059E-05         1.0000000E+30                 0       
 NEXT SEEDS:2A707A24       0       0       0       0       0   181CD    3039       0       0
  150000000             100000000             100000000             2.7054874E-05         1.0000000E+30                 0       
 NEXT SEEDS:2BE715EB       0       0       0       0       0   181CD    3039       0       0
  155000000              95000000              95000000             2.7054235E-05         1.0000000E+30                 0       
 NEXT SEEDS:2D5D84F1       0       0       0       0       0   181CD    3039       0       0
  160000000              90000000              90000000             2.7054716E-05         1.0000000E+30                 0       
 NEXT SEEDS:2ED43723       0       0       0       0       0   181CD    3039       0       0
  *** Emfgeo: Ncoun  2000000000
  165000000              85000000              85000000             2.7053872E-05         1.0000000E+30                 0       
 NEXT SEEDS:304AAD09       0       0       0       0       0   181CD    3039       0       0
  170000000              80000000              80000000             2.7054358E-05         1.0000000E+30                 0       
 NEXT SEEDS:31C13AF2       0       0       0       0       0   181CD    3039       0       0
  175000000              75000000              75000000             2.7052448E-05         1.0000000E+30                 0       
 NEXT SEEDS:3337EF68       0       0       0       0       0   181CD    3039       0       0
  180000000              70000000              70000000             2.7054572E-05         1.0000000E+30                 0       
 NEXT SEEDS:34AE9E51       0       0       0       0       0   181CD    3039       0       0
  185000000              65000000              65000000             2.7057056E-05         1.0000000E+30                 0       
 NEXT SEEDS:36256961       0       0       0       0       0   181CD    3039       0       0
  190000000              60000000              60000000             2.7056390E-05         1.0000000E+30                 0       
 NEXT SEEDS:379C0496       0       0       0       0       0   181CD    3039       0       0
  195000000              55000000              55000000             2.7056356E-05         1.0000000E+30                 0       
 NEXT SEEDS:3912B229       0       0       0       0       0   181CD    3039       0       0
  200000000              50000000              50000000             2.7055130E-05         1.0000000E+30                 0       
 NEXT SEEDS:3A893E2D       0       0       0       0       0   181CD    3039       0       0
  205000000              45000000              45000000             2.7056260E-05         1.0000000E+30                 0       
 NEXT SEEDS:  653103       1       0       0       0       0   181CD    3039       0       0
  210000000              40000000              40000000             2.7056035E-05         1.0000000E+30                 0       
 NEXT SEEDS: 1DBF1C2       1       0       0       0       0   181CD    3039       0       0
  215000000              35000000              35000000             2.7059439E-05         1.0000000E+30                 0       
 NEXT SEEDS: 35298CA       1       0       0       0       0   181CD    3039       0       0
  220000000              30000000              30000000             2.7062923E-05         1.0000000E+30                 0       
 NEXT SEEDS: 4C90B40       1       0       0       0       0   181CD    3039       0       0
  225000000              25000000              25000000             2.7063276E-05         1.0000000E+30                 0       
 NEXT SEEDS: 63F9E2D       1       0       0       0       0   181CD    3039       0       0
  230000000              20000000              20000000             2.7063027E-05         1.0000000E+30                 0       
 NEXT SEEDS: 7B644D1       1       0       0       0       0   181CD    3039       0       0
  235000000              15000000              15000000             2.7062929E-05         1.0000000E+30                 0       
 NEXT SEEDS: 92CE097       1       0       0       0       0   181CD    3039       0       0
  240000000              10000000              10000000             2.7062344E-05         1.0000000E+30                 0       
 NEXT SEEDS: AA355C6       1       0       0       0       0   181CD    3039       0       0
  *** Emfgeo: Ncoun  2000000000
  245000000               5000000               5000000             2.7060845E-05         1.0000000E+30                 0       
 NEXT SEEDS: C19EAC2       1       0       0       0       0   181CD    3039       0       0
  249999950                    50                    50             2.7060104E-05         1.0000000E+30                 0       
 NEXT SEEDS: D9085B8       1       0       0       0       0   181CD    3039       0       0
  249999951                    49                    49             2.7060106E-05         1.0000000E+30                 0       
 NEXT SEEDS: D9085BC       1       0       0       0       0   181CD    3039       0       0
  249999952                    48                    48             2.7060106E-05         1.0000000E+30                 0       
 NEXT SEEDS: D9085C0       1       0       0       0       0   181CD    3039       0       0
  249999953                    47                    47             2.7060105E-05         1.0000000E+30                 0       
 NEXT SEEDS: D9085C4       1       0       0       0       0   181CD    3039       0       0
  249999954                    46                    46             2.7060107E-05         1.0000000E+30                 0       
 NEXT SEEDS: D9085C8       1       0       0       0       0   181CD    3039       0       0
  249999955                    45                    45             2.7060107E-05         1.0000000E+30                 0       
 NEXT SEEDS: D9085CE       1       0       0       0       0   181CD    3039       0       0
  249999956                    44                    44             2.7060107E-05         1.0000000E+30                 0       
 NEXT SEEDS: D9085D2       1       0       0       0       0   181CD    3039       0       0
  249999957                    43                    43             2.7060109E-05         1.0000000E+30                 0       
 NEXT SEEDS: D9085D6       1       0       0       0       0   181CD    3039       0       0
  249999958                    42                    42             2.7060109E-05         1.0000000E+30                 0       
 NEXT SEEDS: D9085DA       1       0       0       0       0   181CD    3039       0       0
  249999959                    41                    41             2.7060109E-05         1.0000000E+30                 0       
 NEXT SEEDS: D9085DE       1       0       0       0       0   181CD    3039       0       0
  249999960                    40                    40             2.7060109E-05         1.0000000E+30                 0       
 NEXT SEEDS: D9085E2       1       0       0       0       0   181CD    3039       0       0
  249999961                    39                    39             2.7060108E-05         1.0000000E+30                 0       
 NEXT SEEDS: D9085E6       1       0       0       0       0   181CD    3039       0       0
  249999962                    38                    38             2.7060108E-05         1.0000000E+30                 0       
 NEXT SEEDS: D9085EA       1       0       0       0       0   181CD    3039       0       0
  249999963                    37                    37             2.7060108E-05         1.0000000E+30                 0       
 NEXT SEEDS: D9085F0       1       0       0       0       0   181CD    3039       0       0
  249999964                    36                    36             2.7060108E-05         1.0000000E+30                 0       
 NEXT SEEDS: D9085F4       1       0       0       0       0   181CD    3039       0       0
  249999965                    35                    35             2.7060108E-05         1.0000000E+30                 0       
 NEXT SEEDS: D9085F8       1       0       0       0       0   181CD    3039       0       0
  249999966                    34                    34             2.7060108E-05         1.0000000E+30                 0       
 NEXT SEEDS: D9085FC       1       0       0       0       0   181CD    3039       0       0
  249999967                    33                    33             2.7060108E-05         1.0000000E+30                 0       
 NEXT SEEDS: D908600       1       0       0       0       0   181CD    3039       0       0
  249999968                    32                    32             2.7060108E-05         1.0000000E+30                 0       
 NEXT SEEDS: D908604       1       0       0       0       0   181CD    3039       0       0
  249999969                    31                    31             2.7060108E-05         1.0000000E+30                 0       
 NEXT SEEDS: D90860A       1       0       0       0       0   181CD    3039       0       0
  249999970                    30                    30             2.7060108E-05         1.0000000E+30                 0       
 NEXT SEEDS: D90860E       1       0       0       0       0   181CD    3039       0       0
  249999971                    29                    29             2.7060109E-05         1.0000000E+30                 0       
 NEXT SEEDS: D908612       1       0       0       0       0   181CD    3039       0       0
  249999972                    28                    28             2.7060109E-05         1.0000000E+30                 0       
 NEXT SEEDS: D908616       1       0       0       0       0   181CD    3039       0       0
  249999973                    27                    27             2.7060111E-05         1.0000000E+30                 0       
 NEXT SEEDS: D908626       1       0       0       0       0   181CD    3039       0       0
  249999974                    26                    26             2.7060113E-05         1.0000000E+30                 0       
 NEXT SEEDS: D90862A       1       0       0       0       0   181CD    3039       0       0
  249999975                    25                    25             2.7060113E-05         1.0000000E+30                 0       
 NEXT SEEDS: D90862E       1       0       0       0       0   181CD    3039       0       0
  249999976                    24                    24             2.7060113E-05         1.0000000E+30                 0       
 NEXT SEEDS: D908632       1       0       0       0       0   181CD    3039       0       0
  249999977                    23                    23             2.7060115E-05         1.0000000E+30                 0       
 NEXT SEEDS: D908636       1       0       0       0       0   181CD    3039       0       0
  249999978                    22                    22             2.7060114E-05         1.0000000E+30                 0       
 NEXT SEEDS: D90863A       1       0       0       0       0   181CD    3039       0       0
  249999979                    21                    21             2.7060114E-05         1.0000000E+30                 0       
 NEXT SEEDS: D90863E       1       0       0       0       0   181CD    3039       0       0
  249999980                    20                    20             2.7060114E-05         1.0000000E+30                 0       
 NEXT SEEDS: D908642       1       0       0       0       0   181CD    3039       0       0
  249999981                    19                    19             2.7060114E-05         1.0000000E+30                 0       
 NEXT SEEDS: D908646       1       0       0       0       0   181CD    3039       0       0
  249999982                    18                    18             2.7060114E-05         1.0000000E+30                 0       
 NEXT SEEDS: D90864A       1       0       0       0       0   181CD    3039       0       0
  249999983                    17                    17             2.7060114E-05         1.0000000E+30                 0       
 NEXT SEEDS: D90864E       1       0       0       0       0   181CD    3039       0       0
  249999984                    16                    16             2.7060114E-05         1.0000000E+30                 0       
 NEXT SEEDS: D908652       1       0       0       0       0   181CD    3039       0       0
  249999985                    15                    15             2.7060114E-05         1.0000000E+30                 0       
 NEXT SEEDS: D908656       1       0       0       0       0   181CD    3039       0       0
  249999986                    14                    14             2.7060114E-05         1.0000000E+30                 0       
 NEXT SEEDS: D90865A       1       0       0       0       0   181CD    3039       0       0
  249999987                    13                    13             2.7060115E-05         1.0000000E+30                 0       
 NEXT SEEDS: D90865E       1       0       0       0       0   181CD    3039       0       0
  249999988                    12                    12             2.7060115E-05         1.0000000E+30                 0       
 NEXT SEEDS: D908662       1       0       0       0       0   181CD    3039       0       0
  249999989                    11                    11             2.7060115E-05         1.0000000E+30                 0       
 NEXT SEEDS: D908666       1       0       0       0       0   181CD    3039       0       0
  249999990                    10                    10             2.7060117E-05         1.0000000E+30                 0       
 NEXT SEEDS: D90866A       1       0       0       0       0   181CD    3039       0       0
  249999991                     9                     9             2.7060117E-05         1.0000000E+30                 0       
 NEXT SEEDS: D908670       1       0       0       0       0   181CD    3039       0       0
  249999992                     8                     8             2.7060119E-05         1.0000000E+30                 0       
 NEXT SEEDS: D90867C       1       0       0       0       0   181CD    3039       0       0
  249999993                     7                     7             2.7060119E-05         1.0000000E+30                 0       
 NEXT SEEDS: D908682       1       0       0       0       0   181CD    3039       0       0
  249999994                     6                     6             2.7060121E-05         1.0000000E+30                 0       
 NEXT SEEDS: D908686       1       0       0       0       0   181CD    3039       0       0
  249999995                     5                     5             2.7060120E-05         1.0000000E+30                 0       
 NEXT SEEDS: D90868A       1       0       0       0       0   181CD    3039       0       0
  249999996                     4                     4             2.7060120E-05         1.0000000E+30                 0       
 NEXT SEEDS: D90868E       1       0       0       0       0   181CD    3039       0       0
  249999997                     3                     3             2.7060122E-05         1.0000000E+30                 0       
 NEXT SEEDS: D908692       1       0       0       0       0   181CD    3039       0       0
  249999998                     2                     2             2.7060122E-05         1.0000000E+30                 0       
 NEXT SEEDS: D908696       1       0       0       0       0   181CD    3039       0       0
  249999999                     1                     1             2.7060122E-05         1.0000000E+30                 0       
 NEXT SEEDS: D90869A       1       0       0       0       0   181CD    3039       0       0
  250000000                     0                     1             2.7060124E-05         1.0000000E+30                 0       
 NEXT SEEDS: D90869E       1       0       0       0       0   181CD    3039       0       0
