1NUMBER OF BEAM       NUMBER OF BEAM        APPROXIMATE NUMBER    AVERAGE TIME USED     TIME LEFT (RESERVED   NUMBER OF STARS
 PARTICLES HANDLED    PARTICLES LEFT        OF BEAM PARTICLES     BY A BEAM PARTICLE     10000.0 SECONDS      CREATED
                                            THAT CAN STILL BE                           FOR PRINTOUT)
                                            HANDLED

 NEXT SEEDS:       0       0       0       0       0       0   181CD    3039       0       0
          1             249999999             249999999             8.1062317E-05         1.0000000E+30                 0       
 NEXT SEEDS:       4       0       0       0       0       0   181CD    3039       0       0
    5000000             245000000             245000000             2.6129553E-05         1.0000000E+30                 0       
 NEXT SEEDS: 175E536       0       0       0       0       0   181CD    3039       0       0
   10000000             240000000             240000000             2.6102861E-05         1.0000000E+30                 0       
 NEXT SEEDS: 2EBB229       0       0       0       0       0   181CD    3039       0       0
   15000000             235000000             235000000             2.6097614E-05         1.0000000E+30                 0       
 NEXT SEEDS: 4619ED9       0       0       0       0       0   181CD    3039       0       0
   20000000             230000000             230000000             2.6100991E-05         1.0000000E+30                 0       
 NEXT SEEDS: 5D731AF       0       0       0       0       0   181CD    3039       0       0
   25000000             225000000             225000000             2.6107626E-05         1.0000000E+30                 0       
 NEXT SEEDS: 74D29D2       0       0       0       0       0   181CD    3039       0       0
   30000000             220000000             220000000             2.6109936E-05         1.0000000E+30                 0       
 NEXT SEEDS: 8C2FC86       0       0       0       0       0   181CD    3039       0       0
   35000000             215000000             215000000             2.6113211E-05         1.0000000E+30                 0       
 NEXT SEEDS: A38BCCB       0       0       0       0       0   181CD    3039       0       0
   40000000             210000000             210000000             2.6110614E-05         1.0000000E+30                 0       
 NEXT SEEDS: BAE8688       0       0       0       0       0   181CD    3039       0       0
   45000000             205000000             205000000             2.6118931E-05         1.0000000E+30                 0       
 NEXT SEEDS: D244BF3       0       0       0       0       0   181CD    3039       0       0
   50000000             200000000             200000000             2.6114387E-05         1.0000000E+30                 0       
 NEXT SEEDS: E9A2E8A       0       0       0       0       0   181CD    3039       0       0
   55000000             195000000             195000000             2.6111046E-05         1.0000000E+30                 0       
 NEXT SEEDS:100FE0CE       0       0       0       0       0   181CD    3039       0       0
   60000000             190000000             190000000             2.6113922E-05         1.0000000E+30                 0       
 NEXT SEEDS:1185EB46       0       0       0       0       0   181CD    3039       0       0
   65000000             185000000             185000000             2.6112284E-05         1.0000000E+30                 0       
 NEXT SEEDS:12FBC4A4       0       0       0       0       0   181CD    3039       0       0
   70000000             180000000             180000000             2.6107230E-05         1.0000000E+30                 0       
 NEXT SEEDS:14719907       0       0       0       0       0   181CD    3039       0       0
   75000000             175000000             175000000             2.6105914E-05         1.0000000E+30                 0       
 NEXT SEEDS:15E76739       0       0       0       0       0   181CD    3039       0       0
   80000000             170000000             170000000             2.6106846E-05         1.0000000E+30                 0       
 NEXT SEEDS:175D6580       0       0       0       0       0   181CD    3039       0       0
  *** Emfgeo: Ncoun  2000000000
   85000000             165000000             165000000             2.6109227E-05         1.0000000E+30                 0       
 NEXT SEEDS:18D355DF       0       0       0       0       0   181CD    3039       0       0
   90000000             160000000             160000000             2.6109924E-05         1.0000000E+30                 0       
 NEXT SEEDS:1A4938BA       0       0       0       0       0   181CD    3039       0       0
   95000000             155000000             155000000             2.6111234E-05         1.0000000E+30                 0       
 NEXT SEEDS:1BBEFC5C       0       0       0       0       0   181CD    3039       0       0
  100000000             150000000             150000000             2.6110892E-05         1.0000000E+30                 0       
 NEXT SEEDS:1D34B2C3       0       0       0       0       0   181CD    3039       0       0
  105000000             145000000             145000000             2.6112394E-05         1.0000000E+30                 0       
 NEXT SEEDS:1EAA5FAE       0       0       0       0       0   181CD    3039       0       0
  110000000             140000000             140000000             2.6112783E-05         1.0000000E+30                 0       
 NEXT SEEDS:20203440       0       0       0       0       0   181CD    3039       0       0
  115000000             135000000             135000000             2.6111828E-05         1.0000000E+30                 0       
 NEXT SEEDS:219603D1       0       0       0       0       0   181CD    3039       0       0
  120000000             130000000             130000000             2.6112161E-05         1.0000000E+30                 0       
 NEXT SEEDS:230B9BE2       0       0       0       0       0   181CD    3039       0       0
  125000000             125000000             125000000             2.6112261E-05         1.0000000E+30                 0       
 NEXT SEEDS:24816708       0       0       0       0       0   181CD    3039       0       0
  130000000             120000000             120000000             2.6111397E-05         1.0000000E+30                 0       
 NEXT SEEDS:25F6FC92       0       0       0       0       0   181CD    3039       0       0
  135000000             115000000             115000000             2.6112513E-05         1.0000000E+30                 0       
 NEXT SEEDS:276CCF68       0       0       0       0       0   181CD    3039       0       0
  140000000             110000000             110000000             2.6113795E-05         1.0000000E+30                 0       
 NEXT SEEDS:28E2EAA1       0       0       0       0       0   181CD    3039       0       0
  145000000             105000000             105000000             2.6113573E-05         1.0000000E+30                 0       
 NEXT SEEDS:2A58C4A3       0       0       0       0       0   181CD    3039       0       0
  150000000             100000000             100000000             2.6112221E-05         1.0000000E+30                 0       
 NEXT SEEDS:2BCE9104       0       0       0       0       0   181CD    3039       0       0
  155000000              95000000              95000000             2.6113132E-05         1.0000000E+30                 0       
 NEXT SEEDS:2D445DDE       0       0       0       0       0   181CD    3039       0       0
  160000000              90000000              90000000             2.6112366E-05         1.0000000E+30                 0       
 NEXT SEEDS:2EBA2011       0       0       0       0       0   181CD    3039       0       0
  *** Emfgeo: Ncoun  2000000000
  165000000              85000000              85000000             2.6111823E-05         1.0000000E+30                 0       
 NEXT SEEDS:30303011       0       0       0       0       0   181CD    3039       0       0
  170000000              80000000              80000000             2.6110372E-05         1.0000000E+30                 0       
 NEXT SEEDS:31A63FFA       0       0       0       0       0   181CD    3039       0       0
  175000000              75000000              75000000             2.6108859E-05         1.0000000E+30                 0       
 NEXT SEEDS:331BF529       0       0       0       0       0   181CD    3039       0       0
  180000000              70000000              70000000             2.6107819E-05         1.0000000E+30                 0       
 NEXT SEEDS:3491C6E8       0       0       0       0       0   181CD    3039       0       0
  185000000              65000000              65000000             2.6109054E-05         1.0000000E+30                 0       
 NEXT SEEDS:3607770E       0       0       0       0       0   181CD    3039       0       0
  190000000              60000000              60000000             2.6109270E-05         1.0000000E+30                 0       
 NEXT SEEDS:377D4320       0       0       0       0       0   181CD    3039       0       0
  195000000              55000000              55000000             2.6110154E-05         1.0000000E+30                 0       
 NEXT SEEDS:38F2ED1B       0       0       0       0       0   181CD    3039       0       0
  200000000              50000000              50000000             2.6110396E-05         1.0000000E+30                 0       
 NEXT SEEDS:3A68C688       0       0       0       0       0   181CD    3039       0       0
  205000000              45000000              45000000             2.6111757E-05         1.0000000E+30                 0       
 NEXT SEEDS:  43D7E2       1       0       0       0       0   181CD    3039       0       0
  210000000              40000000              40000000             2.6112775E-05         1.0000000E+30                 0       
 NEXT SEEDS: 1B9B39B       1       0       0       0       0   181CD    3039       0       0
  215000000              35000000              35000000             2.6113339E-05         1.0000000E+30                 0       
 NEXT SEEDS: 32F6659       1       0       0       0       0   181CD    3039       0       0
  220000000              30000000              30000000             2.6113588E-05         1.0000000E+30                 0       
 NEXT SEEDS: 4A4F874       1       0       0       0       0   181CD    3039       0       0
  225000000              25000000              25000000             2.6112468E-05         1.0000000E+30                 0       
 NEXT SEEDS: 61AA4F1       1       0       0       0       0   181CD    3039       0       0
  230000000              20000000              20000000             2.6113069E-05         1.0000000E+30                 0       
 NEXT SEEDS: 79047AA       1       0       0       0       0   181CD    3039       0       0
  235000000              15000000              15000000             2.6112918E-05         1.0000000E+30                 0       
 NEXT SEEDS: 905EFE7       1       0       0       0       0   181CD    3039       0       0
  240000000              10000000              10000000             2.6113341E-05         1.0000000E+30                 0       
 NEXT SEEDS: A7BF79C       1       0       0       0       0   181CD    3039       0       0
  245000000               5000000               5000000             2.6114312E-05         1.0000000E+30                 0       
 NEXT SEEDS: BF1FD7D       1       0       0       0       0   181CD    3039       0       0
  *** Emfgeo: Ncoun  2000000000
  249999950                    50                    50             2.6115084E-05         1.0000000E+30                 0       
 NEXT SEEDS: D67E7FE       1       0       0       0       0   181CD    3039       0       0
  249999951                    49                    49             2.6115086E-05         1.0000000E+30                 0       
 NEXT SEEDS: D67E802       1       0       0       0       0   181CD    3039       0       0
  249999952                    48                    48             2.6115086E-05         1.0000000E+30                 0       
 NEXT SEEDS: D67E806       1       0       0       0       0   181CD    3039       0       0
  249999953                    47                    47             2.6115085E-05         1.0000000E+30                 0       
 NEXT SEEDS: D67E80A       1       0       0       0       0   181CD    3039       0       0
  249999954                    46                    46             2.6115087E-05         1.0000000E+30                 0       
 NEXT SEEDS: D67E81F       1       0       0       0       0   181CD    3039       0       0
  249999955                    45                    45             2.6115087E-05         1.0000000E+30                 0       
 NEXT SEEDS: D67E823       1       0       0       0       0   181CD    3039       0       0
  249999956                    44                    44             2.6115089E-05         1.0000000E+30                 0       
 NEXT SEEDS: D67E827       1       0       0       0       0   181CD    3039       0       0
  249999957                    43                    43             2.6115091E-05         1.0000000E+30                 0       
 NEXT SEEDS: D67E82B       1       0       0       0       0   181CD    3039       0       0
  249999958                    42                    42             2.6115091E-05         1.0000000E+30                 0       
 NEXT SEEDS: D67E82F       1       0       0       0       0   181CD    3039       0       0
  249999959                    41                    41             2.6115091E-05         1.0000000E+30                 0       
 NEXT SEEDS: D67E833       1       0       0       0       0   181CD    3039       0       0
  249999960                    40                    40             2.6115092E-05         1.0000000E+30                 0       
 NEXT SEEDS: D67E837       1       0       0       0       0   181CD    3039       0       0
  249999961                    39                    39             2.6115092E-05         1.0000000E+30                 0       
 NEXT SEEDS: D67E83B       1       0       0       0       0   181CD    3039       0       0
  249999962                    38                    38             2.6115092E-05         1.0000000E+30                 0       
 NEXT SEEDS: D67E83F       1       0       0       0       0   181CD    3039       0       0
  249999963                    37                    37             2.6115094E-05         1.0000000E+30                 0       
 NEXT SEEDS: D67E843       1       0       0       0       0   181CD    3039       0       0
  249999964                    36                    36             2.6115094E-05         1.0000000E+30                 0       
 NEXT SEEDS: D67E847       1       0       0       0       0   181CD    3039       0       0
  249999965                    35                    35             2.6115094E-05         1.0000000E+30                 0       
 NEXT SEEDS: D67E84B       1       0       0       0       0   181CD    3039       0       0
  249999966                    34                    34             2.6115096E-05         1.0000000E+30                 0       
 NEXT SEEDS: D67E84F       1       0       0       0       0   181CD    3039       0       0
  249999967                    33                    33             2.6115096E-05         1.0000000E+30                 0       
 NEXT SEEDS: D67E853       1       0       0       0       0   181CD    3039       0       0
  249999968                    32                    32             2.6115096E-05         1.0000000E+30                 0       
 NEXT SEEDS: D67E857       1       0       0       0       0   181CD    3039       0       0
  249999969                    31                    31             2.6115097E-05         1.0000000E+30                 0       
 NEXT SEEDS: D67E85B       1       0       0       0       0   181CD    3039       0       0
  249999970                    30                    30             2.6115097E-05         1.0000000E+30                 0       
 NEXT SEEDS: D67E85F       1       0       0       0       0   181CD    3039       0       0
  249999971                    29                    29             2.6115099E-05         1.0000000E+30                 0       
 NEXT SEEDS: D67E863       1       0       0       0       0   181CD    3039       0       0
  249999972                    28                    28             2.6115099E-05         1.0000000E+30                 0       
 NEXT SEEDS: D67E867       1       0       0       0       0   181CD    3039       0       0
  249999973                    27                    27             2.6115099E-05         1.0000000E+30                 0       
 NEXT SEEDS: D67E86B       1       0       0       0       0   181CD    3039       0       0
  249999974                    26                    26             2.6115099E-05         1.0000000E+30                 0       
 NEXT SEEDS: D67E86F       1       0       0       0       0   181CD    3039       0       0
  249999975                    25                    25             2.6115099E-05         1.0000000E+30                 0       
 NEXT SEEDS: D67E873       1       0       0       0       0   181CD    3039       0       0
  249999976                    24                    24             2.6115099E-05         1.0000000E+30                 0       
 NEXT SEEDS: D67E877       1       0       0       0       0   181CD    3039       0       0
  249999977                    23                    23             2.6115099E-05         1.0000000E+30                 0       
 NEXT SEEDS: D67E87B       1       0       0       0       0   181CD    3039       0       0
  249999978                    22                    22             2.6115098E-05         1.0000000E+30                 0       
 NEXT SEEDS: D67E881       1       0       0       0       0   181CD    3039       0       0
  249999979                    21                    21             2.6115098E-05         1.0000000E+30                 0       
 NEXT SEEDS: D67E885       1       0       0       0       0   181CD    3039       0       0
  249999980                    20                    20             2.6115098E-05         1.0000000E+30                 0       
 NEXT SEEDS: D67E889       1       0       0       0       0   181CD    3039       0       0
  249999981                    19                    19             2.6115098E-05         1.0000000E+30                 0       
 NEXT SEEDS: D67E88D       1       0       0       0       0   181CD    3039       0       0
  249999982                    18                    18             2.6115098E-05         1.0000000E+30                 0       
 NEXT SEEDS: D67E891       1       0       0       0       0   181CD    3039       0       0
  249999983                    17                    17             2.6115098E-05         1.0000000E+30                 0       
 NEXT SEEDS: D67E895       1       0       0       0       0   181CD    3039       0       0
  249999984                    16                    16             2.6115098E-05         1.0000000E+30                 0       
 NEXT SEEDS: D67E899       1       0       0       0       0   181CD    3039       0       0
  249999985                    15                    15             2.6115100E-05         1.0000000E+30                 0       
 NEXT SEEDS: D67E89D       1       0       0       0       0   181CD    3039       0       0
  249999986                    14                    14             2.6115101E-05         1.0000000E+30                 0       
 NEXT SEEDS: D67E8A1       1       0       0       0       0   181CD    3039       0       0
  249999987                    13                    13             2.6115101E-05         1.0000000E+30                 0       
 NEXT SEEDS: D67E8A5       1       0       0       0       0   181CD    3039       0       0
  249999988                    12                    12             2.6115101E-05         1.0000000E+30                 0       
 NEXT SEEDS: D67E8A9       1       0       0       0       0   181CD    3039       0       0
  249999989                    11                    11             2.6115103E-05         1.0000000E+30                 0       
 NEXT SEEDS: D67E8AD       1       0       0       0       0   181CD    3039       0       0
  249999990                    10                    10             2.6115103E-05         1.0000000E+30                 0       
 NEXT SEEDS: D67E8B1       1       0       0       0       0   181CD    3039       0       0
  249999991                     9                     9             2.6115103E-05         1.0000000E+30                 0       
 NEXT SEEDS: D67E8B5       1       0       0       0       0   181CD    3039       0       0
  249999992                     8                     8             2.6115105E-05         1.0000000E+30                 0       
 NEXT SEEDS: D67E8B9       1       0       0       0       0   181CD    3039       0       0
  249999993                     7                     7             2.6115105E-05         1.0000000E+30                 0       
 NEXT SEEDS: D67E8BD       1       0       0       0       0   181CD    3039       0       0
  249999994                     6                     6             2.6115107E-05         1.0000000E+30                 0       
 NEXT SEEDS: D67E8D5       1       0       0       0       0   181CD    3039       0       0
  249999995                     5                     5             2.6115106E-05         1.0000000E+30                 0       
 NEXT SEEDS: D67E8D9       1       0       0       0       0   181CD    3039       0       0
  249999996                     4                     4             2.6115106E-05         1.0000000E+30                 0       
 NEXT SEEDS: D67E8DD       1       0       0       0       0   181CD    3039       0       0
  249999997                     3                     3             2.6115106E-05         1.0000000E+30                 0       
 NEXT SEEDS: D67E8E1       1       0       0       0       0   181CD    3039       0       0
  249999998                     2                     2             2.6115106E-05         1.0000000E+30                 0       
 NEXT SEEDS: D67E8E5       1       0       0       0       0   181CD    3039       0       0
  249999999                     1                     1             2.6115106E-05         1.0000000E+30                 0       
 NEXT SEEDS: D67E8E9       1       0       0       0       0   181CD    3039       0       0
  250000000                     0                     1             2.6115106E-05         1.0000000E+30                 0       
 NEXT SEEDS: D67E8ED       1       0       0       0       0   181CD    3039       0       0
