1NUMBER OF BEAM       NUMBER OF BEAM        APPROXIMATE NUMBER    AVERAGE TIME USED     TIME LEFT (RESERVED   NUMBER OF STARS
 PARTICLES HANDLED    PARTICLES LEFT        OF BEAM PARTICLES     BY A BEAM PARTICLE     10000.0 SECONDS      CREATED
                                            THAT CAN STILL BE                           FOR PRINTOUT)
                                            HANDLED

 NEXT SEEDS:       0       0       0       0       0       0   181CD    3039       0       0
          1             249999999             249999999             7.6055527E-05         1.0000000E+30                 0       
 NEXT SEEDS:       4       0       0       0       0       0   181CD    3039       0       0
 Geofar: Particle in region    25 (cell #    0)
  in position  -1.148535782E+01 -5.335810845E+00 -1.254700000E-01
  is now causing trouble, requesting a step of  2.182223414E+00 cm
  to direction  4.353978700E-01  1.998550205E-01 -8.777736984E-01
  end position -1.053522239E+01 -4.899682539E+00 -2.040968317E+00
  R2:  1.266429317E+01 R3:  1.266491470E+01 cm  error count:  0
  X*U   (2D): -6.067088916E+00 X*U   (3D): -5.956954650E+00 cm
  X*UOLD(2D):  5.256556897E+00 X*UOLD(3D):  5.149566442E+00 cm
  Kloop:    8068195, Irsave:     25, Irsav2:     25, error code:  -3 Nfrom:  5000
  old direction -2.428015577E-01 -4.625152953E-01  8.527174240E-01, lagain, lstnew, lsense, lsnsct  F  F  F  T
  Particle index    7 total energy   5.406883082E-05 GeV  Nsurf    0
 We succeeded in saving the particle:  current region is n.    26 (cell #    0)
    5000000             245000000             245000000             2.6348273E-05         1.0000000E+30                 0       
 NEXT SEEDS: 176CA0D       0       0       0       0       0   181CD    3039       0       0
   10000000             240000000             240000000             2.6357269E-05         1.0000000E+30                 0       
 NEXT SEEDS: 2ED98AE       0       0       0       0       0   181CD    3039       0       0
   15000000             235000000             235000000             2.6347158E-05         1.0000000E+30                 0       
 NEXT SEEDS: 46431BA       0       0       0       0       0   181CD    3039       0       0
   20000000             230000000             230000000             2.6327078E-05         1.0000000E+30                 0       
 NEXT SEEDS: 5DAD4C7       0       0       0       0       0   181CD    3039       0       0
   25000000             225000000             225000000             2.6319976E-05         1.0000000E+30                 0       
 NEXT SEEDS: 7517A6C       0       0       0       0       0   181CD    3039       0       0
   30000000             220000000             220000000             2.6314032E-05         1.0000000E+30                 0       
 NEXT SEEDS: 8C84681       0       0       0       0       0   181CD    3039       0       0
   35000000             215000000             215000000             2.6339851E-05         1.0000000E+30                 0       
 NEXT SEEDS: A3F0E7B       0       0       0       0       0   181CD    3039       0       0
   40000000             210000000             210000000             2.6328055E-05         1.0000000E+30                 0       
 NEXT SEEDS: BB5E48A       0       0       0       0       0   181CD    3039       0       0
   45000000             205000000             205000000             2.6346921E-05         1.0000000E+30                 0       
 NEXT SEEDS: D2C9DD5       0       0       0       0       0   181CD    3039       0       0
   50000000             200000000             200000000             2.6397202E-05         1.0000000E+30                 0       
 NEXT SEEDS: EA36F84       0       0       0       0       0   181CD    3039       0       0
   55000000             195000000             195000000             2.6437811E-05         1.0000000E+30                 0       
 NEXT SEEDS:101A1841       0       0       0       0       0   181CD    3039       0       0
   60000000             190000000             190000000             2.6464296E-05         1.0000000E+30                 0       
 NEXT SEEDS:1190F939       0       0       0       0       0   181CD    3039       0       0
   65000000             185000000             185000000             2.6469822E-05         1.0000000E+30                 0       
 NEXT SEEDS:1307C496       0       0       0       0       0   181CD    3039       0       0
   70000000             180000000             180000000             2.6459499E-05         1.0000000E+30                 0       
 NEXT SEEDS:147E80DC       0       0       0       0       0   181CD    3039       0       0
   75000000             175000000             175000000             2.6448442E-05         1.0000000E+30                 0       
 NEXT SEEDS:15F52CC5       0       0       0       0       0   181CD    3039       0       0
   80000000             170000000             170000000             2.6442181E-05         1.0000000E+30                 0       
 NEXT SEEDS:176BFA91       0       0       0       0       0   181CD    3039       0       0
  *** Emfgeo: Ncoun  2000000000
   85000000             165000000             165000000             2.6431069E-05         1.0000000E+30                 0       
 NEXT SEEDS:18E299F7       0       0       0       0       0   181CD    3039       0       0
   90000000             160000000             160000000             2.6439163E-05         1.0000000E+30                 0       
 NEXT SEEDS:1A590ED3       0       0       0       0       0   181CD    3039       0       0
   95000000             155000000             155000000             2.6432024E-05         1.0000000E+30                 0       
 NEXT SEEDS:1BCFE2DC       0       0       0       0       0   181CD    3039       0       0
  100000000             150000000             150000000             2.6426614E-05         1.0000000E+30                 0       
 NEXT SEEDS:1D46ACE4       0       0       0       0       0   181CD    3039       0       0
  105000000             145000000             145000000             2.6423482E-05         1.0000000E+30                 0       
 NEXT SEEDS:1EBD6794       0       0       0       0       0   181CD    3039       0       0
  110000000             140000000             140000000             2.6417980E-05         1.0000000E+30                 0       
 NEXT SEEDS:2033E8CE       0       0       0       0       0   181CD    3039       0       0
  115000000             135000000             135000000             2.6415411E-05         1.0000000E+30                 0       
 NEXT SEEDS:21AAD91E       0       0       0       0       0   181CD    3039       0       0
  120000000             130000000             130000000             2.6410905E-05         1.0000000E+30                 0       
 NEXT SEEDS:23216A77       0       0       0       0       0   181CD    3039       0       0
  125000000             125000000             125000000             2.6404391E-05         1.0000000E+30                 0       
 NEXT SEEDS:2497C4A3       0       0       0       0       0   181CD    3039       0       0
  130000000             120000000             120000000             2.6400023E-05         1.0000000E+30                 0       
 NEXT SEEDS:260EAD90       0       0       0       0       0   181CD    3039       0       0
  135000000             115000000             115000000             2.6394598E-05         1.0000000E+30                 0       
 NEXT SEEDS:27854820       0       0       0       0       0   181CD    3039       0       0
  140000000             110000000             110000000             2.6392529E-05         1.0000000E+30                 0       
 NEXT SEEDS:28FC0618       0       0       0       0       0   181CD    3039       0       0
  145000000             105000000             105000000             2.6388485E-05         1.0000000E+30                 0       
 NEXT SEEDS:2A72C02F       0       0       0       0       0   181CD    3039       0       0
  150000000             100000000             100000000             2.6385563E-05         1.0000000E+30                 0       
 NEXT SEEDS:2BE9437B       0       0       0       0       0   181CD    3039       0       0
  155000000              95000000              95000000             2.6382979E-05         1.0000000E+30                 0       
 NEXT SEEDS:2D5FFA5A       0       0       0       0       0   181CD    3039       0       0
  160000000              90000000              90000000             2.6380676E-05         1.0000000E+30                 0       
 NEXT SEEDS:2ED68775       0       0       0       0       0   181CD    3039       0       0
  *** Emfgeo: Ncoun  2000000000
  165000000              85000000              85000000             2.6380279E-05         1.0000000E+30                 0       
 NEXT SEEDS:304D53D6       0       0       0       0       0   181CD    3039       0       0
  170000000              80000000              80000000             2.6378806E-05         1.0000000E+30                 0       
 NEXT SEEDS:31C3FE1B       0       0       0       0       0   181CD    3039       0       0
  175000000              75000000              75000000             2.6377112E-05         1.0000000E+30                 0       
 NEXT SEEDS:333AAEBF       0       0       0       0       0   181CD    3039       0       0
  180000000              70000000              70000000             2.6376766E-05         1.0000000E+30                 0       
 NEXT SEEDS:34B1781D       0       0       0       0       0   181CD    3039       0       0
  185000000              65000000              65000000             2.6374620E-05         1.0000000E+30                 0       
 NEXT SEEDS:36286C7C       0       0       0       0       0   181CD    3039       0       0
  190000000              60000000              60000000             2.6374173E-05         1.0000000E+30                 0       
 NEXT SEEDS:379F4AD5       0       0       0       0       0   181CD    3039       0       0
  195000000              55000000              55000000             2.6373458E-05         1.0000000E+30                 0       
 NEXT SEEDS:39162BC5       0       0       0       0       0   181CD    3039       0       0
  200000000              50000000              50000000             2.6371487E-05         1.0000000E+30                 0       
 NEXT SEEDS:3A8CC5D5       0       0       0       0       0   181CD    3039       0       0
  205000000              45000000              45000000             2.6371006E-05         1.0000000E+30                 0       
 NEXT SEEDS:  68BE83       1       0       0       0       0   181CD    3039       0       0
  210000000              40000000              40000000             2.6369115E-05         1.0000000E+30                 0       
 NEXT SEEDS: 1DFA770       1       0       0       0       0   181CD    3039       0       0
  215000000              35000000              35000000             2.6367480E-05         1.0000000E+30                 0       
 NEXT SEEDS: 35666FB       1       0       0       0       0   181CD    3039       0       0
  220000000              30000000              30000000             2.6366093E-05         1.0000000E+30                 0       
 NEXT SEEDS: 4CD0F26       1       0       0       0       0   181CD    3039       0       0
  225000000              25000000              25000000             2.6365356E-05         1.0000000E+30                 0       
 NEXT SEEDS: 643C817       1       0       0       0       0   181CD    3039       0       0
  230000000              20000000              20000000             2.6363542E-05         1.0000000E+30                 0       
 NEXT SEEDS: 7BA5B72       1       0       0       0       0   181CD    3039       0       0
  235000000              15000000              15000000             2.6363404E-05         1.0000000E+30                 0       
 NEXT SEEDS: 93121F1       1       0       0       0       0   181CD    3039       0       0
  240000000              10000000              10000000             2.6361698E-05         1.0000000E+30                 0       
 NEXT SEEDS: AA79F44       1       0       0       0       0   181CD    3039       0       0
  *** Emfgeo: Ncoun  2000000000
  245000000               5000000               5000000             2.6361013E-05         1.0000000E+30                 0       
 NEXT SEEDS: C1E519B       1       0       0       0       0   181CD    3039       0       0
  249999950                    50                    50             2.6360917E-05         1.0000000E+30                 0       
 NEXT SEEDS: D950203       1       0       0       0       0   181CD    3039       0       0
  249999951                    49                    49             2.6360917E-05         1.0000000E+30                 0       
 NEXT SEEDS: D950207       1       0       0       0       0   181CD    3039       0       0
  249999952                    48                    48             2.6360917E-05         1.0000000E+30                 0       
 NEXT SEEDS: D95020B       1       0       0       0       0   181CD    3039       0       0
  249999953                    47                    47             2.6360917E-05         1.0000000E+30                 0       
 NEXT SEEDS: D95020F       1       0       0       0       0   181CD    3039       0       0
  249999954                    46                    46             2.6360917E-05         1.0000000E+30                 0       
 NEXT SEEDS: D950213       1       0       0       0       0   181CD    3039       0       0
  249999955                    45                    45             2.6360917E-05         1.0000000E+30                 0       
 NEXT SEEDS: D950217       1       0       0       0       0   181CD    3039       0       0
  249999956                    44                    44             2.6360919E-05         1.0000000E+30                 0       
 NEXT SEEDS: D95021B       1       0       0       0       0   181CD    3039       0       0
  249999957                    43                    43             2.6360919E-05         1.0000000E+30                 0       
 NEXT SEEDS: D95021F       1       0       0       0       0   181CD    3039       0       0
  249999958                    42                    42             2.6360918E-05         1.0000000E+30                 0       
 NEXT SEEDS: D950223       1       0       0       0       0   181CD    3039       0       0
  249999959                    41                    41             2.6360918E-05         1.0000000E+30                 0       
 NEXT SEEDS: D950227       1       0       0       0       0   181CD    3039       0       0
  249999960                    40                    40             2.6360920E-05         1.0000000E+30                 0       
 NEXT SEEDS: D95022B       1       0       0       0       0   181CD    3039       0       0
  249999961                    39                    39             2.6360920E-05         1.0000000E+30                 0       
 NEXT SEEDS: D95022F       1       0       0       0       0   181CD    3039       0       0
  249999962                    38                    38             2.6360920E-05         1.0000000E+30                 0       
 NEXT SEEDS: D950233       1       0       0       0       0   181CD    3039       0       0
  249999963                    37                    37             2.6360922E-05         1.0000000E+30                 0       
 NEXT SEEDS: D950237       1       0       0       0       0   181CD    3039       0       0
  249999964                    36                    36             2.6360922E-05         1.0000000E+30                 0       
 NEXT SEEDS: D95023D       1       0       0       0       0   181CD    3039       0       0
  249999965                    35                    35             2.6360924E-05         1.0000000E+30                 0       
 NEXT SEEDS: D950241       1       0       0       0       0   181CD    3039       0       0
  249999966                    34                    34             2.6360924E-05         1.0000000E+30                 0       
 NEXT SEEDS: D950247       1       0       0       0       0   181CD    3039       0       0
  249999967                    33                    33             2.6360925E-05         1.0000000E+30                 0       
 NEXT SEEDS: D95024B       1       0       0       0       0   181CD    3039       0       0
  249999968                    32                    32             2.6360925E-05         1.0000000E+30                 0       
 NEXT SEEDS: D95024F       1       0       0       0       0   181CD    3039       0       0
  249999969                    31                    31             2.6360925E-05         1.0000000E+30                 0       
 NEXT SEEDS: D950253       1       0       0       0       0   181CD    3039       0       0
  249999970                    30                    30             2.6360927E-05         1.0000000E+30                 0       
 NEXT SEEDS: D950257       1       0       0       0       0   181CD    3039       0       0
  249999971                    29                    29             2.6360927E-05         1.0000000E+30                 0       
 NEXT SEEDS: D95026D       1       0       0       0       0   181CD    3039       0       0
  249999972                    28                    28             2.6360927E-05         1.0000000E+30                 0       
 NEXT SEEDS: D950271       1       0       0       0       0   181CD    3039       0       0
  249999973                    27                    27             2.6360927E-05         1.0000000E+30                 0       
 NEXT SEEDS: D950275       1       0       0       0       0   181CD    3039       0       0
  249999974                    26                    26             2.6360927E-05         1.0000000E+30                 0       
 NEXT SEEDS: D950279       1       0       0       0       0   181CD    3039       0       0
  249999975                    25                    25             2.6360926E-05         1.0000000E+30                 0       
 NEXT SEEDS: D95027D       1       0       0       0       0   181CD    3039       0       0
  249999976                    24                    24             2.6360926E-05         1.0000000E+30                 0       
 NEXT SEEDS: D950291       1       0       0       0       0   181CD    3039       0       0
  249999977                    23                    23             2.6360928E-05         1.0000000E+30                 0       
 NEXT SEEDS: D950295       1       0       0       0       0   181CD    3039       0       0
  249999978                    22                    22             2.6360928E-05         1.0000000E+30                 0       
 NEXT SEEDS: D950299       1       0       0       0       0   181CD    3039       0       0
  249999979                    21                    21             2.6360928E-05         1.0000000E+30                 0       
 NEXT SEEDS: D95029D       1       0       0       0       0   181CD    3039       0       0
  249999980                    20                    20             2.6360928E-05         1.0000000E+30                 0       
 NEXT SEEDS: D9502A1       1       0       0       0       0   181CD    3039       0       0
  249999981                    19                    19             2.6360928E-05         1.0000000E+30                 0       
 NEXT SEEDS: D9502A5       1       0       0       0       0   181CD    3039       0       0
  249999982                    18                    18             2.6360928E-05         1.0000000E+30                 0       
 NEXT SEEDS: D9502A9       1       0       0       0       0   181CD    3039       0       0
  249999983                    17                    17             2.6360928E-05         1.0000000E+30                 0       
 NEXT SEEDS: D9502AD       1       0       0       0       0   181CD    3039       0       0
  249999984                    16                    16             2.6360927E-05         1.0000000E+30                 0       
 NEXT SEEDS: D9502B1       1       0       0       0       0   181CD    3039       0       0
  249999985                    15                    15             2.6360929E-05         1.0000000E+30                 0       
 NEXT SEEDS: D9502B5       1       0       0       0       0   181CD    3039       0       0
  249999986                    14                    14             2.6360929E-05         1.0000000E+30                 0       
 NEXT SEEDS: D9502B9       1       0       0       0       0   181CD    3039       0       0
  249999987                    13                    13             2.6360929E-05         1.0000000E+30                 0       
 NEXT SEEDS: D9502BD       1       0       0       0       0   181CD    3039       0       0
  249999988                    12                    12             2.6360929E-05         1.0000000E+30                 0       
 NEXT SEEDS: D9502D8       1       0       0       0       0   181CD    3039       0       0
  249999989                    11                    11             2.6360929E-05         1.0000000E+30                 0       
 NEXT SEEDS: D9502DC       1       0       0       0       0   181CD    3039       0       0
  249999990                    10                    10             2.6360929E-05         1.0000000E+30                 0       
 NEXT SEEDS: D9502E0       1       0       0       0       0   181CD    3039       0       0
  249999991                     9                     9             2.6360929E-05         1.0000000E+30                 0       
 NEXT SEEDS: D9502E4       1       0       0       0       0   181CD    3039       0       0
  249999992                     8                     8             2.6360929E-05         1.0000000E+30                 0       
 NEXT SEEDS: D9502E8       1       0       0       0       0   181CD    3039       0       0
  249999993                     7                     7             2.6360928E-05         1.0000000E+30                 0       
 NEXT SEEDS: D9502EC       1       0       0       0       0   181CD    3039       0       0
  249999994                     6                     6             2.6360930E-05         1.0000000E+30                 0       
 NEXT SEEDS: D9502F0       1       0       0       0       0   181CD    3039       0       0
  249999995                     5                     5             2.6360930E-05         1.0000000E+30                 0       
 NEXT SEEDS: D9502F4       1       0       0       0       0   181CD    3039       0       0
  249999996                     4                     4             2.6360930E-05         1.0000000E+30                 0       
 NEXT SEEDS: D9502F8       1       0       0       0       0   181CD    3039       0       0
  249999997                     3                     3             2.6360930E-05         1.0000000E+30                 0       
 NEXT SEEDS: D9502FC       1       0       0       0       0   181CD    3039       0       0
  249999998                     2                     2             2.6360930E-05         1.0000000E+30                 0       
 NEXT SEEDS: D950300       1       0       0       0       0   181CD    3039       0       0
  249999999                     1                     1             2.6360930E-05         1.0000000E+30                 0       
 NEXT SEEDS: D950313       1       0       0       0       0   181CD    3039       0       0
  250000000                     0                     1             2.6360930E-05         1.0000000E+30                 0       
 NEXT SEEDS: D950317       1       0       0       0       0   181CD    3039       0       0
