1NUMBER OF BEAM       NUMBER OF BEAM        APPROXIMATE NUMBER    AVERAGE TIME USED     TIME LEFT (RESERVED   NUMBER OF STARS
 PARTICLES HANDLED    PARTICLES LEFT        OF BEAM PARTICLES     BY A BEAM PARTICLE     10000.0 SECONDS      CREATED
                                            THAT CAN STILL BE                           FOR PRINTOUT)
                                            HANDLED

 NEXT SEEDS:       0       0       0       0       0       0   181CD    3039       0       0
          1             249999999             249999999             7.7962875E-05         1.0000000E+30                 0       
 NEXT SEEDS:       4       0       0       0       0       0   181CD    3039       0       0
    5000000             245000000             245000000             2.6454278E-05         1.0000000E+30                 0       
 NEXT SEEDS: 1771185       0       0       0       0       0   181CD    3039       0       0
   10000000             240000000             240000000             2.6417137E-05         1.0000000E+30                 0       
 NEXT SEEDS: 2EDDDA0       0       0       0       0       0   181CD    3039       0       0
   15000000             235000000             235000000             2.6434988E-05         1.0000000E+30                 0       
 NEXT SEEDS: 4652ED6       0       0       0       0       0   181CD    3039       0       0
   20000000             230000000             230000000             2.6431478E-05         1.0000000E+30                 0       
 NEXT SEEDS: 5DC1837       0       0       0       0       0   181CD    3039       0       0
   25000000             225000000             225000000             2.6424672E-05         1.0000000E+30                 0       
 NEXT SEEDS: 753263C       0       0       0       0       0   181CD    3039       0       0
   30000000             220000000             220000000             2.6426285E-05         1.0000000E+30                 0       
 NEXT SEEDS: 8CA9E31       0       0       0       0       0   181CD    3039       0       0
   35000000             215000000             215000000             2.6429115E-05         1.0000000E+30                 0       
 NEXT SEEDS: A41C89A       0       0       0       0       0   181CD    3039       0       0
   40000000             210000000             210000000             2.6431974E-05         1.0000000E+30                 0       
 NEXT SEEDS: BB8CA27       0       0       0       0       0   181CD    3039       0       0
   45000000             205000000             205000000             2.6437365E-05         1.0000000E+30                 0       
 NEXT SEEDS: D2FEDA0       0       0       0       0       0   181CD    3039       0       0
   50000000             200000000             200000000             2.6433375E-05         1.0000000E+30                 0       
 NEXT SEEDS: EA6FE61       0       0       0       0       0   181CD    3039       0       0
   55000000             195000000             195000000             2.6432274E-05         1.0000000E+30                 0       
 NEXT SEEDS:101DD271       0       0       0       0       0   181CD    3039       0       0
   60000000             190000000             190000000             2.6428455E-05         1.0000000E+30                 0       
 NEXT SEEDS:1194CEF6       0       0       0       0       0   181CD    3039       0       0
   65000000             185000000             185000000             2.6428349E-05         1.0000000E+30                 0       
 NEXT SEEDS:130BB8DC       0       0       0       0       0   181CD    3039       0       0
   70000000             180000000             180000000             2.6428624E-05         1.0000000E+30                 0       
 NEXT SEEDS:148286A3       0       0       0       0       0   181CD    3039       0       0
   75000000             175000000             175000000             2.6432741E-05         1.0000000E+30                 0       
 NEXT SEEDS:15F98FBE       0       0       0       0       0   181CD    3039       0       0
   80000000             170000000             170000000             2.6432927E-05         1.0000000E+30                 0       
 NEXT SEEDS:1770DD0E       0       0       0       0       0   181CD    3039       0       0
  *** Emfgeo: Ncoun  2000000000
   85000000             165000000             165000000             2.6433053E-05         1.0000000E+30                 0       
 NEXT SEEDS:18E8301A       0       0       0       0       0   181CD    3039       0       0
   90000000             160000000             160000000             2.6434572E-05         1.0000000E+30                 0       
 NEXT SEEDS:1A5F3B6E       0       0       0       0       0   181CD    3039       0       0
   95000000             155000000             155000000             2.6435484E-05         1.0000000E+30                 0       
 NEXT SEEDS:1BD66EF5       0       0       0       0       0   181CD    3039       0       0
  100000000             150000000             150000000             2.6437729E-05         1.0000000E+30                 0       
 NEXT SEEDS:1D4D856D       0       0       0       0       0   181CD    3039       0       0
  105000000             145000000             145000000             2.6435623E-05         1.0000000E+30                 0       
 NEXT SEEDS:1EC468EB       0       0       0       0       0   181CD    3039       0       0
  110000000             140000000             140000000             2.6434376E-05         1.0000000E+30                 0       
 NEXT SEEDS:203B658F       0       0       0       0       0   181CD    3039       0       0
  115000000             135000000             135000000             2.6433686E-05         1.0000000E+30                 0       
 NEXT SEEDS:21B28433       0       0       0       0       0   181CD    3039       0       0
  120000000             130000000             130000000             2.6432513E-05         1.0000000E+30                 0       
 NEXT SEEDS:2329776A       0       0       0       0       0   181CD    3039       0       0
  125000000             125000000             125000000             2.6429810E-05         1.0000000E+30                 0       
 NEXT SEEDS:24A07BD3       0       0       0       0       0   181CD    3039       0       0
  130000000             120000000             120000000             2.6431734E-05         1.0000000E+30                 0       
 NEXT SEEDS:2617700E       0       0       0       0       0   181CD    3039       0       0
  135000000             115000000             115000000             2.6430459E-05         1.0000000E+30                 0       
 NEXT SEEDS:278E6EE6       0       0       0       0       0   181CD    3039       0       0
  140000000             110000000             110000000             2.6429629E-05         1.0000000E+30                 0       
 NEXT SEEDS:2905A543       0       0       0       0       0   181CD    3039       0       0
  145000000             105000000             105000000             2.6429007E-05         1.0000000E+30                 0       
 NEXT SEEDS:2A7CADD7       0       0       0       0       0   181CD    3039       0       0
  150000000             100000000             100000000             2.6429521E-05         1.0000000E+30                 0       
 NEXT SEEDS:2BF438A1       0       0       0       0       0   181CD    3039       0       0
  155000000              95000000              95000000             2.6428652E-05         1.0000000E+30                 0       
 NEXT SEEDS:2D6B5A25       0       0       0       0       0   181CD    3039       0       0
  160000000              90000000              90000000             2.6427613E-05         1.0000000E+30                 0       
 NEXT SEEDS:2EE247D2       0       0       0       0       0   181CD    3039       0       0
  *** Emfgeo: Ncoun  2000000000
  165000000              85000000              85000000             2.6428425E-05         1.0000000E+30                 0       
 NEXT SEEDS:305939D5       0       0       0       0       0   181CD    3039       0       0
  170000000              80000000              80000000             2.6429387E-05         1.0000000E+30                 0       
 NEXT SEEDS:31D09BA3       0       0       0       0       0   181CD    3039       0       0
  175000000              75000000              75000000             2.6429527E-05         1.0000000E+30                 0       
 NEXT SEEDS:3347E83C       0       0       0       0       0   181CD    3039       0       0
  180000000              70000000              70000000             2.6427819E-05         1.0000000E+30                 0       
 NEXT SEEDS:34BF09F4       0       0       0       0       0   181CD    3039       0       0
  185000000              65000000              65000000             2.6429818E-05         1.0000000E+30                 0       
 NEXT SEEDS:3635C065       0       0       0       0       0   181CD    3039       0       0
  190000000              60000000              60000000             2.6431703E-05         1.0000000E+30                 0       
 NEXT SEEDS:37ACE668       0       0       0       0       0   181CD    3039       0       0
  195000000              55000000              55000000             2.6432062E-05         1.0000000E+30                 0       
 NEXT SEEDS:3923F554       0       0       0       0       0   181CD    3039       0       0
  200000000              50000000              50000000             2.6431483E-05         1.0000000E+30                 0       
 NEXT SEEDS:3A9B05A3       0       0       0       0       0   181CD    3039       0       0
  205000000              45000000              45000000             2.6431589E-05         1.0000000E+30                 0       
 NEXT SEEDS:  777D84       1       0       0       0       0   181CD    3039       0       0
  210000000              40000000              40000000             2.6432606E-05         1.0000000E+30                 0       
 NEXT SEEDS: 1EE7B5B       1       0       0       0       0   181CD    3039       0       0
  215000000              35000000              35000000             2.6434221E-05         1.0000000E+30                 0       
 NEXT SEEDS: 365AD04       1       0       0       0       0   181CD    3039       0       0
  220000000              30000000              30000000             2.6437381E-05         1.0000000E+30                 0       
 NEXT SEEDS: 4DCF7E9       1       0       0       0       0   181CD    3039       0       0
  225000000              25000000              25000000             2.6439191E-05         1.0000000E+30                 0       
 NEXT SEEDS: 653EE4C       1       0       0       0       0   181CD    3039       0       0
  230000000              20000000              20000000             2.6437777E-05         1.0000000E+30                 0       
 NEXT SEEDS: 7CAC0C3       1       0       0       0       0   181CD    3039       0       0
  235000000              15000000              15000000             2.6437409E-05         1.0000000E+30                 0       
 NEXT SEEDS: 941F75C       1       0       0       0       0   181CD    3039       0       0
  240000000              10000000              10000000             2.6437661E-05         1.0000000E+30                 0       
 NEXT SEEDS: AB8FF4E       1       0       0       0       0   181CD    3039       0       0
  *** Emfgeo: Ncoun  2000000000
  245000000               5000000               5000000             2.6437658E-05         1.0000000E+30                 0       
 NEXT SEEDS: C30525B       1       0       0       0       0   181CD    3039       0       0
  249999950                    50                    50             2.6437764E-05         1.0000000E+30                 0       
 NEXT SEEDS: DA7A7EA       1       0       0       0       0   181CD    3039       0       0
  249999951                    49                    49             2.6437766E-05         1.0000000E+30                 0       
 NEXT SEEDS: DA7A7EE       1       0       0       0       0   181CD    3039       0       0
  249999952                    48                    48             2.6437767E-05         1.0000000E+30                 0       
 NEXT SEEDS: DA7A7F8       1       0       0       0       0   181CD    3039       0       0
  249999953                    47                    47             2.6437767E-05         1.0000000E+30                 0       
 NEXT SEEDS: DA7A7FC       1       0       0       0       0   181CD    3039       0       0
  249999954                    46                    46             2.6437767E-05         1.0000000E+30                 0       
 NEXT SEEDS: DA7A800       1       0       0       0       0   181CD    3039       0       0
  249999955                    45                    45             2.6437769E-05         1.0000000E+30                 0       
 NEXT SEEDS: DA7A804       1       0       0       0       0   181CD    3039       0       0
  249999956                    44                    44             2.6437769E-05         1.0000000E+30                 0       
 NEXT SEEDS: DA7A80A       1       0       0       0       0   181CD    3039       0       0
  249999957                    43                    43             2.6437769E-05         1.0000000E+30                 0       
 NEXT SEEDS: DA7A80E       1       0       0       0       0   181CD    3039       0       0
  249999958                    42                    42             2.6437771E-05         1.0000000E+30                 0       
 NEXT SEEDS: DA7A812       1       0       0       0       0   181CD    3039       0       0
  249999959                    41                    41             2.6437771E-05         1.0000000E+30                 0       
 NEXT SEEDS: DA7A816       1       0       0       0       0   181CD    3039       0       0
  249999960                    40                    40             2.6437771E-05         1.0000000E+30                 0       
 NEXT SEEDS: DA7A81A       1       0       0       0       0   181CD    3039       0       0
  249999961                    39                    39             2.6437772E-05         1.0000000E+30                 0       
 NEXT SEEDS: DA7A81E       1       0       0       0       0   181CD    3039       0       0
  249999962                    38                    38             2.6437772E-05         1.0000000E+30                 0       
 NEXT SEEDS: DA7A822       1       0       0       0       0   181CD    3039       0       0
  249999963                    37                    37             2.6437774E-05         1.0000000E+30                 0       
 NEXT SEEDS: DA7A826       1       0       0       0       0   181CD    3039       0       0
  249999964                    36                    36             2.6437774E-05         1.0000000E+30                 0       
 NEXT SEEDS: DA7A82A       1       0       0       0       0   181CD    3039       0       0
  249999965                    35                    35             2.6437774E-05         1.0000000E+30                 0       
 NEXT SEEDS: DA7A82E       1       0       0       0       0   181CD    3039       0       0
  249999966                    34                    34             2.6437776E-05         1.0000000E+30                 0       
 NEXT SEEDS: DA7A832       1       0       0       0       0   181CD    3039       0       0
  249999967                    33                    33             2.6437776E-05         1.0000000E+30                 0       
 NEXT SEEDS: DA7A836       1       0       0       0       0   181CD    3039       0       0
  249999968                    32                    32             2.6437776E-05         1.0000000E+30                 0       
 NEXT SEEDS: DA7A83A       1       0       0       0       0   181CD    3039       0       0
  249999969                    31                    31             2.6437777E-05         1.0000000E+30                 0       
 NEXT SEEDS: DA7A83E       1       0       0       0       0   181CD    3039       0       0
  249999970                    30                    30             2.6437777E-05         1.0000000E+30                 0       
 NEXT SEEDS: DA7A842       1       0       0       0       0   181CD    3039       0       0
  249999971                    29                    29             2.6437777E-05         1.0000000E+30                 0       
 NEXT SEEDS: DA7A846       1       0       0       0       0   181CD    3039       0       0
  249999972                    28                    28             2.6437779E-05         1.0000000E+30                 0       
 NEXT SEEDS: DA7A84A       1       0       0       0       0   181CD    3039       0       0
  249999973                    27                    27             2.6437779E-05         1.0000000E+30                 0       
 NEXT SEEDS: DA7A850       1       0       0       0       0   181CD    3039       0       0
  249999974                    26                    26             2.6437779E-05         1.0000000E+30                 0       
 NEXT SEEDS: DA7A854       1       0       0       0       0   181CD    3039       0       0
  249999975                    25                    25             2.6437781E-05         1.0000000E+30                 0       
 NEXT SEEDS: DA7A858       1       0       0       0       0   181CD    3039       0       0
  249999976                    24                    24             2.6437781E-05         1.0000000E+30                 0       
 NEXT SEEDS: DA7A85C       1       0       0       0       0   181CD    3039       0       0
  249999977                    23                    23             2.6437780E-05         1.0000000E+30                 0       
 NEXT SEEDS: DA7A860       1       0       0       0       0   181CD    3039       0       0
  249999978                    22                    22             2.6437780E-05         1.0000000E+30                 0       
 NEXT SEEDS: DA7A866       1       0       0       0       0   181CD    3039       0       0
  249999979                    21                    21             2.6437780E-05         1.0000000E+30                 0       
 NEXT SEEDS: DA7A86A       1       0       0       0       0   181CD    3039       0       0
  249999980                    20                    20             2.6437780E-05         1.0000000E+30                 0       
 NEXT SEEDS: DA7A86E       1       0       0       0       0   181CD    3039       0       0
  249999981                    19                    19             2.6437780E-05         1.0000000E+30                 0       
 NEXT SEEDS: DA7A872       1       0       0       0       0   181CD    3039       0       0
  249999982                    18                    18             2.6437780E-05         1.0000000E+30                 0       
 NEXT SEEDS: DA7A876       1       0       0       0       0   181CD    3039       0       0
  249999983                    17                    17             2.6437782E-05         1.0000000E+30                 0       
 NEXT SEEDS: DA7A87A       1       0       0       0       0   181CD    3039       0       0
  249999984                    16                    16             2.6437782E-05         1.0000000E+30                 0       
 NEXT SEEDS: DA7A87E       1       0       0       0       0   181CD    3039       0       0
  249999985                    15                    15             2.6437782E-05         1.0000000E+30                 0       
 NEXT SEEDS: DA7A882       1       0       0       0       0   181CD    3039       0       0
  249999986                    14                    14             2.6437783E-05         1.0000000E+30                 0       
 NEXT SEEDS: DA7A886       1       0       0       0       0   181CD    3039       0       0
  249999987                    13                    13             2.6437783E-05         1.0000000E+30                 0       
 NEXT SEEDS: DA7A88A       1       0       0       0       0   181CD    3039       0       0
  249999988                    12                    12             2.6437783E-05         1.0000000E+30                 0       
 NEXT SEEDS: DA7A88E       1       0       0       0       0   181CD    3039       0       0
  249999989                    11                    11             2.6437785E-05         1.0000000E+30                 0       
 NEXT SEEDS: DA7A892       1       0       0       0       0   181CD    3039       0       0
  249999990                    10                    10             2.6437787E-05         1.0000000E+30                 0       
 NEXT SEEDS: DA7A896       1       0       0       0       0   181CD    3039       0       0
  249999991                     9                     9             2.6437787E-05         1.0000000E+30                 0       
 NEXT SEEDS: DA7A89A       1       0       0       0       0   181CD    3039       0       0
  249999992                     8                     8             2.6437787E-05         1.0000000E+30                 0       
 NEXT SEEDS: DA7A89E       1       0       0       0       0   181CD    3039       0       0
  249999993                     7                     7             2.6437789E-05         1.0000000E+30                 0       
 NEXT SEEDS: DA7A8A2       1       0       0       0       0   181CD    3039       0       0
  249999994                     6                     6             2.6437788E-05         1.0000000E+30                 0       
 NEXT SEEDS: DA7A8A6       1       0       0       0       0   181CD    3039       0       0
  249999995                     5                     5             2.6437788E-05         1.0000000E+30                 0       
 NEXT SEEDS: DA7A8AA       1       0       0       0       0   181CD    3039       0       0
  249999996                     4                     4             2.6437790E-05         1.0000000E+30                 0       
 NEXT SEEDS: DA7A8AE       1       0       0       0       0   181CD    3039       0       0
  249999997                     3                     3             2.6437790E-05         1.0000000E+30                 0       
 NEXT SEEDS: DA7A8B2       1       0       0       0       0   181CD    3039       0       0
  249999998                     2                     2             2.6437790E-05         1.0000000E+30                 0       
 NEXT SEEDS: DA7A8B6       1       0       0       0       0   181CD    3039       0       0
  249999999                     1                     1             2.6437790E-05         1.0000000E+30                 0       
 NEXT SEEDS: DA7A8BA       1       0       0       0       0   181CD    3039       0       0
  250000000                     0                     1             2.6437790E-05         1.0000000E+30                 0       
 NEXT SEEDS: DA7A8BE       1       0       0       0       0   181CD    3039       0       0
