1NUMBER OF BEAM       NUMBER OF BEAM        APPROXIMATE NUMBER    AVERAGE TIME USED     TIME LEFT (RESERVED   NUMBER OF STARS
 PARTICLES HANDLED    PARTICLES LEFT        OF BEAM PARTICLES     BY A BEAM PARTICLE     10000.0 SECONDS      CREATED
                                            THAT CAN STILL BE                           FOR PRINTOUT)
                                            HANDLED

 NEXT SEEDS:       0       0       0       0       0       0   181CD    3039       0       0
          1             249999999             249999999             8.5115433E-05         1.0000000E+30                 0       
 NEXT SEEDS:       4       0       0       0       0       0   181CD    3039       0       0
    5000000             245000000             245000000             2.7800338E-05         1.0000000E+30                 0       
 NEXT SEEDS: 1774A74       0       0       0       0       0   181CD    3039       0       0
   10000000             240000000             240000000             2.7782393E-05         1.0000000E+30                 0       
 NEXT SEEDS: 2EE2B10       0       0       0       0       0   181CD    3039       0       0
   15000000             235000000             235000000             2.7818411E-05         1.0000000E+30                 0       
 NEXT SEEDS: 4658C7F       0       0       0       0       0   181CD    3039       0       0
   20000000             230000000             230000000             2.7811620E-05         1.0000000E+30                 0       
 NEXT SEEDS: 5DC8ADD       0       0       0       0       0   181CD    3039       0       0
   25000000             225000000             225000000             2.7816135E-05         1.0000000E+30                 0       
 NEXT SEEDS: 753D4CF       0       0       0       0       0   181CD    3039       0       0
   30000000             220000000             220000000             2.7830017E-05         1.0000000E+30                 0       
 NEXT SEEDS: 8CB50A4       0       0       0       0       0   181CD    3039       0       0
   35000000             215000000             215000000             2.7835042E-05         1.0000000E+30                 0       
 NEXT SEEDS: A425A0B       0       0       0       0       0   181CD    3039       0       0
   40000000             210000000             210000000             2.7834898E-05         1.0000000E+30                 0       
 NEXT SEEDS: BB98916       0       0       0       0       0   181CD    3039       0       0
   45000000             205000000             205000000             2.7840892E-05         1.0000000E+30                 0       
 NEXT SEEDS: D30F37B       0       0       0       0       0   181CD    3039       0       0
   50000000             200000000             200000000             2.7837183E-05         1.0000000E+30                 0       
 NEXT SEEDS: EA7EE7D       0       0       0       0       0   181CD    3039       0       0
   55000000             195000000             195000000             2.7835923E-05         1.0000000E+30                 0       
 NEXT SEEDS:101F068F       0       0       0       0       0   181CD    3039       0       0
   60000000             190000000             190000000             2.7836813E-05         1.0000000E+30                 0       
 NEXT SEEDS:1196199A       0       0       0       0       0   181CD    3039       0       0
   65000000             185000000             185000000             2.7835450E-05         1.0000000E+30                 0       
 NEXT SEEDS:130CFEC7       0       0       0       0       0   181CD    3039       0       0
   70000000             180000000             180000000             2.7836439E-05         1.0000000E+30                 0       
 NEXT SEEDS:1483FC3D       0       0       0       0       0   181CD    3039       0       0
   75000000             175000000             175000000             2.7832707E-05         1.0000000E+30                 0       
 NEXT SEEDS:15FB3ECF       0       0       0       0       0   181CD    3039       0       0
   80000000             170000000             170000000             2.7834807E-05         1.0000000E+30                 0       
 NEXT SEEDS:17725E00       0       0       0       0       0   181CD    3039       0       0
  *** Emfgeo: Ncoun  2000000000
   85000000             165000000             165000000             2.7837017E-05         1.0000000E+30                 0       
 NEXT SEEDS:18E9A9AA       0       0       0       0       0   181CD    3039       0       0
   90000000             160000000             160000000             2.7840049E-05         1.0000000E+30                 0       
 NEXT SEEDS:1A60E65F       0       0       0       0       0   181CD    3039       0       0
   95000000             155000000             155000000             2.7838961E-05         1.0000000E+30                 0       
 NEXT SEEDS:1BD7DD2C       0       0       0       0       0   181CD    3039       0       0
  100000000             150000000             150000000             2.7838786E-05         1.0000000E+30                 0       
 NEXT SEEDS:1D4EC840       0       0       0       0       0   181CD    3039       0       0
  105000000             145000000             145000000             2.7837297E-05         1.0000000E+30                 0       
 NEXT SEEDS:1EC5B130       0       0       0       0       0   181CD    3039       0       0
  110000000             140000000             140000000             2.7834647E-05         1.0000000E+30                 0       
 NEXT SEEDS:203C9E28       0       0       0       0       0   181CD    3039       0       0
  115000000             135000000             135000000             2.7834599E-05         1.0000000E+30                 0       
 NEXT SEEDS:21B3A983       0       0       0       0       0   181CD    3039       0       0
  120000000             130000000             130000000             2.7835314E-05         1.0000000E+30                 0       
 NEXT SEEDS:232ABE61       0       0       0       0       0   181CD    3039       0       0
  125000000             125000000             125000000             2.7835216E-05         1.0000000E+30                 0       
 NEXT SEEDS:24A1B00C       0       0       0       0       0   181CD    3039       0       0
  130000000             120000000             120000000             2.7837368E-05         1.0000000E+30                 0       
 NEXT SEEDS:2618FFFD       0       0       0       0       0   181CD    3039       0       0
  135000000             115000000             115000000             2.7837064E-05         1.0000000E+30                 0       
 NEXT SEEDS:27900CE1       0       0       0       0       0   181CD    3039       0       0
  140000000             110000000             110000000             2.7840523E-05         1.0000000E+30                 0       
 NEXT SEEDS:29071BB0       0       0       0       0       0   181CD    3039       0       0
  145000000             105000000             105000000             2.7841628E-05         1.0000000E+30                 0       
 NEXT SEEDS:2A7E1221       0       0       0       0       0   181CD    3039       0       0
  150000000             100000000             100000000             2.7841249E-05         1.0000000E+30                 0       
 NEXT SEEDS:2BF52E85       0       0       0       0       0   181CD    3039       0       0
  155000000              95000000              95000000             2.7843056E-05         1.0000000E+30                 0       
 NEXT SEEDS:2D6C6C8D       0       0       0       0       0   181CD    3039       0       0
  160000000              90000000              90000000             2.7843020E-05         1.0000000E+30                 0       
 NEXT SEEDS:2EE33A05       0       0       0       0       0   181CD    3039       0       0
  *** Emfgeo: Ncoun  2000000000
  165000000              85000000              85000000             2.7843465E-05         1.0000000E+30                 0       
 NEXT SEEDS:305A11B1       0       0       0       0       0   181CD    3039       0       0
  170000000              80000000              80000000             2.7842379E-05         1.0000000E+30                 0       
 NEXT SEEDS:31D140AE       0       0       0       0       0   181CD    3039       0       0
  175000000              75000000              75000000             2.7842561E-05         1.0000000E+30                 0       
 NEXT SEEDS:33486C92       0       0       0       0       0   181CD    3039       0       0
  180000000              70000000              70000000             2.7840749E-05         1.0000000E+30                 0       
 NEXT SEEDS:34BF2F0F       0       0       0       0       0   181CD    3039       0       0
  185000000              65000000              65000000             2.7839709E-05         1.0000000E+30                 0       
 NEXT SEEDS:3635F612       0       0       0       0       0   181CD    3039       0       0
  190000000              60000000              60000000             2.7839949E-05         1.0000000E+30                 0       
 NEXT SEEDS:37AD4166       0       0       0       0       0   181CD    3039       0       0
  195000000              55000000              55000000             2.7841015E-05         1.0000000E+30                 0       
 NEXT SEEDS:39246D24       0       0       0       0       0   181CD    3039       0       0
  200000000              50000000              50000000             2.7840119E-05         1.0000000E+30                 0       
 NEXT SEEDS:3A9B9B01       0       0       0       0       0   181CD    3039       0       0
  205000000              45000000              45000000             2.7839646E-05         1.0000000E+30                 0       
 NEXT SEEDS:  77F8BB       1       0       0       0       0   181CD    3039       0       0
  210000000              40000000              40000000             2.7841690E-05         1.0000000E+30                 0       
 NEXT SEEDS: 1EF2241       1       0       0       0       0   181CD    3039       0       0
  215000000              35000000              35000000             2.7841928E-05         1.0000000E+30                 0       
 NEXT SEEDS: 3664C44       1       0       0       0       0   181CD    3039       0       0
  220000000              30000000              30000000             2.7841725E-05         1.0000000E+30                 0       
 NEXT SEEDS: 4DD4D90       1       0       0       0       0   181CD    3039       0       0
  225000000              25000000              25000000             2.7840874E-05         1.0000000E+30                 0       
 NEXT SEEDS: 6546254       1       0       0       0       0   181CD    3039       0       0
  230000000              20000000              20000000             2.7839786E-05         1.0000000E+30                 0       
 NEXT SEEDS: 7CB75CA       1       0       0       0       0   181CD    3039       0       0
  235000000              15000000              15000000             2.7840454E-05         1.0000000E+30                 0       
 NEXT SEEDS: 9427AF2       1       0       0       0       0   181CD    3039       0       0
  240000000              10000000              10000000             2.7840088E-05         1.0000000E+30                 0       
 NEXT SEEDS: AB96531       1       0       0       0       0   181CD    3039       0       0
  *** Emfgeo: Ncoun  2000000000
  245000000               5000000               5000000             2.7839708E-05         1.0000000E+30                 0       
 NEXT SEEDS: C308E1D       1       0       0       0       0   181CD    3039       0       0
  249999950                    50                    50             2.7839259E-05         1.0000000E+30                 0       
 NEXT SEEDS: DA7D6C5       1       0       0       0       0   181CD    3039       0       0
  249999951                    49                    49             2.7839259E-05         1.0000000E+30                 0       
 NEXT SEEDS: DA7D6C9       1       0       0       0       0   181CD    3039       0       0
  249999952                    48                    48             2.7839261E-05         1.0000000E+30                 0       
 NEXT SEEDS: DA7D6CD       1       0       0       0       0   181CD    3039       0       0
  249999953                    47                    47             2.7839261E-05         1.0000000E+30                 0       
 NEXT SEEDS: DA7D6D1       1       0       0       0       0   181CD    3039       0       0
  249999954                    46                    46             2.7839261E-05         1.0000000E+30                 0       
 NEXT SEEDS: DA7D6D5       1       0       0       0       0   181CD    3039       0       0
  249999955                    45                    45             2.7839261E-05         1.0000000E+30                 0       
 NEXT SEEDS: DA7D6D9       1       0       0       0       0   181CD    3039       0       0
  249999956                    44                    44             2.7839262E-05         1.0000000E+30                 0       
 NEXT SEEDS: DA7D6DD       1       0       0       0       0   181CD    3039       0       0
  249999957                    43                    43             2.7839262E-05         1.0000000E+30                 0       
 NEXT SEEDS: DA7D6E1       1       0       0       0       0   181CD    3039       0       0
  249999958                    42                    42             2.7839262E-05         1.0000000E+30                 0       
 NEXT SEEDS: DA7D6E5       1       0       0       0       0   181CD    3039       0       0
  249999959                    41                    41             2.7839264E-05         1.0000000E+30                 0       
 NEXT SEEDS: DA7D6E9       1       0       0       0       0   181CD    3039       0       0
  249999960                    40                    40             2.7839264E-05         1.0000000E+30                 0       
 NEXT SEEDS: DA7D6ED       1       0       0       0       0   181CD    3039       0       0
  249999961                    39                    39             2.7839266E-05         1.0000000E+30                 0       
 NEXT SEEDS: DA7D6F1       1       0       0       0       0   181CD    3039       0       0
  249999962                    38                    38             2.7839266E-05         1.0000000E+30                 0       
 NEXT SEEDS: DA7D6F5       1       0       0       0       0   181CD    3039       0       0
  249999963                    37                    37             2.7839267E-05         1.0000000E+30                 0       
 NEXT SEEDS: DA7D6F9       1       0       0       0       0   181CD    3039       0       0
  249999964                    36                    36             2.7839267E-05         1.0000000E+30                 0       
 NEXT SEEDS: DA7D6FD       1       0       0       0       0   181CD    3039       0       0
  249999965                    35                    35             2.7839267E-05         1.0000000E+30                 0       
 NEXT SEEDS: DA7D701       1       0       0       0       0   181CD    3039       0       0
  249999966                    34                    34             2.7839267E-05         1.0000000E+30                 0       
 NEXT SEEDS: DA7D705       1       0       0       0       0   181CD    3039       0       0
  249999967                    33                    33             2.7839269E-05         1.0000000E+30                 0       
 NEXT SEEDS: DA7D709       1       0       0       0       0   181CD    3039       0       0
  249999968                    32                    32             2.7839269E-05         1.0000000E+30                 0       
 NEXT SEEDS: DA7D70D       1       0       0       0       0   181CD    3039       0       0
  249999969                    31                    31             2.7839271E-05         1.0000000E+30                 0       
 NEXT SEEDS: DA7D711       1       0       0       0       0   181CD    3039       0       0
  249999970                    30                    30             2.7839271E-05         1.0000000E+30                 0       
 NEXT SEEDS: DA7D715       1       0       0       0       0   181CD    3039       0       0
  249999971                    29                    29             2.7839270E-05         1.0000000E+30                 0       
 NEXT SEEDS: DA7D719       1       0       0       0       0   181CD    3039       0       0
  249999972                    28                    28             2.7839270E-05         1.0000000E+30                 0       
 NEXT SEEDS: DA7D71D       1       0       0       0       0   181CD    3039       0       0
  249999973                    27                    27             2.7839272E-05         1.0000000E+30                 0       
 NEXT SEEDS: DA7D721       1       0       0       0       0   181CD    3039       0       0
  249999974                    26                    26             2.7839272E-05         1.0000000E+30                 0       
 NEXT SEEDS: DA7D725       1       0       0       0       0   181CD    3039       0       0
  249999975                    25                    25             2.7839272E-05         1.0000000E+30                 0       
 NEXT SEEDS: DA7D729       1       0       0       0       0   181CD    3039       0       0
  249999976                    24                    24             2.7839272E-05         1.0000000E+30                 0       
 NEXT SEEDS: DA7D72D       1       0       0       0       0   181CD    3039       0       0
  249999977                    23                    23             2.7839272E-05         1.0000000E+30                 0       
 NEXT SEEDS: DA7D731       1       0       0       0       0   181CD    3039       0       0
  249999978                    22                    22             2.7839272E-05         1.0000000E+30                 0       
 NEXT SEEDS: DA7D735       1       0       0       0       0   181CD    3039       0       0
  249999979                    21                    21             2.7839272E-05         1.0000000E+30                 0       
 NEXT SEEDS: DA7D739       1       0       0       0       0   181CD    3039       0       0
  249999980                    20                    20             2.7839273E-05         1.0000000E+30                 0       
 NEXT SEEDS: DA7D73D       1       0       0       0       0   181CD    3039       0       0
  249999981                    19                    19             2.7839273E-05         1.0000000E+30                 0       
 NEXT SEEDS: DA7D741       1       0       0       0       0   181CD    3039       0       0
  249999982                    18                    18             2.7839273E-05         1.0000000E+30                 0       
 NEXT SEEDS: DA7D745       1       0       0       0       0   181CD    3039       0       0
  249999983                    17                    17             2.7839275E-05         1.0000000E+30                 0       
 NEXT SEEDS: DA7D74B       1       0       0       0       0   181CD    3039       0       0
  249999984                    16                    16             2.7839275E-05         1.0000000E+30                 0       
 NEXT SEEDS: DA7D74F       1       0       0       0       0   181CD    3039       0       0
  249999985                    15                    15             2.7839275E-05         1.0000000E+30                 0       
 NEXT SEEDS: DA7D753       1       0       0       0       0   181CD    3039       0       0
  249999986                    14                    14             2.7839275E-05         1.0000000E+30                 0       
 NEXT SEEDS: DA7D757       1       0       0       0       0   181CD    3039       0       0
  249999987                    13                    13             2.7839275E-05         1.0000000E+30                 0       
 NEXT SEEDS: DA7D75B       1       0       0       0       0   181CD    3039       0       0
  249999988                    12                    12             2.7839274E-05         1.0000000E+30                 0       
 NEXT SEEDS: DA7D75F       1       0       0       0       0   181CD    3039       0       0
  249999989                    11                    11             2.7839274E-05         1.0000000E+30                 0       
 NEXT SEEDS: DA7D763       1       0       0       0       0   181CD    3039       0       0
  249999990                    10                    10             2.7839276E-05         1.0000000E+30                 0       
 NEXT SEEDS: DA7D767       1       0       0       0       0   181CD    3039       0       0
  249999991                     9                     9             2.7839276E-05         1.0000000E+30                 0       
 NEXT SEEDS: DA7D76B       1       0       0       0       0   181CD    3039       0       0
  249999992                     8                     8             2.7839276E-05         1.0000000E+30                 0       
 NEXT SEEDS: DA7D76F       1       0       0       0       0   181CD    3039       0       0
  249999993                     7                     7             2.7839278E-05         1.0000000E+30                 0       
 NEXT SEEDS: DA7D773       1       0       0       0       0   181CD    3039       0       0
  249999994                     6                     6             2.7839278E-05         1.0000000E+30                 0       
 NEXT SEEDS: DA7D777       1       0       0       0       0   181CD    3039       0       0
  249999995                     5                     5             2.7839280E-05         1.0000000E+30                 0       
 NEXT SEEDS: DA7D77D       1       0       0       0       0   181CD    3039       0       0
  249999996                     4                     4             2.7839279E-05         1.0000000E+30                 0       
 NEXT SEEDS: DA7D781       1       0       0       0       0   181CD    3039       0       0
  249999997                     3                     3             2.7839279E-05         1.0000000E+30                 0       
 NEXT SEEDS: DA7D785       1       0       0       0       0   181CD    3039       0       0
  249999998                     2                     2             2.7839283E-05         1.0000000E+30                 0       
 NEXT SEEDS: DA7D7AA       1       0       0       0       0   181CD    3039       0       0
  249999999                     1                     1             2.7839283E-05         1.0000000E+30                 0       
 NEXT SEEDS: DA7D7AE       1       0       0       0       0   181CD    3039       0       0
  250000000                     0                     1             2.7839283E-05         1.0000000E+30                 0       
 NEXT SEEDS: DA7D7B2       1       0       0       0       0   181CD    3039       0       0
