1NUMBER OF BEAM       NUMBER OF BEAM        APPROXIMATE NUMBER    AVERAGE TIME USED     TIME LEFT (RESERVED   NUMBER OF STARS
 PARTICLES HANDLED    PARTICLES LEFT        OF BEAM PARTICLES     BY A BEAM PARTICLE     10000.0 SECONDS      CREATED
                                            THAT CAN STILL BE                           FOR PRINTOUT)
                                            HANDLED

 NEXT SEEDS:       0       0       0       0       0       0   181CD    3039       0       0
          1             249999999             249999999             7.7009201E-05         1.0000000E+30                 0       
 NEXT SEEDS:       4       0       0       0       0       0   181CD    3039       0       0
    5000000             245000000             245000000             2.7236801E-05         1.0000000E+30                 0       
 NEXT SEEDS: 176FF20       0       0       0       0       0   181CD    3039       0       0
   10000000             240000000             240000000             2.7274750E-05         1.0000000E+30                 0       
 NEXT SEEDS: 2EDF4F9       0       0       0       0       0   181CD    3039       0       0
   15000000             235000000             235000000             2.7290855E-05         1.0000000E+30                 0       
 NEXT SEEDS: 465350E       0       0       0       0       0   181CD    3039       0       0
   20000000             230000000             230000000             2.7283398E-05         1.0000000E+30                 0       
 NEXT SEEDS: 5DC390A       0       0       0       0       0   181CD    3039       0       0
   25000000             225000000             225000000             2.7284248E-05         1.0000000E+30                 0       
 NEXT SEEDS: 7534C7E       0       0       0       0       0   181CD    3039       0       0
   30000000             220000000             220000000             2.7279083E-05         1.0000000E+30                 0       
 NEXT SEEDS: 8CA90BD       0       0       0       0       0   181CD    3039       0       0
   35000000             215000000             215000000             2.7275147E-05         1.0000000E+30                 0       
 NEXT SEEDS: A418B79       0       0       0       0       0   181CD    3039       0       0
   40000000             210000000             210000000             2.7273357E-05         1.0000000E+30                 0       
 NEXT SEEDS: BB8A180       0       0       0       0       0   181CD    3039       0       0
   45000000             205000000             205000000             2.7275050E-05         1.0000000E+30                 0       
 NEXT SEEDS: D2FE7B1       0       0       0       0       0   181CD    3039       0       0
  Oepsmp-> sampling gave unphysical tail: Z=           1  shell=           1  Function=           3
  Oepsmp: p_sampled/(alpha x elmass)=   12.939999581151502       p_max/(alpha x elmass)=   10.699999999999999     
   50000000             200000000             200000000             2.7276146E-05         1.0000000E+30                 0       
 NEXT SEEDS: EA6FE62       0       0       0       0       0   181CD    3039       0       0
   55000000             195000000             195000000             2.7275294E-05         1.0000000E+30                 0       
 NEXT SEEDS:101E01A9       0       0       0       0       0   181CD    3039       0       0
   60000000             190000000             190000000             2.7270899E-05         1.0000000E+30                 0       
 NEXT SEEDS:119510E2       0       0       0       0       0   181CD    3039       0       0
   65000000             185000000             185000000             2.7268845E-05         1.0000000E+30                 0       
 NEXT SEEDS:130C1F55       0       0       0       0       0   181CD    3039       0       0
   70000000             180000000             180000000             2.7263519E-05         1.0000000E+30                 0       
 NEXT SEEDS:1482FA31       0       0       0       0       0   181CD    3039       0       0
   75000000             175000000             175000000             2.7262603E-05         1.0000000E+30                 0       
 NEXT SEEDS:15FA1D3E       0       0       0       0       0   181CD    3039       0       0
   80000000             170000000             170000000             2.7258329E-05         1.0000000E+30                 0       
 NEXT SEEDS:177116AE       0       0       0       0       0   181CD    3039       0       0
  *** Emfgeo: Ncoun  2000000000
   85000000             165000000             165000000             2.7255326E-05         1.0000000E+30                 0       
 NEXT SEEDS:18E82553       0       0       0       0       0   181CD    3039       0       0
   90000000             160000000             160000000             2.7254295E-05         1.0000000E+30                 0       
 NEXT SEEDS:1A5F3EE3       0       0       0       0       0   181CD    3039       0       0
   95000000             155000000             155000000             2.7254583E-05         1.0000000E+30                 0       
 NEXT SEEDS:1BD65B0D       0       0       0       0       0   181CD    3039       0       0
  100000000             150000000             150000000             2.7254800E-05         1.0000000E+30                 0       
 NEXT SEEDS:1D4DA283       0       0       0       0       0   181CD    3039       0       0
  105000000             145000000             145000000             2.7253586E-05         1.0000000E+30                 0       
 NEXT SEEDS:1EC4BA64       0       0       0       0       0   181CD    3039       0       0
  110000000             140000000             140000000             2.7252076E-05         1.0000000E+30                 0       
 NEXT SEEDS:203BC89C       0       0       0       0       0   181CD    3039       0       0
  115000000             135000000             135000000             2.7252098E-05         1.0000000E+30                 0       
 NEXT SEEDS:21B3013A       0       0       0       0       0   181CD    3039       0       0
  120000000             130000000             130000000             2.7248171E-05         1.0000000E+30                 0       
 NEXT SEEDS:2329FAD5       0       0       0       0       0   181CD    3039       0       0
  125000000             125000000             125000000             2.7247084E-05         1.0000000E+30                 0       
 NEXT SEEDS:24A11036       0       0       0       0       0   181CD    3039       0       0
  130000000             120000000             120000000             2.7248286E-05         1.0000000E+30                 0       
 NEXT SEEDS:26182878       0       0       0       0       0   181CD    3039       0       0
  135000000             115000000             115000000             2.7248121E-05         1.0000000E+30                 0       
 NEXT SEEDS:278F5F5F       0       0       0       0       0   181CD    3039       0       0
  140000000             110000000             110000000             2.7246577E-05         1.0000000E+30                 0       
 NEXT SEEDS:29065DA0       0       0       0       0       0   181CD    3039       0       0
  145000000             105000000             105000000             2.7246609E-05         1.0000000E+30                 0       
 NEXT SEEDS:2A7D7CED       0       0       0       0       0   181CD    3039       0       0
  150000000             100000000             100000000             2.7245126E-05         1.0000000E+30                 0       
 NEXT SEEDS:2BF465C9       0       0       0       0       0   181CD    3039       0       0
  155000000              95000000              95000000             2.7246031E-05         1.0000000E+30                 0       
 NEXT SEEDS:2D6B6E2D       0       0       0       0       0   181CD    3039       0       0
  160000000              90000000              90000000             2.7245856E-05         1.0000000E+30                 0       
 NEXT SEEDS:2EE27A2B       0       0       0       0       0   181CD    3039       0       0
  *** Emfgeo: Ncoun  2000000000
  165000000              85000000              85000000             2.7245254E-05         1.0000000E+30                 0       
 NEXT SEEDS:30597074       0       0       0       0       0   181CD    3039       0       0
  170000000              80000000              80000000             2.7245474E-05         1.0000000E+30                 0       
 NEXT SEEDS:31D073CA       0       0       0       0       0   181CD    3039       0       0
  175000000              75000000              75000000             2.7245745E-05         1.0000000E+30                 0       
 NEXT SEEDS:3347B965       0       0       0       0       0   181CD    3039       0       0
  180000000              70000000              70000000             2.7248226E-05         1.0000000E+30                 0       
 NEXT SEEDS:34BF3BD6       0       0       0       0       0   181CD    3039       0       0
  185000000              65000000              65000000             2.7248198E-05         1.0000000E+30                 0       
 NEXT SEEDS:363666DA       0       0       0       0       0   181CD    3039       0       0
  190000000              60000000              60000000             2.7249412E-05         1.0000000E+30                 0       
 NEXT SEEDS:37ADDF10       0       0       0       0       0   181CD    3039       0       0
  195000000              55000000              55000000             2.7249004E-05         1.0000000E+30                 0       
 NEXT SEEDS:3924E214       0       0       0       0       0   181CD    3039       0       0
  200000000              50000000              50000000             2.7248963E-05         1.0000000E+30                 0       
 NEXT SEEDS:3A9C0F35       0       0       0       0       0   181CD    3039       0       0
  205000000              45000000              45000000             2.7249653E-05         1.0000000E+30                 0       
 NEXT SEEDS:  7856F5       1       0       0       0       0   181CD    3039       0       0
  210000000              40000000              40000000             2.7250400E-05         1.0000000E+30                 0       
 NEXT SEEDS: 1EF7F48       1       0       0       0       0   181CD    3039       0       0
  215000000              35000000              35000000             2.7250816E-05         1.0000000E+30                 0       
 NEXT SEEDS: 3667247       1       0       0       0       0   181CD    3039       0       0
  220000000              30000000              30000000             2.7251256E-05         1.0000000E+30                 0       
 NEXT SEEDS: 4DDF06B       1       0       0       0       0   181CD    3039       0       0
  225000000              25000000              25000000             2.7250215E-05         1.0000000E+30                 0       
 NEXT SEEDS: 6551792       1       0       0       0       0   181CD    3039       0       0
  230000000              20000000              20000000             2.7249166E-05         1.0000000E+30                 0       
 NEXT SEEDS: 7CBD8D8       1       0       0       0       0   181CD    3039       0       0
  235000000              15000000              15000000             2.7250040E-05         1.0000000E+30                 0       
 NEXT SEEDS: 942F8B5       1       0       0       0       0   181CD    3039       0       0
  240000000              10000000              10000000             2.7250499E-05         1.0000000E+30                 0       
 NEXT SEEDS: ABA1CB6       1       0       0       0       0   181CD    3039       0       0
  *** Emfgeo: Ncoun  2000000000
  245000000               5000000               5000000             2.7250997E-05         1.0000000E+30                 0       
 NEXT SEEDS: C313202       1       0       0       0       0   181CD    3039       0       0
  249999950                    50                    50             2.7251824E-05         1.0000000E+30                 0       
 NEXT SEEDS: DA87D50       1       0       0       0       0   181CD    3039       0       0
  249999951                    49                    49             2.7251826E-05         1.0000000E+30                 0       
 NEXT SEEDS: DA87D54       1       0       0       0       0   181CD    3039       0       0
  249999952                    48                    48             2.7251826E-05         1.0000000E+30                 0       
 NEXT SEEDS: DA87D58       1       0       0       0       0   181CD    3039       0       0
  249999953                    47                    47             2.7251828E-05         1.0000000E+30                 0       
 NEXT SEEDS: DA87D5C       1       0       0       0       0   181CD    3039       0       0
  249999954                    46                    46             2.7251828E-05         1.0000000E+30                 0       
 NEXT SEEDS: DA87D60       1       0       0       0       0   181CD    3039       0       0
  249999955                    45                    45             2.7251827E-05         1.0000000E+30                 0       
 NEXT SEEDS: DA87D64       1       0       0       0       0   181CD    3039       0       0
  249999956                    44                    44             2.7251829E-05         1.0000000E+30                 0       
 NEXT SEEDS: DA87D68       1       0       0       0       0   181CD    3039       0       0
  249999957                    43                    43             2.7251829E-05         1.0000000E+30                 0       
 NEXT SEEDS: DA87D6C       1       0       0       0       0   181CD    3039       0       0
  249999958                    42                    42             2.7251829E-05         1.0000000E+30                 0       
 NEXT SEEDS: DA87D70       1       0       0       0       0   181CD    3039       0       0
  249999959                    41                    41             2.7251829E-05         1.0000000E+30                 0       
 NEXT SEEDS: DA87D74       1       0       0       0       0   181CD    3039       0       0
  249999960                    40                    40             2.7251829E-05         1.0000000E+30                 0       
 NEXT SEEDS: DA87D78       1       0       0       0       0   181CD    3039       0       0
  249999961                    39                    39             2.7251829E-05         1.0000000E+30                 0       
 NEXT SEEDS: DA87D7C       1       0       0       0       0   181CD    3039       0       0
  249999962                    38                    38             2.7251829E-05         1.0000000E+30                 0       
 NEXT SEEDS: DA87D80       1       0       0       0       0   181CD    3039       0       0
  249999963                    37                    37             2.7251828E-05         1.0000000E+30                 0       
 NEXT SEEDS: DA87D84       1       0       0       0       0   181CD    3039       0       0
  249999964                    36                    36             2.7251828E-05         1.0000000E+30                 0       
 NEXT SEEDS: DA87D88       1       0       0       0       0   181CD    3039       0       0
  249999965                    35                    35             2.7251828E-05         1.0000000E+30                 0       
 NEXT SEEDS: DA87D8C       1       0       0       0       0   181CD    3039       0       0
  249999966                    34                    34             2.7251828E-05         1.0000000E+30                 0       
 NEXT SEEDS: DA87D90       1       0       0       0       0   181CD    3039       0       0
  249999967                    33                    33             2.7251828E-05         1.0000000E+30                 0       
 NEXT SEEDS: DA87D94       1       0       0       0       0   181CD    3039       0       0
  249999968                    32                    32             2.7251828E-05         1.0000000E+30                 0       
 NEXT SEEDS: DA87D98       1       0       0       0       0   181CD    3039       0       0
  249999969                    31                    31             2.7251828E-05         1.0000000E+30                 0       
 NEXT SEEDS: DA87D9C       1       0       0       0       0   181CD    3039       0       0
  249999970                    30                    30             2.7251828E-05         1.0000000E+30                 0       
 NEXT SEEDS: DA87DA2       1       0       0       0       0   181CD    3039       0       0
  249999971                    29                    29             2.7251828E-05         1.0000000E+30                 0       
 NEXT SEEDS: DA87DA8       1       0       0       0       0   181CD    3039       0       0
  249999972                    28                    28             2.7251828E-05         1.0000000E+30                 0       
 NEXT SEEDS: DA87DAC       1       0       0       0       0   181CD    3039       0       0
  249999973                    27                    27             2.7251827E-05         1.0000000E+30                 0       
 NEXT SEEDS: DA87DB0       1       0       0       0       0   181CD    3039       0       0
  249999974                    26                    26             2.7251827E-05         1.0000000E+30                 0       
 NEXT SEEDS: DA87DB4       1       0       0       0       0   181CD    3039       0       0
  249999975                    25                    25             2.7251827E-05         1.0000000E+30                 0       
 NEXT SEEDS: DA87DBA       1       0       0       0       0   181CD    3039       0       0
  249999976                    24                    24             2.7251827E-05         1.0000000E+30                 0       
 NEXT SEEDS: DA87DBE       1       0       0       0       0   181CD    3039       0       0
  249999977                    23                    23             2.7251827E-05         1.0000000E+30                 0       
 NEXT SEEDS: DA87DC2       1       0       0       0       0   181CD    3039       0       0
  249999978                    22                    22             2.7251827E-05         1.0000000E+30                 0       
 NEXT SEEDS: DA87DC6       1       0       0       0       0   181CD    3039       0       0
  249999979                    21                    21             2.7251827E-05         1.0000000E+30                 0       
 NEXT SEEDS: DA87DCA       1       0       0       0       0   181CD    3039       0       0
  249999980                    20                    20             2.7251827E-05         1.0000000E+30                 0       
 NEXT SEEDS: DA87DCE       1       0       0       0       0   181CD    3039       0       0
  249999981                    19                    19             2.7251827E-05         1.0000000E+30                 0       
 NEXT SEEDS: DA87DE2       1       0       0       0       0   181CD    3039       0       0
  249999982                    18                    18             2.7251826E-05         1.0000000E+30                 0       
 NEXT SEEDS: DA87DE6       1       0       0       0       0   181CD    3039       0       0
  249999983                    17                    17             2.7251826E-05         1.0000000E+30                 0       
 NEXT SEEDS: DA87DEA       1       0       0       0       0   181CD    3039       0       0
  249999984                    16                    16             2.7251826E-05         1.0000000E+30                 0       
 NEXT SEEDS: DA87DFE       1       0       0       0       0   181CD    3039       0       0
  249999985                    15                    15             2.7251826E-05         1.0000000E+30                 0       
 NEXT SEEDS: DA87E02       1       0       0       0       0   181CD    3039       0       0
  249999986                    14                    14             2.7251826E-05         1.0000000E+30                 0       
 NEXT SEEDS: DA87E06       1       0       0       0       0   181CD    3039       0       0
  249999987                    13                    13             2.7251826E-05         1.0000000E+30                 0       
 NEXT SEEDS: DA87E0A       1       0       0       0       0   181CD    3039       0       0
  249999988                    12                    12             2.7251826E-05         1.0000000E+30                 0       
 NEXT SEEDS: DA87E0E       1       0       0       0       0   181CD    3039       0       0
  249999989                    11                    11             2.7251826E-05         1.0000000E+30                 0       
 NEXT SEEDS: DA87E12       1       0       0       0       0   181CD    3039       0       0
  249999990                    10                    10             2.7251826E-05         1.0000000E+30                 0       
 NEXT SEEDS: DA87E16       1       0       0       0       0   181CD    3039       0       0
  249999991                     9                     9             2.7251825E-05         1.0000000E+30                 0       
 NEXT SEEDS: DA87E2A       1       0       0       0       0   181CD    3039       0       0
  249999992                     8                     8             2.7251825E-05         1.0000000E+30                 0       
 NEXT SEEDS: DA87E2E       1       0       0       0       0   181CD    3039       0       0
  249999993                     7                     7             2.7251825E-05         1.0000000E+30                 0       
 NEXT SEEDS: DA87E32       1       0       0       0       0   181CD    3039       0       0
  249999994                     6                     6             2.7251825E-05         1.0000000E+30                 0       
 NEXT SEEDS: DA87E36       1       0       0       0       0   181CD    3039       0       0
  249999995                     5                     5             2.7251825E-05         1.0000000E+30                 0       
 NEXT SEEDS: DA87E3A       1       0       0       0       0   181CD    3039       0       0
  249999996                     4                     4             2.7251825E-05         1.0000000E+30                 0       
 NEXT SEEDS: DA87E3E       1       0       0       0       0   181CD    3039       0       0
  249999997                     3                     3             2.7251827E-05         1.0000000E+30                 0       
 NEXT SEEDS: DA87E42       1       0       0       0       0   181CD    3039       0       0
  249999998                     2                     2             2.7251827E-05         1.0000000E+30                 0       
 NEXT SEEDS: DA87E46       1       0       0       0       0   181CD    3039       0       0
  249999999                     1                     1             2.7251828E-05         1.0000000E+30                 0       
 NEXT SEEDS: DA87E4A       1       0       0       0       0   181CD    3039       0       0
  250000000                     0                     1             2.7251828E-05         1.0000000E+30                 0       
 NEXT SEEDS: DA87E4E       1       0       0       0       0   181CD    3039       0       0
