1NUMBER OF BEAM       NUMBER OF BEAM        APPROXIMATE NUMBER    AVERAGE TIME USED     TIME LEFT (RESERVED   NUMBER OF STARS
 PARTICLES HANDLED    PARTICLES LEFT        OF BEAM PARTICLES     BY A BEAM PARTICLE     10000.0 SECONDS      CREATED
                                            THAT CAN STILL BE                           FOR PRINTOUT)
                                            HANDLED

 NEXT SEEDS:       0       0       0       0       0       0   181CD    3039       0       0
          1             249999999             249999999             8.5115433E-05         1.0000000E+30                 0       
 NEXT SEEDS:       4       0       0       0       0       0   181CD    3039       0       0
    5000000             245000000             245000000             2.7577839E-05         1.0000000E+30                 0       
 NEXT SEEDS: 1773FAC       0       0       0       0       0   181CD    3039       0       0
   10000000             240000000             240000000             2.7412502E-05         1.0000000E+30                 0       
 NEXT SEEDS: 2EE3929       0       0       0       0       0   181CD    3039       0       0
   15000000             235000000             235000000             2.7301802E-05         1.0000000E+30                 0       
 NEXT SEEDS: 4655A4C       0       0       0       0       0   181CD    3039       0       0
   20000000             230000000             230000000             2.7237972E-05         1.0000000E+30                 0       
 NEXT SEEDS: 5DC4BAD       0       0       0       0       0   181CD    3039       0       0
   25000000             225000000             225000000             2.7196364E-05         1.0000000E+30                 0       
 NEXT SEEDS: 7531FCE       0       0       0       0       0   181CD    3039       0       0
   30000000             220000000             220000000             2.7174582E-05         1.0000000E+30                 0       
 NEXT SEEDS: 8CA208B       0       0       0       0       0   181CD    3039       0       0
   35000000             215000000             215000000             2.7166582E-05         1.0000000E+30                 0       
 NEXT SEEDS: A4116BE       0       0       0       0       0   181CD    3039       0       0
   40000000             210000000             210000000             2.7187910E-05         1.0000000E+30                 0       
 NEXT SEEDS: BB8000F       0       0       0       0       0   181CD    3039       0       0
   45000000             205000000             205000000             2.7203636E-05         1.0000000E+30                 0       
 NEXT SEEDS: D2F287B       0       0       0       0       0   181CD    3039       0       0
   50000000             200000000             200000000             2.7193009E-05         1.0000000E+30                 0       
 NEXT SEEDS: EA674CB       0       0       0       0       0   181CD    3039       0       0
   55000000             195000000             195000000             2.7202602E-05         1.0000000E+30                 0       
 NEXT SEEDS:101DBBD8       0       0       0       0       0   181CD    3039       0       0
   60000000             190000000             190000000             2.7191741E-05         1.0000000E+30                 0       
 NEXT SEEDS:11949A8A       0       0       0       0       0   181CD    3039       0       0
   65000000             185000000             185000000             2.7183003E-05         1.0000000E+30                 0       
 NEXT SEEDS:130B8742       0       0       0       0       0   181CD    3039       0       0
   70000000             180000000             180000000             2.7177960E-05         1.0000000E+30                 0       
 NEXT SEEDS:148285E2       0       0       0       0       0   181CD    3039       0       0
   75000000             175000000             175000000             2.7172453E-05         1.0000000E+30                 0       
 NEXT SEEDS:15F970A9       0       0       0       0       0   181CD    3039       0       0
   80000000             170000000             170000000             2.7164501E-05         1.0000000E+30                 0       
 NEXT SEEDS:17705A3D       0       0       0       0       0   181CD    3039       0       0
  *** Emfgeo: Ncoun  2000000000
   85000000             165000000             165000000             2.7157042E-05         1.0000000E+30                 0       
 NEXT SEEDS:18E73A33       0       0       0       0       0   181CD    3039       0       0
   90000000             160000000             160000000             2.7153306E-05         1.0000000E+30                 0       
 NEXT SEEDS:1A5E1D5C       0       0       0       0       0   181CD    3039       0       0
   95000000             155000000             155000000             2.7149801E-05         1.0000000E+30                 0       
 NEXT SEEDS:1BD4D7AC       0       0       0       0       0   181CD    3039       0       0
  100000000             150000000             150000000             2.7147321E-05         1.0000000E+30                 0       
 NEXT SEEDS:1D4BD1ED       0       0       0       0       0   181CD    3039       0       0
  105000000             145000000             145000000             2.7149834E-05         1.0000000E+30                 0       
 NEXT SEEDS:1EC2FEB8       0       0       0       0       0   181CD    3039       0       0
  110000000             140000000             140000000             2.7145483E-05         1.0000000E+30                 0       
 NEXT SEEDS:2039F1AF       0       0       0       0       0   181CD    3039       0       0
  115000000             135000000             135000000             2.7142747E-05         1.0000000E+30                 0       
 NEXT SEEDS:21B120C6       0       0       0       0       0   181CD    3039       0       0
  120000000             130000000             130000000             2.7137996E-05         1.0000000E+30                 0       
 NEXT SEEDS:2327DFC2       0       0       0       0       0   181CD    3039       0       0
  125000000             125000000             125000000             2.7136525E-05         1.0000000E+30                 0       
 NEXT SEEDS:249F0546       0       0       0       0       0   181CD    3039       0       0
  130000000             120000000             120000000             2.7135039E-05         1.0000000E+30                 0       
 NEXT SEEDS:2616429C       0       0       0       0       0   181CD    3039       0       0
  135000000             115000000             115000000             2.7132076E-05         1.0000000E+30                 0       
 NEXT SEEDS:278D3AC9       0       0       0       0       0   181CD    3039       0       0
  140000000             110000000             110000000             2.7129731E-05         1.0000000E+30                 0       
 NEXT SEEDS:29045E73       0       0       0       0       0   181CD    3039       0       0
  145000000             105000000             105000000             2.7128768E-05         1.0000000E+30                 0       
 NEXT SEEDS:2A7B3E2B       0       0       0       0       0   181CD    3039       0       0
  150000000             100000000             100000000             2.7125190E-05         1.0000000E+30                 0       
 NEXT SEEDS:2BF2385C       0       0       0       0       0   181CD    3039       0       0
  155000000              95000000              95000000             2.7123900E-05         1.0000000E+30                 0       
 NEXT SEEDS:2D6951D1       0       0       0       0       0   181CD    3039       0       0
  160000000              90000000              90000000             2.7123962E-05         1.0000000E+30                 0       
 NEXT SEEDS:2EE088F6       0       0       0       0       0   181CD    3039       0       0
  *** Emfgeo: Ncoun  2000000000
  165000000              85000000              85000000             2.7121357E-05         1.0000000E+30                 0       
 NEXT SEEDS:30577A26       0       0       0       0       0   181CD    3039       0       0
  170000000              80000000              80000000             2.7122004E-05         1.0000000E+30                 0       
 NEXT SEEDS:31CEB4F9       0       0       0       0       0   181CD    3039       0       0
  175000000              75000000              75000000             2.7120203E-05         1.0000000E+30                 0       
 NEXT SEEDS:3345AEFE       0       0       0       0       0   181CD    3039       0       0
  180000000              70000000              70000000             2.7120480E-05         1.0000000E+30                 0       
 NEXT SEEDS:34BCE70F       0       0       0       0       0   181CD    3039       0       0
  185000000              65000000              65000000             2.7119586E-05         1.0000000E+30                 0       
 NEXT SEEDS:36339F96       0       0       0       0       0   181CD    3039       0       0
  190000000              60000000              60000000             2.7117727E-05         1.0000000E+30                 0       
 NEXT SEEDS:37AA769A       0       0       0       0       0   181CD    3039       0       0
  195000000              55000000              55000000             2.7117074E-05         1.0000000E+30                 0       
 NEXT SEEDS:39215383       0       0       0       0       0   181CD    3039       0       0
  200000000              50000000              50000000             2.7115581E-05         1.0000000E+30                 0       
 NEXT SEEDS:3A986F1B       0       0       0       0       0   181CD    3039       0       0
  205000000              45000000              45000000             2.7114572E-05         1.0000000E+30                 0       
 NEXT SEEDS:  746774       1       0       0       0       0   181CD    3039       0       0
  210000000              40000000              40000000             2.7113874E-05         1.0000000E+30                 0       
 NEXT SEEDS: 1EB806B       1       0       0       0       0   181CD    3039       0       0
  215000000              35000000              35000000             2.7112713E-05         1.0000000E+30                 0       
 NEXT SEEDS: 362696E       1       0       0       0       0   181CD    3039       0       0
  220000000              30000000              30000000             2.7112016E-05         1.0000000E+30                 0       
 NEXT SEEDS: 4D941D2       1       0       0       0       0   181CD    3039       0       0
  225000000              25000000              25000000             2.7110955E-05         1.0000000E+30                 0       
 NEXT SEEDS: 6504461       1       0       0       0       0   181CD    3039       0       0
  230000000              20000000              20000000             2.7110279E-05         1.0000000E+30                 0       
 NEXT SEEDS: 7C72AEB       1       0       0       0       0   181CD    3039       0       0
  235000000              15000000              15000000             2.7109474E-05         1.0000000E+30                 0       
 NEXT SEEDS: 93E38E4       1       0       0       0       0   181CD    3039       0       0
  240000000              10000000              10000000             2.7109074E-05         1.0000000E+30                 0       
 NEXT SEEDS: AB55914       1       0       0       0       0   181CD    3039       0       0
  *** Emfgeo: Ncoun  2000000000
  245000000               5000000               5000000             2.7108396E-05         1.0000000E+30                 0       
 NEXT SEEDS: C2C8EC6       1       0       0       0       0   181CD    3039       0       0
  249999950                    50                    50             2.7108054E-05         1.0000000E+30                 0       
 NEXT SEEDS: DA38916       1       0       0       0       0   181CD    3039       0       0
  249999951                    49                    49             2.7108054E-05         1.0000000E+30                 0       
 NEXT SEEDS: DA3891A       1       0       0       0       0   181CD    3039       0       0
  249999952                    48                    48             2.7108054E-05         1.0000000E+30                 0       
 NEXT SEEDS: DA3891E       1       0       0       0       0   181CD    3039       0       0
  249999953                    47                    47             2.7108056E-05         1.0000000E+30                 0       
 NEXT SEEDS: DA38922       1       0       0       0       0   181CD    3039       0       0
  249999954                    46                    46             2.7108055E-05         1.0000000E+30                 0       
 NEXT SEEDS: DA38926       1       0       0       0       0   181CD    3039       0       0
  249999955                    45                    45             2.7108055E-05         1.0000000E+30                 0       
 NEXT SEEDS: DA3892A       1       0       0       0       0   181CD    3039       0       0
  249999956                    44                    44             2.7108057E-05         1.0000000E+30                 0       
 NEXT SEEDS: DA3892E       1       0       0       0       0   181CD    3039       0       0
  249999957                    43                    43             2.7108059E-05         1.0000000E+30                 0       
 NEXT SEEDS: DA38934       1       0       0       0       0   181CD    3039       0       0
  249999958                    42                    42             2.7108059E-05         1.0000000E+30                 0       
 NEXT SEEDS: DA38938       1       0       0       0       0   181CD    3039       0       0
  249999959                    41                    41             2.7108059E-05         1.0000000E+30                 0       
 NEXT SEEDS: DA3893C       1       0       0       0       0   181CD    3039       0       0
  249999960                    40                    40             2.7108061E-05         1.0000000E+30                 0       
 NEXT SEEDS: DA38940       1       0       0       0       0   181CD    3039       0       0
  249999961                    39                    39             2.7108061E-05         1.0000000E+30                 0       
 NEXT SEEDS: DA38944       1       0       0       0       0   181CD    3039       0       0
  249999962                    38                    38             2.7108060E-05         1.0000000E+30                 0       
 NEXT SEEDS: DA38948       1       0       0       0       0   181CD    3039       0       0
  249999963                    37                    37             2.7108062E-05         1.0000000E+30                 0       
 NEXT SEEDS: DA3894C       1       0       0       0       0   181CD    3039       0       0
  249999964                    36                    36             2.7108062E-05         1.0000000E+30                 0       
 NEXT SEEDS: DA38950       1       0       0       0       0   181CD    3039       0       0
  249999965                    35                    35             2.7108062E-05         1.0000000E+30                 0       
 NEXT SEEDS: DA38954       1       0       0       0       0   181CD    3039       0       0
  249999966                    34                    34             2.7108064E-05         1.0000000E+30                 0       
 NEXT SEEDS: DA38958       1       0       0       0       0   181CD    3039       0       0
  249999967                    33                    33             2.7108064E-05         1.0000000E+30                 0       
 NEXT SEEDS: DA3895C       1       0       0       0       0   181CD    3039       0       0
  249999968                    32                    32             2.7108064E-05         1.0000000E+30                 0       
 NEXT SEEDS: DA38960       1       0       0       0       0   181CD    3039       0       0
  249999969                    31                    31             2.7108066E-05         1.0000000E+30                 0       
 NEXT SEEDS: DA38964       1       0       0       0       0   181CD    3039       0       0
  249999970                    30                    30             2.7108065E-05         1.0000000E+30                 0       
 NEXT SEEDS: DA38968       1       0       0       0       0   181CD    3039       0       0
  249999971                    29                    29             2.7108067E-05         1.0000000E+30                 0       
 NEXT SEEDS: DA3896E       1       0       0       0       0   181CD    3039       0       0
  249999972                    28                    28             2.7108067E-05         1.0000000E+30                 0       
 NEXT SEEDS: DA38972       1       0       0       0       0   181CD    3039       0       0
  249999973                    27                    27             2.7108067E-05         1.0000000E+30                 0       
 NEXT SEEDS: DA38976       1       0       0       0       0   181CD    3039       0       0
  249999974                    26                    26             2.7108069E-05         1.0000000E+30                 0       
 NEXT SEEDS: DA3897A       1       0       0       0       0   181CD    3039       0       0
  249999975                    25                    25             2.7108069E-05         1.0000000E+30                 0       
 NEXT SEEDS: DA38980       1       0       0       0       0   181CD    3039       0       0
  249999976                    24                    24             2.7108069E-05         1.0000000E+30                 0       
 NEXT SEEDS: DA38984       1       0       0       0       0   181CD    3039       0       0
  249999977                    23                    23             2.7108071E-05         1.0000000E+30                 0       
 NEXT SEEDS: DA38988       1       0       0       0       0   181CD    3039       0       0
  249999978                    22                    22             2.7108070E-05         1.0000000E+30                 0       
 NEXT SEEDS: DA3898C       1       0       0       0       0   181CD    3039       0       0
  249999979                    21                    21             2.7108070E-05         1.0000000E+30                 0       
 NEXT SEEDS: DA38990       1       0       0       0       0   181CD    3039       0       0
  249999980                    20                    20             2.7108072E-05         1.0000000E+30                 0       
 NEXT SEEDS: DA38994       1       0       0       0       0   181CD    3039       0       0
  249999981                    19                    19             2.7108072E-05         1.0000000E+30                 0       
 NEXT SEEDS: DA3899A       1       0       0       0       0   181CD    3039       0       0
  249999982                    18                    18             2.7108074E-05         1.0000000E+30                 0       
 NEXT SEEDS: DA3899E       1       0       0       0       0   181CD    3039       0       0
  249999983                    17                    17             2.7108074E-05         1.0000000E+30                 0       
 NEXT SEEDS: DA389A2       1       0       0       0       0   181CD    3039       0       0
  249999984                    16                    16             2.7108074E-05         1.0000000E+30                 0       
 NEXT SEEDS: DA389A6       1       0       0       0       0   181CD    3039       0       0
  249999985                    15                    15             2.7108076E-05         1.0000000E+30                 0       
 NEXT SEEDS: DA389AA       1       0       0       0       0   181CD    3039       0       0
  249999986                    14                    14             2.7108075E-05         1.0000000E+30                 0       
 NEXT SEEDS: DA389AE       1       0       0       0       0   181CD    3039       0       0
  249999987                    13                    13             2.7108075E-05         1.0000000E+30                 0       
 NEXT SEEDS: DA389B2       1       0       0       0       0   181CD    3039       0       0
  249999988                    12                    12             2.7108077E-05         1.0000000E+30                 0       
 NEXT SEEDS: DA389B6       1       0       0       0       0   181CD    3039       0       0
  249999989                    11                    11             2.7108077E-05         1.0000000E+30                 0       
 NEXT SEEDS: DA389BA       1       0       0       0       0   181CD    3039       0       0
  249999990                    10                    10             2.7108077E-05         1.0000000E+30                 0       
 NEXT SEEDS: DA389BE       1       0       0       0       0   181CD    3039       0       0
  249999991                     9                     9             2.7108079E-05         1.0000000E+30                 0       
 NEXT SEEDS: DA389C2       1       0       0       0       0   181CD    3039       0       0
  249999992                     8                     8             2.7108079E-05         1.0000000E+30                 0       
 NEXT SEEDS: DA389C6       1       0       0       0       0   181CD    3039       0       0
  249999993                     7                     7             2.7108079E-05         1.0000000E+30                 0       
 NEXT SEEDS: DA389CA       1       0       0       0       0   181CD    3039       0       0
  249999994                     6                     6             2.7108078E-05         1.0000000E+30                 0       
 NEXT SEEDS: DA389CE       1       0       0       0       0   181CD    3039       0       0
  249999995                     5                     5             2.7108080E-05         1.0000000E+30                 0       
 NEXT SEEDS: DA389D2       1       0       0       0       0   181CD    3039       0       0
  249999996                     4                     4             2.7108080E-05         1.0000000E+30                 0       
 NEXT SEEDS: DA389D6       1       0       0       0       0   181CD    3039       0       0
  249999997                     3                     3             2.7108080E-05         1.0000000E+30                 0       
 NEXT SEEDS: DA389DA       1       0       0       0       0   181CD    3039       0       0
  249999998                     2                     2             2.7108080E-05         1.0000000E+30                 0       
 NEXT SEEDS: DA389DE       1       0       0       0       0   181CD    3039       0       0
  249999999                     1                     1             2.7108080E-05         1.0000000E+30                 0       
 NEXT SEEDS: DA389E2       1       0       0       0       0   181CD    3039       0       0
  250000000                     0                     1             2.7108080E-05         1.0000000E+30                 0       
 NEXT SEEDS: DA389E6       1       0       0       0       0   181CD    3039       0       0
