1NUMBER OF BEAM       NUMBER OF BEAM        APPROXIMATE NUMBER    AVERAGE TIME USED     TIME LEFT (RESERVED   NUMBER OF STARS
 PARTICLES HANDLED    PARTICLES LEFT        OF BEAM PARTICLES     BY A BEAM PARTICLE     10000.0 SECONDS      CREATED
                                            THAT CAN STILL BE                           FOR PRINTOUT)
                                            HANDLED

 NEXT SEEDS:       0       0       0       0       0       0   181CD    3039       0       0
          1             249999999             249999999             0.0000000E+00         1.0000000E+30                 0       
 NEXT SEEDS:       4       0       0       0       0       0   181CD    3039       0       0
    5000000             245000000             245000000             2.7383349E-05         1.0000000E+30                 0       
 NEXT SEEDS: 177146F       0       0       0       0       0   181CD    3039       0       0
   10000000             240000000             240000000             2.7447352E-05         1.0000000E+30                 0       
 NEXT SEEDS: 2EE2A89       0       0       0       0       0   181CD    3039       0       0
   15000000             235000000             235000000             2.7507720E-05         1.0000000E+30                 0       
 NEXT SEEDS: 4659056       0       0       0       0       0   181CD    3039       0       0
   20000000             230000000             230000000             2.7475896E-05         1.0000000E+30                 0       
 NEXT SEEDS: 5DCA4AA       0       0       0       0       0   181CD    3039       0       0
   25000000             225000000             225000000             2.7434887E-05         1.0000000E+30                 0       
 NEXT SEEDS: 753B429       0       0       0       0       0   181CD    3039       0       0
   30000000             220000000             220000000             2.7404809E-05         1.0000000E+30                 0       
 NEXT SEEDS: 8CACAF0       0       0       0       0       0   181CD    3039       0       0
   35000000             215000000             215000000             2.7372827E-05         1.0000000E+30                 0       
 NEXT SEEDS: A41E76E       0       0       0       0       0   181CD    3039       0       0
   40000000             210000000             210000000             2.7355932E-05         1.0000000E+30                 0       
 NEXT SEEDS: BB92A0C       0       0       0       0       0   181CD    3039       0       0
   45000000             205000000             205000000             2.7359928E-05         1.0000000E+30                 0       
 NEXT SEEDS: D3043DA       0       0       0       0       0   181CD    3039       0       0
   50000000             200000000             200000000             2.7366975E-05         1.0000000E+30                 0       
 NEXT SEEDS: EA750E6       0       0       0       0       0   181CD    3039       0       0
   55000000             195000000             195000000             2.7380457E-05         1.0000000E+30                 0       
 NEXT SEEDS:101E3E62       0       0       0       0       0   181CD    3039       0       0
   60000000             190000000             190000000             2.7365859E-05         1.0000000E+30                 0       
 NEXT SEEDS:1195849C       0       0       0       0       0   181CD    3039       0       0
   65000000             185000000             185000000             2.7381505E-05         1.0000000E+30                 0       
 NEXT SEEDS:130CA6FD       0       0       0       0       0   181CD    3039       0       0
   70000000             180000000             180000000             2.7385430E-05         1.0000000E+30                 0       
 NEXT SEEDS:1483A80F       0       0       0       0       0   181CD    3039       0       0
   75000000             175000000             175000000             2.7373493E-05         1.0000000E+30                 0       
 NEXT SEEDS:15FA9F20       0       0       0       0       0   181CD    3039       0       0
   80000000             170000000             170000000             2.7362662E-05         1.0000000E+30                 0       
 NEXT SEEDS:17718E8A       0       0       0       0       0   181CD    3039       0       0
  *** Emfgeo: Ncoun  2000000000
   85000000             165000000             165000000             2.7352944E-05         1.0000000E+30                 0       
 NEXT SEEDS:18E8E841       0       0       0       0       0   181CD    3039       0       0
   90000000             160000000             160000000             2.7347797E-05         1.0000000E+30                 0       
 NEXT SEEDS:1A600C8A       0       0       0       0       0   181CD    3039       0       0
   95000000             155000000             155000000             2.7342200E-05         1.0000000E+30                 0       
 NEXT SEEDS:1BD7013B       0       0       0       0       0   181CD    3039       0       0
  100000000             150000000             150000000             2.7335776E-05         1.0000000E+30                 0       
 NEXT SEEDS:1D4E34B5       0       0       0       0       0   181CD    3039       0       0
  105000000             145000000             145000000             2.7331794E-05         1.0000000E+30                 0       
 NEXT SEEDS:1EC57AF8       0       0       0       0       0   181CD    3039       0       0
  110000000             140000000             140000000             2.7325253E-05         1.0000000E+30                 0       
 NEXT SEEDS:203C979C       0       0       0       0       0   181CD    3039       0       0
  115000000             135000000             135000000             2.7319034E-05         1.0000000E+30                 0       
 NEXT SEEDS:21B3A286       0       0       0       0       0   181CD    3039       0       0
  120000000             130000000             130000000             2.7314917E-05         1.0000000E+30                 0       
 NEXT SEEDS:232A8044       0       0       0       0       0   181CD    3039       0       0
  125000000             125000000             125000000             2.7310717E-05         1.0000000E+30                 0       
 NEXT SEEDS:24A1984F       0       0       0       0       0   181CD    3039       0       0
  130000000             120000000             120000000             2.7307857E-05         1.0000000E+30                 0       
 NEXT SEEDS:2618A27D       0       0       0       0       0   181CD    3039       0       0
  135000000             115000000             115000000             2.7304396E-05         1.0000000E+30                 0       
 NEXT SEEDS:278FF815       0       0       0       0       0   181CD    3039       0       0
  140000000             110000000             110000000             2.7301060E-05         1.0000000E+30                 0       
 NEXT SEEDS:29070A59       0       0       0       0       0   181CD    3039       0       0
  145000000             105000000             105000000             2.7299291E-05         1.0000000E+30                 0       
 NEXT SEEDS:2A7E2FD7       0       0       0       0       0   181CD    3039       0       0
  150000000             100000000             100000000             2.7296488E-05         1.0000000E+30                 0       
 NEXT SEEDS:2BF53143       0       0       0       0       0   181CD    3039       0       0
  155000000              95000000              95000000             2.7294008E-05         1.0000000E+30                 0       
 NEXT SEEDS:2D6C7E8F       0       0       0       0       0   181CD    3039       0       0
  160000000              90000000              90000000             2.7300601E-05         1.0000000E+30                 0       
 NEXT SEEDS:2EE36C19       0       0       0       0       0   181CD    3039       0       0
  *** Emfgeo: Ncoun  2000000000
  165000000              85000000              85000000             2.7301500E-05         1.0000000E+30                 0       
 NEXT SEEDS:305A8F6D       0       0       0       0       0   181CD    3039       0       0
  170000000              80000000              80000000             2.7300195E-05         1.0000000E+30                 0       
 NEXT SEEDS:31D1C52C       0       0       0       0       0   181CD    3039       0       0
  175000000              75000000              75000000             2.7298968E-05         1.0000000E+30                 0       
 NEXT SEEDS:33490CEB       0       0       0       0       0   181CD    3039       0       0
  180000000              70000000              70000000             2.7298055E-05         1.0000000E+30                 0       
 NEXT SEEDS:34C048E8       0       0       0       0       0   181CD    3039       0       0
  185000000              65000000              65000000             2.7296302E-05         1.0000000E+30                 0       
 NEXT SEEDS:3637B3B8       0       0       0       0       0   181CD    3039       0       0
  190000000              60000000              60000000             2.7294927E-05         1.0000000E+30                 0       
 NEXT SEEDS:37AEF9D7       0       0       0       0       0   181CD    3039       0       0
  195000000              55000000              55000000             2.7299927E-05         1.0000000E+30                 0       
 NEXT SEEDS:3925D58C       0       0       0       0       0   181CD    3039       0       0
  200000000              50000000              50000000             2.7305207E-05         1.0000000E+30                 0       
 NEXT SEEDS:3A9CCDCC       0       0       0       0       0   181CD    3039       0       0
  205000000              45000000              45000000             2.7304363E-05         1.0000000E+30                 0       
 NEXT SEEDS:  791622       1       0       0       0       0   181CD    3039       0       0
  210000000              40000000              40000000             2.7302604E-05         1.0000000E+30                 0       
 NEXT SEEDS: 1F03DC7       1       0       0       0       0   181CD    3039       0       0
  215000000              35000000              35000000             2.7299943E-05         1.0000000E+30                 0       
 NEXT SEEDS: 3672BFE       1       0       0       0       0   181CD    3039       0       0
  220000000              30000000              30000000             2.7297767E-05         1.0000000E+30                 0       
 NEXT SEEDS: 4DE8367       1       0       0       0       0   181CD    3039       0       0
  225000000              25000000              25000000             2.7297274E-05         1.0000000E+30                 0       
 NEXT SEEDS: 655A8CB       1       0       0       0       0   181CD    3039       0       0
  230000000              20000000              20000000             2.7294826E-05         1.0000000E+30                 0       
 NEXT SEEDS: 7CC7AA3       1       0       0       0       0   181CD    3039       0       0
  235000000              15000000              15000000             2.7293345E-05         1.0000000E+30                 0       
 NEXT SEEDS: 9439321       1       0       0       0       0   181CD    3039       0       0
  240000000              10000000              10000000             2.7291868E-05         1.0000000E+30                 0       
 NEXT SEEDS: ABAC372       1       0       0       0       0   181CD    3039       0       0
  *** Emfgeo: Ncoun  2000000000
  245000000               5000000               5000000             2.7290900E-05         1.0000000E+30                 0       
 NEXT SEEDS: C31F3D1       1       0       0       0       0   181CD    3039       0       0
  249999950                    50                    50             2.7289054E-05         1.0000000E+30                 0       
 NEXT SEEDS: DA91BD0       1       0       0       0       0   181CD    3039       0       0
  249999951                    49                    49             2.7289054E-05         1.0000000E+30                 0       
 NEXT SEEDS: DA91BD4       1       0       0       0       0   181CD    3039       0       0
  249999952                    48                    48             2.7289056E-05         1.0000000E+30                 0       
 NEXT SEEDS: DA91BD8       1       0       0       0       0   181CD    3039       0       0
  249999953                    47                    47             2.7289056E-05         1.0000000E+30                 0       
 NEXT SEEDS: DA91BDC       1       0       0       0       0   181CD    3039       0       0
  249999954                    46                    46             2.7289056E-05         1.0000000E+30                 0       
 NEXT SEEDS: DA91BE0       1       0       0       0       0   181CD    3039       0       0
  249999955                    45                    45             2.7289058E-05         1.0000000E+30                 0       
 NEXT SEEDS: DA91BE4       1       0       0       0       0   181CD    3039       0       0
  249999956                    44                    44             2.7289057E-05         1.0000000E+30                 0       
 NEXT SEEDS: DA91BE8       1       0       0       0       0   181CD    3039       0       0
  249999957                    43                    43             2.7289059E-05         1.0000000E+30                 0       
 NEXT SEEDS: DA91BEC       1       0       0       0       0   181CD    3039       0       0
  249999958                    42                    42             2.7289059E-05         1.0000000E+30                 0       
 NEXT SEEDS: DA91BF0       1       0       0       0       0   181CD    3039       0       0
  249999959                    41                    41             2.7289059E-05         1.0000000E+30                 0       
 NEXT SEEDS: DA91BF6       1       0       0       0       0   181CD    3039       0       0
  249999960                    40                    40             2.7289061E-05         1.0000000E+30                 0       
 NEXT SEEDS: DA91C02       1       0       0       0       0   181CD    3039       0       0
  249999961                    39                    39             2.7289063E-05         1.0000000E+30                 0       
 NEXT SEEDS: DA91C08       1       0       0       0       0   181CD    3039       0       0
  249999962                    38                    38             2.7289065E-05         1.0000000E+30                 0       
 NEXT SEEDS: DA91C0C       1       0       0       0       0   181CD    3039       0       0
  249999963                    37                    37             2.7289065E-05         1.0000000E+30                 0       
 NEXT SEEDS: DA91C10       1       0       0       0       0   181CD    3039       0       0
  249999964                    36                    36             2.7289064E-05         1.0000000E+30                 0       
 NEXT SEEDS: DA91C14       1       0       0       0       0   181CD    3039       0       0
  249999965                    35                    35             2.7289066E-05         1.0000000E+30                 0       
 NEXT SEEDS: DA91C18       1       0       0       0       0   181CD    3039       0       0
  249999966                    34                    34             2.7289066E-05         1.0000000E+30                 0       
 NEXT SEEDS: DA91C1C       1       0       0       0       0   181CD    3039       0       0
  249999967                    33                    33             2.7289068E-05         1.0000000E+30                 0       
 NEXT SEEDS: DA91C20       1       0       0       0       0   181CD    3039       0       0
  249999968                    32                    32             2.7289068E-05         1.0000000E+30                 0       
 NEXT SEEDS: DA91C24       1       0       0       0       0   181CD    3039       0       0
  249999969                    31                    31             2.7289068E-05         1.0000000E+30                 0       
 NEXT SEEDS: DA91C28       1       0       0       0       0   181CD    3039       0       0
  249999970                    30                    30             2.7289070E-05         1.0000000E+30                 0       
 NEXT SEEDS: DA91C2C       1       0       0       0       0   181CD    3039       0       0
  249999971                    29                    29             2.7289070E-05         1.0000000E+30                 0       
 NEXT SEEDS: DA91C30       1       0       0       0       0   181CD    3039       0       0
  249999972                    28                    28             2.7289069E-05         1.0000000E+30                 0       
 NEXT SEEDS: DA91C34       1       0       0       0       0   181CD    3039       0       0
  249999973                    27                    27             2.7289071E-05         1.0000000E+30                 0       
 NEXT SEEDS: DA91C38       1       0       0       0       0   181CD    3039       0       0
  249999974                    26                    26             2.7289071E-05         1.0000000E+30                 0       
 NEXT SEEDS: DA91C3C       1       0       0       0       0   181CD    3039       0       0
  249999975                    25                    25             2.7289071E-05         1.0000000E+30                 0       
 NEXT SEEDS: DA91C40       1       0       0       0       0   181CD    3039       0       0
  249999976                    24                    24             2.7289073E-05         1.0000000E+30                 0       
 NEXT SEEDS: DA91C44       1       0       0       0       0   181CD    3039       0       0
  249999977                    23                    23             2.7289073E-05         1.0000000E+30                 0       
 NEXT SEEDS: DA91C48       1       0       0       0       0   181CD    3039       0       0
  249999978                    22                    22             2.7289075E-05         1.0000000E+30                 0       
 NEXT SEEDS: DA91C4C       1       0       0       0       0   181CD    3039       0       0
  249999979                    21                    21             2.7289074E-05         1.0000000E+30                 0       
 NEXT SEEDS: DA91C50       1       0       0       0       0   181CD    3039       0       0
  249999980                    20                    20             2.7289074E-05         1.0000000E+30                 0       
 NEXT SEEDS: DA91C54       1       0       0       0       0   181CD    3039       0       0
  249999981                    19                    19             2.7289074E-05         1.0000000E+30                 0       
 NEXT SEEDS: DA91C58       1       0       0       0       0   181CD    3039       0       0
  249999982                    18                    18             2.7289074E-05         1.0000000E+30                 0       
 NEXT SEEDS: DA91C5C       1       0       0       0       0   181CD    3039       0       0
  249999983                    17                    17             2.7289074E-05         1.0000000E+30                 0       
 NEXT SEEDS: DA91C60       1       0       0       0       0   181CD    3039       0       0
  249999984                    16                    16             2.7289074E-05         1.0000000E+30                 0       
 NEXT SEEDS: DA91C64       1       0       0       0       0   181CD    3039       0       0
  249999985                    15                    15             2.7289074E-05         1.0000000E+30                 0       
 NEXT SEEDS: DA91C68       1       0       0       0       0   181CD    3039       0       0
  249999986                    14                    14             2.7289076E-05         1.0000000E+30                 0       
 NEXT SEEDS: DA91C6C       1       0       0       0       0   181CD    3039       0       0
  249999987                    13                    13             2.7289076E-05         1.0000000E+30                 0       
 NEXT SEEDS: DA91C70       1       0       0       0       0   181CD    3039       0       0
  249999988                    12                    12             2.7289077E-05         1.0000000E+30                 0       
 NEXT SEEDS: DA91C74       1       0       0       0       0   181CD    3039       0       0
  249999989                    11                    11             2.7289077E-05         1.0000000E+30                 0       
 NEXT SEEDS: DA91C78       1       0       0       0       0   181CD    3039       0       0
  249999990                    10                    10             2.7289077E-05         1.0000000E+30                 0       
 NEXT SEEDS: DA91C7C       1       0       0       0       0   181CD    3039       0       0
  249999991                     9                     9             2.7289079E-05         1.0000000E+30                 0       
 NEXT SEEDS: DA91C82       1       0       0       0       0   181CD    3039       0       0
  249999992                     8                     8             2.7289079E-05         1.0000000E+30                 0       
 NEXT SEEDS: DA91C86       1       0       0       0       0   181CD    3039       0       0
  249999993                     7                     7             2.7289081E-05         1.0000000E+30                 0       
 NEXT SEEDS: DA91C8A       1       0       0       0       0   181CD    3039       0       0
  249999994                     6                     6             2.7289081E-05         1.0000000E+30                 0       
 NEXT SEEDS: DA91C8E       1       0       0       0       0   181CD    3039       0       0
  249999995                     5                     5             2.7289083E-05         1.0000000E+30                 0       
 NEXT SEEDS: DA91C92       1       0       0       0       0   181CD    3039       0       0
  249999996                     4                     4             2.7289082E-05         1.0000000E+30                 0       
 NEXT SEEDS: DA91C96       1       0       0       0       0   181CD    3039       0       0
  249999997                     3                     3             2.7289082E-05         1.0000000E+30                 0       
 NEXT SEEDS: DA91C9A       1       0       0       0       0   181CD    3039       0       0
  249999998                     2                     2             2.7289084E-05         1.0000000E+30                 0       
 NEXT SEEDS: DA91C9E       1       0       0       0       0   181CD    3039       0       0
  249999999                     1                     1             2.7289084E-05         1.0000000E+30                 0       
 NEXT SEEDS: DA91CA2       1       0       0       0       0   181CD    3039       0       0
  250000000                     0                     1             2.7289084E-05         1.0000000E+30                 0       
 NEXT SEEDS: DA91CA6       1       0       0       0       0   181CD    3039       0       0
