1NUMBER OF BEAM       NUMBER OF BEAM        APPROXIMATE NUMBER    AVERAGE TIME USED     TIME LEFT (RESERVED   NUMBER OF STARS
 PARTICLES HANDLED    PARTICLES LEFT        OF BEAM PARTICLES     BY A BEAM PARTICLE     10000.0 SECONDS      CREATED
                                            THAT CAN STILL BE                           FOR PRINTOUT)
                                            HANDLED

 NEXT SEEDS:       0       0       0       0       0       0   181CD    3039       0       0
          1             249999999             249999999             7.7009201E-05         1.0000000E+30                 0       
 NEXT SEEDS:       4       0       0       0       0       0   181CD    3039       0       0
    5000000             245000000             245000000             2.6593411E-05         1.0000000E+30                 0       
 NEXT SEEDS: 1770595       0       0       0       0       0   181CD    3039       0       0
   10000000             240000000             240000000             2.6722172E-05         1.0000000E+30                 0       
 NEXT SEEDS: 2EE15EB       0       0       0       0       0   181CD    3039       0       0
   15000000             235000000             235000000             2.6654918E-05         1.0000000E+30                 0       
 NEXT SEEDS: 4654071       0       0       0       0       0   181CD    3039       0       0
   20000000             230000000             230000000             2.6604110E-05         1.0000000E+30                 0       
 NEXT SEEDS: 5DC73C3       0       0       0       0       0   181CD    3039       0       0
   25000000             225000000             225000000             2.6599125E-05         1.0000000E+30                 0       
 NEXT SEEDS: 753B54D       0       0       0       0       0   181CD    3039       0       0
   30000000             220000000             220000000             2.6629009E-05         1.0000000E+30                 0       
 NEXT SEEDS: 8CACF66       0       0       0       0       0   181CD    3039       0       0
   35000000             215000000             215000000             2.6637339E-05         1.0000000E+30                 0       
 NEXT SEEDS: A420631       0       0       0       0       0   181CD    3039       0       0
   40000000             210000000             210000000             2.6626724E-05         1.0000000E+30                 0       
 NEXT SEEDS: BB8FAE9       0       0       0       0       0   181CD    3039       0       0
   45000000             205000000             205000000             2.6617564E-05         1.0000000E+30                 0       
 NEXT SEEDS: D305843       0       0       0       0       0   181CD    3039       0       0
   50000000             200000000             200000000             2.6623635E-05         1.0000000E+30                 0       
 NEXT SEEDS: EA77579       0       0       0       0       0   181CD    3039       0       0
   55000000             195000000             195000000             2.6616439E-05         1.0000000E+30                 0       
 NEXT SEEDS:101E97D0       0       0       0       0       0   181CD    3039       0       0
   60000000             190000000             190000000             2.6612630E-05         1.0000000E+30                 0       
 NEXT SEEDS:1195B502       0       0       0       0       0   181CD    3039       0       0
   65000000             185000000             185000000             2.6606526E-05         1.0000000E+30                 0       
 NEXT SEEDS:130CB0C2       0       0       0       0       0   181CD    3039       0       0
   70000000             180000000             180000000             2.6596182E-05         1.0000000E+30                 0       
 NEXT SEEDS:14838225       0       0       0       0       0   181CD    3039       0       0
   75000000             175000000             175000000             2.6590163E-05         1.0000000E+30                 0       
 NEXT SEEDS:15FAAAB2       0       0       0       0       0   181CD    3039       0       0
   80000000             170000000             170000000             2.6587161E-05         1.0000000E+30                 0       
 NEXT SEEDS:1771CB4E       0       0       0       0       0   181CD    3039       0       0
  *** Emfgeo: Ncoun  2000000000
   85000000             165000000             165000000             2.6585989E-05         1.0000000E+30                 0       
 NEXT SEEDS:18E8DF9C       0       0       0       0       0   181CD    3039       0       0
   90000000             160000000             160000000             2.6584901E-05         1.0000000E+30                 0       
 NEXT SEEDS:1A60310D       0       0       0       0       0   181CD    3039       0       0
   95000000             155000000             155000000             2.6583915E-05         1.0000000E+30                 0       
 NEXT SEEDS:1BD730C9       0       0       0       0       0   181CD    3039       0       0
  100000000             150000000             150000000             2.6581081E-05         1.0000000E+30                 0       
 NEXT SEEDS:1D4E87BE       0       0       0       0       0   181CD    3039       0       0
  105000000             145000000             145000000             2.6576713E-05         1.0000000E+30                 0       
 NEXT SEEDS:1EC59642       0       0       0       0       0   181CD    3039       0       0
  110000000             140000000             140000000             2.6573286E-05         1.0000000E+30                 0       
 NEXT SEEDS:203CC960       0       0       0       0       0   181CD    3039       0       0
  115000000             135000000             135000000             2.6573883E-05         1.0000000E+30                 0       
 NEXT SEEDS:21B40364       0       0       0       0       0   181CD    3039       0       0
  120000000             130000000             130000000             2.6568298E-05         1.0000000E+30                 0       
 NEXT SEEDS:232AE54B       0       0       0       0       0   181CD    3039       0       0
  125000000             125000000             125000000             2.6563892E-05         1.0000000E+30                 0       
 NEXT SEEDS:24A1CB02       0       0       0       0       0   181CD    3039       0       0
  130000000             120000000             120000000             2.6564534E-05         1.0000000E+30                 0       
 NEXT SEEDS:2618B5BE       0       0       0       0       0   181CD    3039       0       0
  135000000             115000000             115000000             2.6563684E-05         1.0000000E+30                 0       
 NEXT SEEDS:278FAB79       0       0       0       0       0   181CD    3039       0       0
  140000000             110000000             110000000             2.6563370E-05         1.0000000E+30                 0       
 NEXT SEEDS:2906AE44       0       0       0       0       0   181CD    3039       0       0
  145000000             105000000             105000000             2.6562985E-05         1.0000000E+30                 0       
 NEXT SEEDS:2A7DC659       0       0       0       0       0   181CD    3039       0       0
  150000000             100000000             100000000             2.6560159E-05         1.0000000E+30                 0       
 NEXT SEEDS:2BF4F8D2       0       0       0       0       0   181CD    3039       0       0
  155000000              95000000              95000000             2.6560583E-05         1.0000000E+30                 0       
 NEXT SEEDS:2D6C234D       0       0       0       0       0   181CD    3039       0       0
  160000000              90000000              90000000             2.6559993E-05         1.0000000E+30                 0       
 NEXT SEEDS:2EE31C09       0       0       0       0       0   181CD    3039       0       0
  *** Emfgeo: Ncoun  2000000000
  165000000              85000000              85000000             2.6558267E-05         1.0000000E+30                 0       
 NEXT SEEDS:305A6C54       0       0       0       0       0   181CD    3039       0       0
  170000000              80000000              80000000             2.6555312E-05         1.0000000E+30                 0       
 NEXT SEEDS:31D15363       0       0       0       0       0   181CD    3039       0       0
  175000000              75000000              75000000             2.6553121E-05         1.0000000E+30                 0       
 NEXT SEEDS:33488571       0       0       0       0       0   181CD    3039       0       0
  180000000              70000000              70000000             2.6553001E-05         1.0000000E+30                 0       
 NEXT SEEDS:34BFB139       0       0       0       0       0   181CD    3039       0       0
  185000000              65000000              65000000             2.6553013E-05         1.0000000E+30                 0       
 NEXT SEEDS:3636D7FA       0       0       0       0       0   181CD    3039       0       0
  190000000              60000000              60000000             2.6554285E-05         1.0000000E+30                 0       
 NEXT SEEDS:37AE39C2       0       0       0       0       0   181CD    3039       0       0
  195000000              55000000              55000000             2.6555377E-05         1.0000000E+30                 0       
 NEXT SEEDS:39257EC6       0       0       0       0       0   181CD    3039       0       0
  200000000              50000000              50000000             2.6554576E-05         1.0000000E+30                 0       
 NEXT SEEDS:3A9C8317       0       0       0       0       0   181CD    3039       0       0
  205000000              45000000              45000000             2.6554936E-05         1.0000000E+30                 0       
 NEXT SEEDS:  78C138       1       0       0       0       0   181CD    3039       0       0
  210000000              40000000              40000000             2.6555405E-05         1.0000000E+30                 0       
 NEXT SEEDS: 1F01276       1       0       0       0       0   181CD    3039       0       0
  215000000              35000000              35000000             2.6555359E-05         1.0000000E+30                 0       
 NEXT SEEDS: 36704D2       1       0       0       0       0   181CD    3039       0       0
  220000000              30000000              30000000             2.6554804E-05         1.0000000E+30                 0       
 NEXT SEEDS: 4DE4439       1       0       0       0       0   181CD    3039       0       0
  225000000              25000000              25000000             2.6552264E-05         1.0000000E+30                 0       
 NEXT SEEDS: 6552D00       1       0       0       0       0   181CD    3039       0       0
  230000000              20000000              20000000             2.6550491E-05         1.0000000E+30                 0       
 NEXT SEEDS: 7CC3AF3       1       0       0       0       0   181CD    3039       0       0
  235000000              15000000              15000000             2.6550720E-05         1.0000000E+30                 0       
 NEXT SEEDS: 94363B3       1       0       0       0       0   181CD    3039       0       0
  240000000              10000000              10000000             2.6549525E-05         1.0000000E+30                 0       
 NEXT SEEDS: ABA4C31       1       0       0       0       0   181CD    3039       0       0
  *** Emfgeo: Ncoun  2000000000
  245000000               5000000               5000000             2.6553971E-05         1.0000000E+30                 0       
 NEXT SEEDS: C311198       1       0       0       0       0   181CD    3039       0       0
  249999950                    50                    50             2.6558405E-05         1.0000000E+30                 0       
 NEXT SEEDS: DA8188D       1       0       0       0       0   181CD    3039       0       0
  249999951                    49                    49             2.6558405E-05         1.0000000E+30                 0       
 NEXT SEEDS: DA81891       1       0       0       0       0   181CD    3039       0       0
  249999952                    48                    48             2.6558404E-05         1.0000000E+30                 0       
 NEXT SEEDS: DA81895       1       0       0       0       0   181CD    3039       0       0
  249999953                    47                    47             2.6558404E-05         1.0000000E+30                 0       
 NEXT SEEDS: DA81899       1       0       0       0       0   181CD    3039       0       0
  249999954                    46                    46             2.6558404E-05         1.0000000E+30                 0       
 NEXT SEEDS: DA8189D       1       0       0       0       0   181CD    3039       0       0
  249999955                    45                    45             2.6558404E-05         1.0000000E+30                 0       
 NEXT SEEDS: DA818A1       1       0       0       0       0   181CD    3039       0       0
  249999956                    44                    44             2.6558404E-05         1.0000000E+30                 0       
 NEXT SEEDS: DA818A5       1       0       0       0       0   181CD    3039       0       0
  249999957                    43                    43             2.6558404E-05         1.0000000E+30                 0       
 NEXT SEEDS: DA818A9       1       0       0       0       0   181CD    3039       0       0
  249999958                    42                    42             2.6558406E-05         1.0000000E+30                 0       
 NEXT SEEDS: DA818AD       1       0       0       0       0   181CD    3039       0       0
  249999959                    41                    41             2.6558406E-05         1.0000000E+30                 0       
 NEXT SEEDS: DA818B1       1       0       0       0       0   181CD    3039       0       0
  249999960                    40                    40             2.6558407E-05         1.0000000E+30                 0       
 NEXT SEEDS: DA818B5       1       0       0       0       0   181CD    3039       0       0
  249999961                    39                    39             2.6558407E-05         1.0000000E+30                 0       
 NEXT SEEDS: DA818BB       1       0       0       0       0   181CD    3039       0       0
  249999962                    38                    38             2.6558409E-05         1.0000000E+30                 0       
 NEXT SEEDS: DA818BF       1       0       0       0       0   181CD    3039       0       0
  249999963                    37                    37             2.6558409E-05         1.0000000E+30                 0       
 NEXT SEEDS: DA818C3       1       0       0       0       0   181CD    3039       0       0
  249999964                    36                    36             2.6558409E-05         1.0000000E+30                 0       
 NEXT SEEDS: DA818C7       1       0       0       0       0   181CD    3039       0       0
  249999965                    35                    35             2.6558409E-05         1.0000000E+30                 0       
 NEXT SEEDS: DA818CB       1       0       0       0       0   181CD    3039       0       0
  249999966                    34                    34             2.6558409E-05         1.0000000E+30                 0       
 NEXT SEEDS: DA818CF       1       0       0       0       0   181CD    3039       0       0
  249999967                    33                    33             2.6558409E-05         1.0000000E+30                 0       
 NEXT SEEDS: DA818D3       1       0       0       0       0   181CD    3039       0       0
  249999968                    32                    32             2.6558409E-05         1.0000000E+30                 0       
 NEXT SEEDS: DA818D9       1       0       0       0       0   181CD    3039       0       0
  249999969                    31                    31             2.6558408E-05         1.0000000E+30                 0       
 NEXT SEEDS: DA818DD       1       0       0       0       0   181CD    3039       0       0
  249999970                    30                    30             2.6558408E-05         1.0000000E+30                 0       
 NEXT SEEDS: DA818E1       1       0       0       0       0   181CD    3039       0       0
  249999971                    29                    29             2.6558408E-05         1.0000000E+30                 0       
 NEXT SEEDS: DA818E5       1       0       0       0       0   181CD    3039       0       0
  249999972                    28                    28             2.6558408E-05         1.0000000E+30                 0       
 NEXT SEEDS: DA818E9       1       0       0       0       0   181CD    3039       0       0
  249999973                    27                    27             2.6558410E-05         1.0000000E+30                 0       
 NEXT SEEDS: DA818ED       1       0       0       0       0   181CD    3039       0       0
  249999974                    26                    26             2.6558410E-05         1.0000000E+30                 0       
 NEXT SEEDS: DA818F1       1       0       0       0       0   181CD    3039       0       0
  249999975                    25                    25             2.6558410E-05         1.0000000E+30                 0       
 NEXT SEEDS: DA81909       1       0       0       0       0   181CD    3039       0       0
  249999976                    24                    24             2.6558412E-05         1.0000000E+30                 0       
 NEXT SEEDS: DA8190D       1       0       0       0       0   181CD    3039       0       0
  249999977                    23                    23             2.6558414E-05         1.0000000E+30                 0       
 NEXT SEEDS: DA81911       1       0       0       0       0   181CD    3039       0       0
  249999978                    22                    22             2.6558413E-05         1.0000000E+30                 0       
 NEXT SEEDS: DA81915       1       0       0       0       0   181CD    3039       0       0
  249999979                    21                    21             2.6558413E-05         1.0000000E+30                 0       
 NEXT SEEDS: DA81919       1       0       0       0       0   181CD    3039       0       0
  249999980                    20                    20             2.6558415E-05         1.0000000E+30                 0       
 NEXT SEEDS: DA8191F       1       0       0       0       0   181CD    3039       0       0
  249999981                    19                    19             2.6558415E-05         1.0000000E+30                 0       
 NEXT SEEDS: DA81933       1       0       0       0       0   181CD    3039       0       0
  249999982                    18                    18             2.6558415E-05         1.0000000E+30                 0       
 NEXT SEEDS: DA81937       1       0       0       0       0   181CD    3039       0       0
  249999983                    17                    17             2.6558415E-05         1.0000000E+30                 0       
 NEXT SEEDS: DA8193B       1       0       0       0       0   181CD    3039       0       0
  249999984                    16                    16             2.6558415E-05         1.0000000E+30                 0       
 NEXT SEEDS: DA8193F       1       0       0       0       0   181CD    3039       0       0
  249999985                    15                    15             2.6558415E-05         1.0000000E+30                 0       
 NEXT SEEDS: DA81943       1       0       0       0       0   181CD    3039       0       0
  249999986                    14                    14             2.6558414E-05         1.0000000E+30                 0       
 NEXT SEEDS: DA81947       1       0       0       0       0   181CD    3039       0       0
  249999987                    13                    13             2.6558414E-05         1.0000000E+30                 0       
 NEXT SEEDS: DA8194B       1       0       0       0       0   181CD    3039       0       0
  249999988                    12                    12             2.6558414E-05         1.0000000E+30                 0       
 NEXT SEEDS: DA8194F       1       0       0       0       0   181CD    3039       0       0
  249999989                    11                    11             2.6558414E-05         1.0000000E+30                 0       
 NEXT SEEDS: DA81953       1       0       0       0       0   181CD    3039       0       0
  249999990                    10                    10             2.6558414E-05         1.0000000E+30                 0       
 NEXT SEEDS: DA81957       1       0       0       0       0   181CD    3039       0       0
  249999991                     9                     9             2.6558416E-05         1.0000000E+30                 0       
 NEXT SEEDS: DA8195B       1       0       0       0       0   181CD    3039       0       0
  249999992                     8                     8             2.6558416E-05         1.0000000E+30                 0       
 NEXT SEEDS: DA8195F       1       0       0       0       0   181CD    3039       0       0
  249999993                     7                     7             2.6558416E-05         1.0000000E+30                 0       
 NEXT SEEDS: DA81963       1       0       0       0       0   181CD    3039       0       0
  249999994                     6                     6             2.6558416E-05         1.0000000E+30                 0       
 NEXT SEEDS: DA81967       1       0       0       0       0   181CD    3039       0       0
  249999995                     5                     5             2.6558415E-05         1.0000000E+30                 0       
 NEXT SEEDS: DA8196B       1       0       0       0       0   181CD    3039       0       0
  249999996                     4                     4             2.6558415E-05         1.0000000E+30                 0       
 NEXT SEEDS: DA8196F       1       0       0       0       0   181CD    3039       0       0
  249999997                     3                     3             2.6558415E-05         1.0000000E+30                 0       
 NEXT SEEDS: DA81973       1       0       0       0       0   181CD    3039       0       0
  249999998                     2                     2             2.6558415E-05         1.0000000E+30                 0       
 NEXT SEEDS: DA8198A       1       0       0       0       0   181CD    3039       0       0
  249999999                     1                     1             2.6558415E-05         1.0000000E+30                 0       
 NEXT SEEDS: DA8198E       1       0       0       0       0   181CD    3039       0       0
  250000000                     0                     1             2.6558415E-05         1.0000000E+30                 0       
 NEXT SEEDS: DA81992       1       0       0       0       0   181CD    3039       0       0
