1NUMBER OF BEAM       NUMBER OF BEAM        APPROXIMATE NUMBER    AVERAGE TIME USED     TIME LEFT (RESERVED   NUMBER OF STARS
 PARTICLES HANDLED    PARTICLES LEFT        OF BEAM PARTICLES     BY A BEAM PARTICLE     10000.0 SECONDS      CREATED
                                            THAT CAN STILL BE                           FOR PRINTOUT)
                                            HANDLED

 NEXT SEEDS:       0       0       0       0       0       0   181CD    3039       0       0
          1             249999999             249999999             7.6055527E-05         1.0000000E+30                 0       
 NEXT SEEDS:       4       0       0       0       0       0   181CD    3039       0       0
    5000000             245000000             245000000             2.6632097E-05         1.0000000E+30                 0       
 NEXT SEEDS: 1773AD6       0       0       0       0       0   181CD    3039       0       0
   10000000             240000000             240000000             2.6518949E-05         1.0000000E+30                 0       
 NEXT SEEDS: 2EE403F       0       0       0       0       0   181CD    3039       0       0
   15000000             235000000             235000000             2.6506232E-05         1.0000000E+30                 0       
 NEXT SEEDS: 4658EB8       0       0       0       0       0   181CD    3039       0       0
   20000000             230000000             230000000             2.6476490E-05         1.0000000E+30                 0       
 NEXT SEEDS: 5DC6DBD       0       0       0       0       0   181CD    3039       0       0
   25000000             225000000             225000000             2.6455667E-05         1.0000000E+30                 0       
 NEXT SEEDS: 753A08E       0       0       0       0       0   181CD    3039       0       0
   30000000             220000000             220000000             2.6459359E-05         1.0000000E+30                 0       
 NEXT SEEDS: 8CAF20D       0       0       0       0       0   181CD    3039       0       0
   35000000             215000000             215000000             2.6453125E-05         1.0000000E+30                 0       
 NEXT SEEDS: A42115C       0       0       0       0       0   181CD    3039       0       0
   40000000             210000000             210000000             2.6450763E-05         1.0000000E+30                 0       
 NEXT SEEDS: BB92ED5       0       0       0       0       0   181CD    3039       0       0
   45000000             205000000             205000000             2.6450285E-05         1.0000000E+30                 0       
 NEXT SEEDS: D304E7C       0       0       0       0       0   181CD    3039       0       0
   50000000             200000000             200000000             2.6444639E-05         1.0000000E+30                 0       
 NEXT SEEDS: EA72977       0       0       0       0       0   181CD    3039       0       0
   55000000             195000000             195000000             2.6441861E-05         1.0000000E+30                 0       
 NEXT SEEDS:101E549E       0       0       0       0       0   181CD    3039       0       0
   60000000             190000000             190000000             2.6438928E-05         1.0000000E+30                 0       
 NEXT SEEDS:11957B68       0       0       0       0       0   181CD    3039       0       0
   65000000             185000000             185000000             2.6436595E-05         1.0000000E+30                 0       
 NEXT SEEDS:130C741C       0       0       0       0       0   181CD    3039       0       0
   70000000             180000000             180000000             2.6440327E-05         1.0000000E+30                 0       
 NEXT SEEDS:148391BE       0       0       0       0       0   181CD    3039       0       0
   75000000             175000000             175000000             2.6436117E-05         1.0000000E+30                 0       
 NEXT SEEDS:15FA8C70       0       0       0       0       0   181CD    3039       0       0
   80000000             170000000             170000000             2.6433592E-05         1.0000000E+30                 0       
 NEXT SEEDS:1771A4C9       0       0       0       0       0   181CD    3039       0       0
  *** Emfgeo: Ncoun  2000000000
   85000000             165000000             165000000             2.6441569E-05         1.0000000E+30                 0       
 NEXT SEEDS:18E8A240       0       0       0       0       0   181CD    3039       0       0
   90000000             160000000             160000000             2.6442775E-05         1.0000000E+30                 0       
 NEXT SEEDS:1A5FAAC5       0       0       0       0       0   181CD    3039       0       0
   95000000             155000000             155000000             2.6440809E-05         1.0000000E+30                 0       
 NEXT SEEDS:1BD6DAF6       0       0       0       0       0   181CD    3039       0       0
  100000000             150000000             150000000             2.6440558E-05         1.0000000E+30                 0       
 NEXT SEEDS:1D4DB358       0       0       0       0       0   181CD    3039       0       0
  105000000             145000000             145000000             2.6440305E-05         1.0000000E+30                 0       
 NEXT SEEDS:1EC4D8A7       0       0       0       0       0   181CD    3039       0       0
  110000000             140000000             140000000             2.6436261E-05         1.0000000E+30                 0       
 NEXT SEEDS:203BD33D       0       0       0       0       0   181CD    3039       0       0
  115000000             135000000             135000000             2.6436499E-05         1.0000000E+30                 0       
 NEXT SEEDS:21B2BA20       0       0       0       0       0   181CD    3039       0       0
  120000000             130000000             130000000             2.6434167E-05         1.0000000E+30                 0       
 NEXT SEEDS:2329C67F       0       0       0       0       0   181CD    3039       0       0
  125000000             125000000             125000000             2.6432898E-05         1.0000000E+30                 0       
 NEXT SEEDS:24A0E748       0       0       0       0       0   181CD    3039       0       0
  130000000             120000000             120000000             2.6432036E-05         1.0000000E+30                 0       
 NEXT SEEDS:2618363C       0       0       0       0       0   181CD    3039       0       0
  135000000             115000000             115000000             2.6431101E-05         1.0000000E+30                 0       
 NEXT SEEDS:278F106D       0       0       0       0       0   181CD    3039       0       0
  140000000             110000000             110000000             2.6432449E-05         1.0000000E+30                 0       
 NEXT SEEDS:2906368D       0       0       0       0       0   181CD    3039       0       0
  145000000             105000000             105000000             2.6432706E-05         1.0000000E+30                 0       
 NEXT SEEDS:2A7D20F9       0       0       0       0       0   181CD    3039       0       0
  150000000             100000000             100000000             2.6431643E-05         1.0000000E+30                 0       
 NEXT SEEDS:2BF43939       0       0       0       0       0   181CD    3039       0       0
  155000000              95000000              95000000             2.6433880E-05         1.0000000E+30                 0       
 NEXT SEEDS:2D6B95F7       0       0       0       0       0   181CD    3039       0       0
  160000000              90000000              90000000             2.6436138E-05         1.0000000E+30                 0       
 NEXT SEEDS:2EE29E42       0       0       0       0       0   181CD    3039       0       0
  *** Emfgeo: Ncoun  2000000000
  165000000              85000000              85000000             2.6439529E-05         1.0000000E+30                 0       
 NEXT SEEDS:305997DD       0       0       0       0       0   181CD    3039       0       0
  170000000              80000000              80000000             2.6437295E-05         1.0000000E+30                 0       
 NEXT SEEDS:31D0AC3C       0       0       0       0       0   181CD    3039       0       0
  175000000              75000000              75000000             2.6436269E-05         1.0000000E+30                 0       
 NEXT SEEDS:3347DFDC       0       0       0       0       0   181CD    3039       0       0
  180000000              70000000              70000000             2.6434366E-05         1.0000000E+30                 0       
 NEXT SEEDS:34BED7DF       0       0       0       0       0   181CD    3039       0       0
  185000000              65000000              65000000             2.6432862E-05         1.0000000E+30                 0       
 NEXT SEEDS:3635DE46       0       0       0       0       0   181CD    3039       0       0
  190000000              60000000              60000000             2.6432095E-05         1.0000000E+30                 0       
 NEXT SEEDS:37ACFA5A       0       0       0       0       0   181CD    3039       0       0
  195000000              55000000              55000000             2.6432043E-05         1.0000000E+30                 0       
 NEXT SEEDS:3923F9F0       0       0       0       0       0   181CD    3039       0       0
  200000000              50000000              50000000             2.6433481E-05         1.0000000E+30                 0       
 NEXT SEEDS:3A9B106E       0       0       0       0       0   181CD    3039       0       0
  205000000              45000000              45000000             2.6434479E-05         1.0000000E+30                 0       
 NEXT SEEDS:  777E04       1       0       0       0       0   181CD    3039       0       0
  210000000              40000000              40000000             2.6434735E-05         1.0000000E+30                 0       
 NEXT SEEDS: 1EEB5FA       1       0       0       0       0   181CD    3039       0       0
  215000000              35000000              35000000             2.6436634E-05         1.0000000E+30                 0       
 NEXT SEEDS: 365FA4B       1       0       0       0       0   181CD    3039       0       0
  220000000              30000000              30000000             2.6436359E-05         1.0000000E+30                 0       
 NEXT SEEDS: 4DCF3D8       1       0       0       0       0   181CD    3039       0       0
  225000000              25000000              25000000             2.6435434E-05         1.0000000E+30                 0       
 NEXT SEEDS: 6541273       1       0       0       0       0   181CD    3039       0       0
  230000000              20000000              20000000             2.6434827E-05         1.0000000E+30                 0       
 NEXT SEEDS: 7CB2241       1       0       0       0       0   181CD    3039       0       0
  235000000              15000000              15000000             2.6437697E-05         1.0000000E+30                 0       
 NEXT SEEDS: 94220E9       1       0       0       0       0   181CD    3039       0       0
  240000000              10000000              10000000             2.6435953E-05         1.0000000E+30                 0       
 NEXT SEEDS: AB9125C       1       0       0       0       0   181CD    3039       0       0
  *** Emfgeo: Ncoun  2000000000
  245000000               5000000               5000000             2.6437256E-05         1.0000000E+30                 0       
 NEXT SEEDS: C303A6C       1       0       0       0       0   181CD    3039       0       0
  249999950                    50                    50             2.6437499E-05         1.0000000E+30                 0       
 NEXT SEEDS: DA77208       1       0       0       0       0   181CD    3039       0       0
  249999951                    49                    49             2.6437499E-05         1.0000000E+30                 0       
 NEXT SEEDS: DA7720C       1       0       0       0       0   181CD    3039       0       0
  249999952                    48                    48             2.6437501E-05         1.0000000E+30                 0       
 NEXT SEEDS: DA77210       1       0       0       0       0   181CD    3039       0       0
  249999953                    47                    47             2.6437501E-05         1.0000000E+30                 0       
 NEXT SEEDS: DA77214       1       0       0       0       0   181CD    3039       0       0
  249999954                    46                    46             2.6437502E-05         1.0000000E+30                 0       
 NEXT SEEDS: DA77218       1       0       0       0       0   181CD    3039       0       0
  249999955                    45                    45             2.6437504E-05         1.0000000E+30                 0       
 NEXT SEEDS: DA7721C       1       0       0       0       0   181CD    3039       0       0
  249999956                    44                    44             2.6437504E-05         1.0000000E+30                 0       
 NEXT SEEDS: DA77220       1       0       0       0       0   181CD    3039       0       0
  249999957                    43                    43             2.6437504E-05         1.0000000E+30                 0       
 NEXT SEEDS: DA77224       1       0       0       0       0   181CD    3039       0       0
  249999958                    42                    42             2.6437506E-05         1.0000000E+30                 0       
 NEXT SEEDS: DA77228       1       0       0       0       0   181CD    3039       0       0
  249999959                    41                    41             2.6437506E-05         1.0000000E+30                 0       
 NEXT SEEDS: DA7722C       1       0       0       0       0   181CD    3039       0       0
  249999960                    40                    40             2.6437506E-05         1.0000000E+30                 0       
 NEXT SEEDS: DA77230       1       0       0       0       0   181CD    3039       0       0
  249999961                    39                    39             2.6437508E-05         1.0000000E+30                 0       
 NEXT SEEDS: DA77234       1       0       0       0       0   181CD    3039       0       0
  249999962                    38                    38             2.6437507E-05         1.0000000E+30                 0       
 NEXT SEEDS: DA77238       1       0       0       0       0   181CD    3039       0       0
  249999963                    37                    37             2.6437507E-05         1.0000000E+30                 0       
 NEXT SEEDS: DA7723C       1       0       0       0       0   181CD    3039       0       0
  249999964                    36                    36             2.6437507E-05         1.0000000E+30                 0       
 NEXT SEEDS: DA77240       1       0       0       0       0   181CD    3039       0       0
  249999965                    35                    35             2.6437507E-05         1.0000000E+30                 0       
 NEXT SEEDS: DA77244       1       0       0       0       0   181CD    3039       0       0
  249999966                    34                    34             2.6437507E-05         1.0000000E+30                 0       
 NEXT SEEDS: DA7724A       1       0       0       0       0   181CD    3039       0       0
  249999967                    33                    33             2.6437507E-05         1.0000000E+30                 0       
 NEXT SEEDS: DA7724E       1       0       0       0       0   181CD    3039       0       0
  249999968                    32                    32             2.6437509E-05         1.0000000E+30                 0       
 NEXT SEEDS: DA77252       1       0       0       0       0   181CD    3039       0       0
  249999969                    31                    31             2.6437509E-05         1.0000000E+30                 0       
 NEXT SEEDS: DA77256       1       0       0       0       0   181CD    3039       0       0
  249999970                    30                    30             2.6437509E-05         1.0000000E+30                 0       
 NEXT SEEDS: DA7725A       1       0       0       0       0   181CD    3039       0       0
  249999971                    29                    29             2.6437508E-05         1.0000000E+30                 0       
 NEXT SEEDS: DA7725E       1       0       0       0       0   181CD    3039       0       0
  249999972                    28                    28             2.6437510E-05         1.0000000E+30                 0       
 NEXT SEEDS: DA77262       1       0       0       0       0   181CD    3039       0       0
  249999973                    27                    27             2.6437510E-05         1.0000000E+30                 0       
 NEXT SEEDS: DA77266       1       0       0       0       0   181CD    3039       0       0
  249999974                    26                    26             2.6437510E-05         1.0000000E+30                 0       
 NEXT SEEDS: DA7726A       1       0       0       0       0   181CD    3039       0       0
  249999975                    25                    25             2.6437512E-05         1.0000000E+30                 0       
 NEXT SEEDS: DA7726E       1       0       0       0       0   181CD    3039       0       0
  249999976                    24                    24             2.6437512E-05         1.0000000E+30                 0       
 NEXT SEEDS: DA77272       1       0       0       0       0   181CD    3039       0       0
  249999977                    23                    23             2.6437514E-05         1.0000000E+30                 0       
 NEXT SEEDS: DA77276       1       0       0       0       0   181CD    3039       0       0
  249999978                    22                    22             2.6437514E-05         1.0000000E+30                 0       
 NEXT SEEDS: DA7727A       1       0       0       0       0   181CD    3039       0       0
  249999979                    21                    21             2.6437513E-05         1.0000000E+30                 0       
 NEXT SEEDS: DA7727E       1       0       0       0       0   181CD    3039       0       0
  249999980                    20                    20             2.6437513E-05         1.0000000E+30                 0       
 NEXT SEEDS: DA77282       1       0       0       0       0   181CD    3039       0       0
  249999981                    19                    19             2.6437513E-05         1.0000000E+30                 0       
 NEXT SEEDS: DA77286       1       0       0       0       0   181CD    3039       0       0
  249999982                    18                    18             2.6437513E-05         1.0000000E+30                 0       
 NEXT SEEDS: DA7728A       1       0       0       0       0   181CD    3039       0       0
  249999983                    17                    17             2.6437513E-05         1.0000000E+30                 0       
 NEXT SEEDS: DA7728E       1       0       0       0       0   181CD    3039       0       0
  249999984                    16                    16             2.6437513E-05         1.0000000E+30                 0       
 NEXT SEEDS: DA77292       1       0       0       0       0   181CD    3039       0       0
  249999985                    15                    15             2.6437513E-05         1.0000000E+30                 0       
 NEXT SEEDS: DA77296       1       0       0       0       0   181CD    3039       0       0
  249999986                    14                    14             2.6437513E-05         1.0000000E+30                 0       
 NEXT SEEDS: DA7729A       1       0       0       0       0   181CD    3039       0       0
  249999987                    13                    13             2.6437513E-05         1.0000000E+30                 0       
 NEXT SEEDS: DA7729E       1       0       0       0       0   181CD    3039       0       0
  249999988                    12                    12             2.6437513E-05         1.0000000E+30                 0       
 NEXT SEEDS: DA772A2       1       0       0       0       0   181CD    3039       0       0
  249999989                    11                    11             2.6437512E-05         1.0000000E+30                 0       
 NEXT SEEDS: DA772AC       1       0       0       0       0   181CD    3039       0       0
  249999990                    10                    10             2.6437512E-05         1.0000000E+30                 0       
 NEXT SEEDS: DA772B0       1       0       0       0       0   181CD    3039       0       0
  249999991                     9                     9             2.6437514E-05         1.0000000E+30                 0       
 NEXT SEEDS: DA772B4       1       0       0       0       0   181CD    3039       0       0
  249999992                     8                     8             2.6437514E-05         1.0000000E+30                 0       
 NEXT SEEDS: DA772BA       1       0       0       0       0   181CD    3039       0       0
  249999993                     7                     7             2.6437516E-05         1.0000000E+30                 0       
 NEXT SEEDS: DA772BE       1       0       0       0       0   181CD    3039       0       0
  249999994                     6                     6             2.6437516E-05         1.0000000E+30                 0       
 NEXT SEEDS: DA772C2       1       0       0       0       0   181CD    3039       0       0
  249999995                     5                     5             2.6437516E-05         1.0000000E+30                 0       
 NEXT SEEDS: DA772C6       1       0       0       0       0   181CD    3039       0       0
  249999996                     4                     4             2.6437516E-05         1.0000000E+30                 0       
 NEXT SEEDS: DA772CA       1       0       0       0       0   181CD    3039       0       0
  249999997                     3                     3             2.6437515E-05         1.0000000E+30                 0       
 NEXT SEEDS: DA772CE       1       0       0       0       0   181CD    3039       0       0
  249999998                     2                     2             2.6437515E-05         1.0000000E+30                 0       
 NEXT SEEDS: DA772D2       1       0       0       0       0   181CD    3039       0       0
  249999999                     1                     1             2.6437515E-05         1.0000000E+30                 0       
 NEXT SEEDS: DA772D6       1       0       0       0       0   181CD    3039       0       0
  250000000                     0                     1             2.6437515E-05         1.0000000E+30                 0       
 NEXT SEEDS: DA772DA       1       0       0       0       0   181CD    3039       0       0
