1NUMBER OF BEAM       NUMBER OF BEAM        APPROXIMATE NUMBER    AVERAGE TIME USED     TIME LEFT (RESERVED   NUMBER OF STARS
 PARTICLES HANDLED    PARTICLES LEFT        OF BEAM PARTICLES     BY A BEAM PARTICLE     10000.0 SECONDS      CREATED
                                            THAT CAN STILL BE                           FOR PRINTOUT)
                                            HANDLED

 NEXT SEEDS:       0       0       0       0       0       0   181CD    3039       0       0
          1             249999999             249999999             0.0000000E+00         1.0000000E+30                 0       
 NEXT SEEDS:       4       0       0       0       0       0   181CD    3039       0       0
    5000000             245000000             245000000             2.6420537E-05         1.0000000E+30                 0       
 NEXT SEEDS: 177194C       0       0       0       0       0   181CD    3039       0       0
   10000000             240000000             240000000             2.6380993E-05         1.0000000E+30                 0       
 NEXT SEEDS: 2EE4CC2       0       0       0       0       0   181CD    3039       0       0
   15000000             235000000             235000000             2.6385142E-05         1.0000000E+30                 0       
 NEXT SEEDS: 4657ED4       0       0       0       0       0   181CD    3039       0       0
   20000000             230000000             230000000             2.6355803E-05         1.0000000E+30                 0       
 NEXT SEEDS: 5DC9226       0       0       0       0       0   181CD    3039       0       0
   25000000             225000000             225000000             2.6360497E-05         1.0000000E+30                 0       
 NEXT SEEDS: 7537BB3       0       0       0       0       0   181CD    3039       0       0
   30000000             220000000             220000000             2.6353187E-05         1.0000000E+30                 0       
 NEXT SEEDS: 8CAA15D       0       0       0       0       0   181CD    3039       0       0
   35000000             215000000             215000000             2.6351082E-05         1.0000000E+30                 0       
 NEXT SEEDS: A41CB1B       0       0       0       0       0   181CD    3039       0       0
   40000000             210000000             210000000             2.6355700E-05         1.0000000E+30                 0       
 NEXT SEEDS: BB8DFC9       0       0       0       0       0   181CD    3039       0       0
   45000000             205000000             205000000             2.6355026E-05         1.0000000E+30                 0       
 NEXT SEEDS: D301527       0       0       0       0       0   181CD    3039       0       0
   50000000             200000000             200000000             2.6357990E-05         1.0000000E+30                 0       
 NEXT SEEDS: EA71CA5       0       0       0       0       0   181CD    3039       0       0
   55000000             195000000             195000000             2.6356600E-05         1.0000000E+30                 0       
 NEXT SEEDS:101E262D       0       0       0       0       0   181CD    3039       0       0
   60000000             190000000             190000000             2.6359641E-05         1.0000000E+30                 0       
 NEXT SEEDS:11956E1B       0       0       0       0       0   181CD    3039       0       0
   65000000             185000000             185000000             2.6357145E-05         1.0000000E+30                 0       
 NEXT SEEDS:130C950A       0       0       0       0       0   181CD    3039       0       0
   70000000             180000000             180000000             2.6356528E-05         1.0000000E+30                 0       
 NEXT SEEDS:148397A1       0       0       0       0       0   181CD    3039       0       0
   75000000             175000000             175000000             2.6358152E-05         1.0000000E+30                 0       
 NEXT SEEDS:15FA9BB1       0       0       0       0       0   181CD    3039       0       0
   80000000             170000000             170000000             2.6357038E-05         1.0000000E+30                 0       
 NEXT SEEDS:1771A1C3       0       0       0       0       0   181CD    3039       0       0
  *** Emfgeo: Ncoun  2000000000
   85000000             165000000             165000000             2.6355300E-05         1.0000000E+30                 0       
 NEXT SEEDS:18E8D15A       0       0       0       0       0   181CD    3039       0       0
   90000000             160000000             160000000             2.6352543E-05         1.0000000E+30                 0       
 NEXT SEEDS:1A60346A       0       0       0       0       0   181CD    3039       0       0
   95000000             155000000             155000000             2.6348390E-05         1.0000000E+30                 0       
 NEXT SEEDS:1BD7237D       0       0       0       0       0   181CD    3039       0       0
  100000000             150000000             150000000             2.6346976E-05         1.0000000E+30                 0       
 NEXT SEEDS:1D4E8CB0       0       0       0       0       0   181CD    3039       0       0
  105000000             145000000             145000000             2.6348871E-05         1.0000000E+30                 0       
 NEXT SEEDS:1EC5CC83       0       0       0       0       0   181CD    3039       0       0
  110000000             140000000             140000000             2.6352318E-05         1.0000000E+30                 0       
 NEXT SEEDS:203CDF59       0       0       0       0       0   181CD    3039       0       0
  115000000             135000000             135000000             2.6352119E-05         1.0000000E+30                 0       
 NEXT SEEDS:21B40533       0       0       0       0       0   181CD    3039       0       0
  120000000             130000000             130000000             2.6350900E-05         1.0000000E+30                 0       
 NEXT SEEDS:232AC78C       0       0       0       0       0   181CD    3039       0       0
  125000000             125000000             125000000             2.6349628E-05         1.0000000E+30                 0       
 NEXT SEEDS:24A1967A       0       0       0       0       0   181CD    3039       0       0
  130000000             120000000             120000000             2.6349569E-05         1.0000000E+30                 0       
 NEXT SEEDS:2618B0FF       0       0       0       0       0   181CD    3039       0       0
  135000000             115000000             115000000             2.6349841E-05         1.0000000E+30                 0       
 NEXT SEEDS:278FD64F       0       0       0       0       0   181CD    3039       0       0
  140000000             110000000             110000000             2.6352646E-05         1.0000000E+30                 0       
 NEXT SEEDS:290731EB       0       0       0       0       0   181CD    3039       0       0
  145000000             105000000             105000000             2.6351607E-05         1.0000000E+30                 0       
 NEXT SEEDS:2A7E3384       0       0       0       0       0   181CD    3039       0       0
  150000000             100000000             100000000             2.6354573E-05         1.0000000E+30                 0       
 NEXT SEEDS:2BF59528       0       0       0       0       0   181CD    3039       0       0
  155000000              95000000              95000000             2.6353154E-05         1.0000000E+30                 0       
 NEXT SEEDS:2D6CA189       0       0       0       0       0   181CD    3039       0       0
  160000000              90000000              90000000             2.6353632E-05         1.0000000E+30                 0       
 NEXT SEEDS:2EE38C04       0       0       0       0       0   181CD    3039       0       0
  *** Emfgeo: Ncoun  2000000000
  165000000              85000000              85000000             2.6353525E-05         1.0000000E+30                 0       
 NEXT SEEDS:305AA496       0       0       0       0       0   181CD    3039       0       0
  170000000              80000000              80000000             2.6361263E-05         1.0000000E+30                 0       
 NEXT SEEDS:31D18780       0       0       0       0       0   181CD    3039       0       0
  175000000              75000000              75000000             2.6368455E-05         1.0000000E+30                 0       
 NEXT SEEDS:3348DD7A       0       0       0       0       0   181CD    3039       0       0
  180000000              70000000              70000000             2.6376962E-05         1.0000000E+30                 0       
 NEXT SEEDS:34BFFB93       0       0       0       0       0   181CD    3039       0       0
  185000000              65000000              65000000             2.6383943E-05         1.0000000E+30                 0       
 NEXT SEEDS:36374B10       0       0       0       0       0   181CD    3039       0       0
  190000000              60000000              60000000             2.6389258E-05         1.0000000E+30                 0       
 NEXT SEEDS:37AE681A       0       0       0       0       0   181CD    3039       0       0
  195000000              55000000              55000000             2.6393618E-05         1.0000000E+30                 0       
 NEXT SEEDS:39258BC3       0       0       0       0       0   181CD    3039       0       0
  200000000              50000000              50000000             2.6396089E-05         1.0000000E+30                 0       
 NEXT SEEDS:3A9CAC6F       0       0       0       0       0   181CD    3039       0       0
  205000000              45000000              45000000             2.6395630E-05         1.0000000E+30                 0       
 NEXT SEEDS:  78F0A4       1       0       0       0       0   181CD    3039       0       0
  210000000              40000000              40000000             2.6393430E-05         1.0000000E+30                 0       
 NEXT SEEDS: 1F00D72       1       0       0       0       0   181CD    3039       0       0
  215000000              35000000              35000000             2.6392222E-05         1.0000000E+30                 0       
 NEXT SEEDS: 36748AE       1       0       0       0       0   181CD    3039       0       0
  220000000              30000000              30000000             2.6391045E-05         1.0000000E+30                 0       
 NEXT SEEDS: 4DE4479       1       0       0       0       0   181CD    3039       0       0
  225000000              25000000              25000000             2.6389868E-05         1.0000000E+30                 0       
 NEXT SEEDS: 65545AA       1       0       0       0       0   181CD    3039       0       0
  230000000              20000000              20000000             2.6388330E-05         1.0000000E+30                 0       
 NEXT SEEDS: 7CC1380       1       0       0       0       0   181CD    3039       0       0
  235000000              15000000              15000000             2.6387342E-05         1.0000000E+30                 0       
 NEXT SEEDS: 942FC0D       1       0       0       0       0   181CD    3039       0       0
  240000000              10000000              10000000             2.6385865E-05         1.0000000E+30                 0       
 NEXT SEEDS: AB9D55F       1       0       0       0       0   181CD    3039       0       0
  *** Emfgeo: Ncoun  2000000000
  245000000               5000000               5000000             2.6385097E-05         1.0000000E+30                 0       
 NEXT SEEDS: C310B0A       1       0       0       0       0   181CD    3039       0       0
  249999950                    50                    50             2.6384094E-05         1.0000000E+30                 0       
 NEXT SEEDS: DA81473       1       0       0       0       0   181CD    3039       0       0
  249999951                    49                    49             2.6384095E-05         1.0000000E+30                 0       
 NEXT SEEDS: DA81477       1       0       0       0       0   181CD    3039       0       0
  249999952                    48                    48             2.6384095E-05         1.0000000E+30                 0       
 NEXT SEEDS: DA8147B       1       0       0       0       0   181CD    3039       0       0
  249999953                    47                    47             2.6384097E-05         1.0000000E+30                 0       
 NEXT SEEDS: DA81490       1       0       0       0       0   181CD    3039       0       0
  249999954                    46                    46             2.6384097E-05         1.0000000E+30                 0       
 NEXT SEEDS: DA81494       1       0       0       0       0   181CD    3039       0       0
  249999955                    45                    45             2.6384099E-05         1.0000000E+30                 0       
 NEXT SEEDS: DA81498       1       0       0       0       0   181CD    3039       0       0
  249999956                    44                    44             2.6384099E-05         1.0000000E+30                 0       
 NEXT SEEDS: DA8149C       1       0       0       0       0   181CD    3039       0       0
  249999957                    43                    43             2.6384101E-05         1.0000000E+30                 0       
 NEXT SEEDS: DA814A0       1       0       0       0       0   181CD    3039       0       0
  249999958                    42                    42             2.6384102E-05         1.0000000E+30                 0       
 NEXT SEEDS: DA814B1       1       0       0       0       0   181CD    3039       0       0
  249999959                    41                    41             2.6384102E-05         1.0000000E+30                 0       
 NEXT SEEDS: DA814B5       1       0       0       0       0   181CD    3039       0       0
  249999960                    40                    40             2.6384102E-05         1.0000000E+30                 0       
 NEXT SEEDS: DA814B9       1       0       0       0       0   181CD    3039       0       0
  249999961                    39                    39             2.6384104E-05         1.0000000E+30                 0       
 NEXT SEEDS: DA814BD       1       0       0       0       0   181CD    3039       0       0
  249999962                    38                    38             2.6384104E-05         1.0000000E+30                 0       
 NEXT SEEDS: DA814C1       1       0       0       0       0   181CD    3039       0       0
  249999963                    37                    37             2.6384104E-05         1.0000000E+30                 0       
 NEXT SEEDS: DA814C5       1       0       0       0       0   181CD    3039       0       0
  249999964                    36                    36             2.6384106E-05         1.0000000E+30                 0       
 NEXT SEEDS: DA814C9       1       0       0       0       0   181CD    3039       0       0
  249999965                    35                    35             2.6384106E-05         1.0000000E+30                 0       
 NEXT SEEDS: DA814CD       1       0       0       0       0   181CD    3039       0       0
  249999966                    34                    34             2.6384107E-05         1.0000000E+30                 0       
 NEXT SEEDS: DA814D3       1       0       0       0       0   181CD    3039       0       0
  249999967                    33                    33             2.6384107E-05         1.0000000E+30                 0       
 NEXT SEEDS: DA814D7       1       0       0       0       0   181CD    3039       0       0
  249999968                    32                    32             2.6384109E-05         1.0000000E+30                 0       
 NEXT SEEDS: DA814DB       1       0       0       0       0   181CD    3039       0       0
  249999969                    31                    31             2.6384109E-05         1.0000000E+30                 0       
 NEXT SEEDS: DA814DF       1       0       0       0       0   181CD    3039       0       0
  249999970                    30                    30             2.6384109E-05         1.0000000E+30                 0       
 NEXT SEEDS: DA814E3       1       0       0       0       0   181CD    3039       0       0
  249999971                    29                    29             2.6384111E-05         1.0000000E+30                 0       
 NEXT SEEDS: DA814E7       1       0       0       0       0   181CD    3039       0       0
  249999972                    28                    28             2.6384111E-05         1.0000000E+30                 0       
 NEXT SEEDS: DA814EB       1       0       0       0       0   181CD    3039       0       0
  249999973                    27                    27             2.6384111E-05         1.0000000E+30                 0       
 NEXT SEEDS: DA814EF       1       0       0       0       0   181CD    3039       0       0
  249999974                    26                    26             2.6384112E-05         1.0000000E+30                 0       
 NEXT SEEDS: DA814F3       1       0       0       0       0   181CD    3039       0       0
  249999975                    25                    25             2.6384112E-05         1.0000000E+30                 0       
 NEXT SEEDS: DA814F7       1       0       0       0       0   181CD    3039       0       0
  249999976                    24                    24             2.6384114E-05         1.0000000E+30                 0       
 NEXT SEEDS: DA814FB       1       0       0       0       0   181CD    3039       0       0
  249999977                    23                    23             2.6384114E-05         1.0000000E+30                 0       
 NEXT SEEDS: DA814FF       1       0       0       0       0   181CD    3039       0       0
  249999978                    22                    22             2.6384114E-05         1.0000000E+30                 0       
 NEXT SEEDS: DA81503       1       0       0       0       0   181CD    3039       0       0
  249999979                    21                    21             2.6384114E-05         1.0000000E+30                 0       
 NEXT SEEDS: DA81507       1       0       0       0       0   181CD    3039       0       0
  249999980                    20                    20             2.6384114E-05         1.0000000E+30                 0       
 NEXT SEEDS: DA8150B       1       0       0       0       0   181CD    3039       0       0
  249999981                    19                    19             2.6384114E-05         1.0000000E+30                 0       
 NEXT SEEDS: DA8150F       1       0       0       0       0   181CD    3039       0       0
  249999982                    18                    18             2.6384114E-05         1.0000000E+30                 0       
 NEXT SEEDS: DA81513       1       0       0       0       0   181CD    3039       0       0
  249999983                    17                    17             2.6384113E-05         1.0000000E+30                 0       
 NEXT SEEDS: DA81517       1       0       0       0       0   181CD    3039       0       0
  249999984                    16                    16             2.6384113E-05         1.0000000E+30                 0       
 NEXT SEEDS: DA8151B       1       0       0       0       0   181CD    3039       0       0
  249999985                    15                    15             2.6384115E-05         1.0000000E+30                 0       
 NEXT SEEDS: DA8151F       1       0       0       0       0   181CD    3039       0       0
  249999986                    14                    14             2.6384115E-05         1.0000000E+30                 0       
 NEXT SEEDS: DA81523       1       0       0       0       0   181CD    3039       0       0
  249999987                    13                    13             2.6384117E-05         1.0000000E+30                 0       
 NEXT SEEDS: DA81527       1       0       0       0       0   181CD    3039       0       0
  249999988                    12                    12             2.6384117E-05         1.0000000E+30                 0       
 NEXT SEEDS: DA8152D       1       0       0       0       0   181CD    3039       0       0
  249999989                    11                    11             2.6384119E-05         1.0000000E+30                 0       
 NEXT SEEDS: DA81531       1       0       0       0       0   181CD    3039       0       0
  249999990                    10                    10             2.6384119E-05         1.0000000E+30                 0       
 NEXT SEEDS: DA81535       1       0       0       0       0   181CD    3039       0       0
  249999991                     9                     9             2.6384118E-05         1.0000000E+30                 0       
 NEXT SEEDS: DA81539       1       0       0       0       0   181CD    3039       0       0
  249999992                     8                     8             2.6384120E-05         1.0000000E+30                 0       
 NEXT SEEDS: DA8153F       1       0       0       0       0   181CD    3039       0       0
  249999993                     7                     7             2.6384120E-05         1.0000000E+30                 0       
 NEXT SEEDS: DA81543       1       0       0       0       0   181CD    3039       0       0
  249999994                     6                     6             2.6384120E-05         1.0000000E+30                 0       
 NEXT SEEDS: DA81547       1       0       0       0       0   181CD    3039       0       0
  249999995                     5                     5             2.6384120E-05         1.0000000E+30                 0       
 NEXT SEEDS: DA8154B       1       0       0       0       0   181CD    3039       0       0
  249999996                     4                     4             2.6384120E-05         1.0000000E+30                 0       
 NEXT SEEDS: DA81551       1       0       0       0       0   181CD    3039       0       0
  249999997                     3                     3             2.6384120E-05         1.0000000E+30                 0       
 NEXT SEEDS: DA81555       1       0       0       0       0   181CD    3039       0       0
  249999998                     2                     2             2.6384120E-05         1.0000000E+30                 0       
 NEXT SEEDS: DA81559       1       0       0       0       0   181CD    3039       0       0
  249999999                     1                     1             2.6384120E-05         1.0000000E+30                 0       
 NEXT SEEDS: DA81582       1       0       0       0       0   181CD    3039       0       0
  250000000                     0                     1             2.6384119E-05         1.0000000E+30                 0       
 NEXT SEEDS: DA81586       1       0       0       0       0   181CD    3039       0       0
