1NUMBER OF BEAM       NUMBER OF BEAM        APPROXIMATE NUMBER    AVERAGE TIME USED     TIME LEFT (RESERVED   NUMBER OF STARS
 PARTICLES HANDLED    PARTICLES LEFT        OF BEAM PARTICLES     BY A BEAM PARTICLE     10000.0 SECONDS      CREATED
                                            THAT CAN STILL BE                           FOR PRINTOUT)
                                            HANDLED

 NEXT SEEDS:       0       0       0       0       0       0   181CD    3039       0       0
          1             249999999             249999999             7.7009201E-05         1.0000000E+30                 0       
 NEXT SEEDS:       4       0       0       0       0       0   181CD    3039       0       0
    5000000             245000000             245000000             2.7477285E-05         1.0000000E+30                 0       
 NEXT SEEDS: 1772B02       0       0       0       0       0   181CD    3039       0       0
   10000000             240000000             240000000             2.7497117E-05         1.0000000E+30                 0       
 NEXT SEEDS: 2EE1443       0       0       0       0       0   181CD    3039       0       0
   15000000             235000000             235000000             2.7507490E-05         1.0000000E+30                 0       
 NEXT SEEDS: 4656804       0       0       0       0       0   181CD    3039       0       0
   20000000             230000000             230000000             2.7489589E-05         1.0000000E+30                 0       
 NEXT SEEDS: 5DC5109       0       0       0       0       0   181CD    3039       0       0
   25000000             225000000             225000000             2.7487140E-05         1.0000000E+30                 0       
 NEXT SEEDS: 753616C       0       0       0       0       0   181CD    3039       0       0
   30000000             220000000             220000000             2.7486118E-05         1.0000000E+30                 0       
 NEXT SEEDS: 8CAA0E6       0       0       0       0       0   181CD    3039       0       0
   35000000             215000000             215000000             2.7502094E-05         1.0000000E+30                 0       
 NEXT SEEDS: A41AEBC       0       0       0       0       0   181CD    3039       0       0
   40000000             210000000             210000000             2.7536025E-05         1.0000000E+30                 0       
 NEXT SEEDS: BB8AA49       0       0       0       0       0   181CD    3039       0       0
   45000000             205000000             205000000             2.7535549E-05         1.0000000E+30                 0       
 NEXT SEEDS: D2FEB65       0       0       0       0       0   181CD    3039       0       0
   50000000             200000000             200000000             2.7523466E-05         1.0000000E+30                 0       
 NEXT SEEDS: EA705AA       0       0       0       0       0   181CD    3039       0       0
   55000000             195000000             195000000             2.7516353E-05         1.0000000E+30                 0       
 NEXT SEEDS:101E2F50       0       0       0       0       0   181CD    3039       0       0
   60000000             190000000             190000000             2.7509995E-05         1.0000000E+30                 0       
 NEXT SEEDS:1195498D       0       0       0       0       0   181CD    3039       0       0
   65000000             185000000             185000000             2.7504749E-05         1.0000000E+30                 0       
 NEXT SEEDS:130C5692       0       0       0       0       0   181CD    3039       0       0
   70000000             180000000             180000000             2.7499049E-05         1.0000000E+30                 0       
 NEXT SEEDS:14836892       0       0       0       0       0   181CD    3039       0       0
   75000000             175000000             175000000             2.7492225E-05         1.0000000E+30                 0       
 NEXT SEEDS:15FA4A61       0       0       0       0       0   181CD    3039       0       0
   80000000             170000000             170000000             2.7489219E-05         1.0000000E+30                 0       
 NEXT SEEDS:17719EC2       0       0       0       0       0   181CD    3039       0       0
  *** Emfgeo: Ncoun  2000000000
   85000000             165000000             165000000             2.7486806E-05         1.0000000E+30                 0       
 NEXT SEEDS:18E8BF2B       0       0       0       0       0   181CD    3039       0       0
   90000000             160000000             160000000             2.7488763E-05         1.0000000E+30                 0       
 NEXT SEEDS:1A5FF64C       0       0       0       0       0   181CD    3039       0       0
   95000000             155000000             155000000             2.7487195E-05         1.0000000E+30                 0       
 NEXT SEEDS:1BD70897       0       0       0       0       0   181CD    3039       0       0
  100000000             150000000             150000000             2.7486935E-05         1.0000000E+30                 0       
 NEXT SEEDS:1D4E356F       0       0       0       0       0   181CD    3039       0       0
  105000000             145000000             145000000             2.7484236E-05         1.0000000E+30                 0       
 NEXT SEEDS:1EC51D1B       0       0       0       0       0   181CD    3039       0       0
  110000000             140000000             140000000             2.7480649E-05         1.0000000E+30                 0       
 NEXT SEEDS:203C1EFF       0       0       0       0       0   181CD    3039       0       0
  115000000             135000000             135000000             2.7477279E-05         1.0000000E+30                 0       
 NEXT SEEDS:21B32B7B       0       0       0       0       0   181CD    3039       0       0
  120000000             130000000             130000000             2.7475387E-05         1.0000000E+30                 0       
 NEXT SEEDS:232A23D8       0       0       0       0       0   181CD    3039       0       0
  125000000             125000000             125000000             2.7476216E-05         1.0000000E+30                 0       
 NEXT SEEDS:24A145AA       0       0       0       0       0   181CD    3039       0       0
  130000000             120000000             120000000             2.7474978E-05         1.0000000E+30                 0       
 NEXT SEEDS:26187E0E       0       0       0       0       0   181CD    3039       0       0
  135000000             115000000             115000000             2.7472597E-05         1.0000000E+30                 0       
 NEXT SEEDS:278F803A       0       0       0       0       0   181CD    3039       0       0
  140000000             110000000             110000000             2.7471754E-05         1.0000000E+30                 0       
 NEXT SEEDS:2906AA77       0       0       0       0       0   181CD    3039       0       0
  145000000             105000000             105000000             2.7473075E-05         1.0000000E+30                 0       
 NEXT SEEDS:2A7DC234       0       0       0       0       0   181CD    3039       0       0
  150000000             100000000             100000000             2.7472540E-05         1.0000000E+30                 0       
 NEXT SEEDS:2BF4C108       0       0       0       0       0   181CD    3039       0       0
  155000000              95000000              95000000             2.7475628E-05         1.0000000E+30                 0       
 NEXT SEEDS:2D6BD290       0       0       0       0       0   181CD    3039       0       0
  160000000              90000000              90000000             2.7476728E-05         1.0000000E+30                 0       
 NEXT SEEDS:2EE2E36A       0       0       0       0       0   181CD    3039       0       0
  *** Emfgeo: Ncoun  2000000000
  165000000              85000000              85000000             2.7475335E-05         1.0000000E+30                 0       
 NEXT SEEDS:3059B592       0       0       0       0       0   181CD    3039       0       0
  170000000              80000000              80000000             2.7474219E-05         1.0000000E+30                 0       
 NEXT SEEDS:31D0E374       0       0       0       0       0   181CD    3039       0       0
  175000000              75000000              75000000             2.7475174E-05         1.0000000E+30                 0       
 NEXT SEEDS:33484060       0       0       0       0       0   181CD    3039       0       0
  180000000              70000000              70000000             2.7474206E-05         1.0000000E+30                 0       
 NEXT SEEDS:34BF6383       0       0       0       0       0   181CD    3039       0       0
  185000000              65000000              65000000             2.7474016E-05         1.0000000E+30                 0       
 NEXT SEEDS:363645D6       0       0       0       0       0   181CD    3039       0       0
  190000000              60000000              60000000             2.7475222E-05         1.0000000E+30                 0       
 NEXT SEEDS:37AD8141       0       0       0       0       0   181CD    3039       0       0
  195000000              55000000              55000000             2.7474297E-05         1.0000000E+30                 0       
 NEXT SEEDS:39247AFD       0       0       0       0       0   181CD    3039       0       0
  200000000              50000000              50000000             2.7472725E-05         1.0000000E+30                 0       
 NEXT SEEDS:3A9B8A30       0       0       0       0       0   181CD    3039       0       0
  205000000              45000000              45000000             2.7472049E-05         1.0000000E+30                 0       
 NEXT SEEDS:  77D447       1       0       0       0       0   181CD    3039       0       0
  210000000              40000000              40000000             2.7475342E-05         1.0000000E+30                 0       
 NEXT SEEDS: 1EED576       1       0       0       0       0   181CD    3039       0       0
  215000000              35000000              35000000             2.7483095E-05         1.0000000E+30                 0       
 NEXT SEEDS: 365F66E       1       0       0       0       0   181CD    3039       0       0
  220000000              30000000              30000000             2.7489434E-05         1.0000000E+30                 0       
 NEXT SEEDS: 4DCCE65       1       0       0       0       0   181CD    3039       0       0
  225000000              25000000              25000000             2.7489914E-05         1.0000000E+30                 0       
 NEXT SEEDS: 653B081       1       0       0       0       0   181CD    3039       0       0
  230000000              20000000              20000000             2.7489016E-05         1.0000000E+30                 0       
 NEXT SEEDS: 7CA922C       1       0       0       0       0   181CD    3039       0       0
  235000000              15000000              15000000             2.7488176E-05         1.0000000E+30                 0       
 NEXT SEEDS: 9417534       1       0       0       0       0   181CD    3039       0       0
  240000000              10000000              10000000             2.7487032E-05         1.0000000E+30                 0       
 NEXT SEEDS: AB882EB       1       0       0       0       0   181CD    3039       0       0
  *** Emfgeo: Ncoun  2000000000
  245000000               5000000               5000000             2.7487744E-05         1.0000000E+30                 0       
 NEXT SEEDS: C2FE42B       1       0       0       0       0   181CD    3039       0       0
  249999950                    50                    50             2.7486354E-05         1.0000000E+30                 0       
 NEXT SEEDS: DA6F402       1       0       0       0       0   181CD    3039       0       0
  249999951                    49                    49             2.7486355E-05         1.0000000E+30                 0       
 NEXT SEEDS: DA6F408       1       0       0       0       0   181CD    3039       0       0
  249999952                    48                    48             2.7486357E-05         1.0000000E+30                 0       
 NEXT SEEDS: DA6F40C       1       0       0       0       0   181CD    3039       0       0
  249999953                    47                    47             2.7486357E-05         1.0000000E+30                 0       
 NEXT SEEDS: DA6F410       1       0       0       0       0   181CD    3039       0       0
  249999954                    46                    46             2.7486357E-05         1.0000000E+30                 0       
 NEXT SEEDS: DA6F414       1       0       0       0       0   181CD    3039       0       0
  249999955                    45                    45             2.7486357E-05         1.0000000E+30                 0       
 NEXT SEEDS: DA6F418       1       0       0       0       0   181CD    3039       0       0
  249999956                    44                    44             2.7486359E-05         1.0000000E+30                 0       
 NEXT SEEDS: DA6F432       1       0       0       0       0   181CD    3039       0       0
  249999957                    43                    43             2.7486359E-05         1.0000000E+30                 0       
 NEXT SEEDS: DA6F436       1       0       0       0       0   181CD    3039       0       0
  249999958                    42                    42             2.7486359E-05         1.0000000E+30                 0       
 NEXT SEEDS: DA6F43A       1       0       0       0       0   181CD    3039       0       0
  249999959                    41                    41             2.7486358E-05         1.0000000E+30                 0       
 NEXT SEEDS: DA6F43E       1       0       0       0       0   181CD    3039       0       0
  249999960                    40                    40             2.7486358E-05         1.0000000E+30                 0       
 NEXT SEEDS: DA6F442       1       0       0       0       0   181CD    3039       0       0
  249999961                    39                    39             2.7486358E-05         1.0000000E+30                 0       
 NEXT SEEDS: DA6F446       1       0       0       0       0   181CD    3039       0       0
  249999962                    38                    38             2.7486358E-05         1.0000000E+30                 0       
 NEXT SEEDS: DA6F473       1       0       0       0       0   181CD    3039       0       0
  249999963                    37                    37             2.7486360E-05         1.0000000E+30                 0       
 NEXT SEEDS: DA6F477       1       0       0       0       0   181CD    3039       0       0
  249999964                    36                    36             2.7486360E-05         1.0000000E+30                 0       
 NEXT SEEDS: DA6F47B       1       0       0       0       0   181CD    3039       0       0
  249999965                    35                    35             2.7486360E-05         1.0000000E+30                 0       
 NEXT SEEDS: DA6F47F       1       0       0       0       0   181CD    3039       0       0
  249999966                    34                    34             2.7486362E-05         1.0000000E+30                 0       
 NEXT SEEDS: DA6F483       1       0       0       0       0   181CD    3039       0       0
  249999967                    33                    33             2.7486361E-05         1.0000000E+30                 0       
 NEXT SEEDS: DA6F487       1       0       0       0       0   181CD    3039       0       0
  249999968                    32                    32             2.7486361E-05         1.0000000E+30                 0       
 NEXT SEEDS: DA6F48B       1       0       0       0       0   181CD    3039       0       0
  249999969                    31                    31             2.7486363E-05         1.0000000E+30                 0       
 NEXT SEEDS: DA6F491       1       0       0       0       0   181CD    3039       0       0
  249999970                    30                    30             2.7486363E-05         1.0000000E+30                 0       
 NEXT SEEDS: DA6F495       1       0       0       0       0   181CD    3039       0       0
  249999971                    29                    29             2.7486365E-05         1.0000000E+30                 0       
 NEXT SEEDS: DA6F499       1       0       0       0       0   181CD    3039       0       0
  249999972                    28                    28             2.7486365E-05         1.0000000E+30                 0       
 NEXT SEEDS: DA6F49D       1       0       0       0       0   181CD    3039       0       0
  249999973                    27                    27             2.7486365E-05         1.0000000E+30                 0       
 NEXT SEEDS: DA6F4A1       1       0       0       0       0   181CD    3039       0       0
  249999974                    26                    26             2.7486365E-05         1.0000000E+30                 0       
 NEXT SEEDS: DA6F4A5       1       0       0       0       0   181CD    3039       0       0
  249999975                    25                    25             2.7486364E-05         1.0000000E+30                 0       
 NEXT SEEDS: DA6F4A9       1       0       0       0       0   181CD    3039       0       0
  249999976                    24                    24             2.7486364E-05         1.0000000E+30                 0       
 NEXT SEEDS: DA6F4AD       1       0       0       0       0   181CD    3039       0       0
  249999977                    23                    23             2.7486364E-05         1.0000000E+30                 0       
 NEXT SEEDS: DA6F4B3       1       0       0       0       0   181CD    3039       0       0
  249999978                    22                    22             2.7486364E-05         1.0000000E+30                 0       
 NEXT SEEDS: DA6F4B7       1       0       0       0       0   181CD    3039       0       0
  249999979                    21                    21             2.7486364E-05         1.0000000E+30                 0       
 NEXT SEEDS: DA6F4BD       1       0       0       0       0   181CD    3039       0       0
  249999980                    20                    20             2.7486364E-05         1.0000000E+30                 0       
 NEXT SEEDS: DA6F4C1       1       0       0       0       0   181CD    3039       0       0
  249999981                    19                    19             2.7486364E-05         1.0000000E+30                 0       
 NEXT SEEDS: DA6F4C5       1       0       0       0       0   181CD    3039       0       0
  249999982                    18                    18             2.7486364E-05         1.0000000E+30                 0       
 NEXT SEEDS: DA6F4C9       1       0       0       0       0   181CD    3039       0       0
  249999983                    17                    17             2.7486364E-05         1.0000000E+30                 0       
 NEXT SEEDS: DA6F4CF       1       0       0       0       0   181CD    3039       0       0
  249999984                    16                    16             2.7486363E-05         1.0000000E+30                 0       
 NEXT SEEDS: DA6F4D3       1       0       0       0       0   181CD    3039       0       0
  249999985                    15                    15             2.7486363E-05         1.0000000E+30                 0       
 NEXT SEEDS: DA6F4D7       1       0       0       0       0   181CD    3039       0       0
  249999986                    14                    14             2.7486363E-05         1.0000000E+30                 0       
 NEXT SEEDS: DA6F4DB       1       0       0       0       0   181CD    3039       0       0
  249999987                    13                    13             2.7486363E-05         1.0000000E+30                 0       
 NEXT SEEDS: DA6F4DF       1       0       0       0       0   181CD    3039       0       0
  249999988                    12                    12             2.7486363E-05         1.0000000E+30                 0       
 NEXT SEEDS: DA6F4E3       1       0       0       0       0   181CD    3039       0       0
  249999989                    11                    11             2.7486363E-05         1.0000000E+30                 0       
 NEXT SEEDS: DA6F4E7       1       0       0       0       0   181CD    3039       0       0
  249999990                    10                    10             2.7486363E-05         1.0000000E+30                 0       
 NEXT SEEDS: DA6F4EB       1       0       0       0       0   181CD    3039       0       0
  249999991                     9                     9             2.7486363E-05         1.0000000E+30                 0       
 NEXT SEEDS: DA6F4EF       1       0       0       0       0   181CD    3039       0       0
  249999992                     8                     8             2.7486363E-05         1.0000000E+30                 0       
 NEXT SEEDS: DA6F4F3       1       0       0       0       0   181CD    3039       0       0
  249999993                     7                     7             2.7486363E-05         1.0000000E+30                 0       
 NEXT SEEDS: DA6F4F7       1       0       0       0       0   181CD    3039       0       0
  249999994                     6                     6             2.7486362E-05         1.0000000E+30                 0       
 NEXT SEEDS: DA6F4FB       1       0       0       0       0   181CD    3039       0       0
  249999995                     5                     5             2.7486362E-05         1.0000000E+30                 0       
 NEXT SEEDS: DA6F4FF       1       0       0       0       0   181CD    3039       0       0
  249999996                     4                     4             2.7486364E-05         1.0000000E+30                 0       
 NEXT SEEDS: DA6F503       1       0       0       0       0   181CD    3039       0       0
  249999997                     3                     3             2.7486364E-05         1.0000000E+30                 0       
 NEXT SEEDS: DA6F507       1       0       0       0       0   181CD    3039       0       0
  249999998                     2                     2             2.7486364E-05         1.0000000E+30                 0       
 NEXT SEEDS: DA6F50B       1       0       0       0       0   181CD    3039       0       0
  249999999                     1                     1             2.7486366E-05         1.0000000E+30                 0       
 NEXT SEEDS: DA6F50F       1       0       0       0       0   181CD    3039       0       0
  250000000                     0                     1             2.7486366E-05         1.0000000E+30                 0       
 NEXT SEEDS: DA6F513       1       0       0       0       0   181CD    3039       0       0
