1NUMBER OF BEAM       NUMBER OF BEAM        APPROXIMATE NUMBER    AVERAGE TIME USED     TIME LEFT (RESERVED   NUMBER OF STARS
 PARTICLES HANDLED    PARTICLES LEFT        OF BEAM PARTICLES     BY A BEAM PARTICLE     10000.0 SECONDS      CREATED
                                            THAT CAN STILL BE                           FOR PRINTOUT)
                                            HANDLED

 NEXT SEEDS:       0       0       0       0       0       0   181CD    3039       0       0
          1             249999999             249999999             7.1048737E-05         1.0000000E+30                 0       
 NEXT SEEDS:       4       0       0       0       0       0   181CD    3039       0       0
    5000000             245000000             245000000             2.6459830E-05         1.0000000E+30                 0       
 NEXT SEEDS: 1772C28       0       0       0       0       0   181CD    3039       0       0
   10000000             240000000             240000000             2.6454680E-05         1.0000000E+30                 0       
 NEXT SEEDS: 2EE5484       0       0       0       0       0   181CD    3039       0       0
   15000000             235000000             235000000             2.6433082E-05         1.0000000E+30                 0       
 NEXT SEEDS: 4652B30       0       0       0       0       0   181CD    3039       0       0
   20000000             230000000             230000000             2.6412760E-05         1.0000000E+30                 0       
 NEXT SEEDS: 5DC19D1       0       0       0       0       0   181CD    3039       0       0
   25000000             225000000             225000000             2.6409642E-05         1.0000000E+30                 0       
 NEXT SEEDS: 7530F6D       0       0       0       0       0   181CD    3039       0       0
   30000000             220000000             220000000             2.6416502E-05         1.0000000E+30                 0       
 NEXT SEEDS: 8CA267D       0       0       0       0       0   181CD    3039       0       0
   35000000             215000000             215000000             2.6418820E-05         1.0000000E+30                 0       
 NEXT SEEDS: A417A42       0       0       0       0       0   181CD    3039       0       0
   40000000             210000000             210000000             2.6418822E-05         1.0000000E+30                 0       
 NEXT SEEDS: BB8900F       0       0       0       0       0   181CD    3039       0       0
   45000000             205000000             205000000             2.6410988E-05         1.0000000E+30                 0       
 NEXT SEEDS: D2FC2C9       0       0       0       0       0   181CD    3039       0       0
   50000000             200000000             200000000             2.6408988E-05         1.0000000E+30                 0       
 NEXT SEEDS: EA6D4A4       0       0       0       0       0   181CD    3039       0       0
   55000000             195000000             195000000             2.6402330E-05         1.0000000E+30                 0       
 NEXT SEEDS:101DD3C3       0       0       0       0       0   181CD    3039       0       0
   60000000             190000000             190000000             2.6410518E-05         1.0000000E+30                 0       
 NEXT SEEDS:119524FD       0       0       0       0       0   181CD    3039       0       0
   65000000             185000000             185000000             2.6413820E-05         1.0000000E+30                 0       
 NEXT SEEDS:130C3F3B       0       0       0       0       0   181CD    3039       0       0
   70000000             180000000             180000000             2.6411205E-05         1.0000000E+30                 0       
 NEXT SEEDS:14835AD4       0       0       0       0       0   181CD    3039       0       0
   75000000             175000000             175000000             2.6413435E-05         1.0000000E+30                 0       
 NEXT SEEDS:15FAA1D4       0       0       0       0       0   181CD    3039       0       0
   80000000             170000000             170000000             2.6412527E-05         1.0000000E+30                 0       
 NEXT SEEDS:1771958B       0       0       0       0       0   181CD    3039       0       0
  *** Emfgeo: Ncoun  2000000000
   85000000             165000000             165000000             2.6415110E-05         1.0000000E+30                 0       
 NEXT SEEDS:18E8B233       0       0       0       0       0   181CD    3039       0       0
   90000000             160000000             160000000             2.6413191E-05         1.0000000E+30                 0       
 NEXT SEEDS:1A5FC998       0       0       0       0       0   181CD    3039       0       0
   95000000             155000000             155000000             2.6415180E-05         1.0000000E+30                 0       
 NEXT SEEDS:1BD6A740       0       0       0       0       0   181CD    3039       0       0
  100000000             150000000             150000000             2.6417661E-05         1.0000000E+30                 0       
 NEXT SEEDS:1D4DED54       0       0       0       0       0   181CD    3039       0       0
  105000000             145000000             145000000             2.6419301E-05         1.0000000E+30                 0       
 NEXT SEEDS:1EC4E58F       0       0       0       0       0   181CD    3039       0       0
  110000000             140000000             140000000             2.6417551E-05         1.0000000E+30                 0       
 NEXT SEEDS:203BE776       0       0       0       0       0   181CD    3039       0       0
  115000000             135000000             135000000             2.6415901E-05         1.0000000E+30                 0       
 NEXT SEEDS:21B2CE0D       0       0       0       0       0   181CD    3039       0       0
  120000000             130000000             130000000             2.6411293E-05         1.0000000E+30                 0       
 NEXT SEEDS:23299389       0       0       0       0       0   181CD    3039       0       0
  125000000             125000000             125000000             2.6411359E-05         1.0000000E+30                 0       
 NEXT SEEDS:24A0BE9D       0       0       0       0       0   181CD    3039       0       0
  130000000             120000000             120000000             2.6413514E-05         1.0000000E+30                 0       
 NEXT SEEDS:2617B61B       0       0       0       0       0   181CD    3039       0       0
  135000000             115000000             115000000             2.6413776E-05         1.0000000E+30                 0       
 NEXT SEEDS:278EBC97       0       0       0       0       0   181CD    3039       0       0
  140000000             110000000             110000000             2.6413902E-05         1.0000000E+30                 0       
 NEXT SEEDS:2905B51A       0       0       0       0       0   181CD    3039       0       0
  145000000             105000000             105000000             2.6413604E-05         1.0000000E+30                 0       
 NEXT SEEDS:2A7C9FE5       0       0       0       0       0   181CD    3039       0       0
  150000000             100000000             100000000             2.6413475E-05         1.0000000E+30                 0       
 NEXT SEEDS:2BF3C0D8       0       0       0       0       0   181CD    3039       0       0
  155000000              95000000              95000000             2.6411644E-05         1.0000000E+30                 0       
 NEXT SEEDS:2D6AECF5       0       0       0       0       0   181CD    3039       0       0
  160000000              90000000              90000000             2.6412147E-05         1.0000000E+30                 0       
 NEXT SEEDS:2EE204F8       0       0       0       0       0   181CD    3039       0       0
  *** Emfgeo: Ncoun  2000000000
  165000000              85000000              85000000             2.6409924E-05         1.0000000E+30                 0       
 NEXT SEEDS:3058E3E9       0       0       0       0       0   181CD    3039       0       0
  170000000              80000000              80000000             2.6409709E-05         1.0000000E+30                 0       
 NEXT SEEDS:31CFB862       0       0       0       0       0   181CD    3039       0       0
  175000000              75000000              75000000             2.6408645E-05         1.0000000E+30                 0       
 NEXT SEEDS:3346DF53       0       0       0       0       0   181CD    3039       0       0
  180000000              70000000              70000000             2.6408446E-05         1.0000000E+30                 0       
 NEXT SEEDS:34BDDBAE       0       0       0       0       0   181CD    3039       0       0
  185000000              65000000              65000000             2.6407075E-05         1.0000000E+30                 0       
 NEXT SEEDS:3634E778       0       0       0       0       0   181CD    3039       0       0
  190000000              60000000              60000000             2.6406770E-05         1.0000000E+30                 0       
 NEXT SEEDS:37AC3A65       0       0       0       0       0   181CD    3039       0       0
  195000000              55000000              55000000             2.6405903E-05         1.0000000E+30                 0       
 NEXT SEEDS:39232628       0       0       0       0       0   181CD    3039       0       0
  200000000              50000000              50000000             2.6405619E-05         1.0000000E+30                 0       
 NEXT SEEDS:3A9A5A75       0       0       0       0       0   181CD    3039       0       0
  205000000              45000000              45000000             2.6404734E-05         1.0000000E+30                 0       
 NEXT SEEDS:  76AF72       1       0       0       0       0   181CD    3039       0       0
  210000000              40000000              40000000             2.6404161E-05         1.0000000E+30                 0       
 NEXT SEEDS: 1EDCCC6       1       0       0       0       0   181CD    3039       0       0
  215000000              35000000              35000000             2.6404423E-05         1.0000000E+30                 0       
 NEXT SEEDS: 364E35C       1       0       0       0       0   181CD    3039       0       0
  220000000              30000000              30000000             2.6403794E-05         1.0000000E+30                 0       
 NEXT SEEDS: 4DBE7B7       1       0       0       0       0   181CD    3039       0       0
  225000000              25000000              25000000             2.6403276E-05         1.0000000E+30                 0       
 NEXT SEEDS: 652F0DD       1       0       0       0       0   181CD    3039       0       0
  230000000              20000000              20000000             2.6403041E-05         1.0000000E+30                 0       
 NEXT SEEDS: 7CA0252       1       0       0       0       0   181CD    3039       0       0
  235000000              15000000              15000000             2.6404329E-05         1.0000000E+30                 0       
 NEXT SEEDS: 940F8A6       1       0       0       0       0   181CD    3039       0       0
  240000000              10000000              10000000             2.6405482E-05         1.0000000E+30                 0       
 NEXT SEEDS: AB80D8E       1       0       0       0       0   181CD    3039       0       0
  *** Emfgeo: Ncoun  2000000000
  245000000               5000000               5000000             2.6406390E-05         1.0000000E+30                 0       
 NEXT SEEDS: C2EF156       1       0       0       0       0   181CD    3039       0       0
  249999950                    50                    50             2.6406875E-05         1.0000000E+30                 0       
 NEXT SEEDS: DA64896       1       0       0       0       0   181CD    3039       0       0
  249999951                    49                    49             2.6406877E-05         1.0000000E+30                 0       
 NEXT SEEDS: DA6489A       1       0       0       0       0   181CD    3039       0       0
  249999952                    48                    48             2.6406879E-05         1.0000000E+30                 0       
 NEXT SEEDS: DA648AC       1       0       0       0       0   181CD    3039       0       0
  249999953                    47                    47             2.6406879E-05         1.0000000E+30                 0       
 NEXT SEEDS: DA648B0       1       0       0       0       0   181CD    3039       0       0
  249999954                    46                    46             2.6406879E-05         1.0000000E+30                 0       
 NEXT SEEDS: DA648B4       1       0       0       0       0   181CD    3039       0       0
  249999955                    45                    45             2.6406881E-05         1.0000000E+30                 0       
 NEXT SEEDS: DA648B8       1       0       0       0       0   181CD    3039       0       0
  249999956                    44                    44             2.6406882E-05         1.0000000E+30                 0       
 NEXT SEEDS: DA648BC       1       0       0       0       0   181CD    3039       0       0
  249999957                    43                    43             2.6406882E-05         1.0000000E+30                 0       
 NEXT SEEDS: DA648C0       1       0       0       0       0   181CD    3039       0       0
  249999958                    42                    42             2.6406882E-05         1.0000000E+30                 0       
 NEXT SEEDS: DA648C4       1       0       0       0       0   181CD    3039       0       0
  249999959                    41                    41             2.6406882E-05         1.0000000E+30                 0       
 NEXT SEEDS: DA648C8       1       0       0       0       0   181CD    3039       0       0
  249999960                    40                    40             2.6406884E-05         1.0000000E+30                 0       
 NEXT SEEDS: DA648CC       1       0       0       0       0   181CD    3039       0       0
  249999961                    39                    39             2.6406884E-05         1.0000000E+30                 0       
 NEXT SEEDS: DA648D2       1       0       0       0       0   181CD    3039       0       0
  249999962                    38                    38             2.6406884E-05         1.0000000E+30                 0       
 NEXT SEEDS: DA648D6       1       0       0       0       0   181CD    3039       0       0
  249999963                    37                    37             2.6406884E-05         1.0000000E+30                 0       
 NEXT SEEDS: DA648DA       1       0       0       0       0   181CD    3039       0       0
  249999964                    36                    36             2.6406884E-05         1.0000000E+30                 0       
 NEXT SEEDS: DA648DE       1       0       0       0       0   181CD    3039       0       0
  249999965                    35                    35             2.6406883E-05         1.0000000E+30                 0       
 NEXT SEEDS: DA648E2       1       0       0       0       0   181CD    3039       0       0
  249999966                    34                    34             2.6406883E-05         1.0000000E+30                 0       
 NEXT SEEDS: DA648E6       1       0       0       0       0   181CD    3039       0       0
  249999967                    33                    33             2.6406883E-05         1.0000000E+30                 0       
 NEXT SEEDS: DA648EA       1       0       0       0       0   181CD    3039       0       0
  249999968                    32                    32             2.6406883E-05         1.0000000E+30                 0       
 NEXT SEEDS: DA648EE       1       0       0       0       0   181CD    3039       0       0
  249999969                    31                    31             2.6406883E-05         1.0000000E+30                 0       
 NEXT SEEDS: DA648F2       1       0       0       0       0   181CD    3039       0       0
  249999970                    30                    30             2.6406883E-05         1.0000000E+30                 0       
 NEXT SEEDS: DA648F6       1       0       0       0       0   181CD    3039       0       0
  249999971                    29                    29             2.6406883E-05         1.0000000E+30                 0       
 NEXT SEEDS: DA648FA       1       0       0       0       0   181CD    3039       0       0
  249999972                    28                    28             2.6406883E-05         1.0000000E+30                 0       
 NEXT SEEDS: DA648FE       1       0       0       0       0   181CD    3039       0       0
  249999973                    27                    27             2.6406883E-05         1.0000000E+30                 0       
 NEXT SEEDS: DA64902       1       0       0       0       0   181CD    3039       0       0
  249999974                    26                    26             2.6406884E-05         1.0000000E+30                 0       
 NEXT SEEDS: DA64906       1       0       0       0       0   181CD    3039       0       0
  249999975                    25                    25             2.6406884E-05         1.0000000E+30                 0       
 NEXT SEEDS: DA6490A       1       0       0       0       0   181CD    3039       0       0
  249999976                    24                    24             2.6406884E-05         1.0000000E+30                 0       
 NEXT SEEDS: DA6490E       1       0       0       0       0   181CD    3039       0       0
  249999977                    23                    23             2.6406886E-05         1.0000000E+30                 0       
 NEXT SEEDS: DA64912       1       0       0       0       0   181CD    3039       0       0
  249999978                    22                    22             2.6406886E-05         1.0000000E+30                 0       
 NEXT SEEDS: DA64916       1       0       0       0       0   181CD    3039       0       0
  249999979                    21                    21             2.6406886E-05         1.0000000E+30                 0       
 NEXT SEEDS: DA6491A       1       0       0       0       0   181CD    3039       0       0
  249999980                    20                    20             2.6406888E-05         1.0000000E+30                 0       
 NEXT SEEDS: DA6491E       1       0       0       0       0   181CD    3039       0       0
  249999981                    19                    19             2.6406888E-05         1.0000000E+30                 0       
 NEXT SEEDS: DA64922       1       0       0       0       0   181CD    3039       0       0
  249999982                    18                    18             2.6406887E-05         1.0000000E+30                 0       
 NEXT SEEDS: DA64936       1       0       0       0       0   181CD    3039       0       0
  249999983                    17                    17             2.6406889E-05         1.0000000E+30                 0       
 NEXT SEEDS: DA6493A       1       0       0       0       0   181CD    3039       0       0
  249999984                    16                    16             2.6406889E-05         1.0000000E+30                 0       
 NEXT SEEDS: DA6493E       1       0       0       0       0   181CD    3039       0       0
  249999985                    15                    15             2.6406889E-05         1.0000000E+30                 0       
 NEXT SEEDS: DA64942       1       0       0       0       0   181CD    3039       0       0
  249999986                    14                    14             2.6406889E-05         1.0000000E+30                 0       
 NEXT SEEDS: DA64946       1       0       0       0       0   181CD    3039       0       0
  249999987                    13                    13             2.6406889E-05         1.0000000E+30                 0       
 NEXT SEEDS: DA6494A       1       0       0       0       0   181CD    3039       0       0
  249999988                    12                    12             2.6406889E-05         1.0000000E+30                 0       
 NEXT SEEDS: DA6494E       1       0       0       0       0   181CD    3039       0       0
  249999989                    11                    11             2.6406889E-05         1.0000000E+30                 0       
 NEXT SEEDS: DA64952       1       0       0       0       0   181CD    3039       0       0
  249999990                    10                    10             2.6406889E-05         1.0000000E+30                 0       
 NEXT SEEDS: DA64956       1       0       0       0       0   181CD    3039       0       0
  249999991                     9                     9             2.6406888E-05         1.0000000E+30                 0       
 NEXT SEEDS: DA6495A       1       0       0       0       0   181CD    3039       0       0
  249999992                     8                     8             2.6406888E-05         1.0000000E+30                 0       
 NEXT SEEDS: DA6495E       1       0       0       0       0   181CD    3039       0       0
  249999993                     7                     7             2.6406888E-05         1.0000000E+30                 0       
 NEXT SEEDS: DA64962       1       0       0       0       0   181CD    3039       0       0
  249999994                     6                     6             2.6406888E-05         1.0000000E+30                 0       
 NEXT SEEDS: DA64966       1       0       0       0       0   181CD    3039       0       0
  249999995                     5                     5             2.6406888E-05         1.0000000E+30                 0       
 NEXT SEEDS: DA64971       1       0       0       0       0   181CD    3039       0       0
  249999996                     4                     4             2.6406888E-05         1.0000000E+30                 0       
 NEXT SEEDS: DA64975       1       0       0       0       0   181CD    3039       0       0
  249999997                     3                     3             2.6406888E-05         1.0000000E+30                 0       
 NEXT SEEDS: DA64979       1       0       0       0       0   181CD    3039       0       0
  249999998                     2                     2             2.6406888E-05         1.0000000E+30                 0       
 NEXT SEEDS: DA6497F       1       0       0       0       0   181CD    3039       0       0
  249999999                     1                     1             2.6406888E-05         1.0000000E+30                 0       
 NEXT SEEDS: DA64985       1       0       0       0       0   181CD    3039       0       0
  250000000                     0                     1             2.6406888E-05         1.0000000E+30                 0       
 NEXT SEEDS: DA64989       1       0       0       0       0   181CD    3039       0       0
