1NUMBER OF BEAM       NUMBER OF BEAM        APPROXIMATE NUMBER    AVERAGE TIME USED     TIME LEFT (RESERVED   NUMBER OF STARS
 PARTICLES HANDLED    PARTICLES LEFT        OF BEAM PARTICLES     BY A BEAM PARTICLE     10000.0 SECONDS      CREATED
                                            THAT CAN STILL BE                           FOR PRINTOUT)
                                            HANDLED

 NEXT SEEDS:       0       0       0       0       0       0   181CD    3039       0       0
          1             249999999             249999999             8.8930130E-05         1.0000000E+30                 0       
 NEXT SEEDS:       4       0       0       0       0       0   181CD    3039       0       0
    5000000             245000000             245000000             2.7089035E-05         1.0000000E+30                 0       
 NEXT SEEDS: 1773778       0       0       0       0       0   181CD    3039       0       0
   10000000             240000000             240000000             2.7126814E-05         1.0000000E+30                 0       
 NEXT SEEDS: 2EE3E5B       0       0       0       0       0   181CD    3039       0       0
   15000000             235000000             235000000             2.7114985E-05         1.0000000E+30                 0       
 NEXT SEEDS: 465626B       0       0       0       0       0   181CD    3039       0       0
   20000000             230000000             230000000             2.7095216E-05         1.0000000E+30                 0       
 NEXT SEEDS: 5DC6DB1       0       0       0       0       0   181CD    3039       0       0
   25000000             225000000             225000000             2.7082952E-05         1.0000000E+30                 0       
 NEXT SEEDS: 75391A3       0       0       0       0       0   181CD    3039       0       0
   30000000             220000000             220000000             2.7082243E-05         1.0000000E+30                 0       
 NEXT SEEDS: 8CAC3EA       0       0       0       0       0   181CD    3039       0       0
   35000000             215000000             215000000             2.7080410E-05         1.0000000E+30                 0       
 NEXT SEEDS: A41A738       0       0       0       0       0   181CD    3039       0       0
   40000000             210000000             210000000             2.7080433E-05         1.0000000E+30                 0       
 NEXT SEEDS: BB8A878       0       0       0       0       0   181CD    3039       0       0
   45000000             205000000             205000000             2.7074935E-05         1.0000000E+30                 0       
 NEXT SEEDS: D2F985E       0       0       0       0       0   181CD    3039       0       0
   50000000             200000000             200000000             2.7075240E-05         1.0000000E+30                 0       
 NEXT SEEDS: EA66BBE       0       0       0       0       0   181CD    3039       0       0
   55000000             195000000             195000000             2.7076898E-05         1.0000000E+30                 0       
 NEXT SEEDS:101D7F5F       0       0       0       0       0   181CD    3039       0       0
   60000000             190000000             190000000             2.7073637E-05         1.0000000E+30                 0       
 NEXT SEEDS:11948915       0       0       0       0       0   181CD    3039       0       0
   65000000             185000000             185000000             2.7070065E-05         1.0000000E+30                 0       
 NEXT SEEDS:130B7FD7       0       0       0       0       0   181CD    3039       0       0
   70000000             180000000             180000000             2.7094331E-05         1.0000000E+30                 0       
 NEXT SEEDS:1482ACC4       0       0       0       0       0   181CD    3039       0       0
   75000000             175000000             175000000             2.7095542E-05         1.0000000E+30                 0       
 NEXT SEEDS:15F993D6       0       0       0       0       0   181CD    3039       0       0
   80000000             170000000             170000000             2.7103304E-05         1.0000000E+30                 0       
 NEXT SEEDS:17709D74       0       0       0       0       0   181CD    3039       0       0
  *** Emfgeo: Ncoun  2000000000
   85000000             165000000             165000000             2.7102463E-05         1.0000000E+30                 0       
 NEXT SEEDS:18E7B393       0       0       0       0       0   181CD    3039       0       0
   90000000             160000000             160000000             2.7097397E-05         1.0000000E+30                 0       
 NEXT SEEDS:1A5EE994       0       0       0       0       0   181CD    3039       0       0
   95000000             155000000             155000000             2.7096034E-05         1.0000000E+30                 0       
 NEXT SEEDS:1BD626B9       0       0       0       0       0   181CD    3039       0       0
  100000000             150000000             150000000             2.7094489E-05         1.0000000E+30                 0       
 NEXT SEEDS:1D4D1C9B       0       0       0       0       0   181CD    3039       0       0
  105000000             145000000             145000000             2.7093798E-05         1.0000000E+30                 0       
 NEXT SEEDS:1EC42DE7       0       0       0       0       0   181CD    3039       0       0
  110000000             140000000             140000000             2.7092040E-05         1.0000000E+30                 0       
 NEXT SEEDS:203B5645       0       0       0       0       0   181CD    3039       0       0
  115000000             135000000             135000000             2.7088807E-05         1.0000000E+30                 0       
 NEXT SEEDS:21B26F03       0       0       0       0       0   181CD    3039       0       0
  120000000             130000000             130000000             2.7085068E-05         1.0000000E+30                 0       
 NEXT SEEDS:2329495E       0       0       0       0       0   181CD    3039       0       0
  125000000             125000000             125000000             2.7084900E-05         1.0000000E+30                 0       
 NEXT SEEDS:24A05E70       0       0       0       0       0   181CD    3039       0       0
  130000000             120000000             120000000             2.7084269E-05         1.0000000E+30                 0       
 NEXT SEEDS:261762DD       0       0       0       0       0   181CD    3039       0       0
  135000000             115000000             115000000             2.7081761E-05         1.0000000E+30                 0       
 NEXT SEEDS:278E744C       0       0       0       0       0   181CD    3039       0       0
  140000000             110000000             110000000             2.7081523E-05         1.0000000E+30                 0       
 NEXT SEEDS:2905B3C7       0       0       0       0       0   181CD    3039       0       0
  145000000             105000000             105000000             2.7080209E-05         1.0000000E+30                 0       
 NEXT SEEDS:2A7CDCD0       0       0       0       0       0   181CD    3039       0       0
  150000000             100000000             100000000             2.7078041E-05         1.0000000E+30                 0       
 NEXT SEEDS:2BF40FCD       0       0       0       0       0   181CD    3039       0       0
  155000000              95000000              95000000             2.7077897E-05         1.0000000E+30                 0       
 NEXT SEEDS:2D6B2261       0       0       0       0       0   181CD    3039       0       0
  160000000              90000000              90000000             2.7076592E-05         1.0000000E+30                 0       
 NEXT SEEDS:2EE1E205       0       0       0       0       0   181CD    3039       0       0
  *** Emfgeo: Ncoun  2000000000
  165000000              85000000              85000000             2.7075476E-05         1.0000000E+30                 0       
 NEXT SEEDS:3058FCAF       0       0       0       0       0   181CD    3039       0       0
  170000000              80000000              80000000             2.7076249E-05         1.0000000E+30                 0       
 NEXT SEEDS:31D0628E       0       0       0       0       0   181CD    3039       0       0
  175000000              75000000              75000000             2.7076216E-05         1.0000000E+30                 0       
 NEXT SEEDS:33478FFD       0       0       0       0       0   181CD    3039       0       0
  180000000              70000000              70000000             2.7075778E-05         1.0000000E+30                 0       
 NEXT SEEDS:34BEA7F0       0       0       0       0       0   181CD    3039       0       0
  185000000              65000000              65000000             2.7073548E-05         1.0000000E+30                 0       
 NEXT SEEDS:363573AA       0       0       0       0       0   181CD    3039       0       0
  190000000              60000000              60000000             2.7074586E-05         1.0000000E+30                 0       
 NEXT SEEDS:37ACD1A1       0       0       0       0       0   181CD    3039       0       0
  195000000              55000000              55000000             2.7078207E-05         1.0000000E+30                 0       
 NEXT SEEDS:39240118       0       0       0       0       0   181CD    3039       0       0
  200000000              50000000              50000000             2.7078090E-05         1.0000000E+30                 0       
 NEXT SEEDS:3A9B2FE8       0       0       0       0       0   181CD    3039       0       0
  205000000              45000000              45000000             2.7076879E-05         1.0000000E+30                 0       
 NEXT SEEDS:  77910C       1       0       0       0       0   181CD    3039       0       0
  210000000              40000000              40000000             2.7076323E-05         1.0000000E+30                 0       
 NEXT SEEDS: 1EEA0A0       1       0       0       0       0   181CD    3039       0       0
  215000000              35000000              35000000             2.7077677E-05         1.0000000E+30                 0       
 NEXT SEEDS: 365BBC9       1       0       0       0       0   181CD    3039       0       0
  220000000              30000000              30000000             2.7077623E-05         1.0000000E+30                 0       
 NEXT SEEDS: 4DD1541       1       0       0       0       0   181CD    3039       0       0
  225000000              25000000              25000000             2.7078550E-05         1.0000000E+30                 0       
 NEXT SEEDS: 654593C       1       0       0       0       0   181CD    3039       0       0
  230000000              20000000              20000000             2.7076681E-05         1.0000000E+30                 0       
 NEXT SEEDS: 7CB2A34       1       0       0       0       0   181CD    3039       0       0
  235000000              15000000              15000000             2.7077694E-05         1.0000000E+30                 0       
 NEXT SEEDS: 9425EA3       1       0       0       0       0   181CD    3039       0       0
  240000000              10000000              10000000             2.7075819E-05         1.0000000E+30                 0       
 NEXT SEEDS: AB96799       1       0       0       0       0   181CD    3039       0       0
  *** Emfgeo: Ncoun  2000000000
  245000000               5000000               5000000             2.7076271E-05         1.0000000E+30                 0       
 NEXT SEEDS: C30B48D       1       0       0       0       0   181CD    3039       0       0
  249999950                    50                    50             2.7075624E-05         1.0000000E+30                 0       
 NEXT SEEDS: DA7BF44       1       0       0       0       0   181CD    3039       0       0
  249999951                    49                    49             2.7075626E-05         1.0000000E+30                 0       
 NEXT SEEDS: DA7BF48       1       0       0       0       0   181CD    3039       0       0
  249999952                    48                    48             2.7075628E-05         1.0000000E+30                 0       
 NEXT SEEDS: DA7BF69       1       0       0       0       0   181CD    3039       0       0
  249999953                    47                    47             2.7075628E-05         1.0000000E+30                 0       
 NEXT SEEDS: DA7BF6D       1       0       0       0       0   181CD    3039       0       0
  249999954                    46                    46             2.7075628E-05         1.0000000E+30                 0       
 NEXT SEEDS: DA7BF71       1       0       0       0       0   181CD    3039       0       0
  249999955                    45                    45             2.7075629E-05         1.0000000E+30                 0       
 NEXT SEEDS: DA7BF75       1       0       0       0       0   181CD    3039       0       0
  249999956                    44                    44             2.7075629E-05         1.0000000E+30                 0       
 NEXT SEEDS: DA7BF79       1       0       0       0       0   181CD    3039       0       0
  249999957                    43                    43             2.7075631E-05         1.0000000E+30                 0       
 NEXT SEEDS: DA7BF7D       1       0       0       0       0   181CD    3039       0       0
  249999958                    42                    42             2.7075631E-05         1.0000000E+30                 0       
 NEXT SEEDS: DA7BF83       1       0       0       0       0   181CD    3039       0       0
  249999959                    41                    41             2.7075633E-05         1.0000000E+30                 0       
 NEXT SEEDS: DA7BF87       1       0       0       0       0   181CD    3039       0       0
  249999960                    40                    40             2.7075633E-05         1.0000000E+30                 0       
 NEXT SEEDS: DA7BF8D       1       0       0       0       0   181CD    3039       0       0
  249999961                    39                    39             2.7075635E-05         1.0000000E+30                 0       
 NEXT SEEDS: DA7BF91       1       0       0       0       0   181CD    3039       0       0
  249999962                    38                    38             2.7075635E-05         1.0000000E+30                 0       
 NEXT SEEDS: DA7BF95       1       0       0       0       0   181CD    3039       0       0
  249999963                    37                    37             2.7075634E-05         1.0000000E+30                 0       
 NEXT SEEDS: DA7BF99       1       0       0       0       0   181CD    3039       0       0
  249999964                    36                    36             2.7075634E-05         1.0000000E+30                 0       
 NEXT SEEDS: DA7BF9D       1       0       0       0       0   181CD    3039       0       0
  249999965                    35                    35             2.7075634E-05         1.0000000E+30                 0       
 NEXT SEEDS: DA7BFA1       1       0       0       0       0   181CD    3039       0       0
  249999966                    34                    34             2.7075634E-05         1.0000000E+30                 0       
 NEXT SEEDS: DA7BFA5       1       0       0       0       0   181CD    3039       0       0
  249999967                    33                    33             2.7075634E-05         1.0000000E+30                 0       
 NEXT SEEDS: DA7BFA9       1       0       0       0       0   181CD    3039       0       0
  249999968                    32                    32             2.7075634E-05         1.0000000E+30                 0       
 NEXT SEEDS: DA7BFAD       1       0       0       0       0   181CD    3039       0       0
  249999969                    31                    31             2.7075636E-05         1.0000000E+30                 0       
 NEXT SEEDS: DA7BFB1       1       0       0       0       0   181CD    3039       0       0
  249999970                    30                    30             2.7075636E-05         1.0000000E+30                 0       
 NEXT SEEDS: DA7BFB5       1       0       0       0       0   181CD    3039       0       0
  249999971                    29                    29             2.7075637E-05         1.0000000E+30                 0       
 NEXT SEEDS: DA7BFB9       1       0       0       0       0   181CD    3039       0       0
  249999972                    28                    28             2.7075637E-05         1.0000000E+30                 0       
 NEXT SEEDS: DA7BFBD       1       0       0       0       0   181CD    3039       0       0
  249999973                    27                    27             2.7075637E-05         1.0000000E+30                 0       
 NEXT SEEDS: DA7BFC1       1       0       0       0       0   181CD    3039       0       0
  249999974                    26                    26             2.7075639E-05         1.0000000E+30                 0       
 NEXT SEEDS: DA7BFC5       1       0       0       0       0   181CD    3039       0       0
  249999975                    25                    25             2.7075639E-05         1.0000000E+30                 0       
 NEXT SEEDS: DA7BFC9       1       0       0       0       0   181CD    3039       0       0
  249999976                    24                    24             2.7075639E-05         1.0000000E+30                 0       
 NEXT SEEDS: DA7BFCD       1       0       0       0       0   181CD    3039       0       0
  249999977                    23                    23             2.7075639E-05         1.0000000E+30                 0       
 NEXT SEEDS: DA7BFD1       1       0       0       0       0   181CD    3039       0       0
  249999978                    22                    22             2.7075639E-05         1.0000000E+30                 0       
 NEXT SEEDS: DA7BFD5       1       0       0       0       0   181CD    3039       0       0
  249999979                    21                    21             2.7075639E-05         1.0000000E+30                 0       
 NEXT SEEDS: DA7BFD9       1       0       0       0       0   181CD    3039       0       0
  249999980                    20                    20             2.7075638E-05         1.0000000E+30                 0       
 NEXT SEEDS: DA7BFDD       1       0       0       0       0   181CD    3039       0       0
  249999981                    19                    19             2.7075638E-05         1.0000000E+30                 0       
 NEXT SEEDS: DA7BFE1       1       0       0       0       0   181CD    3039       0       0
  249999982                    18                    18             2.7075638E-05         1.0000000E+30                 0       
 NEXT SEEDS: DA7BFE5       1       0       0       0       0   181CD    3039       0       0
  249999983                    17                    17             2.7075638E-05         1.0000000E+30                 0       
 NEXT SEEDS: DA7BFE9       1       0       0       0       0   181CD    3039       0       0
  249999984                    16                    16             2.7075638E-05         1.0000000E+30                 0       
 NEXT SEEDS: DA7BFEF       1       0       0       0       0   181CD    3039       0       0
  249999985                    15                    15             2.7075638E-05         1.0000000E+30                 0       
 NEXT SEEDS: DA7BFF3       1       0       0       0       0   181CD    3039       0       0
  249999986                    14                    14             2.7075638E-05         1.0000000E+30                 0       
 NEXT SEEDS: DA7BFF7       1       0       0       0       0   181CD    3039       0       0
  249999987                    13                    13             2.7075638E-05         1.0000000E+30                 0       
 NEXT SEEDS: DA7BFFB       1       0       0       0       0   181CD    3039       0       0
  249999988                    12                    12             2.7075638E-05         1.0000000E+30                 0       
 NEXT SEEDS: DA7BFFF       1       0       0       0       0   181CD    3039       0       0
  249999989                    11                    11             2.7075637E-05         1.0000000E+30                 0       
 NEXT SEEDS: DA7C003       1       0       0       0       0   181CD    3039       0       0
  249999990                    10                    10             2.7075637E-05         1.0000000E+30                 0       
 NEXT SEEDS: DA7C007       1       0       0       0       0   181CD    3039       0       0
  249999991                     9                     9             2.7075637E-05         1.0000000E+30                 0       
 NEXT SEEDS: DA7C00B       1       0       0       0       0   181CD    3039       0       0
  249999992                     8                     8             2.7075637E-05         1.0000000E+30                 0       
 NEXT SEEDS: DA7C00F       1       0       0       0       0   181CD    3039       0       0
  249999993                     7                     7             2.7075639E-05         1.0000000E+30                 0       
 NEXT SEEDS: DA7C015       1       0       0       0       0   181CD    3039       0       0
  249999994                     6                     6             2.7075639E-05         1.0000000E+30                 0       
 NEXT SEEDS: DA7C019       1       0       0       0       0   181CD    3039       0       0
  249999995                     5                     5             2.7075639E-05         1.0000000E+30                 0       
 NEXT SEEDS: DA7C01D       1       0       0       0       0   181CD    3039       0       0
  249999996                     4                     4             2.7075641E-05         1.0000000E+30                 0       
 NEXT SEEDS: DA7C023       1       0       0       0       0   181CD    3039       0       0
  249999997                     3                     3             2.7075641E-05         1.0000000E+30                 0       
 NEXT SEEDS: DA7C027       1       0       0       0       0   181CD    3039       0       0
  249999998                     2                     2             2.7075642E-05         1.0000000E+30                 0       
 NEXT SEEDS: DA7C02B       1       0       0       0       0   181CD    3039       0       0
  249999999                     1                     1             2.7075642E-05         1.0000000E+30                 0       
 NEXT SEEDS: DA7C02F       1       0       0       0       0   181CD    3039       0       0
  250000000                     0                     1             2.7075642E-05         1.0000000E+30                 0       
 NEXT SEEDS: DA7C033       1       0       0       0       0   181CD    3039       0       0
