1NUMBER OF BEAM       NUMBER OF BEAM        APPROXIMATE NUMBER    AVERAGE TIME USED     TIME LEFT (RESERVED   NUMBER OF STARS
 PARTICLES HANDLED    PARTICLES LEFT        OF BEAM PARTICLES     BY A BEAM PARTICLE     10000.0 SECONDS      CREATED
                                            THAT CAN STILL BE                           FOR PRINTOUT)
                                            HANDLED

 NEXT SEEDS:       0       0       0       0       0       0   181CD    3039       0       0
          1             249999999             249999999             7.6055527E-05         1.0000000E+30                 0       
 NEXT SEEDS:       4       0       0       0       0       0   181CD    3039       0       0
    5000000             245000000             245000000             2.7216888E-05         1.0000000E+30                 0       
 NEXT SEEDS: 177246E       0       0       0       0       0   181CD    3039       0       0
   10000000             240000000             240000000             2.7307911E-05         1.0000000E+30                 0       
 NEXT SEEDS: 2EE11A3       0       0       0       0       0   181CD    3039       0       0
   15000000             235000000             235000000             2.7324311E-05         1.0000000E+30                 0       
 NEXT SEEDS: 4657CD9       0       0       0       0       0   181CD    3039       0       0
   20000000             230000000             230000000             2.7272764E-05         1.0000000E+30                 0       
 NEXT SEEDS: 5DC85F1       0       0       0       0       0   181CD    3039       0       0
   25000000             225000000             225000000             2.7256316E-05         1.0000000E+30                 0       
 NEXT SEEDS: 75379AC       0       0       0       0       0   181CD    3039       0       0
   30000000             220000000             220000000             2.7281238E-05         1.0000000E+30                 0       
 NEXT SEEDS: 8CA7492       0       0       0       0       0   181CD    3039       0       0
   35000000             215000000             215000000             2.7262047E-05         1.0000000E+30                 0       
 NEXT SEEDS: A4169FF       0       0       0       0       0   181CD    3039       0       0
   40000000             210000000             210000000             2.7246770E-05         1.0000000E+30                 0       
 NEXT SEEDS: BB8878D       0       0       0       0       0   181CD    3039       0       0
   45000000             205000000             205000000             2.7244603E-05         1.0000000E+30                 0       
 NEXT SEEDS: D2FBB5D       0       0       0       0       0   181CD    3039       0       0
   50000000             200000000             200000000             2.7244462E-05         1.0000000E+30                 0       
 NEXT SEEDS: EA68914       0       0       0       0       0   181CD    3039       0       0
   55000000             195000000             195000000             2.7240868E-05         1.0000000E+30                 0       
 NEXT SEEDS:101D9883       0       0       0       0       0   181CD    3039       0       0
   60000000             190000000             190000000             2.7235697E-05         1.0000000E+30                 0       
 NEXT SEEDS:1194AD03       0       0       0       0       0   181CD    3039       0       0
   65000000             185000000             185000000             2.7233339E-05         1.0000000E+30                 0       
 NEXT SEEDS:130BC94D       0       0       0       0       0   181CD    3039       0       0
   70000000             180000000             180000000             2.7230733E-05         1.0000000E+30                 0       
 NEXT SEEDS:1482CB79       0       0       0       0       0   181CD    3039       0       0
   75000000             175000000             175000000             2.7227560E-05         1.0000000E+30                 0       
 NEXT SEEDS:15F9E512       0       0       0       0       0   181CD    3039       0       0
   80000000             170000000             170000000             2.7234828E-05         1.0000000E+30                 0       
 NEXT SEEDS:1770D0D7       0       0       0       0       0   181CD    3039       0       0
  *** Emfgeo: Ncoun  2000000000
   85000000             165000000             165000000             2.7232529E-05         1.0000000E+30                 0       
 NEXT SEEDS:18E81258       0       0       0       0       0   181CD    3039       0       0
   90000000             160000000             160000000             2.7231278E-05         1.0000000E+30                 0       
 NEXT SEEDS:1A5F25E5       0       0       0       0       0   181CD    3039       0       0
   95000000             155000000             155000000             2.7227306E-05         1.0000000E+30                 0       
 NEXT SEEDS:1BD6411E       0       0       0       0       0   181CD    3039       0       0
  100000000             150000000             150000000             2.7225211E-05         1.0000000E+30                 0       
 NEXT SEEDS:1D4D3F2A       0       0       0       0       0   181CD    3039       0       0
  105000000             145000000             145000000             2.7221618E-05         1.0000000E+30                 0       
 NEXT SEEDS:1EC44E5A       0       0       0       0       0   181CD    3039       0       0
  110000000             140000000             140000000             2.7217716E-05         1.0000000E+30                 0       
 NEXT SEEDS:203B62E9       0       0       0       0       0   181CD    3039       0       0
  115000000             135000000             135000000             2.7215381E-05         1.0000000E+30                 0       
 NEXT SEEDS:21B27DF4       0       0       0       0       0   181CD    3039       0       0
  120000000             130000000             130000000             2.7212010E-05         1.0000000E+30                 0       
 NEXT SEEDS:2329A778       0       0       0       0       0   181CD    3039       0       0
  125000000             125000000             125000000             2.7211770E-05         1.0000000E+30                 0       
 NEXT SEEDS:24A0CD61       0       0       0       0       0   181CD    3039       0       0
  130000000             120000000             120000000             2.7209471E-05         1.0000000E+30                 0       
 NEXT SEEDS:2617D220       0       0       0       0       0   181CD    3039       0       0
  135000000             115000000             115000000             2.7208811E-05         1.0000000E+30                 0       
 NEXT SEEDS:278F04DE       0       0       0       0       0   181CD    3039       0       0
  140000000             110000000             110000000             2.7204521E-05         1.0000000E+30                 0       
 NEXT SEEDS:2905CC1E       0       0       0       0       0   181CD    3039       0       0
  145000000             105000000             105000000             2.7202481E-05         1.0000000E+30                 0       
 NEXT SEEDS:2A7D0C0C       0       0       0       0       0   181CD    3039       0       0
  150000000             100000000             100000000             2.7200456E-05         1.0000000E+30                 0       
 NEXT SEEDS:2BF417A2       0       0       0       0       0   181CD    3039       0       0
  155000000              95000000              95000000             2.7199249E-05         1.0000000E+30                 0       
 NEXT SEEDS:2D6B3539       0       0       0       0       0   181CD    3039       0       0
  160000000              90000000              90000000             2.7200115E-05         1.0000000E+30                 0       
 NEXT SEEDS:2EE242CD       0       0       0       0       0   181CD    3039       0       0
  *** Emfgeo: Ncoun  2000000000
  165000000              85000000              85000000             2.7200644E-05         1.0000000E+30                 0       
 NEXT SEEDS:30594FE7       0       0       0       0       0   181CD    3039       0       0
  170000000              80000000              80000000             2.7200045E-05         1.0000000E+30                 0       
 NEXT SEEDS:31D071A9       0       0       0       0       0   181CD    3039       0       0
  175000000              75000000              75000000             2.7199148E-05         1.0000000E+30                 0       
 NEXT SEEDS:3347A06E       0       0       0       0       0   181CD    3039       0       0
  180000000              70000000              70000000             2.7197162E-05         1.0000000E+30                 0       
 NEXT SEEDS:34BEA4CA       0       0       0       0       0   181CD    3039       0       0
  185000000              65000000              65000000             2.7195979E-05         1.0000000E+30                 0       
 NEXT SEEDS:3635AD4D       0       0       0       0       0   181CD    3039       0       0
  190000000              60000000              60000000             2.7194222E-05         1.0000000E+30                 0       
 NEXT SEEDS:37ACD4F1       0       0       0       0       0   181CD    3039       0       0
  195000000              55000000              55000000             2.7199463E-05         1.0000000E+30                 0       
 NEXT SEEDS:392406F7       0       0       0       0       0   181CD    3039       0       0
  200000000              50000000              50000000             2.7200900E-05         1.0000000E+30                 0       
 NEXT SEEDS:3A9B2522       0       0       0       0       0   181CD    3039       0       0
  205000000              45000000              45000000             2.7200764E-05         1.0000000E+30                 0       
 NEXT SEEDS:  779E15       1       0       0       0       0   181CD    3039       0       0
  210000000              40000000              40000000             2.7200499E-05         1.0000000E+30                 0       
 NEXT SEEDS: 1EEDCBA       1       0       0       0       0   181CD    3039       0       0
  215000000              35000000              35000000             2.7200172E-05         1.0000000E+30                 0       
 NEXT SEEDS: 3660BFC       1       0       0       0       0   181CD    3039       0       0
  220000000              30000000              30000000             2.7200037E-05         1.0000000E+30                 0       
 NEXT SEEDS: 4DD3156       1       0       0       0       0   181CD    3039       0       0
  225000000              25000000              25000000             2.7199715E-05         1.0000000E+30                 0       
 NEXT SEEDS: 65436DC       1       0       0       0       0   181CD    3039       0       0
  230000000              20000000              20000000             2.7201876E-05         1.0000000E+30                 0       
 NEXT SEEDS: 7CB0C33       1       0       0       0       0   181CD    3039       0       0
  235000000              15000000              15000000             2.7202447E-05         1.0000000E+30                 0       
 NEXT SEEDS: 941FFD0       1       0       0       0       0   181CD    3039       0       0
  240000000              10000000              10000000             2.7202443E-05         1.0000000E+30                 0       
 NEXT SEEDS: AB8EBD0       1       0       0       0       0   181CD    3039       0       0
  *** Emfgeo: Ncoun  2000000000
  245000000               5000000               5000000             2.7202108E-05         1.0000000E+30                 0       
 NEXT SEEDS: C2FCAB6       1       0       0       0       0   181CD    3039       0       0
  249999950                    50                    50             2.7202681E-05         1.0000000E+30                 0       
 NEXT SEEDS: DA705F3       1       0       0       0       0   181CD    3039       0       0
  249999951                    49                    49             2.7202682E-05         1.0000000E+30                 0       
 NEXT SEEDS: DA705F7       1       0       0       0       0   181CD    3039       0       0
  249999952                    48                    48             2.7202682E-05         1.0000000E+30                 0       
 NEXT SEEDS: DA705FB       1       0       0       0       0   181CD    3039       0       0
  249999953                    47                    47             2.7202682E-05         1.0000000E+30                 0       
 NEXT SEEDS: DA705FF       1       0       0       0       0   181CD    3039       0       0
  249999954                    46                    46             2.7202684E-05         1.0000000E+30                 0       
 NEXT SEEDS: DA70603       1       0       0       0       0   181CD    3039       0       0
  249999955                    45                    45             2.7202684E-05         1.0000000E+30                 0       
 NEXT SEEDS: DA70607       1       0       0       0       0   181CD    3039       0       0
  249999956                    44                    44             2.7202684E-05         1.0000000E+30                 0       
 NEXT SEEDS: DA7060B       1       0       0       0       0   181CD    3039       0       0
  249999957                    43                    43             2.7202684E-05         1.0000000E+30                 0       
 NEXT SEEDS: DA7060F       1       0       0       0       0   181CD    3039       0       0
  249999958                    42                    42             2.7202684E-05         1.0000000E+30                 0       
 NEXT SEEDS: DA70613       1       0       0       0       0   181CD    3039       0       0
  249999959                    41                    41             2.7202683E-05         1.0000000E+30                 0       
 NEXT SEEDS: DA70617       1       0       0       0       0   181CD    3039       0       0
  249999960                    40                    40             2.7202683E-05         1.0000000E+30                 0       
 NEXT SEEDS: DA7061B       1       0       0       0       0   181CD    3039       0       0
  249999961                    39                    39             2.7202685E-05         1.0000000E+30                 0       
 NEXT SEEDS: DA70641       1       0       0       0       0   181CD    3039       0       0
  249999962                    38                    38             2.7202685E-05         1.0000000E+30                 0       
 NEXT SEEDS: DA70645       1       0       0       0       0   181CD    3039       0       0
  249999963                    37                    37             2.7202687E-05         1.0000000E+30                 0       
 NEXT SEEDS: DA70649       1       0       0       0       0   181CD    3039       0       0
  249999964                    36                    36             2.7202687E-05         1.0000000E+30                 0       
 NEXT SEEDS: DA7064D       1       0       0       0       0   181CD    3039       0       0
  249999965                    35                    35             2.7202689E-05         1.0000000E+30                 0       
 NEXT SEEDS: DA70651       1       0       0       0       0   181CD    3039       0       0
  249999966                    34                    34             2.7202689E-05         1.0000000E+30                 0       
 NEXT SEEDS: DA70655       1       0       0       0       0   181CD    3039       0       0
  249999967                    33                    33             2.7202688E-05         1.0000000E+30                 0       
 NEXT SEEDS: DA70659       1       0       0       0       0   181CD    3039       0       0
  249999968                    32                    32             2.7202690E-05         1.0000000E+30                 0       
 NEXT SEEDS: DA70673       1       0       0       0       0   181CD    3039       0       0
  249999969                    31                    31             2.7202692E-05         1.0000000E+30                 0       
 NEXT SEEDS: DA70677       1       0       0       0       0   181CD    3039       0       0
  249999970                    30                    30             2.7202692E-05         1.0000000E+30                 0       
 NEXT SEEDS: DA7067B       1       0       0       0       0   181CD    3039       0       0
  249999971                    29                    29             2.7202692E-05         1.0000000E+30                 0       
 NEXT SEEDS: DA7067F       1       0       0       0       0   181CD    3039       0       0
  249999972                    28                    28             2.7202694E-05         1.0000000E+30                 0       
 NEXT SEEDS: DA70683       1       0       0       0       0   181CD    3039       0       0
  249999973                    27                    27             2.7202694E-05         1.0000000E+30                 0       
 NEXT SEEDS: DA70687       1       0       0       0       0   181CD    3039       0       0
  249999974                    26                    26             2.7202694E-05         1.0000000E+30                 0       
 NEXT SEEDS: DA7068B       1       0       0       0       0   181CD    3039       0       0
  249999975                    25                    25             2.7202695E-05         1.0000000E+30                 0       
 NEXT SEEDS: DA7068F       1       0       0       0       0   181CD    3039       0       0
  249999976                    24                    24             2.7202695E-05         1.0000000E+30                 0       
 NEXT SEEDS: DA70693       1       0       0       0       0   181CD    3039       0       0
  249999977                    23                    23             2.7202697E-05         1.0000000E+30                 0       
 NEXT SEEDS: DA70697       1       0       0       0       0   181CD    3039       0       0
  249999978                    22                    22             2.7202697E-05         1.0000000E+30                 0       
 NEXT SEEDS: DA7069B       1       0       0       0       0   181CD    3039       0       0
  249999979                    21                    21             2.7202699E-05         1.0000000E+30                 0       
 NEXT SEEDS: DA7069F       1       0       0       0       0   181CD    3039       0       0
  249999980                    20                    20             2.7202699E-05         1.0000000E+30                 0       
 NEXT SEEDS: DA706A3       1       0       0       0       0   181CD    3039       0       0
  249999981                    19                    19             2.7202699E-05         1.0000000E+30                 0       
 NEXT SEEDS: DA706A7       1       0       0       0       0   181CD    3039       0       0
  249999982                    18                    18             2.7202699E-05         1.0000000E+30                 0       
 NEXT SEEDS: DA706AB       1       0       0       0       0   181CD    3039       0       0
  249999983                    17                    17             2.7202698E-05         1.0000000E+30                 0       
 NEXT SEEDS: DA706AF       1       0       0       0       0   181CD    3039       0       0
  249999984                    16                    16             2.7202698E-05         1.0000000E+30                 0       
 NEXT SEEDS: DA706B3       1       0       0       0       0   181CD    3039       0       0
  249999985                    15                    15             2.7202698E-05         1.0000000E+30                 0       
 NEXT SEEDS: DA706B7       1       0       0       0       0   181CD    3039       0       0
  249999986                    14                    14             2.7202698E-05         1.0000000E+30                 0       
 NEXT SEEDS: DA706BB       1       0       0       0       0   181CD    3039       0       0
  249999987                    13                    13             2.7202698E-05         1.0000000E+30                 0       
 NEXT SEEDS: DA706BF       1       0       0       0       0   181CD    3039       0       0
  249999988                    12                    12             2.7202698E-05         1.0000000E+30                 0       
 NEXT SEEDS: DA706C5       1       0       0       0       0   181CD    3039       0       0
  249999989                    11                    11             2.7202698E-05         1.0000000E+30                 0       
 NEXT SEEDS: DA706C9       1       0       0       0       0   181CD    3039       0       0
  249999990                    10                    10             2.7202698E-05         1.0000000E+30                 0       
 NEXT SEEDS: DA706CD       1       0       0       0       0   181CD    3039       0       0
  249999991                     9                     9             2.7202700E-05         1.0000000E+30                 0       
 NEXT SEEDS: DA706D1       1       0       0       0       0   181CD    3039       0       0
  249999992                     8                     8             2.7202699E-05         1.0000000E+30                 0       
 NEXT SEEDS: DA706D5       1       0       0       0       0   181CD    3039       0       0
  249999993                     7                     7             2.7202701E-05         1.0000000E+30                 0       
 NEXT SEEDS: DA706E6       1       0       0       0       0   181CD    3039       0       0
  249999994                     6                     6             2.7202701E-05         1.0000000E+30                 0       
 NEXT SEEDS: DA706EC       1       0       0       0       0   181CD    3039       0       0
  249999995                     5                     5             2.7202701E-05         1.0000000E+30                 0       
 NEXT SEEDS: DA706F0       1       0       0       0       0   181CD    3039       0       0
  249999996                     4                     4             2.7202701E-05         1.0000000E+30                 0       
 NEXT SEEDS: DA706F6       1       0       0       0       0   181CD    3039       0       0
  249999997                     3                     3             2.7202701E-05         1.0000000E+30                 0       
 NEXT SEEDS: DA706FA       1       0       0       0       0   181CD    3039       0       0
  249999998                     2                     2             2.7202701E-05         1.0000000E+30                 0       
 NEXT SEEDS: DA706FE       1       0       0       0       0   181CD    3039       0       0
  249999999                     1                     1             2.7202701E-05         1.0000000E+30                 0       
 NEXT SEEDS: DA70702       1       0       0       0       0   181CD    3039       0       0
  250000000                     0                     1             2.7202700E-05         1.0000000E+30                 0       
 NEXT SEEDS: DA70706       1       0       0       0       0   181CD    3039       0       0
