1NUMBER OF BEAM       NUMBER OF BEAM        APPROXIMATE NUMBER    AVERAGE TIME USED     TIME LEFT (RESERVED   NUMBER OF STARS
 PARTICLES HANDLED    PARTICLES LEFT        OF BEAM PARTICLES     BY A BEAM PARTICLE     10000.0 SECONDS      CREATED
                                            THAT CAN STILL BE                           FOR PRINTOUT)
                                            HANDLED

 NEXT SEEDS:       0       0       0       0       0       0   181CD    3039       0       0
          1             249999999             249999999             7.7009201E-05         1.0000000E+30                 0       
 NEXT SEEDS:       4       0       0       0       0       0   181CD    3039       0       0
    5000000             245000000             245000000             2.7166982E-05         1.0000000E+30                 0       
 NEXT SEEDS: 1774F43       0       0       0       0       0   181CD    3039       0       0
   10000000             240000000             240000000             2.7136894E-05         1.0000000E+30                 0       
 NEXT SEEDS: 2EE5CEE       0       0       0       0       0   181CD    3039       0       0
   15000000             235000000             235000000             2.7140758E-05         1.0000000E+30                 0       
 NEXT SEEDS: 4658214       0       0       0       0       0   181CD    3039       0       0
   20000000             230000000             230000000             2.7114580E-05         1.0000000E+30                 0       
 NEXT SEEDS: 5DC73BF       0       0       0       0       0   181CD    3039       0       0
   25000000             225000000             225000000             2.7117973E-05         1.0000000E+30                 0       
 NEXT SEEDS: 7539FD5       0       0       0       0       0   181CD    3039       0       0
   30000000             220000000             220000000             2.7113000E-05         1.0000000E+30                 0       
 NEXT SEEDS: 8CAE0E6       0       0       0       0       0   181CD    3039       0       0
   35000000             215000000             215000000             2.7111922E-05         1.0000000E+30                 0       
 NEXT SEEDS: A41C4C8       0       0       0       0       0   181CD    3039       0       0
   40000000             210000000             210000000             2.7116661E-05         1.0000000E+30                 0       
 NEXT SEEDS: BB8EABE       0       0       0       0       0   181CD    3039       0       0
   45000000             205000000             205000000             2.7118952E-05         1.0000000E+30                 0       
 NEXT SEEDS: D302833       0       0       0       0       0   181CD    3039       0       0
   50000000             200000000             200000000             2.7128214E-05         1.0000000E+30                 0       
 NEXT SEEDS: EA751B1       0       0       0       0       0   181CD    3039       0       0
   55000000             195000000             195000000             2.7135452E-05         1.0000000E+30                 0       
 NEXT SEEDS:101E5732       0       0       0       0       0   181CD    3039       0       0
   60000000             190000000             190000000             2.7134001E-05         1.0000000E+30                 0       
 NEXT SEEDS:11958C0A       0       0       0       0       0   181CD    3039       0       0
   65000000             185000000             185000000             2.7133983E-05         1.0000000E+30                 0       
 NEXT SEEDS:130C96CC       0       0       0       0       0   181CD    3039       0       0
   70000000             180000000             180000000             2.7129730E-05         1.0000000E+30                 0       
 NEXT SEEDS:1483C397       0       0       0       0       0   181CD    3039       0       0
   75000000             175000000             175000000             2.7129211E-05         1.0000000E+30                 0       
 NEXT SEEDS:15FACA2E       0       0       0       0       0   181CD    3039       0       0
   80000000             170000000             170000000             2.7132006E-05         1.0000000E+30                 0       
 NEXT SEEDS:1771DFA2       0       0       0       0       0   181CD    3039       0       0
  *** Emfgeo: Ncoun  2000000000
   85000000             165000000             165000000             2.7131332E-05         1.0000000E+30                 0       
 NEXT SEEDS:18E8D440       0       0       0       0       0   181CD    3039       0       0
   90000000             160000000             160000000             2.7132171E-05         1.0000000E+30                 0       
 NEXT SEEDS:1A5FE79D       0       0       0       0       0   181CD    3039       0       0
   95000000             155000000             155000000             2.7133742E-05         1.0000000E+30                 0       
 NEXT SEEDS:1BD70DFC       0       0       0       0       0   181CD    3039       0       0
  100000000             150000000             150000000             2.7135773E-05         1.0000000E+30                 0       
 NEXT SEEDS:1D4E320C       0       0       0       0       0   181CD    3039       0       0
  105000000             145000000             145000000             2.7140057E-05         1.0000000E+30                 0       
 NEXT SEEDS:1EC55A0D       0       0       0       0       0   181CD    3039       0       0
  110000000             140000000             140000000             2.7137732E-05         1.0000000E+30                 0       
 NEXT SEEDS:203C2631       0       0       0       0       0   181CD    3039       0       0
  115000000             135000000             135000000             2.7140522E-05         1.0000000E+30                 0       
 NEXT SEEDS:21B35DC4       0       0       0       0       0   181CD    3039       0       0
  120000000             130000000             130000000             2.7138635E-05         1.0000000E+30                 0       
 NEXT SEEDS:232A7946       0       0       0       0       0   181CD    3039       0       0
  125000000             125000000             125000000             2.7136755E-05         1.0000000E+30                 0       
 NEXT SEEDS:24A178E4       0       0       0       0       0   181CD    3039       0       0
  130000000             120000000             120000000             2.7137052E-05         1.0000000E+30                 0       
 NEXT SEEDS:2618AF02       0       0       0       0       0   181CD    3039       0       0
  135000000             115000000             115000000             2.7136318E-05         1.0000000E+30                 0       
 NEXT SEEDS:278FC12A       0       0       0       0       0   181CD    3039       0       0
  140000000             110000000             110000000             2.7135552E-05         1.0000000E+30                 0       
 NEXT SEEDS:2906C4B2       0       0       0       0       0   181CD    3039       0       0
  145000000             105000000             105000000             2.7134228E-05         1.0000000E+30                 0       
 NEXT SEEDS:2A7DE927       0       0       0       0       0   181CD    3039       0       0
  150000000             100000000             100000000             2.7135182E-05         1.0000000E+30                 0       
 NEXT SEEDS:2BF53789       0       0       0       0       0   181CD    3039       0       0
  155000000              95000000              95000000             2.7136581E-05         1.0000000E+30                 0       
 NEXT SEEDS:2D6C6125       0       0       0       0       0   181CD    3039       0       0
  160000000              90000000              90000000             2.7136976E-05         1.0000000E+30                 0       
 NEXT SEEDS:2EE36413       0       0       0       0       0   181CD    3039       0       0
  *** Emfgeo: Ncoun  2000000000
  165000000              85000000              85000000             2.7140235E-05         1.0000000E+30                 0       
 NEXT SEEDS:305A8F75       0       0       0       0       0   181CD    3039       0       0
  170000000              80000000              80000000             2.7148226E-05         1.0000000E+30                 0       
 NEXT SEEDS:31D1B89C       0       0       0       0       0   181CD    3039       0       0
  175000000              75000000              75000000             2.7149351E-05         1.0000000E+30                 0       
 NEXT SEEDS:3348F2A6       0       0       0       0       0   181CD    3039       0       0
  180000000              70000000              70000000             2.7151292E-05         1.0000000E+30                 0       
 NEXT SEEDS:34C06A8F       0       0       0       0       0   181CD    3039       0       0
  185000000              65000000              65000000             2.7150975E-05         1.0000000E+30                 0       
 NEXT SEEDS:36371BD6       0       0       0       0       0   181CD    3039       0       0
  190000000              60000000              60000000             2.7152856E-05         1.0000000E+30                 0       
 NEXT SEEDS:37AE76F9       0       0       0       0       0   181CD    3039       0       0
  195000000              55000000              55000000             2.7154596E-05         1.0000000E+30                 0       
 NEXT SEEDS:39259B07       0       0       0       0       0   181CD    3039       0       0
  200000000              50000000              50000000             2.7153785E-05         1.0000000E+30                 0       
 NEXT SEEDS:3A9CB880       0       0       0       0       0   181CD    3039       0       0
  205000000              45000000              45000000             2.7152471E-05         1.0000000E+30                 0       
 NEXT SEEDS:  78D408       1       0       0       0       0   181CD    3039       0       0
  210000000              40000000              40000000             2.7153142E-05         1.0000000E+30                 0       
 NEXT SEEDS: 1EFF9BD       1       0       0       0       0   181CD    3039       0       0
  215000000              35000000              35000000             2.7156685E-05         1.0000000E+30                 0       
 NEXT SEEDS: 367035E       1       0       0       0       0   181CD    3039       0       0
  220000000              30000000              30000000             2.7156803E-05         1.0000000E+30                 0       
 NEXT SEEDS: 4DE397E       1       0       0       0       0   181CD    3039       0       0
  225000000              25000000              25000000             2.7157948E-05         1.0000000E+30                 0       
 NEXT SEEDS: 6556F93       1       0       0       0       0   181CD    3039       0       0
  230000000              20000000              20000000             2.7161486E-05         1.0000000E+30                 0       
 NEXT SEEDS: 7CC75B7       1       0       0       0       0   181CD    3039       0       0
  235000000              15000000              15000000             2.7161913E-05         1.0000000E+30                 0       
 NEXT SEEDS: 943A292       1       0       0       0       0   181CD    3039       0       0
  240000000              10000000              10000000             2.7162039E-05         1.0000000E+30                 0       
 NEXT SEEDS: ABAC064       1       0       0       0       0   181CD    3039       0       0
  *** Emfgeo: Ncoun  2000000000
  245000000               5000000               5000000             2.7161327E-05         1.0000000E+30                 0       
 NEXT SEEDS: C31A581       1       0       0       0       0   181CD    3039       0       0
  249999950                    50                    50             2.7164309E-05         1.0000000E+30                 0       
 NEXT SEEDS: DA8B26B       1       0       0       0       0   181CD    3039       0       0
  249999951                    49                    49             2.7164309E-05         1.0000000E+30                 0       
 NEXT SEEDS: DA8B26F       1       0       0       0       0   181CD    3039       0       0
  249999952                    48                    48             2.7164309E-05         1.0000000E+30                 0       
 NEXT SEEDS: DA8B273       1       0       0       0       0   181CD    3039       0       0
  249999953                    47                    47             2.7164308E-05         1.0000000E+30                 0       
 NEXT SEEDS: DA8B277       1       0       0       0       0   181CD    3039       0       0
  249999954                    46                    46             2.7164308E-05         1.0000000E+30                 0       
 NEXT SEEDS: DA8B27B       1       0       0       0       0   181CD    3039       0       0
  249999955                    45                    45             2.7164308E-05         1.0000000E+30                 0       
 NEXT SEEDS: DA8B27F       1       0       0       0       0   181CD    3039       0       0
  249999956                    44                    44             2.7164308E-05         1.0000000E+30                 0       
 NEXT SEEDS: DA8B283       1       0       0       0       0   181CD    3039       0       0
  249999957                    43                    43             2.7164308E-05         1.0000000E+30                 0       
 NEXT SEEDS: DA8B287       1       0       0       0       0   181CD    3039       0       0
  249999958                    42                    42             2.7164308E-05         1.0000000E+30                 0       
 NEXT SEEDS: DA8B28B       1       0       0       0       0   181CD    3039       0       0
  249999959                    41                    41             2.7164308E-05         1.0000000E+30                 0       
 NEXT SEEDS: DA8B28F       1       0       0       0       0   181CD    3039       0       0
  249999960                    40                    40             2.7164310E-05         1.0000000E+30                 0       
 NEXT SEEDS: DA8B293       1       0       0       0       0   181CD    3039       0       0
  249999961                    39                    39             2.7164310E-05         1.0000000E+30                 0       
 NEXT SEEDS: DA8B297       1       0       0       0       0   181CD    3039       0       0
  249999962                    38                    38             2.7164309E-05         1.0000000E+30                 0       
 NEXT SEEDS: DA8B29B       1       0       0       0       0   181CD    3039       0       0
  249999963                    37                    37             2.7164311E-05         1.0000000E+30                 0       
 NEXT SEEDS: DA8B29F       1       0       0       0       0   181CD    3039       0       0
  249999964                    36                    36             2.7164311E-05         1.0000000E+30                 0       
 NEXT SEEDS: DA8B2A3       1       0       0       0       0   181CD    3039       0       0
  249999965                    35                    35             2.7164311E-05         1.0000000E+30                 0       
 NEXT SEEDS: DA8B2A7       1       0       0       0       0   181CD    3039       0       0
  249999966                    34                    34             2.7164311E-05         1.0000000E+30                 0       
 NEXT SEEDS: DA8B2AB       1       0       0       0       0   181CD    3039       0       0
  249999967                    33                    33             2.7164311E-05         1.0000000E+30                 0       
 NEXT SEEDS: DA8B2AF       1       0       0       0       0   181CD    3039       0       0
  249999968                    32                    32             2.7164311E-05         1.0000000E+30                 0       
 NEXT SEEDS: DA8B2B3       1       0       0       0       0   181CD    3039       0       0
  249999969                    31                    31             2.7164311E-05         1.0000000E+30                 0       
 NEXT SEEDS: DA8B2B7       1       0       0       0       0   181CD    3039       0       0
  249999970                    30                    30             2.7164313E-05         1.0000000E+30                 0       
 NEXT SEEDS: DA8B2BB       1       0       0       0       0   181CD    3039       0       0
  249999971                    29                    29             2.7164312E-05         1.0000000E+30                 0       
 NEXT SEEDS: DA8B2BF       1       0       0       0       0   181CD    3039       0       0
  249999972                    28                    28             2.7164312E-05         1.0000000E+30                 0       
 NEXT SEEDS: DA8B2C3       1       0       0       0       0   181CD    3039       0       0
  249999973                    27                    27             2.7164312E-05         1.0000000E+30                 0       
 NEXT SEEDS: DA8B2C7       1       0       0       0       0   181CD    3039       0       0
  249999974                    26                    26             2.7164312E-05         1.0000000E+30                 0       
 NEXT SEEDS: DA8B2CB       1       0       0       0       0   181CD    3039       0       0
  249999975                    25                    25             2.7164312E-05         1.0000000E+30                 0       
 NEXT SEEDS: DA8B2CF       1       0       0       0       0   181CD    3039       0       0
  249999976                    24                    24             2.7164312E-05         1.0000000E+30                 0       
 NEXT SEEDS: DA8B2D3       1       0       0       0       0   181CD    3039       0       0
  249999977                    23                    23             2.7164312E-05         1.0000000E+30                 0       
 NEXT SEEDS: DA8B2D7       1       0       0       0       0   181CD    3039       0       0
  249999978                    22                    22             2.7164314E-05         1.0000000E+30                 0       
 NEXT SEEDS: DA8B2DB       1       0       0       0       0   181CD    3039       0       0
  249999979                    21                    21             2.7164313E-05         1.0000000E+30                 0       
 NEXT SEEDS: DA8B2DF       1       0       0       0       0   181CD    3039       0       0
  249999980                    20                    20             2.7164313E-05         1.0000000E+30                 0       
 NEXT SEEDS: DA8B2E3       1       0       0       0       0   181CD    3039       0       0
  249999981                    19                    19             2.7164315E-05         1.0000000E+30                 0       
 NEXT SEEDS: DA8B304       1       0       0       0       0   181CD    3039       0       0
  249999982                    18                    18             2.7164317E-05         1.0000000E+30                 0       
 NEXT SEEDS: DA8B308       1       0       0       0       0   181CD    3039       0       0
  249999983                    17                    17             2.7164317E-05         1.0000000E+30                 0       
 NEXT SEEDS: DA8B30C       1       0       0       0       0   181CD    3039       0       0
  249999984                    16                    16             2.7164317E-05         1.0000000E+30                 0       
 NEXT SEEDS: DA8B310       1       0       0       0       0   181CD    3039       0       0
  249999985                    15                    15             2.7164319E-05         1.0000000E+30                 0       
 NEXT SEEDS: DA8B314       1       0       0       0       0   181CD    3039       0       0
  249999986                    14                    14             2.7164319E-05         1.0000000E+30                 0       
 NEXT SEEDS: DA8B318       1       0       0       0       0   181CD    3039       0       0
  249999987                    13                    13             2.7164320E-05         1.0000000E+30                 0       
 NEXT SEEDS: DA8B31E       1       0       0       0       0   181CD    3039       0       0
  249999988                    12                    12             2.7164320E-05         1.0000000E+30                 0       
 NEXT SEEDS: DA8B324       1       0       0       0       0   181CD    3039       0       0
  249999989                    11                    11             2.7164322E-05         1.0000000E+30                 0       
 NEXT SEEDS: DA8B328       1       0       0       0       0   181CD    3039       0       0
  249999990                    10                    10             2.7164322E-05         1.0000000E+30                 0       
 NEXT SEEDS: DA8B32C       1       0       0       0       0   181CD    3039       0       0
  249999991                     9                     9             2.7164324E-05         1.0000000E+30                 0       
 NEXT SEEDS: DA8B336       1       0       0       0       0   181CD    3039       0       0
  249999992                     8                     8             2.7164326E-05         1.0000000E+30                 0       
 NEXT SEEDS: DA8B33A       1       0       0       0       0   181CD    3039       0       0
  249999993                     7                     7             2.7164326E-05         1.0000000E+30                 0       
 NEXT SEEDS: DA8B340       1       0       0       0       0   181CD    3039       0       0
  249999994                     6                     6             2.7164327E-05         1.0000000E+30                 0       
 NEXT SEEDS: DA8B353       1       0       0       0       0   181CD    3039       0       0
  249999995                     5                     5             2.7164329E-05         1.0000000E+30                 0       
 NEXT SEEDS: DA8B359       1       0       0       0       0   181CD    3039       0       0
  249999996                     4                     4             2.7164329E-05         1.0000000E+30                 0       
 NEXT SEEDS: DA8B35D       1       0       0       0       0   181CD    3039       0       0
  249999997                     3                     3             2.7164331E-05         1.0000000E+30                 0       
 NEXT SEEDS: DA8B363       1       0       0       0       0   181CD    3039       0       0
  249999998                     2                     2             2.7164331E-05         1.0000000E+30                 0       
 NEXT SEEDS: DA8B367       1       0       0       0       0   181CD    3039       0       0
  249999999                     1                     1             2.7164333E-05         1.0000000E+30                 0       
 NEXT SEEDS: DA8B36B       1       0       0       0       0   181CD    3039       0       0
  250000000                     0                     1             2.7164333E-05         1.0000000E+30                 0       
 NEXT SEEDS: DA8B36F       1       0       0       0       0   181CD    3039       0       0
