1NUMBER OF BEAM       NUMBER OF BEAM        APPROXIMATE NUMBER    AVERAGE TIME USED     TIME LEFT (RESERVED   NUMBER OF STARS
 PARTICLES HANDLED    PARTICLES LEFT        OF BEAM PARTICLES     BY A BEAM PARTICLE     10000.0 SECONDS      CREATED
                                            THAT CAN STILL BE                           FOR PRINTOUT)
                                            HANDLED

 NEXT SEEDS:       0       0       0       0       0       0   181CD    3039       0       0
          1             249999999             249999999             7.7009201E-05         1.0000000E+30                 0       
 NEXT SEEDS:       4       0       0       0       0       0   181CD    3039       0       0
    5000000             245000000             245000000             2.6878538E-05         1.0000000E+30                 0       
 NEXT SEEDS: 176F373       0       0       0       0       0   181CD    3039       0       0
   10000000             240000000             240000000             2.6869007E-05         1.0000000E+30                 0       
 NEXT SEEDS: 2EDE23F       0       0       0       0       0   181CD    3039       0       0
   15000000             235000000             235000000             2.6894041E-05         1.0000000E+30                 0       
 NEXT SEEDS: 465232A       0       0       0       0       0   181CD    3039       0       0
   20000000             230000000             230000000             2.6904617E-05         1.0000000E+30                 0       
 NEXT SEEDS: 5DC2642       0       0       0       0       0   181CD    3039       0       0
   25000000             225000000             225000000             2.6911604E-05         1.0000000E+30                 0       
 NEXT SEEDS: 7535A92       0       0       0       0       0   181CD    3039       0       0
   30000000             220000000             220000000             2.6888778E-05         1.0000000E+30                 0       
 NEXT SEEDS: 8CA5DC1       0       0       0       0       0   181CD    3039       0       0
   35000000             215000000             215000000             2.6879907E-05         1.0000000E+30                 0       
 NEXT SEEDS: A414B32       0       0       0       0       0   181CD    3039       0       0
   40000000             210000000             210000000             2.6871813E-05         1.0000000E+30                 0       
 NEXT SEEDS: BB85DB5       0       0       0       0       0   181CD    3039       0       0
   45000000             205000000             205000000             2.6858058E-05         1.0000000E+30                 0       
 NEXT SEEDS: D2FA6AB       0       0       0       0       0   181CD    3039       0       0
   50000000             200000000             200000000             2.6862570E-05         1.0000000E+30                 0       
 NEXT SEEDS: EA6D088       0       0       0       0       0   181CD    3039       0       0
   55000000             195000000             195000000             2.6867233E-05         1.0000000E+30                 0       
 NEXT SEEDS:101E0BF9       0       0       0       0       0   181CD    3039       0       0
   60000000             190000000             190000000             2.6859270E-05         1.0000000E+30                 0       
 NEXT SEEDS:1194C965       0       0       0       0       0   181CD    3039       0       0
   65000000             185000000             185000000             2.6855720E-05         1.0000000E+30                 0       
 NEXT SEEDS:130BF84B       0       0       0       0       0   181CD    3039       0       0
   70000000             180000000             180000000             2.6856122E-05         1.0000000E+30                 0       
 NEXT SEEDS:1482D180       0       0       0       0       0   181CD    3039       0       0
   75000000             175000000             175000000             2.6854669E-05         1.0000000E+30                 0       
 NEXT SEEDS:15F9D00A       0       0       0       0       0   181CD    3039       0       0
   80000000             170000000             170000000             2.6853191E-05         1.0000000E+30                 0       
 NEXT SEEDS:1770CE8E       0       0       0       0       0   181CD    3039       0       0
  *** Emfgeo: Ncoun  2000000000
   85000000             165000000             165000000             2.6879213E-05         1.0000000E+30                 0       
 NEXT SEEDS:18E7F716       0       0       0       0       0   181CD    3039       0       0
   90000000             160000000             160000000             2.6916468E-05         1.0000000E+30                 0       
 NEXT SEEDS:1A5F2F81       0       0       0       0       0   181CD    3039       0       0
   95000000             155000000             155000000             2.6911148E-05         1.0000000E+30                 0       
 NEXT SEEDS:1BD660B7       0       0       0       0       0   181CD    3039       0       0
  100000000             150000000             150000000             2.6905139E-05         1.0000000E+30                 0       
 NEXT SEEDS:1D4D9C10       0       0       0       0       0   181CD    3039       0       0
  105000000             145000000             145000000             2.6901604E-05         1.0000000E+30                 0       
 NEXT SEEDS:1EC4B4F6       0       0       0       0       0   181CD    3039       0       0
  110000000             140000000             140000000             2.6896504E-05         1.0000000E+30                 0       
 NEXT SEEDS:203B844A       0       0       0       0       0   181CD    3039       0       0
  115000000             135000000             135000000             2.6895467E-05         1.0000000E+30                 0       
 NEXT SEEDS:21B2913A       0       0       0       0       0   181CD    3039       0       0
  120000000             130000000             130000000             2.6894232E-05         1.0000000E+30                 0       
 NEXT SEEDS:23297A7B       0       0       0       0       0   181CD    3039       0       0
  125000000             125000000             125000000             2.6892117E-05         1.0000000E+30                 0       
 NEXT SEEDS:24A094F1       0       0       0       0       0   181CD    3039       0       0
  130000000             120000000             120000000             2.6890587E-05         1.0000000E+30                 0       
 NEXT SEEDS:26179D79       0       0       0       0       0   181CD    3039       0       0
  135000000             115000000             115000000             2.6889715E-05         1.0000000E+30                 0       
 NEXT SEEDS:278E85F4       0       0       0       0       0   181CD    3039       0       0
  140000000             110000000             110000000             2.6888174E-05         1.0000000E+30                 0       
 NEXT SEEDS:290575C9       0       0       0       0       0   181CD    3039       0       0
  145000000             105000000             105000000             2.6900010E-05         1.0000000E+30                 0       
 NEXT SEEDS:2A7C64C0       0       0       0       0       0   181CD    3039       0       0
  150000000             100000000             100000000             2.6940522E-05         1.0000000E+30                 0       
 NEXT SEEDS:2BF38BC0       0       0       0       0       0   181CD    3039       0       0
  155000000              95000000              95000000             2.6945150E-05         1.0000000E+30                 0       
 NEXT SEEDS:2D6A881A       0       0       0       0       0   181CD    3039       0       0
  160000000              90000000              90000000             2.6943696E-05         1.0000000E+30                 0       
 NEXT SEEDS:2EE1609F       0       0       0       0       0   181CD    3039       0       0
  *** Emfgeo: Ncoun  2000000000
  165000000              85000000              85000000             2.6942994E-05         1.0000000E+30                 0       
 NEXT SEEDS:30586A29       0       0       0       0       0   181CD    3039       0       0
  170000000              80000000              80000000             2.6940402E-05         1.0000000E+30                 0       
 NEXT SEEDS:31CF353A       0       0       0       0       0   181CD    3039       0       0
  175000000              75000000              75000000             2.6940383E-05         1.0000000E+30                 0       
 NEXT SEEDS:33468166       0       0       0       0       0   181CD    3039       0       0
  180000000              70000000              70000000             2.6940420E-05         1.0000000E+30                 0       
 NEXT SEEDS:34BD9752       0       0       0       0       0   181CD    3039       0       0
  185000000              65000000              65000000             2.6938525E-05         1.0000000E+30                 0       
 NEXT SEEDS:3634CFBD       0       0       0       0       0   181CD    3039       0       0
  190000000              60000000              60000000             2.6936573E-05         1.0000000E+30                 0       
 NEXT SEEDS:37ABF53A       0       0       0       0       0   181CD    3039       0       0
  195000000              55000000              55000000             2.6935853E-05         1.0000000E+30                 0       
 NEXT SEEDS:39233C28       0       0       0       0       0   181CD    3039       0       0
  200000000              50000000              50000000             2.6933499E-05         1.0000000E+30                 0       
 NEXT SEEDS:3A9A655C       0       0       0       0       0   181CD    3039       0       0
  205000000              45000000              45000000             2.6931751E-05         1.0000000E+30                 0       
 NEXT SEEDS:  76DB48       1       0       0       0       0   181CD    3039       0       0
  210000000              40000000              40000000             2.6930832E-05         1.0000000E+30                 0       
 NEXT SEEDS: 1EE1701       1       0       0       0       0   181CD    3039       0       0
  215000000              35000000              35000000             2.6929870E-05         1.0000000E+30                 0       
 NEXT SEEDS: 3650FAD       1       0       0       0       0   181CD    3039       0       0
  220000000              30000000              30000000             2.6930128E-05         1.0000000E+30                 0       
 NEXT SEEDS: 4DC6D9D       1       0       0       0       0   181CD    3039       0       0
  225000000              25000000              25000000             2.6929816E-05         1.0000000E+30                 0       
 NEXT SEEDS: 65384E7       1       0       0       0       0   181CD    3039       0       0
  230000000              20000000              20000000             2.6929548E-05         1.0000000E+30                 0       
 NEXT SEEDS: 7CA6EAD       1       0       0       0       0   181CD    3039       0       0
  235000000              15000000              15000000             2.6929834E-05         1.0000000E+30                 0       
 NEXT SEEDS: 941A101       1       0       0       0       0   181CD    3039       0       0
  240000000              10000000              10000000             2.6930628E-05         1.0000000E+30                 0       
 NEXT SEEDS: AB8B3AC       1       0       0       0       0   181CD    3039       0       0
  *** Emfgeo: Ncoun  2000000000
  245000000               5000000               5000000             2.6931261E-05         1.0000000E+30                 0       
 NEXT SEEDS: C2FAF89       1       0       0       0       0   181CD    3039       0       0
  249999950                    50                    50             2.6932203E-05         1.0000000E+30                 0       
 NEXT SEEDS: DA6D30F       1       0       0       0       0   181CD    3039       0       0
  249999951                    49                    49             2.6932205E-05         1.0000000E+30                 0       
 NEXT SEEDS: DA6D313       1       0       0       0       0   181CD    3039       0       0
  249999952                    48                    48             2.6932205E-05         1.0000000E+30                 0       
 NEXT SEEDS: DA6D317       1       0       0       0       0   181CD    3039       0       0
  249999953                    47                    47             2.6932205E-05         1.0000000E+30                 0       
 NEXT SEEDS: DA6D31B       1       0       0       0       0   181CD    3039       0       0
  249999954                    46                    46             2.6932207E-05         1.0000000E+30                 0       
 NEXT SEEDS: DA6D31F       1       0       0       0       0   181CD    3039       0       0
  249999955                    45                    45             2.6932207E-05         1.0000000E+30                 0       
 NEXT SEEDS: DA6D323       1       0       0       0       0   181CD    3039       0       0
  249999956                    44                    44             2.6932207E-05         1.0000000E+30                 0       
 NEXT SEEDS: DA6D327       1       0       0       0       0   181CD    3039       0       0
  249999957                    43                    43             2.6932209E-05         1.0000000E+30                 0       
 NEXT SEEDS: DA6D32B       1       0       0       0       0   181CD    3039       0       0
  249999958                    42                    42             2.6932208E-05         1.0000000E+30                 0       
 NEXT SEEDS: DA6D32F       1       0       0       0       0   181CD    3039       0       0
  249999959                    41                    41             2.6932208E-05         1.0000000E+30                 0       
 NEXT SEEDS: DA6D333       1       0       0       0       0   181CD    3039       0       0
  249999960                    40                    40             2.6932210E-05         1.0000000E+30                 0       
 NEXT SEEDS: DA6D337       1       0       0       0       0   181CD    3039       0       0
  249999961                    39                    39             2.6932210E-05         1.0000000E+30                 0       
 NEXT SEEDS: DA6D33D       1       0       0       0       0   181CD    3039       0       0
  249999962                    38                    38             2.6932212E-05         1.0000000E+30                 0       
 NEXT SEEDS: DA6D341       1       0       0       0       0   181CD    3039       0       0
  249999963                    37                    37             2.6932212E-05         1.0000000E+30                 0       
 NEXT SEEDS: DA6D345       1       0       0       0       0   181CD    3039       0       0
  249999964                    36                    36             2.6932212E-05         1.0000000E+30                 0       
 NEXT SEEDS: DA6D349       1       0       0       0       0   181CD    3039       0       0
  249999965                    35                    35             2.6932214E-05         1.0000000E+30                 0       
 NEXT SEEDS: DA6D34D       1       0       0       0       0   181CD    3039       0       0
  249999966                    34                    34             2.6932213E-05         1.0000000E+30                 0       
 NEXT SEEDS: DA6D37F       1       0       0       0       0   181CD    3039       0       0
  249999967                    33                    33             2.6932215E-05         1.0000000E+30                 0       
 NEXT SEEDS: DA6D383       1       0       0       0       0   181CD    3039       0       0
  249999968                    32                    32             2.6932215E-05         1.0000000E+30                 0       
 NEXT SEEDS: DA6D387       1       0       0       0       0   181CD    3039       0       0
  249999969                    31                    31             2.6932215E-05         1.0000000E+30                 0       
 NEXT SEEDS: DA6D38B       1       0       0       0       0   181CD    3039       0       0
  249999970                    30                    30             2.6932217E-05         1.0000000E+30                 0       
 NEXT SEEDS: DA6D395       1       0       0       0       0   181CD    3039       0       0
  249999971                    29                    29             2.6932219E-05         1.0000000E+30                 0       
 NEXT SEEDS: DA6D399       1       0       0       0       0   181CD    3039       0       0
  249999972                    28                    28             2.6932219E-05         1.0000000E+30                 0       
 NEXT SEEDS: DA6D39D       1       0       0       0       0   181CD    3039       0       0
  249999973                    27                    27             2.6932218E-05         1.0000000E+30                 0       
 NEXT SEEDS: DA6D3A1       1       0       0       0       0   181CD    3039       0       0
  249999974                    26                    26             2.6932220E-05         1.0000000E+30                 0       
 NEXT SEEDS: DA6D3A5       1       0       0       0       0   181CD    3039       0       0
  249999975                    25                    25             2.6932220E-05         1.0000000E+30                 0       
 NEXT SEEDS: DA6D3A9       1       0       0       0       0   181CD    3039       0       0
  249999976                    24                    24             2.6932220E-05         1.0000000E+30                 0       
 NEXT SEEDS: DA6D3AD       1       0       0       0       0   181CD    3039       0       0
  249999977                    23                    23             2.6932222E-05         1.0000000E+30                 0       
 NEXT SEEDS: DA6D3B1       1       0       0       0       0   181CD    3039       0       0
  249999978                    22                    22             2.6932222E-05         1.0000000E+30                 0       
 NEXT SEEDS: DA6D3B5       1       0       0       0       0   181CD    3039       0       0
  249999979                    21                    21             2.6932222E-05         1.0000000E+30                 0       
 NEXT SEEDS: DA6D3B9       1       0       0       0       0   181CD    3039       0       0
  249999980                    20                    20             2.6932224E-05         1.0000000E+30                 0       
 NEXT SEEDS: DA6D3BD       1       0       0       0       0   181CD    3039       0       0
  249999981                    19                    19             2.6932223E-05         1.0000000E+30                 0       
 NEXT SEEDS: DA6D3C1       1       0       0       0       0   181CD    3039       0       0
  249999982                    18                    18             2.6932223E-05         1.0000000E+30                 0       
 NEXT SEEDS: DA6D3C5       1       0       0       0       0   181CD    3039       0       0
  249999983                    17                    17             2.6932225E-05         1.0000000E+30                 0       
 NEXT SEEDS: DA6D3C9       1       0       0       0       0   181CD    3039       0       0
  249999984                    16                    16             2.6932225E-05         1.0000000E+30                 0       
 NEXT SEEDS: DA6D3CD       1       0       0       0       0   181CD    3039       0       0
  249999985                    15                    15             2.6932225E-05         1.0000000E+30                 0       
 NEXT SEEDS: DA6D3D1       1       0       0       0       0   181CD    3039       0       0
  249999986                    14                    14             2.6932227E-05         1.0000000E+30                 0       
 NEXT SEEDS: DA6D3D5       1       0       0       0       0   181CD    3039       0       0
  249999987                    13                    13             2.6932227E-05         1.0000000E+30                 0       
 NEXT SEEDS: DA6D3D9       1       0       0       0       0   181CD    3039       0       0
  249999988                    12                    12             2.6932227E-05         1.0000000E+30                 0       
 NEXT SEEDS: DA6D3DD       1       0       0       0       0   181CD    3039       0       0
  249999989                    11                    11             2.6932228E-05         1.0000000E+30                 0       
 NEXT SEEDS: DA6D3E1       1       0       0       0       0   181CD    3039       0       0
  249999990                    10                    10             2.6932228E-05         1.0000000E+30                 0       
 NEXT SEEDS: DA6D3E5       1       0       0       0       0   181CD    3039       0       0
  249999991                     9                     9             2.6932228E-05         1.0000000E+30                 0       
 NEXT SEEDS: DA6D3E9       1       0       0       0       0   181CD    3039       0       0
  249999992                     8                     8             2.6932230E-05         1.0000000E+30                 0       
 NEXT SEEDS: DA6D3EF       1       0       0       0       0   181CD    3039       0       0
  249999993                     7                     7             2.6932230E-05         1.0000000E+30                 0       
 NEXT SEEDS: DA6D3F3       1       0       0       0       0   181CD    3039       0       0
  249999994                     6                     6             2.6932232E-05         1.0000000E+30                 0       
 NEXT SEEDS: DA6D3F7       1       0       0       0       0   181CD    3039       0       0
  249999995                     5                     5             2.6932232E-05         1.0000000E+30                 0       
 NEXT SEEDS: DA6D3FB       1       0       0       0       0   181CD    3039       0       0
  249999996                     4                     4             2.6932232E-05         1.0000000E+30                 0       
 NEXT SEEDS: DA6D3FF       1       0       0       0       0   181CD    3039       0       0
  249999997                     3                     3             2.6932233E-05         1.0000000E+30                 0       
 NEXT SEEDS: DA6D403       1       0       0       0       0   181CD    3039       0       0
  249999998                     2                     2             2.6932233E-05         1.0000000E+30                 0       
 NEXT SEEDS: DA6D407       1       0       0       0       0   181CD    3039       0       0
  249999999                     1                     1             2.6932233E-05         1.0000000E+30                 0       
 NEXT SEEDS: DA6D40B       1       0       0       0       0   181CD    3039       0       0
  250000000                     0                     1             2.6932235E-05         1.0000000E+30                 0       
 NEXT SEEDS: DA6D40F       1       0       0       0       0   181CD    3039       0       0
