1NUMBER OF BEAM       NUMBER OF BEAM        APPROXIMATE NUMBER    AVERAGE TIME USED     TIME LEFT (RESERVED   NUMBER OF STARS
 PARTICLES HANDLED    PARTICLES LEFT        OF BEAM PARTICLES     BY A BEAM PARTICLE     10000.0 SECONDS      CREATED
                                            THAT CAN STILL BE                           FOR PRINTOUT)
                                            HANDLED

 NEXT SEEDS:       0       0       0       0       0       0   181CD    3039       0       0
          1             249999999             249999999             7.6055527E-05         1.0000000E+30                 0       
 NEXT SEEDS:       4       0       0       0       0       0   181CD    3039       0       0
    5000000             245000000             245000000             2.6731387E-05         1.0000000E+30                 0       
 NEXT SEEDS: 177390F       0       0       0       0       0   181CD    3039       0       0
   10000000             240000000             240000000             2.6742900E-05         1.0000000E+30                 0       
 NEXT SEEDS: 2EE7B3E       0       0       0       0       0   181CD    3039       0       0
   15000000             235000000             235000000             2.6742189E-05         1.0000000E+30                 0       
 NEXT SEEDS: 465BB40       0       0       0       0       0   181CD    3039       0       0
   20000000             230000000             230000000             2.6731164E-05         1.0000000E+30                 0       
 NEXT SEEDS: 5DCA0B4       0       0       0       0       0   181CD    3039       0       0
   25000000             225000000             225000000             2.6710180E-05         1.0000000E+30                 0       
 NEXT SEEDS: 753853B       0       0       0       0       0   181CD    3039       0       0
   30000000             220000000             220000000             2.6700714E-05         1.0000000E+30                 0       
 NEXT SEEDS: 8CA8017       0       0       0       0       0   181CD    3039       0       0
   35000000             215000000             215000000             2.6705651E-05         1.0000000E+30                 0       
 NEXT SEEDS: A41BA42       0       0       0       0       0   181CD    3039       0       0
   40000000             210000000             210000000             2.6703630E-05         1.0000000E+30                 0       
 NEXT SEEDS: BB8E513       0       0       0       0       0   181CD    3039       0       0
   45000000             205000000             205000000             2.6695465E-05         1.0000000E+30                 0       
 NEXT SEEDS: D2FFF41       0       0       0       0       0   181CD    3039       0       0
   50000000             200000000             200000000             2.6694063E-05         1.0000000E+30                 0       
 NEXT SEEDS: EA73745       0       0       0       0       0   181CD    3039       0       0
   55000000             195000000             195000000             2.6698472E-05         1.0000000E+30                 0       
 NEXT SEEDS:101E2DFD       0       0       0       0       0   181CD    3039       0       0
   60000000             190000000             190000000             2.6697740E-05         1.0000000E+30                 0       
 NEXT SEEDS:119589CD       0       0       0       0       0   181CD    3039       0       0
   65000000             185000000             185000000             2.6698793E-05         1.0000000E+30                 0       
 NEXT SEEDS:130CC243       0       0       0       0       0   181CD    3039       0       0
   70000000             180000000             180000000             2.6694487E-05         1.0000000E+30                 0       
 NEXT SEEDS:1483CBEA       0       0       0       0       0   181CD    3039       0       0
   75000000             175000000             175000000             2.6692460E-05         1.0000000E+30                 0       
 NEXT SEEDS:15FAEAEC       0       0       0       0       0   181CD    3039       0       0
   80000000             170000000             170000000             2.6688570E-05         1.0000000E+30                 0       
 NEXT SEEDS:1771F272       0       0       0       0       0   181CD    3039       0       0
  *** Emfgeo: Ncoun  2000000000
   85000000             165000000             165000000             2.6689145E-05         1.0000000E+30                 0       
 NEXT SEEDS:18E922D0       0       0       0       0       0   181CD    3039       0       0
   90000000             160000000             160000000             2.6686501E-05         1.0000000E+30                 0       
 NEXT SEEDS:1A602117       0       0       0       0       0   181CD    3039       0       0
   95000000             155000000             155000000             2.6685466E-05         1.0000000E+30                 0       
 NEXT SEEDS:1BD75B0C       0       0       0       0       0   181CD    3039       0       0
  100000000             150000000             150000000             2.6687585E-05         1.0000000E+30                 0       
 NEXT SEEDS:1D4E741F       0       0       0       0       0   181CD    3039       0       0
  105000000             145000000             145000000             2.6688376E-05         1.0000000E+30                 0       
 NEXT SEEDS:1EC5E31E       0       0       0       0       0   181CD    3039       0       0
  110000000             140000000             140000000             2.6686867E-05         1.0000000E+30                 0       
 NEXT SEEDS:203CD8CB       0       0       0       0       0   181CD    3039       0       0
  115000000             135000000             135000000             2.6689036E-05         1.0000000E+30                 0       
 NEXT SEEDS:21B42EEE       0       0       0       0       0   181CD    3039       0       0
  120000000             130000000             130000000             2.6693621E-05         1.0000000E+30                 0       
 NEXT SEEDS:232B0A35       0       0       0       0       0   181CD    3039       0       0
  125000000             125000000             125000000             2.6694255E-05         1.0000000E+30                 0       
 NEXT SEEDS:24A23993       0       0       0       0       0   181CD    3039       0       0
  130000000             120000000             120000000             2.6696566E-05         1.0000000E+30                 0       
 NEXT SEEDS:26198103       0       0       0       0       0   181CD    3039       0       0
  135000000             115000000             115000000             2.6695207E-05         1.0000000E+30                 0       
 NEXT SEEDS:27908BF5       0       0       0       0       0   181CD    3039       0       0
  140000000             110000000             110000000             2.6695704E-05         1.0000000E+30                 0       
 NEXT SEEDS:29079D78       0       0       0       0       0   181CD    3039       0       0
  145000000             105000000             105000000             2.6697706E-05         1.0000000E+30                 0       
 NEXT SEEDS:2A7E997A       0       0       0       0       0   181CD    3039       0       0
  150000000             100000000             100000000             2.6697153E-05         1.0000000E+30                 0       
 NEXT SEEDS:2BF5B0AE       0       0       0       0       0   181CD    3039       0       0
  155000000              95000000              95000000             2.6697999E-05         1.0000000E+30                 0       
 NEXT SEEDS:2D6CEA64       0       0       0       0       0   181CD    3039       0       0
  160000000              90000000              90000000             2.6698764E-05         1.0000000E+30                 0       
 NEXT SEEDS:2EE40001       0       0       0       0       0   181CD    3039       0       0
  *** Emfgeo: Ncoun  2000000000
  165000000              85000000              85000000             2.6705527E-05         1.0000000E+30                 0       
 NEXT SEEDS:305AE07B       0       0       0       0       0   181CD    3039       0       0
  170000000              80000000              80000000             2.6716055E-05         1.0000000E+30                 0       
 NEXT SEEDS:31D1ECA4       0       0       0       0       0   181CD    3039       0       0
  175000000              75000000              75000000             2.6728437E-05         1.0000000E+30                 0       
 NEXT SEEDS:33492593       0       0       0       0       0   181CD    3039       0       0
  180000000              70000000              70000000             2.6729060E-05         1.0000000E+30                 0       
 NEXT SEEDS:34C021E7       0       0       0       0       0   181CD    3039       0       0
  185000000              65000000              65000000             2.6726845E-05         1.0000000E+30                 0       
 NEXT SEEDS:36370153       0       0       0       0       0   181CD    3039       0       0
  190000000              60000000              60000000             2.6726243E-05         1.0000000E+30                 0       
 NEXT SEEDS:37AE2B57       0       0       0       0       0   181CD    3039       0       0
  195000000              55000000              55000000             2.6724814E-05         1.0000000E+30                 0       
 NEXT SEEDS:39252943       0       0       0       0       0   181CD    3039       0       0
  200000000              50000000              50000000             2.6723066E-05         1.0000000E+30                 0       
 NEXT SEEDS:3A9C457F       0       0       0       0       0   181CD    3039       0       0
  205000000              45000000              45000000             2.6722356E-05         1.0000000E+30                 0       
 NEXT SEEDS:  7878BA       1       0       0       0       0   181CD    3039       0       0
  210000000              40000000              40000000             2.6722007E-05         1.0000000E+30                 0       
 NEXT SEEDS: 1EF9939       1       0       0       0       0   181CD    3039       0       0
  215000000              35000000              35000000             2.6721221E-05         1.0000000E+30                 0       
 NEXT SEEDS: 3669A03       1       0       0       0       0   181CD    3039       0       0
  220000000              30000000              30000000             2.6721213E-05         1.0000000E+30                 0       
 NEXT SEEDS: 4DD880E       1       0       0       0       0   181CD    3039       0       0
  225000000              25000000              25000000             2.6720651E-05         1.0000000E+30                 0       
 NEXT SEEDS: 6547C76       1       0       0       0       0   181CD    3039       0       0
  230000000              20000000              20000000             2.6719754E-05         1.0000000E+30                 0       
 NEXT SEEDS: 7CBD3DA       1       0       0       0       0   181CD    3039       0       0
  235000000              15000000              15000000             2.6719342E-05         1.0000000E+30                 0       
 NEXT SEEDS: 942DF3B       1       0       0       0       0   181CD    3039       0       0
  240000000              10000000              10000000             2.6718662E-05         1.0000000E+30                 0       
 NEXT SEEDS: AB9D546       1       0       0       0       0   181CD    3039       0       0
  *** Emfgeo: Ncoun  2000000000
  245000000               5000000               5000000             2.6718851E-05         1.0000000E+30                 0       
 NEXT SEEDS: C30EDD5       1       0       0       0       0   181CD    3039       0       0
  249999950                    50                    50             2.6718152E-05         1.0000000E+30                 0       
 NEXT SEEDS: DA80C8E       1       0       0       0       0   181CD    3039       0       0
  249999951                    49                    49             2.6718151E-05         1.0000000E+30                 0       
 NEXT SEEDS: DA80C92       1       0       0       0       0   181CD    3039       0       0
  249999952                    48                    48             2.6718151E-05         1.0000000E+30                 0       
 NEXT SEEDS: DA80C96       1       0       0       0       0   181CD    3039       0       0
  249999953                    47                    47             2.6718151E-05         1.0000000E+30                 0       
 NEXT SEEDS: DA80C9A       1       0       0       0       0   181CD    3039       0       0
  249999954                    46                    46             2.6718151E-05         1.0000000E+30                 0       
 NEXT SEEDS: DA80C9E       1       0       0       0       0   181CD    3039       0       0
  249999955                    45                    45             2.6718151E-05         1.0000000E+30                 0       
 NEXT SEEDS: DA80CA2       1       0       0       0       0   181CD    3039       0       0
  249999956                    44                    44             2.6718151E-05         1.0000000E+30                 0       
 NEXT SEEDS: DA80CA6       1       0       0       0       0   181CD    3039       0       0
  249999957                    43                    43             2.6718151E-05         1.0000000E+30                 0       
 NEXT SEEDS: DA80CAA       1       0       0       0       0   181CD    3039       0       0
  249999958                    42                    42             2.6718151E-05         1.0000000E+30                 0       
 NEXT SEEDS: DA80CAE       1       0       0       0       0   181CD    3039       0       0
  249999959                    41                    41             2.6718151E-05         1.0000000E+30                 0       
 NEXT SEEDS: DA80CB2       1       0       0       0       0   181CD    3039       0       0
  249999960                    40                    40             2.6718150E-05         1.0000000E+30                 0       
 NEXT SEEDS: DA80CB6       1       0       0       0       0   181CD    3039       0       0
  249999961                    39                    39             2.6718150E-05         1.0000000E+30                 0       
 NEXT SEEDS: DA80CBA       1       0       0       0       0   181CD    3039       0       0
  249999962                    38                    38             2.6718150E-05         1.0000000E+30                 0       
 NEXT SEEDS: DA80CBE       1       0       0       0       0   181CD    3039       0       0
  249999963                    37                    37             2.6718150E-05         1.0000000E+30                 0       
 NEXT SEEDS: DA80CC2       1       0       0       0       0   181CD    3039       0       0
  249999964                    36                    36             2.6718150E-05         1.0000000E+30                 0       
 NEXT SEEDS: DA80CC6       1       0       0       0       0   181CD    3039       0       0
  249999965                    35                    35             2.6718150E-05         1.0000000E+30                 0       
 NEXT SEEDS: DA80CCA       1       0       0       0       0   181CD    3039       0       0
  249999966                    34                    34             2.6718150E-05         1.0000000E+30                 0       
 NEXT SEEDS: DA80CCE       1       0       0       0       0   181CD    3039       0       0
  249999967                    33                    33             2.6718150E-05         1.0000000E+30                 0       
 NEXT SEEDS: DA80CD4       1       0       0       0       0   181CD    3039       0       0
  249999968                    32                    32             2.6718150E-05         1.0000000E+30                 0       
 NEXT SEEDS: DA80CD8       1       0       0       0       0   181CD    3039       0       0
  249999969                    31                    31             2.6718149E-05         1.0000000E+30                 0       
 NEXT SEEDS: DA80CDC       1       0       0       0       0   181CD    3039       0       0
  249999970                    30                    30             2.6718149E-05         1.0000000E+30                 0       
 NEXT SEEDS: DA80CE0       1       0       0       0       0   181CD    3039       0       0
  249999971                    29                    29             2.6718149E-05         1.0000000E+30                 0       
 NEXT SEEDS: DA80CE4       1       0       0       0       0   181CD    3039       0       0
  249999972                    28                    28             2.6718149E-05         1.0000000E+30                 0       
 NEXT SEEDS: DA80CE8       1       0       0       0       0   181CD    3039       0       0
  249999973                    27                    27             2.6718149E-05         1.0000000E+30                 0       
 NEXT SEEDS: DA80CEC       1       0       0       0       0   181CD    3039       0       0
  249999974                    26                    26             2.6718151E-05         1.0000000E+30                 0       
 NEXT SEEDS: DA80CF0       1       0       0       0       0   181CD    3039       0       0
  249999975                    25                    25             2.6718151E-05         1.0000000E+30                 0       
 NEXT SEEDS: DA80CF4       1       0       0       0       0   181CD    3039       0       0
  249999976                    24                    24             2.6718151E-05         1.0000000E+30                 0       
 NEXT SEEDS: DA80CFA       1       0       0       0       0   181CD    3039       0       0
  249999977                    23                    23             2.6718153E-05         1.0000000E+30                 0       
 NEXT SEEDS: DA80CFE       1       0       0       0       0   181CD    3039       0       0
  249999978                    22                    22             2.6718152E-05         1.0000000E+30                 0       
 NEXT SEEDS: DA80D02       1       0       0       0       0   181CD    3039       0       0
  249999979                    21                    21             2.6718152E-05         1.0000000E+30                 0       
 NEXT SEEDS: DA80D06       1       0       0       0       0   181CD    3039       0       0
  249999980                    20                    20             2.6718154E-05         1.0000000E+30                 0       
 NEXT SEEDS: DA80D0A       1       0       0       0       0   181CD    3039       0       0
  249999981                    19                    19             2.6718154E-05         1.0000000E+30                 0       
 NEXT SEEDS: DA80D0E       1       0       0       0       0   181CD    3039       0       0
  249999982                    18                    18             2.6718154E-05         1.0000000E+30                 0       
 NEXT SEEDS: DA80D12       1       0       0       0       0   181CD    3039       0       0
  249999983                    17                    17             2.6718154E-05         1.0000000E+30                 0       
 NEXT SEEDS: DA80D16       1       0       0       0       0   181CD    3039       0       0
  249999984                    16                    16             2.6718154E-05         1.0000000E+30                 0       
 NEXT SEEDS: DA80D1A       1       0       0       0       0   181CD    3039       0       0
  249999985                    15                    15             2.6718154E-05         1.0000000E+30                 0       
 NEXT SEEDS: DA80D1E       1       0       0       0       0   181CD    3039       0       0
  249999986                    14                    14             2.6718154E-05         1.0000000E+30                 0       
 NEXT SEEDS: DA80D22       1       0       0       0       0   181CD    3039       0       0
  249999987                    13                    13             2.6718155E-05         1.0000000E+30                 0       
 NEXT SEEDS: DA80D3D       1       0       0       0       0   181CD    3039       0       0
  249999988                    12                    12             2.6718155E-05         1.0000000E+30                 0       
 NEXT SEEDS: DA80D41       1       0       0       0       0   181CD    3039       0       0
  249999989                    11                    11             2.6718155E-05         1.0000000E+30                 0       
 NEXT SEEDS: DA80D45       1       0       0       0       0   181CD    3039       0       0
  249999990                    10                    10             2.6718157E-05         1.0000000E+30                 0       
 NEXT SEEDS: DA80D49       1       0       0       0       0   181CD    3039       0       0
  249999991                     9                     9             2.6718157E-05         1.0000000E+30                 0       
 NEXT SEEDS: DA80D4D       1       0       0       0       0   181CD    3039       0       0
  249999992                     8                     8             2.6718157E-05         1.0000000E+30                 0       
 NEXT SEEDS: DA80D51       1       0       0       0       0   181CD    3039       0       0
  249999993                     7                     7             2.6718159E-05         1.0000000E+30                 0       
 NEXT SEEDS: DA80D55       1       0       0       0       0   181CD    3039       0       0
  249999994                     6                     6             2.6718160E-05         1.0000000E+30                 0       
 NEXT SEEDS: DA80D7C       1       0       0       0       0   181CD    3039       0       0
  249999995                     5                     5             2.6718160E-05         1.0000000E+30                 0       
 NEXT SEEDS: DA80D80       1       0       0       0       0   181CD    3039       0       0
  249999996                     4                     4             2.6718160E-05         1.0000000E+30                 0       
 NEXT SEEDS: DA80D84       1       0       0       0       0   181CD    3039       0       0
  249999997                     3                     3             2.6718160E-05         1.0000000E+30                 0       
 NEXT SEEDS: DA80D88       1       0       0       0       0   181CD    3039       0       0
  249999998                     2                     2             2.6718160E-05         1.0000000E+30                 0       
 NEXT SEEDS: DA80D8C       1       0       0       0       0   181CD    3039       0       0
  249999999                     1                     1             2.6718160E-05         1.0000000E+30                 0       
 NEXT SEEDS: DA80D90       1       0       0       0       0   181CD    3039       0       0
  250000000                     0                     1             2.6718160E-05         1.0000000E+30                 0       
 NEXT SEEDS: DA80D94       1       0       0       0       0   181CD    3039       0       0
