1NUMBER OF BEAM       NUMBER OF BEAM        APPROXIMATE NUMBER    AVERAGE TIME USED     TIME LEFT (RESERVED   NUMBER OF STARS
 PARTICLES HANDLED    PARTICLES LEFT        OF BEAM PARTICLES     BY A BEAM PARTICLE     10000.0 SECONDS      CREATED
                                            THAT CAN STILL BE                           FOR PRINTOUT)
                                            HANDLED

 NEXT SEEDS:       0       0       0       0       0       0   181CD    3039       0       0
          1             249999999             249999999             7.7962875E-05         1.0000000E+30                 0       
 NEXT SEEDS:       4       0       0       0       0       0   181CD    3039       0       0
    5000000             245000000             245000000             2.7093431E-05         1.0000000E+30                 0       
 NEXT SEEDS: 176F791       0       0       0       0       0   181CD    3039       0       0
   10000000             240000000             240000000             2.7114050E-05         1.0000000E+30                 0       
 NEXT SEEDS: 2EE11DE       0       0       0       0       0   181CD    3039       0       0
   15000000             235000000             235000000             2.7111138E-05         1.0000000E+30                 0       
 NEXT SEEDS: 4652C57       0       0       0       0       0   181CD    3039       0       0
   20000000             230000000             230000000             2.7106215E-05         1.0000000E+30                 0       
 NEXT SEEDS: 5DC5742       0       0       0       0       0   181CD    3039       0       0
   25000000             225000000             225000000             2.7102054E-05         1.0000000E+30                 0       
 NEXT SEEDS: 753595E       0       0       0       0       0   181CD    3039       0       0
   30000000             220000000             220000000             2.7097850E-05         1.0000000E+30                 0       
 NEXT SEEDS: 8CA8ADE       0       0       0       0       0   181CD    3039       0       0
   35000000             215000000             215000000             2.7096347E-05         1.0000000E+30                 0       
 NEXT SEEDS: A4196A6       0       0       0       0       0   181CD    3039       0       0
   40000000             210000000             210000000             2.7101540E-05         1.0000000E+30                 0       
 NEXT SEEDS: BB8E0B4       0       0       0       0       0   181CD    3039       0       0
   45000000             205000000             205000000             2.7106645E-05         1.0000000E+30                 0       
 NEXT SEEDS: D302853       0       0       0       0       0   181CD    3039       0       0
   50000000             200000000             200000000             2.7109162E-05         1.0000000E+30                 0       
 NEXT SEEDS: EA712F2       0       0       0       0       0   181CD    3039       0       0
   55000000             195000000             195000000             2.7108087E-05         1.0000000E+30                 0       
 NEXT SEEDS:101E3179       0       0       0       0       0   181CD    3039       0       0
   60000000             190000000             190000000             2.7107222E-05         1.0000000E+30                 0       
 NEXT SEEDS:11954E22       0       0       0       0       0   181CD    3039       0       0
   65000000             185000000             185000000             2.7108719E-05         1.0000000E+30                 0       
 NEXT SEEDS:130C5BEA       0       0       0       0       0   181CD    3039       0       0
   70000000             180000000             180000000             2.7103505E-05         1.0000000E+30                 0       
 NEXT SEEDS:14836916       0       0       0       0       0   181CD    3039       0       0
   75000000             175000000             175000000             2.7103092E-05         1.0000000E+30                 0       
 NEXT SEEDS:15FA93B5       0       0       0       0       0   181CD    3039       0       0
   80000000             170000000             170000000             2.7103240E-05         1.0000000E+30                 0       
 NEXT SEEDS:1771F7DD       0       0       0       0       0   181CD    3039       0       0
  *** Emfgeo: Ncoun  2000000000
   85000000             165000000             165000000             2.7102628E-05         1.0000000E+30                 0       
 NEXT SEEDS:18E95AC2       0       0       0       0       0   181CD    3039       0       0
   90000000             160000000             160000000             2.7102959E-05         1.0000000E+30                 0       
 NEXT SEEDS:1A605EF3       0       0       0       0       0   181CD    3039       0       0
   95000000             155000000             155000000             2.7104016E-05         1.0000000E+30                 0       
 NEXT SEEDS:1BD7A49C       0       0       0       0       0   181CD    3039       0       0
  100000000             150000000             150000000             2.7103159E-05         1.0000000E+30                 0       
 NEXT SEEDS:1D4EB718       0       0       0       0       0   181CD    3039       0       0
  105000000             145000000             145000000             2.7102436E-05         1.0000000E+30                 0       
 NEXT SEEDS:1EC5D16B       0       0       0       0       0   181CD    3039       0       0
  110000000             140000000             140000000             2.7102707E-05         1.0000000E+30                 0       
 NEXT SEEDS:203CBB61       0       0       0       0       0   181CD    3039       0       0
  115000000             135000000             135000000             2.7101806E-05         1.0000000E+30                 0       
 NEXT SEEDS:21B39EC8       0       0       0       0       0   181CD    3039       0       0
  120000000             130000000             130000000             2.7101731E-05         1.0000000E+30                 0       
 NEXT SEEDS:232AA6F4       0       0       0       0       0   181CD    3039       0       0
  125000000             125000000             125000000             2.7101107E-05         1.0000000E+30                 0       
 NEXT SEEDS:24A16AE3       0       0       0       0       0   181CD    3039       0       0
  130000000             120000000             120000000             2.7100464E-05         1.0000000E+30                 0       
 NEXT SEEDS:2618716A       0       0       0       0       0   181CD    3039       0       0
  135000000             115000000             115000000             2.7099658E-05         1.0000000E+30                 0       
 NEXT SEEDS:278F85D3       0       0       0       0       0   181CD    3039       0       0
  140000000             110000000             110000000             2.7100441E-05         1.0000000E+30                 0       
 NEXT SEEDS:2906BF29       0       0       0       0       0   181CD    3039       0       0
  145000000             105000000             105000000             2.7100313E-05         1.0000000E+30                 0       
 NEXT SEEDS:2A7DC43B       0       0       0       0       0   181CD    3039       0       0
  150000000             100000000             100000000             2.7099650E-05         1.0000000E+30                 0       
 NEXT SEEDS:2BF5057C       0       0       0       0       0   181CD    3039       0       0
  155000000              95000000              95000000             2.7100515E-05         1.0000000E+30                 0       
 NEXT SEEDS:2D6C3769       0       0       0       0       0   181CD    3039       0       0
  160000000              90000000              90000000             2.7102229E-05         1.0000000E+30                 0       
 NEXT SEEDS:2EE381A4       0       0       0       0       0   181CD    3039       0       0
  *** Emfgeo: Ncoun  2000000000
  165000000              85000000              85000000             2.7100410E-05         1.0000000E+30                 0       
 NEXT SEEDS:305A62F2       0       0       0       0       0   181CD    3039       0       0
  170000000              80000000              80000000             2.7099240E-05         1.0000000E+30                 0       
 NEXT SEEDS:31D164D1       0       0       0       0       0   181CD    3039       0       0
  175000000              75000000              75000000             2.7099892E-05         1.0000000E+30                 0       
 NEXT SEEDS:3348A462       0       0       0       0       0   181CD    3039       0       0
  180000000              70000000              70000000             2.7101442E-05         1.0000000E+30                 0       
 NEXT SEEDS:34BF9F41       0       0       0       0       0   181CD    3039       0       0
  185000000              65000000              65000000             2.7102353E-05         1.0000000E+30                 0       
 NEXT SEEDS:3636AB58       0       0       0       0       0   181CD    3039       0       0
  190000000              60000000              60000000             2.7103702E-05         1.0000000E+30                 0       
 NEXT SEEDS:37ADEAAC       0       0       0       0       0   181CD    3039       0       0
  195000000              55000000              55000000             2.7103985E-05         1.0000000E+30                 0       
 NEXT SEEDS:3924F1EB       0       0       0       0       0   181CD    3039       0       0
  200000000              50000000              50000000             2.7103866E-05         1.0000000E+30                 0       
 NEXT SEEDS:3A9BE6E1       0       0       0       0       0   181CD    3039       0       0
  205000000              45000000              45000000             2.7106187E-05         1.0000000E+30                 0       
 NEXT SEEDS:  786615       1       0       0       0       0   181CD    3039       0       0
  210000000              40000000              40000000             2.7106121E-05         1.0000000E+30                 0       
 NEXT SEEDS: 1EF6DD2       1       0       0       0       0   181CD    3039       0       0
  215000000              35000000              35000000             2.7106412E-05         1.0000000E+30                 0       
 NEXT SEEDS: 36665B9       1       0       0       0       0   181CD    3039       0       0
  220000000              30000000              30000000             2.7107647E-05         1.0000000E+30                 0       
 NEXT SEEDS: 4DD869B       1       0       0       0       0   181CD    3039       0       0
  225000000              25000000              25000000             2.7107967E-05         1.0000000E+30                 0       
 NEXT SEEDS: 654E47B       1       0       0       0       0   181CD    3039       0       0
  230000000              20000000              20000000             2.7108255E-05         1.0000000E+30                 0       
 NEXT SEEDS: 7CC0C58       1       0       0       0       0   181CD    3039       0       0
  235000000              15000000              15000000             2.7110003E-05         1.0000000E+30                 0       
 NEXT SEEDS: 94370BD       1       0       0       0       0   181CD    3039       0       0
  240000000              10000000              10000000             2.7109294E-05         1.0000000E+30                 0       
 NEXT SEEDS: ABA72FE       1       0       0       0       0   181CD    3039       0       0
  *** Emfgeo: Ncoun  2000000000
  245000000               5000000               5000000             2.7107987E-05         1.0000000E+30                 0       
 NEXT SEEDS: C3173AB       1       0       0       0       0   181CD    3039       0       0
  249999950                    50                    50             2.7108561E-05         1.0000000E+30                 0       
 NEXT SEEDS: DA89390       1       0       0       0       0   181CD    3039       0       0
  249999951                    49                    49             2.7108563E-05         1.0000000E+30                 0       
 NEXT SEEDS: DA89394       1       0       0       0       0   181CD    3039       0       0
  249999952                    48                    48             2.7108563E-05         1.0000000E+30                 0       
 NEXT SEEDS: DA8939A       1       0       0       0       0   181CD    3039       0       0
  249999953                    47                    47             2.7108563E-05         1.0000000E+30                 0       
 NEXT SEEDS: DA8939E       1       0       0       0       0   181CD    3039       0       0
  249999954                    46                    46             2.7108562E-05         1.0000000E+30                 0       
 NEXT SEEDS: DA893A2       1       0       0       0       0   181CD    3039       0       0
  249999955                    45                    45             2.7108562E-05         1.0000000E+30                 0       
 NEXT SEEDS: DA893A6       1       0       0       0       0   181CD    3039       0       0
  249999956                    44                    44             2.7108562E-05         1.0000000E+30                 0       
 NEXT SEEDS: DA893AA       1       0       0       0       0   181CD    3039       0       0
  249999957                    43                    43             2.7108562E-05         1.0000000E+30                 0       
 NEXT SEEDS: DA893AE       1       0       0       0       0   181CD    3039       0       0
  249999958                    42                    42             2.7108562E-05         1.0000000E+30                 0       
 NEXT SEEDS: DA893B2       1       0       0       0       0   181CD    3039       0       0
  249999959                    41                    41             2.7108562E-05         1.0000000E+30                 0       
 NEXT SEEDS: DA893B8       1       0       0       0       0   181CD    3039       0       0
  249999960                    40                    40             2.7108562E-05         1.0000000E+30                 0       
 NEXT SEEDS: DA893BC       1       0       0       0       0   181CD    3039       0       0
  249999961                    39                    39             2.7108562E-05         1.0000000E+30                 0       
 NEXT SEEDS: DA893C0       1       0       0       0       0   181CD    3039       0       0
  249999962                    38                    38             2.7108564E-05         1.0000000E+30                 0       
 NEXT SEEDS: DA893C4       1       0       0       0       0   181CD    3039       0       0
  249999963                    37                    37             2.7108563E-05         1.0000000E+30                 0       
 NEXT SEEDS: DA893C8       1       0       0       0       0   181CD    3039       0       0
  249999964                    36                    36             2.7108563E-05         1.0000000E+30                 0       
 NEXT SEEDS: DA893CC       1       0       0       0       0   181CD    3039       0       0
  249999965                    35                    35             2.7108565E-05         1.0000000E+30                 0       
 NEXT SEEDS: DA893D0       1       0       0       0       0   181CD    3039       0       0
  249999966                    34                    34             2.7108565E-05         1.0000000E+30                 0       
 NEXT SEEDS: DA893D4       1       0       0       0       0   181CD    3039       0       0
  249999967                    33                    33             2.7108565E-05         1.0000000E+30                 0       
 NEXT SEEDS: DA893D8       1       0       0       0       0   181CD    3039       0       0
  249999968                    32                    32             2.7108567E-05         1.0000000E+30                 0       
 NEXT SEEDS: DA893DC       1       0       0       0       0   181CD    3039       0       0
  249999969                    31                    31             2.7108567E-05         1.0000000E+30                 0       
 NEXT SEEDS: DA893E0       1       0       0       0       0   181CD    3039       0       0
  249999970                    30                    30             2.7108567E-05         1.0000000E+30                 0       
 NEXT SEEDS: DA893E4       1       0       0       0       0   181CD    3039       0       0
  249999971                    29                    29             2.7108568E-05         1.0000000E+30                 0       
 NEXT SEEDS: DA893E8       1       0       0       0       0   181CD    3039       0       0
  249999972                    28                    28             2.7108568E-05         1.0000000E+30                 0       
 NEXT SEEDS: DA893EC       1       0       0       0       0   181CD    3039       0       0
  249999973                    27                    27             2.7108568E-05         1.0000000E+30                 0       
 NEXT SEEDS: DA893F0       1       0       0       0       0   181CD    3039       0       0
  249999974                    26                    26             2.7108570E-05         1.0000000E+30                 0       
 NEXT SEEDS: DA893F4       1       0       0       0       0   181CD    3039       0       0
  249999975                    25                    25             2.7108570E-05         1.0000000E+30                 0       
 NEXT SEEDS: DA893F8       1       0       0       0       0   181CD    3039       0       0
  249999976                    24                    24             2.7108570E-05         1.0000000E+30                 0       
 NEXT SEEDS: DA893FC       1       0       0       0       0   181CD    3039       0       0
  249999977                    23                    23             2.7108572E-05         1.0000000E+30                 0       
 NEXT SEEDS: DA89400       1       0       0       0       0   181CD    3039       0       0
  249999978                    22                    22             2.7108572E-05         1.0000000E+30                 0       
 NEXT SEEDS: DA89404       1       0       0       0       0   181CD    3039       0       0
  249999979                    21                    21             2.7108571E-05         1.0000000E+30                 0       
 NEXT SEEDS: DA89408       1       0       0       0       0   181CD    3039       0       0
  249999980                    20                    20             2.7108573E-05         1.0000000E+30                 0       
 NEXT SEEDS: DA8940C       1       0       0       0       0   181CD    3039       0       0
  249999981                    19                    19             2.7108573E-05         1.0000000E+30                 0       
 NEXT SEEDS: DA89410       1       0       0       0       0   181CD    3039       0       0
  249999982                    18                    18             2.7108573E-05         1.0000000E+30                 0       
 NEXT SEEDS: DA89414       1       0       0       0       0   181CD    3039       0       0
  249999983                    17                    17             2.7108575E-05         1.0000000E+30                 0       
 NEXT SEEDS: DA89418       1       0       0       0       0   181CD    3039       0       0
  249999984                    16                    16             2.7108575E-05         1.0000000E+30                 0       
 NEXT SEEDS: DA8941C       1       0       0       0       0   181CD    3039       0       0
  249999985                    15                    15             2.7108575E-05         1.0000000E+30                 0       
 NEXT SEEDS: DA89420       1       0       0       0       0   181CD    3039       0       0
  249999986                    14                    14             2.7108577E-05         1.0000000E+30                 0       
 NEXT SEEDS: DA89432       1       0       0       0       0   181CD    3039       0       0
  249999987                    13                    13             2.7108576E-05         1.0000000E+30                 0       
 NEXT SEEDS: DA89436       1       0       0       0       0   181CD    3039       0       0
  249999988                    12                    12             2.7108578E-05         1.0000000E+30                 0       
 NEXT SEEDS: DA8943A       1       0       0       0       0   181CD    3039       0       0
  249999989                    11                    11             2.7108578E-05         1.0000000E+30                 0       
 NEXT SEEDS: DA8943E       1       0       0       0       0   181CD    3039       0       0
  249999990                    10                    10             2.7108578E-05         1.0000000E+30                 0       
 NEXT SEEDS: DA89442       1       0       0       0       0   181CD    3039       0       0
  249999991                     9                     9             2.7108580E-05         1.0000000E+30                 0       
 NEXT SEEDS: DA89446       1       0       0       0       0   181CD    3039       0       0
  249999992                     8                     8             2.7108582E-05         1.0000000E+30                 0       
 NEXT SEEDS: DA8944A       1       0       0       0       0   181CD    3039       0       0
  249999993                     7                     7             2.7108582E-05         1.0000000E+30                 0       
 NEXT SEEDS: DA8944E       1       0       0       0       0   181CD    3039       0       0
  249999994                     6                     6             2.7108584E-05         1.0000000E+30                 0       
 NEXT SEEDS: DA89452       1       0       0       0       0   181CD    3039       0       0
  249999995                     5                     5             2.7108583E-05         1.0000000E+30                 0       
 NEXT SEEDS: DA89456       1       0       0       0       0   181CD    3039       0       0
  249999996                     4                     4             2.7108583E-05         1.0000000E+30                 0       
 NEXT SEEDS: DA8945A       1       0       0       0       0   181CD    3039       0       0
  249999997                     3                     3             2.7108585E-05         1.0000000E+30                 0       
 NEXT SEEDS: DA8945E       1       0       0       0       0   181CD    3039       0       0
  249999998                     2                     2             2.7108585E-05         1.0000000E+30                 0       
 NEXT SEEDS: DA89462       1       0       0       0       0   181CD    3039       0       0
  249999999                     1                     1             2.7108585E-05         1.0000000E+30                 0       
 NEXT SEEDS: DA89466       1       0       0       0       0   181CD    3039       0       0
  250000000                     0                     1             2.7108587E-05         1.0000000E+30                 0       
 NEXT SEEDS: DA8946A       1       0       0       0       0   181CD    3039       0       0
