1NUMBER OF BEAM       NUMBER OF BEAM        APPROXIMATE NUMBER    AVERAGE TIME USED     TIME LEFT (RESERVED   NUMBER OF STARS
 PARTICLES HANDLED    PARTICLES LEFT        OF BEAM PARTICLES     BY A BEAM PARTICLE     10000.0 SECONDS      CREATED
                                            THAT CAN STILL BE                           FOR PRINTOUT)
                                            HANDLED

 NEXT SEEDS:       0       0       0       0       0       0   181CD    3039       0       0
          1             249999999             249999999             7.7009201E-05         1.0000000E+30                 0       
 NEXT SEEDS:       4       0       0       0       0       0   181CD    3039       0       0
    5000000             245000000             245000000             2.7830957E-05         1.0000000E+30                 0       
 NEXT SEEDS: 17738DA       0       0       0       0       0   181CD    3039       0       0
   10000000             240000000             240000000             2.7816987E-05         1.0000000E+30                 0       
 NEXT SEEDS: 2EE2A0D       0       0       0       0       0   181CD    3039       0       0
   15000000             235000000             235000000             2.7842730E-05         1.0000000E+30                 0       
 NEXT SEEDS: 4654ABE       0       0       0       0       0   181CD    3039       0       0
   20000000             230000000             230000000             2.7832630E-05         1.0000000E+30                 0       
 NEXT SEEDS: 5DC4122       0       0       0       0       0   181CD    3039       0       0
   25000000             225000000             225000000             2.7841541E-05         1.0000000E+30                 0       
 NEXT SEEDS: 753C953       0       0       0       0       0   181CD    3039       0       0
   30000000             220000000             220000000             2.7856370E-05         1.0000000E+30                 0       
 NEXT SEEDS: 8CAFACD       0       0       0       0       0   181CD    3039       0       0
   35000000             215000000             215000000             2.7859822E-05         1.0000000E+30                 0       
 NEXT SEEDS: A421A38       0       0       0       0       0   181CD    3039       0       0
   40000000             210000000             210000000             2.7863993E-05         1.0000000E+30                 0       
 NEXT SEEDS: BB935C0       0       0       0       0       0   181CD    3039       0       0
   45000000             205000000             205000000             2.7863721E-05         1.0000000E+30                 0       
 NEXT SEEDS: D3036A0       0       0       0       0       0   181CD    3039       0       0
   50000000             200000000             200000000             2.7859595E-05         1.0000000E+30                 0       
 NEXT SEEDS: EA73E6A       0       0       0       0       0   181CD    3039       0       0
   55000000             195000000             195000000             2.7861994E-05         1.0000000E+30                 0       
 NEXT SEEDS:101E6B65       0       0       0       0       0   181CD    3039       0       0
   60000000             190000000             190000000             2.7858545E-05         1.0000000E+30                 0       
 NEXT SEEDS:119555A5       0       0       0       0       0   181CD    3039       0       0
   65000000             185000000             185000000             2.7862365E-05         1.0000000E+30                 0       
 NEXT SEEDS:130C6BF5       0       0       0       0       0   181CD    3039       0       0
   70000000             180000000             180000000             2.7876899E-05         1.0000000E+30                 0       
 NEXT SEEDS:14836EF2       0       0       0       0       0   181CD    3039       0       0
   75000000             175000000             175000000             2.7876633E-05         1.0000000E+30                 0       
 NEXT SEEDS:15FA4C9E       0       0       0       0       0   181CD    3039       0       0
   80000000             170000000             170000000             2.7867885E-05         1.0000000E+30                 0       
 NEXT SEEDS:177152BC       0       0       0       0       0   181CD    3039       0       0
  *** Emfgeo: Ncoun  2000000000
   85000000             165000000             165000000             2.7865276E-05         1.0000000E+30                 0       
 NEXT SEEDS:18E85251       0       0       0       0       0   181CD    3039       0       0
   90000000             160000000             160000000             2.7864701E-05         1.0000000E+30                 0       
 NEXT SEEDS:1A5F8521       0       0       0       0       0   181CD    3039       0       0
   95000000             155000000             155000000             2.7859222E-05         1.0000000E+30                 0       
 NEXT SEEDS:1BD68892       0       0       0       0       0   181CD    3039       0       0
  100000000             150000000             150000000             2.7859628E-05         1.0000000E+30                 0       
 NEXT SEEDS:1D4D94D5       0       0       0       0       0   181CD    3039       0       0
  105000000             145000000             145000000             2.7859541E-05         1.0000000E+30                 0       
 NEXT SEEDS:1EC48023       0       0       0       0       0   181CD    3039       0       0
  110000000             140000000             140000000             2.7856196E-05         1.0000000E+30                 0       
 NEXT SEEDS:203B7A22       0       0       0       0       0   181CD    3039       0       0
  115000000             135000000             135000000             2.7854748E-05         1.0000000E+30                 0       
 NEXT SEEDS:21B282AB       0       0       0       0       0   181CD    3039       0       0
  120000000             130000000             130000000             2.7860412E-05         1.0000000E+30                 0       
 NEXT SEEDS:232957AD       0       0       0       0       0   181CD    3039       0       0
  125000000             125000000             125000000             2.7859638E-05         1.0000000E+30                 0       
 NEXT SEEDS:24A0A9FD       0       0       0       0       0   181CD    3039       0       0
  130000000             120000000             120000000             2.7865647E-05         1.0000000E+30                 0       
 NEXT SEEDS:2617DD93       0       0       0       0       0   181CD    3039       0       0
  135000000             115000000             115000000             2.7870145E-05         1.0000000E+30                 0       
 NEXT SEEDS:278EC835       0       0       0       0       0   181CD    3039       0       0
  140000000             110000000             110000000             2.7868212E-05         1.0000000E+30                 0       
 NEXT SEEDS:2905DFE4       0       0       0       0       0   181CD    3039       0       0
  145000000             105000000             105000000             2.7866168E-05         1.0000000E+30                 0       
 NEXT SEEDS:2A7CFB9B       0       0       0       0       0   181CD    3039       0       0
  150000000             100000000             100000000             2.7871666E-05         1.0000000E+30                 0       
 NEXT SEEDS:2BF469C5       0       0       0       0       0   181CD    3039       0       0
  155000000              95000000              95000000             2.7871304E-05         1.0000000E+30                 0       
 NEXT SEEDS:2D6B9039       0       0       0       0       0   181CD    3039       0       0
  160000000              90000000              90000000             2.7868929E-05         1.0000000E+30                 0       
 NEXT SEEDS:2EE2B4B7       0       0       0       0       0   181CD    3039       0       0
  *** Emfgeo: Ncoun  2000000000
  165000000              85000000              85000000             2.7865891E-05         1.0000000E+30                 0       
 NEXT SEEDS:305A1340       0       0       0       0       0   181CD    3039       0       0
  170000000              80000000              80000000             2.7865532E-05         1.0000000E+30                 0       
 NEXT SEEDS:31D15FC9       0       0       0       0       0   181CD    3039       0       0
  175000000              75000000              75000000             2.7863839E-05         1.0000000E+30                 0       
 NEXT SEEDS:33487AB8       0       0       0       0       0   181CD    3039       0       0
  180000000              70000000              70000000             2.7862706E-05         1.0000000E+30                 0       
 NEXT SEEDS:34BFB783       0       0       0       0       0   181CD    3039       0       0
  185000000              65000000              65000000             2.7860327E-05         1.0000000E+30                 0       
 NEXT SEEDS:3636A759       0       0       0       0       0   181CD    3039       0       0
  190000000              60000000              60000000             2.7860844E-05         1.0000000E+30                 0       
 NEXT SEEDS:37ADACEC       0       0       0       0       0   181CD    3039       0       0
  195000000              55000000              55000000             2.7862181E-05         1.0000000E+30                 0       
 NEXT SEEDS:3924D7EF       0       0       0       0       0   181CD    3039       0       0
  200000000              50000000              50000000             2.7867145E-05         1.0000000E+30                 0       
 NEXT SEEDS:3A9C2522       0       0       0       0       0   181CD    3039       0       0
  205000000              45000000              45000000             2.7866873E-05         1.0000000E+30                 0       
 NEXT SEEDS:  787581       1       0       0       0       0   181CD    3039       0       0
  210000000              40000000              40000000             2.7865669E-05         1.0000000E+30                 0       
 NEXT SEEDS: 1EF87F3       1       0       0       0       0   181CD    3039       0       0
  215000000              35000000              35000000             2.7863269E-05         1.0000000E+30                 0       
 NEXT SEEDS: 36649D9       1       0       0       0       0   181CD    3039       0       0
  220000000              30000000              30000000             2.7862471E-05         1.0000000E+30                 0       
 NEXT SEEDS: 4DD2090       1       0       0       0       0   181CD    3039       0       0
  225000000              25000000              25000000             2.7862009E-05         1.0000000E+30                 0       
 NEXT SEEDS: 6544EB9       1       0       0       0       0   181CD    3039       0       0
  230000000              20000000              20000000             2.7860296E-05         1.0000000E+30                 0       
 NEXT SEEDS: 7CB3484       1       0       0       0       0   181CD    3039       0       0
  235000000              15000000              15000000             2.7859451E-05         1.0000000E+30                 0       
 NEXT SEEDS: 9425903       1       0       0       0       0   181CD    3039       0       0
  240000000              10000000              10000000             2.7859580E-05         1.0000000E+30                 0       
 NEXT SEEDS: AB944F7       1       0       0       0       0   181CD    3039       0       0
  *** Emfgeo: Ncoun  2000000000
  245000000               5000000               5000000             2.7858466E-05         1.0000000E+30                 0       
 NEXT SEEDS: C3097C0       1       0       0       0       0   181CD    3039       0       0
  249999950                    50                    50             2.7856978E-05         1.0000000E+30                 0       
 NEXT SEEDS: DA7B4D6       1       0       0       0       0   181CD    3039       0       0
  249999951                    49                    49             2.7856980E-05         1.0000000E+30                 0       
 NEXT SEEDS: DA7B4DA       1       0       0       0       0   181CD    3039       0       0
  249999952                    48                    48             2.7856980E-05         1.0000000E+30                 0       
 NEXT SEEDS: DA7B4DE       1       0       0       0       0   181CD    3039       0       0
  249999953                    47                    47             2.7856981E-05         1.0000000E+30                 0       
 NEXT SEEDS: DA7B4E2       1       0       0       0       0   181CD    3039       0       0
  249999954                    46                    46             2.7856983E-05         1.0000000E+30                 0       
 NEXT SEEDS: DA7B4E8       1       0       0       0       0   181CD    3039       0       0
  249999955                    45                    45             2.7856983E-05         1.0000000E+30                 0       
 NEXT SEEDS: DA7B4EC       1       0       0       0       0   181CD    3039       0       0
  249999956                    44                    44             2.7856983E-05         1.0000000E+30                 0       
 NEXT SEEDS: DA7B4F0       1       0       0       0       0   181CD    3039       0       0
  249999957                    43                    43             2.7856983E-05         1.0000000E+30                 0       
 NEXT SEEDS: DA7B4F4       1       0       0       0       0   181CD    3039       0       0
  249999958                    42                    42             2.7856983E-05         1.0000000E+30                 0       
 NEXT SEEDS: DA7B4F8       1       0       0       0       0   181CD    3039       0       0
  249999959                    41                    41             2.7856983E-05         1.0000000E+30                 0       
 NEXT SEEDS: DA7B4FC       1       0       0       0       0   181CD    3039       0       0
  249999960                    40                    40             2.7856983E-05         1.0000000E+30                 0       
 NEXT SEEDS: DA7B500       1       0       0       0       0   181CD    3039       0       0
  249999961                    39                    39             2.7856982E-05         1.0000000E+30                 0       
 NEXT SEEDS: DA7B504       1       0       0       0       0   181CD    3039       0       0
  249999962                    38                    38             2.7856984E-05         1.0000000E+30                 0       
 NEXT SEEDS: DA7B50A       1       0       0       0       0   181CD    3039       0       0
  249999963                    37                    37             2.7856986E-05         1.0000000E+30                 0       
 NEXT SEEDS: DA7B50E       1       0       0       0       0   181CD    3039       0       0
  249999964                    36                    36             2.7856986E-05         1.0000000E+30                 0       
 NEXT SEEDS: DA7B512       1       0       0       0       0   181CD    3039       0       0
  249999965                    35                    35             2.7856986E-05         1.0000000E+30                 0       
 NEXT SEEDS: DA7B516       1       0       0       0       0   181CD    3039       0       0
  249999966                    34                    34             2.7856988E-05         1.0000000E+30                 0       
 NEXT SEEDS: DA7B51A       1       0       0       0       0   181CD    3039       0       0
  249999967                    33                    33             2.7856988E-05         1.0000000E+30                 0       
 NEXT SEEDS: DA7B51E       1       0       0       0       0   181CD    3039       0       0
  249999968                    32                    32             2.7856989E-05         1.0000000E+30                 0       
 NEXT SEEDS: DA7B522       1       0       0       0       0   181CD    3039       0       0
  249999969                    31                    31             2.7856989E-05         1.0000000E+30                 0       
 NEXT SEEDS: DA7B545       1       0       0       0       0   181CD    3039       0       0
  249999970                    30                    30             2.7856989E-05         1.0000000E+30                 0       
 NEXT SEEDS: DA7B549       1       0       0       0       0   181CD    3039       0       0
  249999971                    29                    29             2.7856991E-05         1.0000000E+30                 0       
 NEXT SEEDS: DA7B54D       1       0       0       0       0   181CD    3039       0       0
  249999972                    28                    28             2.7856991E-05         1.0000000E+30                 0       
 NEXT SEEDS: DA7B551       1       0       0       0       0   181CD    3039       0       0
  249999973                    27                    27             2.7856993E-05         1.0000000E+30                 0       
 NEXT SEEDS: DA7B555       1       0       0       0       0   181CD    3039       0       0
  249999974                    26                    26             2.7856993E-05         1.0000000E+30                 0       
 NEXT SEEDS: DA7B559       1       0       0       0       0   181CD    3039       0       0
  249999975                    25                    25             2.7856995E-05         1.0000000E+30                 0       
 NEXT SEEDS: DA7B58E       1       0       0       0       0   181CD    3039       0       0
  249999976                    24                    24             2.7856994E-05         1.0000000E+30                 0       
 NEXT SEEDS: DA7B592       1       0       0       0       0   181CD    3039       0       0
  249999977                    23                    23             2.7856996E-05         1.0000000E+30                 0       
 NEXT SEEDS: DA7B596       1       0       0       0       0   181CD    3039       0       0
  249999978                    22                    22             2.7856996E-05         1.0000000E+30                 0       
 NEXT SEEDS: DA7B59A       1       0       0       0       0   181CD    3039       0       0
  249999979                    21                    21             2.7856996E-05         1.0000000E+30                 0       
 NEXT SEEDS: DA7B59E       1       0       0       0       0   181CD    3039       0       0
  249999980                    20                    20             2.7856998E-05         1.0000000E+30                 0       
 NEXT SEEDS: DA7B5A2       1       0       0       0       0   181CD    3039       0       0
  249999981                    19                    19             2.7856998E-05         1.0000000E+30                 0       
 NEXT SEEDS: DA7B5A6       1       0       0       0       0   181CD    3039       0       0
  249999982                    18                    18             2.7856998E-05         1.0000000E+30                 0       
 NEXT SEEDS: DA7B5AA       1       0       0       0       0   181CD    3039       0       0
  249999983                    17                    17             2.7857000E-05         1.0000000E+30                 0       
 NEXT SEEDS: DA7B5AE       1       0       0       0       0   181CD    3039       0       0
  249999984                    16                    16             2.7856999E-05         1.0000000E+30                 0       
 NEXT SEEDS: DA7B5B2       1       0       0       0       0   181CD    3039       0       0
  249999985                    15                    15             2.7856999E-05         1.0000000E+30                 0       
 NEXT SEEDS: DA7B5B6       1       0       0       0       0   181CD    3039       0       0
  249999986                    14                    14             2.7856999E-05         1.0000000E+30                 0       
 NEXT SEEDS: DA7B5BA       1       0       0       0       0   181CD    3039       0       0
  249999987                    13                    13             2.7856999E-05         1.0000000E+30                 0       
 NEXT SEEDS: DA7B5BE       1       0       0       0       0   181CD    3039       0       0
  249999988                    12                    12             2.7856999E-05         1.0000000E+30                 0       
 NEXT SEEDS: DA7B5C2       1       0       0       0       0   181CD    3039       0       0
  249999989                    11                    11             2.7857001E-05         1.0000000E+30                 0       
 NEXT SEEDS: DA7B5C6       1       0       0       0       0   181CD    3039       0       0
  249999990                    10                    10             2.7857001E-05         1.0000000E+30                 0       
 NEXT SEEDS: DA7B5CA       1       0       0       0       0   181CD    3039       0       0
  249999991                     9                     9             2.7857001E-05         1.0000000E+30                 0       
 NEXT SEEDS: DA7B5CE       1       0       0       0       0   181CD    3039       0       0
  249999992                     8                     8             2.7857002E-05         1.0000000E+30                 0       
 NEXT SEEDS: DA7B5D2       1       0       0       0       0   181CD    3039       0       0
  249999993                     7                     7             2.7857002E-05         1.0000000E+30                 0       
 NEXT SEEDS: DA7B5D6       1       0       0       0       0   181CD    3039       0       0
  249999994                     6                     6             2.7857004E-05         1.0000000E+30                 0       
 NEXT SEEDS: DA7B5E7       1       0       0       0       0   181CD    3039       0       0
  249999995                     5                     5             2.7857004E-05         1.0000000E+30                 0       
 NEXT SEEDS: DA7B5EB       1       0       0       0       0   181CD    3039       0       0
  249999996                     4                     4             2.7857004E-05         1.0000000E+30                 0       
 NEXT SEEDS: DA7B5EF       1       0       0       0       0   181CD    3039       0       0
  249999997                     3                     3             2.7857004E-05         1.0000000E+30                 0       
 NEXT SEEDS: DA7B5F3       1       0       0       0       0   181CD    3039       0       0
  249999998                     2                     2             2.7857004E-05         1.0000000E+30                 0       
 NEXT SEEDS: DA7B5F9       1       0       0       0       0   181CD    3039       0       0
  249999999                     1                     1             2.7857006E-05         1.0000000E+30                 0       
 NEXT SEEDS: DA7B5FD       1       0       0       0       0   181CD    3039       0       0
  250000000                     0                     1             2.7857005E-05         1.0000000E+30                 0       
 NEXT SEEDS: DA7B601       1       0       0       0       0   181CD    3039       0       0
