1NUMBER OF BEAM       NUMBER OF BEAM        APPROXIMATE NUMBER    AVERAGE TIME USED     TIME LEFT (RESERVED   NUMBER OF STARS
 PARTICLES HANDLED    PARTICLES LEFT        OF BEAM PARTICLES     BY A BEAM PARTICLE     10000.0 SECONDS      CREATED
                                            THAT CAN STILL BE                           FOR PRINTOUT)
                                            HANDLED

 NEXT SEEDS:       0       0       0       0       0       0   181CD    3039       0       0
          1             249999999             249999999             8.6069107E-05         1.0000000E+30                 0       
 NEXT SEEDS:       4       0       0       0       0       0   181CD    3039       0       0
    5000000             245000000             245000000             2.6383841E-05         1.0000000E+30                 0       
 NEXT SEEDS: 176EC8E       0       0       0       0       0   181CD    3039       0       0
   10000000             240000000             240000000             2.6420590E-05         1.0000000E+30                 0       
 NEXT SEEDS: 2EDDBD3       0       0       0       0       0   181CD    3039       0       0
   15000000             235000000             235000000             2.6425620E-05         1.0000000E+30                 0       
 NEXT SEEDS: 4651953       0       0       0       0       0   181CD    3039       0       0
   20000000             230000000             230000000             2.6428728E-05         1.0000000E+30                 0       
 NEXT SEEDS: 5DC3752       0       0       0       0       0   181CD    3039       0       0
   25000000             225000000             225000000             2.6424039E-05         1.0000000E+30                 0       
 NEXT SEEDS: 75360EB       0       0       0       0       0   181CD    3039       0       0
   30000000             220000000             220000000             2.6425060E-05         1.0000000E+30                 0       
 NEXT SEEDS: 8CA63AE       0       0       0       0       0   181CD    3039       0       0
   35000000             215000000             215000000             2.6431204E-05         1.0000000E+30                 0       
 NEXT SEEDS: A4179FC       0       0       0       0       0   181CD    3039       0       0
   40000000             210000000             210000000             2.6433820E-05         1.0000000E+30                 0       
 NEXT SEEDS: BB8B1F1       0       0       0       0       0   181CD    3039       0       0
   45000000             205000000             205000000             2.6431017E-05         1.0000000E+30                 0       
 NEXT SEEDS: D2FB12C       0       0       0       0       0   181CD    3039       0       0
   50000000             200000000             200000000             2.6434747E-05         1.0000000E+30                 0       
 NEXT SEEDS: EA6B79B       0       0       0       0       0   181CD    3039       0       0
   55000000             195000000             195000000             2.6439687E-05         1.0000000E+30                 0       
 NEXT SEEDS:101DD373       0       0       0       0       0   181CD    3039       0       0
   60000000             190000000             190000000             2.6436632E-05         1.0000000E+30                 0       
 NEXT SEEDS:1194C24D       0       0       0       0       0   181CD    3039       0       0
   65000000             185000000             185000000             2.6441807E-05         1.0000000E+30                 0       
 NEXT SEEDS:130BFBC6       0       0       0       0       0   181CD    3039       0       0
   70000000             180000000             180000000             2.6441898E-05         1.0000000E+30                 0       
 NEXT SEEDS:14832845       0       0       0       0       0   181CD    3039       0       0
   75000000             175000000             175000000             2.6443732E-05         1.0000000E+30                 0       
 NEXT SEEDS:15FA3A66       0       0       0       0       0   181CD    3039       0       0
   80000000             170000000             170000000             2.6471382E-05         1.0000000E+30                 0       
 NEXT SEEDS:1770E7BB       0       0       0       0       0   181CD    3039       0       0
  *** Emfgeo: Ncoun  2000000000
   85000000             165000000             165000000             2.6472400E-05         1.0000000E+30                 0       
 NEXT SEEDS:18E812BE       0       0       0       0       0   181CD    3039       0       0
   90000000             160000000             160000000             2.6472468E-05         1.0000000E+30                 0       
 NEXT SEEDS:1A5EF913       0       0       0       0       0   181CD    3039       0       0
   95000000             155000000             155000000             2.6471722E-05         1.0000000E+30                 0       
 NEXT SEEDS:1BD60379       0       0       0       0       0   181CD    3039       0       0
  100000000             150000000             150000000             2.6469189E-05         1.0000000E+30                 0       
 NEXT SEEDS:1D4D11BE       0       0       0       0       0   181CD    3039       0       0
  105000000             145000000             145000000             2.6471118E-05         1.0000000E+30                 0       
 NEXT SEEDS:1EC43E31       0       0       0       0       0   181CD    3039       0       0
  110000000             140000000             140000000             2.6469788E-05         1.0000000E+30                 0       
 NEXT SEEDS:203B7D50       0       0       0       0       0   181CD    3039       0       0
  115000000             135000000             135000000             2.6467452E-05         1.0000000E+30                 0       
 NEXT SEEDS:21B26FE9       0       0       0       0       0   181CD    3039       0       0
  120000000             130000000             130000000             2.6465840E-05         1.0000000E+30                 0       
 NEXT SEEDS:2329964F       0       0       0       0       0   181CD    3039       0       0
  125000000             125000000             125000000             2.6464173E-05         1.0000000E+30                 0       
 NEXT SEEDS:24A0B4C6       0       0       0       0       0   181CD    3039       0       0
  130000000             120000000             120000000             2.6463157E-05         1.0000000E+30                 0       
 NEXT SEEDS:2617F7A1       0       0       0       0       0   181CD    3039       0       0
  135000000             115000000             115000000             2.6460687E-05         1.0000000E+30                 0       
 NEXT SEEDS:278EFBBB       0       0       0       0       0   181CD    3039       0       0
  140000000             110000000             110000000             2.6459397E-05         1.0000000E+30                 0       
 NEXT SEEDS:2906241F       0       0       0       0       0   181CD    3039       0       0
  145000000             105000000             105000000             2.6459320E-05         1.0000000E+30                 0       
 NEXT SEEDS:2A7D4634       0       0       0       0       0   181CD    3039       0       0
  150000000             100000000             100000000             2.6459212E-05         1.0000000E+30                 0       
 NEXT SEEDS:2BF43383       0       0       0       0       0   181CD    3039       0       0
  155000000              95000000              95000000             2.6458985E-05         1.0000000E+30                 0       
 NEXT SEEDS:2D6B30A0       0       0       0       0       0   181CD    3039       0       0
  160000000              90000000              90000000             2.6459229E-05         1.0000000E+30                 0       
 NEXT SEEDS:2EE24357       0       0       0       0       0   181CD    3039       0       0
  *** Emfgeo: Ncoun  2000000000
  165000000              85000000              85000000             2.6458583E-05         1.0000000E+30                 0       
 NEXT SEEDS:30592DCA       0       0       0       0       0   181CD    3039       0       0
  170000000              80000000              80000000             2.6456495E-05         1.0000000E+30                 0       
 NEXT SEEDS:31D03905       0       0       0       0       0   181CD    3039       0       0
  175000000              75000000              75000000             2.6453968E-05         1.0000000E+30                 0       
 NEXT SEEDS:3347553B       0       0       0       0       0   181CD    3039       0       0
  180000000              70000000              70000000             2.6453568E-05         1.0000000E+30                 0       
 NEXT SEEDS:34BE5A44       0       0       0       0       0   181CD    3039       0       0
  185000000              65000000              65000000             2.6454036E-05         1.0000000E+30                 0       
 NEXT SEEDS:36357102       0       0       0       0       0   181CD    3039       0       0
  190000000              60000000              60000000             2.6455066E-05         1.0000000E+30                 0       
 NEXT SEEDS:37ACB4B3       0       0       0       0       0   181CD    3039       0       0
  195000000              55000000              55000000             2.6453291E-05         1.0000000E+30                 0       
 NEXT SEEDS:3923C44A       0       0       0       0       0   181CD    3039       0       0
  200000000              50000000              50000000             2.6452637E-05         1.0000000E+30                 0       
 NEXT SEEDS:3A9ACA5F       0       0       0       0       0   181CD    3039       0       0
  205000000              45000000              45000000             2.6459623E-05         1.0000000E+30                 0       
 NEXT SEEDS:  76CE4C       1       0       0       0       0   181CD    3039       0       0
  210000000              40000000              40000000             2.6458385E-05         1.0000000E+30                 0       
 NEXT SEEDS: 1EDD169       1       0       0       0       0   181CD    3039       0       0
  215000000              35000000              35000000             2.6457304E-05         1.0000000E+30                 0       
 NEXT SEEDS: 364B4BC       1       0       0       0       0   181CD    3039       0       0
  220000000              30000000              30000000             2.6456402E-05         1.0000000E+30                 0       
 NEXT SEEDS: 4DBB47A       1       0       0       0       0   181CD    3039       0       0
  225000000              25000000              25000000             2.6455652E-05         1.0000000E+30                 0       
 NEXT SEEDS: 65291C1       1       0       0       0       0   181CD    3039       0       0
  230000000              20000000              20000000             2.6454652E-05         1.0000000E+30                 0       
 NEXT SEEDS: 7C9B88B       1       0       0       0       0   181CD    3039       0       0
  235000000              15000000              15000000             2.6453273E-05         1.0000000E+30                 0       
 NEXT SEEDS: 94098FE       1       0       0       0       0   181CD    3039       0       0
  240000000              10000000              10000000             2.6453732E-05         1.0000000E+30                 0       
 NEXT SEEDS: AB7B54E       1       0       0       0       0   181CD    3039       0       0
  *** Emfgeo: Ncoun  2000000000
  245000000               5000000               5000000             2.6453718E-05         1.0000000E+30                 0       
 NEXT SEEDS: C2ECD1F       1       0       0       0       0   181CD    3039       0       0
  249999950                    50                    50             2.6453682E-05         1.0000000E+30                 0       
 NEXT SEEDS: DA5DFDF       1       0       0       0       0   181CD    3039       0       0
  249999951                    49                    49             2.6453682E-05         1.0000000E+30                 0       
 NEXT SEEDS: DA5DFE3       1       0       0       0       0   181CD    3039       0       0
  249999952                    48                    48             2.6453681E-05         1.0000000E+30                 0       
 NEXT SEEDS: DA5DFE7       1       0       0       0       0   181CD    3039       0       0
  249999953                    47                    47             2.6453681E-05         1.0000000E+30                 0       
 NEXT SEEDS: DA5DFEB       1       0       0       0       0   181CD    3039       0       0
  249999954                    46                    46             2.6453683E-05         1.0000000E+30                 0       
 NEXT SEEDS: DA5DFEF       1       0       0       0       0   181CD    3039       0       0
  249999955                    45                    45             2.6453683E-05         1.0000000E+30                 0       
 NEXT SEEDS: DA5DFF9       1       0       0       0       0   181CD    3039       0       0
  249999956                    44                    44             2.6453685E-05         1.0000000E+30                 0       
 NEXT SEEDS: DA5DFFD       1       0       0       0       0   181CD    3039       0       0
  249999957                    43                    43             2.6453685E-05         1.0000000E+30                 0       
 NEXT SEEDS: DA5E001       1       0       0       0       0   181CD    3039       0       0
  249999958                    42                    42             2.6453685E-05         1.0000000E+30                 0       
 NEXT SEEDS: DA5E005       1       0       0       0       0   181CD    3039       0       0
  249999959                    41                    41             2.6453685E-05         1.0000000E+30                 0       
 NEXT SEEDS: DA5E009       1       0       0       0       0   181CD    3039       0       0
  249999960                    40                    40             2.6453685E-05         1.0000000E+30                 0       
 NEXT SEEDS: DA5E00D       1       0       0       0       0   181CD    3039       0       0
  249999961                    39                    39             2.6453684E-05         1.0000000E+30                 0       
 NEXT SEEDS: DA5E011       1       0       0       0       0   181CD    3039       0       0
  249999962                    38                    38             2.6453684E-05         1.0000000E+30                 0       
 NEXT SEEDS: DA5E015       1       0       0       0       0   181CD    3039       0       0
  249999963                    37                    37             2.6453684E-05         1.0000000E+30                 0       
 NEXT SEEDS: DA5E019       1       0       0       0       0   181CD    3039       0       0
  249999964                    36                    36             2.6453686E-05         1.0000000E+30                 0       
 NEXT SEEDS: DA5E01D       1       0       0       0       0   181CD    3039       0       0
  249999965                    35                    35             2.6453686E-05         1.0000000E+30                 0       
 NEXT SEEDS: DA5E021       1       0       0       0       0   181CD    3039       0       0
  249999966                    34                    34             2.6453688E-05         1.0000000E+30                 0       
 NEXT SEEDS: DA5E025       1       0       0       0       0   181CD    3039       0       0
  249999967                    33                    33             2.6453688E-05         1.0000000E+30                 0       
 NEXT SEEDS: DA5E029       1       0       0       0       0   181CD    3039       0       0
  249999968                    32                    32             2.6453690E-05         1.0000000E+30                 0       
 NEXT SEEDS: DA5E02F       1       0       0       0       0   181CD    3039       0       0
  249999969                    31                    31             2.6453689E-05         1.0000000E+30                 0       
 NEXT SEEDS: DA5E033       1       0       0       0       0   181CD    3039       0       0
  249999970                    30                    30             2.6453691E-05         1.0000000E+30                 0       
 NEXT SEEDS: DA5E039       1       0       0       0       0   181CD    3039       0       0
  249999971                    29                    29             2.6453691E-05         1.0000000E+30                 0       
 NEXT SEEDS: DA5E03D       1       0       0       0       0   181CD    3039       0       0
  249999972                    28                    28             2.6453693E-05         1.0000000E+30                 0       
 NEXT SEEDS: DA5E041       1       0       0       0       0   181CD    3039       0       0
  249999973                    27                    27             2.6453693E-05         1.0000000E+30                 0       
 NEXT SEEDS: DA5E045       1       0       0       0       0   181CD    3039       0       0
  249999974                    26                    26             2.6453693E-05         1.0000000E+30                 0       
 NEXT SEEDS: DA5E049       1       0       0       0       0   181CD    3039       0       0
  249999975                    25                    25             2.6453695E-05         1.0000000E+30                 0       
 NEXT SEEDS: DA5E04D       1       0       0       0       0   181CD    3039       0       0
  249999976                    24                    24             2.6453695E-05         1.0000000E+30                 0       
 NEXT SEEDS: DA5E051       1       0       0       0       0   181CD    3039       0       0
  249999977                    23                    23             2.6453694E-05         1.0000000E+30                 0       
 NEXT SEEDS: DA5E055       1       0       0       0       0   181CD    3039       0       0
  249999978                    22                    22             2.6453696E-05         1.0000000E+30                 0       
 NEXT SEEDS: DA5E059       1       0       0       0       0   181CD    3039       0       0
  249999979                    21                    21             2.6453696E-05         1.0000000E+30                 0       
 NEXT SEEDS: DA5E05D       1       0       0       0       0   181CD    3039       0       0
  249999980                    20                    20             2.6453696E-05         1.0000000E+30                 0       
 NEXT SEEDS: DA5E061       1       0       0       0       0   181CD    3039       0       0
  249999981                    19                    19             2.6453698E-05         1.0000000E+30                 0       
 NEXT SEEDS: DA5E065       1       0       0       0       0   181CD    3039       0       0
  249999982                    18                    18             2.6453698E-05         1.0000000E+30                 0       
 NEXT SEEDS: DA5E069       1       0       0       0       0   181CD    3039       0       0
  249999983                    17                    17             2.6453698E-05         1.0000000E+30                 0       
 NEXT SEEDS: DA5E06D       1       0       0       0       0   181CD    3039       0       0
  249999984                    16                    16             2.6453698E-05         1.0000000E+30                 0       
 NEXT SEEDS: DA5E071       1       0       0       0       0   181CD    3039       0       0
  249999985                    15                    15             2.6453698E-05         1.0000000E+30                 0       
 NEXT SEEDS: DA5E075       1       0       0       0       0   181CD    3039       0       0
  249999986                    14                    14             2.6453697E-05         1.0000000E+30                 0       
 NEXT SEEDS: DA5E079       1       0       0       0       0   181CD    3039       0       0
  249999987                    13                    13             2.6453697E-05         1.0000000E+30                 0       
 NEXT SEEDS: DA5E07D       1       0       0       0       0   181CD    3039       0       0
  249999988                    12                    12             2.6453697E-05         1.0000000E+30                 0       
 NEXT SEEDS: DA5E081       1       0       0       0       0   181CD    3039       0       0
  249999989                    11                    11             2.6453697E-05         1.0000000E+30                 0       
 NEXT SEEDS: DA5E085       1       0       0       0       0   181CD    3039       0       0
  249999990                    10                    10             2.6453697E-05         1.0000000E+30                 0       
 NEXT SEEDS: DA5E089       1       0       0       0       0   181CD    3039       0       0
  249999991                     9                     9             2.6453697E-05         1.0000000E+30                 0       
 NEXT SEEDS: DA5E08D       1       0       0       0       0   181CD    3039       0       0
  249999992                     8                     8             2.6453697E-05         1.0000000E+30                 0       
 NEXT SEEDS: DA5E091       1       0       0       0       0   181CD    3039       0       0
  249999993                     7                     7             2.6453697E-05         1.0000000E+30                 0       
 NEXT SEEDS: DA5E095       1       0       0       0       0   181CD    3039       0       0
  249999994                     6                     6             2.6453697E-05         1.0000000E+30                 0       
 NEXT SEEDS: DA5E09B       1       0       0       0       0   181CD    3039       0       0
  249999995                     5                     5             2.6453698E-05         1.0000000E+30                 0       
 NEXT SEEDS: DA5E09F       1       0       0       0       0   181CD    3039       0       0
  249999996                     4                     4             2.6453698E-05         1.0000000E+30                 0       
 NEXT SEEDS: DA5E0A3       1       0       0       0       0   181CD    3039       0       0
  249999997                     3                     3             2.6453698E-05         1.0000000E+30                 0       
 NEXT SEEDS: DA5E0A7       1       0       0       0       0   181CD    3039       0       0
  249999998                     2                     2             2.6453698E-05         1.0000000E+30                 0       
 NEXT SEEDS: DA5E0AB       1       0       0       0       0   181CD    3039       0       0
  249999999                     1                     1             2.6453700E-05         1.0000000E+30                 0       
 NEXT SEEDS: DA5E0AF       1       0       0       0       0   181CD    3039       0       0
  250000000                     0                     1             2.6453700E-05         1.0000000E+30                 0       
 NEXT SEEDS: DA5E0B3       1       0       0       0       0   181CD    3039       0       0
