1NUMBER OF BEAM       NUMBER OF BEAM        APPROXIMATE NUMBER    AVERAGE TIME USED     TIME LEFT (RESERVED   NUMBER OF STARS
 PARTICLES HANDLED    PARTICLES LEFT        OF BEAM PARTICLES     BY A BEAM PARTICLE     10000.0 SECONDS      CREATED
                                            THAT CAN STILL BE                           FOR PRINTOUT)
                                            HANDLED

 NEXT SEEDS:       0       0       0       0       0       0   181CD    3039       0       0
          1             249999999             249999999             7.5101852E-05         1.0000000E+30                 0       
 NEXT SEEDS:       4       0       0       0       0       0   181CD    3039       0       0
    5000000             245000000             245000000             2.6375145E-05         1.0000000E+30                 0       
 NEXT SEEDS: 176CA35       0       0       0       0       0   181CD    3039       0       0
   10000000             240000000             240000000             2.6384496E-05         1.0000000E+30                 0       
 NEXT SEEDS: 2EDE938       0       0       0       0       0   181CD    3039       0       0
   15000000             235000000             235000000             2.6388199E-05         1.0000000E+30                 0       
 NEXT SEEDS: 464D91C       0       0       0       0       0   181CD    3039       0       0
   20000000             230000000             230000000             2.6364596E-05         1.0000000E+30                 0       
 NEXT SEEDS: 5DBD98F       0       0       0       0       0   181CD    3039       0       0
   25000000             225000000             225000000             2.6363437E-05         1.0000000E+30                 0       
 NEXT SEEDS: 7530BA3       0       0       0       0       0   181CD    3039       0       0
   30000000             220000000             220000000             2.6363289E-05         1.0000000E+30                 0       
 NEXT SEEDS: 8CA1B45       0       0       0       0       0   181CD    3039       0       0
   35000000             215000000             215000000             2.6371315E-05         1.0000000E+30                 0       
 NEXT SEEDS: A4156EF       0       0       0       0       0   181CD    3039       0       0
   40000000             210000000             210000000             2.6377228E-05         1.0000000E+30                 0       
 NEXT SEEDS: BB8801F       0       0       0       0       0   181CD    3039       0       0
   45000000             205000000             205000000             2.6372664E-05         1.0000000E+30                 0       
 NEXT SEEDS: D2F9371       0       0       0       0       0   181CD    3039       0       0
   50000000             200000000             200000000             2.6374514E-05         1.0000000E+30                 0       
 NEXT SEEDS: EA6A1BC       0       0       0       0       0   181CD    3039       0       0
   55000000             195000000             195000000             2.6370350E-05         1.0000000E+30                 0       
 NEXT SEEDS:101D8881       0       0       0       0       0   181CD    3039       0       0
   60000000             190000000             190000000             2.6369187E-05         1.0000000E+30                 0       
 NEXT SEEDS:1194D180       0       0       0       0       0   181CD    3039       0       0
   65000000             185000000             185000000             2.6371817E-05         1.0000000E+30                 0       
 NEXT SEEDS:130C1D97       0       0       0       0       0   181CD    3039       0       0
   70000000             180000000             180000000             2.6368297E-05         1.0000000E+30                 0       
 NEXT SEEDS:1482DEA6       0       0       0       0       0   181CD    3039       0       0
   75000000             175000000             175000000             2.6366502E-05         1.0000000E+30                 0       
 NEXT SEEDS:15F9D400       0       0       0       0       0   181CD    3039       0       0
   80000000             170000000             170000000             2.6366533E-05         1.0000000E+30                 0       
 NEXT SEEDS:1770E42B       0       0       0       0       0   181CD    3039       0       0
  *** Emfgeo: Ncoun  2000000000
   85000000             165000000             165000000             2.6365623E-05         1.0000000E+30                 0       
 NEXT SEEDS:18E7F21F       0       0       0       0       0   181CD    3039       0       0
   90000000             160000000             160000000             2.6368298E-05         1.0000000E+30                 0       
 NEXT SEEDS:1A5F4234       0       0       0       0       0   181CD    3039       0       0
   95000000             155000000             155000000             2.6368479E-05         1.0000000E+30                 0       
 NEXT SEEDS:1BD64D8D       0       0       0       0       0   181CD    3039       0       0
  100000000             150000000             150000000             2.6366964E-05         1.0000000E+30                 0       
 NEXT SEEDS:1D4D2D67       0       0       0       0       0   181CD    3039       0       0
  105000000             145000000             145000000             2.6365001E-05         1.0000000E+30                 0       
 NEXT SEEDS:1EC4123C       0       0       0       0       0   181CD    3039       0       0
  110000000             140000000             140000000             2.6363078E-05         1.0000000E+30                 0       
 NEXT SEEDS:203B16D1       0       0       0       0       0   181CD    3039       0       0
  115000000             135000000             135000000             2.6361401E-05         1.0000000E+30                 0       
 NEXT SEEDS:21B242A4       0       0       0       0       0   181CD    3039       0       0
  120000000             130000000             130000000             2.6359891E-05         1.0000000E+30                 0       
 NEXT SEEDS:23291470       0       0       0       0       0   181CD    3039       0       0
  125000000             125000000             125000000             2.6358644E-05         1.0000000E+30                 0       
 NEXT SEEDS:24A0140F       0       0       0       0       0   181CD    3039       0       0
  130000000             120000000             120000000             2.6361327E-05         1.0000000E+30                 0       
 NEXT SEEDS:26177940       0       0       0       0       0   181CD    3039       0       0
  135000000             115000000             115000000             2.6360163E-05         1.0000000E+30                 0       
 NEXT SEEDS:278E5DBE       0       0       0       0       0   181CD    3039       0       0
  140000000             110000000             110000000             2.6362370E-05         1.0000000E+30                 0       
 NEXT SEEDS:29059AEC       0       0       0       0       0   181CD    3039       0       0
  145000000             105000000             105000000             2.6360610E-05         1.0000000E+30                 0       
 NEXT SEEDS:2A7C9795       0       0       0       0       0   181CD    3039       0       0
  150000000             100000000             100000000             2.6360779E-05         1.0000000E+30                 0       
 NEXT SEEDS:2BF3C250       0       0       0       0       0   181CD    3039       0       0
  155000000              95000000              95000000             2.6362520E-05         1.0000000E+30                 0       
 NEXT SEEDS:2D6AE9B8       0       0       0       0       0   181CD    3039       0       0
  160000000              90000000              90000000             2.6362315E-05         1.0000000E+30                 0       
 NEXT SEEDS:2EE21320       0       0       0       0       0   181CD    3039       0       0
  *** Emfgeo: Ncoun  2000000000
  165000000              85000000              85000000             2.6361746E-05         1.0000000E+30                 0       
 NEXT SEEDS:30590A15       0       0       0       0       0   181CD    3039       0       0
  170000000              80000000              80000000             2.6362182E-05         1.0000000E+30                 0       
 NEXT SEEDS:31D07685       0       0       0       0       0   181CD    3039       0       0
  175000000              75000000              75000000             2.6361452E-05         1.0000000E+30                 0       
 NEXT SEEDS:33477A5B       0       0       0       0       0   181CD    3039       0       0
  180000000              70000000              70000000             2.6360268E-05         1.0000000E+30                 0       
 NEXT SEEDS:34BE4BEA       0       0       0       0       0   181CD    3039       0       0
  185000000              65000000              65000000             2.6359209E-05         1.0000000E+30                 0       
 NEXT SEEDS:36355A5A       0       0       0       0       0   181CD    3039       0       0
  190000000              60000000              60000000             2.6359000E-05         1.0000000E+30                 0       
 NEXT SEEDS:37AC9C8B       0       0       0       0       0   181CD    3039       0       0
  195000000              55000000              55000000             2.6363192E-05         1.0000000E+30                 0       
 NEXT SEEDS:39239089       0       0       0       0       0   181CD    3039       0       0
  200000000              50000000              50000000             2.6370032E-05         1.0000000E+30                 0       
 NEXT SEEDS:3A9ABF50       0       0       0       0       0   181CD    3039       0       0
  205000000              45000000              45000000             2.6370599E-05         1.0000000E+30                 0       
 NEXT SEEDS:  76FA72       1       0       0       0       0   181CD    3039       0       0
  210000000              40000000              40000000             2.6369102E-05         1.0000000E+30                 0       
 NEXT SEEDS: 1EE10DC       1       0       0       0       0   181CD    3039       0       0
  215000000              35000000              35000000             2.6369700E-05         1.0000000E+30                 0       
 NEXT SEEDS: 3650E5B       1       0       0       0       0   181CD    3039       0       0
  220000000              30000000              30000000             2.6371312E-05         1.0000000E+30                 0       
 NEXT SEEDS: 4DC4937       1       0       0       0       0   181CD    3039       0       0
  225000000              25000000              25000000             2.6371203E-05         1.0000000E+30                 0       
 NEXT SEEDS: 6533B0C       1       0       0       0       0   181CD    3039       0       0
  230000000              20000000              20000000             2.6369617E-05         1.0000000E+30                 0       
 NEXT SEEDS: 7CA0288       1       0       0       0       0   181CD    3039       0       0
  235000000              15000000              15000000             2.6369619E-05         1.0000000E+30                 0       
 NEXT SEEDS: 940E374       1       0       0       0       0   181CD    3039       0       0
  240000000              10000000              10000000             2.6369489E-05         1.0000000E+30                 0       
 NEXT SEEDS: AB7E573       1       0       0       0       0   181CD    3039       0       0
  *** Emfgeo: Ncoun  2000000000
  245000000               5000000               5000000             2.6368978E-05         1.0000000E+30                 0       
 NEXT SEEDS: C2EE3BB       1       0       0       0       0   181CD    3039       0       0
  249999950                    50                    50             2.6369047E-05         1.0000000E+30                 0       
 NEXT SEEDS: DA6164E       1       0       0       0       0   181CD    3039       0       0
  249999951                    49                    49             2.6369049E-05         1.0000000E+30                 0       
 NEXT SEEDS: DA61652       1       0       0       0       0   181CD    3039       0       0
  249999952                    48                    48             2.6369050E-05         1.0000000E+30                 0       
 NEXT SEEDS: DA61656       1       0       0       0       0   181CD    3039       0       0
  249999953                    47                    47             2.6369050E-05         1.0000000E+30                 0       
 NEXT SEEDS: DA6165A       1       0       0       0       0   181CD    3039       0       0
  249999954                    46                    46             2.6369050E-05         1.0000000E+30                 0       
 NEXT SEEDS: DA6165E       1       0       0       0       0   181CD    3039       0       0
  249999955                    45                    45             2.6369050E-05         1.0000000E+30                 0       
 NEXT SEEDS: DA61662       1       0       0       0       0   181CD    3039       0       0
  249999956                    44                    44             2.6369050E-05         1.0000000E+30                 0       
 NEXT SEEDS: DA61666       1       0       0       0       0   181CD    3039       0       0
  249999957                    43                    43             2.6369050E-05         1.0000000E+30                 0       
 NEXT SEEDS: DA6166A       1       0       0       0       0   181CD    3039       0       0
  249999958                    42                    42             2.6369052E-05         1.0000000E+30                 0       
 NEXT SEEDS: DA6166E       1       0       0       0       0   181CD    3039       0       0
  249999959                    41                    41             2.6369052E-05         1.0000000E+30                 0       
 NEXT SEEDS: DA61672       1       0       0       0       0   181CD    3039       0       0
  249999960                    40                    40             2.6369052E-05         1.0000000E+30                 0       
 NEXT SEEDS: DA61676       1       0       0       0       0   181CD    3039       0       0
  249999961                    39                    39             2.6369053E-05         1.0000000E+30                 0       
 NEXT SEEDS: DA61683       1       0       0       0       0   181CD    3039       0       0
  249999962                    38                    38             2.6369053E-05         1.0000000E+30                 0       
 NEXT SEEDS: DA61687       1       0       0       0       0   181CD    3039       0       0
  249999963                    37                    37             2.6369055E-05         1.0000000E+30                 0       
 NEXT SEEDS: DA6168B       1       0       0       0       0   181CD    3039       0       0
  249999964                    36                    36             2.6369055E-05         1.0000000E+30                 0       
 NEXT SEEDS: DA6168F       1       0       0       0       0   181CD    3039       0       0
  249999965                    35                    35             2.6369055E-05         1.0000000E+30                 0       
 NEXT SEEDS: DA61693       1       0       0       0       0   181CD    3039       0       0
  249999966                    34                    34             2.6369055E-05         1.0000000E+30                 0       
 NEXT SEEDS: DA61697       1       0       0       0       0   181CD    3039       0       0
  249999967                    33                    33             2.6369057E-05         1.0000000E+30                 0       
 NEXT SEEDS: DA6169B       1       0       0       0       0   181CD    3039       0       0
  249999968                    32                    32             2.6369057E-05         1.0000000E+30                 0       
 NEXT SEEDS: DA6169F       1       0       0       0       0   181CD    3039       0       0
  249999969                    31                    31             2.6369056E-05         1.0000000E+30                 0       
 NEXT SEEDS: DA616A3       1       0       0       0       0   181CD    3039       0       0
  249999970                    30                    30             2.6369058E-05         1.0000000E+30                 0       
 NEXT SEEDS: DA616A7       1       0       0       0       0   181CD    3039       0       0
  249999971                    29                    29             2.6369058E-05         1.0000000E+30                 0       
 NEXT SEEDS: DA616AB       1       0       0       0       0   181CD    3039       0       0
  249999972                    28                    28             2.6369058E-05         1.0000000E+30                 0       
 NEXT SEEDS: DA616AF       1       0       0       0       0   181CD    3039       0       0
  249999973                    27                    27             2.6369060E-05         1.0000000E+30                 0       
 NEXT SEEDS: DA616B3       1       0       0       0       0   181CD    3039       0       0
  249999974                    26                    26             2.6369060E-05         1.0000000E+30                 0       
 NEXT SEEDS: DA616B7       1       0       0       0       0   181CD    3039       0       0
  249999975                    25                    25             2.6369062E-05         1.0000000E+30                 0       
 NEXT SEEDS: DA616BB       1       0       0       0       0   181CD    3039       0       0
  249999976                    24                    24             2.6369062E-05         1.0000000E+30                 0       
 NEXT SEEDS: DA616BF       1       0       0       0       0   181CD    3039       0       0
  249999977                    23                    23             2.6369063E-05         1.0000000E+30                 0       
 NEXT SEEDS: DA616C3       1       0       0       0       0   181CD    3039       0       0
  249999978                    22                    22             2.6369063E-05         1.0000000E+30                 0       
 NEXT SEEDS: DA616F2       1       0       0       0       0   181CD    3039       0       0
  249999979                    21                    21             2.6369065E-05         1.0000000E+30                 0       
 NEXT SEEDS: DA616F6       1       0       0       0       0   181CD    3039       0       0
  249999980                    20                    20             2.6369065E-05         1.0000000E+30                 0       
 NEXT SEEDS: DA616FA       1       0       0       0       0   181CD    3039       0       0
  249999981                    19                    19             2.6369067E-05         1.0000000E+30                 0       
 NEXT SEEDS: DA61700       1       0       0       0       0   181CD    3039       0       0
  249999982                    18                    18             2.6369067E-05         1.0000000E+30                 0       
 NEXT SEEDS: DA61704       1       0       0       0       0   181CD    3039       0       0
  249999983                    17                    17             2.6369067E-05         1.0000000E+30                 0       
 NEXT SEEDS: DA61708       1       0       0       0       0   181CD    3039       0       0
  249999984                    16                    16             2.6369069E-05         1.0000000E+30                 0       
 NEXT SEEDS: DA6170C       1       0       0       0       0   181CD    3039       0       0
  249999985                    15                    15             2.6369068E-05         1.0000000E+30                 0       
 NEXT SEEDS: DA61710       1       0       0       0       0   181CD    3039       0       0
  249999986                    14                    14             2.6369070E-05         1.0000000E+30                 0       
 NEXT SEEDS: DA61714       1       0       0       0       0   181CD    3039       0       0
  249999987                    13                    13             2.6369070E-05         1.0000000E+30                 0       
 NEXT SEEDS: DA6171A       1       0       0       0       0   181CD    3039       0       0
  249999988                    12                    12             2.6369070E-05         1.0000000E+30                 0       
 NEXT SEEDS: DA6171E       1       0       0       0       0   181CD    3039       0       0
  249999989                    11                    11             2.6369070E-05         1.0000000E+30                 0       
 NEXT SEEDS: DA61722       1       0       0       0       0   181CD    3039       0       0
  249999990                    10                    10             2.6369070E-05         1.0000000E+30                 0       
 NEXT SEEDS: DA61726       1       0       0       0       0   181CD    3039       0       0
  249999991                     9                     9             2.6369070E-05         1.0000000E+30                 0       
 NEXT SEEDS: DA6172A       1       0       0       0       0   181CD    3039       0       0
  249999992                     8                     8             2.6369070E-05         1.0000000E+30                 0       
 NEXT SEEDS: DA6173F       1       0       0       0       0   181CD    3039       0       0
  249999993                     7                     7             2.6369070E-05         1.0000000E+30                 0       
 NEXT SEEDS: DA61743       1       0       0       0       0   181CD    3039       0       0
  249999994                     6                     6             2.6369071E-05         1.0000000E+30                 0       
 NEXT SEEDS: DA61747       1       0       0       0       0   181CD    3039       0       0
  249999995                     5                     5             2.6369071E-05         1.0000000E+30                 0       
 NEXT SEEDS: DA6174B       1       0       0       0       0   181CD    3039       0       0
  249999996                     4                     4             2.6369071E-05         1.0000000E+30                 0       
 NEXT SEEDS: DA6174F       1       0       0       0       0   181CD    3039       0       0
  249999997                     3                     3             2.6369071E-05         1.0000000E+30                 0       
 NEXT SEEDS: DA61753       1       0       0       0       0   181CD    3039       0       0
  249999998                     2                     2             2.6369071E-05         1.0000000E+30                 0       
 NEXT SEEDS: DA61757       1       0       0       0       0   181CD    3039       0       0
  249999999                     1                     1             2.6369071E-05         1.0000000E+30                 0       
 NEXT SEEDS: DA6175B       1       0       0       0       0   181CD    3039       0       0
  250000000                     0                     1             2.6369071E-05         1.0000000E+30                 0       
 NEXT SEEDS: DA6175F       1       0       0       0       0   181CD    3039       0       0
