1NUMBER OF BEAM       NUMBER OF BEAM        APPROXIMATE NUMBER    AVERAGE TIME USED     TIME LEFT (RESERVED   NUMBER OF STARS
 PARTICLES HANDLED    PARTICLES LEFT        OF BEAM PARTICLES     BY A BEAM PARTICLE     10000.0 SECONDS      CREATED
                                            THAT CAN STILL BE                           FOR PRINTOUT)
                                            HANDLED

 NEXT SEEDS:       0       0       0       0       0       0   181CD    3039       0       0
          1             249999999             249999999             7.7009201E-05         1.0000000E+30                 0       
 NEXT SEEDS:       4       0       0       0       0       0   181CD    3039       0       0
 Geofar: Particle in region    25 (cell #    0)
  in position  -1.148535782E+01 -5.335810845E+00 -1.254700000E-01
  is now causing trouble, requesting a step of  2.182223414E+00 cm
  to direction  4.353978700E-01  1.998550205E-01 -8.777736984E-01
  end position -1.053522239E+01 -4.899682539E+00 -2.040968317E+00
  R2:  1.266429317E+01 R3:  1.266491470E+01 cm  error count:  0
  X*U   (2D): -6.067088916E+00 X*U   (3D): -5.956954650E+00 cm
  X*UOLD(2D):  5.256556897E+00 X*UOLD(3D):  5.149566442E+00 cm
  Kloop:    8063089, Irsave:     25, Irsav2:     25, error code:  -3 Nfrom:  5000
  old direction -2.428015577E-01 -4.625152953E-01  8.527174240E-01, lagain, lstnew, lsense, lsnsct  F  F  F  T
  Particle index    7 total energy   5.406883082E-05 GeV  Nsurf    0
 We succeeded in saving the particle:  current region is n.    26 (cell #    0)
    5000000             245000000             245000000             2.8887180E-05         1.0000000E+30                 0       
 NEXT SEEDS: 17719B3       0       0       0       0       0   181CD    3039       0       0
   10000000             240000000             240000000             2.8899262E-05         1.0000000E+30                 0       
 NEXT SEEDS: 2EE14E8       0       0       0       0       0   181CD    3039       0       0
   15000000             235000000             235000000             2.8918378E-05         1.0000000E+30                 0       
 NEXT SEEDS: 4654776       0       0       0       0       0   181CD    3039       0       0
   20000000             230000000             230000000             2.8909186E-05         1.0000000E+30                 0       
 NEXT SEEDS: 5DC4484       0       0       0       0       0   181CD    3039       0       0
   25000000             225000000             225000000             2.8902346E-05         1.0000000E+30                 0       
 NEXT SEEDS: 75330BD       0       0       0       0       0   181CD    3039       0       0
   30000000             220000000             220000000             2.8885250E-05         1.0000000E+30                 0       
 NEXT SEEDS: 8CA2A52       0       0       0       0       0   181CD    3039       0       0
   35000000             215000000             215000000             2.8887089E-05         1.0000000E+30                 0       
 NEXT SEEDS: A415598       0       0       0       0       0   181CD    3039       0       0
   40000000             210000000             210000000             2.8880599E-05         1.0000000E+30                 0       
 NEXT SEEDS: BB842E8       0       0       0       0       0   181CD    3039       0       0
   45000000             205000000             205000000             2.8884444E-05         1.0000000E+30                 0       
 NEXT SEEDS: D2F9057       0       0       0       0       0   181CD    3039       0       0
   50000000             200000000             200000000             2.8885033E-05         1.0000000E+30                 0       
 NEXT SEEDS: EA6A6E6       0       0       0       0       0   181CD    3039       0       0
   55000000             195000000             195000000             2.8879649E-05         1.0000000E+30                 0       
 NEXT SEEDS:101D8EA4       0       0       0       0       0   181CD    3039       0       0
   60000000             190000000             190000000             2.8873162E-05         1.0000000E+30                 0       
 NEXT SEEDS:1194A5B4       0       0       0       0       0   181CD    3039       0       0
   65000000             185000000             185000000             2.8873707E-05         1.0000000E+30                 0       
 NEXT SEEDS:130BCD56       0       0       0       0       0   181CD    3039       0       0
   70000000             180000000             180000000             2.8872563E-05         1.0000000E+30                 0       
 NEXT SEEDS:1482C989       0       0       0       0       0   181CD    3039       0       0
   75000000             175000000             175000000             2.8876757E-05         1.0000000E+30                 0       
 NEXT SEEDS:15F9F421       0       0       0       0       0   181CD    3039       0       0
   80000000             170000000             170000000             2.8875127E-05         1.0000000E+30                 0       
 NEXT SEEDS:1770F234       0       0       0       0       0   181CD    3039       0       0
  *** Emfgeo: Ncoun  2000000000
   85000000             165000000             165000000             2.8870846E-05         1.0000000E+30                 0       
 NEXT SEEDS:18E833D5       0       0       0       0       0   181CD    3039       0       0
   90000000             160000000             160000000             2.8869411E-05         1.0000000E+30                 0       
 NEXT SEEDS:1A5F4CBE       0       0       0       0       0   181CD    3039       0       0
   95000000             155000000             155000000             2.8865920E-05         1.0000000E+30                 0       
 NEXT SEEDS:1BD6658D       0       0       0       0       0   181CD    3039       0       0
  100000000             150000000             150000000             2.8866782E-05         1.0000000E+30                 0       
 NEXT SEEDS:1D4D79AD       0       0       0       0       0   181CD    3039       0       0
  105000000             145000000             145000000             2.8867068E-05         1.0000000E+30                 0       
 NEXT SEEDS:1EC478E0       0       0       0       0       0   181CD    3039       0       0
  110000000             140000000             140000000             2.8867529E-05         1.0000000E+30                 0       
 NEXT SEEDS:203B89AB       0       0       0       0       0   181CD    3039       0       0
  115000000             135000000             135000000             2.8868127E-05         1.0000000E+30                 0       
 NEXT SEEDS:21B29E46       0       0       0       0       0   181CD    3039       0       0
  120000000             130000000             130000000             2.8865022E-05         1.0000000E+30                 0       
 NEXT SEEDS:23295AC0       0       0       0       0       0   181CD    3039       0       0
  125000000             125000000             125000000             2.8864328E-05         1.0000000E+30                 0       
 NEXT SEEDS:24A05BC9       0       0       0       0       0   181CD    3039       0       0
  130000000             120000000             120000000             2.8864753E-05         1.0000000E+30                 0       
 NEXT SEEDS:2617A622       0       0       0       0       0   181CD    3039       0       0
  135000000             115000000             115000000             2.8865748E-05         1.0000000E+30                 0       
 NEXT SEEDS:278EB784       0       0       0       0       0   181CD    3039       0       0
  140000000             110000000             110000000             2.8861720E-05         1.0000000E+30                 0       
 NEXT SEEDS:2905D522       0       0       0       0       0   181CD    3039       0       0
  145000000             105000000             105000000             2.8860072E-05         1.0000000E+30                 0       
 NEXT SEEDS:2A7CFB34       0       0       0       0       0   181CD    3039       0       0
  150000000             100000000             100000000             2.8858300E-05         1.0000000E+30                 0       
 NEXT SEEDS:2BF430E3       0       0       0       0       0   181CD    3039       0       0
  155000000              95000000              95000000             2.8857456E-05         1.0000000E+30                 0       
 NEXT SEEDS:2D6B38A2       0       0       0       0       0   181CD    3039       0       0
  160000000              90000000              90000000             2.8858261E-05         1.0000000E+30                 0       
 NEXT SEEDS:2EE29021       0       0       0       0       0   181CD    3039       0       0
  *** Emfgeo: Ncoun  2000000000
  165000000              85000000              85000000             2.8858777E-05         1.0000000E+30                 0       
 NEXT SEEDS:305982BC       0       0       0       0       0   181CD    3039       0       0
  170000000              80000000              80000000             2.8858921E-05         1.0000000E+30                 0       
 NEXT SEEDS:31D0ABED       0       0       0       0       0   181CD    3039       0       0
  175000000              75000000              75000000             2.8859280E-05         1.0000000E+30                 0       
 NEXT SEEDS:3347E430       0       0       0       0       0   181CD    3039       0       0
  180000000              70000000              70000000             2.8857742E-05         1.0000000E+30                 0       
 NEXT SEEDS:34BF1819       0       0       0       0       0   181CD    3039       0       0
  185000000              65000000              65000000             2.8857876E-05         1.0000000E+30                 0       
 NEXT SEEDS:36363B61       0       0       0       0       0   181CD    3039       0       0
  190000000              60000000              60000000             2.8858511E-05         1.0000000E+30                 0       
 NEXT SEEDS:37AD5F87       0       0       0       0       0   181CD    3039       0       0
  195000000              55000000              55000000             2.8857752E-05         1.0000000E+30                 0       
 NEXT SEEDS:39248DB9       0       0       0       0       0   181CD    3039       0       0
  200000000              50000000              50000000             2.8856889E-05         1.0000000E+30                 0       
 NEXT SEEDS:3A9BD48A       0       0       0       0       0   181CD    3039       0       0
  205000000              45000000              45000000             2.8856693E-05         1.0000000E+30                 0       
 NEXT SEEDS:  784F05       1       0       0       0       0   181CD    3039       0       0
  210000000              40000000              40000000             2.8857601E-05         1.0000000E+30                 0       
 NEXT SEEDS: 1EFA0F0       1       0       0       0       0   181CD    3039       0       0
  215000000              35000000              35000000             2.8856786E-05         1.0000000E+30                 0       
 NEXT SEEDS: 366EA27       1       0       0       0       0   181CD    3039       0       0
  220000000              30000000              30000000             2.8857450E-05         1.0000000E+30                 0       
 NEXT SEEDS: 4DE3043       1       0       0       0       0   181CD    3039       0       0
  225000000              25000000              25000000             2.8856250E-05         1.0000000E+30                 0       
 NEXT SEEDS: 65548C7       1       0       0       0       0   181CD    3039       0       0
  230000000              20000000              20000000             2.8856091E-05         1.0000000E+30                 0       
 NEXT SEEDS: 7CC3F67       1       0       0       0       0   181CD    3039       0       0
  235000000              15000000              15000000             2.8855957E-05         1.0000000E+30                 0       
 NEXT SEEDS: 943531B       1       0       0       0       0   181CD    3039       0       0
  240000000              10000000              10000000             2.8854561E-05         1.0000000E+30                 0       
 NEXT SEEDS: ABA31C8       1       0       0       0       0   181CD    3039       0       0
  *** Emfgeo: Ncoun  2000000000
  245000000               5000000               5000000             2.8854273E-05         1.0000000E+30                 0       
 NEXT SEEDS: C3110B1       1       0       0       0       0   181CD    3039       0       0
  249999950                    50                    50             2.8854812E-05         1.0000000E+30                 0       
 NEXT SEEDS: DA84F96       1       0       0       0       0   181CD    3039       0       0
  249999951                    49                    49             2.8854814E-05         1.0000000E+30                 0       
 NEXT SEEDS: DA84F9A       1       0       0       0       0   181CD    3039       0       0
  249999952                    48                    48             2.8854814E-05         1.0000000E+30                 0       
 NEXT SEEDS: DA84F9E       1       0       0       0       0   181CD    3039       0       0
  249999953                    47                    47             2.8854816E-05         1.0000000E+30                 0       
 NEXT SEEDS: DA84FA2       1       0       0       0       0   181CD    3039       0       0
  249999954                    46                    46             2.8854816E-05         1.0000000E+30                 0       
 NEXT SEEDS: DA84FA6       1       0       0       0       0   181CD    3039       0       0
  249999955                    45                    45             2.8854816E-05         1.0000000E+30                 0       
 NEXT SEEDS: DA84FC4       1       0       0       0       0   181CD    3039       0       0
  249999956                    44                    44             2.8854817E-05         1.0000000E+30                 0       
 NEXT SEEDS: DA84FC8       1       0       0       0       0   181CD    3039       0       0
  249999957                    43                    43             2.8854817E-05         1.0000000E+30                 0       
 NEXT SEEDS: DA84FCC       1       0       0       0       0   181CD    3039       0       0
  249999958                    42                    42             2.8854819E-05         1.0000000E+30                 0       
 NEXT SEEDS: DA84FD2       1       0       0       0       0   181CD    3039       0       0
  249999959                    41                    41             2.8854819E-05         1.0000000E+30                 0       
 NEXT SEEDS: DA84FD6       1       0       0       0       0   181CD    3039       0       0
  249999960                    40                    40             2.8854819E-05         1.0000000E+30                 0       
 NEXT SEEDS: DA84FFE       1       0       0       0       0   181CD    3039       0       0
  249999961                    39                    39             2.8854821E-05         1.0000000E+30                 0       
 NEXT SEEDS: DA85008       1       0       0       0       0   181CD    3039       0       0
  249999962                    38                    38             2.8854821E-05         1.0000000E+30                 0       
 NEXT SEEDS: DA8500C       1       0       0       0       0   181CD    3039       0       0
  249999963                    37                    37             2.8854822E-05         1.0000000E+30                 0       
 NEXT SEEDS: DA85010       1       0       0       0       0   181CD    3039       0       0
  249999964                    36                    36             2.8854822E-05         1.0000000E+30                 0       
 NEXT SEEDS: DA85014       1       0       0       0       0   181CD    3039       0       0
  249999965                    35                    35             2.8854822E-05         1.0000000E+30                 0       
 NEXT SEEDS: DA85018       1       0       0       0       0   181CD    3039       0       0
  249999966                    34                    34             2.8854824E-05         1.0000000E+30                 0       
 NEXT SEEDS: DA8501C       1       0       0       0       0   181CD    3039       0       0
  249999967                    33                    33             2.8854824E-05         1.0000000E+30                 0       
 NEXT SEEDS: DA85020       1       0       0       0       0   181CD    3039       0       0
  249999968                    32                    32             2.8854824E-05         1.0000000E+30                 0       
 NEXT SEEDS: DA85024       1       0       0       0       0   181CD    3039       0       0
  249999969                    31                    31             2.8854826E-05         1.0000000E+30                 0       
 NEXT SEEDS: DA85028       1       0       0       0       0   181CD    3039       0       0
  249999970                    30                    30             2.8854825E-05         1.0000000E+30                 0       
 NEXT SEEDS: DA8502C       1       0       0       0       0   181CD    3039       0       0
  249999971                    29                    29             2.8854827E-05         1.0000000E+30                 0       
 NEXT SEEDS: DA85030       1       0       0       0       0   181CD    3039       0       0
  249999972                    28                    28             2.8854829E-05         1.0000000E+30                 0       
 NEXT SEEDS: DA85034       1       0       0       0       0   181CD    3039       0       0
  249999973                    27                    27             2.8854829E-05         1.0000000E+30                 0       
 NEXT SEEDS: DA85038       1       0       0       0       0   181CD    3039       0       0
  249999974                    26                    26             2.8854829E-05         1.0000000E+30                 0       
 NEXT SEEDS: DA8503C       1       0       0       0       0   181CD    3039       0       0
  249999975                    25                    25             2.8854829E-05         1.0000000E+30                 0       
 NEXT SEEDS: DA85040       1       0       0       0       0   181CD    3039       0       0
  249999976                    24                    24             2.8854829E-05         1.0000000E+30                 0       
 NEXT SEEDS: DA85044       1       0       0       0       0   181CD    3039       0       0
  249999977                    23                    23             2.8854829E-05         1.0000000E+30                 0       
 NEXT SEEDS: DA85048       1       0       0       0       0   181CD    3039       0       0
  249999978                    22                    22             2.8854828E-05         1.0000000E+30                 0       
 NEXT SEEDS: DA8504C       1       0       0       0       0   181CD    3039       0       0
  249999979                    21                    21             2.8854828E-05         1.0000000E+30                 0       
 NEXT SEEDS: DA85050       1       0       0       0       0   181CD    3039       0       0
  249999980                    20                    20             2.8854828E-05         1.0000000E+30                 0       
 NEXT SEEDS: DA85065       1       0       0       0       0   181CD    3039       0       0
  249999981                    19                    19             2.8854828E-05         1.0000000E+30                 0       
 NEXT SEEDS: DA85069       1       0       0       0       0   181CD    3039       0       0
  249999982                    18                    18             2.8854828E-05         1.0000000E+30                 0       
 NEXT SEEDS: DA8506D       1       0       0       0       0   181CD    3039       0       0
  249999983                    17                    17             2.8854828E-05         1.0000000E+30                 0       
 NEXT SEEDS: DA85071       1       0       0       0       0   181CD    3039       0       0
  249999984                    16                    16             2.8854828E-05         1.0000000E+30                 0       
 NEXT SEEDS: DA85075       1       0       0       0       0   181CD    3039       0       0
  249999985                    15                    15             2.8854828E-05         1.0000000E+30                 0       
 NEXT SEEDS: DA85079       1       0       0       0       0   181CD    3039       0       0
  249999986                    14                    14             2.8854828E-05         1.0000000E+30                 0       
 NEXT SEEDS: DA85087       1       0       0       0       0   181CD    3039       0       0
  249999987                    13                    13             2.8854827E-05         1.0000000E+30                 0       
 NEXT SEEDS: DA8508B       1       0       0       0       0   181CD    3039       0       0
  249999988                    12                    12             2.8854827E-05         1.0000000E+30                 0       
 NEXT SEEDS: DA8508F       1       0       0       0       0   181CD    3039       0       0
  249999989                    11                    11             2.8854827E-05         1.0000000E+30                 0       
 NEXT SEEDS: DA85095       1       0       0       0       0   181CD    3039       0       0
  249999990                    10                    10             2.8854827E-05         1.0000000E+30                 0       
 NEXT SEEDS: DA85099       1       0       0       0       0   181CD    3039       0       0
  249999991                     9                     9             2.8854827E-05         1.0000000E+30                 0       
 NEXT SEEDS: DA8509D       1       0       0       0       0   181CD    3039       0       0
  249999992                     8                     8             2.8854827E-05         1.0000000E+30                 0       
 NEXT SEEDS: DA850A1       1       0       0       0       0   181CD    3039       0       0
  249999993                     7                     7             2.8854827E-05         1.0000000E+30                 0       
 NEXT SEEDS: DA850A7       1       0       0       0       0   181CD    3039       0       0
  249999994                     6                     6             2.8854827E-05         1.0000000E+30                 0       
 NEXT SEEDS: DA850AB       1       0       0       0       0   181CD    3039       0       0
  249999995                     5                     5             2.8854827E-05         1.0000000E+30                 0       
 NEXT SEEDS: DA850AF       1       0       0       0       0   181CD    3039       0       0
  249999996                     4                     4             2.8854826E-05         1.0000000E+30                 0       
 NEXT SEEDS: DA850B3       1       0       0       0       0   181CD    3039       0       0
  249999997                     3                     3             2.8854826E-05         1.0000000E+30                 0       
 NEXT SEEDS: DA850B7       1       0       0       0       0   181CD    3039       0       0
  249999998                     2                     2             2.8854826E-05         1.0000000E+30                 0       
 NEXT SEEDS: DA850CA       1       0       0       0       0   181CD    3039       0       0
  249999999                     1                     1             2.8854828E-05         1.0000000E+30                 0       
 NEXT SEEDS: DA850CE       1       0       0       0       0   181CD    3039       0       0
  250000000                     0                     1             2.8854828E-05         1.0000000E+30                 0       
 NEXT SEEDS: DA850D2       1       0       0       0       0   181CD    3039       0       0
