1NUMBER OF BEAM       NUMBER OF BEAM        APPROXIMATE NUMBER    AVERAGE TIME USED     TIME LEFT (RESERVED   NUMBER OF STARS
 PARTICLES HANDLED    PARTICLES LEFT        OF BEAM PARTICLES     BY A BEAM PARTICLE     10000.0 SECONDS      CREATED
                                            THAT CAN STILL BE                           FOR PRINTOUT)
                                            HANDLED

 NEXT SEEDS:       0       0       0       0       0       0   181CD    3039       0       0
          1             249999999             249999999             9.0837479E-05         1.0000000E+30                 0       
 NEXT SEEDS:       4       0       0       0       0       0   181CD    3039       0       0
    5000000             245000000             245000000             2.6353537E-05         1.0000000E+30                 0       
 NEXT SEEDS: 1770F93       0       0       0       0       0   181CD    3039       0       0
   10000000             240000000             240000000             2.6376833E-05         1.0000000E+30                 0       
 NEXT SEEDS: 2EE53E5       0       0       0       0       0   181CD    3039       0       0
   15000000             235000000             235000000             2.6392125E-05         1.0000000E+30                 0       
 NEXT SEEDS: 4656293       0       0       0       0       0   181CD    3039       0       0
   20000000             230000000             230000000             2.6377598E-05         1.0000000E+30                 0       
 NEXT SEEDS: 5DC8E4F       0       0       0       0       0   181CD    3039       0       0
   25000000             225000000             225000000             2.6371077E-05         1.0000000E+30                 0       
 NEXT SEEDS: 753BB5A       0       0       0       0       0   181CD    3039       0       0
   30000000             220000000             220000000             2.6378754E-05         1.0000000E+30                 0       
 NEXT SEEDS: 8CB305A       0       0       0       0       0   181CD    3039       0       0
   35000000             215000000             215000000             2.6375211E-05         1.0000000E+30                 0       
 NEXT SEEDS: A426221       0       0       0       0       0   181CD    3039       0       0
   40000000             210000000             210000000             2.6377839E-05         1.0000000E+30                 0       
 NEXT SEEDS: BB9860D       0       0       0       0       0   181CD    3039       0       0
   45000000             205000000             205000000             2.6372141E-05         1.0000000E+30                 0       
 NEXT SEEDS: D30922B       0       0       0       0       0   181CD    3039       0       0
   50000000             200000000             200000000             2.6369800E-05         1.0000000E+30                 0       
 NEXT SEEDS: EA7D7B4       0       0       0       0       0   181CD    3039       0       0
   55000000             195000000             195000000             2.6366449E-05         1.0000000E+30                 0       
 NEXT SEEDS:101EFBE5       0       0       0       0       0   181CD    3039       0       0
   60000000             190000000             190000000             2.6367987E-05         1.0000000E+30                 0       
 NEXT SEEDS:1195E869       0       0       0       0       0   181CD    3039       0       0
   65000000             185000000             185000000             2.6366286E-05         1.0000000E+30                 0       
 NEXT SEEDS:130CE975       0       0       0       0       0   181CD    3039       0       0
   70000000             180000000             180000000             2.6379342E-05         1.0000000E+30                 0       
 NEXT SEEDS:1483F7B5       0       0       0       0       0   181CD    3039       0       0
   75000000             175000000             175000000             2.6387162E-05         1.0000000E+30                 0       
 NEXT SEEDS:15FAEA74       0       0       0       0       0   181CD    3039       0       0
   80000000             170000000             170000000             2.6386141E-05         1.0000000E+30                 0       
 NEXT SEEDS:1771FEC6       0       0       0       0       0   181CD    3039       0       0
  *** Emfgeo: Ncoun  2000000000
   85000000             165000000             165000000             2.6386419E-05         1.0000000E+30                 0       
 NEXT SEEDS:18E8E31B       0       0       0       0       0   181CD    3039       0       0
   90000000             160000000             160000000             2.6385350E-05         1.0000000E+30                 0       
 NEXT SEEDS:1A600C9C       0       0       0       0       0   181CD    3039       0       0
   95000000             155000000             155000000             2.6387494E-05         1.0000000E+30                 0       
 NEXT SEEDS:1BD70211       0       0       0       0       0   181CD    3039       0       0
  100000000             150000000             150000000             2.6390636E-05         1.0000000E+30                 0       
 NEXT SEEDS:1D4E2EFC       0       0       0       0       0   181CD    3039       0       0
  105000000             145000000             145000000             2.6406788E-05         1.0000000E+30                 0       
 NEXT SEEDS:1EC51892       0       0       0       0       0   181CD    3039       0       0
  110000000             140000000             140000000             2.6427387E-05         1.0000000E+30                 0       
 NEXT SEEDS:203C0DA4       0       0       0       0       0   181CD    3039       0       0
  115000000             135000000             135000000             2.6444273E-05         1.0000000E+30                 0       
 NEXT SEEDS:21B34338       0       0       0       0       0   181CD    3039       0       0
  120000000             130000000             130000000             2.6454367E-05         1.0000000E+30                 0       
 NEXT SEEDS:232A28C8       0       0       0       0       0   181CD    3039       0       0
  125000000             125000000             125000000             2.6448735E-05         1.0000000E+30                 0       
 NEXT SEEDS:24A10A45       0       0       0       0       0   181CD    3039       0       0
  130000000             120000000             120000000             2.6446628E-05         1.0000000E+30                 0       
 NEXT SEEDS:26182FFF       0       0       0       0       0   181CD    3039       0       0
  135000000             115000000             115000000             2.6446248E-05         1.0000000E+30                 0       
 NEXT SEEDS:278F2D03       0       0       0       0       0   181CD    3039       0       0
  140000000             110000000             110000000             2.6442094E-05         1.0000000E+30                 0       
 NEXT SEEDS:2906707A       0       0       0       0       0   181CD    3039       0       0
  145000000             105000000             105000000             2.6442731E-05         1.0000000E+30                 0       
 NEXT SEEDS:2A7D5AE5       0       0       0       0       0   181CD    3039       0       0
  150000000             100000000             100000000             2.6440152E-05         1.0000000E+30                 0       
 NEXT SEEDS:2BF4AB72       0       0       0       0       0   181CD    3039       0       0
  155000000              95000000              95000000             2.6439178E-05         1.0000000E+30                 0       
 NEXT SEEDS:2D6B905B       0       0       0       0       0   181CD    3039       0       0
  160000000              90000000              90000000             2.6439193E-05         1.0000000E+30                 0       
 NEXT SEEDS:2EE2E807       0       0       0       0       0   181CD    3039       0       0
  *** Emfgeo: Ncoun  2000000000
  165000000              85000000              85000000             2.6438171E-05         1.0000000E+30                 0       
 NEXT SEEDS:3059F156       0       0       0       0       0   181CD    3039       0       0
  170000000              80000000              80000000             2.6435816E-05         1.0000000E+30                 0       
 NEXT SEEDS:31D0F77C       0       0       0       0       0   181CD    3039       0       0
  175000000              75000000              75000000             2.6433894E-05         1.0000000E+30                 0       
 NEXT SEEDS:33483C02       0       0       0       0       0   181CD    3039       0       0
  180000000              70000000              70000000             2.6432055E-05         1.0000000E+30                 0       
 NEXT SEEDS:34BF3044       0       0       0       0       0   181CD    3039       0       0
  185000000              65000000              65000000             2.6430703E-05         1.0000000E+30                 0       
 NEXT SEEDS:363626B5       0       0       0       0       0   181CD    3039       0       0
  190000000              60000000              60000000             2.6429055E-05         1.0000000E+30                 0       
 NEXT SEEDS:37AD0F4C       0       0       0       0       0   181CD    3039       0       0
  195000000              55000000              55000000             2.6427150E-05         1.0000000E+30                 0       
 NEXT SEEDS:392445E9       0       0       0       0       0   181CD    3039       0       0
  200000000              50000000              50000000             2.6425805E-05         1.0000000E+30                 0       
 NEXT SEEDS:3A9B638B       0       0       0       0       0   181CD    3039       0       0
  205000000              45000000              45000000             2.6424740E-05         1.0000000E+30                 0       
 NEXT SEEDS:  77925F       1       0       0       0       0   181CD    3039       0       0
  210000000              40000000              40000000             2.6423969E-05         1.0000000E+30                 0       
 NEXT SEEDS: 1EEA052       1       0       0       0       0   181CD    3039       0       0
  215000000              35000000              35000000             2.6422953E-05         1.0000000E+30                 0       
 NEXT SEEDS: 365B06C       1       0       0       0       0   181CD    3039       0       0
  220000000              30000000              30000000             2.6422405E-05         1.0000000E+30                 0       
 NEXT SEEDS: 4DCC03F       1       0       0       0       0   181CD    3039       0       0
  225000000              25000000              25000000             2.6420883E-05         1.0000000E+30                 0       
 NEXT SEEDS: 653E60B       1       0       0       0       0   181CD    3039       0       0
  230000000              20000000              20000000             2.6418372E-05         1.0000000E+30                 0       
 NEXT SEEDS: 7CAA462       1       0       0       0       0   181CD    3039       0       0
  235000000              15000000              15000000             2.6416703E-05         1.0000000E+30                 0       
 NEXT SEEDS: 941A9B9       1       0       0       0       0   181CD    3039       0       0
  240000000              10000000              10000000             2.6414223E-05         1.0000000E+30                 0       
 NEXT SEEDS: AB896F2       1       0       0       0       0   181CD    3039       0       0
  *** Emfgeo: Ncoun  2000000000
  245000000               5000000               5000000             2.6412416E-05         1.0000000E+30                 0       
 NEXT SEEDS: C2FAC6F       1       0       0       0       0   181CD    3039       0       0
  249999950                    50                    50             2.6411659E-05         1.0000000E+30                 0       
 NEXT SEEDS: DA70EBB       1       0       0       0       0   181CD    3039       0       0
  249999951                    49                    49             2.6411661E-05         1.0000000E+30                 0       
 NEXT SEEDS: DA70EBF       1       0       0       0       0   181CD    3039       0       0
  249999952                    48                    48             2.6411661E-05         1.0000000E+30                 0       
 NEXT SEEDS: DA70EC3       1       0       0       0       0   181CD    3039       0       0
  249999953                    47                    47             2.6411663E-05         1.0000000E+30                 0       
 NEXT SEEDS: DA70EC9       1       0       0       0       0   181CD    3039       0       0
  249999954                    46                    46             2.6411663E-05         1.0000000E+30                 0       
 NEXT SEEDS: DA70ECD       1       0       0       0       0   181CD    3039       0       0
  249999955                    45                    45             2.6411663E-05         1.0000000E+30                 0       
 NEXT SEEDS: DA70ED1       1       0       0       0       0   181CD    3039       0       0
  249999956                    44                    44             2.6411664E-05         1.0000000E+30                 0       
 NEXT SEEDS: DA70ED5       1       0       0       0       0   181CD    3039       0       0
  249999957                    43                    43             2.6411664E-05         1.0000000E+30                 0       
 NEXT SEEDS: DA70ED9       1       0       0       0       0   181CD    3039       0       0
  249999958                    42                    42             2.6411664E-05         1.0000000E+30                 0       
 NEXT SEEDS: DA70EDD       1       0       0       0       0   181CD    3039       0       0
  249999959                    41                    41             2.6411666E-05         1.0000000E+30                 0       
 NEXT SEEDS: DA70EE1       1       0       0       0       0   181CD    3039       0       0
  249999960                    40                    40             2.6411668E-05         1.0000000E+30                 0       
 NEXT SEEDS: DA70EE7       1       0       0       0       0   181CD    3039       0       0
  249999961                    39                    39             2.6411668E-05         1.0000000E+30                 0       
 NEXT SEEDS: DA70EEB       1       0       0       0       0   181CD    3039       0       0
  249999962                    38                    38             2.6411670E-05         1.0000000E+30                 0       
 NEXT SEEDS: DA70EEF       1       0       0       0       0   181CD    3039       0       0
  249999963                    37                    37             2.6411669E-05         1.0000000E+30                 0       
 NEXT SEEDS: DA70EF3       1       0       0       0       0   181CD    3039       0       0
  249999964                    36                    36             2.6411669E-05         1.0000000E+30                 0       
 NEXT SEEDS: DA70EF7       1       0       0       0       0   181CD    3039       0       0
  249999965                    35                    35             2.6411671E-05         1.0000000E+30                 0       
 NEXT SEEDS: DA70EFB       1       0       0       0       0   181CD    3039       0       0
  249999966                    34                    34             2.6411671E-05         1.0000000E+30                 0       
 NEXT SEEDS: DA70EFF       1       0       0       0       0   181CD    3039       0       0
  249999967                    33                    33             2.6411671E-05         1.0000000E+30                 0       
 NEXT SEEDS: DA70F03       1       0       0       0       0   181CD    3039       0       0
  249999968                    32                    32             2.6411673E-05         1.0000000E+30                 0       
 NEXT SEEDS: DA70F07       1       0       0       0       0   181CD    3039       0       0
  249999969                    31                    31             2.6411673E-05         1.0000000E+30                 0       
 NEXT SEEDS: DA70F0B       1       0       0       0       0   181CD    3039       0       0
  249999970                    30                    30             2.6411673E-05         1.0000000E+30                 0       
 NEXT SEEDS: DA70F1F       1       0       0       0       0   181CD    3039       0       0
  249999971                    29                    29             2.6411673E-05         1.0000000E+30                 0       
 NEXT SEEDS: DA70F23       1       0       0       0       0   181CD    3039       0       0
  249999972                    28                    28             2.6411672E-05         1.0000000E+30                 0       
 NEXT SEEDS: DA70F27       1       0       0       0       0   181CD    3039       0       0
  249999973                    27                    27             2.6411672E-05         1.0000000E+30                 0       
 NEXT SEEDS: DA70F2B       1       0       0       0       0   181CD    3039       0       0
  249999974                    26                    26             2.6411672E-05         1.0000000E+30                 0       
 NEXT SEEDS: DA70F2F       1       0       0       0       0   181CD    3039       0       0
  249999975                    25                    25             2.6411672E-05         1.0000000E+30                 0       
 NEXT SEEDS: DA70F33       1       0       0       0       0   181CD    3039       0       0
  249999976                    24                    24             2.6411672E-05         1.0000000E+30                 0       
 NEXT SEEDS: DA70F37       1       0       0       0       0   181CD    3039       0       0
  249999977                    23                    23             2.6411672E-05         1.0000000E+30                 0       
 NEXT SEEDS: DA70F4B       1       0       0       0       0   181CD    3039       0       0
  249999978                    22                    22             2.6411672E-05         1.0000000E+30                 0       
 NEXT SEEDS: DA70F4F       1       0       0       0       0   181CD    3039       0       0
  249999979                    21                    21             2.6411674E-05         1.0000000E+30                 0       
 NEXT SEEDS: DA70F53       1       0       0       0       0   181CD    3039       0       0
  249999980                    20                    20             2.6411674E-05         1.0000000E+30                 0       
 NEXT SEEDS: DA70F57       1       0       0       0       0   181CD    3039       0       0
  249999981                    19                    19             2.6411675E-05         1.0000000E+30                 0       
 NEXT SEEDS: DA70F5B       1       0       0       0       0   181CD    3039       0       0
  249999982                    18                    18             2.6411675E-05         1.0000000E+30                 0       
 NEXT SEEDS: DA70F5F       1       0       0       0       0   181CD    3039       0       0
  249999983                    17                    17             2.6411677E-05         1.0000000E+30                 0       
 NEXT SEEDS: DA70F63       1       0       0       0       0   181CD    3039       0       0
  249999984                    16                    16             2.6411677E-05         1.0000000E+30                 0       
 NEXT SEEDS: DA70F67       1       0       0       0       0   181CD    3039       0       0
  249999985                    15                    15             2.6411677E-05         1.0000000E+30                 0       
 NEXT SEEDS: DA70F6B       1       0       0       0       0   181CD    3039       0       0
  249999986                    14                    14             2.6411679E-05         1.0000000E+30                 0       
 NEXT SEEDS: DA70F6F       1       0       0       0       0   181CD    3039       0       0
  249999987                    13                    13             2.6411679E-05         1.0000000E+30                 0       
 NEXT SEEDS: DA70F73       1       0       0       0       0   181CD    3039       0       0
  249999988                    12                    12             2.6411679E-05         1.0000000E+30                 0       
 NEXT SEEDS: DA70F77       1       0       0       0       0   181CD    3039       0       0
  249999989                    11                    11             2.6411678E-05         1.0000000E+30                 0       
 NEXT SEEDS: DA70F7B       1       0       0       0       0   181CD    3039       0       0
  249999990                    10                    10             2.6411678E-05         1.0000000E+30                 0       
 NEXT SEEDS: DA70F7F       1       0       0       0       0   181CD    3039       0       0
  249999991                     9                     9             2.6411678E-05         1.0000000E+30                 0       
 NEXT SEEDS: DA70F83       1       0       0       0       0   181CD    3039       0       0
  249999992                     8                     8             2.6411678E-05         1.0000000E+30                 0       
 NEXT SEEDS: DA70F87       1       0       0       0       0   181CD    3039       0       0
  249999993                     7                     7             2.6411678E-05         1.0000000E+30                 0       
 NEXT SEEDS: DA70F8B       1       0       0       0       0   181CD    3039       0       0
  249999994                     6                     6             2.6411678E-05         1.0000000E+30                 0       
 NEXT SEEDS: DA70F8F       1       0       0       0       0   181CD    3039       0       0
  249999995                     5                     5             2.6411678E-05         1.0000000E+30                 0       
 NEXT SEEDS: DA70F93       1       0       0       0       0   181CD    3039       0       0
  249999996                     4                     4             2.6411678E-05         1.0000000E+30                 0       
 NEXT SEEDS: DA70F97       1       0       0       0       0   181CD    3039       0       0
  249999997                     3                     3             2.6411678E-05         1.0000000E+30                 0       
 NEXT SEEDS: DA70F9B       1       0       0       0       0   181CD    3039       0       0
  249999998                     2                     2             2.6411678E-05         1.0000000E+30                 0       
 NEXT SEEDS: DA70F9F       1       0       0       0       0   181CD    3039       0       0
  249999999                     1                     1             2.6411677E-05         1.0000000E+30                 0       
 NEXT SEEDS: DA70FA3       1       0       0       0       0   181CD    3039       0       0
  250000000                     0                     1             2.6411677E-05         1.0000000E+30                 0       
 NEXT SEEDS: DA70FB6       1       0       0       0       0   181CD    3039       0       0
