1NUMBER OF BEAM       NUMBER OF BEAM        APPROXIMATE NUMBER    AVERAGE TIME USED     TIME LEFT (RESERVED   NUMBER OF STARS
 PARTICLES HANDLED    PARTICLES LEFT        OF BEAM PARTICLES     BY A BEAM PARTICLE     10000.0 SECONDS      CREATED
                                            THAT CAN STILL BE                           FOR PRINTOUT)
                                            HANDLED

 NEXT SEEDS:       0       0       0       0       0       0   181CD    3039       0       0
          1             249999999             249999999             7.6055527E-05         1.0000000E+30                 0       
 NEXT SEEDS:       4       0       0       0       0       0   181CD    3039       0       0
    5000000             245000000             245000000             2.7794587E-05         1.0000000E+30                 0       
 NEXT SEEDS: 1770EF3       0       0       0       0       0   181CD    3039       0       0
   10000000             240000000             240000000             2.7796402E-05         1.0000000E+30                 0       
 NEXT SEEDS: 2EE1D66       0       0       0       0       0   181CD    3039       0       0
   15000000             235000000             235000000             2.7807841E-05         1.0000000E+30                 0       
 NEXT SEEDS: 4656133       0       0       0       0       0   181CD    3039       0       0
   20000000             230000000             230000000             2.7797128E-05         1.0000000E+30                 0       
 NEXT SEEDS: 5DC26E1       0       0       0       0       0   181CD    3039       0       0
   25000000             225000000             225000000             2.7815842E-05         1.0000000E+30                 0       
 NEXT SEEDS: 7532ED1       0       0       0       0       0   181CD    3039       0       0
   30000000             220000000             220000000             2.7820227E-05         1.0000000E+30                 0       
 NEXT SEEDS: 8CA473A       0       0       0       0       0   181CD    3039       0       0
   35000000             215000000             215000000             2.7824913E-05         1.0000000E+30                 0       
 NEXT SEEDS: A418217       0       0       0       0       0   181CD    3039       0       0
   40000000             210000000             210000000             2.7828891E-05         1.0000000E+30                 0       
 NEXT SEEDS: BB89BD0       0       0       0       0       0   181CD    3039       0       0
   45000000             205000000             205000000             2.7835688E-05         1.0000000E+30                 0       
 NEXT SEEDS: D2FB71B       0       0       0       0       0   181CD    3039       0       0
   50000000             200000000             200000000             2.7866970E-05         1.0000000E+30                 0       
 NEXT SEEDS: EA6EB60       0       0       0       0       0   181CD    3039       0       0
   55000000             195000000             195000000             2.7870994E-05         1.0000000E+30                 0       
 NEXT SEEDS:101E1CF0       0       0       0       0       0   181CD    3039       0       0
   60000000             190000000             190000000             2.7870046E-05         1.0000000E+30                 0       
 NEXT SEEDS:11951E1D       0       0       0       0       0   181CD    3039       0       0
   65000000             185000000             185000000             2.7867342E-05         1.0000000E+30                 0       
 NEXT SEEDS:130C279E       0       0       0       0       0   181CD    3039       0       0
   70000000             180000000             180000000             2.7858067E-05         1.0000000E+30                 0       
 NEXT SEEDS:1482F692       0       0       0       0       0   181CD    3039       0       0
   75000000             175000000             175000000             2.7853540E-05         1.0000000E+30                 0       
 NEXT SEEDS:15F9C573       0       0       0       0       0   181CD    3039       0       0
   80000000             170000000             170000000             2.7855293E-05         1.0000000E+30                 0       
 NEXT SEEDS:1770ED95       0       0       0       0       0   181CD    3039       0       0
  *** Emfgeo: Ncoun  2000000000
   85000000             165000000             165000000             2.7854425E-05         1.0000000E+30                 0       
 NEXT SEEDS:18E804C1       0       0       0       0       0   181CD    3039       0       0
   90000000             160000000             160000000             2.7864465E-05         1.0000000E+30                 0       
 NEXT SEEDS:1A5F3B1C       0       0       0       0       0   181CD    3039       0       0
   95000000             155000000             155000000             2.7869584E-05         1.0000000E+30                 0       
 NEXT SEEDS:1BD65E71       0       0       0       0       0   181CD    3039       0       0
  100000000             150000000             150000000             2.7870262E-05         1.0000000E+30                 0       
 NEXT SEEDS:1D4D423D       0       0       0       0       0   181CD    3039       0       0
  105000000             145000000             145000000             2.7866128E-05         1.0000000E+30                 0       
 NEXT SEEDS:1EC45A3A       0       0       0       0       0   181CD    3039       0       0
  110000000             140000000             140000000             2.7859654E-05         1.0000000E+30                 0       
 NEXT SEEDS:203B3F1C       0       0       0       0       0   181CD    3039       0       0
  115000000             135000000             135000000             2.7856502E-05         1.0000000E+30                 0       
 NEXT SEEDS:21B2718B       0       0       0       0       0   181CD    3039       0       0
  120000000             130000000             130000000             2.7854782E-05         1.0000000E+30                 0       
 NEXT SEEDS:23293CC0       0       0       0       0       0   181CD    3039       0       0
  125000000             125000000             125000000             2.7852862E-05         1.0000000E+30                 0       
 NEXT SEEDS:24A05587       0       0       0       0       0   181CD    3039       0       0
  130000000             120000000             120000000             2.7852585E-05         1.0000000E+30                 0       
 NEXT SEEDS:2617430E       0       0       0       0       0   181CD    3039       0       0
  135000000             115000000             115000000             2.7851375E-05         1.0000000E+30                 0       
 NEXT SEEDS:278E29C2       0       0       0       0       0   181CD    3039       0       0
  140000000             110000000             110000000             2.7849703E-05         1.0000000E+30                 0       
 NEXT SEEDS:29052DAA       0       0       0       0       0   181CD    3039       0       0
  145000000             105000000             105000000             2.7850196E-05         1.0000000E+30                 0       
 NEXT SEEDS:2A7C3E0F       0       0       0       0       0   181CD    3039       0       0
  150000000             100000000             100000000             2.7848596E-05         1.0000000E+30                 0       
 NEXT SEEDS:2BF362FD       0       0       0       0       0   181CD    3039       0       0
  155000000              95000000              95000000             2.7847725E-05         1.0000000E+30                 0       
 NEXT SEEDS:2D6A8AB2       0       0       0       0       0   181CD    3039       0       0
  160000000              90000000              90000000             2.7847689E-05         1.0000000E+30                 0       
 NEXT SEEDS:2EE1D0DC       0       0       0       0       0   181CD    3039       0       0
  *** Emfgeo: Ncoun  2000000000
  165000000              85000000              85000000             2.7846137E-05         1.0000000E+30                 0       
 NEXT SEEDS:305916A7       0       0       0       0       0   181CD    3039       0       0
  170000000              80000000              80000000             2.7846633E-05         1.0000000E+30                 0       
 NEXT SEEDS:31D03DA5       0       0       0       0       0   181CD    3039       0       0
  175000000              75000000              75000000             2.7845873E-05         1.0000000E+30                 0       
 NEXT SEEDS:33477B09       0       0       0       0       0   181CD    3039       0       0
  180000000              70000000              70000000             2.7844354E-05         1.0000000E+30                 0       
 NEXT SEEDS:34BE9188       0       0       0       0       0   181CD    3039       0       0
  185000000              65000000              65000000             2.7844246E-05         1.0000000E+30                 0       
 NEXT SEEDS:363589E5       0       0       0       0       0   181CD    3039       0       0
  190000000              60000000              60000000             2.7845299E-05         1.0000000E+30                 0       
 NEXT SEEDS:37ACA3C2       0       0       0       0       0   181CD    3039       0       0
  195000000              55000000              55000000             2.7846441E-05         1.0000000E+30                 0       
 NEXT SEEDS:3924016E       0       0       0       0       0   181CD    3039       0       0
  200000000              50000000              50000000             2.7846398E-05         1.0000000E+30                 0       
 NEXT SEEDS:3A9B1D2B       0       0       0       0       0   181CD    3039       0       0
  205000000              45000000              45000000             2.7845400E-05         1.0000000E+30                 0       
 NEXT SEEDS:  775715       1       0       0       0       0   181CD    3039       0       0
  210000000              40000000              40000000             2.7845098E-05         1.0000000E+30                 0       
 NEXT SEEDS: 1EE6A3F       1       0       0       0       0   181CD    3039       0       0
  215000000              35000000              35000000             2.7844917E-05         1.0000000E+30                 0       
 NEXT SEEDS: 36584D8       1       0       0       0       0   181CD    3039       0       0
  220000000              30000000              30000000             2.7844327E-05         1.0000000E+30                 0       
 NEXT SEEDS: 4DC8BC7       1       0       0       0       0   181CD    3039       0       0
  225000000              25000000              25000000             2.7843891E-05         1.0000000E+30                 0       
 NEXT SEEDS: 653A7B5       1       0       0       0       0   181CD    3039       0       0
  230000000              20000000              20000000             2.7842289E-05         1.0000000E+30                 0       
 NEXT SEEDS: 7CA5062       1       0       0       0       0   181CD    3039       0       0
  235000000              15000000              15000000             2.7842677E-05         1.0000000E+30                 0       
 NEXT SEEDS: 9414C1A       1       0       0       0       0   181CD    3039       0       0
  240000000              10000000              10000000             2.7842545E-05         1.0000000E+30                 0       
 NEXT SEEDS: AB84320       1       0       0       0       0   181CD    3039       0       0
  *** Emfgeo: Ncoun  2000000000
  245000000               5000000               5000000             2.7841442E-05         1.0000000E+30                 0       
 NEXT SEEDS: C2F5F6D       1       0       0       0       0   181CD    3039       0       0
  249999950                    50                    50             2.7840792E-05         1.0000000E+30                 0       
 NEXT SEEDS: DA6810F       1       0       0       0       0   181CD    3039       0       0
  249999951                    49                    49             2.7840794E-05         1.0000000E+30                 0       
 NEXT SEEDS: DA68113       1       0       0       0       0   181CD    3039       0       0
  249999952                    48                    48             2.7840794E-05         1.0000000E+30                 0       
 NEXT SEEDS: DA68117       1       0       0       0       0   181CD    3039       0       0
  249999953                    47                    47             2.7840796E-05         1.0000000E+30                 0       
 NEXT SEEDS: DA68121       1       0       0       0       0   181CD    3039       0       0
  249999954                    46                    46             2.7840798E-05         1.0000000E+30                 0       
 NEXT SEEDS: DA68125       1       0       0       0       0   181CD    3039       0       0
  249999955                    45                    45             2.7840798E-05         1.0000000E+30                 0       
 NEXT SEEDS: DA68129       1       0       0       0       0   181CD    3039       0       0
  249999956                    44                    44             2.7840797E-05         1.0000000E+30                 0       
 NEXT SEEDS: DA6812D       1       0       0       0       0   181CD    3039       0       0
  249999957                    43                    43             2.7840799E-05         1.0000000E+30                 0       
 NEXT SEEDS: DA68131       1       0       0       0       0   181CD    3039       0       0
  249999958                    42                    42             2.7840799E-05         1.0000000E+30                 0       
 NEXT SEEDS: DA68135       1       0       0       0       0   181CD    3039       0       0
  249999959                    41                    41             2.7840801E-05         1.0000000E+30                 0       
 NEXT SEEDS: DA68139       1       0       0       0       0   181CD    3039       0       0
  249999960                    40                    40             2.7840801E-05         1.0000000E+30                 0       
 NEXT SEEDS: DA6813D       1       0       0       0       0   181CD    3039       0       0
  249999961                    39                    39             2.7840801E-05         1.0000000E+30                 0       
 NEXT SEEDS: DA68141       1       0       0       0       0   181CD    3039       0       0
  249999962                    38                    38             2.7840801E-05         1.0000000E+30                 0       
 NEXT SEEDS: DA68145       1       0       0       0       0   181CD    3039       0       0
  249999963                    37                    37             2.7840801E-05         1.0000000E+30                 0       
 NEXT SEEDS: DA68149       1       0       0       0       0   181CD    3039       0       0
  249999964                    36                    36             2.7840800E-05         1.0000000E+30                 0       
 NEXT SEEDS: DA6814D       1       0       0       0       0   181CD    3039       0       0
  249999965                    35                    35             2.7840800E-05         1.0000000E+30                 0       
 NEXT SEEDS: DA68151       1       0       0       0       0   181CD    3039       0       0
  249999966                    34                    34             2.7840800E-05         1.0000000E+30                 0       
 NEXT SEEDS: DA68155       1       0       0       0       0   181CD    3039       0       0
  249999967                    33                    33             2.7840802E-05         1.0000000E+30                 0       
 NEXT SEEDS: DA68159       1       0       0       0       0   181CD    3039       0       0
  249999968                    32                    32             2.7840802E-05         1.0000000E+30                 0       
 NEXT SEEDS: DA6815D       1       0       0       0       0   181CD    3039       0       0
  249999969                    31                    31             2.7840804E-05         1.0000000E+30                 0       
 NEXT SEEDS: DA68161       1       0       0       0       0   181CD    3039       0       0
  249999970                    30                    30             2.7840804E-05         1.0000000E+30                 0       
 NEXT SEEDS: DA68165       1       0       0       0       0   181CD    3039       0       0
  249999971                    29                    29             2.7840804E-05         1.0000000E+30                 0       
 NEXT SEEDS: DA68169       1       0       0       0       0   181CD    3039       0       0
  249999972                    28                    28             2.7840805E-05         1.0000000E+30                 0       
 NEXT SEEDS: DA6816D       1       0       0       0       0   181CD    3039       0       0
  249999973                    27                    27             2.7840805E-05         1.0000000E+30                 0       
 NEXT SEEDS: DA68171       1       0       0       0       0   181CD    3039       0       0
  249999974                    26                    26             2.7840805E-05         1.0000000E+30                 0       
 NEXT SEEDS: DA68175       1       0       0       0       0   181CD    3039       0       0
  249999975                    25                    25             2.7840807E-05         1.0000000E+30                 0       
 NEXT SEEDS: DA68179       1       0       0       0       0   181CD    3039       0       0
  249999976                    24                    24             2.7840807E-05         1.0000000E+30                 0       
 NEXT SEEDS: DA6817D       1       0       0       0       0   181CD    3039       0       0
  249999977                    23                    23             2.7840809E-05         1.0000000E+30                 0       
 NEXT SEEDS: DA68181       1       0       0       0       0   181CD    3039       0       0
  249999978                    22                    22             2.7840809E-05         1.0000000E+30                 0       
 NEXT SEEDS: DA68185       1       0       0       0       0   181CD    3039       0       0
  249999979                    21                    21             2.7840809E-05         1.0000000E+30                 0       
 NEXT SEEDS: DA68189       1       0       0       0       0   181CD    3039       0       0
  249999980                    20                    20             2.7840810E-05         1.0000000E+30                 0       
 NEXT SEEDS: DA6818D       1       0       0       0       0   181CD    3039       0       0
  249999981                    19                    19             2.7840810E-05         1.0000000E+30                 0       
 NEXT SEEDS: DA68191       1       0       0       0       0   181CD    3039       0       0
  249999982                    18                    18             2.7840812E-05         1.0000000E+30                 0       
 NEXT SEEDS: DA68195       1       0       0       0       0   181CD    3039       0       0
  249999983                    17                    17             2.7840812E-05         1.0000000E+30                 0       
 NEXT SEEDS: DA68199       1       0       0       0       0   181CD    3039       0       0
  249999984                    16                    16             2.7840812E-05         1.0000000E+30                 0       
 NEXT SEEDS: DA6819D       1       0       0       0       0   181CD    3039       0       0
  249999985                    15                    15             2.7840812E-05         1.0000000E+30                 0       
 NEXT SEEDS: DA681A1       1       0       0       0       0   181CD    3039       0       0
  249999986                    14                    14             2.7840812E-05         1.0000000E+30                 0       
 NEXT SEEDS: DA681A5       1       0       0       0       0   181CD    3039       0       0
  249999987                    13                    13             2.7840812E-05         1.0000000E+30                 0       
 NEXT SEEDS: DA681A9       1       0       0       0       0   181CD    3039       0       0
  249999988                    12                    12             2.7840811E-05         1.0000000E+30                 0       
 NEXT SEEDS: DA681AD       1       0       0       0       0   181CD    3039       0       0
  249999989                    11                    11             2.7840811E-05         1.0000000E+30                 0       
 NEXT SEEDS: DA681B1       1       0       0       0       0   181CD    3039       0       0
  249999990                    10                    10             2.7840813E-05         1.0000000E+30                 0       
 NEXT SEEDS: DA681B5       1       0       0       0       0   181CD    3039       0       0
  249999991                     9                     9             2.7840813E-05         1.0000000E+30                 0       
 NEXT SEEDS: DA681B9       1       0       0       0       0   181CD    3039       0       0
  249999992                     8                     8             2.7840815E-05         1.0000000E+30                 0       
 NEXT SEEDS: DA681BD       1       0       0       0       0   181CD    3039       0       0
  249999993                     7                     7             2.7840815E-05         1.0000000E+30                 0       
 NEXT SEEDS: DA681C1       1       0       0       0       0   181CD    3039       0       0
  249999994                     6                     6             2.7840817E-05         1.0000000E+30                 0       
 NEXT SEEDS: DA681C5       1       0       0       0       0   181CD    3039       0       0
  249999995                     5                     5             2.7840816E-05         1.0000000E+30                 0       
 NEXT SEEDS: DA681C9       1       0       0       0       0   181CD    3039       0       0
  249999996                     4                     4             2.7840818E-05         1.0000000E+30                 0       
 NEXT SEEDS: DA681CD       1       0       0       0       0   181CD    3039       0       0
  249999997                     3                     3             2.7840820E-05         1.0000000E+30                 0       
 NEXT SEEDS: DA681D1       1       0       0       0       0   181CD    3039       0       0
  249999998                     2                     2             2.7840820E-05         1.0000000E+30                 0       
 NEXT SEEDS: DA681D5       1       0       0       0       0   181CD    3039       0       0
  249999999                     1                     1             2.7840820E-05         1.0000000E+30                 0       
 NEXT SEEDS: DA681D9       1       0       0       0       0   181CD    3039       0       0
  250000000                     0                     1             2.7840822E-05         1.0000000E+30                 0       
 NEXT SEEDS: DA681DD       1       0       0       0       0   181CD    3039       0       0
