1NUMBER OF BEAM       NUMBER OF BEAM        APPROXIMATE NUMBER    AVERAGE TIME USED     TIME LEFT (RESERVED   NUMBER OF STARS
 PARTICLES HANDLED    PARTICLES LEFT        OF BEAM PARTICLES     BY A BEAM PARTICLE     10000.0 SECONDS      CREATED
                                            THAT CAN STILL BE                           FOR PRINTOUT)
                                            HANDLED

 NEXT SEEDS:       0       0       0       0       0       0   181CD    3039       0       0
          1             249999999             249999999             7.7009201E-05         1.0000000E+30                 0       
 NEXT SEEDS:       4       0       0       0       0       0   181CD    3039       0       0
    5000000             245000000             245000000             2.6567394E-05         1.0000000E+30                 0       
 NEXT SEEDS: 176EC0D       0       0       0       0       0   181CD    3039       0       0
   10000000             240000000             240000000             2.6586836E-05         1.0000000E+30                 0       
 NEXT SEEDS: 2EE2290       0       0       0       0       0   181CD    3039       0       0
   15000000             235000000             235000000             2.6587761E-05         1.0000000E+30                 0       
 NEXT SEEDS: 465621F       0       0       0       0       0   181CD    3039       0       0
   20000000             230000000             230000000             2.6566285E-05         1.0000000E+30                 0       
 NEXT SEEDS: 5DC5D16       0       0       0       0       0   181CD    3039       0       0
   25000000             225000000             225000000             2.6583272E-05         1.0000000E+30                 0       
 NEXT SEEDS: 753AF71       0       0       0       0       0   181CD    3039       0       0
   30000000             220000000             220000000             2.6590265E-05         1.0000000E+30                 0       
 NEXT SEEDS: 8CB005D       0       0       0       0       0   181CD    3039       0       0
   35000000             215000000             215000000             2.6589912E-05         1.0000000E+30                 0       
 NEXT SEEDS: A422514       0       0       0       0       0   181CD    3039       0       0
   40000000             210000000             210000000             2.6586005E-05         1.0000000E+30                 0       
 NEXT SEEDS: BB923A3       0       0       0       0       0   181CD    3039       0       0
   45000000             205000000             205000000             2.6579723E-05         1.0000000E+30                 0       
 NEXT SEEDS: D3044E9       0       0       0       0       0   181CD    3039       0       0
   50000000             200000000             200000000             2.6585437E-05         1.0000000E+30                 0       
 NEXT SEEDS: EA76388       0       0       0       0       0   181CD    3039       0       0
   55000000             195000000             195000000             2.6582648E-05         1.0000000E+30                 0       
 NEXT SEEDS:101E531D       0       0       0       0       0   181CD    3039       0       0
   60000000             190000000             190000000             2.6581462E-05         1.0000000E+30                 0       
 NEXT SEEDS:11955E74       0       0       0       0       0   181CD    3039       0       0
   65000000             185000000             185000000             2.6581708E-05         1.0000000E+30                 0       
 NEXT SEEDS:130C827A       0       0       0       0       0   181CD    3039       0       0
   70000000             180000000             180000000             2.6576104E-05         1.0000000E+30                 0       
 NEXT SEEDS:148368BC       0       0       0       0       0   181CD    3039       0       0
   75000000             175000000             175000000             2.6574964E-05         1.0000000E+30                 0       
 NEXT SEEDS:15FA3E0D       0       0       0       0       0   181CD    3039       0       0
   80000000             170000000             170000000             2.6576244E-05         1.0000000E+30                 0       
 NEXT SEEDS:1771429A       0       0       0       0       0   181CD    3039       0       0
  *** Emfgeo: Ncoun  2000000000
   85000000             165000000             165000000             2.6575251E-05         1.0000000E+30                 0       
 NEXT SEEDS:18E86662       0       0       0       0       0   181CD    3039       0       0
   90000000             160000000             160000000             2.6574234E-05         1.0000000E+30                 0       
 NEXT SEEDS:1A5FCF13       0       0       0       0       0   181CD    3039       0       0
   95000000             155000000             155000000             2.6576528E-05         1.0000000E+30                 0       
 NEXT SEEDS:1BD6B797       0       0       0       0       0   181CD    3039       0       0
  100000000             150000000             150000000             2.6572753E-05         1.0000000E+30                 0       
 NEXT SEEDS:1D4DA57F       0       0       0       0       0   181CD    3039       0       0
  105000000             145000000             145000000             2.6574480E-05         1.0000000E+30                 0       
 NEXT SEEDS:1EC48F6E       0       0       0       0       0   181CD    3039       0       0
  110000000             140000000             140000000             2.6574531E-05         1.0000000E+30                 0       
 NEXT SEEDS:203B63F7       0       0       0       0       0   181CD    3039       0       0
  115000000             135000000             135000000             2.6576179E-05         1.0000000E+30                 0       
 NEXT SEEDS:21B2A17E       0       0       0       0       0   181CD    3039       0       0
  120000000             130000000             130000000             2.6572940E-05         1.0000000E+30                 0       
 NEXT SEEDS:2329700E       0       0       0       0       0   181CD    3039       0       0
  125000000             125000000             125000000             2.6569614E-05         1.0000000E+30                 0       
 NEXT SEEDS:24A02AA2       0       0       0       0       0   181CD    3039       0       0
  130000000             120000000             120000000             2.6570832E-05         1.0000000E+30                 0       
 NEXT SEEDS:26175186       0       0       0       0       0   181CD    3039       0       0
  135000000             115000000             115000000             2.6571095E-05         1.0000000E+30                 0       
 NEXT SEEDS:278E4846       0       0       0       0       0   181CD    3039       0       0
  140000000             110000000             110000000             2.6570634E-05         1.0000000E+30                 0       
 NEXT SEEDS:290555E1       0       0       0       0       0   181CD    3039       0       0
  145000000             105000000             105000000             2.6570153E-05         1.0000000E+30                 0       
 NEXT SEEDS:2A7C6B0A       0       0       0       0       0   181CD    3039       0       0
  150000000             100000000             100000000             2.6573521E-05         1.0000000E+30                 0       
 NEXT SEEDS:2BF3BE93       0       0       0       0       0   181CD    3039       0       0
  155000000              95000000              95000000             2.6584607E-05         1.0000000E+30                 0       
 NEXT SEEDS:2D6AD9D3       0       0       0       0       0   181CD    3039       0       0
  160000000              90000000              90000000             2.6583913E-05         1.0000000E+30                 0       
 NEXT SEEDS:2EE1EA3D       0       0       0       0       0   181CD    3039       0       0
  *** Emfgeo: Ncoun  2000000000
  165000000              85000000              85000000             2.6583134E-05         1.0000000E+30                 0       
 NEXT SEEDS:3058EE9A       0       0       0       0       0   181CD    3039       0       0
  170000000              80000000              80000000             2.6584535E-05         1.0000000E+30                 0       
 NEXT SEEDS:31D0087F       0       0       0       0       0   181CD    3039       0       0
  175000000              75000000              75000000             2.6586202E-05         1.0000000E+30                 0       
 NEXT SEEDS:33472B73       0       0       0       0       0   181CD    3039       0       0
  180000000              70000000              70000000             2.6586349E-05         1.0000000E+30                 0       
 NEXT SEEDS:34BE80F6       0       0       0       0       0   181CD    3039       0       0
  185000000              65000000              65000000             2.6588471E-05         1.0000000E+30                 0       
 NEXT SEEDS:3635C86C       0       0       0       0       0   181CD    3039       0       0
  190000000              60000000              60000000             2.6588851E-05         1.0000000E+30                 0       
 NEXT SEEDS:37AD106C       0       0       0       0       0   181CD    3039       0       0
  195000000              55000000              55000000             2.6590680E-05         1.0000000E+30                 0       
 NEXT SEEDS:39245F3A       0       0       0       0       0   181CD    3039       0       0
  200000000              50000000              50000000             2.6590090E-05         1.0000000E+30                 0       
 NEXT SEEDS:3A9B9A0B       0       0       0       0       0   181CD    3039       0       0
  205000000              45000000              45000000             2.6590224E-05         1.0000000E+30                 0       
 NEXT SEEDS:  77D066       1       0       0       0       0   181CD    3039       0       0
  210000000              40000000              40000000             2.6589785E-05         1.0000000E+30                 0       
 NEXT SEEDS: 1EEE18F       1       0       0       0       0   181CD    3039       0       0
  215000000              35000000              35000000             2.6588858E-05         1.0000000E+30                 0       
 NEXT SEEDS: 365D810       1       0       0       0       0   181CD    3039       0       0
  220000000              30000000              30000000             2.6596175E-05         1.0000000E+30                 0       
 NEXT SEEDS: 4DCFDF4       1       0       0       0       0   181CD    3039       0       0
  225000000              25000000              25000000             2.6596226E-05         1.0000000E+30                 0       
 NEXT SEEDS: 6541A09       1       0       0       0       0   181CD    3039       0       0
  230000000              20000000              20000000             2.6595312E-05         1.0000000E+30                 0       
 NEXT SEEDS: 7CB2B3D       1       0       0       0       0   181CD    3039       0       0
  235000000              15000000              15000000             2.6595647E-05         1.0000000E+30                 0       
 NEXT SEEDS: 9422D25       1       0       0       0       0   181CD    3039       0       0
  240000000              10000000              10000000             2.6596335E-05         1.0000000E+30                 0       
 NEXT SEEDS: AB92D41       1       0       0       0       0   181CD    3039       0       0
  *** Emfgeo: Ncoun  2000000000
  245000000               5000000               5000000             2.6596554E-05         1.0000000E+30                 0       
 NEXT SEEDS: C30477C       1       0       0       0       0   181CD    3039       0       0
  249999950                    50                    50             2.6596218E-05         1.0000000E+30                 0       
 NEXT SEEDS: DA7758F       1       0       0       0       0   181CD    3039       0       0
  249999951                    49                    49             2.6596218E-05         1.0000000E+30                 0       
 NEXT SEEDS: DA77593       1       0       0       0       0   181CD    3039       0       0
  249999952                    48                    48             2.6596218E-05         1.0000000E+30                 0       
 NEXT SEEDS: DA77597       1       0       0       0       0   181CD    3039       0       0
  249999953                    47                    47             2.6596217E-05         1.0000000E+30                 0       
 NEXT SEEDS: DA7759B       1       0       0       0       0   181CD    3039       0       0
  249999954                    46                    46             2.6596217E-05         1.0000000E+30                 0       
 NEXT SEEDS: DA775A1       1       0       0       0       0   181CD    3039       0       0
  249999955                    45                    45             2.6596217E-05         1.0000000E+30                 0       
 NEXT SEEDS: DA775A5       1       0       0       0       0   181CD    3039       0       0
  249999956                    44                    44             2.6596217E-05         1.0000000E+30                 0       
 NEXT SEEDS: DA775A9       1       0       0       0       0   181CD    3039       0       0
  249999957                    43                    43             2.6596217E-05         1.0000000E+30                 0       
 NEXT SEEDS: DA775AD       1       0       0       0       0   181CD    3039       0       0
  249999958                    42                    42             2.6596217E-05         1.0000000E+30                 0       
 NEXT SEEDS: DA775B1       1       0       0       0       0   181CD    3039       0       0
  249999959                    41                    41             2.6596217E-05         1.0000000E+30                 0       
 NEXT SEEDS: DA775B5       1       0       0       0       0   181CD    3039       0       0
  249999960                    40                    40             2.6596217E-05         1.0000000E+30                 0       
 NEXT SEEDS: DA775B9       1       0       0       0       0   181CD    3039       0       0
  249999961                    39                    39             2.6596217E-05         1.0000000E+30                 0       
 NEXT SEEDS: DA775BD       1       0       0       0       0   181CD    3039       0       0
  249999962                    38                    38             2.6596216E-05         1.0000000E+30                 0       
 NEXT SEEDS: DA775C1       1       0       0       0       0   181CD    3039       0       0
  249999963                    37                    37             2.6596216E-05         1.0000000E+30                 0       
 NEXT SEEDS: DA775C5       1       0       0       0       0   181CD    3039       0       0
  249999964                    36                    36             2.6596216E-05         1.0000000E+30                 0       
 NEXT SEEDS: DA775C9       1       0       0       0       0   181CD    3039       0       0
  249999965                    35                    35             2.6596216E-05         1.0000000E+30                 0       
 NEXT SEEDS: DA775CF       1       0       0       0       0   181CD    3039       0       0
  249999966                    34                    34             2.6596218E-05         1.0000000E+30                 0       
 NEXT SEEDS: DA775D5       1       0       0       0       0   181CD    3039       0       0
  249999967                    33                    33             2.6596218E-05         1.0000000E+30                 0       
 NEXT SEEDS: DA775D9       1       0       0       0       0   181CD    3039       0       0
  249999968                    32                    32             2.6596218E-05         1.0000000E+30                 0       
 NEXT SEEDS: DA775EC       1       0       0       0       0   181CD    3039       0       0
  249999969                    31                    31             2.6596218E-05         1.0000000E+30                 0       
 NEXT SEEDS: DA77601       1       0       0       0       0   181CD    3039       0       0
  249999970                    30                    30             2.6596218E-05         1.0000000E+30                 0       
 NEXT SEEDS: DA77605       1       0       0       0       0   181CD    3039       0       0
  249999971                    29                    29             2.6596219E-05         1.0000000E+30                 0       
 NEXT SEEDS: DA77609       1       0       0       0       0   181CD    3039       0       0
  249999972                    28                    28             2.6596219E-05         1.0000000E+30                 0       
 NEXT SEEDS: DA7760D       1       0       0       0       0   181CD    3039       0       0
  249999973                    27                    27             2.6596219E-05         1.0000000E+30                 0       
 NEXT SEEDS: DA77611       1       0       0       0       0   181CD    3039       0       0
  249999974                    26                    26             2.6596219E-05         1.0000000E+30                 0       
 NEXT SEEDS: DA77615       1       0       0       0       0   181CD    3039       0       0
  249999975                    25                    25             2.6596219E-05         1.0000000E+30                 0       
 NEXT SEEDS: DA77619       1       0       0       0       0   181CD    3039       0       0
  249999976                    24                    24             2.6596219E-05         1.0000000E+30                 0       
 NEXT SEEDS: DA7761D       1       0       0       0       0   181CD    3039       0       0
  249999977                    23                    23             2.6596219E-05         1.0000000E+30                 0       
 NEXT SEEDS: DA77621       1       0       0       0       0   181CD    3039       0       0
  249999978                    22                    22             2.6596219E-05         1.0000000E+30                 0       
 NEXT SEEDS: DA77625       1       0       0       0       0   181CD    3039       0       0
  249999979                    21                    21             2.6596219E-05         1.0000000E+30                 0       
 NEXT SEEDS: DA77629       1       0       0       0       0   181CD    3039       0       0
  249999980                    20                    20             2.6596220E-05         1.0000000E+30                 0       
 NEXT SEEDS: DA7762D       1       0       0       0       0   181CD    3039       0       0
  249999981                    19                    19             2.6596220E-05         1.0000000E+30                 0       
 NEXT SEEDS: DA77631       1       0       0       0       0   181CD    3039       0       0
  249999982                    18                    18             2.6596220E-05         1.0000000E+30                 0       
 NEXT SEEDS: DA77635       1       0       0       0       0   181CD    3039       0       0
  249999983                    17                    17             2.6596222E-05         1.0000000E+30                 0       
 NEXT SEEDS: DA77639       1       0       0       0       0   181CD    3039       0       0
  249999984                    16                    16             2.6596222E-05         1.0000000E+30                 0       
 NEXT SEEDS: DA7763D       1       0       0       0       0   181CD    3039       0       0
  249999985                    15                    15             2.6596222E-05         1.0000000E+30                 0       
 NEXT SEEDS: DA77641       1       0       0       0       0   181CD    3039       0       0
  249999986                    14                    14             2.6596224E-05         1.0000000E+30                 0       
 NEXT SEEDS: DA77645       1       0       0       0       0   181CD    3039       0       0
  249999987                    13                    13             2.6596224E-05         1.0000000E+30                 0       
 NEXT SEEDS: DA77649       1       0       0       0       0   181CD    3039       0       0
  249999988                    12                    12             2.6596223E-05         1.0000000E+30                 0       
 NEXT SEEDS: DA7764D       1       0       0       0       0   181CD    3039       0       0
  249999989                    11                    11             2.6596225E-05         1.0000000E+30                 0       
 NEXT SEEDS: DA77651       1       0       0       0       0   181CD    3039       0       0
  249999990                    10                    10             2.6596227E-05         1.0000000E+30                 0       
 NEXT SEEDS: DA77655       1       0       0       0       0   181CD    3039       0       0
  249999991                     9                     9             2.6596227E-05         1.0000000E+30                 0       
 NEXT SEEDS: DA77659       1       0       0       0       0   181CD    3039       0       0
  249999992                     8                     8             2.6596227E-05         1.0000000E+30                 0       
 NEXT SEEDS: DA7765D       1       0       0       0       0   181CD    3039       0       0
  249999993                     7                     7             2.6596229E-05         1.0000000E+30                 0       
 NEXT SEEDS: DA77661       1       0       0       0       0   181CD    3039       0       0
  249999994                     6                     6             2.6596229E-05         1.0000000E+30                 0       
 NEXT SEEDS: DA77665       1       0       0       0       0   181CD    3039       0       0
  249999995                     5                     5             2.6596229E-05         1.0000000E+30                 0       
 NEXT SEEDS: DA77669       1       0       0       0       0   181CD    3039       0       0
  249999996                     4                     4             2.6596230E-05         1.0000000E+30                 0       
 NEXT SEEDS: DA7766D       1       0       0       0       0   181CD    3039       0       0
  249999997                     3                     3             2.6596230E-05         1.0000000E+30                 0       
 NEXT SEEDS: DA77671       1       0       0       0       0   181CD    3039       0       0
  249999998                     2                     2             2.6596230E-05         1.0000000E+30                 0       
 NEXT SEEDS: DA77675       1       0       0       0       0   181CD    3039       0       0
  249999999                     1                     1             2.6596232E-05         1.0000000E+30                 0       
 NEXT SEEDS: DA77679       1       0       0       0       0   181CD    3039       0       0
  250000000                     0                     1             2.6596232E-05         1.0000000E+30                 0       
 NEXT SEEDS: DA7767D       1       0       0       0       0   181CD    3039       0       0
