1NUMBER OF BEAM       NUMBER OF BEAM        APPROXIMATE NUMBER    AVERAGE TIME USED     TIME LEFT (RESERVED   NUMBER OF STARS
 PARTICLES HANDLED    PARTICLES LEFT        OF BEAM PARTICLES     BY A BEAM PARTICLE     10000.0 SECONDS      CREATED
                                            THAT CAN STILL BE                           FOR PRINTOUT)
                                            HANDLED

 NEXT SEEDS:       0       0       0       0       0       0   181CD    3039       0       0
          1             249999999             249999999             7.7009201E-05         1.0000000E+30                 0       
 NEXT SEEDS:       4       0       0       0       0       0   181CD    3039       0       0
    5000000             245000000             245000000             2.9760930E-05         1.0000000E+30                 0       
 NEXT SEEDS: 1773B75       0       0       0       0       0   181CD    3039       0       0
   10000000             240000000             240000000             2.9766152E-05         1.0000000E+30                 0       
 NEXT SEEDS: 2EE5167       0       0       0       0       0   181CD    3039       0       0
   15000000             235000000             235000000             2.9795224E-05         1.0000000E+30                 0       
 NEXT SEEDS: 465BFEE       0       0       0       0       0   181CD    3039       0       0
   20000000             230000000             230000000             2.9805462E-05         1.0000000E+30                 0       
 NEXT SEEDS: 5DCD29A       0       0       0       0       0   181CD    3039       0       0
   25000000             225000000             225000000             2.9811484E-05         1.0000000E+30                 0       
 NEXT SEEDS: 753CD56       0       0       0       0       0   181CD    3039       0       0
   30000000             220000000             220000000             2.9803755E-05         1.0000000E+30                 0       
 NEXT SEEDS: 8CACA42       0       0       0       0       0   181CD    3039       0       0
   35000000             215000000             215000000             2.9802218E-05         1.0000000E+30                 0       
 NEXT SEEDS: A41BE72       0       0       0       0       0   181CD    3039       0       0
   40000000             210000000             210000000             2.9804620E-05         1.0000000E+30                 0       
 NEXT SEEDS: BB8ED30       0       0       0       0       0   181CD    3039       0       0
   45000000             205000000             205000000             2.9805916E-05         1.0000000E+30                 0       
 NEXT SEEDS: D302875       0       0       0       0       0   181CD    3039       0       0
   50000000             200000000             200000000             2.9815002E-05         1.0000000E+30                 0       
 NEXT SEEDS: EA739F6       0       0       0       0       0   181CD    3039       0       0
   55000000             195000000             195000000             2.9816610E-05         1.0000000E+30                 0       
 NEXT SEEDS:101E35A9       0       0       0       0       0   181CD    3039       0       0
   60000000             190000000             190000000             2.9816955E-05         1.0000000E+30                 0       
 NEXT SEEDS:11955D3D       0       0       0       0       0   181CD    3039       0       0
   65000000             185000000             185000000             2.9821631E-05         1.0000000E+30                 0       
 NEXT SEEDS:130C7106       0       0       0       0       0   181CD    3039       0       0
   70000000             180000000             180000000             2.9818556E-05         1.0000000E+30                 0       
 NEXT SEEDS:1483739F       0       0       0       0       0   181CD    3039       0       0
   75000000             175000000             175000000             2.9822166E-05         1.0000000E+30                 0       
 NEXT SEEDS:15FABBD0       0       0       0       0       0   181CD    3039       0       0
   80000000             170000000             170000000             2.9821925E-05         1.0000000E+30                 0       
 NEXT SEEDS:1771A853       0       0       0       0       0   181CD    3039       0       0
  *** Emfgeo: Ncoun  2000000000
   85000000             165000000             165000000             2.9819972E-05         1.0000000E+30                 0       
 NEXT SEEDS:18E90745       0       0       0       0       0   181CD    3039       0       0
   90000000             160000000             160000000             2.9819888E-05         1.0000000E+30                 0       
 NEXT SEEDS:1A6012BA       0       0       0       0       0   181CD    3039       0       0
   95000000             155000000             155000000             2.9818312E-05         1.0000000E+30                 0       
 NEXT SEEDS:1BD71B1D       0       0       0       0       0   181CD    3039       0       0
  100000000             150000000             150000000             2.9816315E-05         1.0000000E+30                 0       
 NEXT SEEDS:1D4E6A7C       0       0       0       0       0   181CD    3039       0       0
  105000000             145000000             145000000             2.9815377E-05         1.0000000E+30                 0       
 NEXT SEEDS:1EC58CE8       0       0       0       0       0   181CD    3039       0       0
  110000000             140000000             140000000             2.9809724E-05         1.0000000E+30                 0       
 NEXT SEEDS:203C824A       0       0       0       0       0   181CD    3039       0       0
  115000000             135000000             135000000             2.9810522E-05         1.0000000E+30                 0       
 NEXT SEEDS:21B3996B       0       0       0       0       0   181CD    3039       0       0
  120000000             130000000             130000000             2.9809189E-05         1.0000000E+30                 0       
 NEXT SEEDS:232A9D74       0       0       0       0       0   181CD    3039       0       0
  125000000             125000000             125000000             2.9805981E-05         1.0000000E+30                 0       
 NEXT SEEDS:24A1841B       0       0       0       0       0   181CD    3039       0       0
  130000000             120000000             120000000             2.9805413E-05         1.0000000E+30                 0       
 NEXT SEEDS:26188AC9       0       0       0       0       0   181CD    3039       0       0
  135000000             115000000             115000000             2.9803498E-05         1.0000000E+30                 0       
 NEXT SEEDS:278FC764       0       0       0       0       0   181CD    3039       0       0
  140000000             110000000             110000000             2.9803030E-05         1.0000000E+30                 0       
 NEXT SEEDS:2906B3D7       0       0       0       0       0   181CD    3039       0       0
  145000000             105000000             105000000             2.9803680E-05         1.0000000E+30                 0       
 NEXT SEEDS:2A7DCEE4       0       0       0       0       0   181CD    3039       0       0
  150000000             100000000             100000000             2.9804869E-05         1.0000000E+30                 0       
 NEXT SEEDS:2BF502F6       0       0       0       0       0   181CD    3039       0       0
  155000000              95000000              95000000             2.9804016E-05         1.0000000E+30                 0       
 NEXT SEEDS:2D6C266A       0       0       0       0       0   181CD    3039       0       0
  160000000              90000000              90000000             2.9804568E-05         1.0000000E+30                 0       
 NEXT SEEDS:2EE33757       0       0       0       0       0   181CD    3039       0       0
  *** Emfgeo: Ncoun  2000000000
  165000000              85000000              85000000             2.9803846E-05         1.0000000E+30                 0       
 NEXT SEEDS:305A6919       0       0       0       0       0   181CD    3039       0       0
  170000000              80000000              80000000             2.9804023E-05         1.0000000E+30                 0       
 NEXT SEEDS:31D18904       0       0       0       0       0   181CD    3039       0       0
  175000000              75000000              75000000             2.9803576E-05         1.0000000E+30                 0       
 NEXT SEEDS:3348B798       0       0       0       0       0   181CD    3039       0       0
  180000000              70000000              70000000             2.9803743E-05         1.0000000E+30                 0       
 NEXT SEEDS:34BFE2C2       0       0       0       0       0   181CD    3039       0       0
  185000000              65000000              65000000             2.9802763E-05         1.0000000E+30                 0       
 NEXT SEEDS:3636CC09       0       0       0       0       0   181CD    3039       0       0
  190000000              60000000              60000000             2.9802132E-05         1.0000000E+30                 0       
 NEXT SEEDS:37ADB857       0       0       0       0       0   181CD    3039       0       0
  195000000              55000000              55000000             2.9802063E-05         1.0000000E+30                 0       
 NEXT SEEDS:3924D3FB       0       0       0       0       0   181CD    3039       0       0
  200000000              50000000              50000000             2.9799804E-05         1.0000000E+30                 0       
 NEXT SEEDS:3A9BBC67       0       0       0       0       0   181CD    3039       0       0
  205000000              45000000              45000000             2.9799902E-05         1.0000000E+30                 0       
 NEXT SEEDS:  77F8D7       1       0       0       0       0   181CD    3039       0       0
  210000000              40000000              40000000             2.9803278E-05         1.0000000E+30                 0       
 NEXT SEEDS: 1EF34C8       1       0       0       0       0   181CD    3039       0       0
  215000000              35000000              35000000             2.9803331E-05         1.0000000E+30                 0       
 NEXT SEEDS: 3665882       1       0       0       0       0   181CD    3039       0       0
  220000000              30000000              30000000             2.9802772E-05         1.0000000E+30                 0       
 NEXT SEEDS: 4DDA6BA       1       0       0       0       0   181CD    3039       0       0
  225000000              25000000              25000000             2.9801412E-05         1.0000000E+30                 0       
 NEXT SEEDS: 654B2CD       1       0       0       0       0   181CD    3039       0       0
  230000000              20000000              20000000             2.9801318E-05         1.0000000E+30                 0       
 NEXT SEEDS: 7CBDBDD       1       0       0       0       0   181CD    3039       0       0
  235000000              15000000              15000000             2.9801628E-05         1.0000000E+30                 0       
 NEXT SEEDS: 942B588       1       0       0       0       0   181CD    3039       0       0
  240000000              10000000              10000000             2.9801597E-05         1.0000000E+30                 0       
 NEXT SEEDS: AB9BCEE       1       0       0       0       0   181CD    3039       0       0
  *** Emfgeo: Ncoun  2000000000
  245000000               5000000               5000000             2.9801837E-05         1.0000000E+30                 0       
 NEXT SEEDS: C30CBA6       1       0       0       0       0   181CD    3039       0       0
  249999950                    50                    50             2.9801289E-05         1.0000000E+30                 0       
 NEXT SEEDS: DA7E919       1       0       0       0       0   181CD    3039       0       0
  249999951                    49                    49             2.9801289E-05         1.0000000E+30                 0       
 NEXT SEEDS: DA7E91D       1       0       0       0       0   181CD    3039       0       0
  249999952                    48                    48             2.9801288E-05         1.0000000E+30                 0       
 NEXT SEEDS: DA7E921       1       0       0       0       0   181CD    3039       0       0
  249999953                    47                    47             2.9801288E-05         1.0000000E+30                 0       
 NEXT SEEDS: DA7E925       1       0       0       0       0   181CD    3039       0       0
  249999954                    46                    46             2.9801288E-05         1.0000000E+30                 0       
 NEXT SEEDS: DA7E92B       1       0       0       0       0   181CD    3039       0       0
  249999955                    45                    45             2.9801288E-05         1.0000000E+30                 0       
 NEXT SEEDS: DA7E92F       1       0       0       0       0   181CD    3039       0       0
  249999956                    44                    44             2.9801288E-05         1.0000000E+30                 0       
 NEXT SEEDS: DA7E933       1       0       0       0       0   181CD    3039       0       0
  249999957                    43                    43             2.9801288E-05         1.0000000E+30                 0       
 NEXT SEEDS: DA7E937       1       0       0       0       0   181CD    3039       0       0
  249999958                    42                    42             2.9801288E-05         1.0000000E+30                 0       
 NEXT SEEDS: DA7E93B       1       0       0       0       0   181CD    3039       0       0
  249999959                    41                    41             2.9801288E-05         1.0000000E+30                 0       
 NEXT SEEDS: DA7E93F       1       0       0       0       0   181CD    3039       0       0
  249999960                    40                    40             2.9801287E-05         1.0000000E+30                 0       
 NEXT SEEDS: DA7E943       1       0       0       0       0   181CD    3039       0       0
  249999961                    39                    39             2.9801287E-05         1.0000000E+30                 0       
 NEXT SEEDS: DA7E947       1       0       0       0       0   181CD    3039       0       0
  249999962                    38                    38             2.9801287E-05         1.0000000E+30                 0       
 NEXT SEEDS: DA7E94B       1       0       0       0       0   181CD    3039       0       0
  249999963                    37                    37             2.9801287E-05         1.0000000E+30                 0       
 NEXT SEEDS: DA7E956       1       0       0       0       0   181CD    3039       0       0
  249999964                    36                    36             2.9801287E-05         1.0000000E+30                 0       
 NEXT SEEDS: DA7E95A       1       0       0       0       0   181CD    3039       0       0
  249999965                    35                    35             2.9801287E-05         1.0000000E+30                 0       
 NEXT SEEDS: DA7E95E       1       0       0       0       0   181CD    3039       0       0
  249999966                    34                    34             2.9801287E-05         1.0000000E+30                 0       
 NEXT SEEDS: DA7E964       1       0       0       0       0   181CD    3039       0       0
  249999967                    33                    33             2.9801287E-05         1.0000000E+30                 0       
 NEXT SEEDS: DA7E968       1       0       0       0       0   181CD    3039       0       0
  249999968                    32                    32             2.9801286E-05         1.0000000E+30                 0       
 NEXT SEEDS: DA7E96C       1       0       0       0       0   181CD    3039       0       0
  249999969                    31                    31             2.9801286E-05         1.0000000E+30                 0       
 NEXT SEEDS: DA7E970       1       0       0       0       0   181CD    3039       0       0
  249999970                    30                    30             2.9801286E-05         1.0000000E+30                 0       
 NEXT SEEDS: DA7E974       1       0       0       0       0   181CD    3039       0       0
  249999971                    29                    29             2.9801286E-05         1.0000000E+30                 0       
 NEXT SEEDS: DA7E978       1       0       0       0       0   181CD    3039       0       0
  249999972                    28                    28             2.9801286E-05         1.0000000E+30                 0       
 NEXT SEEDS: DA7E97C       1       0       0       0       0   181CD    3039       0       0
  249999973                    27                    27             2.9801288E-05         1.0000000E+30                 0       
 NEXT SEEDS: DA7E980       1       0       0       0       0   181CD    3039       0       0
  249999974                    26                    26             2.9801288E-05         1.0000000E+30                 0       
 NEXT SEEDS: DA7E984       1       0       0       0       0   181CD    3039       0       0
  249999975                    25                    25             2.9801290E-05         1.0000000E+30                 0       
 NEXT SEEDS: DA7E988       1       0       0       0       0   181CD    3039       0       0
  249999976                    24                    24             2.9801289E-05         1.0000000E+30                 0       
 NEXT SEEDS: DA7E98C       1       0       0       0       0   181CD    3039       0       0
  249999977                    23                    23             2.9801289E-05         1.0000000E+30                 0       
 NEXT SEEDS: DA7E990       1       0       0       0       0   181CD    3039       0       0
  249999978                    22                    22             2.9801291E-05         1.0000000E+30                 0       
 NEXT SEEDS: DA7E994       1       0       0       0       0   181CD    3039       0       0
  249999979                    21                    21             2.9801291E-05         1.0000000E+30                 0       
 NEXT SEEDS: DA7E998       1       0       0       0       0   181CD    3039       0       0
  249999980                    20                    20             2.9801291E-05         1.0000000E+30                 0       
 NEXT SEEDS: DA7E99C       1       0       0       0       0   181CD    3039       0       0
  249999981                    19                    19             2.9801293E-05         1.0000000E+30                 0       
 NEXT SEEDS: DA7E9A0       1       0       0       0       0   181CD    3039       0       0
  249999982                    18                    18             2.9801293E-05         1.0000000E+30                 0       
 NEXT SEEDS: DA7E9A4       1       0       0       0       0   181CD    3039       0       0
  249999983                    17                    17             2.9801293E-05         1.0000000E+30                 0       
 NEXT SEEDS: DA7E9A8       1       0       0       0       0   181CD    3039       0       0
  249999984                    16                    16             2.9801292E-05         1.0000000E+30                 0       
 NEXT SEEDS: DA7E9AC       1       0       0       0       0   181CD    3039       0       0
  249999985                    15                    15             2.9801292E-05         1.0000000E+30                 0       
 NEXT SEEDS: DA7E9B0       1       0       0       0       0   181CD    3039       0       0
  249999986                    14                    14             2.9801292E-05         1.0000000E+30                 0       
 NEXT SEEDS: DA7E9B6       1       0       0       0       0   181CD    3039       0       0
  249999987                    13                    13             2.9801292E-05         1.0000000E+30                 0       
 NEXT SEEDS: DA7E9BA       1       0       0       0       0   181CD    3039       0       0
  249999988                    12                    12             2.9801294E-05         1.0000000E+30                 0       
 NEXT SEEDS: DA7E9BE       1       0       0       0       0   181CD    3039       0       0
  249999989                    11                    11             2.9801294E-05         1.0000000E+30                 0       
 NEXT SEEDS: DA7E9C2       1       0       0       0       0   181CD    3039       0       0
  249999990                    10                    10             2.9801294E-05         1.0000000E+30                 0       
 NEXT SEEDS: DA7E9C6       1       0       0       0       0   181CD    3039       0       0
  249999991                     9                     9             2.9801295E-05         1.0000000E+30                 0       
 NEXT SEEDS: DA7E9CA       1       0       0       0       0   181CD    3039       0       0
  249999992                     8                     8             2.9801295E-05         1.0000000E+30                 0       
 NEXT SEEDS: DA7E9CE       1       0       0       0       0   181CD    3039       0       0
  249999993                     7                     7             2.9801295E-05         1.0000000E+30                 0       
 NEXT SEEDS: DA7E9D2       1       0       0       0       0   181CD    3039       0       0
  249999994                     6                     6             2.9801297E-05         1.0000000E+30                 0       
 NEXT SEEDS: DA7E9D6       1       0       0       0       0   181CD    3039       0       0
  249999995                     5                     5             2.9801297E-05         1.0000000E+30                 0       
 NEXT SEEDS: DA7E9DA       1       0       0       0       0   181CD    3039       0       0
  249999996                     4                     4             2.9801299E-05         1.0000000E+30                 0       
 NEXT SEEDS: DA7E9DE       1       0       0       0       0   181CD    3039       0       0
  249999997                     3                     3             2.9801299E-05         1.0000000E+30                 0       
 NEXT SEEDS: DA7E9E2       1       0       0       0       0   181CD    3039       0       0
  249999998                     2                     2             2.9801299E-05         1.0000000E+30                 0       
 NEXT SEEDS: DA7E9E6       1       0       0       0       0   181CD    3039       0       0
  249999999                     1                     1             2.9801300E-05         1.0000000E+30                 0       
 NEXT SEEDS: DA7E9EA       1       0       0       0       0   181CD    3039       0       0
  250000000                     0                     1             2.9801300E-05         1.0000000E+30                 0       
 NEXT SEEDS: DA7E9F0       1       0       0       0       0   181CD    3039       0       0
