1NUMBER OF BEAM       NUMBER OF BEAM        APPROXIMATE NUMBER    AVERAGE TIME USED     TIME LEFT (RESERVED   NUMBER OF STARS
 PARTICLES HANDLED    PARTICLES LEFT        OF BEAM PARTICLES     BY A BEAM PARTICLE     10000.0 SECONDS      CREATED
                                            THAT CAN STILL BE                           FOR PRINTOUT)
                                            HANDLED

 NEXT SEEDS:       0       0       0       0       0       0   181CD    3039       0       0
          1             249999999             249999999             8.2969666E-05         1.0000000E+30                 0       
 NEXT SEEDS:       4       0       0       0       0       0   181CD    3039       0       0
    5000000             245000000             245000000             2.7882443E-05         1.0000000E+30                 0       
 NEXT SEEDS: 176CBF7       0       0       0       0       0   181CD    3039       0       0
   10000000             240000000             240000000             2.7907344E-05         1.0000000E+30                 0       
 NEXT SEEDS: 2EDE659       0       0       0       0       0   181CD    3039       0       0
   15000000             235000000             235000000             2.7914049E-05         1.0000000E+30                 0       
 NEXT SEEDS: 46502C0       0       0       0       0       0   181CD    3039       0       0
   20000000             230000000             230000000             2.7904658E-05         1.0000000E+30                 0       
 NEXT SEEDS: 5DBFEEA       0       0       0       0       0   181CD    3039       0       0
   25000000             225000000             225000000             2.7899866E-05         1.0000000E+30                 0       
 NEXT SEEDS: 75353A4       0       0       0       0       0   181CD    3039       0       0
   30000000             220000000             220000000             2.7904804E-05         1.0000000E+30                 0       
 NEXT SEEDS: 8CA823A       0       0       0       0       0   181CD    3039       0       0
   35000000             215000000             215000000             2.7907452E-05         1.0000000E+30                 0       
 NEXT SEEDS: A41BF02       0       0       0       0       0   181CD    3039       0       0
   40000000             210000000             210000000             2.7908315E-05         1.0000000E+30                 0       
 NEXT SEEDS: BB8F0C5       0       0       0       0       0   181CD    3039       0       0
   45000000             205000000             205000000             2.7913234E-05         1.0000000E+30                 0       
 NEXT SEEDS: D302D6F       0       0       0       0       0   181CD    3039       0       0
   50000000             200000000             200000000             2.7916232E-05         1.0000000E+30                 0       
 NEXT SEEDS: EA778C8       0       0       0       0       0   181CD    3039       0       0
   55000000             195000000             195000000             2.7919384E-05         1.0000000E+30                 0       
 NEXT SEEDS:101E9FE3       0       0       0       0       0   181CD    3039       0       0
   60000000             190000000             190000000             2.7924371E-05         1.0000000E+30                 0       
 NEXT SEEDS:1195EB41       0       0       0       0       0   181CD    3039       0       0
   65000000             185000000             185000000             2.7923955E-05         1.0000000E+30                 0       
 NEXT SEEDS:130D371D       0       0       0       0       0   181CD    3039       0       0
   70000000             180000000             180000000             2.7926112E-05         1.0000000E+30                 0       
 NEXT SEEDS:1484762A       0       0       0       0       0   181CD    3039       0       0
   75000000             175000000             175000000             2.7925364E-05         1.0000000E+30                 0       
 NEXT SEEDS:15FB8235       0       0       0       0       0   181CD    3039       0       0
   80000000             170000000             170000000             2.7920629E-05         1.0000000E+30                 0       
 NEXT SEEDS:17724D04       0       0       0       0       0   181CD    3039       0       0
  *** Emfgeo: Ncoun  2000000000
   85000000             165000000             165000000             2.7920016E-05         1.0000000E+30                 0       
 NEXT SEEDS:18E93CF3       0       0       0       0       0   181CD    3039       0       0
   90000000             160000000             160000000             2.7917852E-05         1.0000000E+30                 0       
 NEXT SEEDS:1A60411D       0       0       0       0       0   181CD    3039       0       0
   95000000             155000000             155000000             2.7919528E-05         1.0000000E+30                 0       
 NEXT SEEDS:1BD7217E       0       0       0       0       0   181CD    3039       0       0
  100000000             150000000             150000000             2.7919709E-05         1.0000000E+30                 0       
 NEXT SEEDS:1D4E3149       0       0       0       0       0   181CD    3039       0       0
  105000000             145000000             145000000             2.7921761E-05         1.0000000E+30                 0       
 NEXT SEEDS:1EC540DE       0       0       0       0       0   181CD    3039       0       0
  110000000             140000000             140000000             2.7923897E-05         1.0000000E+30                 0       
 NEXT SEEDS:203C6599       0       0       0       0       0   181CD    3039       0       0
  115000000             135000000             135000000             2.7921590E-05         1.0000000E+30                 0       
 NEXT SEEDS:21B36FEC       0       0       0       0       0   181CD    3039       0       0
  120000000             130000000             130000000             2.7920398E-05         1.0000000E+30                 0       
 NEXT SEEDS:232A76F8       0       0       0       0       0   181CD    3039       0       0
  125000000             125000000             125000000             2.7920089E-05         1.0000000E+30                 0       
 NEXT SEEDS:24A18596       0       0       0       0       0   181CD    3039       0       0
  130000000             120000000             120000000             2.7920265E-05         1.0000000E+30                 0       
 NEXT SEEDS:261869FC       0       0       0       0       0   181CD    3039       0       0
  135000000             115000000             115000000             2.7922334E-05         1.0000000E+30                 0       
 NEXT SEEDS:278F684C       0       0       0       0       0   181CD    3039       0       0
  140000000             110000000             110000000             2.7925022E-05         1.0000000E+30                 0       
 NEXT SEEDS:2906BC18       0       0       0       0       0   181CD    3039       0       0
  145000000             105000000             105000000             2.7924367E-05         1.0000000E+30                 0       
 NEXT SEEDS:2A7DCCAB       0       0       0       0       0   181CD    3039       0       0
  150000000             100000000             100000000             2.7924803E-05         1.0000000E+30                 0       
 NEXT SEEDS:2BF4DBEF       0       0       0       0       0   181CD    3039       0       0
  155000000              95000000              95000000             2.7924365E-05         1.0000000E+30                 0       
 NEXT SEEDS:2D6BFB65       0       0       0       0       0   181CD    3039       0       0
  160000000              90000000              90000000             2.7924418E-05         1.0000000E+30                 0       
 NEXT SEEDS:2EE2FB0E       0       0       0       0       0   181CD    3039       0       0
  *** Emfgeo: Ncoun  2000000000
  165000000              85000000              85000000             2.7924303E-05         1.0000000E+30                 0       
 NEXT SEEDS:305A149B       0       0       0       0       0   181CD    3039       0       0
  170000000              80000000              80000000             2.7924797E-05         1.0000000E+30                 0       
 NEXT SEEDS:31D10C64       0       0       0       0       0   181CD    3039       0       0
  175000000              75000000              75000000             2.7925445E-05         1.0000000E+30                 0       
 NEXT SEEDS:3347E244       0       0       0       0       0   181CD    3039       0       0
  180000000              70000000              70000000             2.7925479E-05         1.0000000E+30                 0       
 NEXT SEEDS:34BEC8C9       0       0       0       0       0   181CD    3039       0       0
  185000000              65000000              65000000             2.7927588E-05         1.0000000E+30                 0       
 NEXT SEEDS:36360274       0       0       0       0       0   181CD    3039       0       0
  190000000              60000000              60000000             2.7930223E-05         1.0000000E+30                 0       
 NEXT SEEDS:37ACD7E3       0       0       0       0       0   181CD    3039       0       0
  195000000              55000000              55000000             2.7931607E-05         1.0000000E+30                 0       
 NEXT SEEDS:39243069       0       0       0       0       0   181CD    3039       0       0
  200000000              50000000              50000000             2.7930633E-05         1.0000000E+30                 0       
 NEXT SEEDS:3A9B5974       0       0       0       0       0   181CD    3039       0       0
  205000000              45000000              45000000             2.7929417E-05         1.0000000E+30                 0       
 NEXT SEEDS:  7774EC       1       0       0       0       0   181CD    3039       0       0
  210000000              40000000              40000000             2.7928547E-05         1.0000000E+30                 0       
 NEXT SEEDS: 1EE92D3       1       0       0       0       0   181CD    3039       0       0
  215000000              35000000              35000000             2.7928932E-05         1.0000000E+30                 0       
 NEXT SEEDS: 365B30D       1       0       0       0       0   181CD    3039       0       0
  220000000              30000000              30000000             2.7928352E-05         1.0000000E+30                 0       
 NEXT SEEDS: 4DCD264       1       0       0       0       0   181CD    3039       0       0
  225000000              25000000              25000000             2.7927976E-05         1.0000000E+30                 0       
 NEXT SEEDS: 653DB54       1       0       0       0       0   181CD    3039       0       0
  230000000              20000000              20000000             2.7934499E-05         1.0000000E+30                 0       
 NEXT SEEDS: 7CAFFDC       1       0       0       0       0   181CD    3039       0       0
  235000000              15000000              15000000             2.7935051E-05         1.0000000E+30                 0       
 NEXT SEEDS: 9420D50       1       0       0       0       0   181CD    3039       0       0
  240000000              10000000              10000000             2.7933814E-05         1.0000000E+30                 0       
 NEXT SEEDS: AB8FC7B       1       0       0       0       0   181CD    3039       0       0
  *** Emfgeo: Ncoun  2000000000
  245000000               5000000               5000000             2.7932626E-05         1.0000000E+30                 0       
 NEXT SEEDS: C2FF89B       1       0       0       0       0   181CD    3039       0       0
  249999950                    50                    50             2.7933303E-05         1.0000000E+30                 0       
 NEXT SEEDS: DA7319D       1       0       0       0       0   181CD    3039       0       0
  249999951                    49                    49             2.7933305E-05         1.0000000E+30                 0       
 NEXT SEEDS: DA731A3       1       0       0       0       0   181CD    3039       0       0
  249999952                    48                    48             2.7933307E-05         1.0000000E+30                 0       
 NEXT SEEDS: DA731A7       1       0       0       0       0   181CD    3039       0       0
  249999953                    47                    47             2.7933307E-05         1.0000000E+30                 0       
 NEXT SEEDS: DA731AB       1       0       0       0       0   181CD    3039       0       0
  249999954                    46                    46             2.7933307E-05         1.0000000E+30                 0       
 NEXT SEEDS: DA731AF       1       0       0       0       0   181CD    3039       0       0
  249999955                    45                    45             2.7933307E-05         1.0000000E+30                 0       
 NEXT SEEDS: DA731B3       1       0       0       0       0   181CD    3039       0       0
  249999956                    44                    44             2.7933306E-05         1.0000000E+30                 0       
 NEXT SEEDS: DA731B7       1       0       0       0       0   181CD    3039       0       0
  249999957                    43                    43             2.7933306E-05         1.0000000E+30                 0       
 NEXT SEEDS: DA731BB       1       0       0       0       0   181CD    3039       0       0
  249999958                    42                    42             2.7933306E-05         1.0000000E+30                 0       
 NEXT SEEDS: DA731BF       1       0       0       0       0   181CD    3039       0       0
  249999959                    41                    41             2.7933306E-05         1.0000000E+30                 0       
 NEXT SEEDS: DA731C3       1       0       0       0       0   181CD    3039       0       0
  249999960                    40                    40             2.7933308E-05         1.0000000E+30                 0       
 NEXT SEEDS: DA731C7       1       0       0       0       0   181CD    3039       0       0
  249999961                    39                    39             2.7933308E-05         1.0000000E+30                 0       
 NEXT SEEDS: DA731CB       1       0       0       0       0   181CD    3039       0       0
  249999962                    38                    38             2.7933310E-05         1.0000000E+30                 0       
 NEXT SEEDS: DA731CF       1       0       0       0       0   181CD    3039       0       0
  249999963                    37                    37             2.7933310E-05         1.0000000E+30                 0       
 NEXT SEEDS: DA731D3       1       0       0       0       0   181CD    3039       0       0
  249999964                    36                    36             2.7933310E-05         1.0000000E+30                 0       
 NEXT SEEDS: DA731D7       1       0       0       0       0   181CD    3039       0       0
  249999965                    35                    35             2.7933309E-05         1.0000000E+30                 0       
 NEXT SEEDS: DA731DB       1       0       0       0       0   181CD    3039       0       0
  249999966                    34                    34             2.7933309E-05         1.0000000E+30                 0       
 NEXT SEEDS: DA731DF       1       0       0       0       0   181CD    3039       0       0
  249999967                    33                    33             2.7933309E-05         1.0000000E+30                 0       
 NEXT SEEDS: DA731E3       1       0       0       0       0   181CD    3039       0       0
  249999968                    32                    32             2.7933309E-05         1.0000000E+30                 0       
 NEXT SEEDS: DA731E7       1       0       0       0       0   181CD    3039       0       0
  249999969                    31                    31             2.7933309E-05         1.0000000E+30                 0       
 NEXT SEEDS: DA731EB       1       0       0       0       0   181CD    3039       0       0
  249999970                    30                    30             2.7933311E-05         1.0000000E+30                 0       
 NEXT SEEDS: DA731EF       1       0       0       0       0   181CD    3039       0       0
  249999971                    29                    29             2.7933311E-05         1.0000000E+30                 0       
 NEXT SEEDS: DA731F3       1       0       0       0       0   181CD    3039       0       0
  249999972                    28                    28             2.7933313E-05         1.0000000E+30                 0       
 NEXT SEEDS: DA73205       1       0       0       0       0   181CD    3039       0       0
  249999973                    27                    27             2.7933312E-05         1.0000000E+30                 0       
 NEXT SEEDS: DA7320F       1       0       0       0       0   181CD    3039       0       0
  249999974                    26                    26             2.7933314E-05         1.0000000E+30                 0       
 NEXT SEEDS: DA73215       1       0       0       0       0   181CD    3039       0       0
  249999975                    25                    25             2.7933316E-05         1.0000000E+30                 0       
 NEXT SEEDS: DA73219       1       0       0       0       0   181CD    3039       0       0
  249999976                    24                    24             2.7933316E-05         1.0000000E+30                 0       
 NEXT SEEDS: DA7321D       1       0       0       0       0   181CD    3039       0       0
  249999977                    23                    23             2.7933318E-05         1.0000000E+30                 0       
 NEXT SEEDS: DA73223       1       0       0       0       0   181CD    3039       0       0
  249999978                    22                    22             2.7933318E-05         1.0000000E+30                 0       
 NEXT SEEDS: DA73227       1       0       0       0       0   181CD    3039       0       0
  249999979                    21                    21             2.7933318E-05         1.0000000E+30                 0       
 NEXT SEEDS: DA7322B       1       0       0       0       0   181CD    3039       0       0
  249999980                    20                    20             2.7933319E-05         1.0000000E+30                 0       
 NEXT SEEDS: DA7322F       1       0       0       0       0   181CD    3039       0       0
  249999981                    19                    19             2.7933319E-05         1.0000000E+30                 0       
 NEXT SEEDS: DA73233       1       0       0       0       0   181CD    3039       0       0
  249999982                    18                    18             2.7933321E-05         1.0000000E+30                 0       
 NEXT SEEDS: DA7323F       1       0       0       0       0   181CD    3039       0       0
  249999983                    17                    17             2.7933321E-05         1.0000000E+30                 0       
 NEXT SEEDS: DA73243       1       0       0       0       0   181CD    3039       0       0
  249999984                    16                    16             2.7933323E-05         1.0000000E+30                 0       
 NEXT SEEDS: DA73247       1       0       0       0       0   181CD    3039       0       0
  249999985                    15                    15             2.7933323E-05         1.0000000E+30                 0       
 NEXT SEEDS: DA7324B       1       0       0       0       0   181CD    3039       0       0
  249999986                    14                    14             2.7933323E-05         1.0000000E+30                 0       
 NEXT SEEDS: DA7324F       1       0       0       0       0   181CD    3039       0       0
  249999987                    13                    13             2.7933325E-05         1.0000000E+30                 0       
 NEXT SEEDS: DA73253       1       0       0       0       0   181CD    3039       0       0
  249999988                    12                    12             2.7933324E-05         1.0000000E+30                 0       
 NEXT SEEDS: DA73257       1       0       0       0       0   181CD    3039       0       0
  249999989                    11                    11             2.7933326E-05         1.0000000E+30                 0       
 NEXT SEEDS: DA7325B       1       0       0       0       0   181CD    3039       0       0
  249999990                    10                    10             2.7933326E-05         1.0000000E+30                 0       
 NEXT SEEDS: DA7325F       1       0       0       0       0   181CD    3039       0       0
  249999991                     9                     9             2.7933326E-05         1.0000000E+30                 0       
 NEXT SEEDS: DA73263       1       0       0       0       0   181CD    3039       0       0
  249999992                     8                     8             2.7933326E-05         1.0000000E+30                 0       
 NEXT SEEDS: DA73267       1       0       0       0       0   181CD    3039       0       0
  249999993                     7                     7             2.7933326E-05         1.0000000E+30                 0       
 NEXT SEEDS: DA7326B       1       0       0       0       0   181CD    3039       0       0
  249999994                     6                     6             2.7933326E-05         1.0000000E+30                 0       
 NEXT SEEDS: DA73271       1       0       0       0       0   181CD    3039       0       0
  249999995                     5                     5             2.7933326E-05         1.0000000E+30                 0       
 NEXT SEEDS: DA73275       1       0       0       0       0   181CD    3039       0       0
  249999996                     4                     4             2.7933325E-05         1.0000000E+30                 0       
 NEXT SEEDS: DA73279       1       0       0       0       0   181CD    3039       0       0
  249999997                     3                     3             2.7933325E-05         1.0000000E+30                 0       
 NEXT SEEDS: DA7327D       1       0       0       0       0   181CD    3039       0       0
  249999998                     2                     2             2.7933325E-05         1.0000000E+30                 0       
 NEXT SEEDS: DA73281       1       0       0       0       0   181CD    3039       0       0
  249999999                     1                     1             2.7933325E-05         1.0000000E+30                 0       
 NEXT SEEDS: DA73285       1       0       0       0       0   181CD    3039       0       0
  250000000                     0                     1             2.7933325E-05         1.0000000E+30                 0       
 NEXT SEEDS: DA73289       1       0       0       0       0   181CD    3039       0       0
