1NUMBER OF BEAM       NUMBER OF BEAM        APPROXIMATE NUMBER    AVERAGE TIME USED     TIME LEFT (RESERVED   NUMBER OF STARS
 PARTICLES HANDLED    PARTICLES LEFT        OF BEAM PARTICLES     BY A BEAM PARTICLE     10000.0 SECONDS      CREATED
                                            THAT CAN STILL BE                           FOR PRINTOUT)
                                            HANDLED

 NEXT SEEDS:       0       0       0       0       0       0   181CD    3039       0       0
          1             249999999             249999999             6.4611435E-04         1.0000000E+30                 0       
 NEXT SEEDS:       4       0       0       0       0       0   181CD    3039       0       0
    5000000             245000000             245000000             2.8707554E-05         1.0000000E+30                 0       
 NEXT SEEDS: 176ADC2       0       0       0       0       0   181CD    3039       0       0
   10000000             240000000             240000000             2.8712017E-05         1.0000000E+30                 0       
 NEXT SEEDS: 2ED4D9A       0       0       0       0       0   181CD    3039       0       0
   15000000             235000000             235000000             2.8691052E-05         1.0000000E+30                 0       
 NEXT SEEDS: 4644E70       0       0       0       0       0   181CD    3039       0       0
   20000000             230000000             230000000             2.8649064E-05         1.0000000E+30                 0       
 NEXT SEEDS: 5DB243E       0       0       0       0       0   181CD    3039       0       0
   25000000             225000000             225000000             2.8616812E-05         1.0000000E+30                 0       
 NEXT SEEDS: 7521D3A       0       0       0       0       0   181CD    3039       0       0
   30000000             220000000             220000000             2.8641946E-05         1.0000000E+30                 0       
 NEXT SEEDS: 8C90352       0       0       0       0       0   181CD    3039       0       0
   35000000             215000000             215000000             2.8651260E-05         1.0000000E+30                 0       
 NEXT SEEDS: A3FEA37       0       0       0       0       0   181CD    3039       0       0
   40000000             210000000             210000000             2.8640740E-05         1.0000000E+30                 0       
 NEXT SEEDS: BB6E311       0       0       0       0       0   181CD    3039       0       0
   45000000             205000000             205000000             2.8626884E-05         1.0000000E+30                 0       
 NEXT SEEDS: D2DDD62       0       0       0       0       0   181CD    3039       0       0
  Oepsmp-> sampling gave unphysical tail: Z=           1  shell=           1  Function=           3
  Oepsmp: p_sampled/(alpha x elmass)=   12.939999581151502       p_max/(alpha x elmass)=   10.699999999999999     
   50000000             200000000             200000000             2.8632165E-05         1.0000000E+30                 0       
 NEXT SEEDS: EA496EB       0       0       0       0       0   181CD    3039       0       0
   55000000             195000000             195000000             2.8634361E-05         1.0000000E+30                 0       
 NEXT SEEDS:101B696E       0       0       0       0       0   181CD    3039       0       0
   60000000             190000000             190000000             2.8613926E-05         1.0000000E+30                 0       
 NEXT SEEDS:119235E6       0       0       0       0       0   181CD    3039       0       0
   65000000             185000000             185000000             2.8597748E-05         1.0000000E+30                 0       
 NEXT SEEDS:1308E507       0       0       0       0       0   181CD    3039       0       0
   70000000             180000000             180000000             2.8588710E-05         1.0000000E+30                 0       
 NEXT SEEDS:147FA4C8       0       0       0       0       0   181CD    3039       0       0
   75000000             175000000             175000000             2.8580636E-05         1.0000000E+30                 0       
 NEXT SEEDS:15F68DAE       0       0       0       0       0   181CD    3039       0       0
   80000000             170000000             170000000             2.8593244E-05         1.0000000E+30                 0       
 NEXT SEEDS:176DA669       0       0       0       0       0   181CD    3039       0       0
  *** Emfgeo: Ncoun  2000000000
   85000000             165000000             165000000             2.8601098E-05         1.0000000E+30                 0       
 NEXT SEEDS:18E49EA8       0       0       0       0       0   181CD    3039       0       0
   90000000             160000000             160000000             2.8605600E-05         1.0000000E+30                 0       
 NEXT SEEDS:1A5B75A0       0       0       0       0       0   181CD    3039       0       0
   95000000             155000000             155000000             2.8603015E-05         1.0000000E+30                 0       
 NEXT SEEDS:1BD268CE       0       0       0       0       0   181CD    3039       0       0
  100000000             150000000             150000000             2.8605330E-05         1.0000000E+30                 0       
 NEXT SEEDS:1D4941C4       0       0       0       0       0   181CD    3039       0       0
  105000000             145000000             145000000             2.8611427E-05         1.0000000E+30                 0       
 NEXT SEEDS:1EC0320F       0       0       0       0       0   181CD    3039       0       0
  110000000             140000000             140000000             2.8616285E-05         1.0000000E+30                 0       
 NEXT SEEDS:20373506       0       0       0       0       0   181CD    3039       0       0
  115000000             135000000             135000000             2.8620162E-05         1.0000000E+30                 0       
 NEXT SEEDS:21ADF2D3       0       0       0       0       0   181CD    3039       0       0
  120000000             130000000             130000000             2.8622185E-05         1.0000000E+30                 0       
 NEXT SEEDS:2324CE10       0       0       0       0       0   181CD    3039       0       0
  125000000             125000000             125000000             2.8623430E-05         1.0000000E+30                 0       
 NEXT SEEDS:249BD691       0       0       0       0       0   181CD    3039       0       0
  130000000             120000000             120000000             2.8628732E-05         1.0000000E+30                 0       
 NEXT SEEDS:2612B0A2       0       0       0       0       0   181CD    3039       0       0
  135000000             115000000             115000000             2.8632529E-05         1.0000000E+30                 0       
 NEXT SEEDS:2789C116       0       0       0       0       0   181CD    3039       0       0
  140000000             110000000             110000000             2.8632194E-05         1.0000000E+30                 0       
 NEXT SEEDS:29009BB0       0       0       0       0       0   181CD    3039       0       0
  145000000             105000000             105000000             2.8629636E-05         1.0000000E+30                 0       
 NEXT SEEDS:2A777600       0       0       0       0       0   181CD    3039       0       0
  150000000             100000000             100000000             2.8630979E-05         1.0000000E+30                 0       
 NEXT SEEDS:2BEE7BB4       0       0       0       0       0   181CD    3039       0       0
  155000000              95000000              95000000             2.8632553E-05         1.0000000E+30                 0       
 NEXT SEEDS:2D653892       0       0       0       0       0   181CD    3039       0       0
  160000000              90000000              90000000             2.8629653E-05         1.0000000E+30                 0       
 NEXT SEEDS:2EDC09F1       0       0       0       0       0   181CD    3039       0       0
  *** Emfgeo: Ncoun  2000000000
  165000000              85000000              85000000             2.8629542E-05         1.0000000E+30                 0       
 NEXT SEEDS:30530752       0       0       0       0       0   181CD    3039       0       0
  170000000              80000000              80000000             2.8627860E-05         1.0000000E+30                 0       
 NEXT SEEDS:31CA1777       0       0       0       0       0   181CD    3039       0       0
  175000000              75000000              75000000             2.8631534E-05         1.0000000E+30                 0       
 NEXT SEEDS:33413309       0       0       0       0       0   181CD    3039       0       0
  180000000              70000000              70000000             2.8625694E-05         1.0000000E+30                 0       
 NEXT SEEDS:34B79703       0       0       0       0       0   181CD    3039       0       0
  185000000              65000000              65000000             2.8625429E-05         1.0000000E+30                 0       
 NEXT SEEDS:362E6E3B       0       0       0       0       0   181CD    3039       0       0
  190000000              60000000              60000000             2.8629784E-05         1.0000000E+30                 0       
 NEXT SEEDS:37A57BE8       0       0       0       0       0   181CD    3039       0       0
  195000000              55000000              55000000             2.8631545E-05         1.0000000E+30                 0       
 NEXT SEEDS:391C6718       0       0       0       0       0   181CD    3039       0       0
  200000000              50000000              50000000             2.8632714E-05         1.0000000E+30                 0       
 NEXT SEEDS:3A936468       0       0       0       0       0   181CD    3039       0       0
  205000000              45000000              45000000             2.8632862E-05         1.0000000E+30                 0       
 NEXT SEEDS:  6FA4D8       1       0       0       0       0   181CD    3039       0       0
  210000000              40000000              40000000             2.8634942E-05         1.0000000E+30                 0       
 NEXT SEEDS: 1E6B07F       1       0       0       0       0   181CD    3039       0       0
  215000000              35000000              35000000             2.8636516E-05         1.0000000E+30                 0       
 NEXT SEEDS: 35D90D5       1       0       0       0       0   181CD    3039       0       0
  220000000              30000000              30000000             2.8636995E-05         1.0000000E+30                 0       
 NEXT SEEDS: 4D48953       1       0       0       0       0   181CD    3039       0       0
  225000000              25000000              25000000             2.8636896E-05         1.0000000E+30                 0       
 NEXT SEEDS: 64B8A36       1       0       0       0       0   181CD    3039       0       0
  230000000              20000000              20000000             2.8636444E-05         1.0000000E+30                 0       
 NEXT SEEDS: 7C22E6C       1       0       0       0       0   181CD    3039       0       0
  235000000              15000000              15000000             2.8638131E-05         1.0000000E+30                 0       
 NEXT SEEDS: 9391944       1       0       0       0       0   181CD    3039       0       0
  240000000              10000000              10000000             2.8638148E-05         1.0000000E+30                 0       
 NEXT SEEDS: AAFF732       1       0       0       0       0   181CD    3039       0       0
  *** Emfgeo: Ncoun  2000000000
  245000000               5000000               5000000             2.8639243E-05         1.0000000E+30                 0       
 NEXT SEEDS: C2692CC       1       0       0       0       0   181CD    3039       0       0
  249999950                    50                    50             2.8641640E-05         1.0000000E+30                 0       
 NEXT SEEDS: D9DB332       1       0       0       0       0   181CD    3039       0       0
  249999951                    49                    49             2.8641640E-05         1.0000000E+30                 0       
 NEXT SEEDS: D9DB336       1       0       0       0       0   181CD    3039       0       0
  249999952                    48                    48             2.8641640E-05         1.0000000E+30                 0       
 NEXT SEEDS: D9DB33A       1       0       0       0       0   181CD    3039       0       0
  249999953                    47                    47             2.8641639E-05         1.0000000E+30                 0       
 NEXT SEEDS: D9DB33E       1       0       0       0       0   181CD    3039       0       0
  249999954                    46                    46             2.8641639E-05         1.0000000E+30                 0       
 NEXT SEEDS: D9DB342       1       0       0       0       0   181CD    3039       0       0
  249999955                    45                    45             2.8641639E-05         1.0000000E+30                 0       
 NEXT SEEDS: D9DB346       1       0       0       0       0   181CD    3039       0       0
  249999956                    44                    44             2.8641641E-05         1.0000000E+30                 0       
 NEXT SEEDS: D9DB34A       1       0       0       0       0   181CD    3039       0       0
  249999957                    43                    43             2.8641641E-05         1.0000000E+30                 0       
 NEXT SEEDS: D9DB34E       1       0       0       0       0   181CD    3039       0       0
  249999958                    42                    42             2.8641641E-05         1.0000000E+30                 0       
 NEXT SEEDS: D9DB352       1       0       0       0       0   181CD    3039       0       0
  249999959                    41                    41             2.8641643E-05         1.0000000E+30                 0       
 NEXT SEEDS: D9DB356       1       0       0       0       0   181CD    3039       0       0
  249999960                    40                    40             2.8641643E-05         1.0000000E+30                 0       
 NEXT SEEDS: D9DB35A       1       0       0       0       0   181CD    3039       0       0
  249999961                    39                    39             2.8641642E-05         1.0000000E+30                 0       
 NEXT SEEDS: D9DB35E       1       0       0       0       0   181CD    3039       0       0
  249999962                    38                    38             2.8641642E-05         1.0000000E+30                 0       
 NEXT SEEDS: D9DB362       1       0       0       0       0   181CD    3039       0       0
  249999963                    37                    37             2.8641642E-05         1.0000000E+30                 0       
 NEXT SEEDS: D9DB368       1       0       0       0       0   181CD    3039       0       0
  249999964                    36                    36             2.8641642E-05         1.0000000E+30                 0       
 NEXT SEEDS: D9DB36C       1       0       0       0       0   181CD    3039       0       0
  249999965                    35                    35             2.8641642E-05         1.0000000E+30                 0       
 NEXT SEEDS: D9DB370       1       0       0       0       0   181CD    3039       0       0
  249999966                    34                    34             2.8641644E-05         1.0000000E+30                 0       
 NEXT SEEDS: D9DB374       1       0       0       0       0   181CD    3039       0       0
  249999967                    33                    33             2.8641644E-05         1.0000000E+30                 0       
 NEXT SEEDS: D9DB378       1       0       0       0       0   181CD    3039       0       0
  249999968                    32                    32             2.8641644E-05         1.0000000E+30                 0       
 NEXT SEEDS: D9DB37C       1       0       0       0       0   181CD    3039       0       0
  249999969                    31                    31             2.8641645E-05         1.0000000E+30                 0       
 NEXT SEEDS: D9DB380       1       0       0       0       0   181CD    3039       0       0
  249999970                    30                    30             2.8641645E-05         1.0000000E+30                 0       
 NEXT SEEDS: D9DB384       1       0       0       0       0   181CD    3039       0       0
  249999971                    29                    29             2.8641645E-05         1.0000000E+30                 0       
 NEXT SEEDS: D9DB388       1       0       0       0       0   181CD    3039       0       0
  249999972                    28                    28             2.8641647E-05         1.0000000E+30                 0       
 NEXT SEEDS: D9DB38C       1       0       0       0       0   181CD    3039       0       0
  249999973                    27                    27             2.8641647E-05         1.0000000E+30                 0       
 NEXT SEEDS: D9DB392       1       0       0       0       0   181CD    3039       0       0
  249999974                    26                    26             2.8641649E-05         1.0000000E+30                 0       
 NEXT SEEDS: D9DB398       1       0       0       0       0   181CD    3039       0       0
  249999975                    25                    25             2.8641649E-05         1.0000000E+30                 0       
 NEXT SEEDS: D9DB39C       1       0       0       0       0   181CD    3039       0       0
  249999976                    24                    24             2.8641651E-05         1.0000000E+30                 0       
 NEXT SEEDS: D9DB3A0       1       0       0       0       0   181CD    3039       0       0
  249999977                    23                    23             2.8641650E-05         1.0000000E+30                 0       
 NEXT SEEDS: D9DB3A4       1       0       0       0       0   181CD    3039       0       0
  249999978                    22                    22             2.8641652E-05         1.0000000E+30                 0       
 NEXT SEEDS: D9DB3A8       1       0       0       0       0   181CD    3039       0       0
  249999979                    21                    21             2.8641654E-05         1.0000000E+30                 0       
 NEXT SEEDS: D9DB3AC       1       0       0       0       0   181CD    3039       0       0
  249999980                    20                    20             2.8641654E-05         1.0000000E+30                 0       
 NEXT SEEDS: D9DB3B0       1       0       0       0       0   181CD    3039       0       0
  249999981                    19                    19             2.8641654E-05         1.0000000E+30                 0       
 NEXT SEEDS: D9DB3B6       1       0       0       0       0   181CD    3039       0       0
  249999982                    18                    18             2.8641656E-05         1.0000000E+30                 0       
 NEXT SEEDS: D9DB3BA       1       0       0       0       0   181CD    3039       0       0
  249999983                    17                    17             2.8641656E-05         1.0000000E+30                 0       
 NEXT SEEDS: D9DB3BE       1       0       0       0       0   181CD    3039       0       0
  249999984                    16                    16             2.8641657E-05         1.0000000E+30                 0       
 NEXT SEEDS: D9DB3C2       1       0       0       0       0   181CD    3039       0       0
  249999985                    15                    15             2.8641657E-05         1.0000000E+30                 0       
 NEXT SEEDS: D9DB3C8       1       0       0       0       0   181CD    3039       0       0
  249999986                    14                    14             2.8641657E-05         1.0000000E+30                 0       
 NEXT SEEDS: D9DB3CC       1       0       0       0       0   181CD    3039       0       0
  249999987                    13                    13             2.8641659E-05         1.0000000E+30                 0       
 NEXT SEEDS: D9DB3D0       1       0       0       0       0   181CD    3039       0       0
  249999988                    12                    12             2.8641659E-05         1.0000000E+30                 0       
 NEXT SEEDS: D9DB3D4       1       0       0       0       0   181CD    3039       0       0
  249999989                    11                    11             2.8641661E-05         1.0000000E+30                 0       
 NEXT SEEDS: D9DB3DA       1       0       0       0       0   181CD    3039       0       0
  249999990                    10                    10             2.8641661E-05         1.0000000E+30                 0       
 NEXT SEEDS: D9DB3DE       1       0       0       0       0   181CD    3039       0       0
  249999991                     9                     9             2.8641661E-05         1.0000000E+30                 0       
 NEXT SEEDS: D9DB3E2       1       0       0       0       0   181CD    3039       0       0
  249999992                     8                     8             2.8641662E-05         1.0000000E+30                 0       
 NEXT SEEDS: D9DB3E6       1       0       0       0       0   181CD    3039       0       0
  249999993                     7                     7             2.8641664E-05         1.0000000E+30                 0       
 NEXT SEEDS: D9DB3FF       1       0       0       0       0   181CD    3039       0       0
  249999994                     6                     6             2.8641664E-05         1.0000000E+30                 0       
 NEXT SEEDS: D9DB403       1       0       0       0       0   181CD    3039       0       0
  249999995                     5                     5             2.8641664E-05         1.0000000E+30                 0       
 NEXT SEEDS: D9DB407       1       0       0       0       0   181CD    3039       0       0
  249999996                     4                     4             2.8641664E-05         1.0000000E+30                 0       
 NEXT SEEDS: D9DB40B       1       0       0       0       0   181CD    3039       0       0
  249999997                     3                     3             2.8641664E-05         1.0000000E+30                 0       
 NEXT SEEDS: D9DB40F       1       0       0       0       0   181CD    3039       0       0
  249999998                     2                     2             2.8641664E-05         1.0000000E+30                 0       
 NEXT SEEDS: D9DB413       1       0       0       0       0   181CD    3039       0       0
  249999999                     1                     1             2.8641664E-05         1.0000000E+30                 0       
 NEXT SEEDS: D9DB417       1       0       0       0       0   181CD    3039       0       0
  250000000                     0                     1             2.8641663E-05         1.0000000E+30                 0       
 NEXT SEEDS: D9DB41B       1       0       0       0       0   181CD    3039       0       0
