1NUMBER OF BEAM       NUMBER OF BEAM        APPROXIMATE NUMBER    AVERAGE TIME USED     TIME LEFT (RESERVED   NUMBER OF STARS
 PARTICLES HANDLED    PARTICLES LEFT        OF BEAM PARTICLES     BY A BEAM PARTICLE     10000.0 SECONDS      CREATED
                                            THAT CAN STILL BE                           FOR PRINTOUT)
                                            HANDLED

 NEXT SEEDS:       0       0       0       0       0       0   181CD    3039       0       0
          1             249999999             249999999             8.2969666E-05         1.0000000E+30                 0       
 NEXT SEEDS:       4       0       0       0       0       0   181CD    3039       0       0
    5000000             245000000             245000000             2.8555501E-05         1.0000000E+30                 0       
 NEXT SEEDS: 1770366       0       0       0       0       0   181CD    3039       0       0
   10000000             240000000             240000000             2.8527941E-05         1.0000000E+30                 0       
 NEXT SEEDS: 2EE2BDA       0       0       0       0       0   181CD    3039       0       0
   15000000             235000000             235000000             2.8511159E-05         1.0000000E+30                 0       
 NEXT SEEDS: 4653E4D       0       0       0       0       0   181CD    3039       0       0
   20000000             230000000             230000000             2.8510722E-05         1.0000000E+30                 0       
 NEXT SEEDS: 5DC2FF4       0       0       0       0       0   181CD    3039       0       0
   25000000             225000000             225000000             2.8505284E-05         1.0000000E+30                 0       
 NEXT SEEDS: 7532628       0       0       0       0       0   181CD    3039       0       0
   30000000             220000000             220000000             2.8489411E-05         1.0000000E+30                 0       
 NEXT SEEDS: 8CA2955       0       0       0       0       0   181CD    3039       0       0
   35000000             215000000             215000000             2.8502111E-05         1.0000000E+30                 0       
 NEXT SEEDS: A41789C       0       0       0       0       0   181CD    3039       0       0
   40000000             210000000             210000000             2.8496680E-05         1.0000000E+30                 0       
 NEXT SEEDS: BB876D3       0       0       0       0       0   181CD    3039       0       0
   45000000             205000000             205000000             2.8489823E-05         1.0000000E+30                 0       
 NEXT SEEDS: D2F7364       0       0       0       0       0   181CD    3039       0       0
   50000000             200000000             200000000             2.8489041E-05         1.0000000E+30                 0       
 NEXT SEEDS: EA6800D       0       0       0       0       0   181CD    3039       0       0
   55000000             195000000             195000000             2.8489351E-05         1.0000000E+30                 0       
 NEXT SEEDS:101D7C8B       0       0       0       0       0   181CD    3039       0       0
   60000000             190000000             190000000             2.8486799E-05         1.0000000E+30                 0       
 NEXT SEEDS:1194D01D       0       0       0       0       0   181CD    3039       0       0
   65000000             185000000             185000000             2.8483932E-05         1.0000000E+30                 0       
 NEXT SEEDS:130BEC8C       0       0       0       0       0   181CD    3039       0       0
   70000000             180000000             180000000             2.8478209E-05         1.0000000E+30                 0       
 NEXT SEEDS:1482E623       0       0       0       0       0   181CD    3039       0       0
   75000000             175000000             175000000             2.8475329E-05         1.0000000E+30                 0       
 NEXT SEEDS:15F9D1B5       0       0       0       0       0   181CD    3039       0       0
   80000000             170000000             170000000             2.8475971E-05         1.0000000E+30                 0       
 NEXT SEEDS:177101CD       0       0       0       0       0   181CD    3039       0       0
  *** Emfgeo: Ncoun  2000000000
   85000000             165000000             165000000             2.8472852E-05         1.0000000E+30                 0       
 NEXT SEEDS:18E813E9       0       0       0       0       0   181CD    3039       0       0
   90000000             160000000             160000000             2.8472719E-05         1.0000000E+30                 0       
 NEXT SEEDS:1A5F2029       0       0       0       0       0   181CD    3039       0       0
   95000000             155000000             155000000             2.8473268E-05         1.0000000E+30                 0       
 NEXT SEEDS:1BD6171F       0       0       0       0       0   181CD    3039       0       0
  100000000             150000000             150000000             2.8486314E-05         1.0000000E+30                 0       
 NEXT SEEDS:1D4D05AD       0       0       0       0       0   181CD    3039       0       0
  105000000             145000000             145000000             2.8487465E-05         1.0000000E+30                 0       
 NEXT SEEDS:1EC43C1F       0       0       0       0       0   181CD    3039       0       0
  110000000             140000000             140000000             2.8485907E-05         1.0000000E+30                 0       
 NEXT SEEDS:203B0B15       0       0       0       0       0   181CD    3039       0       0
  115000000             135000000             135000000             2.8486887E-05         1.0000000E+30                 0       
 NEXT SEEDS:21B21B98       0       0       0       0       0   181CD    3039       0       0
  120000000             130000000             130000000             2.8486965E-05         1.0000000E+30                 0       
 NEXT SEEDS:2328E97D       0       0       0       0       0   181CD    3039       0       0
  125000000             125000000             125000000             2.8487711E-05         1.0000000E+30                 0       
 NEXT SEEDS:249FF62B       0       0       0       0       0   181CD    3039       0       0
  130000000             120000000             120000000             2.8488289E-05         1.0000000E+30                 0       
 NEXT SEEDS:2617334D       0       0       0       0       0   181CD    3039       0       0
  135000000             115000000             115000000             2.8493475E-05         1.0000000E+30                 0       
 NEXT SEEDS:278E3F37       0       0       0       0       0   181CD    3039       0       0
  140000000             110000000             110000000             2.8493466E-05         1.0000000E+30                 0       
 NEXT SEEDS:29055A70       0       0       0       0       0   181CD    3039       0       0
  145000000             105000000             105000000             2.8493486E-05         1.0000000E+30                 0       
 NEXT SEEDS:2A7C6764       0       0       0       0       0   181CD    3039       0       0
  150000000             100000000             100000000             2.8492320E-05         1.0000000E+30                 0       
 NEXT SEEDS:2BF35678       0       0       0       0       0   181CD    3039       0       0
  155000000              95000000              95000000             2.8491298E-05         1.0000000E+30                 0       
 NEXT SEEDS:2D6A8219       0       0       0       0       0   181CD    3039       0       0
  160000000              90000000              90000000             2.8491832E-05         1.0000000E+30                 0       
 NEXT SEEDS:2EE1B005       0       0       0       0       0   181CD    3039       0       0
  *** Emfgeo: Ncoun  2000000000
  165000000              85000000              85000000             2.8492006E-05         1.0000000E+30                 0       
 NEXT SEEDS:30587277       0       0       0       0       0   181CD    3039       0       0
  170000000              80000000              80000000             2.8490279E-05         1.0000000E+30                 0       
 NEXT SEEDS:31CF73E5       0       0       0       0       0   181CD    3039       0       0
  175000000              75000000              75000000             2.8490186E-05         1.0000000E+30                 0       
 NEXT SEEDS:3346931A       0       0       0       0       0   181CD    3039       0       0
  180000000              70000000              70000000             2.8489672E-05         1.0000000E+30                 0       
 NEXT SEEDS:34BDA2BC       0       0       0       0       0   181CD    3039       0       0
  185000000              65000000              65000000             2.8487684E-05         1.0000000E+30                 0       
 NEXT SEEDS:3634A9E3       0       0       0       0       0   181CD    3039       0       0
  190000000              60000000              60000000             2.8488123E-05         1.0000000E+30                 0       
 NEXT SEEDS:37ABE3E1       0       0       0       0       0   181CD    3039       0       0
  195000000              55000000              55000000             2.8488057E-05         1.0000000E+30                 0       
 NEXT SEEDS:3922BFF9       0       0       0       0       0   181CD    3039       0       0
  200000000              50000000              50000000             2.8486017E-05         1.0000000E+30                 0       
 NEXT SEEDS:3A99A437       0       0       0       0       0   181CD    3039       0       0
  205000000              45000000              45000000             2.8485305E-05         1.0000000E+30                 0       
 NEXT SEEDS:  759EA1       1       0       0       0       0   181CD    3039       0       0
  210000000              40000000              40000000             2.8485611E-05         1.0000000E+30                 0       
 NEXT SEEDS: 1ECA50B       1       0       0       0       0   181CD    3039       0       0
  215000000              35000000              35000000             2.8486947E-05         1.0000000E+30                 0       
 NEXT SEEDS: 3639C3D       1       0       0       0       0   181CD    3039       0       0
  220000000              30000000              30000000             2.8486718E-05         1.0000000E+30                 0       
 NEXT SEEDS: 4DA4941       1       0       0       0       0   181CD    3039       0       0
  225000000              25000000              25000000             2.8487562E-05         1.0000000E+30                 0       
 NEXT SEEDS: 6513C27       1       0       0       0       0   181CD    3039       0       0
  230000000              20000000              20000000             2.8487393E-05         1.0000000E+30                 0       
 NEXT SEEDS: 7C84551       1       0       0       0       0   181CD    3039       0       0
  235000000              15000000              15000000             2.8487235E-05         1.0000000E+30                 0       
 NEXT SEEDS: 93F5608       1       0       0       0       0   181CD    3039       0       0
  240000000              10000000              10000000             2.8486374E-05         1.0000000E+30                 0       
 NEXT SEEDS: AB65F66       1       0       0       0       0   181CD    3039       0       0
  *** Emfgeo: Ncoun  2000000000
  245000000               5000000               5000000             2.8486118E-05         1.0000000E+30                 0       
 NEXT SEEDS: C2D62CB       1       0       0       0       0   181CD    3039       0       0
  249999950                    50                    50             2.8486393E-05         1.0000000E+30                 0       
 NEXT SEEDS: DA471C3       1       0       0       0       0   181CD    3039       0       0
  249999951                    49                    49             2.8486395E-05         1.0000000E+30                 0       
 NEXT SEEDS: DA471C7       1       0       0       0       0   181CD    3039       0       0
  249999952                    48                    48             2.8486395E-05         1.0000000E+30                 0       
 NEXT SEEDS: DA471CB       1       0       0       0       0   181CD    3039       0       0
  249999953                    47                    47             2.8486395E-05         1.0000000E+30                 0       
 NEXT SEEDS: DA471CF       1       0       0       0       0   181CD    3039       0       0
  249999954                    46                    46             2.8486397E-05         1.0000000E+30                 0       
 NEXT SEEDS: DA471D3       1       0       0       0       0   181CD    3039       0       0
  249999955                    45                    45             2.8486397E-05         1.0000000E+30                 0       
 NEXT SEEDS: DA471D7       1       0       0       0       0   181CD    3039       0       0
  249999956                    44                    44             2.8486399E-05         1.0000000E+30                 0       
 NEXT SEEDS: DA471DB       1       0       0       0       0   181CD    3039       0       0
  249999957                    43                    43             2.8486399E-05         1.0000000E+30                 0       
 NEXT SEEDS: DA471DF       1       0       0       0       0   181CD    3039       0       0
  249999958                    42                    42             2.8486398E-05         1.0000000E+30                 0       
 NEXT SEEDS: DA471E3       1       0       0       0       0   181CD    3039       0       0
  249999959                    41                    41             2.8486400E-05         1.0000000E+30                 0       
 NEXT SEEDS: DA471E7       1       0       0       0       0   181CD    3039       0       0
  249999960                    40                    40             2.8486400E-05         1.0000000E+30                 0       
 NEXT SEEDS: DA471EB       1       0       0       0       0   181CD    3039       0       0
  249999961                    39                    39             2.8486402E-05         1.0000000E+30                 0       
 NEXT SEEDS: DA471EF       1       0       0       0       0   181CD    3039       0       0
  249999962                    38                    38             2.8486402E-05         1.0000000E+30                 0       
 NEXT SEEDS: DA471F3       1       0       0       0       0   181CD    3039       0       0
  249999963                    37                    37             2.8486404E-05         1.0000000E+30                 0       
 NEXT SEEDS: DA4721A       1       0       0       0       0   181CD    3039       0       0
  249999964                    36                    36             2.8486404E-05         1.0000000E+30                 0       
 NEXT SEEDS: DA4721E       1       0       0       0       0   181CD    3039       0       0
  249999965                    35                    35             2.8486404E-05         1.0000000E+30                 0       
 NEXT SEEDS: DA47222       1       0       0       0       0   181CD    3039       0       0
  249999966                    34                    34             2.8486405E-05         1.0000000E+30                 0       
 NEXT SEEDS: DA47226       1       0       0       0       0   181CD    3039       0       0
  249999967                    33                    33             2.8486405E-05         1.0000000E+30                 0       
 NEXT SEEDS: DA4722A       1       0       0       0       0   181CD    3039       0       0
  249999968                    32                    32             2.8486407E-05         1.0000000E+30                 0       
 NEXT SEEDS: DA47230       1       0       0       0       0   181CD    3039       0       0
  249999969                    31                    31             2.8486407E-05         1.0000000E+30                 0       
 NEXT SEEDS: DA47234       1       0       0       0       0   181CD    3039       0       0
  249999970                    30                    30             2.8486407E-05         1.0000000E+30                 0       
 NEXT SEEDS: DA47238       1       0       0       0       0   181CD    3039       0       0
  249999971                    29                    29             2.8486409E-05         1.0000000E+30                 0       
 NEXT SEEDS: DA4723C       1       0       0       0       0   181CD    3039       0       0
  249999972                    28                    28             2.8486409E-05         1.0000000E+30                 0       
 NEXT SEEDS: DA47248       1       0       0       0       0   181CD    3039       0       0
  249999973                    27                    27             2.8486408E-05         1.0000000E+30                 0       
 NEXT SEEDS: DA4724C       1       0       0       0       0   181CD    3039       0       0
  249999974                    26                    26             2.8486410E-05         1.0000000E+30                 0       
 NEXT SEEDS: DA47250       1       0       0       0       0   181CD    3039       0       0
  249999975                    25                    25             2.8486410E-05         1.0000000E+30                 0       
 NEXT SEEDS: DA47254       1       0       0       0       0   181CD    3039       0       0
  249999976                    24                    24             2.8486412E-05         1.0000000E+30                 0       
 NEXT SEEDS: DA47258       1       0       0       0       0   181CD    3039       0       0
  249999977                    23                    23             2.8486414E-05         1.0000000E+30                 0       
 NEXT SEEDS: DA4725E       1       0       0       0       0   181CD    3039       0       0
  249999978                    22                    22             2.8486414E-05         1.0000000E+30                 0       
 NEXT SEEDS: DA47262       1       0       0       0       0   181CD    3039       0       0
  249999979                    21                    21             2.8486416E-05         1.0000000E+30                 0       
 NEXT SEEDS: DA47268       1       0       0       0       0   181CD    3039       0       0
  249999980                    20                    20             2.8486415E-05         1.0000000E+30                 0       
 NEXT SEEDS: DA4726C       1       0       0       0       0   181CD    3039       0       0
  249999981                    19                    19             2.8486415E-05         1.0000000E+30                 0       
 NEXT SEEDS: DA47270       1       0       0       0       0   181CD    3039       0       0
  249999982                    18                    18             2.8486415E-05         1.0000000E+30                 0       
 NEXT SEEDS: DA47274       1       0       0       0       0   181CD    3039       0       0
  249999983                    17                    17             2.8486415E-05         1.0000000E+30                 0       
 NEXT SEEDS: DA47278       1       0       0       0       0   181CD    3039       0       0
  249999984                    16                    16             2.8486415E-05         1.0000000E+30                 0       
 NEXT SEEDS: DA4727C       1       0       0       0       0   181CD    3039       0       0
  249999985                    15                    15             2.8486415E-05         1.0000000E+30                 0       
 NEXT SEEDS: DA47280       1       0       0       0       0   181CD    3039       0       0
  249999986                    14                    14             2.8486417E-05         1.0000000E+30                 0       
 NEXT SEEDS: DA47284       1       0       0       0       0   181CD    3039       0       0
  249999987                    13                    13             2.8486417E-05         1.0000000E+30                 0       
 NEXT SEEDS: DA47288       1       0       0       0       0   181CD    3039       0       0
  249999988                    12                    12             2.8486417E-05         1.0000000E+30                 0       
 NEXT SEEDS: DA4728C       1       0       0       0       0   181CD    3039       0       0
  249999989                    11                    11             2.8486418E-05         1.0000000E+30                 0       
 NEXT SEEDS: DA47290       1       0       0       0       0   181CD    3039       0       0
  249999990                    10                    10             2.8486418E-05         1.0000000E+30                 0       
 NEXT SEEDS: DA47294       1       0       0       0       0   181CD    3039       0       0
  249999991                     9                     9             2.8486420E-05         1.0000000E+30                 0       
 NEXT SEEDS: DA47298       1       0       0       0       0   181CD    3039       0       0
  249999992                     8                     8             2.8486420E-05         1.0000000E+30                 0       
 NEXT SEEDS: DA4729C       1       0       0       0       0   181CD    3039       0       0
  249999993                     7                     7             2.8486420E-05         1.0000000E+30                 0       
 NEXT SEEDS: DA472A0       1       0       0       0       0   181CD    3039       0       0
  249999994                     6                     6             2.8486422E-05         1.0000000E+30                 0       
 NEXT SEEDS: DA472A4       1       0       0       0       0   181CD    3039       0       0
  249999995                     5                     5             2.8486422E-05         1.0000000E+30                 0       
 NEXT SEEDS: DA472A8       1       0       0       0       0   181CD    3039       0       0
  249999996                     4                     4             2.8486421E-05         1.0000000E+30                 0       
 NEXT SEEDS: DA472AC       1       0       0       0       0   181CD    3039       0       0
  249999997                     3                     3             2.8486423E-05         1.0000000E+30                 0       
 NEXT SEEDS: DA472B0       1       0       0       0       0   181CD    3039       0       0
  249999998                     2                     2             2.8486423E-05         1.0000000E+30                 0       
 NEXT SEEDS: DA472B4       1       0       0       0       0   181CD    3039       0       0
  249999999                     1                     1             2.8486425E-05         1.0000000E+30                 0       
 NEXT SEEDS: DA472BA       1       0       0       0       0   181CD    3039       0       0
  250000000                     0                     1             2.8486425E-05         1.0000000E+30                 0       
 NEXT SEEDS: DA472BE       1       0       0       0       0   181CD    3039       0       0
