1NUMBER OF BEAM       NUMBER OF BEAM        APPROXIMATE NUMBER    AVERAGE TIME USED     TIME LEFT (RESERVED   NUMBER OF STARS
 PARTICLES HANDLED    PARTICLES LEFT        OF BEAM PARTICLES     BY A BEAM PARTICLE     10000.0 SECONDS      CREATED
                                            THAT CAN STILL BE                           FOR PRINTOUT)
                                            HANDLED

 NEXT SEEDS:       0       0       0       0       0       0   181CD    3039       0       0
          1             249999999             249999999             9.1075897E-05         1.0000000E+30                 0       
 NEXT SEEDS:       4       0       0       0       0       0   181CD    3039       0       0
    5000000             245000000             245000000             2.8066207E-05         1.0000000E+30                 0       
 NEXT SEEDS: 176CD0C       0       0       0       0       0   181CD    3039       0       0
   10000000             240000000             240000000             2.8073005E-05         1.0000000E+30                 0       
 NEXT SEEDS: 2EDE592       0       0       0       0       0   181CD    3039       0       0
   15000000             235000000             235000000             2.8074927E-05         1.0000000E+30                 0       
 NEXT SEEDS: 464F5A8       0       0       0       0       0   181CD    3039       0       0
   20000000             230000000             230000000             2.8089257E-05         1.0000000E+30                 0       
 NEXT SEEDS: 5DC0835       0       0       0       0       0   181CD    3039       0       0
   25000000             225000000             225000000             2.8084025E-05         1.0000000E+30                 0       
 NEXT SEEDS: 752F2D7       0       0       0       0       0   181CD    3039       0       0
   30000000             220000000             220000000             2.8071693E-05         1.0000000E+30                 0       
 NEXT SEEDS: 8CA2AAA       0       0       0       0       0   181CD    3039       0       0
   35000000             215000000             215000000             2.8066458E-05         1.0000000E+30                 0       
 NEXT SEEDS: A413D9D       0       0       0       0       0   181CD    3039       0       0
   40000000             210000000             210000000             2.8065202E-05         1.0000000E+30                 0       
 NEXT SEEDS: BB8316C       0       0       0       0       0   181CD    3039       0       0
   45000000             205000000             205000000             2.8060352E-05         1.0000000E+30                 0       
 NEXT SEEDS: D2F2DC7       0       0       0       0       0   181CD    3039       0       0
   50000000             200000000             200000000             2.8057984E-05         1.0000000E+30                 0       
 NEXT SEEDS: EA5FA41       0       0       0       0       0   181CD    3039       0       0
   55000000             195000000             195000000             2.8058683E-05         1.0000000E+30                 0       
 NEXT SEEDS:101CB005       0       0       0       0       0   181CD    3039       0       0
   60000000             190000000             190000000             2.8060159E-05         1.0000000E+30                 0       
 NEXT SEEDS:11939D2C       0       0       0       0       0   181CD    3039       0       0
   65000000             185000000             185000000             2.8066054E-05         1.0000000E+30                 0       
 NEXT SEEDS:130AAFD0       0       0       0       0       0   181CD    3039       0       0
   70000000             180000000             180000000             2.8067617E-05         1.0000000E+30                 0       
 NEXT SEEDS:14816E8E       0       0       0       0       0   181CD    3039       0       0
   75000000             175000000             175000000             2.8065443E-05         1.0000000E+30                 0       
 NEXT SEEDS:15F84ECE       0       0       0       0       0   181CD    3039       0       0
   80000000             170000000             170000000             2.8066410E-05         1.0000000E+30                 0       
 NEXT SEEDS:176F584E       0       0       0       0       0   181CD    3039       0       0
  *** Emfgeo: Ncoun  2000000000
   85000000             165000000             165000000             2.8067576E-05         1.0000000E+30                 0       
 NEXT SEEDS:18E6632D       0       0       0       0       0   181CD    3039       0       0
   90000000             160000000             160000000             2.8067294E-05         1.0000000E+30                 0       
 NEXT SEEDS:1A5D2938       0       0       0       0       0   181CD    3039       0       0
   95000000             155000000             155000000             2.8069288E-05         1.0000000E+30                 0       
 NEXT SEEDS:1BD402F0       0       0       0       0       0   181CD    3039       0       0
  100000000             150000000             150000000             2.8070747E-05         1.0000000E+30                 0       
 NEXT SEEDS:1D4AF800       0       0       0       0       0   181CD    3039       0       0
  105000000             145000000             145000000             2.8068171E-05         1.0000000E+30                 0       
 NEXT SEEDS:1EC20C3C       0       0       0       0       0   181CD    3039       0       0
  110000000             140000000             140000000             2.8065204E-05         1.0000000E+30                 0       
 NEXT SEEDS:2039042C       0       0       0       0       0   181CD    3039       0       0
  115000000             135000000             135000000             2.8063800E-05         1.0000000E+30                 0       
 NEXT SEEDS:21B00787       0       0       0       0       0   181CD    3039       0       0
  120000000             130000000             130000000             2.8060332E-05         1.0000000E+30                 0       
 NEXT SEEDS:23268C84       0       0       0       0       0   181CD    3039       0       0
  125000000             125000000             125000000             2.8059758E-05         1.0000000E+30                 0       
 NEXT SEEDS:249D6406       0       0       0       0       0   181CD    3039       0       0
  130000000             120000000             120000000             2.8060682E-05         1.0000000E+30                 0       
 NEXT SEEDS:26146CA4       0       0       0       0       0   181CD    3039       0       0
  135000000             115000000             115000000             2.8059263E-05         1.0000000E+30                 0       
 NEXT SEEDS:278B5284       0       0       0       0       0   181CD    3039       0       0
  140000000             110000000             110000000             2.8057935E-05         1.0000000E+30                 0       
 NEXT SEEDS:29022488       0       0       0       0       0   181CD    3039       0       0
  145000000             105000000             105000000             2.8056909E-05         1.0000000E+30                 0       
 NEXT SEEDS:2A791E6C       0       0       0       0       0   181CD    3039       0       0
  150000000             100000000             100000000             2.8056161E-05         1.0000000E+30                 0       
 NEXT SEEDS:2BEFE83D       0       0       0       0       0   181CD    3039       0       0
  155000000              95000000              95000000             2.8056772E-05         1.0000000E+30                 0       
 NEXT SEEDS:2D66D410       0       0       0       0       0   181CD    3039       0       0
  160000000              90000000              90000000             2.8057720E-05         1.0000000E+30                 0       
 NEXT SEEDS:2EDDEBA0       0       0       0       0       0   181CD    3039       0       0
  *** Emfgeo: Ncoun  2000000000
  165000000              85000000              85000000             2.8056749E-05         1.0000000E+30                 0       
 NEXT SEEDS:3054FB03       0       0       0       0       0   181CD    3039       0       0
  170000000              80000000              80000000             2.8054784E-05         1.0000000E+30                 0       
 NEXT SEEDS:31CBD8EB       0       0       0       0       0   181CD    3039       0       0
  175000000              75000000              75000000             2.8052895E-05         1.0000000E+30                 0       
 NEXT SEEDS:3342CD10       0       0       0       0       0   181CD    3039       0       0
  180000000              70000000              70000000             2.8052983E-05         1.0000000E+30                 0       
 NEXT SEEDS:34BA00A4       0       0       0       0       0   181CD    3039       0       0
  185000000              65000000              65000000             2.8051382E-05         1.0000000E+30                 0       
 NEXT SEEDS:36311017       0       0       0       0       0   181CD    3039       0       0
  190000000              60000000              60000000             2.8050253E-05         1.0000000E+30                 0       
 NEXT SEEDS:37A82ADB       0       0       0       0       0   181CD    3039       0       0
  195000000              55000000              55000000             2.8050149E-05         1.0000000E+30                 0       
 NEXT SEEDS:391F23A7       0       0       0       0       0   181CD    3039       0       0
  200000000              50000000              50000000             2.8048727E-05         1.0000000E+30                 0       
 NEXT SEEDS:3A962AAA       0       0       0       0       0   181CD    3039       0       0
  205000000              45000000              45000000             2.8048153E-05         1.0000000E+30                 0       
 NEXT SEEDS:  72590D       1       0       0       0       0   181CD    3039       0       0
  210000000              40000000              40000000             2.8046953E-05         1.0000000E+30                 0       
 NEXT SEEDS: 1E95B4C       1       0       0       0       0   181CD    3039       0       0
  215000000              35000000              35000000             2.8047455E-05         1.0000000E+30                 0       
 NEXT SEEDS: 360541A       1       0       0       0       0   181CD    3039       0       0
  220000000              30000000              30000000             2.8046554E-05         1.0000000E+30                 0       
 NEXT SEEDS: 4D76DE7       1       0       0       0       0   181CD    3039       0       0
  225000000              25000000              25000000             2.8047946E-05         1.0000000E+30                 0       
 NEXT SEEDS: 64EC3C2       1       0       0       0       0   181CD    3039       0       0
  230000000              20000000              20000000             2.8047418E-05         1.0000000E+30                 0       
 NEXT SEEDS: 7C5AEB1       1       0       0       0       0   181CD    3039       0       0
  235000000              15000000              15000000             2.8047612E-05         1.0000000E+30                 0       
 NEXT SEEDS: 93CC2A8       1       0       0       0       0   181CD    3039       0       0
  240000000              10000000              10000000             2.8047261E-05         1.0000000E+30                 0       
 NEXT SEEDS: AB385DA       1       0       0       0       0   181CD    3039       0       0
  *** Emfgeo: Ncoun  2000000000
  245000000               5000000               5000000             2.8048092E-05         1.0000000E+30                 0       
 NEXT SEEDS: C2AB356       1       0       0       0       0   181CD    3039       0       0
  249999950                    50                    50             2.8047286E-05         1.0000000E+30                 0       
 NEXT SEEDS: DA19BF7       1       0       0       0       0   181CD    3039       0       0
  249999951                    49                    49             2.8047286E-05         1.0000000E+30                 0       
 NEXT SEEDS: DA19BFB       1       0       0       0       0   181CD    3039       0       0
  249999952                    48                    48             2.8047288E-05         1.0000000E+30                 0       
 NEXT SEEDS: DA19BFF       1       0       0       0       0   181CD    3039       0       0
  249999953                    47                    47             2.8047290E-05         1.0000000E+30                 0       
 NEXT SEEDS: DA19C03       1       0       0       0       0   181CD    3039       0       0
  249999954                    46                    46             2.8047290E-05         1.0000000E+30                 0       
 NEXT SEEDS: DA19C1C       1       0       0       0       0   181CD    3039       0       0
  249999955                    45                    45             2.8047289E-05         1.0000000E+30                 0       
 NEXT SEEDS: DA19C20       1       0       0       0       0   181CD    3039       0       0
  249999956                    44                    44             2.8047289E-05         1.0000000E+30                 0       
 NEXT SEEDS: DA19C24       1       0       0       0       0   181CD    3039       0       0
  249999957                    43                    43             2.8047289E-05         1.0000000E+30                 0       
 NEXT SEEDS: DA19C28       1       0       0       0       0   181CD    3039       0       0
  249999958                    42                    42             2.8047289E-05         1.0000000E+30                 0       
 NEXT SEEDS: DA19C2C       1       0       0       0       0   181CD    3039       0       0
  249999959                    41                    41             2.8047289E-05         1.0000000E+30                 0       
 NEXT SEEDS: DA19C30       1       0       0       0       0   181CD    3039       0       0
  249999960                    40                    40             2.8047289E-05         1.0000000E+30                 0       
 NEXT SEEDS: DA19C34       1       0       0       0       0   181CD    3039       0       0
  249999961                    39                    39             2.8047291E-05         1.0000000E+30                 0       
 NEXT SEEDS: DA19C38       1       0       0       0       0   181CD    3039       0       0
  249999962                    38                    38             2.8047291E-05         1.0000000E+30                 0       
 NEXT SEEDS: DA19C3C       1       0       0       0       0   181CD    3039       0       0
  249999963                    37                    37             2.8047290E-05         1.0000000E+30                 0       
 NEXT SEEDS: DA19C40       1       0       0       0       0   181CD    3039       0       0
  249999964                    36                    36             2.8047290E-05         1.0000000E+30                 0       
 NEXT SEEDS: DA19C44       1       0       0       0       0   181CD    3039       0       0
  249999965                    35                    35             2.8047290E-05         1.0000000E+30                 0       
 NEXT SEEDS: DA19C48       1       0       0       0       0   181CD    3039       0       0
  249999966                    34                    34             2.8047290E-05         1.0000000E+30                 0       
 NEXT SEEDS: DA19C4C       1       0       0       0       0   181CD    3039       0       0
  249999967                    33                    33             2.8047290E-05         1.0000000E+30                 0       
 NEXT SEEDS: DA19C50       1       0       0       0       0   181CD    3039       0       0
  249999968                    32                    32             2.8047290E-05         1.0000000E+30                 0       
 NEXT SEEDS: DA19C54       1       0       0       0       0   181CD    3039       0       0
  249999969                    31                    31             2.8047290E-05         1.0000000E+30                 0       
 NEXT SEEDS: DA19C58       1       0       0       0       0   181CD    3039       0       0
  249999970                    30                    30             2.8047290E-05         1.0000000E+30                 0       
 NEXT SEEDS: DA19C5C       1       0       0       0       0   181CD    3039       0       0
  249999971                    29                    29             2.8047290E-05         1.0000000E+30                 0       
 NEXT SEEDS: DA19C60       1       0       0       0       0   181CD    3039       0       0
  249999972                    28                    28             2.8047289E-05         1.0000000E+30                 0       
 NEXT SEEDS: DA19C64       1       0       0       0       0   181CD    3039       0       0
  249999973                    27                    27             2.8047289E-05         1.0000000E+30                 0       
 NEXT SEEDS: DA19C68       1       0       0       0       0   181CD    3039       0       0
  249999974                    26                    26             2.8047289E-05         1.0000000E+30                 0       
 NEXT SEEDS: DA19C6C       1       0       0       0       0   181CD    3039       0       0
  249999975                    25                    25             2.8047289E-05         1.0000000E+30                 0       
 NEXT SEEDS: DA19C70       1       0       0       0       0   181CD    3039       0       0
  249999976                    24                    24             2.8047289E-05         1.0000000E+30                 0       
 NEXT SEEDS: DA19C74       1       0       0       0       0   181CD    3039       0       0
  249999977                    23                    23             2.8047289E-05         1.0000000E+30                 0       
 NEXT SEEDS: DA19C87       1       0       0       0       0   181CD    3039       0       0
  249999978                    22                    22             2.8047291E-05         1.0000000E+30                 0       
 NEXT SEEDS: DA19C8B       1       0       0       0       0   181CD    3039       0       0
  249999979                    21                    21             2.8047291E-05         1.0000000E+30                 0       
 NEXT SEEDS: DA19C91       1       0       0       0       0   181CD    3039       0       0
  249999980                    20                    20             2.8047292E-05         1.0000000E+30                 0       
 NEXT SEEDS: DA19C95       1       0       0       0       0   181CD    3039       0       0
  249999981                    19                    19             2.8047292E-05         1.0000000E+30                 0       
 NEXT SEEDS: DA19C99       1       0       0       0       0   181CD    3039       0       0
  249999982                    18                    18             2.8047294E-05         1.0000000E+30                 0       
 NEXT SEEDS: DA19C9D       1       0       0       0       0   181CD    3039       0       0
  249999983                    17                    17             2.8047294E-05         1.0000000E+30                 0       
 NEXT SEEDS: DA19CA1       1       0       0       0       0   181CD    3039       0       0
  249999984                    16                    16             2.8047294E-05         1.0000000E+30                 0       
 NEXT SEEDS: DA19CA5       1       0       0       0       0   181CD    3039       0       0
  249999985                    15                    15             2.8047296E-05         1.0000000E+30                 0       
 NEXT SEEDS: DA19CB6       1       0       0       0       0   181CD    3039       0       0
  249999986                    14                    14             2.8047296E-05         1.0000000E+30                 0       
 NEXT SEEDS: DA19CBA       1       0       0       0       0   181CD    3039       0       0
  249999987                    13                    13             2.8047296E-05         1.0000000E+30                 0       
 NEXT SEEDS: DA19CBE       1       0       0       0       0   181CD    3039       0       0
  249999988                    12                    12             2.8047295E-05         1.0000000E+30                 0       
 NEXT SEEDS: DA19CC2       1       0       0       0       0   181CD    3039       0       0
  249999989                    11                    11             2.8047295E-05         1.0000000E+30                 0       
 NEXT SEEDS: DA19CC6       1       0       0       0       0   181CD    3039       0       0
  249999990                    10                    10             2.8047295E-05         1.0000000E+30                 0       
 NEXT SEEDS: DA19CCC       1       0       0       0       0   181CD    3039       0       0
  249999991                     9                     9             2.8047295E-05         1.0000000E+30                 0       
 NEXT SEEDS: DA19CD0       1       0       0       0       0   181CD    3039       0       0
  249999992                     8                     8             2.8047297E-05         1.0000000E+30                 0       
 NEXT SEEDS: DA19CD4       1       0       0       0       0   181CD    3039       0       0
  249999993                     7                     7             2.8047299E-05         1.0000000E+30                 0       
 NEXT SEEDS: DA19CE5       1       0       0       0       0   181CD    3039       0       0
  249999994                     6                     6             2.8047299E-05         1.0000000E+30                 0       
 NEXT SEEDS: DA19CE9       1       0       0       0       0   181CD    3039       0       0
  249999995                     5                     5             2.8047299E-05         1.0000000E+30                 0       
 NEXT SEEDS: DA19CED       1       0       0       0       0   181CD    3039       0       0
  249999996                     4                     4             2.8047298E-05         1.0000000E+30                 0       
 NEXT SEEDS: DA19CF1       1       0       0       0       0   181CD    3039       0       0
  249999997                     3                     3             2.8047298E-05         1.0000000E+30                 0       
 NEXT SEEDS: DA19CF5       1       0       0       0       0   181CD    3039       0       0
  249999998                     2                     2             2.8047298E-05         1.0000000E+30                 0       
 NEXT SEEDS: DA19CF9       1       0       0       0       0   181CD    3039       0       0
  249999999                     1                     1             2.8047298E-05         1.0000000E+30                 0       
 NEXT SEEDS: DA19CFD       1       0       0       0       0   181CD    3039       0       0
  250000000                     0                     1             2.8047298E-05         1.0000000E+30                 0       
 NEXT SEEDS: DA19D01       1       0       0       0       0   181CD    3039       0       0
