1NUMBER OF BEAM       NUMBER OF BEAM        APPROXIMATE NUMBER    AVERAGE TIME USED     TIME LEFT (RESERVED   NUMBER OF STARS
 PARTICLES HANDLED    PARTICLES LEFT        OF BEAM PARTICLES     BY A BEAM PARTICLE     10000.0 SECONDS      CREATED
                                            THAT CAN STILL BE                           FOR PRINTOUT)
                                            HANDLED

 NEXT SEEDS:       0       0       0       0       0       0   181CD    3039       0       0
          1             249999999             249999999             0.0000000E+00         1.0000000E+30                 0       
 NEXT SEEDS:       4       0       0       0       0       0   181CD    3039       0       0
    5000000             245000000             245000000             2.7843171E-05         1.0000000E+30                 0       
 NEXT SEEDS: 1773191       0       0       0       0       0   181CD    3039       0       0
   10000000             240000000             240000000             2.7838970E-05         1.0000000E+30                 0       
 NEXT SEEDS: 2EE00DE       0       0       0       0       0   181CD    3039       0       0
   15000000             235000000             235000000             2.7842679E-05         1.0000000E+30                 0       
 NEXT SEEDS: 46505D8       0       0       0       0       0   181CD    3039       0       0
   20000000             230000000             230000000             2.7831649E-05         1.0000000E+30                 0       
 NEXT SEEDS: 5DC272A       0       0       0       0       0   181CD    3039       0       0
   25000000             225000000             225000000             2.7844309E-05         1.0000000E+30                 0       
 NEXT SEEDS: 7537B53       0       0       0       0       0   181CD    3039       0       0
   30000000             220000000             220000000             2.7836765E-05         1.0000000E+30                 0       
 NEXT SEEDS: 8CA6D5E       0       0       0       0       0   181CD    3039       0       0
   35000000             215000000             215000000             2.7835559E-05         1.0000000E+30                 0       
 NEXT SEEDS: A415C49       0       0       0       0       0   181CD    3039       0       0
   40000000             210000000             210000000             2.7832516E-05         1.0000000E+30                 0       
 NEXT SEEDS: BB87182       0       0       0       0       0   181CD    3039       0       0
   45000000             205000000             205000000             2.7826470E-05         1.0000000E+30                 0       
 NEXT SEEDS: D2FAC65       0       0       0       0       0   181CD    3039       0       0
  Oepsmp-> sampling gave unphysical tail: Z=           1  shell=           1  Function=           3
  Oepsmp: p_sampled/(alpha x elmass)=   12.939999581151502       p_max/(alpha x elmass)=   10.699999999999999     
   50000000             200000000             200000000             2.7823222E-05         1.0000000E+30                 0       
 NEXT SEEDS: EA6673A       0       0       0       0       0   181CD    3039       0       0
   55000000             195000000             195000000             2.7819913E-05         1.0000000E+30                 0       
 NEXT SEEDS:101D4C37       0       0       0       0       0   181CD    3039       0       0
   60000000             190000000             190000000             2.7821336E-05         1.0000000E+30                 0       
 NEXT SEEDS:119464C3       0       0       0       0       0   181CD    3039       0       0
   65000000             185000000             185000000             2.7822252E-05         1.0000000E+30                 0       
 NEXT SEEDS:130B4CA8       0       0       0       0       0   181CD    3039       0       0
   70000000             180000000             180000000             2.7819882E-05         1.0000000E+30                 0       
 NEXT SEEDS:1481FE42       0       0       0       0       0   181CD    3039       0       0
   75000000             175000000             175000000             2.7820882E-05         1.0000000E+30                 0       
 NEXT SEEDS:15F9143C       0       0       0       0       0   181CD    3039       0       0
   80000000             170000000             170000000             2.7822009E-05         1.0000000E+30                 0       
 NEXT SEEDS:17703A74       0       0       0       0       0   181CD    3039       0       0
  *** Emfgeo: Ncoun  2000000000
   85000000             165000000             165000000             2.7819744E-05         1.0000000E+30                 0       
 NEXT SEEDS:18E74B71       0       0       0       0       0   181CD    3039       0       0
   90000000             160000000             160000000             2.7820879E-05         1.0000000E+30                 0       
 NEXT SEEDS:1A5E8597       0       0       0       0       0   181CD    3039       0       0
   95000000             155000000             155000000             2.7822995E-05         1.0000000E+30                 0       
 NEXT SEEDS:1BD5689C       0       0       0       0       0   181CD    3039       0       0
  100000000             150000000             150000000             2.7822976E-05         1.0000000E+30                 0       
 NEXT SEEDS:1D4C80E6       0       0       0       0       0   181CD    3039       0       0
  105000000             145000000             145000000             2.7819866E-05         1.0000000E+30                 0       
 NEXT SEEDS:1EC3AD47       0       0       0       0       0   181CD    3039       0       0
  110000000             140000000             140000000             2.7821462E-05         1.0000000E+30                 0       
 NEXT SEEDS:203AE6B4       0       0       0       0       0   181CD    3039       0       0
  115000000             135000000             135000000             2.7821599E-05         1.0000000E+30                 0       
 NEXT SEEDS:21B1F10F       0       0       0       0       0   181CD    3039       0       0
  120000000             130000000             130000000             2.7821960E-05         1.0000000E+30                 0       
 NEXT SEEDS:2328C85A       0       0       0       0       0   181CD    3039       0       0
  125000000             125000000             125000000             2.7820148E-05         1.0000000E+30                 0       
 NEXT SEEDS:249FDFBB       0       0       0       0       0   181CD    3039       0       0
  130000000             120000000             120000000             2.7819843E-05         1.0000000E+30                 0       
 NEXT SEEDS:2616EE58       0       0       0       0       0   181CD    3039       0       0
  135000000             115000000             115000000             2.7819774E-05         1.0000000E+30                 0       
 NEXT SEEDS:278E0A81       0       0       0       0       0   181CD    3039       0       0
  140000000             110000000             110000000             2.7819931E-05         1.0000000E+30                 0       
 NEXT SEEDS:29051CC4       0       0       0       0       0   181CD    3039       0       0
  145000000             105000000             105000000             2.7819257E-05         1.0000000E+30                 0       
 NEXT SEEDS:2A7C0DFA       0       0       0       0       0   181CD    3039       0       0
  150000000             100000000             100000000             2.7817835E-05         1.0000000E+30                 0       
 NEXT SEEDS:2BF30644       0       0       0       0       0   181CD    3039       0       0
  155000000              95000000              95000000             2.7816135E-05         1.0000000E+30                 0       
 NEXT SEEDS:2D6A16A2       0       0       0       0       0   181CD    3039       0       0
  160000000              90000000              90000000             2.7815799E-05         1.0000000E+30                 0       
 NEXT SEEDS:2EE11CF7       0       0       0       0       0   181CD    3039       0       0
  *** Emfgeo: Ncoun  2000000000
  165000000              85000000              85000000             2.7814628E-05         1.0000000E+30                 0       
 NEXT SEEDS:30581C49       0       0       0       0       0   181CD    3039       0       0
  170000000              80000000              80000000             2.7815229E-05         1.0000000E+30                 0       
 NEXT SEEDS:31CF162C       0       0       0       0       0   181CD    3039       0       0
  175000000              75000000              75000000             2.7813959E-05         1.0000000E+30                 0       
 NEXT SEEDS:33462C57       0       0       0       0       0   181CD    3039       0       0
  180000000              70000000              70000000             2.7816007E-05         1.0000000E+30                 0       
 NEXT SEEDS:34BD8C78       0       0       0       0       0   181CD    3039       0       0
  185000000              65000000              65000000             2.7813667E-05         1.0000000E+30                 0       
 NEXT SEEDS:36346C42       0       0       0       0       0   181CD    3039       0       0
  190000000              60000000              60000000             2.7813916E-05         1.0000000E+30                 0       
 NEXT SEEDS:37AB977F       0       0       0       0       0   181CD    3039       0       0
  195000000              55000000              55000000             2.7813356E-05         1.0000000E+30                 0       
 NEXT SEEDS:3922973A       0       0       0       0       0   181CD    3039       0       0
  200000000              50000000              50000000             2.7812629E-05         1.0000000E+30                 0       
 NEXT SEEDS:3A99BDC1       0       0       0       0       0   181CD    3039       0       0
  205000000              45000000              45000000             2.7811955E-05         1.0000000E+30                 0       
 NEXT SEEDS:  75B30D       1       0       0       0       0   181CD    3039       0       0
  210000000              40000000              40000000             2.7811293E-05         1.0000000E+30                 0       
 NEXT SEEDS: 1ECF441       1       0       0       0       0   181CD    3039       0       0
  215000000              35000000              35000000             2.7812623E-05         1.0000000E+30                 0       
 NEXT SEEDS: 3640026       1       0       0       0       0   181CD    3039       0       0
  220000000              30000000              30000000             2.7815403E-05         1.0000000E+30                 0       
 NEXT SEEDS: 4DB7681       1       0       0       0       0   181CD    3039       0       0
  225000000              25000000              25000000             2.7819097E-05         1.0000000E+30                 0       
 NEXT SEEDS: 65279E2       1       0       0       0       0   181CD    3039       0       0
  230000000              20000000              20000000             2.7816850E-05         1.0000000E+30                 0       
 NEXT SEEDS: 7C9277F       1       0       0       0       0   181CD    3039       0       0
  235000000              15000000              15000000             2.7816759E-05         1.0000000E+30                 0       
 NEXT SEEDS: 9402D57       1       0       0       0       0   181CD    3039       0       0
  240000000              10000000              10000000             2.7816307E-05         1.0000000E+30                 0       
 NEXT SEEDS: AB74542       1       0       0       0       0   181CD    3039       0       0
  *** Emfgeo: Ncoun  2000000000
  245000000               5000000               5000000             2.7815503E-05         1.0000000E+30                 0       
 NEXT SEEDS: C2E25A4       1       0       0       0       0   181CD    3039       0       0
  249999950                    50                    50             2.7816398E-05         1.0000000E+30                 0       
 NEXT SEEDS: DA55418       1       0       0       0       0   181CD    3039       0       0
  249999951                    49                    49             2.7816400E-05         1.0000000E+30                 0       
 NEXT SEEDS: DA5541C       1       0       0       0       0   181CD    3039       0       0
  249999952                    48                    48             2.7816400E-05         1.0000000E+30                 0       
 NEXT SEEDS: DA55420       1       0       0       0       0   181CD    3039       0       0
  249999953                    47                    47             2.7816400E-05         1.0000000E+30                 0       
 NEXT SEEDS: DA55424       1       0       0       0       0   181CD    3039       0       0
  249999954                    46                    46             2.7816400E-05         1.0000000E+30                 0       
 NEXT SEEDS: DA55428       1       0       0       0       0   181CD    3039       0       0
  249999955                    45                    45             2.7816399E-05         1.0000000E+30                 0       
 NEXT SEEDS: DA5542C       1       0       0       0       0   181CD    3039       0       0
  249999956                    44                    44             2.7816399E-05         1.0000000E+30                 0       
 NEXT SEEDS: DA55430       1       0       0       0       0   181CD    3039       0       0
  249999957                    43                    43             2.7816399E-05         1.0000000E+30                 0       
 NEXT SEEDS: DA55434       1       0       0       0       0   181CD    3039       0       0
  249999958                    42                    42             2.7816399E-05         1.0000000E+30                 0       
 NEXT SEEDS: DA55438       1       0       0       0       0   181CD    3039       0       0
  249999959                    41                    41             2.7816399E-05         1.0000000E+30                 0       
 NEXT SEEDS: DA5543C       1       0       0       0       0   181CD    3039       0       0
  249999960                    40                    40             2.7816399E-05         1.0000000E+30                 0       
 NEXT SEEDS: DA55440       1       0       0       0       0   181CD    3039       0       0
  249999961                    39                    39             2.7816399E-05         1.0000000E+30                 0       
 NEXT SEEDS: DA55444       1       0       0       0       0   181CD    3039       0       0
  249999962                    38                    38             2.7816399E-05         1.0000000E+30                 0       
 NEXT SEEDS: DA55448       1       0       0       0       0   181CD    3039       0       0
  249999963                    37                    37             2.7816399E-05         1.0000000E+30                 0       
 NEXT SEEDS: DA5544C       1       0       0       0       0   181CD    3039       0       0
  249999964                    36                    36             2.7816398E-05         1.0000000E+30                 0       
 NEXT SEEDS: DA55452       1       0       0       0       0   181CD    3039       0       0
  249999965                    35                    35             2.7816398E-05         1.0000000E+30                 0       
 NEXT SEEDS: DA55456       1       0       0       0       0   181CD    3039       0       0
  249999966                    34                    34             2.7816398E-05         1.0000000E+30                 0       
 NEXT SEEDS: DA5545A       1       0       0       0       0   181CD    3039       0       0
  249999967                    33                    33             2.7816398E-05         1.0000000E+30                 0       
 NEXT SEEDS: DA55460       1       0       0       0       0   181CD    3039       0       0
  249999968                    32                    32             2.7816398E-05         1.0000000E+30                 0       
 NEXT SEEDS: DA55464       1       0       0       0       0   181CD    3039       0       0
  249999969                    31                    31             2.7816398E-05         1.0000000E+30                 0       
 NEXT SEEDS: DA55468       1       0       0       0       0   181CD    3039       0       0
  249999970                    30                    30             2.7816398E-05         1.0000000E+30                 0       
 NEXT SEEDS: DA5546C       1       0       0       0       0   181CD    3039       0       0
  249999971                    29                    29             2.7816400E-05         1.0000000E+30                 0       
 NEXT SEEDS: DA55470       1       0       0       0       0   181CD    3039       0       0
  249999972                    28                    28             2.7816400E-05         1.0000000E+30                 0       
 NEXT SEEDS: DA55474       1       0       0       0       0   181CD    3039       0       0
  249999973                    27                    27             2.7816401E-05         1.0000000E+30                 0       
 NEXT SEEDS: DA55478       1       0       0       0       0   181CD    3039       0       0
  249999974                    26                    26             2.7816401E-05         1.0000000E+30                 0       
 NEXT SEEDS: DA5547C       1       0       0       0       0   181CD    3039       0       0
  249999975                    25                    25             2.7816401E-05         1.0000000E+30                 0       
 NEXT SEEDS: DA55480       1       0       0       0       0   181CD    3039       0       0
  249999976                    24                    24             2.7816403E-05         1.0000000E+30                 0       
 NEXT SEEDS: DA55484       1       0       0       0       0   181CD    3039       0       0
  249999977                    23                    23             2.7816403E-05         1.0000000E+30                 0       
 NEXT SEEDS: DA55488       1       0       0       0       0   181CD    3039       0       0
  249999978                    22                    22             2.7816403E-05         1.0000000E+30                 0       
 NEXT SEEDS: DA5548C       1       0       0       0       0   181CD    3039       0       0
  249999979                    21                    21             2.7816403E-05         1.0000000E+30                 0       
 NEXT SEEDS: DA55490       1       0       0       0       0   181CD    3039       0       0
  249999980                    20                    20             2.7816403E-05         1.0000000E+30                 0       
 NEXT SEEDS: DA55494       1       0       0       0       0   181CD    3039       0       0
  249999981                    19                    19             2.7816402E-05         1.0000000E+30                 0       
 NEXT SEEDS: DA55498       1       0       0       0       0   181CD    3039       0       0
  249999982                    18                    18             2.7816402E-05         1.0000000E+30                 0       
 NEXT SEEDS: DA5549C       1       0       0       0       0   181CD    3039       0       0
  249999983                    17                    17             2.7816402E-05         1.0000000E+30                 0       
 NEXT SEEDS: DA554A0       1       0       0       0       0   181CD    3039       0       0
  249999984                    16                    16             2.7816402E-05         1.0000000E+30                 0       
 NEXT SEEDS: DA554A6       1       0       0       0       0   181CD    3039       0       0
  249999985                    15                    15             2.7816402E-05         1.0000000E+30                 0       
 NEXT SEEDS: DA554AA       1       0       0       0       0   181CD    3039       0       0
  249999986                    14                    14             2.7816404E-05         1.0000000E+30                 0       
 NEXT SEEDS: DA554AE       1       0       0       0       0   181CD    3039       0       0
  249999987                    13                    13             2.7816404E-05         1.0000000E+30                 0       
 NEXT SEEDS: DA554B2       1       0       0       0       0   181CD    3039       0       0
  249999988                    12                    12             2.7816404E-05         1.0000000E+30                 0       
 NEXT SEEDS: DA554B6       1       0       0       0       0   181CD    3039       0       0
  249999989                    11                    11             2.7816405E-05         1.0000000E+30                 0       
 NEXT SEEDS: DA554BA       1       0       0       0       0   181CD    3039       0       0
  249999990                    10                    10             2.7816407E-05         1.0000000E+30                 0       
 NEXT SEEDS: DA554C6       1       0       0       0       0   181CD    3039       0       0
  249999991                     9                     9             2.7816407E-05         1.0000000E+30                 0       
 NEXT SEEDS: DA554CA       1       0       0       0       0   181CD    3039       0       0
  249999992                     8                     8             2.7816407E-05         1.0000000E+30                 0       
 NEXT SEEDS: DA554CE       1       0       0       0       0   181CD    3039       0       0
  249999993                     7                     7             2.7816409E-05         1.0000000E+30                 0       
 NEXT SEEDS: DA554D2       1       0       0       0       0   181CD    3039       0       0
  249999994                     6                     6             2.7816409E-05         1.0000000E+30                 0       
 NEXT SEEDS: DA554D6       1       0       0       0       0   181CD    3039       0       0
  249999995                     5                     5             2.7816409E-05         1.0000000E+30                 0       
 NEXT SEEDS: DA554DA       1       0       0       0       0   181CD    3039       0       0
  249999996                     4                     4             2.7816409E-05         1.0000000E+30                 0       
 NEXT SEEDS: DA554DE       1       0       0       0       0   181CD    3039       0       0
  249999997                     3                     3             2.7816408E-05         1.0000000E+30                 0       
 NEXT SEEDS: DA554E2       1       0       0       0       0   181CD    3039       0       0
  249999998                     2                     2             2.7816408E-05         1.0000000E+30                 0       
 NEXT SEEDS: DA554E6       1       0       0       0       0   181CD    3039       0       0
  249999999                     1                     1             2.7816410E-05         1.0000000E+30                 0       
 NEXT SEEDS: DA554EA       1       0       0       0       0   181CD    3039       0       0
  250000000                     0                     1             2.7816410E-05         1.0000000E+30                 0       
 NEXT SEEDS: DA554EE       1       0       0       0       0   181CD    3039       0       0
