1NUMBER OF BEAM       NUMBER OF BEAM        APPROXIMATE NUMBER    AVERAGE TIME USED     TIME LEFT (RESERVED   NUMBER OF STARS
 PARTICLES HANDLED    PARTICLES LEFT        OF BEAM PARTICLES     BY A BEAM PARTICLE     10000.0 SECONDS      CREATED
                                            THAT CAN STILL BE                           FOR PRINTOUT)
                                            HANDLED

 NEXT SEEDS:       0       0       0       0       0       0   181CD    3039       0       0
          1             249999999             249999999             7.7009201E-05         1.0000000E+30                 0       
 NEXT SEEDS:       4       0       0       0       0       0   181CD    3039       0       0
 Geofar: Particle in region    26 (cell #    0)
  in position  -1.148535782E+01 -5.335810845E+00 -1.254700000E-01
  is now causing trouble, requesting a step of  2.182223414E+00 cm
  to direction  4.353978700E-01  1.998550205E-01 -8.777736984E-01
  end position -1.053522239E+01 -4.899682539E+00 -2.040968317E+00
  R2:  1.266429317E+01 R3:  1.266491470E+01 cm  error count:  0
  X*U   (2D): -6.067088916E+00 X*U   (3D): -5.956954650E+00 cm
  X*UOLD(2D):  5.256556897E+00 X*UOLD(3D):  5.149566442E+00 cm
  Kloop:    8065897, Irsave:     26, Irsav2:     26, error code:  -3 Nfrom:  5000
  old direction -2.428015577E-01 -4.625152953E-01  8.527174240E-01, lagain, lstnew, lsense, lsnsct  F  F  F  T
  Particle index    7 total energy   5.406883082E-05 GeV  Nsurf    0
 We succeeded in saving the particle:  current region is n.    27 (cell #    0)
    5000000             245000000             245000000             2.8585433E-05         1.0000000E+30                 0       
 NEXT SEEDS: 176E5BE       0       0       0       0       0   181CD    3039       0       0
   10000000             240000000             240000000             2.8603576E-05         1.0000000E+30                 0       
 NEXT SEEDS: 2ED93D5       0       0       0       0       0   181CD    3039       0       0
   15000000             235000000             235000000             2.8603702E-05         1.0000000E+30                 0       
 NEXT SEEDS: 4648275       0       0       0       0       0   181CD    3039       0       0
   20000000             230000000             230000000             2.8614668E-05         1.0000000E+30                 0       
 NEXT SEEDS: 5DB9839       0       0       0       0       0   181CD    3039       0       0
   25000000             225000000             225000000             2.8615653E-05         1.0000000E+30                 0       
 NEXT SEEDS: 75275A3       0       0       0       0       0   181CD    3039       0       0
   30000000             220000000             220000000             2.8608656E-05         1.0000000E+30                 0       
 NEXT SEEDS: 8C96081       0       0       0       0       0   181CD    3039       0       0
   35000000             215000000             215000000             2.8612171E-05         1.0000000E+30                 0       
 NEXT SEEDS: A408754       0       0       0       0       0   181CD    3039       0       0
   40000000             210000000             210000000             2.8610203E-05         1.0000000E+30                 0       
 NEXT SEEDS: BB78F93       0       0       0       0       0   181CD    3039       0       0
   45000000             205000000             205000000             2.8607452E-05         1.0000000E+30                 0       
 NEXT SEEDS: D2EC0B3       0       0       0       0       0   181CD    3039       0       0
   50000000             200000000             200000000             2.8613135E-05         1.0000000E+30                 0       
 NEXT SEEDS: EA5E5AF       0       0       0       0       0   181CD    3039       0       0
   55000000             195000000             195000000             2.8608712E-05         1.0000000E+30                 0       
 NEXT SEEDS:101D0173       0       0       0       0       0   181CD    3039       0       0
   60000000             190000000             190000000             2.8607030E-05         1.0000000E+30                 0       
 NEXT SEEDS:11940016       0       0       0       0       0   181CD    3039       0       0
   65000000             185000000             185000000             2.8606761E-05         1.0000000E+30                 0       
 NEXT SEEDS:130B08D2       0       0       0       0       0   181CD    3039       0       0
   70000000             180000000             180000000             2.8600250E-05         1.0000000E+30                 0       
 NEXT SEEDS:14820A35       0       0       0       0       0   181CD    3039       0       0
   75000000             175000000             175000000             2.8603005E-05         1.0000000E+30                 0       
 NEXT SEEDS:15F8F247       0       0       0       0       0   181CD    3039       0       0
   80000000             170000000             170000000             2.8625351E-05         1.0000000E+30                 0       
 NEXT SEEDS:17701BBB       0       0       0       0       0   181CD    3039       0       0
  *** Emfgeo: Ncoun  2000000000
   85000000             165000000             165000000             2.8624096E-05         1.0000000E+30                 0       
 NEXT SEEDS:18E72E32       0       0       0       0       0   181CD    3039       0       0
   90000000             160000000             160000000             2.8625947E-05         1.0000000E+30                 0       
 NEXT SEEDS:1A5E2F25       0       0       0       0       0   181CD    3039       0       0
   95000000             155000000             155000000             2.8624910E-05         1.0000000E+30                 0       
 NEXT SEEDS:1BD55289       0       0       0       0       0   181CD    3039       0       0
  100000000             150000000             150000000             2.8618662E-05         1.0000000E+30                 0       
 NEXT SEEDS:1D4C252D       0       0       0       0       0   181CD    3039       0       0
  105000000             145000000             145000000             2.8614763E-05         1.0000000E+30                 0       
 NEXT SEEDS:1EC306EC       0       0       0       0       0   181CD    3039       0       0
  110000000             140000000             140000000             2.8612589E-05         1.0000000E+30                 0       
 NEXT SEEDS:2039DBD7       0       0       0       0       0   181CD    3039       0       0
  115000000             135000000             135000000             2.8609191E-05         1.0000000E+30                 0       
 NEXT SEEDS:21B07F6E       0       0       0       0       0   181CD    3039       0       0
  120000000             130000000             130000000             2.8606352E-05         1.0000000E+30                 0       
 NEXT SEEDS:23275F04       0       0       0       0       0   181CD    3039       0       0
  125000000             125000000             125000000             2.8609035E-05         1.0000000E+30                 0       
 NEXT SEEDS:249E6B4D       0       0       0       0       0   181CD    3039       0       0
  130000000             120000000             120000000             2.8606799E-05         1.0000000E+30                 0       
 NEXT SEEDS:26154337       0       0       0       0       0   181CD    3039       0       0
  135000000             115000000             115000000             2.8609762E-05         1.0000000E+30                 0       
 NEXT SEEDS:278C422A       0       0       0       0       0   181CD    3039       0       0
  140000000             110000000             110000000             2.8618079E-05         1.0000000E+30                 0       
 NEXT SEEDS:2903526A       0       0       0       0       0   181CD    3039       0       0
  145000000             105000000             105000000             2.8616571E-05         1.0000000E+30                 0       
 NEXT SEEDS:2A7A3A45       0       0       0       0       0   181CD    3039       0       0
  150000000             100000000             100000000             2.8615729E-05         1.0000000E+30                 0       
 NEXT SEEDS:2BF135B4       0       0       0       0       0   181CD    3039       0       0
  155000000              95000000              95000000             2.8614085E-05         1.0000000E+30                 0       
 NEXT SEEDS:2D68314E       0       0       0       0       0   181CD    3039       0       0
  160000000              90000000              90000000             2.8614246E-05         1.0000000E+30                 0       
 NEXT SEEDS:2EDF2640       0       0       0       0       0   181CD    3039       0       0
  *** Emfgeo: Ncoun  2000000000
  165000000              85000000              85000000             2.8612059E-05         1.0000000E+30                 0       
 NEXT SEEDS:3055EE07       0       0       0       0       0   181CD    3039       0       0
  170000000              80000000              80000000             2.8609082E-05         1.0000000E+30                 0       
 NEXT SEEDS:31CCDE50       0       0       0       0       0   181CD    3039       0       0
  175000000              75000000              75000000             2.8607129E-05         1.0000000E+30                 0       
 NEXT SEEDS:3343D10A       0       0       0       0       0   181CD    3039       0       0
  180000000              70000000              70000000             2.8603982E-05         1.0000000E+30                 0       
 NEXT SEEDS:34BA8911       0       0       0       0       0   181CD    3039       0       0
  185000000              65000000              65000000             2.8601278E-05         1.0000000E+30                 0       
 NEXT SEEDS:36314C53       0       0       0       0       0   181CD    3039       0       0
  190000000              60000000              60000000             2.8600380E-05         1.0000000E+30                 0       
 NEXT SEEDS:37A8529E       0       0       0       0       0   181CD    3039       0       0
  195000000              55000000              55000000             2.8598691E-05         1.0000000E+30                 0       
 NEXT SEEDS:391F2BE8       0       0       0       0       0   181CD    3039       0       0
  200000000              50000000              50000000             2.8604407E-05         1.0000000E+30                 0       
 NEXT SEEDS:3A9635AD       0       0       0       0       0   181CD    3039       0       0
  205000000              45000000              45000000             2.8607177E-05         1.0000000E+30                 0       
 NEXT SEEDS:  725233       1       0       0       0       0   181CD    3039       0       0
  210000000              40000000              40000000             2.8609796E-05         1.0000000E+30                 0       
 NEXT SEEDS: 1E929BA       1       0       0       0       0   181CD    3039       0       0
  215000000              35000000              35000000             2.8608898E-05         1.0000000E+30                 0       
 NEXT SEEDS: 35FF84D       1       0       0       0       0   181CD    3039       0       0
  220000000              30000000              30000000             2.8609313E-05         1.0000000E+30                 0       
 NEXT SEEDS: 4D70B73       1       0       0       0       0   181CD    3039       0       0
  225000000              25000000              25000000             2.8609510E-05         1.0000000E+30                 0       
 NEXT SEEDS: 64E2167       1       0       0       0       0   181CD    3039       0       0
  230000000              20000000              20000000             2.8608201E-05         1.0000000E+30                 0       
 NEXT SEEDS: 7C51B0D       1       0       0       0       0   181CD    3039       0       0
  235000000              15000000              15000000             2.8608808E-05         1.0000000E+30                 0       
 NEXT SEEDS: 93C15A8       1       0       0       0       0   181CD    3039       0       0
  240000000              10000000              10000000             2.8607918E-05         1.0000000E+30                 0       
 NEXT SEEDS: AB3018F       1       0       0       0       0   181CD    3039       0       0
  *** Emfgeo: Ncoun  2000000000
  245000000               5000000               5000000             2.8607145E-05         1.0000000E+30                 0       
 NEXT SEEDS: C29F13C       1       0       0       0       0   181CD    3039       0       0
  249999950                    50                    50             2.8608078E-05         1.0000000E+30                 0       
 NEXT SEEDS: DA09B68       1       0       0       0       0   181CD    3039       0       0
  249999951                    49                    49             2.8608080E-05         1.0000000E+30                 0       
 NEXT SEEDS: DA09B6C       1       0       0       0       0   181CD    3039       0       0
  249999952                    48                    48             2.8608080E-05         1.0000000E+30                 0       
 NEXT SEEDS: DA09B70       1       0       0       0       0   181CD    3039       0       0
  249999953                    47                    47             2.8608082E-05         1.0000000E+30                 0       
 NEXT SEEDS: DA09B74       1       0       0       0       0   181CD    3039       0       0
  249999954                    46                    46             2.8608083E-05         1.0000000E+30                 0       
 NEXT SEEDS: DA09B78       1       0       0       0       0   181CD    3039       0       0
  249999955                    45                    45             2.8608083E-05         1.0000000E+30                 0       
 NEXT SEEDS: DA09B7C       1       0       0       0       0   181CD    3039       0       0
  249999956                    44                    44             2.8608085E-05         1.0000000E+30                 0       
 NEXT SEEDS: DA09B80       1       0       0       0       0   181CD    3039       0       0
  249999957                    43                    43             2.8608085E-05         1.0000000E+30                 0       
 NEXT SEEDS: DA09B84       1       0       0       0       0   181CD    3039       0       0
  249999958                    42                    42             2.8608085E-05         1.0000000E+30                 0       
 NEXT SEEDS: DA09B88       1       0       0       0       0   181CD    3039       0       0
  249999959                    41                    41             2.8608087E-05         1.0000000E+30                 0       
 NEXT SEEDS: DA09B8C       1       0       0       0       0   181CD    3039       0       0
  249999960                    40                    40             2.8608087E-05         1.0000000E+30                 0       
 NEXT SEEDS: DA09BA0       1       0       0       0       0   181CD    3039       0       0
  249999961                    39                    39             2.8608089E-05         1.0000000E+30                 0       
 NEXT SEEDS: DA09BA4       1       0       0       0       0   181CD    3039       0       0
  249999962                    38                    38             2.8608088E-05         1.0000000E+30                 0       
 NEXT SEEDS: DA09BA8       1       0       0       0       0   181CD    3039       0       0
  249999963                    37                    37             2.8608088E-05         1.0000000E+30                 0       
 NEXT SEEDS: DA09BAC       1       0       0       0       0   181CD    3039       0       0
  249999964                    36                    36             2.8608090E-05         1.0000000E+30                 0       
 NEXT SEEDS: DA09BB0       1       0       0       0       0   181CD    3039       0       0
  249999965                    35                    35             2.8608090E-05         1.0000000E+30                 0       
 NEXT SEEDS: DA09BB4       1       0       0       0       0   181CD    3039       0       0
  249999966                    34                    34             2.8608092E-05         1.0000000E+30                 0       
 NEXT SEEDS: DA09BB8       1       0       0       0       0   181CD    3039       0       0
  249999967                    33                    33             2.8608092E-05         1.0000000E+30                 0       
 NEXT SEEDS: DA09BBC       1       0       0       0       0   181CD    3039       0       0
  249999968                    32                    32             2.8608092E-05         1.0000000E+30                 0       
 NEXT SEEDS: DA09BC0       1       0       0       0       0   181CD    3039       0       0
  249999969                    31                    31             2.8608093E-05         1.0000000E+30                 0       
 NEXT SEEDS: DA09BC4       1       0       0       0       0   181CD    3039       0       0
  249999970                    30                    30             2.8608093E-05         1.0000000E+30                 0       
 NEXT SEEDS: DA09BC8       1       0       0       0       0   181CD    3039       0       0
  249999971                    29                    29             2.8608093E-05         1.0000000E+30                 0       
 NEXT SEEDS: DA09BCC       1       0       0       0       0   181CD    3039       0       0
  249999972                    28                    28             2.8608093E-05         1.0000000E+30                 0       
 NEXT SEEDS: DA09BD0       1       0       0       0       0   181CD    3039       0       0
  249999973                    27                    27             2.8608093E-05         1.0000000E+30                 0       
 NEXT SEEDS: DA09BD4       1       0       0       0       0   181CD    3039       0       0
  249999974                    26                    26             2.8608093E-05         1.0000000E+30                 0       
 NEXT SEEDS: DA09BD8       1       0       0       0       0   181CD    3039       0       0
  249999975                    25                    25             2.8608093E-05         1.0000000E+30                 0       
 NEXT SEEDS: DA09BDE       1       0       0       0       0   181CD    3039       0       0
  249999976                    24                    24             2.8608095E-05         1.0000000E+30                 0       
 NEXT SEEDS: DA09BE2       1       0       0       0       0   181CD    3039       0       0
  249999977                    23                    23             2.8608095E-05         1.0000000E+30                 0       
 NEXT SEEDS: DA09BE6       1       0       0       0       0   181CD    3039       0       0
  249999978                    22                    22             2.8608096E-05         1.0000000E+30                 0       
 NEXT SEEDS: DA09BEA       1       0       0       0       0   181CD    3039       0       0
  249999979                    21                    21             2.8608096E-05         1.0000000E+30                 0       
 NEXT SEEDS: DA09BEE       1       0       0       0       0   181CD    3039       0       0
  249999980                    20                    20             2.8608098E-05         1.0000000E+30                 0       
 NEXT SEEDS: DA09BF2       1       0       0       0       0   181CD    3039       0       0
  249999981                    19                    19             2.8608098E-05         1.0000000E+30                 0       
 NEXT SEEDS: DA09BF6       1       0       0       0       0   181CD    3039       0       0
  249999982                    18                    18             2.8608098E-05         1.0000000E+30                 0       
 NEXT SEEDS: DA09BFA       1       0       0       0       0   181CD    3039       0       0
  249999983                    17                    17             2.8608100E-05         1.0000000E+30                 0       
 NEXT SEEDS: DA09BFE       1       0       0       0       0   181CD    3039       0       0
  249999984                    16                    16             2.8608100E-05         1.0000000E+30                 0       
 NEXT SEEDS: DA09C02       1       0       0       0       0   181CD    3039       0       0
  249999985                    15                    15             2.8608099E-05         1.0000000E+30                 0       
 NEXT SEEDS: DA09C06       1       0       0       0       0   181CD    3039       0       0
  249999986                    14                    14             2.8608099E-05         1.0000000E+30                 0       
 NEXT SEEDS: DA09C0A       1       0       0       0       0   181CD    3039       0       0
  249999987                    13                    13             2.8608099E-05         1.0000000E+30                 0       
 NEXT SEEDS: DA09C0E       1       0       0       0       0   181CD    3039       0       0
  249999988                    12                    12             2.8608099E-05         1.0000000E+30                 0       
 NEXT SEEDS: DA09C3D       1       0       0       0       0   181CD    3039       0       0
  249999989                    11                    11             2.8608099E-05         1.0000000E+30                 0       
 NEXT SEEDS: DA09C43       1       0       0       0       0   181CD    3039       0       0
  249999990                    10                    10             2.8608099E-05         1.0000000E+30                 0       
 NEXT SEEDS: DA09C47       1       0       0       0       0   181CD    3039       0       0
  249999991                     9                     9             2.8608099E-05         1.0000000E+30                 0       
 NEXT SEEDS: DA09C4B       1       0       0       0       0   181CD    3039       0       0
  249999992                     8                     8             2.8608099E-05         1.0000000E+30                 0       
 NEXT SEEDS: DA09C4F       1       0       0       0       0   181CD    3039       0       0
  249999993                     7                     7             2.8608101E-05         1.0000000E+30                 0       
 NEXT SEEDS: DA09C53       1       0       0       0       0   181CD    3039       0       0
  249999994                     6                     6             2.8608100E-05         1.0000000E+30                 0       
 NEXT SEEDS: DA09C57       1       0       0       0       0   181CD    3039       0       0
  249999995                     5                     5             2.8608100E-05         1.0000000E+30                 0       
 NEXT SEEDS: DA09C5B       1       0       0       0       0   181CD    3039       0       0
  249999996                     4                     4             2.8608100E-05         1.0000000E+30                 0       
 NEXT SEEDS: DA09C5F       1       0       0       0       0   181CD    3039       0       0
  249999997                     3                     3             2.8608100E-05         1.0000000E+30                 0       
 NEXT SEEDS: DA09C63       1       0       0       0       0   181CD    3039       0       0
  249999998                     2                     2             2.8608100E-05         1.0000000E+30                 0       
 NEXT SEEDS: DA09C67       1       0       0       0       0   181CD    3039       0       0
  249999999                     1                     1             2.8608100E-05         1.0000000E+30                 0       
 NEXT SEEDS: DA09C6B       1       0       0       0       0   181CD    3039       0       0
  250000000                     0                     1             2.8608100E-05         1.0000000E+30                 0       
 NEXT SEEDS: DA09C6F       1       0       0       0       0   181CD    3039       0       0
