1NUMBER OF BEAM       NUMBER OF BEAM        APPROXIMATE NUMBER    AVERAGE TIME USED     TIME LEFT (RESERVED   NUMBER OF STARS
 PARTICLES HANDLED    PARTICLES LEFT        OF BEAM PARTICLES     BY A BEAM PARTICLE     10000.0 SECONDS      CREATED
                                            THAT CAN STILL BE                           FOR PRINTOUT)
                                            HANDLED

 NEXT SEEDS:       0       0       0       0       0       0   181CD    3039       0       0
          1             249999999             249999999             7.7009201E-05         1.0000000E+30                 0       
 NEXT SEEDS:       4       0       0       0       0       0   181CD    3039       0       0
    5000000             245000000             245000000             2.8002090E-05         1.0000000E+30                 0       
 NEXT SEEDS: 176FF5D       0       0       0       0       0   181CD    3039       0       0
   10000000             240000000             240000000             2.7950888E-05         1.0000000E+30                 0       
 NEXT SEEDS: 2EDD872       0       0       0       0       0   181CD    3039       0       0
   15000000             235000000             235000000             2.7931388E-05         1.0000000E+30                 0       
 NEXT SEEDS: 464C0F4       0       0       0       0       0   181CD    3039       0       0
   20000000             230000000             230000000             2.7923889E-05         1.0000000E+30                 0       
 NEXT SEEDS: 5DBBA19       0       0       0       0       0   181CD    3039       0       0
   25000000             225000000             225000000             2.7944260E-05         1.0000000E+30                 0       
 NEXT SEEDS: 752CA8A       0       0       0       0       0   181CD    3039       0       0
   30000000             220000000             220000000             2.7942574E-05         1.0000000E+30                 0       
 NEXT SEEDS: 8C9C4CC       0       0       0       0       0   181CD    3039       0       0
   35000000             215000000             215000000             2.7931679E-05         1.0000000E+30                 0       
 NEXT SEEDS: A40A553       0       0       0       0       0   181CD    3039       0       0
   40000000             210000000             210000000             2.7922313E-05         1.0000000E+30                 0       
 NEXT SEEDS: BB79BF5       0       0       0       0       0   181CD    3039       0       0
   45000000             205000000             205000000             2.7923124E-05         1.0000000E+30                 0       
 NEXT SEEDS: D2EBA77       0       0       0       0       0   181CD    3039       0       0
   50000000             200000000             200000000             2.7925223E-05         1.0000000E+30                 0       
 NEXT SEEDS: EA5D6AF       0       0       0       0       0   181CD    3039       0       0
   55000000             195000000             195000000             2.7919688E-05         1.0000000E+30                 0       
 NEXT SEEDS:101CC5FD       0       0       0       0       0   181CD    3039       0       0
   60000000             190000000             190000000             2.7917701E-05         1.0000000E+30                 0       
 NEXT SEEDS:1193AC6D       0       0       0       0       0   181CD    3039       0       0
   65000000             185000000             185000000             2.7915643E-05         1.0000000E+30                 0       
 NEXT SEEDS:130A99DB       0       0       0       0       0   181CD    3039       0       0
   70000000             180000000             180000000             2.7916125E-05         1.0000000E+30                 0       
 NEXT SEEDS:1481A8E5       0       0       0       0       0   181CD    3039       0       0
   75000000             175000000             175000000             2.7914394E-05         1.0000000E+30                 0       
 NEXT SEEDS:15F8C170       0       0       0       0       0   181CD    3039       0       0
   80000000             170000000             170000000             2.7913738E-05         1.0000000E+30                 0       
 NEXT SEEDS:176FA0AE       0       0       0       0       0   181CD    3039       0       0
  *** Emfgeo: Ncoun  2000000000
   85000000             165000000             165000000             2.7913935E-05         1.0000000E+30                 0       
 NEXT SEEDS:18E6DAE4       0       0       0       0       0   181CD    3039       0       0
   90000000             160000000             160000000             2.7912803E-05         1.0000000E+30                 0       
 NEXT SEEDS:1A5DD49B       0       0       0       0       0   181CD    3039       0       0
   95000000             155000000             155000000             2.7919489E-05         1.0000000E+30                 0       
 NEXT SEEDS:1BD4F517       0       0       0       0       0   181CD    3039       0       0
  100000000             150000000             150000000             2.7919575E-05         1.0000000E+30                 0       
 NEXT SEEDS:1D4C1B4D       0       0       0       0       0   181CD    3039       0       0
  105000000             145000000             145000000             2.7918263E-05         1.0000000E+30                 0       
 NEXT SEEDS:1EC2E6C2       0       0       0       0       0   181CD    3039       0       0
  110000000             140000000             140000000             2.7916011E-05         1.0000000E+30                 0       
 NEXT SEEDS:2039EAE2       0       0       0       0       0   181CD    3039       0       0
  115000000             135000000             135000000             2.7915053E-05         1.0000000E+30                 0       
 NEXT SEEDS:21B0C73E       0       0       0       0       0   181CD    3039       0       0
  120000000             130000000             130000000             2.7913289E-05         1.0000000E+30                 0       
 NEXT SEEDS:2327D469       0       0       0       0       0   181CD    3039       0       0
  125000000             125000000             125000000             2.7918361E-05         1.0000000E+30                 0       
 NEXT SEEDS:249F241C       0       0       0       0       0   181CD    3039       0       0
  130000000             120000000             120000000             2.7918023E-05         1.0000000E+30                 0       
 NEXT SEEDS:26167A71       0       0       0       0       0   181CD    3039       0       0
  135000000             115000000             115000000             2.7919364E-05         1.0000000E+30                 0       
 NEXT SEEDS:278D618F       0       0       0       0       0   181CD    3039       0       0
  140000000             110000000             110000000             2.7918464E-05         1.0000000E+30                 0       
 NEXT SEEDS:29043D50       0       0       0       0       0   181CD    3039       0       0
  145000000             105000000             105000000             2.7918445E-05         1.0000000E+30                 0       
 NEXT SEEDS:2A7B35B6       0       0       0       0       0   181CD    3039       0       0
  150000000             100000000             100000000             2.7918081E-05         1.0000000E+30                 0       
 NEXT SEEDS:2BF264F8       0       0       0       0       0   181CD    3039       0       0
  155000000              95000000              95000000             2.7916376E-05         1.0000000E+30                 0       
 NEXT SEEDS:2D6982B5       0       0       0       0       0   181CD    3039       0       0
  160000000              90000000              90000000             2.7915696E-05         1.0000000E+30                 0       
 NEXT SEEDS:2EE0547B       0       0       0       0       0   181CD    3039       0       0
  *** Emfgeo: Ncoun  2000000000
  165000000              85000000              85000000             2.7912661E-05         1.0000000E+30                 0       
 NEXT SEEDS:30573461       0       0       0       0       0   181CD    3039       0       0
  170000000              80000000              80000000             2.7911318E-05         1.0000000E+30                 0       
 NEXT SEEDS:31CE15E6       0       0       0       0       0   181CD    3039       0       0
  175000000              75000000              75000000             2.7909320E-05         1.0000000E+30                 0       
 NEXT SEEDS:3344EBF6       0       0       0       0       0   181CD    3039       0       0
  180000000              70000000              70000000             2.7908280E-05         1.0000000E+30                 0       
 NEXT SEEDS:34BBEB5D       0       0       0       0       0   181CD    3039       0       0
  185000000              65000000              65000000             2.7907676E-05         1.0000000E+30                 0       
 NEXT SEEDS:3632EA1B       0       0       0       0       0   181CD    3039       0       0
  190000000              60000000              60000000             2.7911401E-05         1.0000000E+30                 0       
 NEXT SEEDS:37AA043A       0       0       0       0       0   181CD    3039       0       0
  195000000              55000000              55000000             2.7911712E-05         1.0000000E+30                 0       
 NEXT SEEDS:392103B9       0       0       0       0       0   181CD    3039       0       0
  200000000              50000000              50000000             2.7911944E-05         1.0000000E+30                 0       
 NEXT SEEDS:3A9800D6       0       0       0       0       0   181CD    3039       0       0
  205000000              45000000              45000000             2.7911815E-05         1.0000000E+30                 0       
 NEXT SEEDS:  74118E       1       0       0       0       0   181CD    3039       0       0
  210000000              40000000              40000000             2.7913784E-05         1.0000000E+30                 0       
 NEXT SEEDS: 1EB2A79       1       0       0       0       0   181CD    3039       0       0
  215000000              35000000              35000000             2.7913078E-05         1.0000000E+30                 0       
 NEXT SEEDS: 361F28D       1       0       0       0       0   181CD    3039       0       0
  220000000              30000000              30000000             2.7914354E-05         1.0000000E+30                 0       
 NEXT SEEDS: 4D91749       1       0       0       0       0   181CD    3039       0       0
  225000000              25000000              25000000             2.7912807E-05         1.0000000E+30                 0       
 NEXT SEEDS: 6500B5B       1       0       0       0       0   181CD    3039       0       0
  230000000              20000000              20000000             2.7913573E-05         1.0000000E+30                 0       
 NEXT SEEDS: 7C6E006       1       0       0       0       0   181CD    3039       0       0
  235000000              15000000              15000000             2.7915300E-05         1.0000000E+30                 0       
 NEXT SEEDS: 93DBAA1       1       0       0       0       0   181CD    3039       0       0
  240000000              10000000              10000000             2.7914767E-05         1.0000000E+30                 0       
 NEXT SEEDS: AB4B193       1       0       0       0       0   181CD    3039       0       0
  *** Emfgeo: Ncoun  2000000000
  245000000               5000000               5000000             2.7914532E-05         1.0000000E+30                 0       
 NEXT SEEDS: C2B740C       1       0       0       0       0   181CD    3039       0       0
  249999950                    50                    50             2.7915415E-05         1.0000000E+30                 0       
 NEXT SEEDS: DA294F5       1       0       0       0       0   181CD    3039       0       0
  249999951                    49                    49             2.7915416E-05         1.0000000E+30                 0       
 NEXT SEEDS: DA294F9       1       0       0       0       0   181CD    3039       0       0
  249999952                    48                    48             2.7915416E-05         1.0000000E+30                 0       
 NEXT SEEDS: DA294FD       1       0       0       0       0   181CD    3039       0       0
  249999953                    47                    47             2.7915418E-05         1.0000000E+30                 0       
 NEXT SEEDS: DA29501       1       0       0       0       0   181CD    3039       0       0
  249999954                    46                    46             2.7915418E-05         1.0000000E+30                 0       
 NEXT SEEDS: DA29505       1       0       0       0       0   181CD    3039       0       0
  249999955                    45                    45             2.7915420E-05         1.0000000E+30                 0       
 NEXT SEEDS: DA29519       1       0       0       0       0   181CD    3039       0       0
  249999956                    44                    44             2.7915420E-05         1.0000000E+30                 0       
 NEXT SEEDS: DA2951D       1       0       0       0       0   181CD    3039       0       0
  249999957                    43                    43             2.7915420E-05         1.0000000E+30                 0       
 NEXT SEEDS: DA29521       1       0       0       0       0   181CD    3039       0       0
  249999958                    42                    42             2.7915419E-05         1.0000000E+30                 0       
 NEXT SEEDS: DA29525       1       0       0       0       0   181CD    3039       0       0
  249999959                    41                    41             2.7915419E-05         1.0000000E+30                 0       
 NEXT SEEDS: DA29529       1       0       0       0       0   181CD    3039       0       0
  249999960                    40                    40             2.7915419E-05         1.0000000E+30                 0       
 NEXT SEEDS: DA2952F       1       0       0       0       0   181CD    3039       0       0
  249999961                    39                    39             2.7915419E-05         1.0000000E+30                 0       
 NEXT SEEDS: DA29533       1       0       0       0       0   181CD    3039       0       0
  249999962                    38                    38             2.7915421E-05         1.0000000E+30                 0       
 NEXT SEEDS: DA29548       1       0       0       0       0   181CD    3039       0       0
  249999963                    37                    37             2.7915421E-05         1.0000000E+30                 0       
 NEXT SEEDS: DA2954C       1       0       0       0       0   181CD    3039       0       0
  249999964                    36                    36             2.7915421E-05         1.0000000E+30                 0       
 NEXT SEEDS: DA29550       1       0       0       0       0   181CD    3039       0       0
  249999965                    35                    35             2.7915421E-05         1.0000000E+30                 0       
 NEXT SEEDS: DA29554       1       0       0       0       0   181CD    3039       0       0
  249999966                    34                    34             2.7915421E-05         1.0000000E+30                 0       
 NEXT SEEDS: DA29558       1       0       0       0       0   181CD    3039       0       0
  249999967                    33                    33             2.7915420E-05         1.0000000E+30                 0       
 NEXT SEEDS: DA2955C       1       0       0       0       0   181CD    3039       0       0
  249999968                    32                    32             2.7915420E-05         1.0000000E+30                 0       
 NEXT SEEDS: DA29560       1       0       0       0       0   181CD    3039       0       0
  249999969                    31                    31             2.7915422E-05         1.0000000E+30                 0       
 NEXT SEEDS: DA29564       1       0       0       0       0   181CD    3039       0       0
  249999970                    30                    30             2.7915422E-05         1.0000000E+30                 0       
 NEXT SEEDS: DA2956A       1       0       0       0       0   181CD    3039       0       0
  249999971                    29                    29             2.7915424E-05         1.0000000E+30                 0       
 NEXT SEEDS: DA2956E       1       0       0       0       0   181CD    3039       0       0
  249999972                    28                    28             2.7915424E-05         1.0000000E+30                 0       
 NEXT SEEDS: DA29572       1       0       0       0       0   181CD    3039       0       0
  249999973                    27                    27             2.7915424E-05         1.0000000E+30                 0       
 NEXT SEEDS: DA29576       1       0       0       0       0   181CD    3039       0       0
  249999974                    26                    26             2.7915424E-05         1.0000000E+30                 0       
 NEXT SEEDS: DA2957A       1       0       0       0       0   181CD    3039       0       0
  249999975                    25                    25             2.7915423E-05         1.0000000E+30                 0       
 NEXT SEEDS: DA2957E       1       0       0       0       0   181CD    3039       0       0
  249999976                    24                    24             2.7915423E-05         1.0000000E+30                 0       
 NEXT SEEDS: DA29582       1       0       0       0       0   181CD    3039       0       0
  249999977                    23                    23             2.7915423E-05         1.0000000E+30                 0       
 NEXT SEEDS: DA29586       1       0       0       0       0   181CD    3039       0       0
  249999978                    22                    22             2.7915423E-05         1.0000000E+30                 0       
 NEXT SEEDS: DA2958C       1       0       0       0       0   181CD    3039       0       0
  249999979                    21                    21             2.7915423E-05         1.0000000E+30                 0       
 NEXT SEEDS: DA29590       1       0       0       0       0   181CD    3039       0       0
  249999980                    20                    20             2.7915423E-05         1.0000000E+30                 0       
 NEXT SEEDS: DA29594       1       0       0       0       0   181CD    3039       0       0
  249999981                    19                    19             2.7915423E-05         1.0000000E+30                 0       
 NEXT SEEDS: DA29598       1       0       0       0       0   181CD    3039       0       0
  249999982                    18                    18             2.7915423E-05         1.0000000E+30                 0       
 NEXT SEEDS: DA2959C       1       0       0       0       0   181CD    3039       0       0
  249999983                    17                    17             2.7915423E-05         1.0000000E+30                 0       
 NEXT SEEDS: DA295A0       1       0       0       0       0   181CD    3039       0       0
  249999984                    16                    16             2.7915424E-05         1.0000000E+30                 0       
 NEXT SEEDS: DA295A4       1       0       0       0       0   181CD    3039       0       0
  249999985                    15                    15             2.7915424E-05         1.0000000E+30                 0       
 NEXT SEEDS: DA295AA       1       0       0       0       0   181CD    3039       0       0
  249999986                    14                    14             2.7915424E-05         1.0000000E+30                 0       
 NEXT SEEDS: DA295AE       1       0       0       0       0   181CD    3039       0       0
  249999987                    13                    13             2.7915426E-05         1.0000000E+30                 0       
 NEXT SEEDS: DA295B2       1       0       0       0       0   181CD    3039       0       0
  249999988                    12                    12             2.7915426E-05         1.0000000E+30                 0       
 NEXT SEEDS: DA295B6       1       0       0       0       0   181CD    3039       0       0
  249999989                    11                    11             2.7915426E-05         1.0000000E+30                 0       
 NEXT SEEDS: DA295BA       1       0       0       0       0   181CD    3039       0       0
  249999990                    10                    10             2.7915428E-05         1.0000000E+30                 0       
 NEXT SEEDS: DA295BE       1       0       0       0       0   181CD    3039       0       0
  249999991                     9                     9             2.7915428E-05         1.0000000E+30                 0       
 NEXT SEEDS: DA295C2       1       0       0       0       0   181CD    3039       0       0
  249999992                     8                     8             2.7915427E-05         1.0000000E+30                 0       
 NEXT SEEDS: DA295C6       1       0       0       0       0   181CD    3039       0       0
  249999993                     7                     7             2.7915429E-05         1.0000000E+30                 0       
 NEXT SEEDS: DA295CA       1       0       0       0       0   181CD    3039       0       0
  249999994                     6                     6             2.7915429E-05         1.0000000E+30                 0       
 NEXT SEEDS: DA295CE       1       0       0       0       0   181CD    3039       0       0
  249999995                     5                     5             2.7915429E-05         1.0000000E+30                 0       
 NEXT SEEDS: DA295D2       1       0       0       0       0   181CD    3039       0       0
  249999996                     4                     4             2.7915429E-05         1.0000000E+30                 0       
 NEXT SEEDS: DA295D6       1       0       0       0       0   181CD    3039       0       0
  249999997                     3                     3             2.7915429E-05         1.0000000E+30                 0       
 NEXT SEEDS: DA295DA       1       0       0       0       0   181CD    3039       0       0
  249999998                     2                     2             2.7915429E-05         1.0000000E+30                 0       
 NEXT SEEDS: DA295DE       1       0       0       0       0   181CD    3039       0       0
  249999999                     1                     1             2.7915429E-05         1.0000000E+30                 0       
 NEXT SEEDS: DA295E4       1       0       0       0       0   181CD    3039       0       0
  250000000                     0                     1             2.7915428E-05         1.0000000E+30                 0       
 NEXT SEEDS: DA295E8       1       0       0       0       0   181CD    3039       0       0
