1NUMBER OF BEAM       NUMBER OF BEAM        APPROXIMATE NUMBER    AVERAGE TIME USED     TIME LEFT (RESERVED   NUMBER OF STARS
 PARTICLES HANDLED    PARTICLES LEFT        OF BEAM PARTICLES     BY A BEAM PARTICLE     10000.0 SECONDS      CREATED
                                            THAT CAN STILL BE                           FOR PRINTOUT)
                                            HANDLED

 NEXT SEEDS:       0       0       0       0       0       0   181CD    3039       0       0
          1             249999999             249999999             0.0000000E+00         1.0000000E+30                 0       
 NEXT SEEDS:       4       0       0       0       0       0   181CD    3039       0       0
    5000000             245000000             245000000             2.7956579E-05         1.0000000E+30                 0       
 NEXT SEEDS: 1773701       0       0       0       0       0   181CD    3039       0       0
   10000000             240000000             240000000             2.7925650E-05         1.0000000E+30                 0       
 NEXT SEEDS: 2EE4348       0       0       0       0       0   181CD    3039       0       0
   15000000             235000000             235000000             2.7915621E-05         1.0000000E+30                 0       
 NEXT SEEDS: 4652E05       0       0       0       0       0   181CD    3039       0       0
   20000000             230000000             230000000             2.7899597E-05         1.0000000E+30                 0       
 NEXT SEEDS: 5DC2989       0       0       0       0       0   181CD    3039       0       0
   25000000             225000000             225000000             2.7913726E-05         1.0000000E+30                 0       
 NEXT SEEDS: 7531FE3       0       0       0       0       0   181CD    3039       0       0
   30000000             220000000             220000000             2.7912366E-05         1.0000000E+30                 0       
 NEXT SEEDS: 8CA3E6D       0       0       0       0       0   181CD    3039       0       0
   35000000             215000000             215000000             2.7914596E-05         1.0000000E+30                 0       
 NEXT SEEDS: A4130F4       0       0       0       0       0   181CD    3039       0       0
   40000000             210000000             210000000             2.7923181E-05         1.0000000E+30                 0       
 NEXT SEEDS: BB85216       0       0       0       0       0   181CD    3039       0       0
   45000000             205000000             205000000             2.7920475E-05         1.0000000E+30                 0       
 NEXT SEEDS: D2F2A02       0       0       0       0       0   181CD    3039       0       0
   50000000             200000000             200000000             2.7932253E-05         1.0000000E+30                 0       
 NEXT SEEDS: EA64E0D       0       0       0       0       0   181CD    3039       0       0
   55000000             195000000             195000000             2.7969183E-05         1.0000000E+30                 0       
 NEXT SEEDS:101D5369       0       0       0       0       0   181CD    3039       0       0
   60000000             190000000             190000000             2.7982835E-05         1.0000000E+30                 0       
 NEXT SEEDS:11946C47       0       0       0       0       0   181CD    3039       0       0
   65000000             185000000             185000000             2.7973383E-05         1.0000000E+30                 0       
 NEXT SEEDS:130B6628       0       0       0       0       0   181CD    3039       0       0
   70000000             180000000             180000000             2.7970349E-05         1.0000000E+30                 0       
 NEXT SEEDS:1482226C       0       0       0       0       0   181CD    3039       0       0
   75000000             175000000             175000000             2.7968613E-05         1.0000000E+30                 0       
 NEXT SEEDS:15F919F0       0       0       0       0       0   181CD    3039       0       0
   80000000             170000000             170000000             2.7965796E-05         1.0000000E+30                 0       
 NEXT SEEDS:177012D8       0       0       0       0       0   181CD    3039       0       0
  *** Emfgeo: Ncoun  2000000000
   85000000             165000000             165000000             2.7962586E-05         1.0000000E+30                 0       
 NEXT SEEDS:18E73569       0       0       0       0       0   181CD    3039       0       0
   90000000             160000000             160000000             2.7958732E-05         1.0000000E+30                 0       
 NEXT SEEDS:1A5E2F9A       0       0       0       0       0   181CD    3039       0       0
   95000000             155000000             155000000             2.7956222E-05         1.0000000E+30                 0       
 NEXT SEEDS:1BD50DB6       0       0       0       0       0   181CD    3039       0       0
  100000000             150000000             150000000             2.7955437E-05         1.0000000E+30                 0       
 NEXT SEEDS:1D4C1657       0       0       0       0       0   181CD    3039       0       0
  105000000             145000000             145000000             2.7953618E-05         1.0000000E+30                 0       
 NEXT SEEDS:1EC30878       0       0       0       0       0   181CD    3039       0       0
  110000000             140000000             140000000             2.7952122E-05         1.0000000E+30                 0       
 NEXT SEEDS:203A0467       0       0       0       0       0   181CD    3039       0       0
  115000000             135000000             135000000             2.7951076E-05         1.0000000E+30                 0       
 NEXT SEEDS:21B0EC76       0       0       0       0       0   181CD    3039       0       0
  120000000             130000000             130000000             2.7948840E-05         1.0000000E+30                 0       
 NEXT SEEDS:2327B600       0       0       0       0       0   181CD    3039       0       0
  125000000             125000000             125000000             2.7946193E-05         1.0000000E+30                 0       
 NEXT SEEDS:249E87EB       0       0       0       0       0   181CD    3039       0       0
  130000000             120000000             120000000             2.7945260E-05         1.0000000E+30                 0       
 NEXT SEEDS:261591FB       0       0       0       0       0   181CD    3039       0       0
  135000000             115000000             115000000             2.7945886E-05         1.0000000E+30                 0       
 NEXT SEEDS:278CAB2D       0       0       0       0       0   181CD    3039       0       0
  140000000             110000000             110000000             2.7946338E-05         1.0000000E+30                 0       
 NEXT SEEDS:2903CA1D       0       0       0       0       0   181CD    3039       0       0
  145000000             105000000             105000000             2.7945503E-05         1.0000000E+30                 0       
 NEXT SEEDS:2A7AA1F9       0       0       0       0       0   181CD    3039       0       0
  150000000             100000000             100000000             2.7945340E-05         1.0000000E+30                 0       
 NEXT SEEDS:2BF1AEC7       0       0       0       0       0   181CD    3039       0       0
  155000000              95000000              95000000             2.7945037E-05         1.0000000E+30                 0       
 NEXT SEEDS:2D68A608       0       0       0       0       0   181CD    3039       0       0
  160000000              90000000              90000000             2.7943651E-05         1.0000000E+30                 0       
 NEXT SEEDS:2EDFFC78       0       0       0       0       0   181CD    3039       0       0
  *** Emfgeo: Ncoun  2000000000
  165000000              85000000              85000000             2.7942855E-05         1.0000000E+30                 0       
 NEXT SEEDS:3056F966       0       0       0       0       0   181CD    3039       0       0
  170000000              80000000              80000000             2.7942123E-05         1.0000000E+30                 0       
 NEXT SEEDS:31CDEE36       0       0       0       0       0   181CD    3039       0       0
  175000000              75000000              75000000             2.7942914E-05         1.0000000E+30                 0       
 NEXT SEEDS:3345206F       0       0       0       0       0   181CD    3039       0       0
  180000000              70000000              70000000             2.7942870E-05         1.0000000E+30                 0       
 NEXT SEEDS:34BBEDCB       0       0       0       0       0   181CD    3039       0       0
  185000000              65000000              65000000             2.7948985E-05         1.0000000E+30                 0       
 NEXT SEEDS:3632F87F       0       0       0       0       0   181CD    3039       0       0
  190000000              60000000              60000000             2.7949045E-05         1.0000000E+30                 0       
 NEXT SEEDS:37AA01DB       0       0       0       0       0   181CD    3039       0       0
  195000000              55000000              55000000             2.7947958E-05         1.0000000E+30                 0       
 NEXT SEEDS:3920E683       0       0       0       0       0   181CD    3039       0       0
  200000000              50000000              50000000             2.7947650E-05         1.0000000E+30                 0       
 NEXT SEEDS:3A97D0DB       0       0       0       0       0   181CD    3039       0       0
  205000000              45000000              45000000             2.7947395E-05         1.0000000E+30                 0       
 NEXT SEEDS:  73F78A       1       0       0       0       0   181CD    3039       0       0
  210000000              40000000              40000000             2.7945211E-05         1.0000000E+30                 0       
 NEXT SEEDS: 1EB2F0B       1       0       0       0       0   181CD    3039       0       0
  215000000              35000000              35000000             2.7944846E-05         1.0000000E+30                 0       
 NEXT SEEDS: 361FE50       1       0       0       0       0   181CD    3039       0       0
  220000000              30000000              30000000             2.7944941E-05         1.0000000E+30                 0       
 NEXT SEEDS: 4D8FD7B       1       0       0       0       0   181CD    3039       0       0
  225000000              25000000              25000000             2.7943949E-05         1.0000000E+30                 0       
 NEXT SEEDS: 64FDBEF       1       0       0       0       0   181CD    3039       0       0
  230000000              20000000              20000000             2.7942161E-05         1.0000000E+30                 0       
 NEXT SEEDS: 7C6B483       1       0       0       0       0   181CD    3039       0       0
  235000000              15000000              15000000             2.7942691E-05         1.0000000E+30                 0       
 NEXT SEEDS: 93D8780       1       0       0       0       0   181CD    3039       0       0
  240000000              10000000              10000000             2.7941332E-05         1.0000000E+30                 0       
 NEXT SEEDS: AB42968       1       0       0       0       0   181CD    3039       0       0
  *** Emfgeo: Ncoun  2000000000
  245000000               5000000               5000000             2.7941250E-05         1.0000000E+30                 0       
 NEXT SEEDS: C2B0CD8       1       0       0       0       0   181CD    3039       0       0
  249999950                    50                    50             2.7941161E-05         1.0000000E+30                 0       
 NEXT SEEDS: DA21CC9       1       0       0       0       0   181CD    3039       0       0
  249999951                    49                    49             2.7941163E-05         1.0000000E+30                 0       
 NEXT SEEDS: DA21CCD       1       0       0       0       0   181CD    3039       0       0
  249999952                    48                    48             2.7941163E-05         1.0000000E+30                 0       
 NEXT SEEDS: DA21CD1       1       0       0       0       0   181CD    3039       0       0
  249999953                    47                    47             2.7941162E-05         1.0000000E+30                 0       
 NEXT SEEDS: DA21CD5       1       0       0       0       0   181CD    3039       0       0
  249999954                    46                    46             2.7941164E-05         1.0000000E+30                 0       
 NEXT SEEDS: DA21CD9       1       0       0       0       0   181CD    3039       0       0
  249999955                    45                    45             2.7941164E-05         1.0000000E+30                 0       
 NEXT SEEDS: DA21CDD       1       0       0       0       0   181CD    3039       0       0
  249999956                    44                    44             2.7941166E-05         1.0000000E+30                 0       
 NEXT SEEDS: DA21CE1       1       0       0       0       0   181CD    3039       0       0
  249999957                    43                    43             2.7941166E-05         1.0000000E+30                 0       
 NEXT SEEDS: DA21CE5       1       0       0       0       0   181CD    3039       0       0
  249999958                    42                    42             2.7941166E-05         1.0000000E+30                 0       
 NEXT SEEDS: DA21CE9       1       0       0       0       0   181CD    3039       0       0
  249999959                    41                    41             2.7941168E-05         1.0000000E+30                 0       
 NEXT SEEDS: DA21CED       1       0       0       0       0   181CD    3039       0       0
  249999960                    40                    40             2.7941168E-05         1.0000000E+30                 0       
 NEXT SEEDS: DA21CF1       1       0       0       0       0   181CD    3039       0       0
  249999961                    39                    39             2.7941169E-05         1.0000000E+30                 0       
 NEXT SEEDS: DA21CF7       1       0       0       0       0   181CD    3039       0       0
  249999962                    38                    38             2.7941169E-05         1.0000000E+30                 0       
 NEXT SEEDS: DA21CFB       1       0       0       0       0   181CD    3039       0       0
  249999963                    37                    37             2.7941171E-05         1.0000000E+30                 0       
 NEXT SEEDS: DA21CFF       1       0       0       0       0   181CD    3039       0       0
  249999964                    36                    36             2.7941171E-05         1.0000000E+30                 0       
 NEXT SEEDS: DA21D03       1       0       0       0       0   181CD    3039       0       0
  249999965                    35                    35             2.7941171E-05         1.0000000E+30                 0       
 NEXT SEEDS: DA21D07       1       0       0       0       0   181CD    3039       0       0
  249999966                    34                    34             2.7941171E-05         1.0000000E+30                 0       
 NEXT SEEDS: DA21D0B       1       0       0       0       0   181CD    3039       0       0
  249999967                    33                    33             2.7941171E-05         1.0000000E+30                 0       
 NEXT SEEDS: DA21D0F       1       0       0       0       0   181CD    3039       0       0
  249999968                    32                    32             2.7941171E-05         1.0000000E+30                 0       
 NEXT SEEDS: DA21D13       1       0       0       0       0   181CD    3039       0       0
  249999969                    31                    31             2.7941170E-05         1.0000000E+30                 0       
 NEXT SEEDS: DA21D17       1       0       0       0       0   181CD    3039       0       0
  249999970                    30                    30             2.7941170E-05         1.0000000E+30                 0       
 NEXT SEEDS: DA21D1B       1       0       0       0       0   181CD    3039       0       0
  249999971                    29                    29             2.7941172E-05         1.0000000E+30                 0       
 NEXT SEEDS: DA21D1F       1       0       0       0       0   181CD    3039       0       0
  249999972                    28                    28             2.7941172E-05         1.0000000E+30                 0       
 NEXT SEEDS: DA21D23       1       0       0       0       0   181CD    3039       0       0
  249999973                    27                    27             2.7941174E-05         1.0000000E+30                 0       
 NEXT SEEDS: DA21D27       1       0       0       0       0   181CD    3039       0       0
  249999974                    26                    26             2.7941174E-05         1.0000000E+30                 0       
 NEXT SEEDS: DA21D2B       1       0       0       0       0   181CD    3039       0       0
  249999975                    25                    25             2.7941174E-05         1.0000000E+30                 0       
 NEXT SEEDS: DA21D2F       1       0       0       0       0   181CD    3039       0       0
  249999976                    24                    24             2.7941176E-05         1.0000000E+30                 0       
 NEXT SEEDS: DA21D33       1       0       0       0       0   181CD    3039       0       0
  249999977                    23                    23             2.7941175E-05         1.0000000E+30                 0       
 NEXT SEEDS: DA21D37       1       0       0       0       0   181CD    3039       0       0
  249999978                    22                    22             2.7941175E-05         1.0000000E+30                 0       
 NEXT SEEDS: DA21D3B       1       0       0       0       0   181CD    3039       0       0
  249999979                    21                    21             2.7941175E-05         1.0000000E+30                 0       
 NEXT SEEDS: DA21D3F       1       0       0       0       0   181CD    3039       0       0
  249999980                    20                    20             2.7941175E-05         1.0000000E+30                 0       
 NEXT SEEDS: DA21D43       1       0       0       0       0   181CD    3039       0       0
  249999981                    19                    19             2.7941175E-05         1.0000000E+30                 0       
 NEXT SEEDS: DA21D57       1       0       0       0       0   181CD    3039       0       0
  249999982                    18                    18             2.7941175E-05         1.0000000E+30                 0       
 NEXT SEEDS: DA21D5B       1       0       0       0       0   181CD    3039       0       0
  249999983                    17                    17             2.7941175E-05         1.0000000E+30                 0       
 NEXT SEEDS: DA21D5F       1       0       0       0       0   181CD    3039       0       0
  249999984                    16                    16             2.7941175E-05         1.0000000E+30                 0       
 NEXT SEEDS: DA21D63       1       0       0       0       0   181CD    3039       0       0
  249999985                    15                    15             2.7941175E-05         1.0000000E+30                 0       
 NEXT SEEDS: DA21D67       1       0       0       0       0   181CD    3039       0       0
  249999986                    14                    14             2.7941174E-05         1.0000000E+30                 0       
 NEXT SEEDS: DA21D6B       1       0       0       0       0   181CD    3039       0       0
  249999987                    13                    13             2.7941174E-05         1.0000000E+30                 0       
 NEXT SEEDS: DA21D71       1       0       0       0       0   181CD    3039       0       0
  249999988                    12                    12             2.7941174E-05         1.0000000E+30                 0       
 NEXT SEEDS: DA21D77       1       0       0       0       0   181CD    3039       0       0
  249999989                    11                    11             2.7941174E-05         1.0000000E+30                 0       
 NEXT SEEDS: DA21D7B       1       0       0       0       0   181CD    3039       0       0
  249999990                    10                    10             2.7941174E-05         1.0000000E+30                 0       
 NEXT SEEDS: DA21D7F       1       0       0       0       0   181CD    3039       0       0
  249999991                     9                     9             2.7941174E-05         1.0000000E+30                 0       
 NEXT SEEDS: DA21D83       1       0       0       0       0   181CD    3039       0       0
  249999992                     8                     8             2.7941174E-05         1.0000000E+30                 0       
 NEXT SEEDS: DA21D87       1       0       0       0       0   181CD    3039       0       0
  249999993                     7                     7             2.7941174E-05         1.0000000E+30                 0       
 NEXT SEEDS: DA21D8B       1       0       0       0       0   181CD    3039       0       0
  249999994                     6                     6             2.7941174E-05         1.0000000E+30                 0       
 NEXT SEEDS: DA21D91       1       0       0       0       0   181CD    3039       0       0
  249999995                     5                     5             2.7941173E-05         1.0000000E+30                 0       
 NEXT SEEDS: DA21D95       1       0       0       0       0   181CD    3039       0       0
  249999996                     4                     4             2.7941173E-05         1.0000000E+30                 0       
 NEXT SEEDS: DA21D99       1       0       0       0       0   181CD    3039       0       0
  249999997                     3                     3             2.7941173E-05         1.0000000E+30                 0       
 NEXT SEEDS: DA21D9D       1       0       0       0       0   181CD    3039       0       0
  249999998                     2                     2             2.7941173E-05         1.0000000E+30                 0       
 NEXT SEEDS: DA21DA1       1       0       0       0       0   181CD    3039       0       0
  249999999                     1                     1             2.7941173E-05         1.0000000E+30                 0       
 NEXT SEEDS: DA21DA5       1       0       0       0       0   181CD    3039       0       0
  250000000                     0                     1             2.7941173E-05         1.0000000E+30                 0       
 NEXT SEEDS: DA21DA9       1       0       0       0       0   181CD    3039       0       0
