1NUMBER OF BEAM       NUMBER OF BEAM        APPROXIMATE NUMBER    AVERAGE TIME USED     TIME LEFT (RESERVED   NUMBER OF STARS
 PARTICLES HANDLED    PARTICLES LEFT        OF BEAM PARTICLES     BY A BEAM PARTICLE     10000.0 SECONDS      CREATED
                                            THAT CAN STILL BE                           FOR PRINTOUT)
                                            HANDLED

 NEXT SEEDS:       0       0       0       0       0       0   181CD    3039       0       0
          1             249999999             249999999             8.7976456E-05         1.0000000E+30                 0       
 NEXT SEEDS:       4       0       0       0       0       0   181CD    3039       0       0
    5000000             245000000             245000000             2.8588644E-05         1.0000000E+30                 0       
 NEXT SEEDS: 1771B27       0       0       0       0       0   181CD    3039       0       0
   10000000             240000000             240000000             2.8594938E-05         1.0000000E+30                 0       
 NEXT SEEDS: 2EDDF51       0       0       0       0       0   181CD    3039       0       0
   15000000             235000000             235000000             2.8615540E-05         1.0000000E+30                 0       
 NEXT SEEDS: 4652147       0       0       0       0       0   181CD    3039       0       0
   20000000             230000000             230000000             2.8583478E-05         1.0000000E+30                 0       
 NEXT SEEDS: 5DC0F80       0       0       0       0       0   181CD    3039       0       0
   25000000             225000000             225000000             2.8591810E-05         1.0000000E+30                 0       
 NEXT SEEDS: 7535BF3       0       0       0       0       0   181CD    3039       0       0
   30000000             220000000             220000000             2.8589244E-05         1.0000000E+30                 0       
 NEXT SEEDS: 8CA658E       0       0       0       0       0   181CD    3039       0       0
   35000000             215000000             215000000             2.8590772E-05         1.0000000E+30                 0       
 NEXT SEEDS: A416245       0       0       0       0       0   181CD    3039       0       0
   40000000             210000000             210000000             2.8588408E-05         1.0000000E+30                 0       
 NEXT SEEDS: BB85D2D       0       0       0       0       0   181CD    3039       0       0
   45000000             205000000             205000000             2.8588093E-05         1.0000000E+30                 0       
 NEXT SEEDS: D2F8457       0       0       0       0       0   181CD    3039       0       0
   50000000             200000000             200000000             2.8587013E-05         1.0000000E+30                 0       
 NEXT SEEDS: EA63086       0       0       0       0       0   181CD    3039       0       0
   55000000             195000000             195000000             2.8586647E-05         1.0000000E+30                 0       
 NEXT SEEDS:101D3523       0       0       0       0       0   181CD    3039       0       0
   60000000             190000000             190000000             2.8588472E-05         1.0000000E+30                 0       
 NEXT SEEDS:11940E0E       0       0       0       0       0   181CD    3039       0       0
   65000000             185000000             185000000             2.8586305E-05         1.0000000E+30                 0       
 NEXT SEEDS:130B1B67       0       0       0       0       0   181CD    3039       0       0
   70000000             180000000             180000000             2.8584062E-05         1.0000000E+30                 0       
 NEXT SEEDS:1481E506       0       0       0       0       0   181CD    3039       0       0
   75000000             175000000             175000000             2.8582055E-05         1.0000000E+30                 0       
 NEXT SEEDS:15F8B6F5       0       0       0       0       0   181CD    3039       0       0
   80000000             170000000             170000000             2.8582868E-05         1.0000000E+30                 0       
 NEXT SEEDS:176F9A44       0       0       0       0       0   181CD    3039       0       0
  *** Emfgeo: Ncoun  2000000000
   85000000             165000000             165000000             2.8578192E-05         1.0000000E+30                 0       
 NEXT SEEDS:18E690A0       0       0       0       0       0   181CD    3039       0       0
   90000000             160000000             160000000             2.8577415E-05         1.0000000E+30                 0       
 NEXT SEEDS:1A5D756A       0       0       0       0       0   181CD    3039       0       0
   95000000             155000000             155000000             2.8579979E-05         1.0000000E+30                 0       
 NEXT SEEDS:1BD4B5FC       0       0       0       0       0   181CD    3039       0       0
  100000000             150000000             150000000             2.8581141E-05         1.0000000E+30                 0       
 NEXT SEEDS:1D4B75DE       0       0       0       0       0   181CD    3039       0       0
  105000000             145000000             145000000             2.8582995E-05         1.0000000E+30                 0       
 NEXT SEEDS:1EC2879B       0       0       0       0       0   181CD    3039       0       0
  110000000             140000000             140000000             2.8579460E-05         1.0000000E+30                 0       
 NEXT SEEDS:20395286       0       0       0       0       0   181CD    3039       0       0
  115000000             135000000             135000000             2.8582244E-05         1.0000000E+30                 0       
 NEXT SEEDS:21B0206F       0       0       0       0       0   181CD    3039       0       0
  120000000             130000000             130000000             2.8581743E-05         1.0000000E+30                 0       
 NEXT SEEDS:23270A97       0       0       0       0       0   181CD    3039       0       0
  125000000             125000000             125000000             2.8580180E-05         1.0000000E+30                 0       
 NEXT SEEDS:249E1A72       0       0       0       0       0   181CD    3039       0       0
  130000000             120000000             120000000             2.8582289E-05         1.0000000E+30                 0       
 NEXT SEEDS:26151D53       0       0       0       0       0   181CD    3039       0       0
  135000000             115000000             115000000             2.8581929E-05         1.0000000E+30                 0       
 NEXT SEEDS:278C2B57       0       0       0       0       0   181CD    3039       0       0
  140000000             110000000             110000000             2.8578935E-05         1.0000000E+30                 0       
 NEXT SEEDS:2902E419       0       0       0       0       0   181CD    3039       0       0
  145000000             105000000             105000000             2.8578176E-05         1.0000000E+30                 0       
 NEXT SEEDS:2A79BD26       0       0       0       0       0   181CD    3039       0       0
  150000000             100000000             100000000             2.8578871E-05         1.0000000E+30                 0       
 NEXT SEEDS:2BF0EE39       0       0       0       0       0   181CD    3039       0       0
  155000000              95000000              95000000             2.8580444E-05         1.0000000E+30                 0       
 NEXT SEEDS:2D681AC9       0       0       0       0       0   181CD    3039       0       0
  160000000              90000000              90000000             2.8580426E-05         1.0000000E+30                 0       
 NEXT SEEDS:2EDF0B6F       0       0       0       0       0   181CD    3039       0       0
  *** Emfgeo: Ncoun  2000000000
  165000000              85000000              85000000             2.8581008E-05         1.0000000E+30                 0       
 NEXT SEEDS:305607AD       0       0       0       0       0   181CD    3039       0       0
  170000000              80000000              80000000             2.8579444E-05         1.0000000E+30                 0       
 NEXT SEEDS:31CD0933       0       0       0       0       0   181CD    3039       0       0
  175000000              75000000              75000000             2.8580143E-05         1.0000000E+30                 0       
 NEXT SEEDS:33443167       0       0       0       0       0   181CD    3039       0       0
  180000000              70000000              70000000             2.8578307E-05         1.0000000E+30                 0       
 NEXT SEEDS:34BAF013       0       0       0       0       0   181CD    3039       0       0
  185000000              65000000              65000000             2.8575449E-05         1.0000000E+30                 0       
 NEXT SEEDS:3631DB02       0       0       0       0       0   181CD    3039       0       0
  190000000              60000000              60000000             2.8576571E-05         1.0000000E+30                 0       
 NEXT SEEDS:37A925E3       0       0       0       0       0   181CD    3039       0       0
  195000000              55000000              55000000             2.8575794E-05         1.0000000E+30                 0       
 NEXT SEEDS:391FE8B0       0       0       0       0       0   181CD    3039       0       0
  200000000              50000000              50000000             2.8574637E-05         1.0000000E+30                 0       
 NEXT SEEDS:3A96BD9D       0       0       0       0       0   181CD    3039       0       0
  205000000              45000000              45000000             2.8575284E-05         1.0000000E+30                 0       
 NEXT SEEDS:  730C82       1       0       0       0       0   181CD    3039       0       0
  210000000              40000000              40000000             2.8574217E-05         1.0000000E+30                 0       
 NEXT SEEDS: 1E9C7CA       1       0       0       0       0   181CD    3039       0       0
  215000000              35000000              35000000             2.8574850E-05         1.0000000E+30                 0       
 NEXT SEEDS: 360B8D6       1       0       0       0       0   181CD    3039       0       0
  220000000              30000000              30000000             2.8575202E-05         1.0000000E+30                 0       
 NEXT SEEDS: 4D7CDDB       1       0       0       0       0   181CD    3039       0       0
  225000000              25000000              25000000             2.8576248E-05         1.0000000E+30                 0       
 NEXT SEEDS: 64EB2E9       1       0       0       0       0   181CD    3039       0       0
  230000000              20000000              20000000             2.8575629E-05         1.0000000E+30                 0       
 NEXT SEEDS: 7C594DE       1       0       0       0       0   181CD    3039       0       0
  235000000              15000000              15000000             2.8574639E-05         1.0000000E+30                 0       
 NEXT SEEDS: 93C7930       1       0       0       0       0   181CD    3039       0       0
  240000000              10000000              10000000             2.8572768E-05         1.0000000E+30                 0       
 NEXT SEEDS: AB31AC8       1       0       0       0       0   181CD    3039       0       0
  *** Emfgeo: Ncoun  2000000000
  245000000               5000000               5000000             2.8572391E-05         1.0000000E+30                 0       
 NEXT SEEDS: C29EB36       1       0       0       0       0   181CD    3039       0       0
  249999950                    50                    50             2.8572065E-05         1.0000000E+30                 0       
 NEXT SEEDS: DA116BF       1       0       0       0       0   181CD    3039       0       0
  249999951                    49                    49             2.8572064E-05         1.0000000E+30                 0       
 NEXT SEEDS: DA116C3       1       0       0       0       0   181CD    3039       0       0
  249999952                    48                    48             2.8572064E-05         1.0000000E+30                 0       
 NEXT SEEDS: DA116C7       1       0       0       0       0   181CD    3039       0       0
  249999953                    47                    47             2.8572064E-05         1.0000000E+30                 0       
 NEXT SEEDS: DA116CB       1       0       0       0       0   181CD    3039       0       0
  249999954                    46                    46             2.8572064E-05         1.0000000E+30                 0       
 NEXT SEEDS: DA116CF       1       0       0       0       0   181CD    3039       0       0
  249999955                    45                    45             2.8572064E-05         1.0000000E+30                 0       
 NEXT SEEDS: DA116D3       1       0       0       0       0   181CD    3039       0       0
  249999956                    44                    44             2.8572064E-05         1.0000000E+30                 0       
 NEXT SEEDS: DA116D7       1       0       0       0       0   181CD    3039       0       0
  249999957                    43                    43             2.8572066E-05         1.0000000E+30                 0       
 NEXT SEEDS: DA116DB       1       0       0       0       0   181CD    3039       0       0
  249999958                    42                    42             2.8572066E-05         1.0000000E+30                 0       
 NEXT SEEDS: DA116DF       1       0       0       0       0   181CD    3039       0       0
  249999959                    41                    41             2.8572066E-05         1.0000000E+30                 0       
 NEXT SEEDS: DA116E3       1       0       0       0       0   181CD    3039       0       0
  249999960                    40                    40             2.8572067E-05         1.0000000E+30                 0       
 NEXT SEEDS: DA116E7       1       0       0       0       0   181CD    3039       0       0
  249999961                    39                    39             2.8572067E-05         1.0000000E+30                 0       
 NEXT SEEDS: DA116EB       1       0       0       0       0   181CD    3039       0       0
  249999962                    38                    38             2.8572069E-05         1.0000000E+30                 0       
 NEXT SEEDS: DA116EF       1       0       0       0       0   181CD    3039       0       0
  249999963                    37                    37             2.8572069E-05         1.0000000E+30                 0       
 NEXT SEEDS: DA116F3       1       0       0       0       0   181CD    3039       0       0
  249999964                    36                    36             2.8572069E-05         1.0000000E+30                 0       
 NEXT SEEDS: DA116F7       1       0       0       0       0   181CD    3039       0       0
  249999965                    35                    35             2.8572071E-05         1.0000000E+30                 0       
 NEXT SEEDS: DA116FD       1       0       0       0       0   181CD    3039       0       0
  249999966                    34                    34             2.8572071E-05         1.0000000E+30                 0       
 NEXT SEEDS: DA11701       1       0       0       0       0   181CD    3039       0       0
  249999967                    33                    33             2.8572070E-05         1.0000000E+30                 0       
 NEXT SEEDS: DA11705       1       0       0       0       0   181CD    3039       0       0
  249999968                    32                    32             2.8572070E-05         1.0000000E+30                 0       
 NEXT SEEDS: DA11709       1       0       0       0       0   181CD    3039       0       0
  249999969                    31                    31             2.8572070E-05         1.0000000E+30                 0       
 NEXT SEEDS: DA1170D       1       0       0       0       0   181CD    3039       0       0
  249999970                    30                    30             2.8572070E-05         1.0000000E+30                 0       
 NEXT SEEDS: DA11711       1       0       0       0       0   181CD    3039       0       0
  249999971                    29                    29             2.8572070E-05         1.0000000E+30                 0       
 NEXT SEEDS: DA11715       1       0       0       0       0   181CD    3039       0       0
  249999972                    28                    28             2.8572070E-05         1.0000000E+30                 0       
 NEXT SEEDS: DA11719       1       0       0       0       0   181CD    3039       0       0
  249999973                    27                    27             2.8572070E-05         1.0000000E+30                 0       
 NEXT SEEDS: DA1171D       1       0       0       0       0   181CD    3039       0       0
  249999974                    26                    26             2.8572070E-05         1.0000000E+30                 0       
 NEXT SEEDS: DA11721       1       0       0       0       0   181CD    3039       0       0
  249999975                    25                    25             2.8572072E-05         1.0000000E+30                 0       
 NEXT SEEDS: DA11725       1       0       0       0       0   181CD    3039       0       0
  249999976                    24                    24             2.8572071E-05         1.0000000E+30                 0       
 NEXT SEEDS: DA11729       1       0       0       0       0   181CD    3039       0       0
  249999977                    23                    23             2.8572071E-05         1.0000000E+30                 0       
 NEXT SEEDS: DA1172D       1       0       0       0       0   181CD    3039       0       0
  249999978                    22                    22             2.8572073E-05         1.0000000E+30                 0       
 NEXT SEEDS: DA11731       1       0       0       0       0   181CD    3039       0       0
  249999979                    21                    21             2.8572073E-05         1.0000000E+30                 0       
 NEXT SEEDS: DA11735       1       0       0       0       0   181CD    3039       0       0
  249999980                    20                    20             2.8572073E-05         1.0000000E+30                 0       
 NEXT SEEDS: DA1175A       1       0       0       0       0   181CD    3039       0       0
  249999981                    19                    19             2.8572073E-05         1.0000000E+30                 0       
 NEXT SEEDS: DA1175E       1       0       0       0       0   181CD    3039       0       0
  249999982                    18                    18             2.8572073E-05         1.0000000E+30                 0       
 NEXT SEEDS: DA11762       1       0       0       0       0   181CD    3039       0       0
  249999983                    17                    17             2.8572073E-05         1.0000000E+30                 0       
 NEXT SEEDS: DA11766       1       0       0       0       0   181CD    3039       0       0
  249999984                    16                    16             2.8572072E-05         1.0000000E+30                 0       
 NEXT SEEDS: DA1176A       1       0       0       0       0   181CD    3039       0       0
  249999985                    15                    15             2.8572072E-05         1.0000000E+30                 0       
 NEXT SEEDS: DA1176E       1       0       0       0       0   181CD    3039       0       0
  249999986                    14                    14             2.8572072E-05         1.0000000E+30                 0       
 NEXT SEEDS: DA11772       1       0       0       0       0   181CD    3039       0       0
  249999987                    13                    13             2.8572072E-05         1.0000000E+30                 0       
 NEXT SEEDS: DA11776       1       0       0       0       0   181CD    3039       0       0
  249999988                    12                    12             2.8572072E-05         1.0000000E+30                 0       
 NEXT SEEDS: DA11782       1       0       0       0       0   181CD    3039       0       0
  249999989                    11                    11             2.8572072E-05         1.0000000E+30                 0       
 NEXT SEEDS: DA11786       1       0       0       0       0   181CD    3039       0       0
  249999990                    10                    10             2.8572072E-05         1.0000000E+30                 0       
 NEXT SEEDS: DA1178A       1       0       0       0       0   181CD    3039       0       0
  249999991                     9                     9             2.8572072E-05         1.0000000E+30                 0       
 NEXT SEEDS: DA1178E       1       0       0       0       0   181CD    3039       0       0
  249999992                     8                     8             2.8572072E-05         1.0000000E+30                 0       
 NEXT SEEDS: DA11792       1       0       0       0       0   181CD    3039       0       0
  249999993                     7                     7             2.8572071E-05         1.0000000E+30                 0       
 NEXT SEEDS: DA11796       1       0       0       0       0   181CD    3039       0       0
  249999994                     6                     6             2.8572071E-05         1.0000000E+30                 0       
 NEXT SEEDS: DA1179C       1       0       0       0       0   181CD    3039       0       0
  249999995                     5                     5             2.8572071E-05         1.0000000E+30                 0       
 NEXT SEEDS: DA117A0       1       0       0       0       0   181CD    3039       0       0
  249999996                     4                     4             2.8572071E-05         1.0000000E+30                 0       
 NEXT SEEDS: DA117A4       1       0       0       0       0   181CD    3039       0       0
  249999997                     3                     3             2.8572071E-05         1.0000000E+30                 0       
 NEXT SEEDS: DA117A8       1       0       0       0       0   181CD    3039       0       0
  249999998                     2                     2             2.8572071E-05         1.0000000E+30                 0       
 NEXT SEEDS: DA117AC       1       0       0       0       0   181CD    3039       0       0
  249999999                     1                     1             2.8572071E-05         1.0000000E+30                 0       
 NEXT SEEDS: DA117B0       1       0       0       0       0   181CD    3039       0       0
  250000000                     0                     1             2.8572071E-05         1.0000000E+30                 0       
 NEXT SEEDS: DA117B4       1       0       0       0       0   181CD    3039       0       0
