1NUMBER OF BEAM       NUMBER OF BEAM        APPROXIMATE NUMBER    AVERAGE TIME USED     TIME LEFT (RESERVED   NUMBER OF STARS
 PARTICLES HANDLED    PARTICLES LEFT        OF BEAM PARTICLES     BY A BEAM PARTICLE     10000.0 SECONDS      CREATED
                                            THAT CAN STILL BE                           FOR PRINTOUT)
                                            HANDLED

 NEXT SEEDS:       0       0       0       0       0       0   181CD    3039       0       0
          1             249999999             249999999             7.6055527E-05         1.0000000E+30                 0       
 NEXT SEEDS:       4       0       0       0       0       0   181CD    3039       0       0
    5000000             245000000             245000000             2.9038004E-05         1.0000000E+30                 0       
 NEXT SEEDS: 176A858       0       0       0       0       0   181CD    3039       0       0
   10000000             240000000             240000000             2.9047271E-05         1.0000000E+30                 0       
 NEXT SEEDS: 2ED9E0C       0       0       0       0       0   181CD    3039       0       0
   15000000             235000000             235000000             2.9058994E-05         1.0000000E+30                 0       
 NEXT SEEDS: 464BA9F       0       0       0       0       0   181CD    3039       0       0
   20000000             230000000             230000000             2.9054969E-05         1.0000000E+30                 0       
 NEXT SEEDS: 5DBCDB5       0       0       0       0       0   181CD    3039       0       0
   25000000             225000000             225000000             2.9064329E-05         1.0000000E+30                 0       
 NEXT SEEDS: 752FA62       0       0       0       0       0   181CD    3039       0       0
   30000000             220000000             220000000             2.9127922E-05         1.0000000E+30                 0       
 NEXT SEEDS: 8C9D2DD       0       0       0       0       0   181CD    3039       0       0
   35000000             215000000             215000000             2.9138053E-05         1.0000000E+30                 0       
 NEXT SEEDS: A40CB45       0       0       0       0       0   181CD    3039       0       0
   40000000             210000000             210000000             2.9125031E-05         1.0000000E+30                 0       
 NEXT SEEDS: BB7A86F       0       0       0       0       0   181CD    3039       0       0
   45000000             205000000             205000000             2.9113097E-05         1.0000000E+30                 0       
 NEXT SEEDS: D2EAEA4       0       0       0       0       0   181CD    3039       0       0
   50000000             200000000             200000000             2.9112725E-05         1.0000000E+30                 0       
 NEXT SEEDS: EA5BD45       0       0       0       0       0   181CD    3039       0       0
   55000000             195000000             195000000             2.9101942E-05         1.0000000E+30                 0       
 NEXT SEEDS:101CAC91       0       0       0       0       0   181CD    3039       0       0
   60000000             190000000             190000000             2.9101174E-05         1.0000000E+30                 0       
 NEXT SEEDS:1193DD8C       0       0       0       0       0   181CD    3039       0       0
   65000000             185000000             185000000             2.9104374E-05         1.0000000E+30                 0       
 NEXT SEEDS:130AEE4F       0       0       0       0       0   181CD    3039       0       0
   70000000             180000000             180000000             2.9095376E-05         1.0000000E+30                 0       
 NEXT SEEDS:1481D468       0       0       0       0       0   181CD    3039       0       0
   75000000             175000000             175000000             2.9097671E-05         1.0000000E+30                 0       
 NEXT SEEDS:15F8B148       0       0       0       0       0   181CD    3039       0       0
   80000000             170000000             170000000             2.9107552E-05         1.0000000E+30                 0       
 NEXT SEEDS:176F89DB       0       0       0       0       0   181CD    3039       0       0
  *** Emfgeo: Ncoun  2000000000
   85000000             165000000             165000000             2.9101352E-05         1.0000000E+30                 0       
 NEXT SEEDS:18E6569A       0       0       0       0       0   181CD    3039       0       0
   90000000             160000000             160000000             2.9096925E-05         1.0000000E+30                 0       
 NEXT SEEDS:1A5D672A       0       0       0       0       0   181CD    3039       0       0
   95000000             155000000             155000000             2.9094664E-05         1.0000000E+30                 0       
 NEXT SEEDS:1BD440DD       0       0       0       0       0   181CD    3039       0       0
  100000000             150000000             150000000             2.9102360E-05         1.0000000E+30                 0       
 NEXT SEEDS:1D4B3679       0       0       0       0       0   181CD    3039       0       0
  105000000             145000000             145000000             2.9101892E-05         1.0000000E+30                 0       
 NEXT SEEDS:1EC2069D       0       0       0       0       0   181CD    3039       0       0
  110000000             140000000             140000000             2.9099908E-05         1.0000000E+30                 0       
 NEXT SEEDS:2038DC7B       0       0       0       0       0   181CD    3039       0       0
  115000000             135000000             135000000             2.9098356E-05         1.0000000E+30                 0       
 NEXT SEEDS:21AFBECF       0       0       0       0       0   181CD    3039       0       0
  120000000             130000000             130000000             2.9091741E-05         1.0000000E+30                 0       
 NEXT SEEDS:23267B04       0       0       0       0       0   181CD    3039       0       0
  125000000             125000000             125000000             2.9087784E-05         1.0000000E+30                 0       
 NEXT SEEDS:249D322D       0       0       0       0       0   181CD    3039       0       0
  130000000             120000000             120000000             2.9083647E-05         1.0000000E+30                 0       
 NEXT SEEDS:2613FC78       0       0       0       0       0   181CD    3039       0       0
  135000000             115000000             115000000             2.9081551E-05         1.0000000E+30                 0       
 NEXT SEEDS:278AD861       0       0       0       0       0   181CD    3039       0       0
  140000000             110000000             110000000             2.9080058E-05         1.0000000E+30                 0       
 NEXT SEEDS:290194EC       0       0       0       0       0   181CD    3039       0       0
  145000000             105000000             105000000             2.9076708E-05         1.0000000E+30                 0       
 NEXT SEEDS:2A785B9D       0       0       0       0       0   181CD    3039       0       0
  150000000             100000000             100000000             2.9077293E-05         1.0000000E+30                 0       
 NEXT SEEDS:2BEF86AA       0       0       0       0       0   181CD    3039       0       0
  155000000              95000000              95000000             2.9075436E-05         1.0000000E+30                 0       
 NEXT SEEDS:2D6647A0       0       0       0       0       0   181CD    3039       0       0
  160000000              90000000              90000000             2.9074799E-05         1.0000000E+30                 0       
 NEXT SEEDS:2EDD3F2D       0       0       0       0       0   181CD    3039       0       0
  *** Emfgeo: Ncoun  2000000000
  165000000              85000000              85000000             2.9074175E-05         1.0000000E+30                 0       
 NEXT SEEDS:305434FD       0       0       0       0       0   181CD    3039       0       0
  170000000              80000000              80000000             2.9071933E-05         1.0000000E+30                 0       
 NEXT SEEDS:31CAC401       0       0       0       0       0   181CD    3039       0       0
  175000000              75000000              75000000             2.9071410E-05         1.0000000E+30                 0       
 NEXT SEEDS:33420ECA       0       0       0       0       0   181CD    3039       0       0
  180000000              70000000              70000000             2.9070289E-05         1.0000000E+30                 0       
 NEXT SEEDS:34B91A6C       0       0       0       0       0   181CD    3039       0       0
  185000000              65000000              65000000             2.9071160E-05         1.0000000E+30                 0       
 NEXT SEEDS:36300E7B       0       0       0       0       0   181CD    3039       0       0
  190000000              60000000              60000000             2.9070511E-05         1.0000000E+30                 0       
 NEXT SEEDS:37A7238B       0       0       0       0       0   181CD    3039       0       0
  195000000              55000000              55000000             2.9069542E-05         1.0000000E+30                 0       
 NEXT SEEDS:391E443E       0       0       0       0       0   181CD    3039       0       0
  200000000              50000000              50000000             2.9069530E-05         1.0000000E+30                 0       
 NEXT SEEDS:3A95834D       0       0       0       0       0   181CD    3039       0       0
  205000000              45000000              45000000             2.9070361E-05         1.0000000E+30                 0       
 NEXT SEEDS:  719BCC       1       0       0       0       0   181CD    3039       0       0
  210000000              40000000              40000000             2.9069946E-05         1.0000000E+30                 0       
 NEXT SEEDS: 1E87542       1       0       0       0       0   181CD    3039       0       0
  215000000              35000000              35000000             2.9069670E-05         1.0000000E+30                 0       
 NEXT SEEDS: 35F4CF6       1       0       0       0       0   181CD    3039       0       0
  220000000              30000000              30000000             2.9069976E-05         1.0000000E+30                 0       
 NEXT SEEDS: 4D669BF       1       0       0       0       0   181CD    3039       0       0
  225000000              25000000              25000000             2.9070079E-05         1.0000000E+30                 0       
 NEXT SEEDS: 64D4149       1       0       0       0       0   181CD    3039       0       0
  230000000              20000000              20000000             2.9069855E-05         1.0000000E+30                 0       
 NEXT SEEDS: 7C4260F       1       0       0       0       0   181CD    3039       0       0
  235000000              15000000              15000000             2.9069420E-05         1.0000000E+30                 0       
 NEXT SEEDS: 93B0EEF       1       0       0       0       0   181CD    3039       0       0
  240000000              10000000              10000000             2.9069003E-05         1.0000000E+30                 0       
 NEXT SEEDS: AB1D561       1       0       0       0       0   181CD    3039       0       0
  *** Emfgeo: Ncoun  2000000000
  245000000               5000000               5000000             2.9067417E-05         1.0000000E+30                 0       
 NEXT SEEDS: C28B46B       1       0       0       0       0   181CD    3039       0       0
  249999950                    50                    50             2.9067381E-05         1.0000000E+30                 0       
 NEXT SEEDS: D9FACA3       1       0       0       0       0   181CD    3039       0       0
  249999951                    49                    49             2.9067381E-05         1.0000000E+30                 0       
 NEXT SEEDS: D9FACA7       1       0       0       0       0   181CD    3039       0       0
  249999952                    48                    48             2.9067383E-05         1.0000000E+30                 0       
 NEXT SEEDS: D9FACAB       1       0       0       0       0   181CD    3039       0       0
  249999953                    47                    47             2.9067383E-05         1.0000000E+30                 0       
 NEXT SEEDS: D9FACAF       1       0       0       0       0   181CD    3039       0       0
  249999954                    46                    46             2.9067383E-05         1.0000000E+30                 0       
 NEXT SEEDS: D9FACB3       1       0       0       0       0   181CD    3039       0       0
  249999955                    45                    45             2.9067385E-05         1.0000000E+30                 0       
 NEXT SEEDS: D9FACB7       1       0       0       0       0   181CD    3039       0       0
  249999956                    44                    44             2.9067387E-05         1.0000000E+30                 0       
 NEXT SEEDS: D9FACBB       1       0       0       0       0   181CD    3039       0       0
  249999957                    43                    43             2.9067386E-05         1.0000000E+30                 0       
 NEXT SEEDS: D9FACBF       1       0       0       0       0   181CD    3039       0       0
  249999958                    42                    42             2.9067386E-05         1.0000000E+30                 0       
 NEXT SEEDS: D9FACC3       1       0       0       0       0   181CD    3039       0       0
  249999959                    41                    41             2.9067388E-05         1.0000000E+30                 0       
 NEXT SEEDS: D9FACC7       1       0       0       0       0   181CD    3039       0       0
  249999960                    40                    40             2.9067388E-05         1.0000000E+30                 0       
 NEXT SEEDS: D9FACCB       1       0       0       0       0   181CD    3039       0       0
  249999961                    39                    39             2.9067388E-05         1.0000000E+30                 0       
 NEXT SEEDS: D9FACCF       1       0       0       0       0   181CD    3039       0       0
  249999962                    38                    38             2.9067390E-05         1.0000000E+30                 0       
 NEXT SEEDS: D9FACD3       1       0       0       0       0   181CD    3039       0       0
  249999963                    37                    37             2.9067390E-05         1.0000000E+30                 0       
 NEXT SEEDS: D9FACD7       1       0       0       0       0   181CD    3039       0       0
  249999964                    36                    36             2.9067390E-05         1.0000000E+30                 0       
 NEXT SEEDS: D9FACDB       1       0       0       0       0   181CD    3039       0       0
  249999965                    35                    35             2.9067391E-05         1.0000000E+30                 0       
 NEXT SEEDS: D9FACDF       1       0       0       0       0   181CD    3039       0       0
  249999966                    34                    34             2.9067393E-05         1.0000000E+30                 0       
 NEXT SEEDS: D9FACE3       1       0       0       0       0   181CD    3039       0       0
  249999967                    33                    33             2.9067393E-05         1.0000000E+30                 0       
 NEXT SEEDS: D9FACE7       1       0       0       0       0   181CD    3039       0       0
  249999968                    32                    32             2.9067393E-05         1.0000000E+30                 0       
 NEXT SEEDS: D9FACEB       1       0       0       0       0   181CD    3039       0       0
  249999969                    31                    31             2.9067395E-05         1.0000000E+30                 0       
 NEXT SEEDS: D9FACF1       1       0       0       0       0   181CD    3039       0       0
  249999970                    30                    30             2.9067395E-05         1.0000000E+30                 0       
 NEXT SEEDS: D9FACF5       1       0       0       0       0   181CD    3039       0       0
  249999971                    29                    29             2.9067395E-05         1.0000000E+30                 0       
 NEXT SEEDS: D9FACF9       1       0       0       0       0   181CD    3039       0       0
  249999972                    28                    28             2.9067394E-05         1.0000000E+30                 0       
 NEXT SEEDS: D9FACFD       1       0       0       0       0   181CD    3039       0       0
  249999973                    27                    27             2.9067394E-05         1.0000000E+30                 0       
 NEXT SEEDS: D9FAD01       1       0       0       0       0   181CD    3039       0       0
  249999974                    26                    26             2.9067394E-05         1.0000000E+30                 0       
 NEXT SEEDS: D9FAD05       1       0       0       0       0   181CD    3039       0       0
  249999975                    25                    25             2.9067394E-05         1.0000000E+30                 0       
 NEXT SEEDS: D9FAD09       1       0       0       0       0   181CD    3039       0       0
  249999976                    24                    24             2.9067394E-05         1.0000000E+30                 0       
 NEXT SEEDS: D9FAD0D       1       0       0       0       0   181CD    3039       0       0
  249999977                    23                    23             2.9067394E-05         1.0000000E+30                 0       
 NEXT SEEDS: D9FAD11       1       0       0       0       0   181CD    3039       0       0
  249999978                    22                    22             2.9067394E-05         1.0000000E+30                 0       
 NEXT SEEDS: D9FAD15       1       0       0       0       0   181CD    3039       0       0
  249999979                    21                    21             2.9067394E-05         1.0000000E+30                 0       
 NEXT SEEDS: D9FAD19       1       0       0       0       0   181CD    3039       0       0
  249999980                    20                    20             2.9067394E-05         1.0000000E+30                 0       
 NEXT SEEDS: D9FAD1D       1       0       0       0       0   181CD    3039       0       0
  249999981                    19                    19             2.9067393E-05         1.0000000E+30                 0       
 NEXT SEEDS: D9FAD21       1       0       0       0       0   181CD    3039       0       0
  249999982                    18                    18             2.9067393E-05         1.0000000E+30                 0       
 NEXT SEEDS: D9FAD27       1       0       0       0       0   181CD    3039       0       0
  249999983                    17                    17             2.9067393E-05         1.0000000E+30                 0       
 NEXT SEEDS: D9FAD2B       1       0       0       0       0   181CD    3039       0       0
  249999984                    16                    16             2.9067393E-05         1.0000000E+30                 0       
 NEXT SEEDS: D9FAD2F       1       0       0       0       0   181CD    3039       0       0
  249999985                    15                    15             2.9067393E-05         1.0000000E+30                 0       
 NEXT SEEDS: D9FAD33       1       0       0       0       0   181CD    3039       0       0
  249999986                    14                    14             2.9067393E-05         1.0000000E+30                 0       
 NEXT SEEDS: D9FAD37       1       0       0       0       0   181CD    3039       0       0
  249999987                    13                    13             2.9067393E-05         1.0000000E+30                 0       
 NEXT SEEDS: D9FAD3B       1       0       0       0       0   181CD    3039       0       0
  249999988                    12                    12             2.9067395E-05         1.0000000E+30                 0       
 NEXT SEEDS: D9FAD3F       1       0       0       0       0   181CD    3039       0       0
  249999989                    11                    11             2.9067394E-05         1.0000000E+30                 0       
 NEXT SEEDS: D9FAD43       1       0       0       0       0   181CD    3039       0       0
  249999990                    10                    10             2.9067394E-05         1.0000000E+30                 0       
 NEXT SEEDS: D9FAD47       1       0       0       0       0   181CD    3039       0       0
  249999991                     9                     9             2.9067396E-05         1.0000000E+30                 0       
 NEXT SEEDS: D9FAD4B       1       0       0       0       0   181CD    3039       0       0
  249999992                     8                     8             2.9067396E-05         1.0000000E+30                 0       
 NEXT SEEDS: D9FAD4F       1       0       0       0       0   181CD    3039       0       0
  249999993                     7                     7             2.9067396E-05         1.0000000E+30                 0       
 NEXT SEEDS: D9FAD53       1       0       0       0       0   181CD    3039       0       0
  249999994                     6                     6             2.9067398E-05         1.0000000E+30                 0       
 NEXT SEEDS: D9FAD57       1       0       0       0       0   181CD    3039       0       0
  249999995                     5                     5             2.9067398E-05         1.0000000E+30                 0       
 NEXT SEEDS: D9FAD5B       1       0       0       0       0   181CD    3039       0       0
  249999996                     4                     4             2.9067398E-05         1.0000000E+30                 0       
 NEXT SEEDS: D9FAD5F       1       0       0       0       0   181CD    3039       0       0
  249999997                     3                     3             2.9067399E-05         1.0000000E+30                 0       
 NEXT SEEDS: D9FAD63       1       0       0       0       0   181CD    3039       0       0
  249999998                     2                     2             2.9067399E-05         1.0000000E+30                 0       
 NEXT SEEDS: D9FAD69       1       0       0       0       0   181CD    3039       0       0
  249999999                     1                     1             2.9067401E-05         1.0000000E+30                 0       
 NEXT SEEDS: D9FAD6D       1       0       0       0       0   181CD    3039       0       0
  250000000                     0                     1             2.9067401E-05         1.0000000E+30                 0       
 NEXT SEEDS: D9FAD71       1       0       0       0       0   181CD    3039       0       0
