1NUMBER OF BEAM       NUMBER OF BEAM        APPROXIMATE NUMBER    AVERAGE TIME USED     TIME LEFT (RESERVED   NUMBER OF STARS
 PARTICLES HANDLED    PARTICLES LEFT        OF BEAM PARTICLES     BY A BEAM PARTICLE     10000.0 SECONDS      CREATED
                                            THAT CAN STILL BE                           FOR PRINTOUT)
                                            HANDLED

 NEXT SEEDS:       0       0       0       0       0       0   181CD    3039       0       0
          1             249999999             249999999             7.7962875E-05         1.0000000E+30                 0       
 NEXT SEEDS:       4       0       0       0       0       0   181CD    3039       0       0
 Geofar: Particle in region    26 (cell #    0)
  in position  -1.148535782E+01 -5.335810845E+00 -1.254700000E-01
  is now causing trouble, requesting a step of  2.182223414E+00 cm
  to direction  4.353978700E-01  1.998550205E-01 -8.777736984E-01
  end position -1.053522239E+01 -4.899682539E+00 -2.040968317E+00
  R2:  1.266429317E+01 R3:  1.266491470E+01 cm  error count:  0
  X*U   (2D): -6.067088916E+00 X*U   (3D): -5.956954650E+00 cm
  X*UOLD(2D):  5.256556897E+00 X*UOLD(3D):  5.149566442E+00 cm
  Kloop:    8064625, Irsave:     26, Irsav2:     26, error code:  -3 Nfrom:  5000
  old direction -2.428015577E-01 -4.625152953E-01  8.527174240E-01, lagain, lstnew, lsense, lsnsct  F  F  F  T
  Particle index    7 total energy   5.406883082E-05 GeV  Nsurf    0
 We succeeded in saving the particle:  current region is n.    27 (cell #    0)
    5000000             245000000             245000000             2.8709980E-05         1.0000000E+30                 0       
 NEXT SEEDS: 1770679       0       0       0       0       0   181CD    3039       0       0
   10000000             240000000             240000000             2.8694648E-05         1.0000000E+30                 0       
 NEXT SEEDS: 2EE02AC       0       0       0       0       0   181CD    3039       0       0
   15000000             235000000             235000000             2.8698757E-05         1.0000000E+30                 0       
 NEXT SEEDS: 4650AFB       0       0       0       0       0   181CD    3039       0       0
   20000000             230000000             230000000             2.8675157E-05         1.0000000E+30                 0       
 NEXT SEEDS: 5DBE18E       0       0       0       0       0   181CD    3039       0       0
   25000000             225000000             225000000             2.8688290E-05         1.0000000E+30                 0       
 NEXT SEEDS: 7531558       0       0       0       0       0   181CD    3039       0       0
   30000000             220000000             220000000             2.8687727E-05         1.0000000E+30                 0       
 NEXT SEEDS: 8CA3BD9       0       0       0       0       0   181CD    3039       0       0
   35000000             215000000             215000000             2.8682536E-05         1.0000000E+30                 0       
 NEXT SEEDS: A414B49       0       0       0       0       0   181CD    3039       0       0
   40000000             210000000             210000000             2.8680216E-05         1.0000000E+30                 0       
 NEXT SEEDS: BB84923       0       0       0       0       0   181CD    3039       0       0
   45000000             205000000             205000000             2.8734509E-05         1.0000000E+30                 0       
 NEXT SEEDS: D2F51E3       0       0       0       0       0   181CD    3039       0       0
   50000000             200000000             200000000             2.8761658E-05         1.0000000E+30                 0       
 NEXT SEEDS: EA62561       0       0       0       0       0   181CD    3039       0       0
   55000000             195000000             195000000             2.8752970E-05         1.0000000E+30                 0       
 NEXT SEEDS:101D116B       0       0       0       0       0   181CD    3039       0       0
   60000000             190000000             190000000             2.8741566E-05         1.0000000E+30                 0       
 NEXT SEEDS:11942A89       0       0       0       0       0   181CD    3039       0       0
   65000000             185000000             185000000             2.8735377E-05         1.0000000E+30                 0       
 NEXT SEEDS:130B3995       0       0       0       0       0   181CD    3039       0       0
   70000000             180000000             180000000             2.8729369E-05         1.0000000E+30                 0       
 NEXT SEEDS:14822E1B       0       0       0       0       0   181CD    3039       0       0
   75000000             175000000             175000000             2.8723980E-05         1.0000000E+30                 0       
 NEXT SEEDS:15F90869       0       0       0       0       0   181CD    3039       0       0
   80000000             170000000             170000000             2.8719820E-05         1.0000000E+30                 0       
 NEXT SEEDS:17700583       0       0       0       0       0   181CD    3039       0       0
  *** Emfgeo: Ncoun  2000000000
   85000000             165000000             165000000             2.8715351E-05         1.0000000E+30                 0       
 NEXT SEEDS:18E71FFF       0       0       0       0       0   181CD    3039       0       0
   90000000             160000000             160000000             2.8707974E-05         1.0000000E+30                 0       
 NEXT SEEDS:1A5E182E       0       0       0       0       0   181CD    3039       0       0
   95000000             155000000             155000000             2.8707950E-05         1.0000000E+30                 0       
 NEXT SEEDS:1BD5260A       0       0       0       0       0   181CD    3039       0       0
  100000000             150000000             150000000             2.8706454E-05         1.0000000E+30                 0       
 NEXT SEEDS:1D4C106B       0       0       0       0       0   181CD    3039       0       0
  105000000             145000000             145000000             2.8709337E-05         1.0000000E+30                 0       
 NEXT SEEDS:1EC2F306       0       0       0       0       0   181CD    3039       0       0
  110000000             140000000             140000000             2.8711589E-05         1.0000000E+30                 0       
 NEXT SEEDS:2039F290       0       0       0       0       0   181CD    3039       0       0
  115000000             135000000             135000000             2.8709241E-05         1.0000000E+30                 0       
 NEXT SEEDS:21B0A93A       0       0       0       0       0   181CD    3039       0       0
  120000000             130000000             130000000             2.8705979E-05         1.0000000E+30                 0       
 NEXT SEEDS:23273469       0       0       0       0       0   181CD    3039       0       0
  125000000             125000000             125000000             2.8703257E-05         1.0000000E+30                 0       
 NEXT SEEDS:249E2D63       0       0       0       0       0   181CD    3039       0       0
  130000000             120000000             120000000             2.8703397E-05         1.0000000E+30                 0       
 NEXT SEEDS:26154429       0       0       0       0       0   181CD    3039       0       0
  135000000             115000000             115000000             2.8702576E-05         1.0000000E+30                 0       
 NEXT SEEDS:278C54D4       0       0       0       0       0   181CD    3039       0       0
  140000000             110000000             110000000             2.8701129E-05         1.0000000E+30                 0       
 NEXT SEEDS:29038935       0       0       0       0       0   181CD    3039       0       0
  145000000             105000000             105000000             2.8694568E-05         1.0000000E+30                 0       
 NEXT SEEDS:2A7A5290       0       0       0       0       0   181CD    3039       0       0
  150000000             100000000             100000000             2.8693886E-05         1.0000000E+30                 0       
 NEXT SEEDS:2BF19394       0       0       0       0       0   181CD    3039       0       0
  155000000              95000000              95000000             2.8694943E-05         1.0000000E+30                 0       
 NEXT SEEDS:2D68B276       0       0       0       0       0   181CD    3039       0       0
  160000000              90000000              90000000             2.8692672E-05         1.0000000E+30                 0       
 NEXT SEEDS:2EDF91EE       0       0       0       0       0   181CD    3039       0       0
  *** Emfgeo: Ncoun  2000000000
  165000000              85000000              85000000             2.8691045E-05         1.0000000E+30                 0       
 NEXT SEEDS:305664D6       0       0       0       0       0   181CD    3039       0       0
  170000000              80000000              80000000             2.8689303E-05         1.0000000E+30                 0       
 NEXT SEEDS:31CD6CC8       0       0       0       0       0   181CD    3039       0       0
  175000000              75000000              75000000             2.8688786E-05         1.0000000E+30                 0       
 NEXT SEEDS:3344AA49       0       0       0       0       0   181CD    3039       0       0
  180000000              70000000              70000000             2.8688422E-05         1.0000000E+30                 0       
 NEXT SEEDS:34BB8DBD       0       0       0       0       0   181CD    3039       0       0
  185000000              65000000              65000000             2.8686288E-05         1.0000000E+30                 0       
 NEXT SEEDS:36327D46       0       0       0       0       0   181CD    3039       0       0
  190000000              60000000              60000000             2.8687453E-05         1.0000000E+30                 0       
 NEXT SEEDS:37A9B944       0       0       0       0       0   181CD    3039       0       0
  195000000              55000000              55000000             2.8685501E-05         1.0000000E+30                 0       
 NEXT SEEDS:3920A517       0       0       0       0       0   181CD    3039       0       0
  200000000              50000000              50000000             2.8683662E-05         1.0000000E+30                 0       
 NEXT SEEDS:3A9795B9       0       0       0       0       0   181CD    3039       0       0
  205000000              45000000              45000000             2.8691139E-05         1.0000000E+30                 0       
 NEXT SEEDS:  73FE2B       1       0       0       0       0   181CD    3039       0       0
  210000000              40000000              40000000             2.8689467E-05         1.0000000E+30                 0       
 NEXT SEEDS: 1EAE023       1       0       0       0       0   181CD    3039       0       0
  215000000              35000000              35000000             2.8689469E-05         1.0000000E+30                 0       
 NEXT SEEDS: 361ED2F       1       0       0       0       0   181CD    3039       0       0
  220000000              30000000              30000000             2.8689220E-05         1.0000000E+30                 0       
 NEXT SEEDS: 4D8F385       1       0       0       0       0   181CD    3039       0       0
  225000000              25000000              25000000             2.8689151E-05         1.0000000E+30                 0       
 NEXT SEEDS: 64FE039       1       0       0       0       0   181CD    3039       0       0
  230000000              20000000              20000000             2.8687531E-05         1.0000000E+30                 0       
 NEXT SEEDS: 7C6D975       1       0       0       0       0   181CD    3039       0       0
  235000000              15000000              15000000             2.8687782E-05         1.0000000E+30                 0       
 NEXT SEEDS: 93DF598       1       0       0       0       0   181CD    3039       0       0
  240000000              10000000              10000000             2.8686670E-05         1.0000000E+30                 0       
 NEXT SEEDS: AB4C5F0       1       0       0       0       0   181CD    3039       0       0
  *** Emfgeo: Ncoun  2000000000
  245000000               5000000               5000000             2.8694517E-05         1.0000000E+30                 0       
 NEXT SEEDS: C2B6273       1       0       0       0       0   181CD    3039       0       0
  249999950                    50                    50             2.8702529E-05         1.0000000E+30                 0       
 NEXT SEEDS: DA28AA5       1       0       0       0       0   181CD    3039       0       0
  249999951                    49                    49             2.8702529E-05         1.0000000E+30                 0       
 NEXT SEEDS: DA28AA9       1       0       0       0       0   181CD    3039       0       0
  249999952                    48                    48             2.8702529E-05         1.0000000E+30                 0       
 NEXT SEEDS: DA28AAD       1       0       0       0       0   181CD    3039       0       0
  249999953                    47                    47             2.8702528E-05         1.0000000E+30                 0       
 NEXT SEEDS: DA28AB1       1       0       0       0       0   181CD    3039       0       0
  249999954                    46                    46             2.8702528E-05         1.0000000E+30                 0       
 NEXT SEEDS: DA28AB5       1       0       0       0       0   181CD    3039       0       0
  249999955                    45                    45             2.8702528E-05         1.0000000E+30                 0       
 NEXT SEEDS: DA28AB9       1       0       0       0       0   181CD    3039       0       0
  249999956                    44                    44             2.8702530E-05         1.0000000E+30                 0       
 NEXT SEEDS: DA28ABD       1       0       0       0       0   181CD    3039       0       0
  249999957                    43                    43             2.8702530E-05         1.0000000E+30                 0       
 NEXT SEEDS: DA28AC1       1       0       0       0       0   181CD    3039       0       0
  249999958                    42                    42             2.8702530E-05         1.0000000E+30                 0       
 NEXT SEEDS: DA28AC5       1       0       0       0       0   181CD    3039       0       0
  249999959                    41                    41             2.8702532E-05         1.0000000E+30                 0       
 NEXT SEEDS: DA28AC9       1       0       0       0       0   181CD    3039       0       0
  249999960                    40                    40             2.8702532E-05         1.0000000E+30                 0       
 NEXT SEEDS: DA28ACD       1       0       0       0       0   181CD    3039       0       0
  249999961                    39                    39             2.8702531E-05         1.0000000E+30                 0       
 NEXT SEEDS: DA28AD1       1       0       0       0       0   181CD    3039       0       0
  249999962                    38                    38             2.8702531E-05         1.0000000E+30                 0       
 NEXT SEEDS: DA28AD5       1       0       0       0       0   181CD    3039       0       0
  249999963                    37                    37             2.8702531E-05         1.0000000E+30                 0       
 NEXT SEEDS: DA28AD9       1       0       0       0       0   181CD    3039       0       0
  249999964                    36                    36             2.8702531E-05         1.0000000E+30                 0       
 NEXT SEEDS: DA28AFB       1       0       0       0       0   181CD    3039       0       0
  249999965                    35                    35             2.8702531E-05         1.0000000E+30                 0       
 NEXT SEEDS: DA28AFF       1       0       0       0       0   181CD    3039       0       0
  249999966                    34                    34             2.8702533E-05         1.0000000E+30                 0       
 NEXT SEEDS: DA28B03       1       0       0       0       0   181CD    3039       0       0
  249999967                    33                    33             2.8702533E-05         1.0000000E+30                 0       
 NEXT SEEDS: DA28B07       1       0       0       0       0   181CD    3039       0       0
  249999968                    32                    32             2.8702533E-05         1.0000000E+30                 0       
 NEXT SEEDS: DA28B0B       1       0       0       0       0   181CD    3039       0       0
  249999969                    31                    31             2.8702534E-05         1.0000000E+30                 0       
 NEXT SEEDS: DA28B0F       1       0       0       0       0   181CD    3039       0       0
  249999970                    30                    30             2.8702534E-05         1.0000000E+30                 0       
 NEXT SEEDS: DA28B13       1       0       0       0       0   181CD    3039       0       0
  249999971                    29                    29             2.8702536E-05         1.0000000E+30                 0       
 NEXT SEEDS: DA28B17       1       0       0       0       0   181CD    3039       0       0
  249999972                    28                    28             2.8702536E-05         1.0000000E+30                 0       
 NEXT SEEDS: DA28B1B       1       0       0       0       0   181CD    3039       0       0
  249999973                    27                    27             2.8702538E-05         1.0000000E+30                 0       
 NEXT SEEDS: DA28B1F       1       0       0       0       0   181CD    3039       0       0
  249999974                    26                    26             2.8702538E-05         1.0000000E+30                 0       
 NEXT SEEDS: DA28B23       1       0       0       0       0   181CD    3039       0       0
  249999975                    25                    25             2.8702538E-05         1.0000000E+30                 0       
 NEXT SEEDS: DA28B27       1       0       0       0       0   181CD    3039       0       0
  249999976                    24                    24             2.8702538E-05         1.0000000E+30                 0       
 NEXT SEEDS: DA28B34       1       0       0       0       0   181CD    3039       0       0
  249999977                    23                    23             2.8702537E-05         1.0000000E+30                 0       
 NEXT SEEDS: DA28B38       1       0       0       0       0   181CD    3039       0       0
  249999978                    22                    22             2.8702537E-05         1.0000000E+30                 0       
 NEXT SEEDS: DA28B3C       1       0       0       0       0   181CD    3039       0       0
  249999979                    21                    21             2.8702539E-05         1.0000000E+30                 0       
 NEXT SEEDS: DA28B54       1       0       0       0       0   181CD    3039       0       0
  249999980                    20                    20             2.8702539E-05         1.0000000E+30                 0       
 NEXT SEEDS: DA28B58       1       0       0       0       0   181CD    3039       0       0
  249999981                    19                    19             2.8702541E-05         1.0000000E+30                 0       
 NEXT SEEDS: DA28B5E       1       0       0       0       0   181CD    3039       0       0
  249999982                    18                    18             2.8702543E-05         1.0000000E+30                 0       
 NEXT SEEDS: DA28B62       1       0       0       0       0   181CD    3039       0       0
  249999983                    17                    17             2.8702543E-05         1.0000000E+30                 0       
 NEXT SEEDS: DA28B66       1       0       0       0       0   181CD    3039       0       0
  249999984                    16                    16             2.8702543E-05         1.0000000E+30                 0       
 NEXT SEEDS: DA28B6A       1       0       0       0       0   181CD    3039       0       0
  249999985                    15                    15             2.8702544E-05         1.0000000E+30                 0       
 NEXT SEEDS: DA28B6E       1       0       0       0       0   181CD    3039       0       0
  249999986                    14                    14             2.8702544E-05         1.0000000E+30                 0       
 NEXT SEEDS: DA28B72       1       0       0       0       0   181CD    3039       0       0
  249999987                    13                    13             2.8702544E-05         1.0000000E+30                 0       
 NEXT SEEDS: DA28B76       1       0       0       0       0   181CD    3039       0       0
  249999988                    12                    12             2.8702546E-05         1.0000000E+30                 0       
 NEXT SEEDS: DA28B7A       1       0       0       0       0   181CD    3039       0       0
  249999989                    11                    11             2.8702546E-05         1.0000000E+30                 0       
 NEXT SEEDS: DA28B7E       1       0       0       0       0   181CD    3039       0       0
  249999990                    10                    10             2.8702546E-05         1.0000000E+30                 0       
 NEXT SEEDS: DA28B82       1       0       0       0       0   181CD    3039       0       0
  249999991                     9                     9             2.8702548E-05         1.0000000E+30                 0       
 NEXT SEEDS: DA28B86       1       0       0       0       0   181CD    3039       0       0
  249999992                     8                     8             2.8702547E-05         1.0000000E+30                 0       
 NEXT SEEDS: DA28B8A       1       0       0       0       0   181CD    3039       0       0
  249999993                     7                     7             2.8702547E-05         1.0000000E+30                 0       
 NEXT SEEDS: DA28B8E       1       0       0       0       0   181CD    3039       0       0
  249999994                     6                     6             2.8702549E-05         1.0000000E+30                 0       
 NEXT SEEDS: DA28B92       1       0       0       0       0   181CD    3039       0       0
  249999995                     5                     5             2.8702549E-05         1.0000000E+30                 0       
 NEXT SEEDS: DA28B98       1       0       0       0       0   181CD    3039       0       0
  249999996                     4                     4             2.8702551E-05         1.0000000E+30                 0       
 NEXT SEEDS: DA28B9C       1       0       0       0       0   181CD    3039       0       0
  249999997                     3                     3             2.8702551E-05         1.0000000E+30                 0       
 NEXT SEEDS: DA28BA0       1       0       0       0       0   181CD    3039       0       0
  249999998                     2                     2             2.8702551E-05         1.0000000E+30                 0       
 NEXT SEEDS: DA28BA4       1       0       0       0       0   181CD    3039       0       0
  249999999                     1                     1             2.8702551E-05         1.0000000E+30                 0       
 NEXT SEEDS: DA28BA8       1       0       0       0       0   181CD    3039       0       0
  250000000                     0                     1             2.8702550E-05         1.0000000E+30                 0       
 NEXT SEEDS: DA28BAE       1       0       0       0       0   181CD    3039       0       0
