1NUMBER OF BEAM       NUMBER OF BEAM        APPROXIMATE NUMBER    AVERAGE TIME USED     TIME LEFT (RESERVED   NUMBER OF STARS
 PARTICLES HANDLED    PARTICLES LEFT        OF BEAM PARTICLES     BY A BEAM PARTICLE     10000.0 SECONDS      CREATED
                                            THAT CAN STILL BE                           FOR PRINTOUT)
                                            HANDLED

 NEXT SEEDS:       0       0       0       0       0       0   181CD    3039       0       0
          1             249999999             249999999             8.3923340E-05         1.0000000E+30                 0       
 NEXT SEEDS:       4       0       0       0       0       0   181CD    3039       0       0
    5000000             245000000             245000000             2.9215911E-05         1.0000000E+30                 0       
 NEXT SEEDS: 1772A56       0       0       0       0       0   181CD    3039       0       0
   10000000             240000000             240000000             2.9019985E-05         1.0000000E+30                 0       
 NEXT SEEDS: 2EE1F46       0       0       0       0       0   181CD    3039       0       0
   15000000             235000000             235000000             2.8961814E-05         1.0000000E+30                 0       
 NEXT SEEDS: 4655D76       0       0       0       0       0   181CD    3039       0       0
   20000000             230000000             230000000             2.8903450E-05         1.0000000E+30                 0       
 NEXT SEEDS: 5DC2ABE       0       0       0       0       0   181CD    3039       0       0
   25000000             225000000             225000000             2.8879298E-05         1.0000000E+30                 0       
 NEXT SEEDS: 7537369       0       0       0       0       0   181CD    3039       0       0
   30000000             220000000             220000000             2.8847883E-05         1.0000000E+30                 0       
 NEXT SEEDS: 8CA70AB       0       0       0       0       0   181CD    3039       0       0
   35000000             215000000             215000000             2.8835757E-05         1.0000000E+30                 0       
 NEXT SEEDS: A41B188       0       0       0       0       0   181CD    3039       0       0
   40000000             210000000             210000000             2.8822416E-05         1.0000000E+30                 0       
 NEXT SEEDS: BB8BC4C       0       0       0       0       0   181CD    3039       0       0
   45000000             205000000             205000000             2.8818856E-05         1.0000000E+30                 0       
 NEXT SEEDS: D30210B       0       0       0       0       0   181CD    3039       0       0
   50000000             200000000             200000000             2.8809651E-05         1.0000000E+30                 0       
 NEXT SEEDS: EA70859       0       0       0       0       0   181CD    3039       0       0
   55000000             195000000             195000000             2.8800600E-05         1.0000000E+30                 0       
 NEXT SEEDS:101E0DAF       0       0       0       0       0   181CD    3039       0       0
   60000000             190000000             190000000             2.8795988E-05         1.0000000E+30                 0       
 NEXT SEEDS:11951D6C       0       0       0       0       0   181CD    3039       0       0
   65000000             185000000             185000000             2.8790984E-05         1.0000000E+30                 0       
 NEXT SEEDS:130BFE99       0       0       0       0       0   181CD    3039       0       0
   70000000             180000000             180000000             2.8784506E-05         1.0000000E+30                 0       
 NEXT SEEDS:1482B387       0       0       0       0       0   181CD    3039       0       0
   75000000             175000000             175000000             2.8779870E-05         1.0000000E+30                 0       
 NEXT SEEDS:15F9E47A       0       0       0       0       0   181CD    3039       0       0
   80000000             170000000             170000000             2.8779959E-05         1.0000000E+30                 0       
 NEXT SEEDS:1770F838       0       0       0       0       0   181CD    3039       0       0
  *** Emfgeo: Ncoun  2000000000
   85000000             165000000             165000000             2.8802198E-05         1.0000000E+30                 0       
 NEXT SEEDS:18E7BFEC       0       0       0       0       0   181CD    3039       0       0
   90000000             160000000             160000000             2.8812074E-05         1.0000000E+30                 0       
 NEXT SEEDS:1A5ED78E       0       0       0       0       0   181CD    3039       0       0
   95000000             155000000             155000000             2.8808627E-05         1.0000000E+30                 0       
 NEXT SEEDS:1BD5E793       0       0       0       0       0   181CD    3039       0       0
  100000000             150000000             150000000             2.8808084E-05         1.0000000E+30                 0       
 NEXT SEEDS:1D4CFFF6       0       0       0       0       0   181CD    3039       0       0
  105000000             145000000             145000000             2.8823133E-05         1.0000000E+30                 0       
 NEXT SEEDS:1EC42C4D       0       0       0       0       0   181CD    3039       0       0
  110000000             140000000             140000000             2.8821520E-05         1.0000000E+30                 0       
 NEXT SEEDS:203B6B36       0       0       0       0       0   181CD    3039       0       0
  115000000             135000000             135000000             2.8816808E-05         1.0000000E+30                 0       
 NEXT SEEDS:21B2645B       0       0       0       0       0   181CD    3039       0       0
  120000000             130000000             130000000             2.8815176E-05         1.0000000E+30                 0       
 NEXT SEEDS:23293FF7       0       0       0       0       0   181CD    3039       0       0
  125000000             125000000             125000000             2.8813701E-05         1.0000000E+30                 0       
 NEXT SEEDS:24A05CD0       0       0       0       0       0   181CD    3039       0       0
  130000000             120000000             120000000             2.8811390E-05         1.0000000E+30                 0       
 NEXT SEEDS:2617384F       0       0       0       0       0   181CD    3039       0       0
  135000000             115000000             115000000             2.8809146E-05         1.0000000E+30                 0       
 NEXT SEEDS:278E6388       0       0       0       0       0   181CD    3039       0       0
  140000000             110000000             110000000             2.8807656E-05         1.0000000E+30                 0       
 NEXT SEEDS:29059667       0       0       0       0       0   181CD    3039       0       0
  145000000             105000000             105000000             2.8806045E-05         1.0000000E+30                 0       
 NEXT SEEDS:2A7CA3D0       0       0       0       0       0   181CD    3039       0       0
  150000000             100000000             100000000             2.8805427E-05         1.0000000E+30                 0       
 NEXT SEEDS:2BF3EF7B       0       0       0       0       0   181CD    3039       0       0
  155000000              95000000              95000000             2.8804927E-05         1.0000000E+30                 0       
 NEXT SEEDS:2D6B18B3       0       0       0       0       0   181CD    3039       0       0
  160000000              90000000              90000000             2.8803736E-05         1.0000000E+30                 0       
 NEXT SEEDS:2EE252BF       0       0       0       0       0   181CD    3039       0       0
  *** Emfgeo: Ncoun  2000000000
  165000000              85000000              85000000             2.8803548E-05         1.0000000E+30                 0       
 NEXT SEEDS:305941D0       0       0       0       0       0   181CD    3039       0       0
  170000000              80000000              80000000             2.8804820E-05         1.0000000E+30                 0       
 NEXT SEEDS:31D0A6E4       0       0       0       0       0   181CD    3039       0       0
  175000000              75000000              75000000             2.8803117E-05         1.0000000E+30                 0       
 NEXT SEEDS:3347C794       0       0       0       0       0   181CD    3039       0       0
  180000000              70000000              70000000             2.8803548E-05         1.0000000E+30                 0       
 NEXT SEEDS:34BF019E       0       0       0       0       0   181CD    3039       0       0
  185000000              65000000              65000000             2.8801932E-05         1.0000000E+30                 0       
 NEXT SEEDS:3636024F       0       0       0       0       0   181CD    3039       0       0
  190000000              60000000              60000000             2.8800455E-05         1.0000000E+30                 0       
 NEXT SEEDS:37AD0055       0       0       0       0       0   181CD    3039       0       0
  195000000              55000000              55000000             2.8799291E-05         1.0000000E+30                 0       
 NEXT SEEDS:39240BC6       0       0       0       0       0   181CD    3039       0       0
  200000000              50000000              50000000             2.8797739E-05         1.0000000E+30                 0       
 NEXT SEEDS:3A9B00A7       0       0       0       0       0   181CD    3039       0       0
  205000000              45000000              45000000             2.8796225E-05         1.0000000E+30                 0       
 NEXT SEEDS:  777C57       1       0       0       0       0   181CD    3039       0       0
  210000000              40000000              40000000             2.8793808E-05         1.0000000E+30                 0       
 NEXT SEEDS: 1EE9341       1       0       0       0       0   181CD    3039       0       0
  215000000              35000000              35000000             2.8792515E-05         1.0000000E+30                 0       
 NEXT SEEDS: 365A477       1       0       0       0       0   181CD    3039       0       0
  220000000              30000000              30000000             2.8790965E-05         1.0000000E+30                 0       
 NEXT SEEDS: 4DCB8AE       1       0       0       0       0   181CD    3039       0       0
  225000000              25000000              25000000             2.8790245E-05         1.0000000E+30                 0       
 NEXT SEEDS: 653C270       1       0       0       0       0   181CD    3039       0       0
  230000000              20000000              20000000             2.8788876E-05         1.0000000E+30                 0       
 NEXT SEEDS: 7CACA35       1       0       0       0       0   181CD    3039       0       0
  235000000              15000000              15000000             2.8787195E-05         1.0000000E+30                 0       
 NEXT SEEDS: 941C2E5       1       0       0       0       0   181CD    3039       0       0
  240000000              10000000              10000000             2.8787000E-05         1.0000000E+30                 0       
 NEXT SEEDS: AB8B098       1       0       0       0       0   181CD    3039       0       0
  *** Emfgeo: Ncoun  2000000000
  245000000               5000000               5000000             2.8791251E-05         1.0000000E+30                 0       
 NEXT SEEDS: C30038F       1       0       0       0       0   181CD    3039       0       0
  249999950                    50                    50             2.8791090E-05         1.0000000E+30                 0       
 NEXT SEEDS: DA73A37       1       0       0       0       0   181CD    3039       0       0
  249999951                    49                    49             2.8791092E-05         1.0000000E+30                 0       
 NEXT SEEDS: DA73A3B       1       0       0       0       0   181CD    3039       0       0
  249999952                    48                    48             2.8791092E-05         1.0000000E+30                 0       
 NEXT SEEDS: DA73A3F       1       0       0       0       0   181CD    3039       0       0
  249999953                    47                    47             2.8791093E-05         1.0000000E+30                 0       
 NEXT SEEDS: DA73A45       1       0       0       0       0   181CD    3039       0       0
  249999954                    46                    46             2.8791093E-05         1.0000000E+30                 0       
 NEXT SEEDS: DA73A49       1       0       0       0       0   181CD    3039       0       0
  249999955                    45                    45             2.8791093E-05         1.0000000E+30                 0       
 NEXT SEEDS: DA73A4D       1       0       0       0       0   181CD    3039       0       0
  249999956                    44                    44             2.8791095E-05         1.0000000E+30                 0       
 NEXT SEEDS: DA73A51       1       0       0       0       0   181CD    3039       0       0
  249999957                    43                    43             2.8791095E-05         1.0000000E+30                 0       
 NEXT SEEDS: DA73A55       1       0       0       0       0   181CD    3039       0       0
  249999958                    42                    42             2.8791097E-05         1.0000000E+30                 0       
 NEXT SEEDS: DA73A59       1       0       0       0       0   181CD    3039       0       0
  249999959                    41                    41             2.8791097E-05         1.0000000E+30                 0       
 NEXT SEEDS: DA73A5D       1       0       0       0       0   181CD    3039       0       0
  249999960                    40                    40             2.8791097E-05         1.0000000E+30                 0       
 NEXT SEEDS: DA73A61       1       0       0       0       0   181CD    3039       0       0
  249999961                    39                    39             2.8791098E-05         1.0000000E+30                 0       
 NEXT SEEDS: DA73A65       1       0       0       0       0   181CD    3039       0       0
  249999962                    38                    38             2.8791098E-05         1.0000000E+30                 0       
 NEXT SEEDS: DA73A69       1       0       0       0       0   181CD    3039       0       0
  249999963                    37                    37             2.8791098E-05         1.0000000E+30                 0       
 NEXT SEEDS: DA73A6D       1       0       0       0       0   181CD    3039       0       0
  249999964                    36                    36             2.8791098E-05         1.0000000E+30                 0       
 NEXT SEEDS: DA73A71       1       0       0       0       0   181CD    3039       0       0
  249999965                    35                    35             2.8791098E-05         1.0000000E+30                 0       
 NEXT SEEDS: DA73A75       1       0       0       0       0   181CD    3039       0       0
  249999966                    34                    34             2.8791098E-05         1.0000000E+30                 0       
 NEXT SEEDS: DA73A79       1       0       0       0       0   181CD    3039       0       0
  249999967                    33                    33             2.8791098E-05         1.0000000E+30                 0       
 NEXT SEEDS: DA73A7D       1       0       0       0       0   181CD    3039       0       0
  249999968                    32                    32             2.8791098E-05         1.0000000E+30                 0       
 NEXT SEEDS: DA73A81       1       0       0       0       0   181CD    3039       0       0
  249999969                    31                    31             2.8791097E-05         1.0000000E+30                 0       
 NEXT SEEDS: DA73A87       1       0       0       0       0   181CD    3039       0       0
  249999970                    30                    30             2.8791097E-05         1.0000000E+30                 0       
 NEXT SEEDS: DA73A8B       1       0       0       0       0   181CD    3039       0       0
  249999971                    29                    29             2.8791097E-05         1.0000000E+30                 0       
 NEXT SEEDS: DA73A8F       1       0       0       0       0   181CD    3039       0       0
  249999972                    28                    28             2.8791097E-05         1.0000000E+30                 0       
 NEXT SEEDS: DA73A93       1       0       0       0       0   181CD    3039       0       0
  249999973                    27                    27             2.8791097E-05         1.0000000E+30                 0       
 NEXT SEEDS: DA73A97       1       0       0       0       0   181CD    3039       0       0
  249999974                    26                    26             2.8791097E-05         1.0000000E+30                 0       
 NEXT SEEDS: DA73A9B       1       0       0       0       0   181CD    3039       0       0
  249999975                    25                    25             2.8791099E-05         1.0000000E+30                 0       
 NEXT SEEDS: DA73A9F       1       0       0       0       0   181CD    3039       0       0
  249999976                    24                    24             2.8791099E-05         1.0000000E+30                 0       
 NEXT SEEDS: DA73AA3       1       0       0       0       0   181CD    3039       0       0
  249999977                    23                    23             2.8791098E-05         1.0000000E+30                 0       
 NEXT SEEDS: DA73AA7       1       0       0       0       0   181CD    3039       0       0
  249999978                    22                    22             2.8791098E-05         1.0000000E+30                 0       
 NEXT SEEDS: DA73AAB       1       0       0       0       0   181CD    3039       0       0
  249999979                    21                    21             2.8791098E-05         1.0000000E+30                 0       
 NEXT SEEDS: DA73AB1       1       0       0       0       0   181CD    3039       0       0
  249999980                    20                    20             2.8791098E-05         1.0000000E+30                 0       
 NEXT SEEDS: DA73AB5       1       0       0       0       0   181CD    3039       0       0
  249999981                    19                    19             2.8791098E-05         1.0000000E+30                 0       
 NEXT SEEDS: DA73AB9       1       0       0       0       0   181CD    3039       0       0
  249999982                    18                    18             2.8791098E-05         1.0000000E+30                 0       
 NEXT SEEDS: DA73ABD       1       0       0       0       0   181CD    3039       0       0
  249999983                    17                    17             2.8791098E-05         1.0000000E+30                 0       
 NEXT SEEDS: DA73AC1       1       0       0       0       0   181CD    3039       0       0
  249999984                    16                    16             2.8791100E-05         1.0000000E+30                 0       
 NEXT SEEDS: DA73AC5       1       0       0       0       0   181CD    3039       0       0
  249999985                    15                    15             2.8791099E-05         1.0000000E+30                 0       
 NEXT SEEDS: DA73AC9       1       0       0       0       0   181CD    3039       0       0
  249999986                    14                    14             2.8791099E-05         1.0000000E+30                 0       
 NEXT SEEDS: DA73ACD       1       0       0       0       0   181CD    3039       0       0
  249999987                    13                    13             2.8791101E-05         1.0000000E+30                 0       
 NEXT SEEDS: DA73AD1       1       0       0       0       0   181CD    3039       0       0
  249999988                    12                    12             2.8791101E-05         1.0000000E+30                 0       
 NEXT SEEDS: DA73AD5       1       0       0       0       0   181CD    3039       0       0
  249999989                    11                    11             2.8791101E-05         1.0000000E+30                 0       
 NEXT SEEDS: DA73AD9       1       0       0       0       0   181CD    3039       0       0
  249999990                    10                    10             2.8791103E-05         1.0000000E+30                 0       
 NEXT SEEDS: DA73ADD       1       0       0       0       0   181CD    3039       0       0
  249999991                     9                     9             2.8791103E-05         1.0000000E+30                 0       
 NEXT SEEDS: DA73AE1       1       0       0       0       0   181CD    3039       0       0
  249999992                     8                     8             2.8791103E-05         1.0000000E+30                 0       
 NEXT SEEDS: DA73AE5       1       0       0       0       0   181CD    3039       0       0
  249999993                     7                     7             2.8791104E-05         1.0000000E+30                 0       
 NEXT SEEDS: DA73AE9       1       0       0       0       0   181CD    3039       0       0
  249999994                     6                     6             2.8791104E-05         1.0000000E+30                 0       
 NEXT SEEDS: DA73AED       1       0       0       0       0   181CD    3039       0       0
  249999995                     5                     5             2.8791104E-05         1.0000000E+30                 0       
 NEXT SEEDS: DA73AF1       1       0       0       0       0   181CD    3039       0       0
  249999996                     4                     4             2.8791106E-05         1.0000000E+30                 0       
 NEXT SEEDS: DA73AF5       1       0       0       0       0   181CD    3039       0       0
  249999997                     3                     3             2.8791106E-05         1.0000000E+30                 0       
 NEXT SEEDS: DA73AF9       1       0       0       0       0   181CD    3039       0       0
  249999998                     2                     2             2.8791108E-05         1.0000000E+30                 0       
 NEXT SEEDS: DA73AFD       1       0       0       0       0   181CD    3039       0       0
  249999999                     1                     1             2.8791108E-05         1.0000000E+30                 0       
 NEXT SEEDS: DA73B01       1       0       0       0       0   181CD    3039       0       0
  250000000                     0                     1             2.8791108E-05         1.0000000E+30                 0       
 NEXT SEEDS: DA73B07       1       0       0       0       0   181CD    3039       0       0
