1NUMBER OF BEAM       NUMBER OF BEAM        APPROXIMATE NUMBER    AVERAGE TIME USED     TIME LEFT (RESERVED   NUMBER OF STARS
 PARTICLES HANDLED    PARTICLES LEFT        OF BEAM PARTICLES     BY A BEAM PARTICLE     10000.0 SECONDS      CREATED
                                            THAT CAN STILL BE                           FOR PRINTOUT)
                                            HANDLED

 NEXT SEEDS:       0       0       0       0       0       0   181CD    3039       0       0
          1             249999999             249999999             7.7962875E-05         1.0000000E+30                 0       
 NEXT SEEDS:       4       0       0       0       0       0   181CD    3039       0       0
    5000000             245000000             245000000             2.7794667E-05         1.0000000E+30                 0       
 NEXT SEEDS: 176F201       0       0       0       0       0   181CD    3039       0       0
   10000000             240000000             240000000             2.7798905E-05         1.0000000E+30                 0       
 NEXT SEEDS: 2EDE1C0       0       0       0       0       0   181CD    3039       0       0
   15000000             235000000             235000000             2.7810775E-05         1.0000000E+30                 0       
 NEXT SEEDS: 4650F88       0       0       0       0       0   181CD    3039       0       0
   20000000             230000000             230000000             2.7788971E-05         1.0000000E+30                 0       
 NEXT SEEDS: 5DC27A2       0       0       0       0       0   181CD    3039       0       0
   25000000             225000000             225000000             2.7790401E-05         1.0000000E+30                 0       
 NEXT SEEDS: 7536ADA       0       0       0       0       0   181CD    3039       0       0
   30000000             220000000             220000000             2.7794096E-05         1.0000000E+30                 0       
 NEXT SEEDS: 8CA9DA1       0       0       0       0       0   181CD    3039       0       0
   35000000             215000000             215000000             2.7781606E-05         1.0000000E+30                 0       
 NEXT SEEDS: A418491       0       0       0       0       0   181CD    3039       0       0
   40000000             210000000             210000000             2.7780513E-05         1.0000000E+30                 0       
 NEXT SEEDS: BB88F30       0       0       0       0       0   181CD    3039       0       0
   45000000             205000000             205000000             2.7784100E-05         1.0000000E+30                 0       
 NEXT SEEDS: D2FBBF0       0       0       0       0       0   181CD    3039       0       0
   50000000             200000000             200000000             2.7777257E-05         1.0000000E+30                 0       
 NEXT SEEDS: EA6A0AC       0       0       0       0       0   181CD    3039       0       0
   55000000             195000000             195000000             2.7776615E-05         1.0000000E+30                 0       
 NEXT SEEDS:101DAA55       0       0       0       0       0   181CD    3039       0       0
   60000000             190000000             190000000             2.7778313E-05         1.0000000E+30                 0       
 NEXT SEEDS:1194BD25       0       0       0       0       0   181CD    3039       0       0
   65000000             185000000             185000000             2.7775245E-05         1.0000000E+30                 0       
 NEXT SEEDS:130BCB51       0       0       0       0       0   181CD    3039       0       0
   70000000             180000000             180000000             2.7772045E-05         1.0000000E+30                 0       
 NEXT SEEDS:1482CE39       0       0       0       0       0   181CD    3039       0       0
   75000000             175000000             175000000             2.7771637E-05         1.0000000E+30                 0       
 NEXT SEEDS:15F9EE5A       0       0       0       0       0   181CD    3039       0       0
   80000000             170000000             170000000             2.7771267E-05         1.0000000E+30                 0       
 NEXT SEEDS:177131E9       0       0       0       0       0   181CD    3039       0       0
  *** Emfgeo: Ncoun  2000000000
   85000000             165000000             165000000             2.7770866E-05         1.0000000E+30                 0       
 NEXT SEEDS:18E818AD       0       0       0       0       0   181CD    3039       0       0
   90000000             160000000             160000000             2.7770051E-05         1.0000000E+30                 0       
 NEXT SEEDS:1A5F74A2       0       0       0       0       0   181CD    3039       0       0
   95000000             155000000             155000000             2.7770140E-05         1.0000000E+30                 0       
 NEXT SEEDS:1BD6C178       0       0       0       0       0   181CD    3039       0       0
  100000000             150000000             150000000             2.7771784E-05         1.0000000E+30                 0       
 NEXT SEEDS:1D4DFFBC       0       0       0       0       0   181CD    3039       0       0
  105000000             145000000             145000000             2.7771672E-05         1.0000000E+30                 0       
 NEXT SEEDS:1EC51642       0       0       0       0       0   181CD    3039       0       0
  110000000             140000000             140000000             2.7768088E-05         1.0000000E+30                 0       
 NEXT SEEDS:203C26B5       0       0       0       0       0   181CD    3039       0       0
  115000000             135000000             135000000             2.7768170E-05         1.0000000E+30                 0       
 NEXT SEEDS:21B36220       0       0       0       0       0   181CD    3039       0       0
  120000000             130000000             130000000             2.7766939E-05         1.0000000E+30                 0       
 NEXT SEEDS:232A6B53       0       0       0       0       0   181CD    3039       0       0
  125000000             125000000             125000000             2.7765818E-05         1.0000000E+30                 0       
 NEXT SEEDS:24A166D0       0       0       0       0       0   181CD    3039       0       0
  130000000             120000000             120000000             2.7766224E-05         1.0000000E+30                 0       
 NEXT SEEDS:26186BC0       0       0       0       0       0   181CD    3039       0       0
  135000000             115000000             115000000             2.7767457E-05         1.0000000E+30                 0       
 NEXT SEEDS:278FA36D       0       0       0       0       0   181CD    3039       0       0
  140000000             110000000             110000000             2.7768825E-05         1.0000000E+30                 0       
 NEXT SEEDS:2906D519       0       0       0       0       0   181CD    3039       0       0
  145000000             105000000             105000000             2.7771378E-05         1.0000000E+30                 0       
 NEXT SEEDS:2A7DF5CA       0       0       0       0       0   181CD    3039       0       0
  150000000             100000000             100000000             2.7771967E-05         1.0000000E+30                 0       
 NEXT SEEDS:2BF52A60       0       0       0       0       0   181CD    3039       0       0
  155000000              95000000              95000000             2.7774497E-05         1.0000000E+30                 0       
 NEXT SEEDS:2D6C3DA6       0       0       0       0       0   181CD    3039       0       0
  160000000              90000000              90000000             2.7773994E-05         1.0000000E+30                 0       
 NEXT SEEDS:2EE3467B       0       0       0       0       0   181CD    3039       0       0
  *** Emfgeo: Ncoun  2000000000
  165000000              85000000              85000000             2.7774933E-05         1.0000000E+30                 0       
 NEXT SEEDS:305A79E4       0       0       0       0       0   181CD    3039       0       0
  170000000              80000000              80000000             2.7778003E-05         1.0000000E+30                 0       
 NEXT SEEDS:31D19FDD       0       0       0       0       0   181CD    3039       0       0
  175000000              75000000              75000000             2.7778120E-05         1.0000000E+30                 0       
 NEXT SEEDS:3348C7D1       0       0       0       0       0   181CD    3039       0       0
  180000000              70000000              70000000             2.7777825E-05         1.0000000E+30                 0       
 NEXT SEEDS:34BFD405       0       0       0       0       0   181CD    3039       0       0
  185000000              65000000              65000000             2.7777218E-05         1.0000000E+30                 0       
 NEXT SEEDS:3636F073       0       0       0       0       0   181CD    3039       0       0
  190000000              60000000              60000000             2.7777206E-05         1.0000000E+30                 0       
 NEXT SEEDS:37AE333F       0       0       0       0       0   181CD    3039       0       0
  195000000              55000000              55000000             2.7777342E-05         1.0000000E+30                 0       
 NEXT SEEDS:39255099       0       0       0       0       0   181CD    3039       0       0
  200000000              50000000              50000000             2.7776971E-05         1.0000000E+30                 0       
 NEXT SEEDS:3A9C760E       0       0       0       0       0   181CD    3039       0       0
  205000000              45000000              45000000             2.7775999E-05         1.0000000E+30                 0       
 NEXT SEEDS:  78E222       1       0       0       0       0   181CD    3039       0       0
  210000000              40000000              40000000             2.7775229E-05         1.0000000E+30                 0       
 NEXT SEEDS: 1EFF033       1       0       0       0       0   181CD    3039       0       0
  215000000              35000000              35000000             2.7775669E-05         1.0000000E+30                 0       
 NEXT SEEDS: 3671BAF       1       0       0       0       0   181CD    3039       0       0
  220000000              30000000              30000000             2.7776663E-05         1.0000000E+30                 0       
 NEXT SEEDS: 4DE4222       1       0       0       0       0   181CD    3039       0       0
  225000000              25000000              25000000             2.7776496E-05         1.0000000E+30                 0       
 NEXT SEEDS: 655406C       1       0       0       0       0   181CD    3039       0       0
  230000000              20000000              20000000             2.7776483E-05         1.0000000E+30                 0       
 NEXT SEEDS: 7CC1D66       1       0       0       0       0   181CD    3039       0       0
  235000000              15000000              15000000             2.7775585E-05         1.0000000E+30                 0       
 NEXT SEEDS: 94312B0       1       0       0       0       0   181CD    3039       0       0
  240000000              10000000              10000000             2.7776936E-05         1.0000000E+30                 0       
 NEXT SEEDS: ABA75A7       1       0       0       0       0   181CD    3039       0       0
  *** Emfgeo: Ncoun  2000000000
  245000000               5000000               5000000             2.7777781E-05         1.0000000E+30                 0       
 NEXT SEEDS: C31BD41       1       0       0       0       0   181CD    3039       0       0
  249999950                    50                    50             2.7777901E-05         1.0000000E+30                 0       
 NEXT SEEDS: DA8D415       1       0       0       0       0   181CD    3039       0       0
  249999951                    49                    49             2.7777901E-05         1.0000000E+30                 0       
 NEXT SEEDS: DA8D419       1       0       0       0       0   181CD    3039       0       0
  249999952                    48                    48             2.7777903E-05         1.0000000E+30                 0       
 NEXT SEEDS: DA8D41D       1       0       0       0       0   181CD    3039       0       0
  249999953                    47                    47             2.7777904E-05         1.0000000E+30                 0       
 NEXT SEEDS: DA8D421       1       0       0       0       0   181CD    3039       0       0
  249999954                    46                    46             2.7777904E-05         1.0000000E+30                 0       
 NEXT SEEDS: DA8D425       1       0       0       0       0   181CD    3039       0       0
  249999955                    45                    45             2.7777904E-05         1.0000000E+30                 0       
 NEXT SEEDS: DA8D429       1       0       0       0       0   181CD    3039       0       0
  249999956                    44                    44             2.7777906E-05         1.0000000E+30                 0       
 NEXT SEEDS: DA8D42D       1       0       0       0       0   181CD    3039       0       0
  249999957                    43                    43             2.7777908E-05         1.0000000E+30                 0       
 NEXT SEEDS: DA8D431       1       0       0       0       0   181CD    3039       0       0
  249999958                    42                    42             2.7777908E-05         1.0000000E+30                 0       
 NEXT SEEDS: DA8D435       1       0       0       0       0   181CD    3039       0       0
  249999959                    41                    41             2.7777908E-05         1.0000000E+30                 0       
 NEXT SEEDS: DA8D439       1       0       0       0       0   181CD    3039       0       0
  249999960                    40                    40             2.7777908E-05         1.0000000E+30                 0       
 NEXT SEEDS: DA8D43D       1       0       0       0       0   181CD    3039       0       0
  249999961                    39                    39             2.7777907E-05         1.0000000E+30                 0       
 NEXT SEEDS: DA8D441       1       0       0       0       0   181CD    3039       0       0
  249999962                    38                    38             2.7777907E-05         1.0000000E+30                 0       
 NEXT SEEDS: DA8D445       1       0       0       0       0   181CD    3039       0       0
  249999963                    37                    37             2.7777907E-05         1.0000000E+30                 0       
 NEXT SEEDS: DA8D451       1       0       0       0       0   181CD    3039       0       0
  249999964                    36                    36             2.7777907E-05         1.0000000E+30                 0       
 NEXT SEEDS: DA8D455       1       0       0       0       0   181CD    3039       0       0
  249999965                    35                    35             2.7777909E-05         1.0000000E+30                 0       
 NEXT SEEDS: DA8D459       1       0       0       0       0   181CD    3039       0       0
  249999966                    34                    34             2.7777909E-05         1.0000000E+30                 0       
 NEXT SEEDS: DA8D45D       1       0       0       0       0   181CD    3039       0       0
  249999967                    33                    33             2.7777911E-05         1.0000000E+30                 0       
 NEXT SEEDS: DA8D461       1       0       0       0       0   181CD    3039       0       0
  249999968                    32                    32             2.7777911E-05         1.0000000E+30                 0       
 NEXT SEEDS: DA8D465       1       0       0       0       0   181CD    3039       0       0
  249999969                    31                    31             2.7777910E-05         1.0000000E+30                 0       
 NEXT SEEDS: DA8D469       1       0       0       0       0   181CD    3039       0       0
  249999970                    30                    30             2.7777910E-05         1.0000000E+30                 0       
 NEXT SEEDS: DA8D46D       1       0       0       0       0   181CD    3039       0       0
  249999971                    29                    29             2.7777910E-05         1.0000000E+30                 0       
 NEXT SEEDS: DA8D471       1       0       0       0       0   181CD    3039       0       0
  249999972                    28                    28             2.7777910E-05         1.0000000E+30                 0       
 NEXT SEEDS: DA8D475       1       0       0       0       0   181CD    3039       0       0
  249999973                    27                    27             2.7777910E-05         1.0000000E+30                 0       
 NEXT SEEDS: DA8D496       1       0       0       0       0   181CD    3039       0       0
  249999974                    26                    26             2.7777912E-05         1.0000000E+30                 0       
 NEXT SEEDS: DA8D49A       1       0       0       0       0   181CD    3039       0       0
  249999975                    25                    25             2.7777912E-05         1.0000000E+30                 0       
 NEXT SEEDS: DA8D49E       1       0       0       0       0   181CD    3039       0       0
  249999976                    24                    24             2.7777912E-05         1.0000000E+30                 0       
 NEXT SEEDS: DA8D4A2       1       0       0       0       0   181CD    3039       0       0
  249999977                    23                    23             2.7777912E-05         1.0000000E+30                 0       
 NEXT SEEDS: DA8D4A6       1       0       0       0       0   181CD    3039       0       0
  249999978                    22                    22             2.7777911E-05         1.0000000E+30                 0       
 NEXT SEEDS: DA8D4AA       1       0       0       0       0   181CD    3039       0       0
  249999979                    21                    21             2.7777911E-05         1.0000000E+30                 0       
 NEXT SEEDS: DA8D4AE       1       0       0       0       0   181CD    3039       0       0
  249999980                    20                    20             2.7777911E-05         1.0000000E+30                 0       
 NEXT SEEDS: DA8D4B2       1       0       0       0       0   181CD    3039       0       0
  249999981                    19                    19             2.7777911E-05         1.0000000E+30                 0       
 NEXT SEEDS: DA8D4B6       1       0       0       0       0   181CD    3039       0       0
  249999982                    18                    18             2.7777911E-05         1.0000000E+30                 0       
 NEXT SEEDS: DA8D4BA       1       0       0       0       0   181CD    3039       0       0
  249999983                    17                    17             2.7777911E-05         1.0000000E+30                 0       
 NEXT SEEDS: DA8D4BE       1       0       0       0       0   181CD    3039       0       0
  249999984                    16                    16             2.7777911E-05         1.0000000E+30                 0       
 NEXT SEEDS: DA8D4C2       1       0       0       0       0   181CD    3039       0       0
  249999985                    15                    15             2.7777911E-05         1.0000000E+30                 0       
 NEXT SEEDS: DA8D4C6       1       0       0       0       0   181CD    3039       0       0
  249999986                    14                    14             2.7777911E-05         1.0000000E+30                 0       
 NEXT SEEDS: DA8D4CA       1       0       0       0       0   181CD    3039       0       0
  249999987                    13                    13             2.7777910E-05         1.0000000E+30                 0       
 NEXT SEEDS: DA8D4CE       1       0       0       0       0   181CD    3039       0       0
  249999988                    12                    12             2.7777910E-05         1.0000000E+30                 0       
 NEXT SEEDS: DA8D4D2       1       0       0       0       0   181CD    3039       0       0
  249999989                    11                    11             2.7777910E-05         1.0000000E+30                 0       
 NEXT SEEDS: DA8D4D6       1       0       0       0       0   181CD    3039       0       0
  249999990                    10                    10             2.7777910E-05         1.0000000E+30                 0       
 NEXT SEEDS: DA8D4DA       1       0       0       0       0   181CD    3039       0       0
  249999991                     9                     9             2.7777910E-05         1.0000000E+30                 0       
 NEXT SEEDS: DA8D4DE       1       0       0       0       0   181CD    3039       0       0
  249999992                     8                     8             2.7777910E-05         1.0000000E+30                 0       
 NEXT SEEDS: DA8D4E2       1       0       0       0       0   181CD    3039       0       0
  249999993                     7                     7             2.7777910E-05         1.0000000E+30                 0       
 NEXT SEEDS: DA8D4E6       1       0       0       0       0   181CD    3039       0       0
  249999994                     6                     6             2.7777910E-05         1.0000000E+30                 0       
 NEXT SEEDS: DA8D4EA       1       0       0       0       0   181CD    3039       0       0
  249999995                     5                     5             2.7777910E-05         1.0000000E+30                 0       
 NEXT SEEDS: DA8D4EE       1       0       0       0       0   181CD    3039       0       0
  249999996                     4                     4             2.7777909E-05         1.0000000E+30                 0       
 NEXT SEEDS: DA8D4F2       1       0       0       0       0   181CD    3039       0       0
  249999997                     3                     3             2.7777909E-05         1.0000000E+30                 0       
 NEXT SEEDS: DA8D4F6       1       0       0       0       0   181CD    3039       0       0
  249999998                     2                     2             2.7777909E-05         1.0000000E+30                 0       
 NEXT SEEDS: DA8D4FA       1       0       0       0       0   181CD    3039       0       0
  249999999                     1                     1             2.7777909E-05         1.0000000E+30                 0       
 NEXT SEEDS: DA8D4FE       1       0       0       0       0   181CD    3039       0       0
  250000000                     0                     1             2.7777909E-05         1.0000000E+30                 0       
 NEXT SEEDS: DA8D502       1       0       0       0       0   181CD    3039       0       0
