1NUMBER OF BEAM       NUMBER OF BEAM        APPROXIMATE NUMBER    AVERAGE TIME USED     TIME LEFT (RESERVED   NUMBER OF STARS
 PARTICLES HANDLED    PARTICLES LEFT        OF BEAM PARTICLES     BY A BEAM PARTICLE     10000.0 SECONDS      CREATED
                                            THAT CAN STILL BE                           FOR PRINTOUT)
                                            HANDLED

 NEXT SEEDS:       0       0       0       0       0       0   181CD    3039       0       0
          1             249999999             249999999             7.7009201E-05         1.0000000E+30                 0       
 NEXT SEEDS:       4       0       0       0       0       0   181CD    3039       0       0
    5000000             245000000             245000000             2.7785166E-05         1.0000000E+30                 0       
 NEXT SEEDS: 1771701       0       0       0       0       0   181CD    3039       0       0
   10000000             240000000             240000000             2.7789430E-05         1.0000000E+30                 0       
 NEXT SEEDS: 2EE57F7       0       0       0       0       0   181CD    3039       0       0
   15000000             235000000             235000000             2.7783857E-05         1.0000000E+30                 0       
 NEXT SEEDS: 4659AF5       0       0       0       0       0   181CD    3039       0       0
   20000000             230000000             230000000             2.7780810E-05         1.0000000E+30                 0       
 NEXT SEEDS: 5DCC42A       0       0       0       0       0   181CD    3039       0       0
   25000000             225000000             225000000             2.7779399E-05         1.0000000E+30                 0       
 NEXT SEEDS: 753A782       0       0       0       0       0   181CD    3039       0       0
   30000000             220000000             220000000             2.7787290E-05         1.0000000E+30                 0       
 NEXT SEEDS: 8CAB467       0       0       0       0       0   181CD    3039       0       0
   35000000             215000000             215000000             2.7782369E-05         1.0000000E+30                 0       
 NEXT SEEDS: A418770       0       0       0       0       0   181CD    3039       0       0
   40000000             210000000             210000000             2.7784033E-05         1.0000000E+30                 0       
 NEXT SEEDS: BB8C50F       0       0       0       0       0   181CD    3039       0       0
   45000000             205000000             205000000             2.7777821E-05         1.0000000E+30                 0       
 NEXT SEEDS: D2FE7BF       0       0       0       0       0   181CD    3039       0       0
   50000000             200000000             200000000             2.7778835E-05         1.0000000E+30                 0       
 NEXT SEEDS: EA71F34       0       0       0       0       0   181CD    3039       0       0
   55000000             195000000             195000000             2.7778835E-05         1.0000000E+30                 0       
 NEXT SEEDS:101E5EED       0       0       0       0       0   181CD    3039       0       0
   60000000             190000000             190000000             2.7774717E-05         1.0000000E+30                 0       
 NEXT SEEDS:11956863       0       0       0       0       0   181CD    3039       0       0
   65000000             185000000             185000000             2.7773479E-05         1.0000000E+30                 0       
 NEXT SEEDS:130C648B       0       0       0       0       0   181CD    3039       0       0
   70000000             180000000             180000000             2.7766764E-05         1.0000000E+30                 0       
 NEXT SEEDS:14833F60       0       0       0       0       0   181CD    3039       0       0
   75000000             175000000             175000000             2.7765762E-05         1.0000000E+30                 0       
 NEXT SEEDS:15FA4D64       0       0       0       0       0   181CD    3039       0       0
   80000000             170000000             170000000             2.7763531E-05         1.0000000E+30                 0       
 NEXT SEEDS:17711E66       0       0       0       0       0   181CD    3039       0       0
  *** Emfgeo: Ncoun  2000000000
   85000000             165000000             165000000             2.7762557E-05         1.0000000E+30                 0       
 NEXT SEEDS:18E83184       0       0       0       0       0   181CD    3039       0       0
   90000000             160000000             160000000             2.7761502E-05         1.0000000E+30                 0       
 NEXT SEEDS:1A5F67BD       0       0       0       0       0   181CD    3039       0       0
   95000000             155000000             155000000             2.7762497E-05         1.0000000E+30                 0       
 NEXT SEEDS:1BD66ACA       0       0       0       0       0   181CD    3039       0       0
  100000000             150000000             150000000             2.7762849E-05         1.0000000E+30                 0       
 NEXT SEEDS:1D4D5F65       0       0       0       0       0   181CD    3039       0       0
  105000000             145000000             145000000             2.7762814E-05         1.0000000E+30                 0       
 NEXT SEEDS:1EC42FEA       0       0       0       0       0   181CD    3039       0       0
  110000000             140000000             140000000             2.7762542E-05         1.0000000E+30                 0       
 NEXT SEEDS:203B5679       0       0       0       0       0   181CD    3039       0       0
  115000000             135000000             135000000             2.7762891E-05         1.0000000E+30                 0       
 NEXT SEEDS:21B27603       0       0       0       0       0   181CD    3039       0       0
  120000000             130000000             130000000             2.7761900E-05         1.0000000E+30                 0       
 NEXT SEEDS:23298EA7       0       0       0       0       0   181CD    3039       0       0
  125000000             125000000             125000000             2.7763416E-05         1.0000000E+30                 0       
 NEXT SEEDS:24A0A29F       0       0       0       0       0   181CD    3039       0       0
  130000000             120000000             120000000             2.7762876E-05         1.0000000E+30                 0       
 NEXT SEEDS:2617A250       0       0       0       0       0   181CD    3039       0       0
  135000000             115000000             115000000             2.7765003E-05         1.0000000E+30                 0       
 NEXT SEEDS:278E922D       0       0       0       0       0   181CD    3039       0       0
  140000000             110000000             110000000             2.7764164E-05         1.0000000E+30                 0       
 NEXT SEEDS:29058B94       0       0       0       0       0   181CD    3039       0       0
  145000000             105000000             105000000             2.7763966E-05         1.0000000E+30                 0       
 NEXT SEEDS:2A7C4F75       0       0       0       0       0   181CD    3039       0       0
  150000000             100000000             100000000             2.7765537E-05         1.0000000E+30                 0       
 NEXT SEEDS:2BF387C4       0       0       0       0       0   181CD    3039       0       0
  155000000              95000000              95000000             2.7765849E-05         1.0000000E+30                 0       
 NEXT SEEDS:2D6A89AA       0       0       0       0       0   181CD    3039       0       0
  160000000              90000000              90000000             2.7767630E-05         1.0000000E+30                 0       
 NEXT SEEDS:2EE1AA1A       0       0       0       0       0   181CD    3039       0       0
  *** Emfgeo: Ncoun  2000000000
  165000000              85000000              85000000             2.7768407E-05         1.0000000E+30                 0       
 NEXT SEEDS:3058C172       0       0       0       0       0   181CD    3039       0       0
  170000000              80000000              80000000             2.7769187E-05         1.0000000E+30                 0       
 NEXT SEEDS:31CFD75F       0       0       0       0       0   181CD    3039       0       0
  175000000              75000000              75000000             2.7769489E-05         1.0000000E+30                 0       
 NEXT SEEDS:33472675       0       0       0       0       0   181CD    3039       0       0
  180000000              70000000              70000000             2.7770063E-05         1.0000000E+30                 0       
 NEXT SEEDS:34BE344F       0       0       0       0       0   181CD    3039       0       0
  185000000              65000000              65000000             2.7770814E-05         1.0000000E+30                 0       
 NEXT SEEDS:36355CBD       0       0       0       0       0   181CD    3039       0       0
  190000000              60000000              60000000             2.7770796E-05         1.0000000E+30                 0       
 NEXT SEEDS:37AC8E11       0       0       0       0       0   181CD    3039       0       0
  195000000              55000000              55000000             2.7771044E-05         1.0000000E+30                 0       
 NEXT SEEDS:3923CC8B       0       0       0       0       0   181CD    3039       0       0
  200000000              50000000              50000000             2.7771746E-05         1.0000000E+30                 0       
 NEXT SEEDS:3A9AEC1A       0       0       0       0       0   181CD    3039       0       0
  205000000              45000000              45000000             2.7771727E-05         1.0000000E+30                 0       
 NEXT SEEDS:  772F04       1       0       0       0       0   181CD    3039       0       0
  210000000              40000000              40000000             2.7772042E-05         1.0000000E+30                 0       
 NEXT SEEDS: 1EE4C92       1       0       0       0       0   181CD    3039       0       0
  215000000              35000000              35000000             2.7770771E-05         1.0000000E+30                 0       
 NEXT SEEDS: 3654611       1       0       0       0       0   181CD    3039       0       0
  220000000              30000000              30000000             2.7771819E-05         1.0000000E+30                 0       
 NEXT SEEDS: 4DC88E1       1       0       0       0       0   181CD    3039       0       0
  225000000              25000000              25000000             2.7772016E-05         1.0000000E+30                 0       
 NEXT SEEDS: 65390C6       1       0       0       0       0   181CD    3039       0       0
  230000000              20000000              20000000             2.7772119E-05         1.0000000E+30                 0       
 NEXT SEEDS: 7CADBAF       1       0       0       0       0   181CD    3039       0       0
  235000000              15000000              15000000             2.7772062E-05         1.0000000E+30                 0       
 NEXT SEEDS: 941B1C2       1       0       0       0       0   181CD    3039       0       0
  240000000              10000000              10000000             2.7770909E-05         1.0000000E+30                 0       
 NEXT SEEDS: AB8D883       1       0       0       0       0   181CD    3039       0       0
  *** Emfgeo: Ncoun  2000000000
  245000000               5000000               5000000             2.7769914E-05         1.0000000E+30                 0       
 NEXT SEEDS: C2FC9B8       1       0       0       0       0   181CD    3039       0       0
  249999950                    50                    50             2.7769986E-05         1.0000000E+30                 0       
 NEXT SEEDS: DA6E8D9       1       0       0       0       0   181CD    3039       0       0
  249999951                    49                    49             2.7769988E-05         1.0000000E+30                 0       
 NEXT SEEDS: DA6E8DD       1       0       0       0       0   181CD    3039       0       0
  249999952                    48                    48             2.7769990E-05         1.0000000E+30                 0       
 NEXT SEEDS: DA6E8E3       1       0       0       0       0   181CD    3039       0       0
  249999953                    47                    47             2.7769990E-05         1.0000000E+30                 0       
 NEXT SEEDS: DA6E8E7       1       0       0       0       0   181CD    3039       0       0
  249999954                    46                    46             2.7769991E-05         1.0000000E+30                 0       
 NEXT SEEDS: DA6E8ED       1       0       0       0       0   181CD    3039       0       0
  249999955                    45                    45             2.7769991E-05         1.0000000E+30                 0       
 NEXT SEEDS: DA6E8F1       1       0       0       0       0   181CD    3039       0       0
  249999956                    44                    44             2.7769991E-05         1.0000000E+30                 0       
 NEXT SEEDS: DA6E8F5       1       0       0       0       0   181CD    3039       0       0
  249999957                    43                    43             2.7769993E-05         1.0000000E+30                 0       
 NEXT SEEDS: DA6E8F9       1       0       0       0       0   181CD    3039       0       0
  249999958                    42                    42             2.7769993E-05         1.0000000E+30                 0       
 NEXT SEEDS: DA6E8FD       1       0       0       0       0   181CD    3039       0       0
  249999959                    41                    41             2.7769993E-05         1.0000000E+30                 0       
 NEXT SEEDS: DA6E901       1       0       0       0       0   181CD    3039       0       0
  249999960                    40                    40             2.7769993E-05         1.0000000E+30                 0       
 NEXT SEEDS: DA6E905       1       0       0       0       0   181CD    3039       0       0
  249999961                    39                    39             2.7769993E-05         1.0000000E+30                 0       
 NEXT SEEDS: DA6E909       1       0       0       0       0   181CD    3039       0       0
  249999962                    38                    38             2.7769992E-05         1.0000000E+30                 0       
 NEXT SEEDS: DA6E90D       1       0       0       0       0   181CD    3039       0       0
  249999963                    37                    37             2.7769992E-05         1.0000000E+30                 0       
 NEXT SEEDS: DA6E911       1       0       0       0       0   181CD    3039       0       0
  249999964                    36                    36             2.7769992E-05         1.0000000E+30                 0       
 NEXT SEEDS: DA6E915       1       0       0       0       0   181CD    3039       0       0
  249999965                    35                    35             2.7769992E-05         1.0000000E+30                 0       
 NEXT SEEDS: DA6E919       1       0       0       0       0   181CD    3039       0       0
  249999966                    34                    34             2.7769992E-05         1.0000000E+30                 0       
 NEXT SEEDS: DA6E91D       1       0       0       0       0   181CD    3039       0       0
  249999967                    33                    33             2.7769992E-05         1.0000000E+30                 0       
 NEXT SEEDS: DA6E921       1       0       0       0       0   181CD    3039       0       0
  249999968                    32                    32             2.7769992E-05         1.0000000E+30                 0       
 NEXT SEEDS: DA6E925       1       0       0       0       0   181CD    3039       0       0
  249999969                    31                    31             2.7769992E-05         1.0000000E+30                 0       
 NEXT SEEDS: DA6E929       1       0       0       0       0   181CD    3039       0       0
  249999970                    30                    30             2.7769992E-05         1.0000000E+30                 0       
 NEXT SEEDS: DA6E92D       1       0       0       0       0   181CD    3039       0       0
  249999971                    29                    29             2.7769991E-05         1.0000000E+30                 0       
 NEXT SEEDS: DA6E931       1       0       0       0       0   181CD    3039       0       0
  249999972                    28                    28             2.7769991E-05         1.0000000E+30                 0       
 NEXT SEEDS: DA6E935       1       0       0       0       0   181CD    3039       0       0
  249999973                    27                    27             2.7769991E-05         1.0000000E+30                 0       
 NEXT SEEDS: DA6E939       1       0       0       0       0   181CD    3039       0       0
  249999974                    26                    26             2.7769991E-05         1.0000000E+30                 0       
 NEXT SEEDS: DA6E93D       1       0       0       0       0   181CD    3039       0       0
  249999975                    25                    25             2.7769991E-05         1.0000000E+30                 0       
 NEXT SEEDS: DA6E941       1       0       0       0       0   181CD    3039       0       0
  249999976                    24                    24             2.7769991E-05         1.0000000E+30                 0       
 NEXT SEEDS: DA6E945       1       0       0       0       0   181CD    3039       0       0
  249999977                    23                    23             2.7769991E-05         1.0000000E+30                 0       
 NEXT SEEDS: DA6E949       1       0       0       0       0   181CD    3039       0       0
  249999978                    22                    22             2.7769991E-05         1.0000000E+30                 0       
 NEXT SEEDS: DA6E94D       1       0       0       0       0   181CD    3039       0       0
  249999979                    21                    21             2.7769991E-05         1.0000000E+30                 0       
 NEXT SEEDS: DA6E951       1       0       0       0       0   181CD    3039       0       0
  249999980                    20                    20             2.7769990E-05         1.0000000E+30                 0       
 NEXT SEEDS: DA6E955       1       0       0       0       0   181CD    3039       0       0
  249999981                    19                    19             2.7769990E-05         1.0000000E+30                 0       
 NEXT SEEDS: DA6E95B       1       0       0       0       0   181CD    3039       0       0
  249999982                    18                    18             2.7769990E-05         1.0000000E+30                 0       
 NEXT SEEDS: DA6E95F       1       0       0       0       0   181CD    3039       0       0
  249999983                    17                    17             2.7769990E-05         1.0000000E+30                 0       
 NEXT SEEDS: DA6E963       1       0       0       0       0   181CD    3039       0       0
  249999984                    16                    16             2.7769990E-05         1.0000000E+30                 0       
 NEXT SEEDS: DA6E967       1       0       0       0       0   181CD    3039       0       0
  249999985                    15                    15             2.7769990E-05         1.0000000E+30                 0       
 NEXT SEEDS: DA6E96B       1       0       0       0       0   181CD    3039       0       0
  249999986                    14                    14             2.7769990E-05         1.0000000E+30                 0       
 NEXT SEEDS: DA6E96F       1       0       0       0       0   181CD    3039       0       0
  249999987                    13                    13             2.7769990E-05         1.0000000E+30                 0       
 NEXT SEEDS: DA6E973       1       0       0       0       0   181CD    3039       0       0
  249999988                    12                    12             2.7769990E-05         1.0000000E+30                 0       
 NEXT SEEDS: DA6E977       1       0       0       0       0   181CD    3039       0       0
  249999989                    11                    11             2.7769989E-05         1.0000000E+30                 0       
 NEXT SEEDS: DA6E97B       1       0       0       0       0   181CD    3039       0       0
  249999990                    10                    10             2.7769989E-05         1.0000000E+30                 0       
 NEXT SEEDS: DA6E97F       1       0       0       0       0   181CD    3039       0       0
  249999991                     9                     9             2.7769989E-05         1.0000000E+30                 0       
 NEXT SEEDS: DA6E983       1       0       0       0       0   181CD    3039       0       0
  249999992                     8                     8             2.7769989E-05         1.0000000E+30                 0       
 NEXT SEEDS: DA6E987       1       0       0       0       0   181CD    3039       0       0
  249999993                     7                     7             2.7769989E-05         1.0000000E+30                 0       
 NEXT SEEDS: DA6E98B       1       0       0       0       0   181CD    3039       0       0
  249999994                     6                     6             2.7769989E-05         1.0000000E+30                 0       
 NEXT SEEDS: DA6E98F       1       0       0       0       0   181CD    3039       0       0
  249999995                     5                     5             2.7769989E-05         1.0000000E+30                 0       
 NEXT SEEDS: DA6E993       1       0       0       0       0   181CD    3039       0       0
  249999996                     4                     4             2.7769989E-05         1.0000000E+30                 0       
 NEXT SEEDS: DA6E999       1       0       0       0       0   181CD    3039       0       0
  249999997                     3                     3             2.7769989E-05         1.0000000E+30                 0       
 NEXT SEEDS: DA6E9AC       1       0       0       0       0   181CD    3039       0       0
  249999998                     2                     2             2.7769988E-05         1.0000000E+30                 0       
 NEXT SEEDS: DA6E9B0       1       0       0       0       0   181CD    3039       0       0
  249999999                     1                     1             2.7769988E-05         1.0000000E+30                 0       
 NEXT SEEDS: DA6E9B4       1       0       0       0       0   181CD    3039       0       0
  250000000                     0                     1             2.7769988E-05         1.0000000E+30                 0       
 NEXT SEEDS: DA6E9BA       1       0       0       0       0   181CD    3039       0       0
