1NUMBER OF BEAM       NUMBER OF BEAM        APPROXIMATE NUMBER    AVERAGE TIME USED     TIME LEFT (RESERVED   NUMBER OF STARS
 PARTICLES HANDLED    PARTICLES LEFT        OF BEAM PARTICLES     BY A BEAM PARTICLE     10000.0 SECONDS      CREATED
                                            THAT CAN STILL BE                           FOR PRINTOUT)
                                            HANDLED

 NEXT SEEDS:       0       0       0       0       0       0   181CD    3039       0       0
          1             249999999             249999999             7.8916550E-05         1.0000000E+30                 0       
 NEXT SEEDS:       4       0       0       0       0       0   181CD    3039       0       0
    5000000             245000000             245000000             2.8593529E-05         1.0000000E+30                 0       
 NEXT SEEDS: 176FDB0       0       0       0       0       0   181CD    3039       0       0
   10000000             240000000             240000000             2.8576550E-05         1.0000000E+30                 0       
 NEXT SEEDS: 2EDF91E       0       0       0       0       0   181CD    3039       0       0
   15000000             235000000             235000000             2.8612850E-05         1.0000000E+30                 0       
 NEXT SEEDS: 4651AF9       0       0       0       0       0   181CD    3039       0       0
   20000000             230000000             230000000             2.8598880E-05         1.0000000E+30                 0       
 NEXT SEEDS: 5DBFC94       0       0       0       0       0   181CD    3039       0       0
   25000000             225000000             225000000             2.8613503E-05         1.0000000E+30                 0       
 NEXT SEEDS: 7533504       0       0       0       0       0   181CD    3039       0       0
   30000000             220000000             220000000             2.8622965E-05         1.0000000E+30                 0       
 NEXT SEEDS: 8CA8543       0       0       0       0       0   181CD    3039       0       0
   35000000             215000000             215000000             2.8622107E-05         1.0000000E+30                 0       
 NEXT SEEDS: A415E4E       0       0       0       0       0   181CD    3039       0       0
   40000000             210000000             210000000             2.8622513E-05         1.0000000E+30                 0       
 NEXT SEEDS: BB81C88       0       0       0       0       0   181CD    3039       0       0
   45000000             205000000             205000000             2.8619523E-05         1.0000000E+30                 0       
 NEXT SEEDS: D2F4819       0       0       0       0       0   181CD    3039       0       0
   50000000             200000000             200000000             2.8624619E-05         1.0000000E+30                 0       
 NEXT SEEDS: EA64BC1       0       0       0       0       0   181CD    3039       0       0
   55000000             195000000             195000000             2.8622361E-05         1.0000000E+30                 0       
 NEXT SEEDS:101D3F48       0       0       0       0       0   181CD    3039       0       0
   60000000             190000000             190000000             2.8622992E-05         1.0000000E+30                 0       
 NEXT SEEDS:11943CD1       0       0       0       0       0   181CD    3039       0       0
   65000000             185000000             185000000             2.8623529E-05         1.0000000E+30                 0       
 NEXT SEEDS:130B16DD       0       0       0       0       0   181CD    3039       0       0
   70000000             180000000             180000000             2.8624346E-05         1.0000000E+30                 0       
 NEXT SEEDS:148206AB       0       0       0       0       0   181CD    3039       0       0
   75000000             175000000             175000000             2.8624396E-05         1.0000000E+30                 0       
 NEXT SEEDS:15F8FB0E       0       0       0       0       0   181CD    3039       0       0
   80000000             170000000             170000000             2.8628834E-05         1.0000000E+30                 0       
 NEXT SEEDS:176FE857       0       0       0       0       0   181CD    3039       0       0
  *** Emfgeo: Ncoun  2000000000
   85000000             165000000             165000000             2.8624174E-05         1.0000000E+30                 0       
 NEXT SEEDS:18E6B342       0       0       0       0       0   181CD    3039       0       0
   90000000             160000000             160000000             2.8620181E-05         1.0000000E+30                 0       
 NEXT SEEDS:1A5DF335       0       0       0       0       0   181CD    3039       0       0
   95000000             155000000             155000000             2.8618857E-05         1.0000000E+30                 0       
 NEXT SEEDS:1BD4D161       0       0       0       0       0   181CD    3039       0       0
  100000000             150000000             150000000             2.8616075E-05         1.0000000E+30                 0       
 NEXT SEEDS:1D4BBCD4       0       0       0       0       0   181CD    3039       0       0
  105000000             145000000             145000000             2.8616858E-05         1.0000000E+30                 0       
 NEXT SEEDS:1EC2B279       0       0       0       0       0   181CD    3039       0       0
  110000000             140000000             140000000             2.8616623E-05         1.0000000E+30                 0       
 NEXT SEEDS:20397DF7       0       0       0       0       0   181CD    3039       0       0
  115000000             135000000             135000000             2.8617448E-05         1.0000000E+30                 0       
 NEXT SEEDS:21B09E2B       0       0       0       0       0   181CD    3039       0       0
  120000000             130000000             130000000             2.8614828E-05         1.0000000E+30                 0       
 NEXT SEEDS:2327632E       0       0       0       0       0   181CD    3039       0       0
  125000000             125000000             125000000             2.8613577E-05         1.0000000E+30                 0       
 NEXT SEEDS:249E3B1A       0       0       0       0       0   181CD    3039       0       0
  130000000             120000000             120000000             2.8611705E-05         1.0000000E+30                 0       
 NEXT SEEDS:26151279       0       0       0       0       0   181CD    3039       0       0
  135000000             115000000             115000000             2.8613313E-05         1.0000000E+30                 0       
 NEXT SEEDS:278BFBBC       0       0       0       0       0   181CD    3039       0       0
  140000000             110000000             110000000             2.8613692E-05         1.0000000E+30                 0       
 NEXT SEEDS:29031544       0       0       0       0       0   181CD    3039       0       0
  145000000             105000000             105000000             2.8613700E-05         1.0000000E+30                 0       
 NEXT SEEDS:2A7A1948       0       0       0       0       0   181CD    3039       0       0
  150000000             100000000             100000000             2.8612481E-05         1.0000000E+30                 0       
 NEXT SEEDS:2BF19344       0       0       0       0       0   181CD    3039       0       0
  155000000              95000000              95000000             2.8610803E-05         1.0000000E+30                 0       
 NEXT SEEDS:2D686754       0       0       0       0       0   181CD    3039       0       0
  160000000              90000000              90000000             2.8610761E-05         1.0000000E+30                 0       
 NEXT SEEDS:2EDFACC2       0       0       0       0       0   181CD    3039       0       0
  *** Emfgeo: Ncoun  2000000000
  165000000              85000000              85000000             2.8610471E-05         1.0000000E+30                 0       
 NEXT SEEDS:305682C3       0       0       0       0       0   181CD    3039       0       0
  170000000              80000000              80000000             2.8607908E-05         1.0000000E+30                 0       
 NEXT SEEDS:31CD3EB2       0       0       0       0       0   181CD    3039       0       0
  175000000              75000000              75000000             2.8607838E-05         1.0000000E+30                 0       
 NEXT SEEDS:3344692F       0       0       0       0       0   181CD    3039       0       0
  180000000              70000000              70000000             2.8605884E-05         1.0000000E+30                 0       
 NEXT SEEDS:34BB60F8       0       0       0       0       0   181CD    3039       0       0
  185000000              65000000              65000000             2.8604395E-05         1.0000000E+30                 0       
 NEXT SEEDS:363228DC       0       0       0       0       0   181CD    3039       0       0
  190000000              60000000              60000000             2.8604701E-05         1.0000000E+30                 0       
 NEXT SEEDS:37A928D4       0       0       0       0       0   181CD    3039       0       0
  195000000              55000000              55000000             2.8603118E-05         1.0000000E+30                 0       
 NEXT SEEDS:392036C8       0       0       0       0       0   181CD    3039       0       0
  200000000              50000000              50000000             2.8603243E-05         1.0000000E+30                 0       
 NEXT SEEDS:3A971828       0       0       0       0       0   181CD    3039       0       0
  205000000              45000000              45000000             2.8604135E-05         1.0000000E+30                 0       
 NEXT SEEDS:  732A01       1       0       0       0       0   181CD    3039       0       0
  210000000              40000000              40000000             2.8603351E-05         1.0000000E+30                 0       
 NEXT SEEDS: 1E9F864       1       0       0       0       0   181CD    3039       0       0
  215000000              35000000              35000000             2.8603639E-05         1.0000000E+30                 0       
 NEXT SEEDS: 360E887       1       0       0       0       0   181CD    3039       0       0
  220000000              30000000              30000000             2.8602335E-05         1.0000000E+30                 0       
 NEXT SEEDS: 4D7AD0E       1       0       0       0       0   181CD    3039       0       0
  225000000              25000000              25000000             2.8601272E-05         1.0000000E+30                 0       
 NEXT SEEDS: 64EBF80       1       0       0       0       0   181CD    3039       0       0
  230000000              20000000              20000000             2.8599674E-05         1.0000000E+30                 0       
 NEXT SEEDS: 7C571A8       1       0       0       0       0   181CD    3039       0       0
  235000000              15000000              15000000             2.8598966E-05         1.0000000E+30                 0       
 NEXT SEEDS: 93C6428       1       0       0       0       0   181CD    3039       0       0
  240000000              10000000              10000000             2.8597614E-05         1.0000000E+30                 0       
 NEXT SEEDS: AB37336       1       0       0       0       0   181CD    3039       0       0
  *** Emfgeo: Ncoun  2000000000
  245000000               5000000               5000000             2.8596313E-05         1.0000000E+30                 0       
 NEXT SEEDS: C2A5F9D       1       0       0       0       0   181CD    3039       0       0
  249999950                    50                    50             2.8597418E-05         1.0000000E+30                 0       
 NEXT SEEDS: DA1A682       1       0       0       0       0   181CD    3039       0       0
  249999951                    49                    49             2.8597418E-05         1.0000000E+30                 0       
 NEXT SEEDS: DA1A686       1       0       0       0       0   181CD    3039       0       0
  249999952                    48                    48             2.8597420E-05         1.0000000E+30                 0       
 NEXT SEEDS: DA1A68A       1       0       0       0       0   181CD    3039       0       0
  249999953                    47                    47             2.8597420E-05         1.0000000E+30                 0       
 NEXT SEEDS: DA1A6A0       1       0       0       0       0   181CD    3039       0       0
  249999954                    46                    46             2.8597420E-05         1.0000000E+30                 0       
 NEXT SEEDS: DA1A6A4       1       0       0       0       0   181CD    3039       0       0
  249999955                    45                    45             2.8597422E-05         1.0000000E+30                 0       
 NEXT SEEDS: DA1A6A8       1       0       0       0       0   181CD    3039       0       0
  249999956                    44                    44             2.8597422E-05         1.0000000E+30                 0       
 NEXT SEEDS: DA1A6AC       1       0       0       0       0   181CD    3039       0       0
  249999957                    43                    43             2.8597423E-05         1.0000000E+30                 0       
 NEXT SEEDS: DA1A6C7       1       0       0       0       0   181CD    3039       0       0
  249999958                    42                    42             2.8597423E-05         1.0000000E+30                 0       
 NEXT SEEDS: DA1A6CD       1       0       0       0       0   181CD    3039       0       0
  249999959                    41                    41             2.8597425E-05         1.0000000E+30                 0       
 NEXT SEEDS: DA1A6D1       1       0       0       0       0   181CD    3039       0       0
  249999960                    40                    40             2.8597425E-05         1.0000000E+30                 0       
 NEXT SEEDS: DA1A6D5       1       0       0       0       0   181CD    3039       0       0
  249999961                    39                    39             2.8597427E-05         1.0000000E+30                 0       
 NEXT SEEDS: DA1A6D9       1       0       0       0       0   181CD    3039       0       0
  249999962                    38                    38             2.8597427E-05         1.0000000E+30                 0       
 NEXT SEEDS: DA1A6DD       1       0       0       0       0   181CD    3039       0       0
  249999963                    37                    37             2.8597427E-05         1.0000000E+30                 0       
 NEXT SEEDS: DA1A6E1       1       0       0       0       0   181CD    3039       0       0
  249999964                    36                    36             2.8597426E-05         1.0000000E+30                 0       
 NEXT SEEDS: DA1A6E5       1       0       0       0       0   181CD    3039       0       0
  249999965                    35                    35             2.8597426E-05         1.0000000E+30                 0       
 NEXT SEEDS: DA1A6E9       1       0       0       0       0   181CD    3039       0       0
  249999966                    34                    34             2.8597426E-05         1.0000000E+30                 0       
 NEXT SEEDS: DA1A6ED       1       0       0       0       0   181CD    3039       0       0
  249999967                    33                    33             2.8597426E-05         1.0000000E+30                 0       
 NEXT SEEDS: DA1A6F1       1       0       0       0       0   181CD    3039       0       0
  249999968                    32                    32             2.8597426E-05         1.0000000E+30                 0       
 NEXT SEEDS: DA1A6F5       1       0       0       0       0   181CD    3039       0       0
  249999969                    31                    31             2.8597426E-05         1.0000000E+30                 0       
 NEXT SEEDS: DA1A6F9       1       0       0       0       0   181CD    3039       0       0
  249999970                    30                    30             2.8597428E-05         1.0000000E+30                 0       
 NEXT SEEDS: DA1A6FD       1       0       0       0       0   181CD    3039       0       0
  249999971                    29                    29             2.8597428E-05         1.0000000E+30                 0       
 NEXT SEEDS: DA1A701       1       0       0       0       0   181CD    3039       0       0
  249999972                    28                    28             2.8597428E-05         1.0000000E+30                 0       
 NEXT SEEDS: DA1A705       1       0       0       0       0   181CD    3039       0       0
  249999973                    27                    27             2.8597429E-05         1.0000000E+30                 0       
 NEXT SEEDS: DA1A709       1       0       0       0       0   181CD    3039       0       0
  249999974                    26                    26             2.8597429E-05         1.0000000E+30                 0       
 NEXT SEEDS: DA1A70D       1       0       0       0       0   181CD    3039       0       0
  249999975                    25                    25             2.8597429E-05         1.0000000E+30                 0       
 NEXT SEEDS: DA1A711       1       0       0       0       0   181CD    3039       0       0
  249999976                    24                    24             2.8597429E-05         1.0000000E+30                 0       
 NEXT SEEDS: DA1A715       1       0       0       0       0   181CD    3039       0       0
  249999977                    23                    23             2.8597429E-05         1.0000000E+30                 0       
 NEXT SEEDS: DA1A719       1       0       0       0       0   181CD    3039       0       0
  249999978                    22                    22             2.8597429E-05         1.0000000E+30                 0       
 NEXT SEEDS: DA1A71D       1       0       0       0       0   181CD    3039       0       0
  249999979                    21                    21             2.8597429E-05         1.0000000E+30                 0       
 NEXT SEEDS: DA1A721       1       0       0       0       0   181CD    3039       0       0
  249999980                    20                    20             2.8597429E-05         1.0000000E+30                 0       
 NEXT SEEDS: DA1A725       1       0       0       0       0   181CD    3039       0       0
  249999981                    19                    19             2.8597428E-05         1.0000000E+30                 0       
 NEXT SEEDS: DA1A729       1       0       0       0       0   181CD    3039       0       0
  249999982                    18                    18             2.8597428E-05         1.0000000E+30                 0       
 NEXT SEEDS: DA1A72D       1       0       0       0       0   181CD    3039       0       0
  249999983                    17                    17             2.8597428E-05         1.0000000E+30                 0       
 NEXT SEEDS: DA1A73C       1       0       0       0       0   181CD    3039       0       0
  249999984                    16                    16             2.8597428E-05         1.0000000E+30                 0       
 NEXT SEEDS: DA1A740       1       0       0       0       0   181CD    3039       0       0
  249999985                    15                    15             2.8597428E-05         1.0000000E+30                 0       
 NEXT SEEDS: DA1A744       1       0       0       0       0   181CD    3039       0       0
  249999986                    14                    14             2.8597428E-05         1.0000000E+30                 0       
 NEXT SEEDS: DA1A748       1       0       0       0       0   181CD    3039       0       0
  249999987                    13                    13             2.8597428E-05         1.0000000E+30                 0       
 NEXT SEEDS: DA1A74C       1       0       0       0       0   181CD    3039       0       0
  249999988                    12                    12             2.8597428E-05         1.0000000E+30                 0       
 NEXT SEEDS: DA1A750       1       0       0       0       0   181CD    3039       0       0
  249999989                    11                    11             2.8597428E-05         1.0000000E+30                 0       
 NEXT SEEDS: DA1A754       1       0       0       0       0   181CD    3039       0       0
  249999990                    10                    10             2.8597427E-05         1.0000000E+30                 0       
 NEXT SEEDS: DA1A758       1       0       0       0       0   181CD    3039       0       0
  249999991                     9                     9             2.8597427E-05         1.0000000E+30                 0       
 NEXT SEEDS: DA1A75C       1       0       0       0       0   181CD    3039       0       0
  249999992                     8                     8             2.8597427E-05         1.0000000E+30                 0       
 NEXT SEEDS: DA1A760       1       0       0       0       0   181CD    3039       0       0
  249999993                     7                     7             2.8597427E-05         1.0000000E+30                 0       
 NEXT SEEDS: DA1A764       1       0       0       0       0   181CD    3039       0       0
  249999994                     6                     6             2.8597427E-05         1.0000000E+30                 0       
 NEXT SEEDS: DA1A768       1       0       0       0       0   181CD    3039       0       0
  249999995                     5                     5             2.8597427E-05         1.0000000E+30                 0       
 NEXT SEEDS: DA1A76C       1       0       0       0       0   181CD    3039       0       0
  249999996                     4                     4             2.8597427E-05         1.0000000E+30                 0       
 NEXT SEEDS: DA1A770       1       0       0       0       0   181CD    3039       0       0
  249999997                     3                     3             2.8597427E-05         1.0000000E+30                 0       
 NEXT SEEDS: DA1A774       1       0       0       0       0   181CD    3039       0       0
  249999998                     2                     2             2.8597426E-05         1.0000000E+30                 0       
 NEXT SEEDS: DA1A778       1       0       0       0       0   181CD    3039       0       0
  249999999                     1                     1             2.8597426E-05         1.0000000E+30                 0       
 NEXT SEEDS: DA1A77C       1       0       0       0       0   181CD    3039       0       0
  250000000                     0                     1             2.8597426E-05         1.0000000E+30                 0       
 NEXT SEEDS: DA1A780       1       0       0       0       0   181CD    3039       0       0
