1NUMBER OF BEAM       NUMBER OF BEAM        APPROXIMATE NUMBER    AVERAGE TIME USED     TIME LEFT (RESERVED   NUMBER OF STARS
 PARTICLES HANDLED    PARTICLES LEFT        OF BEAM PARTICLES     BY A BEAM PARTICLE     10000.0 SECONDS      CREATED
                                            THAT CAN STILL BE                           FOR PRINTOUT)
                                            HANDLED

 NEXT SEEDS:       0       0       0       0       0       0   181CD    3039       0       0
          1             249999999             249999999             7.7962875E-05         1.0000000E+30                 0       
 NEXT SEEDS:       4       0       0       0       0       0   181CD    3039       0       0
    5000000             245000000             245000000             2.7841501E-05         1.0000000E+30                 0       
 NEXT SEEDS: 176EFD6       0       0       0       0       0   181CD    3039       0       0
   10000000             240000000             240000000             2.7882863E-05         1.0000000E+30                 0       
 NEXT SEEDS: 2EDE040       0       0       0       0       0   181CD    3039       0       0
   15000000             235000000             235000000             2.7901765E-05         1.0000000E+30                 0       
 NEXT SEEDS: 4652C3B       0       0       0       0       0   181CD    3039       0       0
   20000000             230000000             230000000             2.7899197E-05         1.0000000E+30                 0       
 NEXT SEEDS: 5DC3E52       0       0       0       0       0   181CD    3039       0       0
   25000000             225000000             225000000             2.7899296E-05         1.0000000E+30                 0       
 NEXT SEEDS: 7537CBC       0       0       0       0       0   181CD    3039       0       0
   30000000             220000000             220000000             2.7893143E-05         1.0000000E+30                 0       
 NEXT SEEDS: 8CAD236       0       0       0       0       0   181CD    3039       0       0
   35000000             215000000             215000000             2.7890558E-05         1.0000000E+30                 0       
 NEXT SEEDS: A4201F1       0       0       0       0       0   181CD    3039       0       0
   40000000             210000000             210000000             2.7887791E-05         1.0000000E+30                 0       
 NEXT SEEDS: BB911D8       0       0       0       0       0   181CD    3039       0       0
   45000000             205000000             205000000             2.7887509E-05         1.0000000E+30                 0       
 NEXT SEEDS: D305C72       0       0       0       0       0   181CD    3039       0       0
   50000000             200000000             200000000             2.7883861E-05         1.0000000E+30                 0       
 NEXT SEEDS: EA782C4       0       0       0       0       0   181CD    3039       0       0
   55000000             195000000             195000000             2.7878590E-05         1.0000000E+30                 0       
 NEXT SEEDS:101E8E59       0       0       0       0       0   181CD    3039       0       0
   60000000             190000000             190000000             2.7876289E-05         1.0000000E+30                 0       
 NEXT SEEDS:1195AB2B       0       0       0       0       0   181CD    3039       0       0
   65000000             185000000             185000000             2.7875343E-05         1.0000000E+30                 0       
 NEXT SEEDS:130CB500       0       0       0       0       0   181CD    3039       0       0
   70000000             180000000             180000000             2.7872256E-05         1.0000000E+30                 0       
 NEXT SEEDS:1483CDAC       0       0       0       0       0   181CD    3039       0       0
   75000000             175000000             175000000             2.7872320E-05         1.0000000E+30                 0       
 NEXT SEEDS:15FACA64       0       0       0       0       0   181CD    3039       0       0
   80000000             170000000             170000000             2.7874877E-05         1.0000000E+30                 0       
 NEXT SEEDS:1771D555       0       0       0       0       0   181CD    3039       0       0
  *** Emfgeo: Ncoun  2000000000
   85000000             165000000             165000000             2.7875456E-05         1.0000000E+30                 0       
 NEXT SEEDS:18E902E0       0       0       0       0       0   181CD    3039       0       0
   90000000             160000000             160000000             2.7875908E-05         1.0000000E+30                 0       
 NEXT SEEDS:1A60397E       0       0       0       0       0   181CD    3039       0       0
   95000000             155000000             155000000             2.7876803E-05         1.0000000E+30                 0       
 NEXT SEEDS:1BD72B48       0       0       0       0       0   181CD    3039       0       0
  100000000             150000000             150000000             2.7877348E-05         1.0000000E+30                 0       
 NEXT SEEDS:1D4E3A0E       0       0       0       0       0   181CD    3039       0       0
  105000000             145000000             145000000             2.7884186E-05         1.0000000E+30                 0       
 NEXT SEEDS:1EC55DC6       0       0       0       0       0   181CD    3039       0       0
  110000000             140000000             140000000             2.7881951E-05         1.0000000E+30                 0       
 NEXT SEEDS:203C6A27       0       0       0       0       0   181CD    3039       0       0
  115000000             135000000             135000000             2.7882391E-05         1.0000000E+30                 0       
 NEXT SEEDS:21B3C7F2       0       0       0       0       0   181CD    3039       0       0
  120000000             130000000             130000000             2.7880112E-05         1.0000000E+30                 0       
 NEXT SEEDS:232A9D72       0       0       0       0       0   181CD    3039       0       0
  125000000             125000000             125000000             2.7878620E-05         1.0000000E+30                 0       
 NEXT SEEDS:24A1C472       0       0       0       0       0   181CD    3039       0       0
  130000000             120000000             120000000             2.7877959E-05         1.0000000E+30                 0       
 NEXT SEEDS:2618C2D6       0       0       0       0       0   181CD    3039       0       0
  135000000             115000000             115000000             2.7876962E-05         1.0000000E+30                 0       
 NEXT SEEDS:278FF538       0       0       0       0       0   181CD    3039       0       0
  140000000             110000000             110000000             2.7876548E-05         1.0000000E+30                 0       
 NEXT SEEDS:2907409E       0       0       0       0       0   181CD    3039       0       0
  145000000             105000000             105000000             2.7877128E-05         1.0000000E+30                 0       
 NEXT SEEDS:2A7E3BBC       0       0       0       0       0   181CD    3039       0       0
  150000000             100000000             100000000             2.7876692E-05         1.0000000E+30                 0       
 NEXT SEEDS:2BF5818A       0       0       0       0       0   181CD    3039       0       0
  155000000              95000000              95000000             2.7877624E-05         1.0000000E+30                 0       
 NEXT SEEDS:2D6C9136       0       0       0       0       0   181CD    3039       0       0
  160000000              90000000              90000000             2.7877838E-05         1.0000000E+30                 0       
 NEXT SEEDS:2EE3C599       0       0       0       0       0   181CD    3039       0       0
  *** Emfgeo: Ncoun  2000000000
  165000000              85000000              85000000             2.7877281E-05         1.0000000E+30                 0       
 NEXT SEEDS:305AEF72       0       0       0       0       0   181CD    3039       0       0
  170000000              80000000              80000000             2.7879736E-05         1.0000000E+30                 0       
 NEXT SEEDS:31D22ECA       0       0       0       0       0   181CD    3039       0       0
  175000000              75000000              75000000             2.7880479E-05         1.0000000E+30                 0       
 NEXT SEEDS:33496F30       0       0       0       0       0   181CD    3039       0       0
  180000000              70000000              70000000             2.7880685E-05         1.0000000E+30                 0       
 NEXT SEEDS:34C08BAD       0       0       0       0       0   181CD    3039       0       0
  185000000              65000000              65000000             2.7879260E-05         1.0000000E+30                 0       
 NEXT SEEDS:36378077       0       0       0       0       0   181CD    3039       0       0
  190000000              60000000              60000000             2.7880124E-05         1.0000000E+30                 0       
 NEXT SEEDS:37AEC397       0       0       0       0       0   181CD    3039       0       0
  195000000              55000000              55000000             2.7878553E-05         1.0000000E+30                 0       
 NEXT SEEDS:3925DA03       0       0       0       0       0   181CD    3039       0       0
  200000000              50000000              50000000             2.7877617E-05         1.0000000E+30                 0       
 NEXT SEEDS:3A9D0156       0       0       0       0       0   181CD    3039       0       0
  205000000              45000000              45000000             2.7876691E-05         1.0000000E+30                 0       
 NEXT SEEDS:  795699       1       0       0       0       0   181CD    3039       0       0
  210000000              40000000              40000000             2.7875718E-05         1.0000000E+30                 0       
 NEXT SEEDS: 1F0622A       1       0       0       0       0   181CD    3039       0       0
  215000000              35000000              35000000             2.7874375E-05         1.0000000E+30                 0       
 NEXT SEEDS: 3675AF5       1       0       0       0       0   181CD    3039       0       0
  220000000              30000000              30000000             2.7874547E-05         1.0000000E+30                 0       
 NEXT SEEDS: 4DE7635       1       0       0       0       0   181CD    3039       0       0
  225000000              25000000              25000000             2.7875564E-05         1.0000000E+30                 0       
 NEXT SEEDS: 6559C60       1       0       0       0       0   181CD    3039       0       0
  230000000              20000000              20000000             2.7875148E-05         1.0000000E+30                 0       
 NEXT SEEDS: 7CCA81D       1       0       0       0       0   181CD    3039       0       0
  235000000              15000000              15000000             2.7875544E-05         1.0000000E+30                 0       
 NEXT SEEDS: 943DCD7       1       0       0       0       0   181CD    3039       0       0
  240000000              10000000              10000000             2.7875634E-05         1.0000000E+30                 0       
 NEXT SEEDS: ABB11C3       1       0       0       0       0   181CD    3039       0       0
  *** Emfgeo: Ncoun  2000000000
  245000000               5000000               5000000             2.7876056E-05         1.0000000E+30                 0       
 NEXT SEEDS: C3230AB       1       0       0       0       0   181CD    3039       0       0
  249999950                    50                    50             2.7875925E-05         1.0000000E+30                 0       
 NEXT SEEDS: DA95448       1       0       0       0       0   181CD    3039       0       0
  249999951                    49                    49             2.7875925E-05         1.0000000E+30                 0       
 NEXT SEEDS: DA9544C       1       0       0       0       0   181CD    3039       0       0
  249999952                    48                    48             2.7875925E-05         1.0000000E+30                 0       
 NEXT SEEDS: DA95450       1       0       0       0       0   181CD    3039       0       0
  249999953                    47                    47             2.7875925E-05         1.0000000E+30                 0       
 NEXT SEEDS: DA95454       1       0       0       0       0   181CD    3039       0       0
  249999954                    46                    46             2.7875925E-05         1.0000000E+30                 0       
 NEXT SEEDS: DA95458       1       0       0       0       0   181CD    3039       0       0
  249999955                    45                    45             2.7875925E-05         1.0000000E+30                 0       
 NEXT SEEDS: DA9545E       1       0       0       0       0   181CD    3039       0       0
  249999956                    44                    44             2.7875925E-05         1.0000000E+30                 0       
 NEXT SEEDS: DA95462       1       0       0       0       0   181CD    3039       0       0
  249999957                    43                    43             2.7875926E-05         1.0000000E+30                 0       
 NEXT SEEDS: DA95466       1       0       0       0       0   181CD    3039       0       0
  249999958                    42                    42             2.7875926E-05         1.0000000E+30                 0       
 NEXT SEEDS: DA9546A       1       0       0       0       0   181CD    3039       0       0
  249999959                    41                    41             2.7875926E-05         1.0000000E+30                 0       
 NEXT SEEDS: DA95470       1       0       0       0       0   181CD    3039       0       0
  249999960                    40                    40             2.7875926E-05         1.0000000E+30                 0       
 NEXT SEEDS: DA95474       1       0       0       0       0   181CD    3039       0       0
  249999961                    39                    39             2.7875926E-05         1.0000000E+30                 0       
 NEXT SEEDS: DA95478       1       0       0       0       0   181CD    3039       0       0
  249999962                    38                    38             2.7875926E-05         1.0000000E+30                 0       
 NEXT SEEDS: DA9548D       1       0       0       0       0   181CD    3039       0       0
  249999963                    37                    37             2.7875926E-05         1.0000000E+30                 0       
 NEXT SEEDS: DA95491       1       0       0       0       0   181CD    3039       0       0
  249999964                    36                    36             2.7875926E-05         1.0000000E+30                 0       
 NEXT SEEDS: DA95495       1       0       0       0       0   181CD    3039       0       0
  249999965                    35                    35             2.7875925E-05         1.0000000E+30                 0       
 NEXT SEEDS: DA95499       1       0       0       0       0   181CD    3039       0       0
  249999966                    34                    34             2.7875925E-05         1.0000000E+30                 0       
 NEXT SEEDS: DA9549D       1       0       0       0       0   181CD    3039       0       0
  249999967                    33                    33             2.7875925E-05         1.0000000E+30                 0       
 NEXT SEEDS: DA954A1       1       0       0       0       0   181CD    3039       0       0
  249999968                    32                    32             2.7875925E-05         1.0000000E+30                 0       
 NEXT SEEDS: DA954A5       1       0       0       0       0   181CD    3039       0       0
  249999969                    31                    31             2.7875925E-05         1.0000000E+30                 0       
 NEXT SEEDS: DA954A9       1       0       0       0       0   181CD    3039       0       0
  249999970                    30                    30             2.7875925E-05         1.0000000E+30                 0       
 NEXT SEEDS: DA954AD       1       0       0       0       0   181CD    3039       0       0
  249999971                    29                    29             2.7875925E-05         1.0000000E+30                 0       
 NEXT SEEDS: DA954B1       1       0       0       0       0   181CD    3039       0       0
  249999972                    28                    28             2.7875925E-05         1.0000000E+30                 0       
 NEXT SEEDS: DA954B5       1       0       0       0       0   181CD    3039       0       0
  249999973                    27                    27             2.7875925E-05         1.0000000E+30                 0       
 NEXT SEEDS: DA954B9       1       0       0       0       0   181CD    3039       0       0
  249999974                    26                    26             2.7875924E-05         1.0000000E+30                 0       
 NEXT SEEDS: DA954BD       1       0       0       0       0   181CD    3039       0       0
  249999975                    25                    25             2.7875926E-05         1.0000000E+30                 0       
 NEXT SEEDS: DA954C1       1       0       0       0       0   181CD    3039       0       0
  249999976                    24                    24             2.7875926E-05         1.0000000E+30                 0       
 NEXT SEEDS: DA954C5       1       0       0       0       0   181CD    3039       0       0
  249999977                    23                    23             2.7875926E-05         1.0000000E+30                 0       
 NEXT SEEDS: DA954C9       1       0       0       0       0   181CD    3039       0       0
  249999978                    22                    22             2.7875926E-05         1.0000000E+30                 0       
 NEXT SEEDS: DA954CD       1       0       0       0       0   181CD    3039       0       0
  249999979                    21                    21             2.7875926E-05         1.0000000E+30                 0       
 NEXT SEEDS: DA954D1       1       0       0       0       0   181CD    3039       0       0
  249999980                    20                    20             2.7875926E-05         1.0000000E+30                 0       
 NEXT SEEDS: DA954D5       1       0       0       0       0   181CD    3039       0       0
  249999981                    19                    19             2.7875926E-05         1.0000000E+30                 0       
 NEXT SEEDS: DA954DB       1       0       0       0       0   181CD    3039       0       0
  249999982                    18                    18             2.7875926E-05         1.0000000E+30                 0       
 NEXT SEEDS: DA954DF       1       0       0       0       0   181CD    3039       0       0
  249999983                    17                    17             2.7875925E-05         1.0000000E+30                 0       
 NEXT SEEDS: DA954E3       1       0       0       0       0   181CD    3039       0       0
  249999984                    16                    16             2.7875925E-05         1.0000000E+30                 0       
 NEXT SEEDS: DA954FE       1       0       0       0       0   181CD    3039       0       0
  249999985                    15                    15             2.7875927E-05         1.0000000E+30                 0       
 NEXT SEEDS: DA95502       1       0       0       0       0   181CD    3039       0       0
  249999986                    14                    14             2.7875927E-05         1.0000000E+30                 0       
 NEXT SEEDS: DA95506       1       0       0       0       0   181CD    3039       0       0
  249999987                    13                    13             2.7875927E-05         1.0000000E+30                 0       
 NEXT SEEDS: DA9550A       1       0       0       0       0   181CD    3039       0       0
  249999988                    12                    12             2.7875927E-05         1.0000000E+30                 0       
 NEXT SEEDS: DA9550E       1       0       0       0       0   181CD    3039       0       0
  249999989                    11                    11             2.7875927E-05         1.0000000E+30                 0       
 NEXT SEEDS: DA95512       1       0       0       0       0   181CD    3039       0       0
  249999990                    10                    10             2.7875927E-05         1.0000000E+30                 0       
 NEXT SEEDS: DA95516       1       0       0       0       0   181CD    3039       0       0
  249999991                     9                     9             2.7875926E-05         1.0000000E+30                 0       
 NEXT SEEDS: DA9551A       1       0       0       0       0   181CD    3039       0       0
  249999992                     8                     8             2.7875928E-05         1.0000000E+30                 0       
 NEXT SEEDS: DA9552F       1       0       0       0       0   181CD    3039       0       0
  249999993                     7                     7             2.7875928E-05         1.0000000E+30                 0       
 NEXT SEEDS: DA95533       1       0       0       0       0   181CD    3039       0       0
  249999994                     6                     6             2.7875928E-05         1.0000000E+30                 0       
 NEXT SEEDS: DA95537       1       0       0       0       0   181CD    3039       0       0
  249999995                     5                     5             2.7875930E-05         1.0000000E+30                 0       
 NEXT SEEDS: DA9553B       1       0       0       0       0   181CD    3039       0       0
  249999996                     4                     4             2.7875930E-05         1.0000000E+30                 0       
 NEXT SEEDS: DA9553F       1       0       0       0       0   181CD    3039       0       0
  249999997                     3                     3             2.7875932E-05         1.0000000E+30                 0       
 NEXT SEEDS: DA95543       1       0       0       0       0   181CD    3039       0       0
  249999998                     2                     2             2.7875932E-05         1.0000000E+30                 0       
 NEXT SEEDS: DA95547       1       0       0       0       0   181CD    3039       0       0
  249999999                     1                     1             2.7875933E-05         1.0000000E+30                 0       
 NEXT SEEDS: DA9554B       1       0       0       0       0   181CD    3039       0       0
  250000000                     0                     1             2.7875933E-05         1.0000000E+30                 0       
 NEXT SEEDS: DA9554F       1       0       0       0       0   181CD    3039       0       0
