1NUMBER OF BEAM       NUMBER OF BEAM        APPROXIMATE NUMBER    AVERAGE TIME USED     TIME LEFT (RESERVED   NUMBER OF STARS
 PARTICLES HANDLED    PARTICLES LEFT        OF BEAM PARTICLES     BY A BEAM PARTICLE     10000.0 SECONDS      CREATED
                                            THAT CAN STILL BE                           FOR PRINTOUT)
                                            HANDLED

 NEXT SEEDS:       0       0       0       0       0       0   181CD    3039       0       0
          1             249999999             249999999             7.7009201E-05         1.0000000E+30                 0       
 NEXT SEEDS:       4       0       0       0       0       0   181CD    3039       0       0
    5000000             245000000             245000000             2.9335677E-05         1.0000000E+30                 0       
 NEXT SEEDS: 176F42A       0       0       0       0       0   181CD    3039       0       0
   10000000             240000000             240000000             2.9342369E-05         1.0000000E+30                 0       
 NEXT SEEDS: 2EE200E       0       0       0       0       0   181CD    3039       0       0
   15000000             235000000             235000000             2.9344046E-05         1.0000000E+30                 0       
 NEXT SEEDS: 465341F       0       0       0       0       0   181CD    3039       0       0
   20000000             230000000             230000000             2.9337778E-05         1.0000000E+30                 0       
 NEXT SEEDS: 5DC1CE8       0       0       0       0       0   181CD    3039       0       0
   25000000             225000000             225000000             2.9341580E-05         1.0000000E+30                 0       
 NEXT SEEDS: 7535A83       0       0       0       0       0   181CD    3039       0       0
   30000000             220000000             220000000             2.9342345E-05         1.0000000E+30                 0       
 NEXT SEEDS: 8CA5811       0       0       0       0       0   181CD    3039       0       0
   35000000             215000000             215000000             2.9337840E-05         1.0000000E+30                 0       
 NEXT SEEDS: A414C54       0       0       0       0       0   181CD    3039       0       0
   40000000             210000000             210000000             2.9341616E-05         1.0000000E+30                 0       
 NEXT SEEDS: BB86827       0       0       0       0       0   181CD    3039       0       0
   45000000             205000000             205000000             2.9349871E-05         1.0000000E+30                 0       
 NEXT SEEDS: D2FA5F4       0       0       0       0       0   181CD    3039       0       0
   50000000             200000000             200000000             2.9379518E-05         1.0000000E+30                 0       
 NEXT SEEDS: EA72250       0       0       0       0       0   181CD    3039       0       0
   55000000             195000000             195000000             2.9378124E-05         1.0000000E+30                 0       
 NEXT SEEDS:101E02FE       0       0       0       0       0   181CD    3039       0       0
   60000000             190000000             190000000             2.9370358E-05         1.0000000E+30                 0       
 NEXT SEEDS:1194F809       0       0       0       0       0   181CD    3039       0       0
   65000000             185000000             185000000             2.9371600E-05         1.0000000E+30                 0       
 NEXT SEEDS:130C50BF       0       0       0       0       0   181CD    3039       0       0
   70000000             180000000             180000000             2.9367255E-05         1.0000000E+30                 0       
 NEXT SEEDS:14832353       0       0       0       0       0   181CD    3039       0       0
   75000000             175000000             175000000             2.9365981E-05         1.0000000E+30                 0       
 NEXT SEEDS:15FA64CE       0       0       0       0       0   181CD    3039       0       0
   80000000             170000000             170000000             2.9369209E-05         1.0000000E+30                 0       
 NEXT SEEDS:177199BE       0       0       0       0       0   181CD    3039       0       0
  *** Emfgeo: Ncoun  2000000000
   85000000             165000000             165000000             2.9367263E-05         1.0000000E+30                 0       
 NEXT SEEDS:18E8D19E       0       0       0       0       0   181CD    3039       0       0
   90000000             160000000             160000000             2.9360502E-05         1.0000000E+30                 0       
 NEXT SEEDS:1A5FDC4F       0       0       0       0       0   181CD    3039       0       0
   95000000             155000000             155000000             2.9358533E-05         1.0000000E+30                 0       
 NEXT SEEDS:1BD6CFF5       0       0       0       0       0   181CD    3039       0       0
  100000000             150000000             150000000             2.9356634E-05         1.0000000E+30                 0       
 NEXT SEEDS:1D4E13B2       0       0       0       0       0   181CD    3039       0       0
  105000000             145000000             145000000             2.9355828E-05         1.0000000E+30                 0       
 NEXT SEEDS:1EC55EE7       0       0       0       0       0   181CD    3039       0       0
  110000000             140000000             140000000             2.9354271E-05         1.0000000E+30                 0       
 NEXT SEEDS:203CA2B8       0       0       0       0       0   181CD    3039       0       0
  115000000             135000000             135000000             2.9353930E-05         1.0000000E+30                 0       
 NEXT SEEDS:21B3E345       0       0       0       0       0   181CD    3039       0       0
  120000000             130000000             130000000             2.9352824E-05         1.0000000E+30                 0       
 NEXT SEEDS:232AFEB2       0       0       0       0       0   181CD    3039       0       0
  125000000             125000000             125000000             2.9352854E-05         1.0000000E+30                 0       
 NEXT SEEDS:24A20E7E       0       0       0       0       0   181CD    3039       0       0
  130000000             120000000             120000000             2.9352987E-05         1.0000000E+30                 0       
 NEXT SEEDS:26191F92       0       0       0       0       0   181CD    3039       0       0
  135000000             115000000             115000000             2.9350919E-05         1.0000000E+30                 0       
 NEXT SEEDS:278FFD5E       0       0       0       0       0   181CD    3039       0       0
  140000000             110000000             110000000             2.9350846E-05         1.0000000E+30                 0       
 NEXT SEEDS:290713D1       0       0       0       0       0   181CD    3039       0       0
  145000000             105000000             105000000             2.9350598E-05         1.0000000E+30                 0       
 NEXT SEEDS:2A7DF2C3       0       0       0       0       0   181CD    3039       0       0
  150000000             100000000             100000000             2.9349276E-05         1.0000000E+30                 0       
 NEXT SEEDS:2BF4E49A       0       0       0       0       0   181CD    3039       0       0
  155000000              95000000              95000000             2.9349221E-05         1.0000000E+30                 0       
 NEXT SEEDS:2D6C1B5B       0       0       0       0       0   181CD    3039       0       0
  160000000              90000000              90000000             2.9348607E-05         1.0000000E+30                 0       
 NEXT SEEDS:2EE31019       0       0       0       0       0   181CD    3039       0       0
  *** Emfgeo: Ncoun  2000000000
  165000000              85000000              85000000             2.9348993E-05         1.0000000E+30                 0       
 NEXT SEEDS:305A501A       0       0       0       0       0   181CD    3039       0       0
  170000000              80000000              80000000             2.9347839E-05         1.0000000E+30                 0       
 NEXT SEEDS:31D14E8D       0       0       0       0       0   181CD    3039       0       0
  175000000              75000000              75000000             2.9346829E-05         1.0000000E+30                 0       
 NEXT SEEDS:33484C85       0       0       0       0       0   181CD    3039       0       0
  180000000              70000000              70000000             2.9349340E-05         1.0000000E+30                 0       
 NEXT SEEDS:34BF6DB0       0       0       0       0       0   181CD    3039       0       0
  185000000              65000000              65000000             2.9357461E-05         1.0000000E+30                 0       
 NEXT SEEDS:36364B2A       0       0       0       0       0   181CD    3039       0       0
  190000000              60000000              60000000             2.9358603E-05         1.0000000E+30                 0       
 NEXT SEEDS:37ADB703       0       0       0       0       0   181CD    3039       0       0
  195000000              55000000              55000000             2.9357496E-05         1.0000000E+30                 0       
 NEXT SEEDS:392483DF       0       0       0       0       0   181CD    3039       0       0
  200000000              50000000              50000000             2.9356559E-05         1.0000000E+30                 0       
 NEXT SEEDS:3A9B9CA4       0       0       0       0       0   181CD    3039       0       0
  205000000              45000000              45000000             2.9354989E-05         1.0000000E+30                 0       
 NEXT SEEDS:  77C73B       1       0       0       0       0   181CD    3039       0       0
  210000000              40000000              40000000             2.9354438E-05         1.0000000E+30                 0       
 NEXT SEEDS: 1EED89E       1       0       0       0       0   181CD    3039       0       0
  215000000              35000000              35000000             2.9354273E-05         1.0000000E+30                 0       
 NEXT SEEDS: 365F90B       1       0       0       0       0   181CD    3039       0       0
  220000000              30000000              30000000             2.9358884E-05         1.0000000E+30                 0       
 NEXT SEEDS: 4DD3A97       1       0       0       0       0   181CD    3039       0       0
  225000000              25000000              25000000             2.9359832E-05         1.0000000E+30                 0       
 NEXT SEEDS: 654503B       1       0       0       0       0   181CD    3039       0       0
  230000000              20000000              20000000             2.9360077E-05         1.0000000E+30                 0       
 NEXT SEEDS: 7CBB1DD       1       0       0       0       0   181CD    3039       0       0
  235000000              15000000              15000000             2.9359744E-05         1.0000000E+30                 0       
 NEXT SEEDS: 942B864       1       0       0       0       0   181CD    3039       0       0
  240000000              10000000              10000000             2.9359224E-05         1.0000000E+30                 0       
 NEXT SEEDS: AB9D6ED       1       0       0       0       0   181CD    3039       0       0
  *** Emfgeo: Ncoun  2000000000
  245000000               5000000               5000000             2.9359518E-05         1.0000000E+30                 0       
 NEXT SEEDS: C30C85E       1       0       0       0       0   181CD    3039       0       0
  249999950                    50                    50             2.9360585E-05         1.0000000E+30                 0       
 NEXT SEEDS: DA80120       1       0       0       0       0   181CD    3039       0       0
  249999951                    49                    49             2.9360585E-05         1.0000000E+30                 0       
 NEXT SEEDS: DA80124       1       0       0       0       0   181CD    3039       0       0
  249999952                    48                    48             2.9360585E-05         1.0000000E+30                 0       
 NEXT SEEDS: DA80128       1       0       0       0       0   181CD    3039       0       0
  249999953                    47                    47             2.9360585E-05         1.0000000E+30                 0       
 NEXT SEEDS: DA8012C       1       0       0       0       0   181CD    3039       0       0
  249999954                    46                    46             2.9360585E-05         1.0000000E+30                 0       
 NEXT SEEDS: DA80130       1       0       0       0       0   181CD    3039       0       0
  249999955                    45                    45             2.9360585E-05         1.0000000E+30                 0       
 NEXT SEEDS: DA80134       1       0       0       0       0   181CD    3039       0       0
  249999956                    44                    44             2.9360585E-05         1.0000000E+30                 0       
 NEXT SEEDS: DA80138       1       0       0       0       0   181CD    3039       0       0
  249999957                    43                    43             2.9360584E-05         1.0000000E+30                 0       
 NEXT SEEDS: DA8013C       1       0       0       0       0   181CD    3039       0       0
  249999958                    42                    42             2.9360586E-05         1.0000000E+30                 0       
 NEXT SEEDS: DA80140       1       0       0       0       0   181CD    3039       0       0
  249999959                    41                    41             2.9360586E-05         1.0000000E+30                 0       
 NEXT SEEDS: DA80144       1       0       0       0       0   181CD    3039       0       0
  249999960                    40                    40             2.9360588E-05         1.0000000E+30                 0       
 NEXT SEEDS: DA80148       1       0       0       0       0   181CD    3039       0       0
  249999961                    39                    39             2.9360588E-05         1.0000000E+30                 0       
 NEXT SEEDS: DA8014C       1       0       0       0       0   181CD    3039       0       0
  249999962                    38                    38             2.9360588E-05         1.0000000E+30                 0       
 NEXT SEEDS: DA80150       1       0       0       0       0   181CD    3039       0       0
  249999963                    37                    37             2.9360590E-05         1.0000000E+30                 0       
 NEXT SEEDS: DA80154       1       0       0       0       0   181CD    3039       0       0
  249999964                    36                    36             2.9360589E-05         1.0000000E+30                 0       
 NEXT SEEDS: DA80158       1       0       0       0       0   181CD    3039       0       0
  249999965                    35                    35             2.9360589E-05         1.0000000E+30                 0       
 NEXT SEEDS: DA8015C       1       0       0       0       0   181CD    3039       0       0
  249999966                    34                    34             2.9360591E-05         1.0000000E+30                 0       
 NEXT SEEDS: DA80162       1       0       0       0       0   181CD    3039       0       0
  249999967                    33                    33             2.9360591E-05         1.0000000E+30                 0       
 NEXT SEEDS: DA80166       1       0       0       0       0   181CD    3039       0       0
  249999968                    32                    32             2.9360591E-05         1.0000000E+30                 0       
 NEXT SEEDS: DA8016A       1       0       0       0       0   181CD    3039       0       0
  249999969                    31                    31             2.9360593E-05         1.0000000E+30                 0       
 NEXT SEEDS: DA8016E       1       0       0       0       0   181CD    3039       0       0
  249999970                    30                    30             2.9360593E-05         1.0000000E+30                 0       
 NEXT SEEDS: DA80184       1       0       0       0       0   181CD    3039       0       0
  249999971                    29                    29             2.9360595E-05         1.0000000E+30                 0       
 NEXT SEEDS: DA80188       1       0       0       0       0   181CD    3039       0       0
  249999972                    28                    28             2.9360594E-05         1.0000000E+30                 0       
 NEXT SEEDS: DA8018E       1       0       0       0       0   181CD    3039       0       0
  249999973                    27                    27             2.9360594E-05         1.0000000E+30                 0       
 NEXT SEEDS: DA80192       1       0       0       0       0   181CD    3039       0       0
  249999974                    26                    26             2.9360594E-05         1.0000000E+30                 0       
 NEXT SEEDS: DA80196       1       0       0       0       0   181CD    3039       0       0
  249999975                    25                    25             2.9360594E-05         1.0000000E+30                 0       
 NEXT SEEDS: DA8019A       1       0       0       0       0   181CD    3039       0       0
  249999976                    24                    24             2.9360596E-05         1.0000000E+30                 0       
 NEXT SEEDS: DA8019E       1       0       0       0       0   181CD    3039       0       0
  249999977                    23                    23             2.9360598E-05         1.0000000E+30                 0       
 NEXT SEEDS: DA801B1       1       0       0       0       0   181CD    3039       0       0
  249999978                    22                    22             2.9360598E-05         1.0000000E+30                 0       
 NEXT SEEDS: DA801B5       1       0       0       0       0   181CD    3039       0       0
  249999979                    21                    21             2.9360597E-05         1.0000000E+30                 0       
 NEXT SEEDS: DA801B9       1       0       0       0       0   181CD    3039       0       0
  249999980                    20                    20             2.9360599E-05         1.0000000E+30                 0       
 NEXT SEEDS: DA801BD       1       0       0       0       0   181CD    3039       0       0
  249999981                    19                    19             2.9360599E-05         1.0000000E+30                 0       
 NEXT SEEDS: DA801C1       1       0       0       0       0   181CD    3039       0       0
  249999982                    18                    18             2.9360599E-05         1.0000000E+30                 0       
 NEXT SEEDS: DA801C5       1       0       0       0       0   181CD    3039       0       0
  249999983                    17                    17             2.9360601E-05         1.0000000E+30                 0       
 NEXT SEEDS: DA801C9       1       0       0       0       0   181CD    3039       0       0
  249999984                    16                    16             2.9360601E-05         1.0000000E+30                 0       
 NEXT SEEDS: DA801CD       1       0       0       0       0   181CD    3039       0       0
  249999985                    15                    15             2.9360601E-05         1.0000000E+30                 0       
 NEXT SEEDS: DA801D1       1       0       0       0       0   181CD    3039       0       0
  249999986                    14                    14             2.9360603E-05         1.0000000E+30                 0       
 NEXT SEEDS: DA801D5       1       0       0       0       0   181CD    3039       0       0
  249999987                    13                    13             2.9360602E-05         1.0000000E+30                 0       
 NEXT SEEDS: DA801D9       1       0       0       0       0   181CD    3039       0       0
  249999988                    12                    12             2.9360602E-05         1.0000000E+30                 0       
 NEXT SEEDS: DA801DD       1       0       0       0       0   181CD    3039       0       0
  249999989                    11                    11             2.9360604E-05         1.0000000E+30                 0       
 NEXT SEEDS: DA801E1       1       0       0       0       0   181CD    3039       0       0
  249999990                    10                    10             2.9360604E-05         1.0000000E+30                 0       
 NEXT SEEDS: DA801E5       1       0       0       0       0   181CD    3039       0       0
  249999991                     9                     9             2.9360606E-05         1.0000000E+30                 0       
 NEXT SEEDS: DA801E9       1       0       0       0       0   181CD    3039       0       0
  249999992                     8                     8             2.9360606E-05         1.0000000E+30                 0       
 NEXT SEEDS: DA801ED       1       0       0       0       0   181CD    3039       0       0
  249999993                     7                     7             2.9360608E-05         1.0000000E+30                 0       
 NEXT SEEDS: DA801F1       1       0       0       0       0   181CD    3039       0       0
  249999994                     6                     6             2.9360607E-05         1.0000000E+30                 0       
 NEXT SEEDS: DA801F5       1       0       0       0       0   181CD    3039       0       0
  249999995                     5                     5             2.9360607E-05         1.0000000E+30                 0       
 NEXT SEEDS: DA801F9       1       0       0       0       0   181CD    3039       0       0
  249999996                     4                     4             2.9360609E-05         1.0000000E+30                 0       
 NEXT SEEDS: DA801FF       1       0       0       0       0   181CD    3039       0       0
  249999997                     3                     3             2.9360609E-05         1.0000000E+30                 0       
 NEXT SEEDS: DA80203       1       0       0       0       0   181CD    3039       0       0
  249999998                     2                     2             2.9360609E-05         1.0000000E+30                 0       
 NEXT SEEDS: DA80207       1       0       0       0       0   181CD    3039       0       0
  249999999                     1                     1             2.9360611E-05         1.0000000E+30                 0       
 NEXT SEEDS: DA8020B       1       0       0       0       0   181CD    3039       0       0
  250000000                     0                     1             2.9360611E-05         1.0000000E+30                 0       
 NEXT SEEDS: DA8020F       1       0       0       0       0   181CD    3039       0       0
