1NUMBER OF BEAM       NUMBER OF BEAM        APPROXIMATE NUMBER    AVERAGE TIME USED     TIME LEFT (RESERVED   NUMBER OF STARS
 PARTICLES HANDLED    PARTICLES LEFT        OF BEAM PARTICLES     BY A BEAM PARTICLE     10000.0 SECONDS      CREATED
                                            THAT CAN STILL BE                           FOR PRINTOUT)
                                            HANDLED

 NEXT SEEDS:       0       0       0       0       0       0   181CD    3039       0       0
          1             249999999             249999999             0.0000000E+00         1.0000000E+30                 0       
 NEXT SEEDS:       4       0       0       0       0       0   181CD    3039       0       0
    5000000             245000000             245000000             2.8649263E-05         1.0000000E+30                 0       
 NEXT SEEDS: 1770D8E       0       0       0       0       0   181CD    3039       0       0
   10000000             240000000             240000000             2.8618491E-05         1.0000000E+30                 0       
 NEXT SEEDS: 2EE0A1A       0       0       0       0       0   181CD    3039       0       0
   15000000             235000000             235000000             2.8678431E-05         1.0000000E+30                 0       
 NEXT SEEDS: 46534B0       0       0       0       0       0   181CD    3039       0       0
   20000000             230000000             230000000             2.8643795E-05         1.0000000E+30                 0       
 NEXT SEEDS: 5DC419D       0       0       0       0       0   181CD    3039       0       0
   25000000             225000000             225000000             2.8635050E-05         1.0000000E+30                 0       
 NEXT SEEDS: 753AFF3       0       0       0       0       0   181CD    3039       0       0
   30000000             220000000             220000000             2.8619199E-05         1.0000000E+30                 0       
 NEXT SEEDS: 8CAC6C6       0       0       0       0       0   181CD    3039       0       0
   35000000             215000000             215000000             2.8615748E-05         1.0000000E+30                 0       
 NEXT SEEDS: A41EE13       0       0       0       0       0   181CD    3039       0       0
   40000000             210000000             210000000             2.8610911E-05         1.0000000E+30                 0       
 NEXT SEEDS: BB90C80       0       0       0       0       0   181CD    3039       0       0
   45000000             205000000             205000000             2.8612550E-05         1.0000000E+30                 0       
 NEXT SEEDS: D2FFCF5       0       0       0       0       0   181CD    3039       0       0
   50000000             200000000             200000000             2.8636177E-05         1.0000000E+30                 0       
 NEXT SEEDS: EA6F798       0       0       0       0       0   181CD    3039       0       0
   55000000             195000000             195000000             2.8659808E-05         1.0000000E+30                 0       
 NEXT SEEDS:101DDE36       0       0       0       0       0   181CD    3039       0       0
   60000000             190000000             190000000             2.8688388E-05         1.0000000E+30                 0       
 NEXT SEEDS:11951497       0       0       0       0       0   181CD    3039       0       0
   65000000             185000000             185000000             2.8697856E-05         1.0000000E+30                 0       
 NEXT SEEDS:130C3C92       0       0       0       0       0   181CD    3039       0       0
   70000000             180000000             180000000             2.8684215E-05         1.0000000E+30                 0       
 NEXT SEEDS:148333D1       0       0       0       0       0   181CD    3039       0       0
   75000000             175000000             175000000             2.8673594E-05         1.0000000E+30                 0       
 NEXT SEEDS:15FA034A       0       0       0       0       0   181CD    3039       0       0
   80000000             170000000             170000000             2.8666578E-05         1.0000000E+30                 0       
 NEXT SEEDS:17712F69       0       0       0       0       0   181CD    3039       0       0
  *** Emfgeo: Ncoun  2000000000
   85000000             165000000             165000000             2.8660194E-05         1.0000000E+30                 0       
 NEXT SEEDS:18E84C6B       0       0       0       0       0   181CD    3039       0       0
   90000000             160000000             160000000             2.8666800E-05         1.0000000E+30                 0       
 NEXT SEEDS:1A5F76FF       0       0       0       0       0   181CD    3039       0       0
   95000000             155000000             155000000             2.8661722E-05         1.0000000E+30                 0       
 NEXT SEEDS:1BD6D6F0       0       0       0       0       0   181CD    3039       0       0
  100000000             150000000             150000000             2.8657893E-05         1.0000000E+30                 0       
 NEXT SEEDS:1D4DBA17       0       0       0       0       0   181CD    3039       0       0
  105000000             145000000             145000000             2.8654074E-05         1.0000000E+30                 0       
 NEXT SEEDS:1EC4C3F9       0       0       0       0       0   181CD    3039       0       0
  110000000             140000000             140000000             2.8647703E-05         1.0000000E+30                 0       
 NEXT SEEDS:203BF363       0       0       0       0       0   181CD    3039       0       0
  115000000             135000000             135000000             2.8644169E-05         1.0000000E+30                 0       
 NEXT SEEDS:21B2F62F       0       0       0       0       0   181CD    3039       0       0
  120000000             130000000             130000000             2.8638743E-05         1.0000000E+30                 0       
 NEXT SEEDS:2329CB2E       0       0       0       0       0   181CD    3039       0       0
  125000000             125000000             125000000             2.8638946E-05         1.0000000E+30                 0       
 NEXT SEEDS:24A14976       0       0       0       0       0   181CD    3039       0       0
  130000000             120000000             120000000             2.8642357E-05         1.0000000E+30                 0       
 NEXT SEEDS:26184231       0       0       0       0       0   181CD    3039       0       0
  135000000             115000000             115000000             2.8652704E-05         1.0000000E+30                 0       
 NEXT SEEDS:278F5E20       0       0       0       0       0   181CD    3039       0       0
  140000000             110000000             110000000             2.8648249E-05         1.0000000E+30                 0       
 NEXT SEEDS:29067D82       0       0       0       0       0   181CD    3039       0       0
  145000000             105000000             105000000             2.8650718E-05         1.0000000E+30                 0       
 NEXT SEEDS:2A7D9C7F       0       0       0       0       0   181CD    3039       0       0
  150000000             100000000             100000000             2.8649688E-05         1.0000000E+30                 0       
 NEXT SEEDS:2BF4D0BA       0       0       0       0       0   181CD    3039       0       0
  155000000              95000000              95000000             2.8647017E-05         1.0000000E+30                 0       
 NEXT SEEDS:2D6BD8DA       0       0       0       0       0   181CD    3039       0       0
  160000000              90000000              90000000             2.8657733E-05         1.0000000E+30                 0       
 NEXT SEEDS:2EE32AF7       0       0       0       0       0   181CD    3039       0       0
  *** Emfgeo: Ncoun  2000000000
  165000000              85000000              85000000             2.8667771E-05         1.0000000E+30                 0       
 NEXT SEEDS:305A2C40       0       0       0       0       0   181CD    3039       0       0
  170000000              80000000              80000000             2.8668477E-05         1.0000000E+30                 0       
 NEXT SEEDS:31D10B22       0       0       0       0       0   181CD    3039       0       0
  175000000              75000000              75000000             2.8677793E-05         1.0000000E+30                 0       
 NEXT SEEDS:3347FABD       0       0       0       0       0   181CD    3039       0       0
  180000000              70000000              70000000             2.8673826E-05         1.0000000E+30                 0       
 NEXT SEEDS:34BF2098       0       0       0       0       0   181CD    3039       0       0
  185000000              65000000              65000000             2.8671762E-05         1.0000000E+30                 0       
 NEXT SEEDS:36365E55       0       0       0       0       0   181CD    3039       0       0
  190000000              60000000              60000000             2.8669912E-05         1.0000000E+30                 0       
 NEXT SEEDS:37AD6B79       0       0       0       0       0   181CD    3039       0       0
  195000000              55000000              55000000             2.8666737E-05         1.0000000E+30                 0       
 NEXT SEEDS:39243DDC       0       0       0       0       0   181CD    3039       0       0
  200000000              50000000              50000000             2.8664165E-05         1.0000000E+30                 0       
 NEXT SEEDS:3A9B72E7       0       0       0       0       0   181CD    3039       0       0
  205000000              45000000              45000000             2.8661831E-05         1.0000000E+30                 0       
 NEXT SEEDS:  77A0F8       1       0       0       0       0   181CD    3039       0       0
  210000000              40000000              40000000             2.8660682E-05         1.0000000E+30                 0       
 NEXT SEEDS: 1EEB134       1       0       0       0       0   181CD    3039       0       0
  215000000              35000000              35000000             2.8657701E-05         1.0000000E+30                 0       
 NEXT SEEDS: 365F47F       1       0       0       0       0   181CD    3039       0       0
  220000000              30000000              30000000             2.8662767E-05         1.0000000E+30                 0       
 NEXT SEEDS: 4DCDB13       1       0       0       0       0   181CD    3039       0       0
  225000000              25000000              25000000             2.8660165E-05         1.0000000E+30                 0       
 NEXT SEEDS: 653CA0C       1       0       0       0       0   181CD    3039       0       0
  230000000              20000000              20000000             2.8657662E-05         1.0000000E+30                 0       
 NEXT SEEDS: 7CAD176       1       0       0       0       0   181CD    3039       0       0
  235000000              15000000              15000000             2.8656402E-05         1.0000000E+30                 0       
 NEXT SEEDS: 942218F       1       0       0       0       0   181CD    3039       0       0
  240000000              10000000              10000000             2.8653032E-05         1.0000000E+30                 0       
 NEXT SEEDS: AB94A91       1       0       0       0       0   181CD    3039       0       0
  *** Emfgeo: Ncoun  2000000000
  245000000               5000000               5000000             2.8650963E-05         1.0000000E+30                 0       
 NEXT SEEDS: C30760D       1       0       0       0       0   181CD    3039       0       0
  249999950                    50                    50             2.8649873E-05         1.0000000E+30                 0       
 NEXT SEEDS: DA792F6       1       0       0       0       0   181CD    3039       0       0
  249999951                    49                    49             2.8649875E-05         1.0000000E+30                 0       
 NEXT SEEDS: DA792FA       1       0       0       0       0   181CD    3039       0       0
  249999952                    48                    48             2.8649877E-05         1.0000000E+30                 0       
 NEXT SEEDS: DA792FE       1       0       0       0       0   181CD    3039       0       0
  249999953                    47                    47             2.8649877E-05         1.0000000E+30                 0       
 NEXT SEEDS: DA79302       1       0       0       0       0   181CD    3039       0       0
  249999954                    46                    46             2.8649877E-05         1.0000000E+30                 0       
 NEXT SEEDS: DA79306       1       0       0       0       0   181CD    3039       0       0
  249999955                    45                    45             2.8649878E-05         1.0000000E+30                 0       
 NEXT SEEDS: DA7930A       1       0       0       0       0   181CD    3039       0       0
  249999956                    44                    44             2.8649878E-05         1.0000000E+30                 0       
 NEXT SEEDS: DA79321       1       0       0       0       0   181CD    3039       0       0
  249999957                    43                    43             2.8649880E-05         1.0000000E+30                 0       
 NEXT SEEDS: DA79327       1       0       0       0       0   181CD    3039       0       0
  249999958                    42                    42             2.8649882E-05         1.0000000E+30                 0       
 NEXT SEEDS: DA7932B       1       0       0       0       0   181CD    3039       0       0
  249999959                    41                    41             2.8649882E-05         1.0000000E+30                 0       
 NEXT SEEDS: DA7932F       1       0       0       0       0   181CD    3039       0       0
  249999960                    40                    40             2.8649882E-05         1.0000000E+30                 0       
 NEXT SEEDS: DA79333       1       0       0       0       0   181CD    3039       0       0
  249999961                    39                    39             2.8649882E-05         1.0000000E+30                 0       
 NEXT SEEDS: DA79337       1       0       0       0       0   181CD    3039       0       0
  249999962                    38                    38             2.8649881E-05         1.0000000E+30                 0       
 NEXT SEEDS: DA7933B       1       0       0       0       0   181CD    3039       0       0
  249999963                    37                    37             2.8649881E-05         1.0000000E+30                 0       
 NEXT SEEDS: DA7933F       1       0       0       0       0   181CD    3039       0       0
  249999964                    36                    36             2.8649883E-05         1.0000000E+30                 0       
 NEXT SEEDS: DA79345       1       0       0       0       0   181CD    3039       0       0
  249999965                    35                    35             2.8649883E-05         1.0000000E+30                 0       
 NEXT SEEDS: DA79349       1       0       0       0       0   181CD    3039       0       0
  249999966                    34                    34             2.8649883E-05         1.0000000E+30                 0       
 NEXT SEEDS: DA7934D       1       0       0       0       0   181CD    3039       0       0
  249999967                    33                    33             2.8649885E-05         1.0000000E+30                 0       
 NEXT SEEDS: DA79353       1       0       0       0       0   181CD    3039       0       0
  249999968                    32                    32             2.8649885E-05         1.0000000E+30                 0       
 NEXT SEEDS: DA79357       1       0       0       0       0   181CD    3039       0       0
  249999969                    31                    31             2.8649885E-05         1.0000000E+30                 0       
 NEXT SEEDS: DA7936C       1       0       0       0       0   181CD    3039       0       0
  249999970                    30                    30             2.8649884E-05         1.0000000E+30                 0       
 NEXT SEEDS: DA79370       1       0       0       0       0   181CD    3039       0       0
  249999971                    29                    29             2.8649884E-05         1.0000000E+30                 0       
 NEXT SEEDS: DA79374       1       0       0       0       0   181CD    3039       0       0
  249999972                    28                    28             2.8649884E-05         1.0000000E+30                 0       
 NEXT SEEDS: DA79378       1       0       0       0       0   181CD    3039       0       0
  249999973                    27                    27             2.8649884E-05         1.0000000E+30                 0       
 NEXT SEEDS: DA7937C       1       0       0       0       0   181CD    3039       0       0
  249999974                    26                    26             2.8649884E-05         1.0000000E+30                 0       
 NEXT SEEDS: DA79380       1       0       0       0       0   181CD    3039       0       0
  249999975                    25                    25             2.8649884E-05         1.0000000E+30                 0       
 NEXT SEEDS: DA79384       1       0       0       0       0   181CD    3039       0       0
  249999976                    24                    24             2.8649884E-05         1.0000000E+30                 0       
 NEXT SEEDS: DA79388       1       0       0       0       0   181CD    3039       0       0
  249999977                    23                    23             2.8649884E-05         1.0000000E+30                 0       
 NEXT SEEDS: DA79394       1       0       0       0       0   181CD    3039       0       0
  249999978                    22                    22             2.8649885E-05         1.0000000E+30                 0       
 NEXT SEEDS: DA79398       1       0       0       0       0   181CD    3039       0       0
  249999979                    21                    21             2.8649885E-05         1.0000000E+30                 0       
 NEXT SEEDS: DA7939C       1       0       0       0       0   181CD    3039       0       0
  249999980                    20                    20             2.8649885E-05         1.0000000E+30                 0       
 NEXT SEEDS: DA793A0       1       0       0       0       0   181CD    3039       0       0
  249999981                    19                    19             2.8649885E-05         1.0000000E+30                 0       
 NEXT SEEDS: DA793A4       1       0       0       0       0   181CD    3039       0       0
  249999982                    18                    18             2.8649885E-05         1.0000000E+30                 0       
 NEXT SEEDS: DA793A8       1       0       0       0       0   181CD    3039       0       0
  249999983                    17                    17             2.8649885E-05         1.0000000E+30                 0       
 NEXT SEEDS: DA793AC       1       0       0       0       0   181CD    3039       0       0
  249999984                    16                    16             2.8649887E-05         1.0000000E+30                 0       
 NEXT SEEDS: DA793C4       1       0       0       0       0   181CD    3039       0       0
  249999985                    15                    15             2.8649887E-05         1.0000000E+30                 0       
 NEXT SEEDS: DA793C8       1       0       0       0       0   181CD    3039       0       0
  249999986                    14                    14             2.8649887E-05         1.0000000E+30                 0       
 NEXT SEEDS: DA793CC       1       0       0       0       0   181CD    3039       0       0
  249999987                    13                    13             2.8649886E-05         1.0000000E+30                 0       
 NEXT SEEDS: DA793E0       1       0       0       0       0   181CD    3039       0       0
  249999988                    12                    12             2.8649886E-05         1.0000000E+30                 0       
 NEXT SEEDS: DA793E6       1       0       0       0       0   181CD    3039       0       0
  249999989                    11                    11             2.8649886E-05         1.0000000E+30                 0       
 NEXT SEEDS: DA793EA       1       0       0       0       0   181CD    3039       0       0
  249999990                    10                    10             2.8649888E-05         1.0000000E+30                 0       
 NEXT SEEDS: DA793EE       1       0       0       0       0   181CD    3039       0       0
  249999991                     9                     9             2.8649888E-05         1.0000000E+30                 0       
 NEXT SEEDS: DA793F2       1       0       0       0       0   181CD    3039       0       0
  249999992                     8                     8             2.8649890E-05         1.0000000E+30                 0       
 NEXT SEEDS: DA79419       1       0       0       0       0   181CD    3039       0       0
  249999993                     7                     7             2.8649890E-05         1.0000000E+30                 0       
 NEXT SEEDS: DA7941D       1       0       0       0       0   181CD    3039       0       0
  249999994                     6                     6             2.8649891E-05         1.0000000E+30                 0       
 NEXT SEEDS: DA79421       1       0       0       0       0   181CD    3039       0       0
  249999995                     5                     5             2.8649893E-05         1.0000000E+30                 0       
 NEXT SEEDS: DA79425       1       0       0       0       0   181CD    3039       0       0
  249999996                     4                     4             2.8649893E-05         1.0000000E+30                 0       
 NEXT SEEDS: DA79429       1       0       0       0       0   181CD    3039       0       0
  249999997                     3                     3             2.8649893E-05         1.0000000E+30                 0       
 NEXT SEEDS: DA7943E       1       0       0       0       0   181CD    3039       0       0
  249999998                     2                     2             2.8649893E-05         1.0000000E+30                 0       
 NEXT SEEDS: DA79442       1       0       0       0       0   181CD    3039       0       0
  249999999                     1                     1             2.8649893E-05         1.0000000E+30                 0       
 NEXT SEEDS: DA79446       1       0       0       0       0   181CD    3039       0       0
  250000000                     0                     1             2.8649893E-05         1.0000000E+30                 0       
 NEXT SEEDS: DA7944A       1       0       0       0       0   181CD    3039       0       0
