1NUMBER OF BEAM       NUMBER OF BEAM        APPROXIMATE NUMBER    AVERAGE TIME USED     TIME LEFT (RESERVED   NUMBER OF STARS
 PARTICLES HANDLED    PARTICLES LEFT        OF BEAM PARTICLES     BY A BEAM PARTICLE     10000.0 SECONDS      CREATED
                                            THAT CAN STILL BE                           FOR PRINTOUT)
                                            HANDLED

 NEXT SEEDS:       0       0       0       0       0       0   181CD    3039       0       0
          1             249999999             249999999             7.7009201E-05         1.0000000E+30                 0       
 NEXT SEEDS:       4       0       0       0       0       0   181CD    3039       0       0
    5000000             245000000             245000000             2.8589921E-05         1.0000000E+30                 0       
 NEXT SEEDS: 176D37C       0       0       0       0       0   181CD    3039       0       0
   10000000             240000000             240000000             2.8598369E-05         1.0000000E+30                 0       
 NEXT SEEDS: 2EDA57E       0       0       0       0       0   181CD    3039       0       0
   15000000             235000000             235000000             2.8604620E-05         1.0000000E+30                 0       
 NEXT SEEDS: 464AE25       0       0       0       0       0   181CD    3039       0       0
   20000000             230000000             230000000             2.8606730E-05         1.0000000E+30                 0       
 NEXT SEEDS: 5DB602E       0       0       0       0       0   181CD    3039       0       0
   25000000             225000000             225000000             2.8610343E-05         1.0000000E+30                 0       
 NEXT SEEDS: 7523A7A       0       0       0       0       0   181CD    3039       0       0
   30000000             220000000             220000000             2.8616319E-05         1.0000000E+30                 0       
 NEXT SEEDS: 8C947CB       0       0       0       0       0   181CD    3039       0       0
   35000000             215000000             215000000             2.8614673E-05         1.0000000E+30                 0       
 NEXT SEEDS: A3FD9B3       0       0       0       0       0   181CD    3039       0       0
   40000000             210000000             210000000             2.8616146E-05         1.0000000E+30                 0       
 NEXT SEEDS: BB6D7F9       0       0       0       0       0   181CD    3039       0       0
   45000000             205000000             205000000             2.8612429E-05         1.0000000E+30                 0       
 NEXT SEEDS: D2DF145       0       0       0       0       0   181CD    3039       0       0
   50000000             200000000             200000000             2.8617724E-05         1.0000000E+30                 0       
 NEXT SEEDS: EA4E759       0       0       0       0       0   181CD    3039       0       0
   55000000             195000000             195000000             2.8616792E-05         1.0000000E+30                 0       
 NEXT SEEDS:101BCB42       0       0       0       0       0   181CD    3039       0       0
   60000000             190000000             190000000             2.8613771E-05         1.0000000E+30                 0       
 NEXT SEEDS:1192CFC2       0       0       0       0       0   181CD    3039       0       0
   65000000             185000000             185000000             2.8613324E-05         1.0000000E+30                 0       
 NEXT SEEDS:130997AC       0       0       0       0       0   181CD    3039       0       0
   70000000             180000000             180000000             2.8615183E-05         1.0000000E+30                 0       
 NEXT SEEDS:1480A756       0       0       0       0       0   181CD    3039       0       0
   75000000             175000000             175000000             2.8614444E-05         1.0000000E+30                 0       
 NEXT SEEDS:15F77533       0       0       0       0       0   181CD    3039       0       0
   80000000             170000000             170000000             2.8611927E-05         1.0000000E+30                 0       
 NEXT SEEDS:176E2C47       0       0       0       0       0   181CD    3039       0       0
  *** Emfgeo: Ncoun  2000000000
   85000000             165000000             165000000             2.8613831E-05         1.0000000E+30                 0       
 NEXT SEEDS:18E55EB7       0       0       0       0       0   181CD    3039       0       0
   90000000             160000000             160000000             2.8611530E-05         1.0000000E+30                 0       
 NEXT SEEDS:1A5C4EF8       0       0       0       0       0   181CD    3039       0       0
   95000000             155000000             155000000             2.8610275E-05         1.0000000E+30                 0       
 NEXT SEEDS:1BD2E820       0       0       0       0       0   181CD    3039       0       0
  100000000             150000000             150000000             2.8610184E-05         1.0000000E+30                 0       
 NEXT SEEDS:1D49F085       0       0       0       0       0   181CD    3039       0       0
  105000000             145000000             145000000             2.8611489E-05         1.0000000E+30                 0       
 NEXT SEEDS:1EC0FE14       0       0       0       0       0   181CD    3039       0       0
  110000000             140000000             140000000             2.8611460E-05         1.0000000E+30                 0       
 NEXT SEEDS:2037D8B8       0       0       0       0       0   181CD    3039       0       0
  115000000             135000000             135000000             2.8609919E-05         1.0000000E+30                 0       
 NEXT SEEDS:21AED116       0       0       0       0       0   181CD    3039       0       0
  120000000             130000000             130000000             2.8608601E-05         1.0000000E+30                 0       
 NEXT SEEDS:23258261       0       0       0       0       0   181CD    3039       0       0
  125000000             125000000             125000000             2.8607712E-05         1.0000000E+30                 0       
 NEXT SEEDS:249C2B73       0       0       0       0       0   181CD    3039       0       0
  130000000             120000000             120000000             2.8610420E-05         1.0000000E+30                 0       
 NEXT SEEDS:2612F79F       0       0       0       0       0   181CD    3039       0       0
  135000000             115000000             115000000             2.8608905E-05         1.0000000E+30                 0       
 NEXT SEEDS:2789EDD2       0       0       0       0       0   181CD    3039       0       0
  140000000             110000000             110000000             2.8609853E-05         1.0000000E+30                 0       
 NEXT SEEDS:2900BBE9       0       0       0       0       0   181CD    3039       0       0
  145000000             105000000             105000000             2.8610542E-05         1.0000000E+30                 0       
 NEXT SEEDS:2A77ACC4       0       0       0       0       0   181CD    3039       0       0
  150000000             100000000             100000000             2.8608762E-05         1.0000000E+30                 0       
 NEXT SEEDS:2BEE88DE       0       0       0       0       0   181CD    3039       0       0
  155000000              95000000              95000000             2.8605143E-05         1.0000000E+30                 0       
 NEXT SEEDS:2D654665       0       0       0       0       0   181CD    3039       0       0
  160000000              90000000              90000000             2.8606618E-05         1.0000000E+30                 0       
 NEXT SEEDS:2EDC05FF       0       0       0       0       0   181CD    3039       0       0
  *** Emfgeo: Ncoun  2000000000
  165000000              85000000              85000000             2.8607137E-05         1.0000000E+30                 0       
 NEXT SEEDS:3052F764       0       0       0       0       0   181CD    3039       0       0
  170000000              80000000              80000000             2.8609825E-05         1.0000000E+30                 0       
 NEXT SEEDS:31C9F336       0       0       0       0       0   181CD    3039       0       0
  175000000              75000000              75000000             2.8608314E-05         1.0000000E+30                 0       
 NEXT SEEDS:3340DC0B       0       0       0       0       0   181CD    3039       0       0
  180000000              70000000              70000000             2.8608870E-05         1.0000000E+30                 0       
 NEXT SEEDS:34B788F1       0       0       0       0       0   181CD    3039       0       0
  185000000              65000000              65000000             2.8606505E-05         1.0000000E+30                 0       
 NEXT SEEDS:362E3896       0       0       0       0       0   181CD    3039       0       0
  190000000              60000000              60000000             2.8605003E-05         1.0000000E+30                 0       
 NEXT SEEDS:37A4ED64       0       0       0       0       0   181CD    3039       0       0
  195000000              55000000              55000000             2.8607434E-05         1.0000000E+30                 0       
 NEXT SEEDS:391BFF59       0       0       0       0       0   181CD    3039       0       0
  200000000              50000000              50000000             2.8606352E-05         1.0000000E+30                 0       
 NEXT SEEDS:3A92E5BF       0       0       0       0       0   181CD    3039       0       0
  205000000              45000000              45000000             2.8604973E-05         1.0000000E+30                 0       
 NEXT SEEDS:  6F060F       1       0       0       0       0   181CD    3039       0       0
  210000000              40000000              40000000             2.8605219E-05         1.0000000E+30                 0       
 NEXT SEEDS: 1E5F6D1       1       0       0       0       0   181CD    3039       0       0
  215000000              35000000              35000000             2.8604550E-05         1.0000000E+30                 0       
 NEXT SEEDS: 35CBC9F       1       0       0       0       0   181CD    3039       0       0
  220000000              30000000              30000000             2.8605184E-05         1.0000000E+30                 0       
 NEXT SEEDS: 4D38F38       1       0       0       0       0   181CD    3039       0       0
  225000000              25000000              25000000             2.8605034E-05         1.0000000E+30                 0       
 NEXT SEEDS: 64A54CB       1       0       0       0       0   181CD    3039       0       0
  230000000              20000000              20000000             2.8606173E-05         1.0000000E+30                 0       
 NEXT SEEDS: 7C129F8       1       0       0       0       0   181CD    3039       0       0
  235000000              15000000              15000000             2.8606698E-05         1.0000000E+30                 0       
 NEXT SEEDS: 9380C1C       1       0       0       0       0   181CD    3039       0       0
  240000000              10000000              10000000             2.8606913E-05         1.0000000E+30                 0       
 NEXT SEEDS: AAEBB1E       1       0       0       0       0   181CD    3039       0       0
  *** Emfgeo: Ncoun  2000000000
  245000000               5000000               5000000             2.8607338E-05         1.0000000E+30                 0       
 NEXT SEEDS: C259E0D       1       0       0       0       0   181CD    3039       0       0
  249999950                    50                    50             2.8607321E-05         1.0000000E+30                 0       
 NEXT SEEDS: D9C8C4A       1       0       0       0       0   181CD    3039       0       0
  249999951                    49                    49             2.8607321E-05         1.0000000E+30                 0       
 NEXT SEEDS: D9C8C4E       1       0       0       0       0   181CD    3039       0       0
  249999952                    48                    48             2.8607323E-05         1.0000000E+30                 0       
 NEXT SEEDS: D9C8C52       1       0       0       0       0   181CD    3039       0       0
  249999953                    47                    47             2.8607323E-05         1.0000000E+30                 0       
 NEXT SEEDS: D9C8C56       1       0       0       0       0   181CD    3039       0       0
  249999954                    46                    46             2.8607323E-05         1.0000000E+30                 0       
 NEXT SEEDS: D9C8C5A       1       0       0       0       0   181CD    3039       0       0
  249999955                    45                    45             2.8607325E-05         1.0000000E+30                 0       
 NEXT SEEDS: D9C8C5E       1       0       0       0       0   181CD    3039       0       0
  249999956                    44                    44             2.8607325E-05         1.0000000E+30                 0       
 NEXT SEEDS: D9C8C62       1       0       0       0       0   181CD    3039       0       0
  249999957                    43                    43             2.8607325E-05         1.0000000E+30                 0       
 NEXT SEEDS: D9C8C66       1       0       0       0       0   181CD    3039       0       0
  249999958                    42                    42             2.8607326E-05         1.0000000E+30                 0       
 NEXT SEEDS: D9C8C6A       1       0       0       0       0   181CD    3039       0       0
  249999959                    41                    41             2.8607326E-05         1.0000000E+30                 0       
 NEXT SEEDS: D9C8C6E       1       0       0       0       0   181CD    3039       0       0
  249999960                    40                    40             2.8607328E-05         1.0000000E+30                 0       
 NEXT SEEDS: D9C8C72       1       0       0       0       0   181CD    3039       0       0
  249999961                    39                    39             2.8607328E-05         1.0000000E+30                 0       
 NEXT SEEDS: D9C8C76       1       0       0       0       0   181CD    3039       0       0
  249999962                    38                    38             2.8607328E-05         1.0000000E+30                 0       
 NEXT SEEDS: D9C8C7A       1       0       0       0       0   181CD    3039       0       0
  249999963                    37                    37             2.8607330E-05         1.0000000E+30                 0       
 NEXT SEEDS: D9C8C7E       1       0       0       0       0   181CD    3039       0       0
  249999964                    36                    36             2.8607330E-05         1.0000000E+30                 0       
 NEXT SEEDS: D9C8C82       1       0       0       0       0   181CD    3039       0       0
  249999965                    35                    35             2.8607330E-05         1.0000000E+30                 0       
 NEXT SEEDS: D9C8C86       1       0       0       0       0   181CD    3039       0       0
  249999966                    34                    34             2.8607331E-05         1.0000000E+30                 0       
 NEXT SEEDS: D9C8C8A       1       0       0       0       0   181CD    3039       0       0
  249999967                    33                    33             2.8607331E-05         1.0000000E+30                 0       
 NEXT SEEDS: D9C8C8E       1       0       0       0       0   181CD    3039       0       0
  249999968                    32                    32             2.8607333E-05         1.0000000E+30                 0       
 NEXT SEEDS: D9C8C92       1       0       0       0       0   181CD    3039       0       0
  249999969                    31                    31             2.8607333E-05         1.0000000E+30                 0       
 NEXT SEEDS: D9C8C96       1       0       0       0       0   181CD    3039       0       0
  249999970                    30                    30             2.8607335E-05         1.0000000E+30                 0       
 NEXT SEEDS: D9C8CA3       1       0       0       0       0   181CD    3039       0       0
  249999971                    29                    29             2.8607335E-05         1.0000000E+30                 0       
 NEXT SEEDS: D9C8CA7       1       0       0       0       0   181CD    3039       0       0
  249999972                    28                    28             2.8607337E-05         1.0000000E+30                 0       
 NEXT SEEDS: D9C8CB9       1       0       0       0       0   181CD    3039       0       0
  249999973                    27                    27             2.8607336E-05         1.0000000E+30                 0       
 NEXT SEEDS: D9C8CBD       1       0       0       0       0   181CD    3039       0       0
  249999974                    26                    26             2.8607338E-05         1.0000000E+30                 0       
 NEXT SEEDS: D9C8CC1       1       0       0       0       0   181CD    3039       0       0
  249999975                    25                    25             2.8607338E-05         1.0000000E+30                 0       
 NEXT SEEDS: D9C8CC5       1       0       0       0       0   181CD    3039       0       0
  249999976                    24                    24             2.8607338E-05         1.0000000E+30                 0       
 NEXT SEEDS: D9C8CC9       1       0       0       0       0   181CD    3039       0       0
  249999977                    23                    23             2.8607340E-05         1.0000000E+30                 0       
 NEXT SEEDS: D9C8CCD       1       0       0       0       0   181CD    3039       0       0
  249999978                    22                    22             2.8607342E-05         1.0000000E+30                 0       
 NEXT SEEDS: D9C8CD3       1       0       0       0       0   181CD    3039       0       0
  249999979                    21                    21             2.8607342E-05         1.0000000E+30                 0       
 NEXT SEEDS: D9C8CE6       1       0       0       0       0   181CD    3039       0       0
  249999980                    20                    20             2.8607343E-05         1.0000000E+30                 0       
 NEXT SEEDS: D9C8CEA       1       0       0       0       0   181CD    3039       0       0
  249999981                    19                    19             2.8607343E-05         1.0000000E+30                 0       
 NEXT SEEDS: D9C8CEE       1       0       0       0       0   181CD    3039       0       0
  249999982                    18                    18             2.8607343E-05         1.0000000E+30                 0       
 NEXT SEEDS: D9C8CF2       1       0       0       0       0   181CD    3039       0       0
  249999983                    17                    17             2.8607343E-05         1.0000000E+30                 0       
 NEXT SEEDS: D9C8CF6       1       0       0       0       0   181CD    3039       0       0
  249999984                    16                    16             2.8607343E-05         1.0000000E+30                 0       
 NEXT SEEDS: D9C8CFA       1       0       0       0       0   181CD    3039       0       0
  249999985                    15                    15             2.8607343E-05         1.0000000E+30                 0       
 NEXT SEEDS: D9C8CFE       1       0       0       0       0   181CD    3039       0       0
  249999986                    14                    14             2.8607343E-05         1.0000000E+30                 0       
 NEXT SEEDS: D9C8D02       1       0       0       0       0   181CD    3039       0       0
  249999987                    13                    13             2.8607343E-05         1.0000000E+30                 0       
 NEXT SEEDS: D9C8D06       1       0       0       0       0   181CD    3039       0       0
  249999988                    12                    12             2.8607343E-05         1.0000000E+30                 0       
 NEXT SEEDS: D9C8D0A       1       0       0       0       0   181CD    3039       0       0
  249999989                    11                    11             2.8607342E-05         1.0000000E+30                 0       
 NEXT SEEDS: D9C8D0E       1       0       0       0       0   181CD    3039       0       0
  249999990                    10                    10             2.8607342E-05         1.0000000E+30                 0       
 NEXT SEEDS: D9C8D12       1       0       0       0       0   181CD    3039       0       0
  249999991                     9                     9             2.8607342E-05         1.0000000E+30                 0       
 NEXT SEEDS: D9C8D16       1       0       0       0       0   181CD    3039       0       0
  249999992                     8                     8             2.8607342E-05         1.0000000E+30                 0       
 NEXT SEEDS: D9C8D1A       1       0       0       0       0   181CD    3039       0       0
  249999993                     7                     7             2.8607342E-05         1.0000000E+30                 0       
 NEXT SEEDS: D9C8D1E       1       0       0       0       0   181CD    3039       0       0
  249999994                     6                     6             2.8607342E-05         1.0000000E+30                 0       
 NEXT SEEDS: D9C8D22       1       0       0       0       0   181CD    3039       0       0
  249999995                     5                     5             2.8607342E-05         1.0000000E+30                 0       
 NEXT SEEDS: D9C8D26       1       0       0       0       0   181CD    3039       0       0
  249999996                     4                     4             2.8607344E-05         1.0000000E+30                 0       
 NEXT SEEDS: D9C8D2A       1       0       0       0       0   181CD    3039       0       0
  249999997                     3                     3             2.8607343E-05         1.0000000E+30                 0       
 NEXT SEEDS: D9C8D2E       1       0       0       0       0   181CD    3039       0       0
  249999998                     2                     2             2.8607343E-05         1.0000000E+30                 0       
 NEXT SEEDS: D9C8D32       1       0       0       0       0   181CD    3039       0       0
  249999999                     1                     1             2.8607345E-05         1.0000000E+30                 0       
 NEXT SEEDS: D9C8D36       1       0       0       0       0   181CD    3039       0       0
  250000000                     0                     1             2.8607345E-05         1.0000000E+30                 0       
 NEXT SEEDS: D9C8D3A       1       0       0       0       0   181CD    3039       0       0
