1NUMBER OF BEAM       NUMBER OF BEAM        APPROXIMATE NUMBER    AVERAGE TIME USED     TIME LEFT (RESERVED   NUMBER OF STARS
 PARTICLES HANDLED    PARTICLES LEFT        OF BEAM PARTICLES     BY A BEAM PARTICLE     10000.0 SECONDS      CREATED
                                            THAT CAN STILL BE                           FOR PRINTOUT)
                                            HANDLED

 NEXT SEEDS:       0       0       0       0       0       0   181CD    3039       0       0
          1             249999999             249999999             8.9883804E-05         1.0000000E+30                 0       
 NEXT SEEDS:       4       0       0       0       0       0   181CD    3039       0       0
    5000000             245000000             245000000             2.7939870E-05         1.0000000E+30                 0       
 NEXT SEEDS: 1770008       0       0       0       0       0   181CD    3039       0       0
   10000000             240000000             240000000             2.7950248E-05         1.0000000E+30                 0       
 NEXT SEEDS: 2EE13CE       0       0       0       0       0   181CD    3039       0       0
   15000000             235000000             235000000             2.7979658E-05         1.0000000E+30                 0       
 NEXT SEEDS: 4654F3C       0       0       0       0       0   181CD    3039       0       0
   20000000             230000000             230000000             2.7982990E-05         1.0000000E+30                 0       
 NEXT SEEDS: 5DC819A       0       0       0       0       0   181CD    3039       0       0
   25000000             225000000             225000000             2.7995796E-05         1.0000000E+30                 0       
 NEXT SEEDS: 753B837       0       0       0       0       0   181CD    3039       0       0
   30000000             220000000             220000000             2.7990025E-05         1.0000000E+30                 0       
 NEXT SEEDS: 8CABE6C       0       0       0       0       0   181CD    3039       0       0
   35000000             215000000             215000000             2.7986463E-05         1.0000000E+30                 0       
 NEXT SEEDS: A41CCFD       0       0       0       0       0   181CD    3039       0       0
   40000000             210000000             210000000             2.7986305E-05         1.0000000E+30                 0       
 NEXT SEEDS: BB8F835       0       0       0       0       0   181CD    3039       0       0
   45000000             205000000             205000000             2.7981089E-05         1.0000000E+30                 0       
 NEXT SEEDS: D3009D0       0       0       0       0       0   181CD    3039       0       0
   50000000             200000000             200000000             2.8020834E-05         1.0000000E+30                 0       
 NEXT SEEDS: EA723CC       0       0       0       0       0   181CD    3039       0       0
   55000000             195000000             195000000             2.8051577E-05         1.0000000E+30                 0       
 NEXT SEEDS:101E0061       0       0       0       0       0   181CD    3039       0       0
   60000000             190000000             190000000             2.8068059E-05         1.0000000E+30                 0       
 NEXT SEEDS:11951299       0       0       0       0       0   181CD    3039       0       0
   65000000             185000000             185000000             2.8063033E-05         1.0000000E+30                 0       
 NEXT SEEDS:130C1B62       0       0       0       0       0   181CD    3039       0       0
   70000000             180000000             180000000             2.8057146E-05         1.0000000E+30                 0       
 NEXT SEEDS:1482FEEE       0       0       0       0       0   181CD    3039       0       0
   75000000             175000000             175000000             2.8053901E-05         1.0000000E+30                 0       
 NEXT SEEDS:15FA03E8       0       0       0       0       0   181CD    3039       0       0
   80000000             170000000             170000000             2.8046812E-05         1.0000000E+30                 0       
 NEXT SEEDS:177104C7       0       0       0       0       0   181CD    3039       0       0
  *** Emfgeo: Ncoun  2000000000
   85000000             165000000             165000000             2.8041881E-05         1.0000000E+30                 0       
 NEXT SEEDS:18E82CEE       0       0       0       0       0   181CD    3039       0       0
   90000000             160000000             160000000             2.8039885E-05         1.0000000E+30                 0       
 NEXT SEEDS:1A5F4C6C       0       0       0       0       0   181CD    3039       0       0
   95000000             155000000             155000000             2.8038259E-05         1.0000000E+30                 0       
 NEXT SEEDS:1BD65A89       0       0       0       0       0   181CD    3039       0       0
  100000000             150000000             150000000             2.8036802E-05         1.0000000E+30                 0       
 NEXT SEEDS:1D4D8966       0       0       0       0       0   181CD    3039       0       0
  105000000             145000000             145000000             2.8031906E-05         1.0000000E+30                 0       
 NEXT SEEDS:1EC4C58C       0       0       0       0       0   181CD    3039       0       0
  110000000             140000000             140000000             2.8028390E-05         1.0000000E+30                 0       
 NEXT SEEDS:203C01D2       0       0       0       0       0   181CD    3039       0       0
  115000000             135000000             135000000             2.8025336E-05         1.0000000E+30                 0       
 NEXT SEEDS:21B3287A       0       0       0       0       0   181CD    3039       0       0
  120000000             130000000             130000000             2.8018862E-05         1.0000000E+30                 0       
 NEXT SEEDS:2329DEA6       0       0       0       0       0   181CD    3039       0       0
  125000000             125000000             125000000             2.8016934E-05         1.0000000E+30                 0       
 NEXT SEEDS:24A11630       0       0       0       0       0   181CD    3039       0       0
  130000000             120000000             120000000             2.8013162E-05         1.0000000E+30                 0       
 NEXT SEEDS:26185101       0       0       0       0       0   181CD    3039       0       0
  135000000             115000000             115000000             2.8012967E-05         1.0000000E+30                 0       
 NEXT SEEDS:278F9A1A       0       0       0       0       0   181CD    3039       0       0
  140000000             110000000             110000000             2.8013018E-05         1.0000000E+30                 0       
 NEXT SEEDS:2906AD59       0       0       0       0       0   181CD    3039       0       0
  145000000             105000000             105000000             2.8012985E-05         1.0000000E+30                 0       
 NEXT SEEDS:2A7DE719       0       0       0       0       0   181CD    3039       0       0
  150000000             100000000             100000000             2.8009605E-05         1.0000000E+30                 0       
 NEXT SEEDS:2BF4A583       0       0       0       0       0   181CD    3039       0       0
  155000000              95000000              95000000             2.8007424E-05         1.0000000E+30                 0       
 NEXT SEEDS:2D6BC329       0       0       0       0       0   181CD    3039       0       0
  160000000              90000000              90000000             2.8007656E-05         1.0000000E+30                 0       
 NEXT SEEDS:2EE2E1E4       0       0       0       0       0   181CD    3039       0       0
  *** Emfgeo: Ncoun  2000000000
  165000000              85000000              85000000             2.8005394E-05         1.0000000E+30                 0       
 NEXT SEEDS:305A2D4F       0       0       0       0       0   181CD    3039       0       0
  170000000              80000000              80000000             2.8006361E-05         1.0000000E+30                 0       
 NEXT SEEDS:31D161E2       0       0       0       0       0   181CD    3039       0       0
  175000000              75000000              75000000             2.8006132E-05         1.0000000E+30                 0       
 NEXT SEEDS:33488F66       0       0       0       0       0   181CD    3039       0       0
  180000000              70000000              70000000             2.8007106E-05         1.0000000E+30                 0       
 NEXT SEEDS:34C01D04       0       0       0       0       0   181CD    3039       0       0
  185000000              65000000              65000000             2.8006510E-05         1.0000000E+30                 0       
 NEXT SEEDS:36373185       0       0       0       0       0   181CD    3039       0       0
  190000000              60000000              60000000             2.8006354E-05         1.0000000E+30                 0       
 NEXT SEEDS:37AE41AD       0       0       0       0       0   181CD    3039       0       0
  195000000              55000000              55000000             2.8006011E-05         1.0000000E+30                 0       
 NEXT SEEDS:39253E5F       0       0       0       0       0   181CD    3039       0       0
  200000000              50000000              50000000             2.8005082E-05         1.0000000E+30                 0       
 NEXT SEEDS:3A9C752D       0       0       0       0       0   181CD    3039       0       0
  205000000              45000000              45000000             2.8004680E-05         1.0000000E+30                 0       
 NEXT SEEDS:  78A481       1       0       0       0       0   181CD    3039       0       0
  210000000              40000000              40000000             2.8004377E-05         1.0000000E+30                 0       
 NEXT SEEDS: 1EFCC4D       1       0       0       0       0   181CD    3039       0       0
  215000000              35000000              35000000             2.8003728E-05         1.0000000E+30                 0       
 NEXT SEEDS: 366B4DE       1       0       0       0       0   181CD    3039       0       0
  220000000              30000000              30000000             2.8003406E-05         1.0000000E+30                 0       
 NEXT SEEDS: 4DE26C4       1       0       0       0       0   181CD    3039       0       0
  225000000              25000000              25000000             2.8001957E-05         1.0000000E+30                 0       
 NEXT SEEDS: 6555787       1       0       0       0       0   181CD    3039       0       0
  230000000              20000000              20000000             2.8001666E-05         1.0000000E+30                 0       
 NEXT SEEDS: 7CC3C67       1       0       0       0       0   181CD    3039       0       0
  235000000              15000000              15000000             2.8001857E-05         1.0000000E+30                 0       
 NEXT SEEDS: 9435F51       1       0       0       0       0   181CD    3039       0       0
  240000000              10000000              10000000             2.8001092E-05         1.0000000E+30                 0       
 NEXT SEEDS: ABA46ED       1       0       0       0       0   181CD    3039       0       0
  *** Emfgeo: Ncoun  2000000000
  245000000               5000000               5000000             2.8001500E-05         1.0000000E+30                 0       
 NEXT SEEDS: C317860       1       0       0       0       0   181CD    3039       0       0
  249999950                    50                    50             2.8001687E-05         1.0000000E+30                 0       
 NEXT SEEDS: DA8B6BD       1       0       0       0       0   181CD    3039       0       0
  249999951                    49                    49             2.8001688E-05         1.0000000E+30                 0       
 NEXT SEEDS: DA8B6C1       1       0       0       0       0   181CD    3039       0       0
  249999952                    48                    48             2.8001688E-05         1.0000000E+30                 0       
 NEXT SEEDS: DA8B6C5       1       0       0       0       0   181CD    3039       0       0
  249999953                    47                    47             2.8001690E-05         1.0000000E+30                 0       
 NEXT SEEDS: DA8B6C9       1       0       0       0       0   181CD    3039       0       0
  249999954                    46                    46             2.8001690E-05         1.0000000E+30                 0       
 NEXT SEEDS: DA8B6CD       1       0       0       0       0   181CD    3039       0       0
  249999955                    45                    45             2.8001690E-05         1.0000000E+30                 0       
 NEXT SEEDS: DA8B6D1       1       0       0       0       0   181CD    3039       0       0
  249999956                    44                    44             2.8001692E-05         1.0000000E+30                 0       
 NEXT SEEDS: DA8B6D5       1       0       0       0       0   181CD    3039       0       0
  249999957                    43                    43             2.8001692E-05         1.0000000E+30                 0       
 NEXT SEEDS: DA8B6D9       1       0       0       0       0   181CD    3039       0       0
  249999958                    42                    42             2.8001692E-05         1.0000000E+30                 0       
 NEXT SEEDS: DA8B6DD       1       0       0       0       0   181CD    3039       0       0
  249999959                    41                    41             2.8001693E-05         1.0000000E+30                 0       
 NEXT SEEDS: DA8B6E1       1       0       0       0       0   181CD    3039       0       0
  249999960                    40                    40             2.8001693E-05         1.0000000E+30                 0       
 NEXT SEEDS: DA8B6E5       1       0       0       0       0   181CD    3039       0       0
  249999961                    39                    39             2.8001693E-05         1.0000000E+30                 0       
 NEXT SEEDS: DA8B6E9       1       0       0       0       0   181CD    3039       0       0
  249999962                    38                    38             2.8001695E-05         1.0000000E+30                 0       
 NEXT SEEDS: DA8B6ED       1       0       0       0       0   181CD    3039       0       0
  249999963                    37                    37             2.8001695E-05         1.0000000E+30                 0       
 NEXT SEEDS: DA8B6F1       1       0       0       0       0   181CD    3039       0       0
  249999964                    36                    36             2.8001695E-05         1.0000000E+30                 0       
 NEXT SEEDS: DA8B6F5       1       0       0       0       0   181CD    3039       0       0
  249999965                    35                    35             2.8001695E-05         1.0000000E+30                 0       
 NEXT SEEDS: DA8B6F9       1       0       0       0       0   181CD    3039       0       0
  249999966                    34                    34             2.8001695E-05         1.0000000E+30                 0       
 NEXT SEEDS: DA8B6FD       1       0       0       0       0   181CD    3039       0       0
  249999967                    33                    33             2.8001694E-05         1.0000000E+30                 0       
 NEXT SEEDS: DA8B701       1       0       0       0       0   181CD    3039       0       0
  249999968                    32                    32             2.8001694E-05         1.0000000E+30                 0       
 NEXT SEEDS: DA8B705       1       0       0       0       0   181CD    3039       0       0
  249999969                    31                    31             2.8001694E-05         1.0000000E+30                 0       
 NEXT SEEDS: DA8B709       1       0       0       0       0   181CD    3039       0       0
  249999970                    30                    30             2.8001696E-05         1.0000000E+30                 0       
 NEXT SEEDS: DA8B70D       1       0       0       0       0   181CD    3039       0       0
  249999971                    29                    29             2.8001696E-05         1.0000000E+30                 0       
 NEXT SEEDS: DA8B711       1       0       0       0       0   181CD    3039       0       0
  249999972                    28                    28             2.8001696E-05         1.0000000E+30                 0       
 NEXT SEEDS: DA8B715       1       0       0       0       0   181CD    3039       0       0
  249999973                    27                    27             2.8001698E-05         1.0000000E+30                 0       
 NEXT SEEDS: DA8B719       1       0       0       0       0   181CD    3039       0       0
  249999974                    26                    26             2.8001698E-05         1.0000000E+30                 0       
 NEXT SEEDS: DA8B71D       1       0       0       0       0   181CD    3039       0       0
  249999975                    25                    25             2.8001697E-05         1.0000000E+30                 0       
 NEXT SEEDS: DA8B721       1       0       0       0       0   181CD    3039       0       0
  249999976                    24                    24             2.8001697E-05         1.0000000E+30                 0       
 NEXT SEEDS: DA8B725       1       0       0       0       0   181CD    3039       0       0
  249999977                    23                    23             2.8001697E-05         1.0000000E+30                 0       
 NEXT SEEDS: DA8B729       1       0       0       0       0   181CD    3039       0       0
  249999978                    22                    22             2.8001697E-05         1.0000000E+30                 0       
 NEXT SEEDS: DA8B72F       1       0       0       0       0   181CD    3039       0       0
  249999979                    21                    21             2.8001697E-05         1.0000000E+30                 0       
 NEXT SEEDS: DA8B733       1       0       0       0       0   181CD    3039       0       0
  249999980                    20                    20             2.8001699E-05         1.0000000E+30                 0       
 NEXT SEEDS: DA8B737       1       0       0       0       0   181CD    3039       0       0
  249999981                    19                    19             2.8001699E-05         1.0000000E+30                 0       
 NEXT SEEDS: DA8B73B       1       0       0       0       0   181CD    3039       0       0
  249999982                    18                    18             2.8001699E-05         1.0000000E+30                 0       
 NEXT SEEDS: DA8B73F       1       0       0       0       0   181CD    3039       0       0
  249999983                    17                    17             2.8001698E-05         1.0000000E+30                 0       
 NEXT SEEDS: DA8B743       1       0       0       0       0   181CD    3039       0       0
  249999984                    16                    16             2.8001698E-05         1.0000000E+30                 0       
 NEXT SEEDS: DA8B747       1       0       0       0       0   181CD    3039       0       0
  249999985                    15                    15             2.8001698E-05         1.0000000E+30                 0       
 NEXT SEEDS: DA8B74B       1       0       0       0       0   181CD    3039       0       0
  249999986                    14                    14             2.8001698E-05         1.0000000E+30                 0       
 NEXT SEEDS: DA8B75C       1       0       0       0       0   181CD    3039       0       0
  249999987                    13                    13             2.8001700E-05         1.0000000E+30                 0       
 NEXT SEEDS: DA8B760       1       0       0       0       0   181CD    3039       0       0
  249999988                    12                    12             2.8001700E-05         1.0000000E+30                 0       
 NEXT SEEDS: DA8B764       1       0       0       0       0   181CD    3039       0       0
  249999989                    11                    11             2.8001700E-05         1.0000000E+30                 0       
 NEXT SEEDS: DA8B768       1       0       0       0       0   181CD    3039       0       0
  249999990                    10                    10             2.8001700E-05         1.0000000E+30                 0       
 NEXT SEEDS: DA8B76C       1       0       0       0       0   181CD    3039       0       0
  249999991                     9                     9             2.8001700E-05         1.0000000E+30                 0       
 NEXT SEEDS: DA8B770       1       0       0       0       0   181CD    3039       0       0
  249999992                     8                     8             2.8001699E-05         1.0000000E+30                 0       
 NEXT SEEDS: DA8B774       1       0       0       0       0   181CD    3039       0       0
  249999993                     7                     7             2.8001699E-05         1.0000000E+30                 0       
 NEXT SEEDS: DA8B778       1       0       0       0       0   181CD    3039       0       0
  249999994                     6                     6             2.8001699E-05         1.0000000E+30                 0       
 NEXT SEEDS: DA8B77C       1       0       0       0       0   181CD    3039       0       0
  249999995                     5                     5             2.8001701E-05         1.0000000E+30                 0       
 NEXT SEEDS: DA8B780       1       0       0       0       0   181CD    3039       0       0
  249999996                     4                     4             2.8001701E-05         1.0000000E+30                 0       
 NEXT SEEDS: DA8B784       1       0       0       0       0   181CD    3039       0       0
  249999997                     3                     3             2.8001701E-05         1.0000000E+30                 0       
 NEXT SEEDS: DA8B788       1       0       0       0       0   181CD    3039       0       0
  249999998                     2                     2             2.8001703E-05         1.0000000E+30                 0       
 NEXT SEEDS: DA8B78C       1       0       0       0       0   181CD    3039       0       0
  249999999                     1                     1             2.8001703E-05         1.0000000E+30                 0       
 NEXT SEEDS: DA8B792       1       0       0       0       0   181CD    3039       0       0
  250000000                     0                     1             2.8001704E-05         1.0000000E+30                 0       
 NEXT SEEDS: DA8B796       1       0       0       0       0   181CD    3039       0       0
