1NUMBER OF BEAM       NUMBER OF BEAM        APPROXIMATE NUMBER    AVERAGE TIME USED     TIME LEFT (RESERVED   NUMBER OF STARS
 PARTICLES HANDLED    PARTICLES LEFT        OF BEAM PARTICLES     BY A BEAM PARTICLE     10000.0 SECONDS      CREATED
                                            THAT CAN STILL BE                           FOR PRINTOUT)
                                            HANDLED

 NEXT SEEDS:       0       0       0       0       0       0   181CD    3039       0       0
          1             249999999             249999999             7.7009201E-05         1.0000000E+30                 0       
 NEXT SEEDS:       4       0       0       0       0       0   181CD    3039       0       0
    5000000             245000000             245000000             2.8685900E-05         1.0000000E+30                 0       
 NEXT SEEDS: 176FE50       0       0       0       0       0   181CD    3039       0       0
   10000000             240000000             240000000             2.8719110E-05         1.0000000E+30                 0       
 NEXT SEEDS: 2EE4DB4       0       0       0       0       0   181CD    3039       0       0
   15000000             235000000             235000000             2.8724444E-05         1.0000000E+30                 0       
 NEXT SEEDS: 4658A6C       0       0       0       0       0   181CD    3039       0       0
   20000000             230000000             230000000             2.8697567E-05         1.0000000E+30                 0       
 NEXT SEEDS: 5DC4193       0       0       0       0       0   181CD    3039       0       0
   25000000             225000000             225000000             2.8699573E-05         1.0000000E+30                 0       
 NEXT SEEDS: 7531F32       0       0       0       0       0   181CD    3039       0       0
   30000000             220000000             220000000             2.8702848E-05         1.0000000E+30                 0       
 NEXT SEEDS: 8CA215B       0       0       0       0       0   181CD    3039       0       0
   35000000             215000000             215000000             2.8704398E-05         1.0000000E+30                 0       
 NEXT SEEDS: A411DB0       0       0       0       0       0   181CD    3039       0       0
   40000000             210000000             210000000             2.8707394E-05         1.0000000E+30                 0       
 NEXT SEEDS: BB84869       0       0       0       0       0   181CD    3039       0       0
   45000000             205000000             205000000             2.8708664E-05         1.0000000E+30                 0       
 NEXT SEEDS: D2F5538       0       0       0       0       0   181CD    3039       0       0
   50000000             200000000             200000000             2.8708347E-05         1.0000000E+30                 0       
 NEXT SEEDS: EA68900       0       0       0       0       0   181CD    3039       0       0
   55000000             195000000             195000000             2.8708006E-05         1.0000000E+30                 0       
 NEXT SEEDS:101D8610       0       0       0       0       0   181CD    3039       0       0
   60000000             190000000             190000000             2.8710545E-05         1.0000000E+30                 0       
 NEXT SEEDS:1194E0BF       0       0       0       0       0   181CD    3039       0       0
   65000000             185000000             185000000             2.8713028E-05         1.0000000E+30                 0       
 NEXT SEEDS:130BE0F7       0       0       0       0       0   181CD    3039       0       0
   70000000             180000000             180000000             2.8707912E-05         1.0000000E+30                 0       
 NEXT SEEDS:1482E837       0       0       0       0       0   181CD    3039       0       0
   75000000             175000000             175000000             2.8703301E-05         1.0000000E+30                 0       
 NEXT SEEDS:15F9F451       0       0       0       0       0   181CD    3039       0       0
   80000000             170000000             170000000             2.8704028E-05         1.0000000E+30                 0       
 NEXT SEEDS:17713029       0       0       0       0       0   181CD    3039       0       0
  *** Emfgeo: Ncoun  2000000000
   85000000             165000000             165000000             2.8701450E-05         1.0000000E+30                 0       
 NEXT SEEDS:18E83492       0       0       0       0       0   181CD    3039       0       0
   90000000             160000000             160000000             2.8700214E-05         1.0000000E+30                 0       
 NEXT SEEDS:1A5F8258       0       0       0       0       0   181CD    3039       0       0
   95000000             155000000             155000000             2.8697150E-05         1.0000000E+30                 0       
 NEXT SEEDS:1BD6967C       0       0       0       0       0   181CD    3039       0       0
  100000000             150000000             150000000             2.8697109E-05         1.0000000E+30                 0       
 NEXT SEEDS:1D4DAD5E       0       0       0       0       0   181CD    3039       0       0
  105000000             145000000             145000000             2.8696038E-05         1.0000000E+30                 0       
 NEXT SEEDS:1EC4BE3B       0       0       0       0       0   181CD    3039       0       0
  110000000             140000000             140000000             2.8691750E-05         1.0000000E+30                 0       
 NEXT SEEDS:203B72E5       0       0       0       0       0   181CD    3039       0       0
  115000000             135000000             135000000             2.8688564E-05         1.0000000E+30                 0       
 NEXT SEEDS:21B26401       0       0       0       0       0   181CD    3039       0       0
  120000000             130000000             130000000             2.8685929E-05         1.0000000E+30                 0       
 NEXT SEEDS:232906DC       0       0       0       0       0   181CD    3039       0       0
  125000000             125000000             125000000             2.8686775E-05         1.0000000E+30                 0       
 NEXT SEEDS:249FF5DE       0       0       0       0       0   181CD    3039       0       0
  130000000             120000000             120000000             2.8684200E-05         1.0000000E+30                 0       
 NEXT SEEDS:2616F192       0       0       0       0       0   181CD    3039       0       0
  135000000             115000000             115000000             2.8684279E-05         1.0000000E+30                 0       
 NEXT SEEDS:278E18A6       0       0       0       0       0   181CD    3039       0       0
  140000000             110000000             110000000             2.8682493E-05         1.0000000E+30                 0       
 NEXT SEEDS:29053450       0       0       0       0       0   181CD    3039       0       0
  145000000             105000000             105000000             2.8683558E-05         1.0000000E+30                 0       
 NEXT SEEDS:2A7C25F4       0       0       0       0       0   181CD    3039       0       0
  150000000             100000000             100000000             2.8682703E-05         1.0000000E+30                 0       
 NEXT SEEDS:2BF334B7       0       0       0       0       0   181CD    3039       0       0
  155000000              95000000              95000000             2.8681456E-05         1.0000000E+30                 0       
 NEXT SEEDS:2D6A4979       0       0       0       0       0   181CD    3039       0       0
  160000000              90000000              90000000             2.8679808E-05         1.0000000E+30                 0       
 NEXT SEEDS:2EE134F1       0       0       0       0       0   181CD    3039       0       0
  *** Emfgeo: Ncoun  2000000000
  165000000              85000000              85000000             2.8677144E-05         1.0000000E+30                 0       
 NEXT SEEDS:30586236       0       0       0       0       0   181CD    3039       0       0
  170000000              80000000              80000000             2.8675872E-05         1.0000000E+30                 0       
 NEXT SEEDS:31CF761B       0       0       0       0       0   181CD    3039       0       0
  175000000              75000000              75000000             2.8673922E-05         1.0000000E+30                 0       
 NEXT SEEDS:33466C89       0       0       0       0       0   181CD    3039       0       0
  180000000              70000000              70000000             2.8670688E-05         1.0000000E+30                 0       
 NEXT SEEDS:34BD3CE3       0       0       0       0       0   181CD    3039       0       0
  185000000              65000000              65000000             2.8667891E-05         1.0000000E+30                 0       
 NEXT SEEDS:3634040F       0       0       0       0       0   181CD    3039       0       0
  190000000              60000000              60000000             2.8668173E-05         1.0000000E+30                 0       
 NEXT SEEDS:37AAFA14       0       0       0       0       0   181CD    3039       0       0
  195000000              55000000              55000000             2.8668551E-05         1.0000000E+30                 0       
 NEXT SEEDS:3922105E       0       0       0       0       0   181CD    3039       0       0
  200000000              50000000              50000000             2.8668490E-05         1.0000000E+30                 0       
 NEXT SEEDS:3A993223       0       0       0       0       0   181CD    3039       0       0
  205000000              45000000              45000000             2.8669106E-05         1.0000000E+30                 0       
 NEXT SEEDS:  7557C1       1       0       0       0       0   181CD    3039       0       0
  210000000              40000000              40000000             2.8669660E-05         1.0000000E+30                 0       
 NEXT SEEDS: 1EC0DF4       1       0       0       0       0   181CD    3039       0       0
  215000000              35000000              35000000             2.8670055E-05         1.0000000E+30                 0       
 NEXT SEEDS: 362EF69       1       0       0       0       0   181CD    3039       0       0
  220000000              30000000              30000000             2.8670536E-05         1.0000000E+30                 0       
 NEXT SEEDS: 4D9FF9B       1       0       0       0       0   181CD    3039       0       0
  225000000              25000000              25000000             2.8669558E-05         1.0000000E+30                 0       
 NEXT SEEDS: 650E9A4       1       0       0       0       0   181CD    3039       0       0
  230000000              20000000              20000000             2.8668838E-05         1.0000000E+30                 0       
 NEXT SEEDS: 7C7F8DE       1       0       0       0       0   181CD    3039       0       0
  235000000              15000000              15000000             2.8670941E-05         1.0000000E+30                 0       
 NEXT SEEDS: 93F0121       1       0       0       0       0   181CD    3039       0       0
  240000000              10000000              10000000             2.8671235E-05         1.0000000E+30                 0       
 NEXT SEEDS: AB62ED0       1       0       0       0       0   181CD    3039       0       0
  *** Emfgeo: Ncoun  2000000000
  245000000               5000000               5000000             2.8671914E-05         1.0000000E+30                 0       
 NEXT SEEDS: C2D2CEE       1       0       0       0       0   181CD    3039       0       0
  249999950                    50                    50             2.8671973E-05         1.0000000E+30                 0       
 NEXT SEEDS: DA4632C       1       0       0       0       0   181CD    3039       0       0
  249999951                    49                    49             2.8671973E-05         1.0000000E+30                 0       
 NEXT SEEDS: DA46330       1       0       0       0       0   181CD    3039       0       0
  249999952                    48                    48             2.8671975E-05         1.0000000E+30                 0       
 NEXT SEEDS: DA46334       1       0       0       0       0   181CD    3039       0       0
  249999953                    47                    47             2.8671975E-05         1.0000000E+30                 0       
 NEXT SEEDS: DA46338       1       0       0       0       0   181CD    3039       0       0
  249999954                    46                    46             2.8671977E-05         1.0000000E+30                 0       
 NEXT SEEDS: DA4633E       1       0       0       0       0   181CD    3039       0       0
  249999955                    45                    45             2.8671977E-05         1.0000000E+30                 0       
 NEXT SEEDS: DA46342       1       0       0       0       0   181CD    3039       0       0
  249999956                    44                    44             2.8671977E-05         1.0000000E+30                 0       
 NEXT SEEDS: DA46346       1       0       0       0       0   181CD    3039       0       0
  249999957                    43                    43             2.8671977E-05         1.0000000E+30                 0       
 NEXT SEEDS: DA4634A       1       0       0       0       0   181CD    3039       0       0
  249999958                    42                    42             2.8671976E-05         1.0000000E+30                 0       
 NEXT SEEDS: DA4634E       1       0       0       0       0   181CD    3039       0       0
  249999959                    41                    41             2.8671976E-05         1.0000000E+30                 0       
 NEXT SEEDS: DA46352       1       0       0       0       0   181CD    3039       0       0
  249999960                    40                    40             2.8671976E-05         1.0000000E+30                 0       
 NEXT SEEDS: DA46356       1       0       0       0       0   181CD    3039       0       0
  249999961                    39                    39             2.8671976E-05         1.0000000E+30                 0       
 NEXT SEEDS: DA4635A       1       0       0       0       0   181CD    3039       0       0
  249999962                    38                    38             2.8671978E-05         1.0000000E+30                 0       
 NEXT SEEDS: DA4635E       1       0       0       0       0   181CD    3039       0       0
  249999963                    37                    37             2.8671978E-05         1.0000000E+30                 0       
 NEXT SEEDS: DA46362       1       0       0       0       0   181CD    3039       0       0
  249999964                    36                    36             2.8671978E-05         1.0000000E+30                 0       
 NEXT SEEDS: DA46366       1       0       0       0       0   181CD    3039       0       0
  249999965                    35                    35             2.8671978E-05         1.0000000E+30                 0       
 NEXT SEEDS: DA4636A       1       0       0       0       0   181CD    3039       0       0
  249999966                    34                    34             2.8671978E-05         1.0000000E+30                 0       
 NEXT SEEDS: DA4636E       1       0       0       0       0   181CD    3039       0       0
  249999967                    33                    33             2.8671977E-05         1.0000000E+30                 0       
 NEXT SEEDS: DA46372       1       0       0       0       0   181CD    3039       0       0
  249999968                    32                    32             2.8671977E-05         1.0000000E+30                 0       
 NEXT SEEDS: DA46376       1       0       0       0       0   181CD    3039       0       0
  249999969                    31                    31             2.8671979E-05         1.0000000E+30                 0       
 NEXT SEEDS: DA4637A       1       0       0       0       0   181CD    3039       0       0
  249999970                    30                    30             2.8671979E-05         1.0000000E+30                 0       
 NEXT SEEDS: DA46391       1       0       0       0       0   181CD    3039       0       0
  249999971                    29                    29             2.8671981E-05         1.0000000E+30                 0       
 NEXT SEEDS: DA46395       1       0       0       0       0   181CD    3039       0       0
  249999972                    28                    28             2.8671981E-05         1.0000000E+30                 0       
 NEXT SEEDS: DA46399       1       0       0       0       0   181CD    3039       0       0
  249999973                    27                    27             2.8671981E-05         1.0000000E+30                 0       
 NEXT SEEDS: DA4639D       1       0       0       0       0   181CD    3039       0       0
  249999974                    26                    26             2.8671982E-05         1.0000000E+30                 0       
 NEXT SEEDS: DA463B3       1       0       0       0       0   181CD    3039       0       0
  249999975                    25                    25             2.8671984E-05         1.0000000E+30                 0       
 NEXT SEEDS: DA463B7       1       0       0       0       0   181CD    3039       0       0
  249999976                    24                    24             2.8671984E-05         1.0000000E+30                 0       
 NEXT SEEDS: DA463BB       1       0       0       0       0   181CD    3039       0       0
  249999977                    23                    23             2.8671986E-05         1.0000000E+30                 0       
 NEXT SEEDS: DA463BF       1       0       0       0       0   181CD    3039       0       0
  249999978                    22                    22             2.8671986E-05         1.0000000E+30                 0       
 NEXT SEEDS: DA463C3       1       0       0       0       0   181CD    3039       0       0
  249999979                    21                    21             2.8671988E-05         1.0000000E+30                 0       
 NEXT SEEDS: DA463C7       1       0       0       0       0   181CD    3039       0       0
  249999980                    20                    20             2.8671988E-05         1.0000000E+30                 0       
 NEXT SEEDS: DA463CB       1       0       0       0       0   181CD    3039       0       0
  249999981                    19                    19             2.8671988E-05         1.0000000E+30                 0       
 NEXT SEEDS: DA463CF       1       0       0       0       0   181CD    3039       0       0
  249999982                    18                    18             2.8671989E-05         1.0000000E+30                 0       
 NEXT SEEDS: DA463D3       1       0       0       0       0   181CD    3039       0       0
  249999983                    17                    17             2.8671991E-05         1.0000000E+30                 0       
 NEXT SEEDS: DA463D7       1       0       0       0       0   181CD    3039       0       0
  249999984                    16                    16             2.8671991E-05         1.0000000E+30                 0       
 NEXT SEEDS: DA463DB       1       0       0       0       0   181CD    3039       0       0
  249999985                    15                    15             2.8671991E-05         1.0000000E+30                 0       
 NEXT SEEDS: DA463DF       1       0       0       0       0   181CD    3039       0       0
  249999986                    14                    14             2.8671993E-05         1.0000000E+30                 0       
 NEXT SEEDS: DA463E3       1       0       0       0       0   181CD    3039       0       0
  249999987                    13                    13             2.8671993E-05         1.0000000E+30                 0       
 NEXT SEEDS: DA463E7       1       0       0       0       0   181CD    3039       0       0
  249999988                    12                    12             2.8671993E-05         1.0000000E+30                 0       
 NEXT SEEDS: DA463EB       1       0       0       0       0   181CD    3039       0       0
  249999989                    11                    11             2.8671994E-05         1.0000000E+30                 0       
 NEXT SEEDS: DA463EF       1       0       0       0       0   181CD    3039       0       0
  249999990                    10                    10             2.8671994E-05         1.0000000E+30                 0       
 NEXT SEEDS: DA463F3       1       0       0       0       0   181CD    3039       0       0
  249999991                     9                     9             2.8671994E-05         1.0000000E+30                 0       
 NEXT SEEDS: DA463F7       1       0       0       0       0   181CD    3039       0       0
  249999992                     8                     8             2.8671994E-05         1.0000000E+30                 0       
 NEXT SEEDS: DA463FB       1       0       0       0       0   181CD    3039       0       0
  249999993                     7                     7             2.8671994E-05         1.0000000E+30                 0       
 NEXT SEEDS: DA463FF       1       0       0       0       0   181CD    3039       0       0
  249999994                     6                     6             2.8671994E-05         1.0000000E+30                 0       
 NEXT SEEDS: DA46403       1       0       0       0       0   181CD    3039       0       0
  249999995                     5                     5             2.8671994E-05         1.0000000E+30                 0       
 NEXT SEEDS: DA46407       1       0       0       0       0   181CD    3039       0       0
  249999996                     4                     4             2.8671994E-05         1.0000000E+30                 0       
 NEXT SEEDS: DA4640B       1       0       0       0       0   181CD    3039       0       0
  249999997                     3                     3             2.8671995E-05         1.0000000E+30                 0       
 NEXT SEEDS: DA4640F       1       0       0       0       0   181CD    3039       0       0
  249999998                     2                     2             2.8671995E-05         1.0000000E+30                 0       
 NEXT SEEDS: DA46415       1       0       0       0       0   181CD    3039       0       0
  249999999                     1                     1             2.8671997E-05         1.0000000E+30                 0       
 NEXT SEEDS: DA46419       1       0       0       0       0   181CD    3039       0       0
  250000000                     0                     1             2.8671997E-05         1.0000000E+30                 0       
 NEXT SEEDS: DA46423       1       0       0       0       0   181CD    3039       0       0
