1NUMBER OF BEAM       NUMBER OF BEAM        APPROXIMATE NUMBER    AVERAGE TIME USED     TIME LEFT (RESERVED   NUMBER OF STARS
 PARTICLES HANDLED    PARTICLES LEFT        OF BEAM PARTICLES     BY A BEAM PARTICLE     10000.0 SECONDS      CREATED
                                            THAT CAN STILL BE                           FOR PRINTOUT)
                                            HANDLED

 NEXT SEEDS:       0       0       0       0       0       0   181CD    3039       0       0
          1             249999999             249999999             7.7009201E-05         1.0000000E+30                 0       
 NEXT SEEDS:       4       0       0       0       0       0   181CD    3039       0       0
    5000000             245000000             245000000             2.7833680E-05         1.0000000E+30                 0       
 NEXT SEEDS: 176C4E9       0       0       0       0       0   181CD    3039       0       0
   10000000             240000000             240000000             2.7786975E-05         1.0000000E+30                 0       
 NEXT SEEDS: 2EDCAE2       0       0       0       0       0   181CD    3039       0       0
   15000000             235000000             235000000             2.7773696E-05         1.0000000E+30                 0       
 NEXT SEEDS: 464C8D9       0       0       0       0       0   181CD    3039       0       0
   20000000             230000000             230000000             2.7754123E-05         1.0000000E+30                 0       
 NEXT SEEDS: 5DB7E21       0       0       0       0       0   181CD    3039       0       0
   25000000             225000000             225000000             2.7738115E-05         1.0000000E+30                 0       
 NEXT SEEDS: 7522B31       0       0       0       0       0   181CD    3039       0       0
 Geofar: Particle in region    58 (cell #    0)
  in position  -2.210521193E+00  9.270125164E+00  3.766100000E-01
  is now causing trouble, requesting a step of  3.971231741E+00 cm
  to direction -1.985033966E-01  3.011905406E-01 -9.326739300E-01
  end position -2.998824182E+00  1.046622260E+01 -3.327254315E+00
  R2:  9.530038012E+00 R3:  9.537476584E+00 cm  error count:  0
  X*U   (2D):  3.230869975E+00 X*U   (3D):  2.879615646E+00 cm
  X*UOLD(2D): -1.425869553E+00 X*UOLD(3D): -1.053881158E+00 cm
  Kloop:   56822114, Irsave:     58, Irsav2:     58, error code:  -3 Nfrom:  5000
  old direction  7.828129116E-02 -1.351467297E-01  9.877284044E-01, lagain, lstnew, lsense, lsnsct  F  F  F  T
  Particle index    7 total energy   5.424857077E-05 GeV  Nsurf    0
 We succeeded in saving the particle:  current region is n.    59 (cell #    0)
   30000000             220000000             220000000             2.7756374E-05         1.0000000E+30                 0       
 NEXT SEEDS: 8C905DC       0       0       0       0       0   181CD    3039       0       0
   35000000             215000000             215000000             2.7751127E-05         1.0000000E+30                 0       
 NEXT SEEDS: A3F94FE       0       0       0       0       0   181CD    3039       0       0
   40000000             210000000             210000000             2.7754263E-05         1.0000000E+30                 0       
 NEXT SEEDS: BB6793D       0       0       0       0       0   181CD    3039       0       0
   45000000             205000000             205000000             2.7752867E-05         1.0000000E+30                 0       
 NEXT SEEDS: D2D9AE1       0       0       0       0       0   181CD    3039       0       0
  Oepsmp-> sampling gave unphysical tail: Z=           1  shell=           1  Function=           3
  Oepsmp: p_sampled/(alpha x elmass)=   12.939999581151502       p_max/(alpha x elmass)=   10.699999999999999     
   50000000             200000000             200000000             2.7758064E-05         1.0000000E+30                 0       
 NEXT SEEDS: EA46CA8       0       0       0       0       0   181CD    3039       0       0
   55000000             195000000             195000000             2.7760092E-05         1.0000000E+30                 0       
 NEXT SEEDS:101B6EC3       0       0       0       0       0   181CD    3039       0       0
   60000000             190000000             190000000             2.7761735E-05         1.0000000E+30                 0       
 NEXT SEEDS:11924CEF       0       0       0       0       0   181CD    3039       0       0
   65000000             185000000             185000000             2.7764023E-05         1.0000000E+30                 0       
 NEXT SEEDS:1309546E       0       0       0       0       0   181CD    3039       0       0
   70000000             180000000             180000000             2.7763508E-05         1.0000000E+30                 0       
 NEXT SEEDS:14803418       0       0       0       0       0   181CD    3039       0       0
   75000000             175000000             175000000             2.7761149E-05         1.0000000E+30                 0       
 NEXT SEEDS:15F710AA       0       0       0       0       0   181CD    3039       0       0
   80000000             170000000             170000000             2.7758664E-05         1.0000000E+30                 0       
 NEXT SEEDS:176DE075       0       0       0       0       0   181CD    3039       0       0
  *** Emfgeo: Ncoun  2000000000
   85000000             165000000             165000000             2.7756477E-05         1.0000000E+30                 0       
 NEXT SEEDS:18E4DCBC       0       0       0       0       0   181CD    3039       0       0
   90000000             160000000             160000000             2.7755509E-05         1.0000000E+30                 0       
 NEXT SEEDS:1A5BB65F       0       0       0       0       0   181CD    3039       0       0
   95000000             155000000             155000000             2.7757635E-05         1.0000000E+30                 0       
 NEXT SEEDS:1BD2767C       0       0       0       0       0   181CD    3039       0       0
  100000000             150000000             150000000             2.7755598E-05         1.0000000E+30                 0       
 NEXT SEEDS:1D49772E       0       0       0       0       0   181CD    3039       0       0
  105000000             145000000             145000000             2.7757375E-05         1.0000000E+30                 0       
 NEXT SEEDS:1EC0A730       0       0       0       0       0   181CD    3039       0       0
  110000000             140000000             140000000             2.7754747E-05         1.0000000E+30                 0       
 NEXT SEEDS:20377DED       0       0       0       0       0   181CD    3039       0       0
  115000000             135000000             135000000             2.7754057E-05         1.0000000E+30                 0       
 NEXT SEEDS:21AE5610       0       0       0       0       0   181CD    3039       0       0
  120000000             130000000             130000000             2.7752749E-05         1.0000000E+30                 0       
 NEXT SEEDS:23251E04       0       0       0       0       0   181CD    3039       0       0
  125000000             125000000             125000000             2.7750389E-05         1.0000000E+30                 0       
 NEXT SEEDS:249BA31B       0       0       0       0       0   181CD    3039       0       0
  130000000             120000000             120000000             2.7750445E-05         1.0000000E+30                 0       
 NEXT SEEDS:26125555       0       0       0       0       0   181CD    3039       0       0
  135000000             115000000             115000000             2.7749580E-05         1.0000000E+30                 0       
 NEXT SEEDS:2789487A       0       0       0       0       0   181CD    3039       0       0
  140000000             110000000             110000000             2.7749376E-05         1.0000000E+30                 0       
 NEXT SEEDS:29002253       0       0       0       0       0   181CD    3039       0       0
  145000000             105000000             105000000             2.7749439E-05         1.0000000E+30                 0       
 NEXT SEEDS:2A76EF6C       0       0       0       0       0   181CD    3039       0       0
  150000000             100000000             100000000             2.7748109E-05         1.0000000E+30                 0       
 NEXT SEEDS:2BEDED3F       0       0       0       0       0   181CD    3039       0       0
  155000000              95000000              95000000             2.7744657E-05         1.0000000E+30                 0       
 NEXT SEEDS:2D64940B       0       0       0       0       0   181CD    3039       0       0
  160000000              90000000              90000000             2.7745935E-05         1.0000000E+30                 0       
 NEXT SEEDS:2EDB6AF1       0       0       0       0       0   181CD    3039       0       0
  *** Emfgeo: Ncoun  2000000000
  165000000              85000000              85000000             2.7745931E-05         1.0000000E+30                 0       
 NEXT SEEDS:30525377       0       0       0       0       0   181CD    3039       0       0
  170000000              80000000              80000000             2.7744276E-05         1.0000000E+30                 0       
 NEXT SEEDS:31C942ED       0       0       0       0       0   181CD    3039       0       0
  175000000              75000000              75000000             2.7742076E-05         1.0000000E+30                 0       
 NEXT SEEDS:33401BBD       0       0       0       0       0   181CD    3039       0       0
  180000000              70000000              70000000             2.7742589E-05         1.0000000E+30                 0       
 NEXT SEEDS:34B6F455       0       0       0       0       0   181CD    3039       0       0
  185000000              65000000              65000000             2.7740768E-05         1.0000000E+30                 0       
 NEXT SEEDS:362DC244       0       0       0       0       0   181CD    3039       0       0
  190000000              60000000              60000000             2.7739083E-05         1.0000000E+30                 0       
 NEXT SEEDS:37A44F94       0       0       0       0       0   181CD    3039       0       0
  195000000              55000000              55000000             2.7740620E-05         1.0000000E+30                 0       
 NEXT SEEDS:391B5B0E       0       0       0       0       0   181CD    3039       0       0
  200000000              50000000              50000000             2.7739138E-05         1.0000000E+30                 0       
 NEXT SEEDS:3A924AD1       0       0       0       0       0   181CD    3039       0       0
  205000000              45000000              45000000             2.7738048E-05         1.0000000E+30                 0       
 NEXT SEEDS:  6E744B       1       0       0       0       0   181CD    3039       0       0
  210000000              40000000              40000000             2.7737433E-05         1.0000000E+30                 0       
 NEXT SEEDS: 1E56154       1       0       0       0       0   181CD    3039       0       0
  215000000              35000000              35000000             2.7737441E-05         1.0000000E+30                 0       
 NEXT SEEDS: 35C1746       1       0       0       0       0   181CD    3039       0       0
  220000000              30000000              30000000             2.7737988E-05         1.0000000E+30                 0       
 NEXT SEEDS: 4D2EE90       1       0       0       0       0   181CD    3039       0       0
  225000000              25000000              25000000             2.7737051E-05         1.0000000E+30                 0       
 NEXT SEEDS: 649CC17       1       0       0       0       0   181CD    3039       0       0
  230000000              20000000              20000000             2.7736672E-05         1.0000000E+30                 0       
 NEXT SEEDS: 7C09D7F       1       0       0       0       0   181CD    3039       0       0
  235000000              15000000              15000000             2.7735711E-05         1.0000000E+30                 0       
 NEXT SEEDS: 937604F       1       0       0       0       0   181CD    3039       0       0
  240000000              10000000              10000000             2.7737006E-05         1.0000000E+30                 0       
 NEXT SEEDS: AAE400C       1       0       0       0       0   181CD    3039       0       0
  *** Emfgeo: Ncoun  2000000000
  245000000               5000000               5000000             2.7738062E-05         1.0000000E+30                 0       
 NEXT SEEDS: C2510BB       1       0       0       0       0   181CD    3039       0       0
  249999950                    50                    50             2.7739142E-05         1.0000000E+30                 0       
 NEXT SEEDS: D9BCF4F       1       0       0       0       0   181CD    3039       0       0
  249999951                    49                    49             2.7739144E-05         1.0000000E+30                 0       
 NEXT SEEDS: D9BCF53       1       0       0       0       0   181CD    3039       0       0
  249999952                    48                    48             2.7739144E-05         1.0000000E+30                 0       
 NEXT SEEDS: D9BCF57       1       0       0       0       0   181CD    3039       0       0
  249999953                    47                    47             2.7739146E-05         1.0000000E+30                 0       
 NEXT SEEDS: D9BCF5D       1       0       0       0       0   181CD    3039       0       0
  249999954                    46                    46             2.7739146E-05         1.0000000E+30                 0       
 NEXT SEEDS: D9BCF61       1       0       0       0       0   181CD    3039       0       0
  249999955                    45                    45             2.7739146E-05         1.0000000E+30                 0       
 NEXT SEEDS: D9BCF65       1       0       0       0       0   181CD    3039       0       0
  249999956                    44                    44             2.7739147E-05         1.0000000E+30                 0       
 NEXT SEEDS: D9BCF69       1       0       0       0       0   181CD    3039       0       0
  249999957                    43                    43             2.7739147E-05         1.0000000E+30                 0       
 NEXT SEEDS: D9BCF6D       1       0       0       0       0   181CD    3039       0       0
  249999958                    42                    42             2.7739147E-05         1.0000000E+30                 0       
 NEXT SEEDS: D9BCF71       1       0       0       0       0   181CD    3039       0       0
  249999959                    41                    41             2.7739147E-05         1.0000000E+30                 0       
 NEXT SEEDS: D9BCF75       1       0       0       0       0   181CD    3039       0       0
  249999960                    40                    40             2.7739147E-05         1.0000000E+30                 0       
 NEXT SEEDS: D9BCF79       1       0       0       0       0   181CD    3039       0       0
  249999961                    39                    39             2.7739147E-05         1.0000000E+30                 0       
 NEXT SEEDS: D9BCF7D       1       0       0       0       0   181CD    3039       0       0
  249999962                    38                    38             2.7739147E-05         1.0000000E+30                 0       
 NEXT SEEDS: D9BCF81       1       0       0       0       0   181CD    3039       0       0
  249999963                    37                    37             2.7739149E-05         1.0000000E+30                 0       
 NEXT SEEDS: D9BCF85       1       0       0       0       0   181CD    3039       0       0
  249999964                    36                    36             2.7739149E-05         1.0000000E+30                 0       
 NEXT SEEDS: D9BCF89       1       0       0       0       0   181CD    3039       0       0
  249999965                    35                    35             2.7739148E-05         1.0000000E+30                 0       
 NEXT SEEDS: D9BCF8D       1       0       0       0       0   181CD    3039       0       0
  249999966                    34                    34             2.7739148E-05         1.0000000E+30                 0       
 NEXT SEEDS: D9BCF91       1       0       0       0       0   181CD    3039       0       0
  249999967                    33                    33             2.7739150E-05         1.0000000E+30                 0       
 NEXT SEEDS: D9BCF97       1       0       0       0       0   181CD    3039       0       0
  249999968                    32                    32             2.7739150E-05         1.0000000E+30                 0       
 NEXT SEEDS: D9BCF9B       1       0       0       0       0   181CD    3039       0       0
  249999969                    31                    31             2.7739150E-05         1.0000000E+30                 0       
 NEXT SEEDS: D9BCF9F       1       0       0       0       0   181CD    3039       0       0
  249999970                    30                    30             2.7739150E-05         1.0000000E+30                 0       
 NEXT SEEDS: D9BCFA3       1       0       0       0       0   181CD    3039       0       0
  249999971                    29                    29             2.7739150E-05         1.0000000E+30                 0       
 NEXT SEEDS: D9BCFA7       1       0       0       0       0   181CD    3039       0       0
  249999972                    28                    28             2.7739150E-05         1.0000000E+30                 0       
 NEXT SEEDS: D9BCFAB       1       0       0       0       0   181CD    3039       0       0
  249999973                    27                    27             2.7739149E-05         1.0000000E+30                 0       
 NEXT SEEDS: D9BCFAF       1       0       0       0       0   181CD    3039       0       0
  249999974                    26                    26             2.7739149E-05         1.0000000E+30                 0       
 NEXT SEEDS: D9BCFB3       1       0       0       0       0   181CD    3039       0       0
  249999975                    25                    25             2.7739151E-05         1.0000000E+30                 0       
 NEXT SEEDS: D9BCFB7       1       0       0       0       0   181CD    3039       0       0
  249999976                    24                    24             2.7739151E-05         1.0000000E+30                 0       
 NEXT SEEDS: D9BCFBB       1       0       0       0       0   181CD    3039       0       0
  249999977                    23                    23             2.7739151E-05         1.0000000E+30                 0       
 NEXT SEEDS: D9BCFBF       1       0       0       0       0   181CD    3039       0       0
  249999978                    22                    22             2.7739153E-05         1.0000000E+30                 0       
 NEXT SEEDS: D9BCFC3       1       0       0       0       0   181CD    3039       0       0
  249999979                    21                    21             2.7739153E-05         1.0000000E+30                 0       
 NEXT SEEDS: D9BCFC7       1       0       0       0       0   181CD    3039       0       0
  249999980                    20                    20             2.7739153E-05         1.0000000E+30                 0       
 NEXT SEEDS: D9BCFCB       1       0       0       0       0   181CD    3039       0       0
  249999981                    19                    19             2.7739154E-05         1.0000000E+30                 0       
 NEXT SEEDS: D9BCFCF       1       0       0       0       0   181CD    3039       0       0
  249999982                    18                    18             2.7739154E-05         1.0000000E+30                 0       
 NEXT SEEDS: D9BCFD3       1       0       0       0       0   181CD    3039       0       0
  249999983                    17                    17             2.7739156E-05         1.0000000E+30                 0       
 NEXT SEEDS: D9BCFD7       1       0       0       0       0   181CD    3039       0       0
  249999984                    16                    16             2.7739156E-05         1.0000000E+30                 0       
 NEXT SEEDS: D9BCFDB       1       0       0       0       0   181CD    3039       0       0
  249999985                    15                    15             2.7739156E-05         1.0000000E+30                 0       
 NEXT SEEDS: D9BCFDF       1       0       0       0       0   181CD    3039       0       0
  249999986                    14                    14             2.7739156E-05         1.0000000E+30                 0       
 NEXT SEEDS: D9BCFE3       1       0       0       0       0   181CD    3039       0       0
  249999987                    13                    13             2.7739158E-05         1.0000000E+30                 0       
 NEXT SEEDS: D9BCFE7       1       0       0       0       0   181CD    3039       0       0
  249999988                    12                    12             2.7739158E-05         1.0000000E+30                 0       
 NEXT SEEDS: D9BCFEB       1       0       0       0       0   181CD    3039       0       0
  249999989                    11                    11             2.7739157E-05         1.0000000E+30                 0       
 NEXT SEEDS: D9BCFEF       1       0       0       0       0   181CD    3039       0       0
  249999990                    10                    10             2.7739159E-05         1.0000000E+30                 0       
 NEXT SEEDS: D9BCFF3       1       0       0       0       0   181CD    3039       0       0
  249999991                     9                     9             2.7739159E-05         1.0000000E+30                 0       
 NEXT SEEDS: D9BCFF7       1       0       0       0       0   181CD    3039       0       0
  249999992                     8                     8             2.7739159E-05         1.0000000E+30                 0       
 NEXT SEEDS: D9BD00D       1       0       0       0       0   181CD    3039       0       0
  249999993                     7                     7             2.7739159E-05         1.0000000E+30                 0       
 NEXT SEEDS: D9BD011       1       0       0       0       0   181CD    3039       0       0
  249999994                     6                     6             2.7739159E-05         1.0000000E+30                 0       
 NEXT SEEDS: D9BD015       1       0       0       0       0   181CD    3039       0       0
  249999995                     5                     5             2.7739159E-05         1.0000000E+30                 0       
 NEXT SEEDS: D9BD019       1       0       0       0       0   181CD    3039       0       0
  249999996                     4                     4             2.7739159E-05         1.0000000E+30                 0       
 NEXT SEEDS: D9BD01D       1       0       0       0       0   181CD    3039       0       0
  249999997                     3                     3             2.7739161E-05         1.0000000E+30                 0       
 NEXT SEEDS: D9BD023       1       0       0       0       0   181CD    3039       0       0
  249999998                     2                     2             2.7739160E-05         1.0000000E+30                 0       
 NEXT SEEDS: D9BD027       1       0       0       0       0   181CD    3039       0       0
  249999999                     1                     1             2.7739160E-05         1.0000000E+30                 0       
 NEXT SEEDS: D9BD02B       1       0       0       0       0   181CD    3039       0       0
  250000000                     0                     1             2.7739162E-05         1.0000000E+30                 0       
 NEXT SEEDS: D9BD02F       1       0       0       0       0   181CD    3039       0       0
