1NUMBER OF BEAM       NUMBER OF BEAM        APPROXIMATE NUMBER    AVERAGE TIME USED     TIME LEFT (RESERVED   NUMBER OF STARS
 PARTICLES HANDLED    PARTICLES LEFT        OF BEAM PARTICLES     BY A BEAM PARTICLE     10000.0 SECONDS      CREATED
                                            THAT CAN STILL BE                           FOR PRINTOUT)
                                            HANDLED

 NEXT SEEDS:       0       0       0       0       0       0   181CD    3039       0       0
          1             249999999             249999999             8.4161758E-05         1.0000000E+30                 0       
 NEXT SEEDS:       4       0       0       0       0       0   181CD    3039       0       0
    5000000             245000000             245000000             2.7867220E-05         1.0000000E+30                 0       
 NEXT SEEDS: 1775502       0       0       0       0       0   181CD    3039       0       0
   10000000             240000000             240000000             2.7832034E-05         1.0000000E+30                 0       
 NEXT SEEDS: 2EE7A50       0       0       0       0       0   181CD    3039       0       0
   15000000             235000000             235000000             2.7813958E-05         1.0000000E+30                 0       
 NEXT SEEDS: 46560FB       0       0       0       0       0   181CD    3039       0       0
   20000000             230000000             230000000             2.7807852E-05         1.0000000E+30                 0       
 NEXT SEEDS: 5DC2E9F       0       0       0       0       0   181CD    3039       0       0
   25000000             225000000             225000000             2.7809516E-05         1.0000000E+30                 0       
 NEXT SEEDS: 75389D8       0       0       0       0       0   181CD    3039       0       0
   30000000             220000000             220000000             2.7807943E-05         1.0000000E+30                 0       
 NEXT SEEDS: 8CA7C84       0       0       0       0       0   181CD    3039       0       0
   35000000             215000000             215000000             2.7809364E-05         1.0000000E+30                 0       
 NEXT SEEDS: A41C38E       0       0       0       0       0   181CD    3039       0       0
   40000000             210000000             210000000             2.7806199E-05         1.0000000E+30                 0       
 NEXT SEEDS: BB8BE50       0       0       0       0       0   181CD    3039       0       0
   45000000             205000000             205000000             2.7816247E-05         1.0000000E+30                 0       
 NEXT SEEDS: D3023E4       0       0       0       0       0   181CD    3039       0       0
   50000000             200000000             200000000             2.7820912E-05         1.0000000E+30                 0       
 NEXT SEEDS: EA7480B       0       0       0       0       0   181CD    3039       0       0
   55000000             195000000             195000000             2.7817828E-05         1.0000000E+30                 0       
 NEXT SEEDS:101DF544       0       0       0       0       0   181CD    3039       0       0
   60000000             190000000             190000000             2.7817695E-05         1.0000000E+30                 0       
 NEXT SEEDS:1194FD7F       0       0       0       0       0   181CD    3039       0       0
   65000000             185000000             185000000             2.7823711E-05         1.0000000E+30                 0       
 NEXT SEEDS:130C3EB8       0       0       0       0       0   181CD    3039       0       0
   70000000             180000000             180000000             2.7824971E-05         1.0000000E+30                 0       
 NEXT SEEDS:148334F5       0       0       0       0       0   181CD    3039       0       0
   75000000             175000000             175000000             2.7829908E-05         1.0000000E+30                 0       
 NEXT SEEDS:15FA8057       0       0       0       0       0   181CD    3039       0       0
   80000000             170000000             170000000             2.7826659E-05         1.0000000E+30                 0       
 NEXT SEEDS:17717483       0       0       0       0       0   181CD    3039       0       0
  *** Emfgeo: Ncoun  2000000000
   85000000             165000000             165000000             2.7823885E-05         1.0000000E+30                 0       
 NEXT SEEDS:18E889DB       0       0       0       0       0   181CD    3039       0       0
   90000000             160000000             160000000             2.7822403E-05         1.0000000E+30                 0       
 NEXT SEEDS:1A5FC7BD       0       0       0       0       0   181CD    3039       0       0
   95000000             155000000             155000000             2.7819913E-05         1.0000000E+30                 0       
 NEXT SEEDS:1BD69CC5       0       0       0       0       0   181CD    3039       0       0
  100000000             150000000             150000000             2.7819504E-05         1.0000000E+30                 0       
 NEXT SEEDS:1D4DF6A8       0       0       0       0       0   181CD    3039       0       0
  105000000             145000000             145000000             2.7821928E-05         1.0000000E+30                 0       
 NEXT SEEDS:1EC53B89       0       0       0       0       0   181CD    3039       0       0
  110000000             140000000             140000000             2.7821632E-05         1.0000000E+30                 0       
 NEXT SEEDS:203C285F       0       0       0       0       0   181CD    3039       0       0
  115000000             135000000             135000000             2.7822367E-05         1.0000000E+30                 0       
 NEXT SEEDS:21B35D8E       0       0       0       0       0   181CD    3039       0       0
  120000000             130000000             130000000             2.7823113E-05         1.0000000E+30                 0       
 NEXT SEEDS:232A6985       0       0       0       0       0   181CD    3039       0       0
  125000000             125000000             125000000             2.7826015E-05         1.0000000E+30                 0       
 NEXT SEEDS:24A16DEA       0       0       0       0       0   181CD    3039       0       0
  130000000             120000000             120000000             2.7824549E-05         1.0000000E+30                 0       
 NEXT SEEDS:26183648       0       0       0       0       0   181CD    3039       0       0
  135000000             115000000             115000000             2.7825000E-05         1.0000000E+30                 0       
 NEXT SEEDS:278F4004       0       0       0       0       0   181CD    3039       0       0
  140000000             110000000             110000000             2.7826091E-05         1.0000000E+30                 0       
 NEXT SEEDS:29064800       0       0       0       0       0   181CD    3039       0       0
  145000000             105000000             105000000             2.7826855E-05         1.0000000E+30                 0       
 NEXT SEEDS:2A7D83D8       0       0       0       0       0   181CD    3039       0       0
  150000000             100000000             100000000             2.7827395E-05         1.0000000E+30                 0       
 NEXT SEEDS:2BF470B7       0       0       0       0       0   181CD    3039       0       0
  155000000              95000000              95000000             2.7828188E-05         1.0000000E+30                 0       
 NEXT SEEDS:2D6BA36D       0       0       0       0       0   181CD    3039       0       0
  160000000              90000000              90000000             2.7828207E-05         1.0000000E+30                 0       
 NEXT SEEDS:2EE2F120       0       0       0       0       0   181CD    3039       0       0
  *** Emfgeo: Ncoun  2000000000
  165000000              85000000              85000000             2.7829720E-05         1.0000000E+30                 0       
 NEXT SEEDS:305A184E       0       0       0       0       0   181CD    3039       0       0
  170000000              80000000              80000000             2.7829360E-05         1.0000000E+30                 0       
 NEXT SEEDS:31D10560       0       0       0       0       0   181CD    3039       0       0
  175000000              75000000              75000000             2.7830083E-05         1.0000000E+30                 0       
 NEXT SEEDS:33481300       0       0       0       0       0   181CD    3039       0       0
  180000000              70000000              70000000             2.7831130E-05         1.0000000E+30                 0       
 NEXT SEEDS:34BF32A7       0       0       0       0       0   181CD    3039       0       0
  185000000              65000000              65000000             2.7830278E-05         1.0000000E+30                 0       
 NEXT SEEDS:36362AFA       0       0       0       0       0   181CD    3039       0       0
  190000000              60000000              60000000             2.7830782E-05         1.0000000E+30                 0       
 NEXT SEEDS:37AD452B       0       0       0       0       0   181CD    3039       0       0
  195000000              55000000              55000000             2.7830170E-05         1.0000000E+30                 0       
 NEXT SEEDS:39244393       0       0       0       0       0   181CD    3039       0       0
  200000000              50000000              50000000             2.7829465E-05         1.0000000E+30                 0       
 NEXT SEEDS:3A9B27F4       0       0       0       0       0   181CD    3039       0       0
  205000000              45000000              45000000             2.7829894E-05         1.0000000E+30                 0       
 NEXT SEEDS:  777382       1       0       0       0       0   181CD    3039       0       0
  210000000              40000000              40000000             2.7828934E-05         1.0000000E+30                 0       
 NEXT SEEDS: 1EEB2B8       1       0       0       0       0   181CD    3039       0       0
  215000000              35000000              35000000             2.7828502E-05         1.0000000E+30                 0       
 NEXT SEEDS: 365D392       1       0       0       0       0   181CD    3039       0       0
  220000000              30000000              30000000             2.7829092E-05         1.0000000E+30                 0       
 NEXT SEEDS: 4DD31F9       1       0       0       0       0   181CD    3039       0       0
  225000000              25000000              25000000             2.7828062E-05         1.0000000E+30                 0       
 NEXT SEEDS: 65426FB       1       0       0       0       0   181CD    3039       0       0
  230000000              20000000              20000000             2.7828416E-05         1.0000000E+30                 0       
 NEXT SEEDS: 7CB6305       1       0       0       0       0   181CD    3039       0       0
  235000000              15000000              15000000             2.7827094E-05         1.0000000E+30                 0       
 NEXT SEEDS: 9425350       1       0       0       0       0   181CD    3039       0       0
  240000000              10000000              10000000             2.7825797E-05         1.0000000E+30                 0       
 NEXT SEEDS: AB93F26       1       0       0       0       0   181CD    3039       0       0
  *** Emfgeo: Ncoun  2000000000
  245000000               5000000               5000000             2.7825341E-05         1.0000000E+30                 0       
 NEXT SEEDS: C3046AD       1       0       0       0       0   181CD    3039       0       0
  249999950                    50                    50             2.7824595E-05         1.0000000E+30                 0       
 NEXT SEEDS: DA755C0       1       0       0       0       0   181CD    3039       0       0
  249999951                    49                    49             2.7824597E-05         1.0000000E+30                 0       
 NEXT SEEDS: DA755C4       1       0       0       0       0   181CD    3039       0       0
  249999952                    48                    48             2.7824597E-05         1.0000000E+30                 0       
 NEXT SEEDS: DA755CA       1       0       0       0       0   181CD    3039       0       0
  249999953                    47                    47             2.7824599E-05         1.0000000E+30                 0       
 NEXT SEEDS: DA755CE       1       0       0       0       0   181CD    3039       0       0
  249999954                    46                    46             2.7824599E-05         1.0000000E+30                 0       
 NEXT SEEDS: DA755D2       1       0       0       0       0   181CD    3039       0       0
  249999955                    45                    45             2.7824598E-05         1.0000000E+30                 0       
 NEXT SEEDS: DA755D6       1       0       0       0       0   181CD    3039       0       0
  249999956                    44                    44             2.7824600E-05         1.0000000E+30                 0       
 NEXT SEEDS: DA755DA       1       0       0       0       0   181CD    3039       0       0
  249999957                    43                    43             2.7824602E-05         1.0000000E+30                 0       
 NEXT SEEDS: DA755EC       1       0       0       0       0   181CD    3039       0       0
  249999958                    42                    42             2.7824602E-05         1.0000000E+30                 0       
 NEXT SEEDS: DA755F0       1       0       0       0       0   181CD    3039       0       0
  249999959                    41                    41             2.7824604E-05         1.0000000E+30                 0       
 NEXT SEEDS: DA755F4       1       0       0       0       0   181CD    3039       0       0
  249999960                    40                    40             2.7824604E-05         1.0000000E+30                 0       
 NEXT SEEDS: DA755F8       1       0       0       0       0   181CD    3039       0       0
  249999961                    39                    39             2.7824606E-05         1.0000000E+30                 0       
 NEXT SEEDS: DA755FC       1       0       0       0       0   181CD    3039       0       0
  249999962                    38                    38             2.7824606E-05         1.0000000E+30                 0       
 NEXT SEEDS: DA75600       1       0       0       0       0   181CD    3039       0       0
  249999963                    37                    37             2.7824605E-05         1.0000000E+30                 0       
 NEXT SEEDS: DA75604       1       0       0       0       0   181CD    3039       0       0
  249999964                    36                    36             2.7824607E-05         1.0000000E+30                 0       
 NEXT SEEDS: DA75608       1       0       0       0       0   181CD    3039       0       0
  249999965                    35                    35             2.7824607E-05         1.0000000E+30                 0       
 NEXT SEEDS: DA7560C       1       0       0       0       0   181CD    3039       0       0
  249999966                    34                    34             2.7824609E-05         1.0000000E+30                 0       
 NEXT SEEDS: DA75626       1       0       0       0       0   181CD    3039       0       0
  249999967                    33                    33             2.7824609E-05         1.0000000E+30                 0       
 NEXT SEEDS: DA7562A       1       0       0       0       0   181CD    3039       0       0
  249999968                    32                    32             2.7824609E-05         1.0000000E+30                 0       
 NEXT SEEDS: DA7562E       1       0       0       0       0   181CD    3039       0       0
  249999969                    31                    31             2.7824611E-05         1.0000000E+30                 0       
 NEXT SEEDS: DA75632       1       0       0       0       0   181CD    3039       0       0
  249999970                    30                    30             2.7824610E-05         1.0000000E+30                 0       
 NEXT SEEDS: DA75636       1       0       0       0       0   181CD    3039       0       0
  249999971                    29                    29             2.7824610E-05         1.0000000E+30                 0       
 NEXT SEEDS: DA7563A       1       0       0       0       0   181CD    3039       0       0
  249999972                    28                    28             2.7824612E-05         1.0000000E+30                 0       
 NEXT SEEDS: DA7563E       1       0       0       0       0   181CD    3039       0       0
  249999973                    27                    27             2.7824612E-05         1.0000000E+30                 0       
 NEXT SEEDS: DA75642       1       0       0       0       0   181CD    3039       0       0
  249999974                    26                    26             2.7824612E-05         1.0000000E+30                 0       
 NEXT SEEDS: DA75646       1       0       0       0       0   181CD    3039       0       0
  249999975                    25                    25             2.7824614E-05         1.0000000E+30                 0       
 NEXT SEEDS: DA7564A       1       0       0       0       0   181CD    3039       0       0
  249999976                    24                    24             2.7824614E-05         1.0000000E+30                 0       
 NEXT SEEDS: DA7564E       1       0       0       0       0   181CD    3039       0       0
  249999977                    23                    23             2.7824614E-05         1.0000000E+30                 0       
 NEXT SEEDS: DA75652       1       0       0       0       0   181CD    3039       0       0
  249999978                    22                    22             2.7824614E-05         1.0000000E+30                 0       
 NEXT SEEDS: DA75656       1       0       0       0       0   181CD    3039       0       0
  249999979                    21                    21             2.7824613E-05         1.0000000E+30                 0       
 NEXT SEEDS: DA7565A       1       0       0       0       0   181CD    3039       0       0
  249999980                    20                    20             2.7824613E-05         1.0000000E+30                 0       
 NEXT SEEDS: DA7566E       1       0       0       0       0   181CD    3039       0       0
  249999981                    19                    19             2.7824613E-05         1.0000000E+30                 0       
 NEXT SEEDS: DA75674       1       0       0       0       0   181CD    3039       0       0
  249999982                    18                    18             2.7824613E-05         1.0000000E+30                 0       
 NEXT SEEDS: DA7567A       1       0       0       0       0   181CD    3039       0       0
  249999983                    17                    17             2.7824613E-05         1.0000000E+30                 0       
 NEXT SEEDS: DA7567E       1       0       0       0       0   181CD    3039       0       0
  249999984                    16                    16             2.7824613E-05         1.0000000E+30                 0       
 NEXT SEEDS: DA75682       1       0       0       0       0   181CD    3039       0       0
  249999985                    15                    15             2.7824613E-05         1.0000000E+30                 0       
 NEXT SEEDS: DA75686       1       0       0       0       0   181CD    3039       0       0
  249999986                    14                    14             2.7824613E-05         1.0000000E+30                 0       
 NEXT SEEDS: DA7568A       1       0       0       0       0   181CD    3039       0       0
  249999987                    13                    13             2.7824613E-05         1.0000000E+30                 0       
 NEXT SEEDS: DA7568E       1       0       0       0       0   181CD    3039       0       0
  249999988                    12                    12             2.7824612E-05         1.0000000E+30                 0       
 NEXT SEEDS: DA75692       1       0       0       0       0   181CD    3039       0       0
  249999989                    11                    11             2.7824612E-05         1.0000000E+30                 0       
 NEXT SEEDS: DA75696       1       0       0       0       0   181CD    3039       0       0
  249999990                    10                    10             2.7824612E-05         1.0000000E+30                 0       
 NEXT SEEDS: DA7569A       1       0       0       0       0   181CD    3039       0       0
  249999991                     9                     9             2.7824614E-05         1.0000000E+30                 0       
 NEXT SEEDS: DA7569E       1       0       0       0       0   181CD    3039       0       0
  249999992                     8                     8             2.7824614E-05         1.0000000E+30                 0       
 NEXT SEEDS: DA756A2       1       0       0       0       0   181CD    3039       0       0
  249999993                     7                     7             2.7824614E-05         1.0000000E+30                 0       
 NEXT SEEDS: DA756A6       1       0       0       0       0   181CD    3039       0       0
  249999994                     6                     6             2.7824616E-05         1.0000000E+30                 0       
 NEXT SEEDS: DA756AA       1       0       0       0       0   181CD    3039       0       0
  249999995                     5                     5             2.7824616E-05         1.0000000E+30                 0       
 NEXT SEEDS: DA756AE       1       0       0       0       0   181CD    3039       0       0
  249999996                     4                     4             2.7824615E-05         1.0000000E+30                 0       
 NEXT SEEDS: DA756B2       1       0       0       0       0   181CD    3039       0       0
  249999997                     3                     3             2.7824617E-05         1.0000000E+30                 0       
 NEXT SEEDS: DA756B6       1       0       0       0       0   181CD    3039       0       0
  249999998                     2                     2             2.7824619E-05         1.0000000E+30                 0       
 NEXT SEEDS: DA756C0       1       0       0       0       0   181CD    3039       0       0
  249999999                     1                     1             2.7824619E-05         1.0000000E+30                 0       
 NEXT SEEDS: DA756C4       1       0       0       0       0   181CD    3039       0       0
  250000000                     0                     1             2.7824619E-05         1.0000000E+30                 0       
 NEXT SEEDS: DA756C8       1       0       0       0       0   181CD    3039       0       0
