1NUMBER OF BEAM       NUMBER OF BEAM        APPROXIMATE NUMBER    AVERAGE TIME USED     TIME LEFT (RESERVED   NUMBER OF STARS
 PARTICLES HANDLED    PARTICLES LEFT        OF BEAM PARTICLES     BY A BEAM PARTICLE     10000.0 SECONDS      CREATED
                                            THAT CAN STILL BE                           FOR PRINTOUT)
                                            HANDLED

 NEXT SEEDS:       0       0       0       0       0       0   181CD    3039       0       0
          1             249999999             249999999             7.7009201E-05         1.0000000E+30                 0       
 NEXT SEEDS:       4       0       0       0       0       0   181CD    3039       0       0
    5000000             245000000             245000000             2.9163539E-05         1.0000000E+30                 0       
 NEXT SEEDS: 1774587       0       0       0       0       0   181CD    3039       0       0
   10000000             240000000             240000000             2.9137836E-05         1.0000000E+30                 0       
 NEXT SEEDS: 2EE4C4E       0       0       0       0       0   181CD    3039       0       0
   15000000             235000000             235000000             2.9131202E-05         1.0000000E+30                 0       
 NEXT SEEDS: 4659A4D       0       0       0       0       0   181CD    3039       0       0
   20000000             230000000             230000000             2.9144422E-05         1.0000000E+30                 0       
 NEXT SEEDS: 5DC95AA       0       0       0       0       0   181CD    3039       0       0
   25000000             225000000             225000000             2.9137390E-05         1.0000000E+30                 0       
 NEXT SEEDS: 753B8A6       0       0       0       0       0   181CD    3039       0       0
   30000000             220000000             220000000             2.9119259E-05         1.0000000E+30                 0       
 NEXT SEEDS: 8CAB106       0       0       0       0       0   181CD    3039       0       0
   35000000             215000000             215000000             2.9106240E-05         1.0000000E+30                 0       
 NEXT SEEDS: A41C7C0       0       0       0       0       0   181CD    3039       0       0
   40000000             210000000             210000000             2.9122534E-05         1.0000000E+30                 0       
 NEXT SEEDS: BB8D7F6       0       0       0       0       0   181CD    3039       0       0
   45000000             205000000             205000000             2.9115734E-05         1.0000000E+30                 0       
 NEXT SEEDS: D302D85       0       0       0       0       0   181CD    3039       0       0
   50000000             200000000             200000000             2.9140723E-05         1.0000000E+30                 0       
 NEXT SEEDS: EA7480D       0       0       0       0       0   181CD    3039       0       0
   55000000             195000000             195000000             2.9169813E-05         1.0000000E+30                 0       
 NEXT SEEDS:101E6A7C       0       0       0       0       0   181CD    3039       0       0
   60000000             190000000             190000000             2.9173895E-05         1.0000000E+30                 0       
 NEXT SEEDS:11957C2C       0       0       0       0       0   181CD    3039       0       0
   65000000             185000000             185000000             2.9170290E-05         1.0000000E+30                 0       
 NEXT SEEDS:130C867C       0       0       0       0       0   181CD    3039       0       0
   70000000             180000000             180000000             2.9192212E-05         1.0000000E+30                 0       
 NEXT SEEDS:1483950B       0       0       0       0       0   181CD    3039       0       0
   75000000             175000000             175000000             2.9216231E-05         1.0000000E+30                 0       
 NEXT SEEDS:15FA83D8       0       0       0       0       0   181CD    3039       0       0
   80000000             170000000             170000000             2.9204868E-05         1.0000000E+30                 0       
 NEXT SEEDS:1771767B       0       0       0       0       0   181CD    3039       0       0
  *** Emfgeo: Ncoun  2000000000
   85000000             165000000             165000000             2.9192552E-05         1.0000000E+30                 0       
 NEXT SEEDS:18E873AE       0       0       0       0       0   181CD    3039       0       0
   90000000             160000000             160000000             2.9187766E-05         1.0000000E+30                 0       
 NEXT SEEDS:1A5FB79A       0       0       0       0       0   181CD    3039       0       0
   95000000             155000000             155000000             2.9173528E-05         1.0000000E+30                 0       
 NEXT SEEDS:1BD6957A       0       0       0       0       0   181CD    3039       0       0
  100000000             150000000             150000000             2.9168440E-05         1.0000000E+30                 0       
 NEXT SEEDS:1D4DC2AF       0       0       0       0       0   181CD    3039       0       0
  105000000             145000000             145000000             2.9159763E-05         1.0000000E+30                 0       
 NEXT SEEDS:1EC4E4F4       0       0       0       0       0   181CD    3039       0       0
  110000000             140000000             140000000             2.9170248E-05         1.0000000E+30                 0       
 NEXT SEEDS:203BF0D1       0       0       0       0       0   181CD    3039       0       0
  115000000             135000000             135000000             2.9179866E-05         1.0000000E+30                 0       
 NEXT SEEDS:21B2E3AB       0       0       0       0       0   181CD    3039       0       0
  120000000             130000000             130000000             2.9177645E-05         1.0000000E+30                 0       
 NEXT SEEDS:2329DC09       0       0       0       0       0   181CD    3039       0       0
  125000000             125000000             125000000             2.9175967E-05         1.0000000E+30                 0       
 NEXT SEEDS:24A0EAA9       0       0       0       0       0   181CD    3039       0       0
  130000000             120000000             120000000             2.9177107E-05         1.0000000E+30                 0       
 NEXT SEEDS:2617B962       0       0       0       0       0   181CD    3039       0       0
  135000000             115000000             115000000             2.9179228E-05         1.0000000E+30                 0       
 NEXT SEEDS:278EB493       0       0       0       0       0   181CD    3039       0       0
  140000000             110000000             110000000             2.9171352E-05         1.0000000E+30                 0       
 NEXT SEEDS:2905A0E6       0       0       0       0       0   181CD    3039       0       0
  145000000             105000000             105000000             2.9166903E-05         1.0000000E+30                 0       
 NEXT SEEDS:2A7CD9C0       0       0       0       0       0   181CD    3039       0       0
  150000000             100000000             100000000             2.9160197E-05         1.0000000E+30                 0       
 NEXT SEEDS:2BF3F3E3       0       0       0       0       0   181CD    3039       0       0
  155000000              95000000              95000000             2.9161254E-05         1.0000000E+30                 0       
 NEXT SEEDS:2D6B0734       0       0       0       0       0   181CD    3039       0       0
  160000000              90000000              90000000             2.9162004E-05         1.0000000E+30                 0       
 NEXT SEEDS:2EE1FB2E       0       0       0       0       0   181CD    3039       0       0
  *** Emfgeo: Ncoun  2000000000
  165000000              85000000              85000000             2.9160069E-05         1.0000000E+30                 0       
 NEXT SEEDS:3058FD36       0       0       0       0       0   181CD    3039       0       0
  170000000              80000000              80000000             2.9158894E-05         1.0000000E+30                 0       
 NEXT SEEDS:31CFE74A       0       0       0       0       0   181CD    3039       0       0
  175000000              75000000              75000000             2.9156578E-05         1.0000000E+30                 0       
 NEXT SEEDS:3347110E       0       0       0       0       0   181CD    3039       0       0
  180000000              70000000              70000000             2.9155185E-05         1.0000000E+30                 0       
 NEXT SEEDS:34BE1E70       0       0       0       0       0   181CD    3039       0       0
  185000000              65000000              65000000             2.9154763E-05         1.0000000E+30                 0       
 NEXT SEEDS:3635529F       0       0       0       0       0   181CD    3039       0       0
  190000000              60000000              60000000             2.9153743E-05         1.0000000E+30                 0       
 NEXT SEEDS:37AC599A       0       0       0       0       0   181CD    3039       0       0
  195000000              55000000              55000000             2.9153319E-05         1.0000000E+30                 0       
 NEXT SEEDS:39234F16       0       0       0       0       0   181CD    3039       0       0
  200000000              50000000              50000000             2.9154381E-05         1.0000000E+30                 0       
 NEXT SEEDS:3A9A6681       0       0       0       0       0   181CD    3039       0       0
  205000000              45000000              45000000             2.9152159E-05         1.0000000E+30                 0       
 NEXT SEEDS:  76BA32       1       0       0       0       0   181CD    3039       0       0
  210000000              40000000              40000000             2.9149559E-05         1.0000000E+30                 0       
 NEXT SEEDS: 1EDC234       1       0       0       0       0   181CD    3039       0       0
  215000000              35000000              35000000             2.9147748E-05         1.0000000E+30                 0       
 NEXT SEEDS: 364FBF5       1       0       0       0       0   181CD    3039       0       0
  220000000              30000000              30000000             2.9146707E-05         1.0000000E+30                 0       
 NEXT SEEDS: 4DC065D       1       0       0       0       0   181CD    3039       0       0
  225000000              25000000              25000000             2.9148070E-05         1.0000000E+30                 0       
 NEXT SEEDS: 652FA5D       1       0       0       0       0   181CD    3039       0       0
  230000000              20000000              20000000             2.9146082E-05         1.0000000E+30                 0       
 NEXT SEEDS: 7C9B048       1       0       0       0       0   181CD    3039       0       0
  235000000              15000000              15000000             2.9147643E-05         1.0000000E+30                 0       
 NEXT SEEDS: 940BB19       1       0       0       0       0   181CD    3039       0       0
  240000000              10000000              10000000             2.9146365E-05         1.0000000E+30                 0       
 NEXT SEEDS: AB76B48       1       0       0       0       0   181CD    3039       0       0
  *** Emfgeo: Ncoun  2000000000
  245000000               5000000               5000000             2.9144861E-05         1.0000000E+30                 0       
 NEXT SEEDS: C2E5BDA       1       0       0       0       0   181CD    3039       0       0
  249999950                    50                    50             2.9148013E-05         1.0000000E+30                 0       
 NEXT SEEDS: DA56F19       1       0       0       0       0   181CD    3039       0       0
  249999951                    49                    49             2.9148013E-05         1.0000000E+30                 0       
 NEXT SEEDS: DA56F1D       1       0       0       0       0   181CD    3039       0       0
  249999952                    48                    48             2.9148012E-05         1.0000000E+30                 0       
 NEXT SEEDS: DA56F21       1       0       0       0       0   181CD    3039       0       0
  249999953                    47                    47             2.9148012E-05         1.0000000E+30                 0       
 NEXT SEEDS: DA56F25       1       0       0       0       0   181CD    3039       0       0
  249999954                    46                    46             2.9148012E-05         1.0000000E+30                 0       
 NEXT SEEDS: DA56F29       1       0       0       0       0   181CD    3039       0       0
  249999955                    45                    45             2.9148012E-05         1.0000000E+30                 0       
 NEXT SEEDS: DA56F2D       1       0       0       0       0   181CD    3039       0       0
  249999956                    44                    44             2.9148012E-05         1.0000000E+30                 0       
 NEXT SEEDS: DA56F31       1       0       0       0       0   181CD    3039       0       0
  249999957                    43                    43             2.9148012E-05         1.0000000E+30                 0       
 NEXT SEEDS: DA56F35       1       0       0       0       0   181CD    3039       0       0
  249999958                    42                    42             2.9148014E-05         1.0000000E+30                 0       
 NEXT SEEDS: DA56F39       1       0       0       0       0   181CD    3039       0       0
  249999959                    41                    41             2.9148014E-05         1.0000000E+30                 0       
 NEXT SEEDS: DA56F3D       1       0       0       0       0   181CD    3039       0       0
  249999960                    40                    40             2.9148013E-05         1.0000000E+30                 0       
 NEXT SEEDS: DA56F41       1       0       0       0       0   181CD    3039       0       0
  249999961                    39                    39             2.9148013E-05         1.0000000E+30                 0       
 NEXT SEEDS: DA56F45       1       0       0       0       0   181CD    3039       0       0
  249999962                    38                    38             2.9148013E-05         1.0000000E+30                 0       
 NEXT SEEDS: DA56F49       1       0       0       0       0   181CD    3039       0       0
  249999963                    37                    37             2.9148013E-05         1.0000000E+30                 0       
 NEXT SEEDS: DA56F4D       1       0       0       0       0   181CD    3039       0       0
  249999964                    36                    36             2.9148013E-05         1.0000000E+30                 0       
 NEXT SEEDS: DA56F51       1       0       0       0       0   181CD    3039       0       0
  249999965                    35                    35             2.9148013E-05         1.0000000E+30                 0       
 NEXT SEEDS: DA56F55       1       0       0       0       0   181CD    3039       0       0
  249999966                    34                    34             2.9148013E-05         1.0000000E+30                 0       
 NEXT SEEDS: DA56F59       1       0       0       0       0   181CD    3039       0       0
  249999967                    33                    33             2.9148013E-05         1.0000000E+30                 0       
 NEXT SEEDS: DA56F5D       1       0       0       0       0   181CD    3039       0       0
  249999968                    32                    32             2.9148013E-05         1.0000000E+30                 0       
 NEXT SEEDS: DA56F61       1       0       0       0       0   181CD    3039       0       0
  249999969                    31                    31             2.9148012E-05         1.0000000E+30                 0       
 NEXT SEEDS: DA56F65       1       0       0       0       0   181CD    3039       0       0
  249999970                    30                    30             2.9148012E-05         1.0000000E+30                 0       
 NEXT SEEDS: DA56F69       1       0       0       0       0   181CD    3039       0       0
  249999971                    29                    29             2.9148012E-05         1.0000000E+30                 0       
 NEXT SEEDS: DA56F6D       1       0       0       0       0   181CD    3039       0       0
  249999972                    28                    28             2.9148012E-05         1.0000000E+30                 0       
 NEXT SEEDS: DA56F71       1       0       0       0       0   181CD    3039       0       0
  249999973                    27                    27             2.9148012E-05         1.0000000E+30                 0       
 NEXT SEEDS: DA56F75       1       0       0       0       0   181CD    3039       0       0
  249999974                    26                    26             2.9148012E-05         1.0000000E+30                 0       
 NEXT SEEDS: DA56F79       1       0       0       0       0   181CD    3039       0       0
  249999975                    25                    25             2.9148012E-05         1.0000000E+30                 0       
 NEXT SEEDS: DA56F7D       1       0       0       0       0   181CD    3039       0       0
  249999976                    24                    24             2.9148012E-05         1.0000000E+30                 0       
 NEXT SEEDS: DA56F81       1       0       0       0       0   181CD    3039       0       0
  249999977                    23                    23             2.9148011E-05         1.0000000E+30                 0       
 NEXT SEEDS: DA56F85       1       0       0       0       0   181CD    3039       0       0
  249999978                    22                    22             2.9148013E-05         1.0000000E+30                 0       
 NEXT SEEDS: DA56F8B       1       0       0       0       0   181CD    3039       0       0
  249999979                    21                    21             2.9148015E-05         1.0000000E+30                 0       
 NEXT SEEDS: DA56F8F       1       0       0       0       0   181CD    3039       0       0
  249999980                    20                    20             2.9148015E-05         1.0000000E+30                 0       
 NEXT SEEDS: DA56F95       1       0       0       0       0   181CD    3039       0       0
  249999981                    19                    19             2.9148015E-05         1.0000000E+30                 0       
 NEXT SEEDS: DA56F99       1       0       0       0       0   181CD    3039       0       0
  249999982                    18                    18             2.9148017E-05         1.0000000E+30                 0       
 NEXT SEEDS: DA56F9F       1       0       0       0       0   181CD    3039       0       0
  249999983                    17                    17             2.9148017E-05         1.0000000E+30                 0       
 NEXT SEEDS: DA56FA3       1       0       0       0       0   181CD    3039       0       0
  249999984                    16                    16             2.9148017E-05         1.0000000E+30                 0       
 NEXT SEEDS: DA56FA7       1       0       0       0       0   181CD    3039       0       0
  249999985                    15                    15             2.9148018E-05         1.0000000E+30                 0       
 NEXT SEEDS: DA56FAB       1       0       0       0       0   181CD    3039       0       0
  249999986                    14                    14             2.9148020E-05         1.0000000E+30                 0       
 NEXT SEEDS: DA56FBD       1       0       0       0       0   181CD    3039       0       0
  249999987                    13                    13             2.9148020E-05         1.0000000E+30                 0       
 NEXT SEEDS: DA56FC1       1       0       0       0       0   181CD    3039       0       0
  249999988                    12                    12             2.9148020E-05         1.0000000E+30                 0       
 NEXT SEEDS: DA56FC5       1       0       0       0       0   181CD    3039       0       0
  249999989                    11                    11             2.9148022E-05         1.0000000E+30                 0       
 NEXT SEEDS: DA56FC9       1       0       0       0       0   181CD    3039       0       0
  249999990                    10                    10             2.9148022E-05         1.0000000E+30                 0       
 NEXT SEEDS: DA56FCD       1       0       0       0       0   181CD    3039       0       0
  249999991                     9                     9             2.9148022E-05         1.0000000E+30                 0       
 NEXT SEEDS: DA56FD1       1       0       0       0       0   181CD    3039       0       0
  249999992                     8                     8             2.9148023E-05         1.0000000E+30                 0       
 NEXT SEEDS: DA56FD5       1       0       0       0       0   181CD    3039       0       0
  249999993                     7                     7             2.9148023E-05         1.0000000E+30                 0       
 NEXT SEEDS: DA56FD9       1       0       0       0       0   181CD    3039       0       0
  249999994                     6                     6             2.9148023E-05         1.0000000E+30                 0       
 NEXT SEEDS: DA56FDD       1       0       0       0       0   181CD    3039       0       0
  249999995                     5                     5             2.9148025E-05         1.0000000E+30                 0       
 NEXT SEEDS: DA56FE1       1       0       0       0       0   181CD    3039       0       0
  249999996                     4                     4             2.9148025E-05         1.0000000E+30                 0       
 NEXT SEEDS: DA56FE5       1       0       0       0       0   181CD    3039       0       0
  249999997                     3                     3             2.9148025E-05         1.0000000E+30                 0       
 NEXT SEEDS: DA56FE9       1       0       0       0       0   181CD    3039       0       0
  249999998                     2                     2             2.9148025E-05         1.0000000E+30                 0       
 NEXT SEEDS: DA56FED       1       0       0       0       0   181CD    3039       0       0
  249999999                     1                     1             2.9148027E-05         1.0000000E+30                 0       
 NEXT SEEDS: DA56FF1       1       0       0       0       0   181CD    3039       0       0
  250000000                     0                     1             2.9148026E-05         1.0000000E+30                 0       
 NEXT SEEDS: DA56FF5       1       0       0       0       0   181CD    3039       0       0
