1NUMBER OF BEAM       NUMBER OF BEAM        APPROXIMATE NUMBER    AVERAGE TIME USED     TIME LEFT (RESERVED   NUMBER OF STARS
 PARTICLES HANDLED    PARTICLES LEFT        OF BEAM PARTICLES     BY A BEAM PARTICLE     10000.0 SECONDS      CREATED
                                            THAT CAN STILL BE                           FOR PRINTOUT)
                                            HANDLED

 NEXT SEEDS:       0       0       0       0       0       0   181CD    3039       0       0
          1             249999999             249999999             0.0000000E+00         1.0000000E+30                 0       
 NEXT SEEDS:       4       0       0       0       0       0   181CD    3039       0       0
    5000000             245000000             245000000             2.8019737E-05         1.0000000E+30                 0       
 NEXT SEEDS: 176D21B       0       0       0       0       0   181CD    3039       0       0
   10000000             240000000             240000000             2.7975249E-05         1.0000000E+30                 0       
 NEXT SEEDS: 2EDA4C3       0       0       0       0       0   181CD    3039       0       0
   15000000             235000000             235000000             2.7956904E-05         1.0000000E+30                 0       
 NEXT SEEDS: 464E4F3       0       0       0       0       0   181CD    3039       0       0
   20000000             230000000             230000000             2.7933308E-05         1.0000000E+30                 0       
 NEXT SEEDS: 5DC1814       0       0       0       0       0   181CD    3039       0       0
   25000000             225000000             225000000             2.7918094E-05         1.0000000E+30                 0       
 NEXT SEEDS: 7536ACE       0       0       0       0       0   181CD    3039       0       0
   30000000             220000000             220000000             2.7908588E-05         1.0000000E+30                 0       
 NEXT SEEDS: 8CA7577       0       0       0       0       0   181CD    3039       0       0
   35000000             215000000             215000000             2.7901785E-05         1.0000000E+30                 0       
 NEXT SEEDS: A419EF7       0       0       0       0       0   181CD    3039       0       0
   40000000             210000000             210000000             2.7900838E-05         1.0000000E+30                 0       
 NEXT SEEDS: BB8BE23       0       0       0       0       0   181CD    3039       0       0
   45000000             205000000             205000000             2.7893906E-05         1.0000000E+30                 0       
 NEXT SEEDS: D2FDF65       0       0       0       0       0   181CD    3039       0       0
   50000000             200000000             200000000             2.7892043E-05         1.0000000E+30                 0       
 NEXT SEEDS: EA70126       0       0       0       0       0   181CD    3039       0       0
   55000000             195000000             195000000             2.7885635E-05         1.0000000E+30                 0       
 NEXT SEEDS:101E0B22       0       0       0       0       0   181CD    3039       0       0
   60000000             190000000             190000000             2.7881416E-05         1.0000000E+30                 0       
 NEXT SEEDS:1194E2FF       0       0       0       0       0   181CD    3039       0       0
   65000000             185000000             185000000             2.7880350E-05         1.0000000E+30                 0       
 NEXT SEEDS:130BDF6F       0       0       0       0       0   181CD    3039       0       0
   70000000             180000000             180000000             2.7878614E-05         1.0000000E+30                 0       
 NEXT SEEDS:1482DFD9       0       0       0       0       0   181CD    3039       0       0
   75000000             175000000             175000000             2.7880162E-05         1.0000000E+30                 0       
 NEXT SEEDS:15FA2210       0       0       0       0       0   181CD    3039       0       0
   80000000             170000000             170000000             2.7881362E-05         1.0000000E+30                 0       
 NEXT SEEDS:17714F5E       0       0       0       0       0   181CD    3039       0       0
  *** Emfgeo: Ncoun  2000000000
   85000000             165000000             165000000             2.7879957E-05         1.0000000E+30                 0       
 NEXT SEEDS:18E899C8       0       0       0       0       0   181CD    3039       0       0
   90000000             160000000             160000000             2.7877411E-05         1.0000000E+30                 0       
 NEXT SEEDS:1A5F926C       0       0       0       0       0   181CD    3039       0       0
   95000000             155000000             155000000             2.7877713E-05         1.0000000E+30                 0       
 NEXT SEEDS:1BD6A3AE       0       0       0       0       0   181CD    3039       0       0
  100000000             150000000             150000000             2.7878269E-05         1.0000000E+30                 0       
 NEXT SEEDS:1D4DC88F       0       0       0       0       0   181CD    3039       0       0
  105000000             145000000             145000000             2.7877564E-05         1.0000000E+30                 0       
 NEXT SEEDS:1EC4A3AA       0       0       0       0       0   181CD    3039       0       0
  110000000             140000000             140000000             2.7874511E-05         1.0000000E+30                 0       
 NEXT SEEDS:203BD912       0       0       0       0       0   181CD    3039       0       0
  115000000             135000000             135000000             2.7875121E-05         1.0000000E+30                 0       
 NEXT SEEDS:21B2F7BD       0       0       0       0       0   181CD    3039       0       0
  120000000             130000000             130000000             2.7874857E-05         1.0000000E+30                 0       
 NEXT SEEDS:2329C406       0       0       0       0       0   181CD    3039       0       0
  125000000             125000000             125000000             2.7873867E-05         1.0000000E+30                 0       
 NEXT SEEDS:24A0BE4E       0       0       0       0       0   181CD    3039       0       0
  130000000             120000000             120000000             2.7873097E-05         1.0000000E+30                 0       
 NEXT SEEDS:2617905F       0       0       0       0       0   181CD    3039       0       0
  135000000             115000000             115000000             2.7874557E-05         1.0000000E+30                 0       
 NEXT SEEDS:278EBBDB       0       0       0       0       0   181CD    3039       0       0
  140000000             110000000             110000000             2.7872829E-05         1.0000000E+30                 0       
 NEXT SEEDS:2905B6C2       0       0       0       0       0   181CD    3039       0       0
  145000000             105000000             105000000             2.7874490E-05         1.0000000E+30                 0       
 NEXT SEEDS:2A7CA3D6       0       0       0       0       0   181CD    3039       0       0
  150000000             100000000             100000000             2.7872267E-05         1.0000000E+30                 0       
 NEXT SEEDS:2BF3D197       0       0       0       0       0   181CD    3039       0       0
  155000000              95000000              95000000             2.7874094E-05         1.0000000E+30                 0       
 NEXT SEEDS:2D6ACF67       0       0       0       0       0   181CD    3039       0       0
  160000000              90000000              90000000             2.7874794E-05         1.0000000E+30                 0       
 NEXT SEEDS:2EE1ED59       0       0       0       0       0   181CD    3039       0       0
  *** Emfgeo: Ncoun  2000000000
  165000000              85000000              85000000             2.7875324E-05         1.0000000E+30                 0       
 NEXT SEEDS:30590FC4       0       0       0       0       0   181CD    3039       0       0
  170000000              80000000              80000000             2.7877184E-05         1.0000000E+30                 0       
 NEXT SEEDS:31D06F9B       0       0       0       0       0   181CD    3039       0       0
  175000000              75000000              75000000             2.7877850E-05         1.0000000E+30                 0       
 NEXT SEEDS:334793F0       0       0       0       0       0   181CD    3039       0       0
  180000000              70000000              70000000             2.7884514E-05         1.0000000E+30                 0       
 NEXT SEEDS:34BEA983       0       0       0       0       0   181CD    3039       0       0
  185000000              65000000              65000000             2.7885033E-05         1.0000000E+30                 0       
 NEXT SEEDS:3635F670       0       0       0       0       0   181CD    3039       0       0
  190000000              60000000              60000000             2.7885435E-05         1.0000000E+30                 0       
 NEXT SEEDS:37AD2703       0       0       0       0       0   181CD    3039       0       0
  195000000              55000000              55000000             2.7885272E-05         1.0000000E+30                 0       
 NEXT SEEDS:39245DC2       0       0       0       0       0   181CD    3039       0       0
  200000000              50000000              50000000             2.7885680E-05         1.0000000E+30                 0       
 NEXT SEEDS:3A9B9474       0       0       0       0       0   181CD    3039       0       0
  205000000              45000000              45000000             2.7885276E-05         1.0000000E+30                 0       
 NEXT SEEDS:  77F483       1       0       0       0       0   181CD    3039       0       0
  210000000              40000000              40000000             2.7885387E-05         1.0000000E+30                 0       
 NEXT SEEDS: 1EF1BDD       1       0       0       0       0   181CD    3039       0       0
  215000000              35000000              35000000             2.7883411E-05         1.0000000E+30                 0       
 NEXT SEEDS: 3664668       1       0       0       0       0   181CD    3039       0       0
  220000000              30000000              30000000             2.7883695E-05         1.0000000E+30                 0       
 NEXT SEEDS: 4DD55FF       1       0       0       0       0   181CD    3039       0       0
  225000000              25000000              25000000             2.7882907E-05         1.0000000E+30                 0       
 NEXT SEEDS: 65477B6       1       0       0       0       0   181CD    3039       0       0
  230000000              20000000              20000000             2.7881860E-05         1.0000000E+30                 0       
 NEXT SEEDS: 7CB6E25       1       0       0       0       0   181CD    3039       0       0
  235000000              15000000              15000000             2.7881914E-05         1.0000000E+30                 0       
 NEXT SEEDS: 94274C3       1       0       0       0       0   181CD    3039       0       0
  240000000              10000000              10000000             2.7882256E-05         1.0000000E+30                 0       
 NEXT SEEDS: AB99C3C       1       0       0       0       0   181CD    3039       0       0
  *** Emfgeo: Ncoun  2000000000
  245000000               5000000               5000000             2.7883505E-05         1.0000000E+30                 0       
 NEXT SEEDS: C30D81F       1       0       0       0       0   181CD    3039       0       0
  249999950                    50                    50             2.7885854E-05         1.0000000E+30                 0       
 NEXT SEEDS: DA8251F       1       0       0       0       0   181CD    3039       0       0
  249999951                    49                    49             2.7885854E-05         1.0000000E+30                 0       
 NEXT SEEDS: DA82523       1       0       0       0       0   181CD    3039       0       0
  249999952                    48                    48             2.7885856E-05         1.0000000E+30                 0       
 NEXT SEEDS: DA82527       1       0       0       0       0   181CD    3039       0       0
  249999953                    47                    47             2.7885856E-05         1.0000000E+30                 0       
 NEXT SEEDS: DA8252B       1       0       0       0       0   181CD    3039       0       0
  249999954                    46                    46             2.7885858E-05         1.0000000E+30                 0       
 NEXT SEEDS: DA8252F       1       0       0       0       0   181CD    3039       0       0
  249999955                    45                    45             2.7885857E-05         1.0000000E+30                 0       
 NEXT SEEDS: DA82533       1       0       0       0       0   181CD    3039       0       0
  249999956                    44                    44             2.7885859E-05         1.0000000E+30                 0       
 NEXT SEEDS: DA82537       1       0       0       0       0   181CD    3039       0       0
  249999957                    43                    43             2.7885859E-05         1.0000000E+30                 0       
 NEXT SEEDS: DA8253B       1       0       0       0       0   181CD    3039       0       0
  249999958                    42                    42             2.7885861E-05         1.0000000E+30                 0       
 NEXT SEEDS: DA8253F       1       0       0       0       0   181CD    3039       0       0
  249999959                    41                    41             2.7885861E-05         1.0000000E+30                 0       
 NEXT SEEDS: DA82556       1       0       0       0       0   181CD    3039       0       0
  249999960                    40                    40             2.7885861E-05         1.0000000E+30                 0       
 NEXT SEEDS: DA8255A       1       0       0       0       0   181CD    3039       0       0
  249999961                    39                    39             2.7885861E-05         1.0000000E+30                 0       
 NEXT SEEDS: DA8255E       1       0       0       0       0   181CD    3039       0       0
  249999962                    38                    38             2.7885861E-05         1.0000000E+30                 0       
 NEXT SEEDS: DA82562       1       0       0       0       0   181CD    3039       0       0
  249999963                    37                    37             2.7885860E-05         1.0000000E+30                 0       
 NEXT SEEDS: DA82566       1       0       0       0       0   181CD    3039       0       0
  249999964                    36                    36             2.7885860E-05         1.0000000E+30                 0       
 NEXT SEEDS: DA8256A       1       0       0       0       0   181CD    3039       0       0
  249999965                    35                    35             2.7885862E-05         1.0000000E+30                 0       
 NEXT SEEDS: DA8256E       1       0       0       0       0   181CD    3039       0       0
  249999966                    34                    34             2.7885862E-05         1.0000000E+30                 0       
 NEXT SEEDS: DA82572       1       0       0       0       0   181CD    3039       0       0
  249999967                    33                    33             2.7885864E-05         1.0000000E+30                 0       
 NEXT SEEDS: DA82576       1       0       0       0       0   181CD    3039       0       0
  249999968                    32                    32             2.7885864E-05         1.0000000E+30                 0       
 NEXT SEEDS: DA8257A       1       0       0       0       0   181CD    3039       0       0
  249999969                    31                    31             2.7885864E-05         1.0000000E+30                 0       
 NEXT SEEDS: DA8257E       1       0       0       0       0   181CD    3039       0       0
  249999970                    30                    30             2.7885865E-05         1.0000000E+30                 0       
 NEXT SEEDS: DA82582       1       0       0       0       0   181CD    3039       0       0
  249999971                    29                    29             2.7885865E-05         1.0000000E+30                 0       
 NEXT SEEDS: DA82586       1       0       0       0       0   181CD    3039       0       0
  249999972                    28                    28             2.7885867E-05         1.0000000E+30                 0       
 NEXT SEEDS: DA8258A       1       0       0       0       0   181CD    3039       0       0
  249999973                    27                    27             2.7885867E-05         1.0000000E+30                 0       
 NEXT SEEDS: DA8258E       1       0       0       0       0   181CD    3039       0       0
  249999974                    26                    26             2.7885867E-05         1.0000000E+30                 0       
 NEXT SEEDS: DA82592       1       0       0       0       0   181CD    3039       0       0
  249999975                    25                    25             2.7885867E-05         1.0000000E+30                 0       
 NEXT SEEDS: DA82596       1       0       0       0       0   181CD    3039       0       0
  249999976                    24                    24             2.7885867E-05         1.0000000E+30                 0       
 NEXT SEEDS: DA8259A       1       0       0       0       0   181CD    3039       0       0
  249999977                    23                    23             2.7885867E-05         1.0000000E+30                 0       
 NEXT SEEDS: DA825A0       1       0       0       0       0   181CD    3039       0       0
  249999978                    22                    22             2.7885867E-05         1.0000000E+30                 0       
 NEXT SEEDS: DA825A4       1       0       0       0       0   181CD    3039       0       0
  249999979                    21                    21             2.7885866E-05         1.0000000E+30                 0       
 NEXT SEEDS: DA825A8       1       0       0       0       0   181CD    3039       0       0
  249999980                    20                    20             2.7885866E-05         1.0000000E+30                 0       
 NEXT SEEDS: DA825AC       1       0       0       0       0   181CD    3039       0       0
  249999981                    19                    19             2.7885866E-05         1.0000000E+30                 0       
 NEXT SEEDS: DA825B0       1       0       0       0       0   181CD    3039       0       0
  249999982                    18                    18             2.7885866E-05         1.0000000E+30                 0       
 NEXT SEEDS: DA825B4       1       0       0       0       0   181CD    3039       0       0
  249999983                    17                    17             2.7885866E-05         1.0000000E+30                 0       
 NEXT SEEDS: DA825B8       1       0       0       0       0   181CD    3039       0       0
  249999984                    16                    16             2.7885866E-05         1.0000000E+30                 0       
 NEXT SEEDS: DA825BC       1       0       0       0       0   181CD    3039       0       0
  249999985                    15                    15             2.7885868E-05         1.0000000E+30                 0       
 NEXT SEEDS: DA825D1       1       0       0       0       0   181CD    3039       0       0
  249999986                    14                    14             2.7885868E-05         1.0000000E+30                 0       
 NEXT SEEDS: DA825D5       1       0       0       0       0   181CD    3039       0       0
  249999987                    13                    13             2.7885869E-05         1.0000000E+30                 0       
 NEXT SEEDS: DA825D9       1       0       0       0       0   181CD    3039       0       0
  249999988                    12                    12             2.7885869E-05         1.0000000E+30                 0       
 NEXT SEEDS: DA825DD       1       0       0       0       0   181CD    3039       0       0
  249999989                    11                    11             2.7885869E-05         1.0000000E+30                 0       
 NEXT SEEDS: DA825E1       1       0       0       0       0   181CD    3039       0       0
  249999990                    10                    10             2.7885871E-05         1.0000000E+30                 0       
 NEXT SEEDS: DA825E5       1       0       0       0       0   181CD    3039       0       0
  249999991                     9                     9             2.7885871E-05         1.0000000E+30                 0       
 NEXT SEEDS: DA825E9       1       0       0       0       0   181CD    3039       0       0
  249999992                     8                     8             2.7885873E-05         1.0000000E+30                 0       
 NEXT SEEDS: DA825EF       1       0       0       0       0   181CD    3039       0       0
  249999993                     7                     7             2.7885873E-05         1.0000000E+30                 0       
 NEXT SEEDS: DA825F3       1       0       0       0       0   181CD    3039       0       0
  249999994                     6                     6             2.7885873E-05         1.0000000E+30                 0       
 NEXT SEEDS: DA825F7       1       0       0       0       0   181CD    3039       0       0
  249999995                     5                     5             2.7885874E-05         1.0000000E+30                 0       
 NEXT SEEDS: DA825FB       1       0       0       0       0   181CD    3039       0       0
  249999996                     4                     4             2.7885874E-05         1.0000000E+30                 0       
 NEXT SEEDS: DA825FF       1       0       0       0       0   181CD    3039       0       0
  249999997                     3                     3             2.7885874E-05         1.0000000E+30                 0       
 NEXT SEEDS: DA82603       1       0       0       0       0   181CD    3039       0       0
  249999998                     2                     2             2.7885874E-05         1.0000000E+30                 0       
 NEXT SEEDS: DA82607       1       0       0       0       0   181CD    3039       0       0
  249999999                     1                     1             2.7885874E-05         1.0000000E+30                 0       
 NEXT SEEDS: DA8260B       1       0       0       0       0   181CD    3039       0       0
  250000000                     0                     1             2.7885874E-05         1.0000000E+30                 0       
 NEXT SEEDS: DA8260F       1       0       0       0       0   181CD    3039       0       0
