1NUMBER OF BEAM       NUMBER OF BEAM        APPROXIMATE NUMBER    AVERAGE TIME USED     TIME LEFT (RESERVED   NUMBER OF STARS
 PARTICLES HANDLED    PARTICLES LEFT        OF BEAM PARTICLES     BY A BEAM PARTICLE     10000.0 SECONDS      CREATED
                                            THAT CAN STILL BE                           FOR PRINTOUT)
                                            HANDLED

 NEXT SEEDS:       0       0       0       0       0       0   181CD    3039       0       0
          1             249999999             249999999             7.2002411E-05         1.0000000E+30                 0       
 NEXT SEEDS:       4       0       0       0       0       0   181CD    3039       0       0
    5000000             245000000             245000000             2.7861421E-05         1.0000000E+30                 0       
 NEXT SEEDS: 177023B       0       0       0       0       0   181CD    3039       0       0
   10000000             240000000             240000000             2.7869613E-05         1.0000000E+30                 0       
 NEXT SEEDS: 2EDB150       0       0       0       0       0   181CD    3039       0       0
   15000000             235000000             235000000             2.7893233E-05         1.0000000E+30                 0       
 NEXT SEEDS: 464BCE6       0       0       0       0       0   181CD    3039       0       0
   20000000             230000000             230000000             2.7885144E-05         1.0000000E+30                 0       
 NEXT SEEDS: 5DBBF0C       0       0       0       0       0   181CD    3039       0       0
   25000000             225000000             225000000             2.7912683E-05         1.0000000E+30                 0       
 NEXT SEEDS: 7530CC0       0       0       0       0       0   181CD    3039       0       0
   30000000             220000000             220000000             2.7891263E-05         1.0000000E+30                 0       
 NEXT SEEDS: 8C9E1C2       0       0       0       0       0   181CD    3039       0       0
   35000000             215000000             215000000             2.7890173E-05         1.0000000E+30                 0       
 NEXT SEEDS: A40DA63       0       0       0       0       0   181CD    3039       0       0
   40000000             210000000             210000000             2.7891760E-05         1.0000000E+30                 0       
 NEXT SEEDS: BB7CFCD       0       0       0       0       0   181CD    3039       0       0
   45000000             205000000             205000000             2.7886176E-05         1.0000000E+30                 0       
 NEXT SEEDS: D2EAC1C       0       0       0       0       0   181CD    3039       0       0
   50000000             200000000             200000000             2.7888769E-05         1.0000000E+30                 0       
 NEXT SEEDS: EA5959E       0       0       0       0       0   181CD    3039       0       0
   55000000             195000000             195000000             2.7900981E-05         1.0000000E+30                 0       
 NEXT SEEDS:101CEA4A       0       0       0       0       0   181CD    3039       0       0
   60000000             190000000             190000000             2.7902403E-05         1.0000000E+30                 0       
 NEXT SEEDS:11942226       0       0       0       0       0   181CD    3039       0       0
   65000000             185000000             185000000             2.7903799E-05         1.0000000E+30                 0       
 NEXT SEEDS:130B183D       0       0       0       0       0   181CD    3039       0       0
   70000000             180000000             180000000             2.7899393E-05         1.0000000E+30                 0       
 NEXT SEEDS:148200ED       0       0       0       0       0   181CD    3039       0       0
   75000000             175000000             175000000             2.7900195E-05         1.0000000E+30                 0       
 NEXT SEEDS:15F8F944       0       0       0       0       0   181CD    3039       0       0
   80000000             170000000             170000000             2.7898569E-05         1.0000000E+30                 0       
 NEXT SEEDS:17704501       0       0       0       0       0   181CD    3039       0       0
  *** Emfgeo: Ncoun  2000000000
   85000000             165000000             165000000             2.7896642E-05         1.0000000E+30                 0       
 NEXT SEEDS:18E75854       0       0       0       0       0   181CD    3039       0       0
   90000000             160000000             160000000             2.7894889E-05         1.0000000E+30                 0       
 NEXT SEEDS:1A5E7535       0       0       0       0       0   181CD    3039       0       0
   95000000             155000000             155000000             2.7894606E-05         1.0000000E+30                 0       
 NEXT SEEDS:1BD58973       0       0       0       0       0   181CD    3039       0       0
  100000000             150000000             150000000             2.7896252E-05         1.0000000E+30                 0       
 NEXT SEEDS:1D4CCF3F       0       0       0       0       0   181CD    3039       0       0
  105000000             145000000             145000000             2.7897142E-05         1.0000000E+30                 0       
 NEXT SEEDS:1EC40E1F       0       0       0       0       0   181CD    3039       0       0
  110000000             140000000             140000000             2.7893299E-05         1.0000000E+30                 0       
 NEXT SEEDS:203AEC2E       0       0       0       0       0   181CD    3039       0       0
  115000000             135000000             135000000             2.7894181E-05         1.0000000E+30                 0       
 NEXT SEEDS:21B21E19       0       0       0       0       0   181CD    3039       0       0
  120000000             130000000             130000000             2.7893841E-05         1.0000000E+30                 0       
 NEXT SEEDS:2328F1C7       0       0       0       0       0   181CD    3039       0       0
  125000000             125000000             125000000             2.7893902E-05         1.0000000E+30                 0       
 NEXT SEEDS:24A0567F       0       0       0       0       0   181CD    3039       0       0
  130000000             120000000             120000000             2.7895134E-05         1.0000000E+30                 0       
 NEXT SEEDS:2617792F       0       0       0       0       0   181CD    3039       0       0
  135000000             115000000             115000000             2.7895960E-05         1.0000000E+30                 0       
 NEXT SEEDS:278E6E80       0       0       0       0       0   181CD    3039       0       0
  140000000             110000000             110000000             2.7904011E-05         1.0000000E+30                 0       
 NEXT SEEDS:2905CA20       0       0       0       0       0   181CD    3039       0       0
  145000000             105000000             105000000             2.7914137E-05         1.0000000E+30                 0       
 NEXT SEEDS:2A7CDF5B       0       0       0       0       0   181CD    3039       0       0
  150000000             100000000             100000000             2.7911183E-05         1.0000000E+30                 0       
 NEXT SEEDS:2BF3BC0D       0       0       0       0       0   181CD    3039       0       0
  155000000              95000000              95000000             2.7909647E-05         1.0000000E+30                 0       
 NEXT SEEDS:2D6AE348       0       0       0       0       0   181CD    3039       0       0
  160000000              90000000              90000000             2.7908134E-05         1.0000000E+30                 0       
 NEXT SEEDS:2EE1DDCB       0       0       0       0       0   181CD    3039       0       0
  *** Emfgeo: Ncoun  2000000000
  165000000              85000000              85000000             2.7906630E-05         1.0000000E+30                 0       
 NEXT SEEDS:3058DFF2       0       0       0       0       0   181CD    3039       0       0
  170000000              80000000              80000000             2.7907472E-05         1.0000000E+30                 0       
 NEXT SEEDS:31CFD555       0       0       0       0       0   181CD    3039       0       0
  175000000              75000000              75000000             2.7908316E-05         1.0000000E+30                 0       
 NEXT SEEDS:3346DE61       0       0       0       0       0   181CD    3039       0       0
  180000000              70000000              70000000             2.7909938E-05         1.0000000E+30                 0       
 NEXT SEEDS:34BE11BD       0       0       0       0       0   181CD    3039       0       0
  185000000              65000000              65000000             2.7909777E-05         1.0000000E+30                 0       
 NEXT SEEDS:3634E650       0       0       0       0       0   181CD    3039       0       0
  190000000              60000000              60000000             2.7910810E-05         1.0000000E+30                 0       
 NEXT SEEDS:37ABEC68       0       0       0       0       0   181CD    3039       0       0
  195000000              55000000              55000000             2.7913217E-05         1.0000000E+30                 0       
 NEXT SEEDS:3923352F       0       0       0       0       0   181CD    3039       0       0
  200000000              50000000              50000000             2.7912977E-05         1.0000000E+30                 0       
 NEXT SEEDS:3A9A6B2F       0       0       0       0       0   181CD    3039       0       0
  205000000              45000000              45000000             2.7911408E-05         1.0000000E+30                 0       
 NEXT SEEDS:  766821       1       0       0       0       0   181CD    3039       0       0
  210000000              40000000              40000000             2.7912220E-05         1.0000000E+30                 0       
 NEXT SEEDS: 1ED7A1F       1       0       0       0       0   181CD    3039       0       0
  215000000              35000000              35000000             2.7911034E-05         1.0000000E+30                 0       
 NEXT SEEDS: 3645A4B       1       0       0       0       0   181CD    3039       0       0
  220000000              30000000              30000000             2.7909889E-05         1.0000000E+30                 0       
 NEXT SEEDS: 4DB5779       1       0       0       0       0   181CD    3039       0       0
  225000000              25000000              25000000             2.7909968E-05         1.0000000E+30                 0       
 NEXT SEEDS: 6527A06       1       0       0       0       0   181CD    3039       0       0
  230000000              20000000              20000000             2.7909716E-05         1.0000000E+30                 0       
 NEXT SEEDS: 7C960A9       1       0       0       0       0   181CD    3039       0       0
  235000000              15000000              15000000             2.7910569E-05         1.0000000E+30                 0       
 NEXT SEEDS: 940891D       1       0       0       0       0   181CD    3039       0       0
  240000000              10000000              10000000             2.7910670E-05         1.0000000E+30                 0       
 NEXT SEEDS: AB7AC82       1       0       0       0       0   181CD    3039       0       0
  *** Emfgeo: Ncoun  2000000000
  245000000               5000000               5000000             2.7913725E-05         1.0000000E+30                 0       
 NEXT SEEDS: C2EDDE5       1       0       0       0       0   181CD    3039       0       0
  249999950                    50                    50             2.7913624E-05         1.0000000E+30                 0       
 NEXT SEEDS: DA62330       1       0       0       0       0   181CD    3039       0       0
  249999951                    49                    49             2.7913626E-05         1.0000000E+30                 0       
 NEXT SEEDS: DA62336       1       0       0       0       0   181CD    3039       0       0
  249999952                    48                    48             2.7913625E-05         1.0000000E+30                 0       
 NEXT SEEDS: DA6233A       1       0       0       0       0   181CD    3039       0       0
  249999953                    47                    47             2.7913627E-05         1.0000000E+30                 0       
 NEXT SEEDS: DA6233E       1       0       0       0       0   181CD    3039       0       0
  249999954                    46                    46             2.7913627E-05         1.0000000E+30                 0       
 NEXT SEEDS: DA62342       1       0       0       0       0   181CD    3039       0       0
  249999955                    45                    45             2.7913629E-05         1.0000000E+30                 0       
 NEXT SEEDS: DA62368       1       0       0       0       0   181CD    3039       0       0
  249999956                    44                    44             2.7913629E-05         1.0000000E+30                 0       
 NEXT SEEDS: DA6236C       1       0       0       0       0   181CD    3039       0       0
  249999957                    43                    43             2.7913631E-05         1.0000000E+30                 0       
 NEXT SEEDS: DA62370       1       0       0       0       0   181CD    3039       0       0
  249999958                    42                    42             2.7913631E-05         1.0000000E+30                 0       
 NEXT SEEDS: DA62374       1       0       0       0       0   181CD    3039       0       0
  249999959                    41                    41             2.7913631E-05         1.0000000E+30                 0       
 NEXT SEEDS: DA62378       1       0       0       0       0   181CD    3039       0       0
  249999960                    40                    40             2.7913632E-05         1.0000000E+30                 0       
 NEXT SEEDS: DA6237C       1       0       0       0       0   181CD    3039       0       0
  249999961                    39                    39             2.7913632E-05         1.0000000E+30                 0       
 NEXT SEEDS: DA62380       1       0       0       0       0   181CD    3039       0       0
  249999962                    38                    38             2.7913632E-05         1.0000000E+30                 0       
 NEXT SEEDS: DA62384       1       0       0       0       0   181CD    3039       0       0
  249999963                    37                    37             2.7913634E-05         1.0000000E+30                 0       
 NEXT SEEDS: DA62388       1       0       0       0       0   181CD    3039       0       0
  249999964                    36                    36             2.7913634E-05         1.0000000E+30                 0       
 NEXT SEEDS: DA6238C       1       0       0       0       0   181CD    3039       0       0
  249999965                    35                    35             2.7913634E-05         1.0000000E+30                 0       
 NEXT SEEDS: DA62390       1       0       0       0       0   181CD    3039       0       0
  249999966                    34                    34             2.7913634E-05         1.0000000E+30                 0       
 NEXT SEEDS: DA62394       1       0       0       0       0   181CD    3039       0       0
  249999967                    33                    33             2.7913634E-05         1.0000000E+30                 0       
 NEXT SEEDS: DA62398       1       0       0       0       0   181CD    3039       0       0
  249999968                    32                    32             2.7913633E-05         1.0000000E+30                 0       
 NEXT SEEDS: DA6239C       1       0       0       0       0   181CD    3039       0       0
  249999969                    31                    31             2.7913633E-05         1.0000000E+30                 0       
 NEXT SEEDS: DA623A0       1       0       0       0       0   181CD    3039       0       0
  249999970                    30                    30             2.7913635E-05         1.0000000E+30                 0       
 NEXT SEEDS: DA623A4       1       0       0       0       0   181CD    3039       0       0
  249999971                    29                    29             2.7913635E-05         1.0000000E+30                 0       
 NEXT SEEDS: DA623A8       1       0       0       0       0   181CD    3039       0       0
  249999972                    28                    28             2.7913637E-05         1.0000000E+30                 0       
 NEXT SEEDS: DA623AC       1       0       0       0       0   181CD    3039       0       0
  249999973                    27                    27             2.7913637E-05         1.0000000E+30                 0       
 NEXT SEEDS: DA623B2       1       0       0       0       0   181CD    3039       0       0
  249999974                    26                    26             2.7913637E-05         1.0000000E+30                 0       
 NEXT SEEDS: DA623B6       1       0       0       0       0   181CD    3039       0       0
  249999975                    25                    25             2.7913638E-05         1.0000000E+30                 0       
 NEXT SEEDS: DA623BA       1       0       0       0       0   181CD    3039       0       0
  249999976                    24                    24             2.7913640E-05         1.0000000E+30                 0       
 NEXT SEEDS: DA623D3       1       0       0       0       0   181CD    3039       0       0
  249999977                    23                    23             2.7913640E-05         1.0000000E+30                 0       
 NEXT SEEDS: DA623D9       1       0       0       0       0   181CD    3039       0       0
  249999978                    22                    22             2.7913640E-05         1.0000000E+30                 0       
 NEXT SEEDS: DA623DD       1       0       0       0       0   181CD    3039       0       0
  249999979                    21                    21             2.7913640E-05         1.0000000E+30                 0       
 NEXT SEEDS: DA623E1       1       0       0       0       0   181CD    3039       0       0
  249999980                    20                    20             2.7913640E-05         1.0000000E+30                 0       
 NEXT SEEDS: DA623E5       1       0       0       0       0   181CD    3039       0       0
  249999981                    19                    19             2.7913640E-05         1.0000000E+30                 0       
 NEXT SEEDS: DA623E9       1       0       0       0       0   181CD    3039       0       0
  249999982                    18                    18             2.7913640E-05         1.0000000E+30                 0       
 NEXT SEEDS: DA623ED       1       0       0       0       0   181CD    3039       0       0
  249999983                    17                    17             2.7913640E-05         1.0000000E+30                 0       
 NEXT SEEDS: DA623F1       1       0       0       0       0   181CD    3039       0       0
  249999984                    16                    16             2.7913639E-05         1.0000000E+30                 0       
 NEXT SEEDS: DA623F5       1       0       0       0       0   181CD    3039       0       0
  249999985                    15                    15             2.7913641E-05         1.0000000E+30                 0       
 NEXT SEEDS: DA623F9       1       0       0       0       0   181CD    3039       0       0
  249999986                    14                    14             2.7913641E-05         1.0000000E+30                 0       
 NEXT SEEDS: DA623FD       1       0       0       0       0   181CD    3039       0       0
  249999987                    13                    13             2.7913641E-05         1.0000000E+30                 0       
 NEXT SEEDS: DA62401       1       0       0       0       0   181CD    3039       0       0
  249999988                    12                    12             2.7913643E-05         1.0000000E+30                 0       
 NEXT SEEDS: DA62407       1       0       0       0       0   181CD    3039       0       0
  249999989                    11                    11             2.7913643E-05         1.0000000E+30                 0       
 NEXT SEEDS: DA6240B       1       0       0       0       0   181CD    3039       0       0
  249999990                    10                    10             2.7913645E-05         1.0000000E+30                 0       
 NEXT SEEDS: DA6240F       1       0       0       0       0   181CD    3039       0       0
  249999991                     9                     9             2.7913645E-05         1.0000000E+30                 0       
 NEXT SEEDS: DA62413       1       0       0       0       0   181CD    3039       0       0
  249999992                     8                     8             2.7913644E-05         1.0000000E+30                 0       
 NEXT SEEDS: DA62417       1       0       0       0       0   181CD    3039       0       0
  249999993                     7                     7             2.7913644E-05         1.0000000E+30                 0       
 NEXT SEEDS: DA6241B       1       0       0       0       0   181CD    3039       0       0
  249999994                     6                     6             2.7913646E-05         1.0000000E+30                 0       
 NEXT SEEDS: DA6241F       1       0       0       0       0   181CD    3039       0       0
  249999995                     5                     5             2.7913646E-05         1.0000000E+30                 0       
 NEXT SEEDS: DA62423       1       0       0       0       0   181CD    3039       0       0
  249999996                     4                     4             2.7913646E-05         1.0000000E+30                 0       
 NEXT SEEDS: DA62427       1       0       0       0       0   181CD    3039       0       0
  249999997                     3                     3             2.7913648E-05         1.0000000E+30                 0       
 NEXT SEEDS: DA6242B       1       0       0       0       0   181CD    3039       0       0
  249999998                     2                     2             2.7913648E-05         1.0000000E+30                 0       
 NEXT SEEDS: DA6242F       1       0       0       0       0   181CD    3039       0       0
  249999999                     1                     1             2.7913648E-05         1.0000000E+30                 0       
 NEXT SEEDS: DA62433       1       0       0       0       0   181CD    3039       0       0
  250000000                     0                     1             2.7913649E-05         1.0000000E+30                 0       
 NEXT SEEDS: DA62437       1       0       0       0       0   181CD    3039       0       0
