1NUMBER OF BEAM       NUMBER OF BEAM        APPROXIMATE NUMBER    AVERAGE TIME USED     TIME LEFT (RESERVED   NUMBER OF STARS
 PARTICLES HANDLED    PARTICLES LEFT        OF BEAM PARTICLES     BY A BEAM PARTICLE     10000.0 SECONDS      CREATED
                                            THAT CAN STILL BE                           FOR PRINTOUT)
                                            HANDLED

 NEXT SEEDS:       0       0       0       0       0       0   181CD    3039       0       0
          1             249999999             249999999             7.9154968E-05         1.0000000E+30                 0       
 NEXT SEEDS:       4       0       0       0       0       0   181CD    3039       0       0
 Geofar: Particle in region    26 (cell #    0)
  in position  -1.148535782E+01 -5.335810845E+00 -1.254700000E-01
  is now causing trouble, requesting a step of  2.182223414E+00 cm
  to direction  4.353978700E-01  1.998550205E-01 -8.777736984E-01
  end position -1.053522239E+01 -4.899682539E+00 -2.040968317E+00
  R2:  1.266429317E+01 R3:  1.266491470E+01 cm  error count:  0
  X*U   (2D): -6.067088916E+00 X*U   (3D): -5.956954650E+00 cm
  X*UOLD(2D):  5.256556897E+00 X*UOLD(3D):  5.149566442E+00 cm
  Kloop:    8060293, Irsave:     26, Irsav2:     26, error code:  -3 Nfrom:  5000
  old direction -2.428015577E-01 -4.625152953E-01  8.527174240E-01, lagain, lstnew, lsense, lsnsct  F  F  F  T
  Particle index    7 total energy   5.406883082E-05 GeV  Nsurf    0
 We succeeded in saving the particle:  current region is n.    27 (cell #    0)
    5000000             245000000             245000000             2.7855510E-05         1.0000000E+30                 0       
 NEXT SEEDS: 1771722       0       0       0       0       0   181CD    3039       0       0
   10000000             240000000             240000000             2.7823081E-05         1.0000000E+30                 0       
 NEXT SEEDS: 2EE7A03       0       0       0       0       0   181CD    3039       0       0
   15000000             235000000             235000000             2.7796930E-05         1.0000000E+30                 0       
 NEXT SEEDS: 4659F26       0       0       0       0       0   181CD    3039       0       0
   20000000             230000000             230000000             2.7775386E-05         1.0000000E+30                 0       
 NEXT SEEDS: 5DC9357       0       0       0       0       0   181CD    3039       0       0
   25000000             225000000             225000000             2.7779450E-05         1.0000000E+30                 0       
 NEXT SEEDS: 753BB9D       0       0       0       0       0   181CD    3039       0       0
   30000000             220000000             220000000             2.7771581E-05         1.0000000E+30                 0       
 NEXT SEEDS: 8CA8E6D       0       0       0       0       0   181CD    3039       0       0
   35000000             215000000             215000000             2.7761247E-05         1.0000000E+30                 0       
 NEXT SEEDS: A419825       0       0       0       0       0   181CD    3039       0       0
   40000000             210000000             210000000             2.7759342E-05         1.0000000E+30                 0       
 NEXT SEEDS: BB8A287       0       0       0       0       0   181CD    3039       0       0
   45000000             205000000             205000000             2.7770232E-05         1.0000000E+30                 0       
 NEXT SEEDS: D2FB74C       0       0       0       0       0   181CD    3039       0       0
   50000000             200000000             200000000             2.7774027E-05         1.0000000E+30                 0       
 NEXT SEEDS: EA6E068       0       0       0       0       0   181CD    3039       0       0
   55000000             195000000             195000000             2.7767368E-05         1.0000000E+30                 0       
 NEXT SEEDS:101DD92C       0       0       0       0       0   181CD    3039       0       0
   60000000             190000000             190000000             2.7763811E-05         1.0000000E+30                 0       
 NEXT SEEDS:119533C1       0       0       0       0       0   181CD    3039       0       0
   65000000             185000000             185000000             2.7764031E-05         1.0000000E+30                 0       
 NEXT SEEDS:130C8E35       0       0       0       0       0   181CD    3039       0       0
   70000000             180000000             180000000             2.7758402E-05         1.0000000E+30                 0       
 NEXT SEEDS:148383F0       0       0       0       0       0   181CD    3039       0       0
   75000000             175000000             175000000             2.7758829E-05         1.0000000E+30                 0       
 NEXT SEEDS:15FA7A73       0       0       0       0       0   181CD    3039       0       0
   80000000             170000000             170000000             2.7759049E-05         1.0000000E+30                 0       
 NEXT SEEDS:1771C9E3       0       0       0       0       0   181CD    3039       0       0
  *** Emfgeo: Ncoun  2000000000
   85000000             165000000             165000000             2.7757368E-05         1.0000000E+30                 0       
 NEXT SEEDS:18E8B19E       0       0       0       0       0   181CD    3039       0       0
   90000000             160000000             160000000             2.7758407E-05         1.0000000E+30                 0       
 NEXT SEEDS:1A600F8B       0       0       0       0       0   181CD    3039       0       0
   95000000             155000000             155000000             2.7759514E-05         1.0000000E+30                 0       
 NEXT SEEDS:1BD7236D       0       0       0       0       0   181CD    3039       0       0
  100000000             150000000             150000000             2.7758311E-05         1.0000000E+30                 0       
 NEXT SEEDS:1D4E2A65       0       0       0       0       0   181CD    3039       0       0
  105000000             145000000             145000000             2.7757501E-05         1.0000000E+30                 0       
 NEXT SEEDS:1EC53B3C       0       0       0       0       0   181CD    3039       0       0
  110000000             140000000             140000000             2.7754537E-05         1.0000000E+30                 0       
 NEXT SEEDS:203C4889       0       0       0       0       0   181CD    3039       0       0
  115000000             135000000             135000000             2.7752512E-05         1.0000000E+30                 0       
 NEXT SEEDS:21B33886       0       0       0       0       0   181CD    3039       0       0
  120000000             130000000             130000000             2.7749158E-05         1.0000000E+30                 0       
 NEXT SEEDS:232A301E       0       0       0       0       0   181CD    3039       0       0
  125000000             125000000             125000000             2.7751475E-05         1.0000000E+30                 0       
 NEXT SEEDS:24A146D1       0       0       0       0       0   181CD    3039       0       0
  130000000             120000000             120000000             2.7748271E-05         1.0000000E+30                 0       
 NEXT SEEDS:26183D53       0       0       0       0       0   181CD    3039       0       0
  135000000             115000000             115000000             2.7747174E-05         1.0000000E+30                 0       
 NEXT SEEDS:278F7580       0       0       0       0       0   181CD    3039       0       0
  140000000             110000000             110000000             2.7745674E-05         1.0000000E+30                 0       
 NEXT SEEDS:2906CE97       0       0       0       0       0   181CD    3039       0       0
  145000000             105000000             105000000             2.7744508E-05         1.0000000E+30                 0       
 NEXT SEEDS:2A7DA519       0       0       0       0       0   181CD    3039       0       0
  150000000             100000000             100000000             2.7743405E-05         1.0000000E+30                 0       
 NEXT SEEDS:2BF4AC5C       0       0       0       0       0   181CD    3039       0       0
  155000000              95000000              95000000             2.7744229E-05         1.0000000E+30                 0       
 NEXT SEEDS:2D6C07EF       0       0       0       0       0   181CD    3039       0       0
  160000000              90000000              90000000             2.7744446E-05         1.0000000E+30                 0       
 NEXT SEEDS:2EE2FE59       0       0       0       0       0   181CD    3039       0       0
  *** Emfgeo: Ncoun  2000000000
  165000000              85000000              85000000             2.7744253E-05         1.0000000E+30                 0       
 NEXT SEEDS:305A4264       0       0       0       0       0   181CD    3039       0       0
  170000000              80000000              80000000             2.7744195E-05         1.0000000E+30                 0       
 NEXT SEEDS:31D188B1       0       0       0       0       0   181CD    3039       0       0
  175000000              75000000              75000000             2.7742430E-05         1.0000000E+30                 0       
 NEXT SEEDS:33484D33       0       0       0       0       0   181CD    3039       0       0
  180000000              70000000              70000000             2.7741132E-05         1.0000000E+30                 0       
 NEXT SEEDS:34BF57C5       0       0       0       0       0   181CD    3039       0       0
  185000000              65000000              65000000             2.7739253E-05         1.0000000E+30                 0       
 NEXT SEEDS:363652A9       0       0       0       0       0   181CD    3039       0       0
  190000000              60000000              60000000             2.7740024E-05         1.0000000E+30                 0       
 NEXT SEEDS:37AD8868       0       0       0       0       0   181CD    3039       0       0
  195000000              55000000              55000000             2.7739666E-05         1.0000000E+30                 0       
 NEXT SEEDS:3924A049       0       0       0       0       0   181CD    3039       0       0
  200000000              50000000              50000000             2.7738196E-05         1.0000000E+30                 0       
 NEXT SEEDS:3A9BAB2B       0       0       0       0       0   181CD    3039       0       0
  205000000              45000000              45000000             2.7738803E-05         1.0000000E+30                 0       
 NEXT SEEDS:  77DD7F       1       0       0       0       0   181CD    3039       0       0
  210000000              40000000              40000000             2.7737516E-05         1.0000000E+30                 0       
 NEXT SEEDS: 1EEB398       1       0       0       0       0   181CD    3039       0       0
  215000000              35000000              35000000             2.7737523E-05         1.0000000E+30                 0       
 NEXT SEEDS: 365C9DE       1       0       0       0       0   181CD    3039       0       0
  220000000              30000000              30000000             2.7738162E-05         1.0000000E+30                 0       
 NEXT SEEDS: 4DCF46D       1       0       0       0       0   181CD    3039       0       0
  225000000              25000000              25000000             2.7739447E-05         1.0000000E+30                 0       
 NEXT SEEDS: 6541916       1       0       0       0       0   181CD    3039       0       0
  230000000              20000000              20000000             2.7746421E-05         1.0000000E+30                 0       
 NEXT SEEDS: 7CAFC2D       1       0       0       0       0   181CD    3039       0       0
  235000000              15000000              15000000             2.7754503E-05         1.0000000E+30                 0       
 NEXT SEEDS: 94206DF       1       0       0       0       0   181CD    3039       0       0
  240000000              10000000              10000000             2.7753546E-05         1.0000000E+30                 0       
 NEXT SEEDS: AB96B02       1       0       0       0       0   181CD    3039       0       0
  *** Emfgeo: Ncoun  2000000000
  245000000               5000000               5000000             2.7753249E-05         1.0000000E+30                 0       
 NEXT SEEDS: C308CE1       1       0       0       0       0   181CD    3039       0       0
  249999950                    50                    50             2.7761564E-05         1.0000000E+30                 0       
 NEXT SEEDS: DA7B9D1       1       0       0       0       0   181CD    3039       0       0
  249999951                    49                    49             2.7761564E-05         1.0000000E+30                 0       
 NEXT SEEDS: DA7B9D5       1       0       0       0       0   181CD    3039       0       0
  249999952                    48                    48             2.7761564E-05         1.0000000E+30                 0       
 NEXT SEEDS: DA7B9D9       1       0       0       0       0   181CD    3039       0       0
  249999953                    47                    47             2.7761564E-05         1.0000000E+30                 0       
 NEXT SEEDS: DA7B9DD       1       0       0       0       0   181CD    3039       0       0
  249999954                    46                    46             2.7761564E-05         1.0000000E+30                 0       
 NEXT SEEDS: DA7B9E1       1       0       0       0       0   181CD    3039       0       0
  249999955                    45                    45             2.7761564E-05         1.0000000E+30                 0       
 NEXT SEEDS: DA7B9EC       1       0       0       0       0   181CD    3039       0       0
  249999956                    44                    44             2.7761566E-05         1.0000000E+30                 0       
 NEXT SEEDS: DA7B9F0       1       0       0       0       0   181CD    3039       0       0
  249999957                    43                    43             2.7761565E-05         1.0000000E+30                 0       
 NEXT SEEDS: DA7B9F4       1       0       0       0       0   181CD    3039       0       0
  249999958                    42                    42             2.7761565E-05         1.0000000E+30                 0       
 NEXT SEEDS: DA7B9F8       1       0       0       0       0   181CD    3039       0       0
  249999959                    41                    41             2.7761567E-05         1.0000000E+30                 0       
 NEXT SEEDS: DA7B9FC       1       0       0       0       0   181CD    3039       0       0
  249999960                    40                    40             2.7761567E-05         1.0000000E+30                 0       
 NEXT SEEDS: DA7BA02       1       0       0       0       0   181CD    3039       0       0
  249999961                    39                    39             2.7761569E-05         1.0000000E+30                 0       
 NEXT SEEDS: DA7BA06       1       0       0       0       0   181CD    3039       0       0
  249999962                    38                    38             2.7761571E-05         1.0000000E+30                 0       
 NEXT SEEDS: DA7BA0C       1       0       0       0       0   181CD    3039       0       0
  249999963                    37                    37             2.7761571E-05         1.0000000E+30                 0       
 NEXT SEEDS: DA7BA10       1       0       0       0       0   181CD    3039       0       0
  249999964                    36                    36             2.7761573E-05         1.0000000E+30                 0       
 NEXT SEEDS: DA7BA14       1       0       0       0       0   181CD    3039       0       0
  249999965                    35                    35             2.7761572E-05         1.0000000E+30                 0       
 NEXT SEEDS: DA7BA18       1       0       0       0       0   181CD    3039       0       0
  249999966                    34                    34             2.7761574E-05         1.0000000E+30                 0       
 NEXT SEEDS: DA7BA1C       1       0       0       0       0   181CD    3039       0       0
  249999967                    33                    33             2.7761574E-05         1.0000000E+30                 0       
 NEXT SEEDS: DA7BA20       1       0       0       0       0   181CD    3039       0       0
  249999968                    32                    32             2.7761574E-05         1.0000000E+30                 0       
 NEXT SEEDS: DA7BA24       1       0       0       0       0   181CD    3039       0       0
  249999969                    31                    31             2.7761576E-05         1.0000000E+30                 0       
 NEXT SEEDS: DA7BA28       1       0       0       0       0   181CD    3039       0       0
  249999970                    30                    30             2.7761576E-05         1.0000000E+30                 0       
 NEXT SEEDS: DA7BA2C       1       0       0       0       0   181CD    3039       0       0
  249999971                    29                    29             2.7761576E-05         1.0000000E+30                 0       
 NEXT SEEDS: DA7BA30       1       0       0       0       0   181CD    3039       0       0
  249999972                    28                    28             2.7761576E-05         1.0000000E+30                 0       
 NEXT SEEDS: DA7BA34       1       0       0       0       0   181CD    3039       0       0
  249999973                    27                    27             2.7761575E-05         1.0000000E+30                 0       
 NEXT SEEDS: DA7BA38       1       0       0       0       0   181CD    3039       0       0
  249999974                    26                    26             2.7761575E-05         1.0000000E+30                 0       
 NEXT SEEDS: DA7BA3C       1       0       0       0       0   181CD    3039       0       0
  249999975                    25                    25             2.7761575E-05         1.0000000E+30                 0       
 NEXT SEEDS: DA7BA40       1       0       0       0       0   181CD    3039       0       0
  249999976                    24                    24             2.7761575E-05         1.0000000E+30                 0       
 NEXT SEEDS: DA7BA44       1       0       0       0       0   181CD    3039       0       0
  249999977                    23                    23             2.7761575E-05         1.0000000E+30                 0       
 NEXT SEEDS: DA7BA48       1       0       0       0       0   181CD    3039       0       0
  249999978                    22                    22             2.7761575E-05         1.0000000E+30                 0       
 NEXT SEEDS: DA7BA4C       1       0       0       0       0   181CD    3039       0       0
  249999979                    21                    21             2.7761575E-05         1.0000000E+30                 0       
 NEXT SEEDS: DA7BA50       1       0       0       0       0   181CD    3039       0       0
  249999980                    20                    20             2.7761575E-05         1.0000000E+30                 0       
 NEXT SEEDS: DA7BA56       1       0       0       0       0   181CD    3039       0       0
  249999981                    19                    19             2.7761575E-05         1.0000000E+30                 0       
 NEXT SEEDS: DA7BA5A       1       0       0       0       0   181CD    3039       0       0
  249999982                    18                    18             2.7761574E-05         1.0000000E+30                 0       
 NEXT SEEDS: DA7BA5E       1       0       0       0       0   181CD    3039       0       0
  249999983                    17                    17             2.7761574E-05         1.0000000E+30                 0       
 NEXT SEEDS: DA7BA62       1       0       0       0       0   181CD    3039       0       0
  249999984                    16                    16             2.7761576E-05         1.0000000E+30                 0       
 NEXT SEEDS: DA7BA66       1       0       0       0       0   181CD    3039       0       0
  249999985                    15                    15             2.7761576E-05         1.0000000E+30                 0       
 NEXT SEEDS: DA7BA6A       1       0       0       0       0   181CD    3039       0       0
  249999986                    14                    14             2.7761576E-05         1.0000000E+30                 0       
 NEXT SEEDS: DA7BA6E       1       0       0       0       0   181CD    3039       0       0
  249999987                    13                    13             2.7761578E-05         1.0000000E+30                 0       
 NEXT SEEDS: DA7BA82       1       0       0       0       0   181CD    3039       0       0
  249999988                    12                    12             2.7761580E-05         1.0000000E+30                 0       
 NEXT SEEDS: DA7BA86       1       0       0       0       0   181CD    3039       0       0
  249999989                    11                    11             2.7761580E-05         1.0000000E+30                 0       
 NEXT SEEDS: DA7BA8A       1       0       0       0       0   181CD    3039       0       0
  249999990                    10                    10             2.7761579E-05         1.0000000E+30                 0       
 NEXT SEEDS: DA7BA8E       1       0       0       0       0   181CD    3039       0       0
  249999991                     9                     9             2.7761581E-05         1.0000000E+30                 0       
 NEXT SEEDS: DA7BA92       1       0       0       0       0   181CD    3039       0       0
  249999992                     8                     8             2.7761581E-05         1.0000000E+30                 0       
 NEXT SEEDS: DA7BA96       1       0       0       0       0   181CD    3039       0       0
  249999993                     7                     7             2.7761583E-05         1.0000000E+30                 0       
 NEXT SEEDS: DA7BA9A       1       0       0       0       0   181CD    3039       0       0
  249999994                     6                     6             2.7761583E-05         1.0000000E+30                 0       
 NEXT SEEDS: DA7BA9E       1       0       0       0       0   181CD    3039       0       0
  249999995                     5                     5             2.7761583E-05         1.0000000E+30                 0       
 NEXT SEEDS: DA7BAA2       1       0       0       0       0   181CD    3039       0       0
  249999996                     4                     4             2.7761585E-05         1.0000000E+30                 0       
 NEXT SEEDS: DA7BAA6       1       0       0       0       0   181CD    3039       0       0
  249999997                     3                     3             2.7761584E-05         1.0000000E+30                 0       
 NEXT SEEDS: DA7BAAA       1       0       0       0       0   181CD    3039       0       0
  249999998                     2                     2             2.7761586E-05         1.0000000E+30                 0       
 NEXT SEEDS: DA7BAAE       1       0       0       0       0   181CD    3039       0       0
  249999999                     1                     1             2.7761586E-05         1.0000000E+30                 0       
 NEXT SEEDS: DA7BAB2       1       0       0       0       0   181CD    3039       0       0
  250000000                     0                     1             2.7761586E-05         1.0000000E+30                 0       
 NEXT SEEDS: DA7BAB6       1       0       0       0       0   181CD    3039       0       0
