1NUMBER OF BEAM       NUMBER OF BEAM        APPROXIMATE NUMBER    AVERAGE TIME USED     TIME LEFT (RESERVED   NUMBER OF STARS
 PARTICLES HANDLED    PARTICLES LEFT        OF BEAM PARTICLES     BY A BEAM PARTICLE     10000.0 SECONDS      CREATED
                                            THAT CAN STILL BE                           FOR PRINTOUT)
                                            HANDLED

 NEXT SEEDS:       0       0       0       0       0       0   181CD    3039       0       0
          1             249999999             249999999             7.7009201E-05         1.0000000E+30                 0       
 NEXT SEEDS:       4       0       0       0       0       0   181CD    3039       0       0
 Geofar: Particle in region    26 (cell #    0)
  in position  -1.148535782E+01 -5.335810845E+00 -1.254700000E-01
  is now causing trouble, requesting a step of  2.182223414E+00 cm
  to direction  4.353978700E-01  1.998550205E-01 -8.777736984E-01
  end position -1.053522239E+01 -4.899682539E+00 -2.040968317E+00
  R2:  1.266429317E+01 R3:  1.266491470E+01 cm  error count:  0
  X*U   (2D): -6.067088916E+00 X*U   (3D): -5.956954650E+00 cm
  X*UOLD(2D):  5.256556897E+00 X*UOLD(3D):  5.149566442E+00 cm
  Kloop:    8063809, Irsave:     26, Irsav2:     26, error code:  -3 Nfrom:  5000
  old direction -2.428015577E-01 -4.625152953E-01  8.527174240E-01, lagain, lstnew, lsense, lsnsct  F  F  F  T
  Particle index    7 total energy   5.406883082E-05 GeV  Nsurf    0
 We succeeded in saving the particle:  current region is n.    27 (cell #    0)
    5000000             245000000             245000000             2.7963595E-05         1.0000000E+30                 0       
 NEXT SEEDS: 1770ACD       0       0       0       0       0   181CD    3039       0       0
   10000000             240000000             240000000             2.7946153E-05         1.0000000E+30                 0       
 NEXT SEEDS: 2EE14E2       0       0       0       0       0   181CD    3039       0       0
   15000000             235000000             235000000             2.7946567E-05         1.0000000E+30                 0       
 NEXT SEEDS: 4650E60       0       0       0       0       0   181CD    3039       0       0
   20000000             230000000             230000000             2.7931803E-05         1.0000000E+30                 0       
 NEXT SEEDS: 5DBD4A6       0       0       0       0       0   181CD    3039       0       0
   25000000             225000000             225000000             2.7933331E-05         1.0000000E+30                 0       
 NEXT SEEDS: 752DDE8       0       0       0       0       0   181CD    3039       0       0
   30000000             220000000             220000000             2.7938355E-05         1.0000000E+30                 0       
 NEXT SEEDS: 8CA0A71       0       0       0       0       0   181CD    3039       0       0
   35000000             215000000             215000000             2.7942763E-05         1.0000000E+30                 0       
 NEXT SEEDS: A41336E       0       0       0       0       0   181CD    3039       0       0
   40000000             210000000             210000000             2.7942960E-05         1.0000000E+30                 0       
 NEXT SEEDS: BB87093       0       0       0       0       0   181CD    3039       0       0
   45000000             205000000             205000000             2.7943154E-05         1.0000000E+30                 0       
 NEXT SEEDS: D2FA751       0       0       0       0       0   181CD    3039       0       0
   50000000             200000000             200000000             2.7946743E-05         1.0000000E+30                 0       
 NEXT SEEDS: EA6E50F       0       0       0       0       0   181CD    3039       0       0
   55000000             195000000             195000000             2.7942738E-05         1.0000000E+30                 0       
 NEXT SEEDS:101DC361       0       0       0       0       0   181CD    3039       0       0
   60000000             190000000             190000000             2.7941118E-05         1.0000000E+30                 0       
 NEXT SEEDS:11950489       0       0       0       0       0   181CD    3039       0       0
   65000000             185000000             185000000             2.7947354E-05         1.0000000E+30                 0       
 NEXT SEEDS:130C5E15       0       0       0       0       0   181CD    3039       0       0
   70000000             180000000             180000000             2.7949015E-05         1.0000000E+30                 0       
 NEXT SEEDS:14833631       0       0       0       0       0   181CD    3039       0       0
   75000000             175000000             175000000             2.7949613E-05         1.0000000E+30                 0       
 NEXT SEEDS:15FA7196       0       0       0       0       0   181CD    3039       0       0
   80000000             170000000             170000000             2.7943286E-05         1.0000000E+30                 0       
 NEXT SEEDS:17714709       0       0       0       0       0   181CD    3039       0       0
  *** Emfgeo: Ncoun  2000000000
   85000000             165000000             165000000             2.7940427E-05         1.0000000E+30                 0       
 NEXT SEEDS:18E855D0       0       0       0       0       0   181CD    3039       0       0
   90000000             160000000             160000000             2.7939423E-05         1.0000000E+30                 0       
 NEXT SEEDS:1A5F9A28       0       0       0       0       0   181CD    3039       0       0
   95000000             155000000             155000000             2.7938461E-05         1.0000000E+30                 0       
 NEXT SEEDS:1BD673F9       0       0       0       0       0   181CD    3039       0       0
  100000000             150000000             150000000             2.7939209E-05         1.0000000E+30                 0       
 NEXT SEEDS:1D4DC501       0       0       0       0       0   181CD    3039       0       0
  105000000             145000000             145000000             2.7941246E-05         1.0000000E+30                 0       
 NEXT SEEDS:1EC4F1B6       0       0       0       0       0   181CD    3039       0       0
  110000000             140000000             140000000             2.7942410E-05         1.0000000E+30                 0       
 NEXT SEEDS:203BCAB7       0       0       0       0       0   181CD    3039       0       0
  115000000             135000000             135000000             2.7942500E-05         1.0000000E+30                 0       
 NEXT SEEDS:21B2D57D       0       0       0       0       0   181CD    3039       0       0
  120000000             130000000             130000000             2.7941262E-05         1.0000000E+30                 0       
 NEXT SEEDS:2329B51E       0       0       0       0       0   181CD    3039       0       0
  125000000             125000000             125000000             2.7941147E-05         1.0000000E+30                 0       
 NEXT SEEDS:24A0A043       0       0       0       0       0   181CD    3039       0       0
  130000000             120000000             120000000             2.7944516E-05         1.0000000E+30                 0       
 NEXT SEEDS:2617CB78       0       0       0       0       0   181CD    3039       0       0
  135000000             115000000             115000000             2.7946226E-05         1.0000000E+30                 0       
 NEXT SEEDS:278EE37D       0       0       0       0       0   181CD    3039       0       0
  140000000             110000000             110000000             2.7947939E-05         1.0000000E+30                 0       
 NEXT SEEDS:2905C4B1       0       0       0       0       0   181CD    3039       0       0
  145000000             105000000             105000000             2.7947815E-05         1.0000000E+30                 0       
 NEXT SEEDS:2A7CF482       0       0       0       0       0   181CD    3039       0       0
  150000000             100000000             100000000             2.7948748E-05         1.0000000E+30                 0       
 NEXT SEEDS:2BF3FBCD       0       0       0       0       0   181CD    3039       0       0
  155000000              95000000              95000000             2.7950058E-05         1.0000000E+30                 0       
 NEXT SEEDS:2D6B42B8       0       0       0       0       0   181CD    3039       0       0
  160000000              90000000              90000000             2.7949996E-05         1.0000000E+30                 0       
 NEXT SEEDS:2EE21CCC       0       0       0       0       0   181CD    3039       0       0
  *** Emfgeo: Ncoun  2000000000
  165000000              85000000              85000000             2.7950709E-05         1.0000000E+30                 0       
 NEXT SEEDS:30592CB4       0       0       0       0       0   181CD    3039       0       0
  170000000              80000000              80000000             2.7954083E-05         1.0000000E+30                 0       
 NEXT SEEDS:31D017D1       0       0       0       0       0   181CD    3039       0       0
  175000000              75000000              75000000             2.7952962E-05         1.0000000E+30                 0       
 NEXT SEEDS:3346F78C       0       0       0       0       0   181CD    3039       0       0
  180000000              70000000              70000000             2.7953547E-05         1.0000000E+30                 0       
 NEXT SEEDS:34BDBA85       0       0       0       0       0   181CD    3039       0       0
  185000000              65000000              65000000             2.7950991E-05         1.0000000E+30                 0       
 NEXT SEEDS:3634B364       0       0       0       0       0   181CD    3039       0       0
  190000000              60000000              60000000             2.7949865E-05         1.0000000E+30                 0       
 NEXT SEEDS:37ABF1FB       0       0       0       0       0   181CD    3039       0       0
  195000000              55000000              55000000             2.7950567E-05         1.0000000E+30                 0       
 NEXT SEEDS:3922EE94       0       0       0       0       0   181CD    3039       0       0
  200000000              50000000              50000000             2.7947509E-05         1.0000000E+30                 0       
 NEXT SEEDS:3A99DF02       0       0       0       0       0   181CD    3039       0       0
  205000000              45000000              45000000             2.7948205E-05         1.0000000E+30                 0       
 NEXT SEEDS:  762BC4       1       0       0       0       0   181CD    3039       0       0
  210000000              40000000              40000000             2.7946648E-05         1.0000000E+30                 0       
 NEXT SEEDS: 1ED505D       1       0       0       0       0   181CD    3039       0       0
  215000000              35000000              35000000             2.7946901E-05         1.0000000E+30                 0       
 NEXT SEEDS: 36409DB       1       0       0       0       0   181CD    3039       0       0
  220000000              30000000              30000000             2.7948874E-05         1.0000000E+30                 0       
 NEXT SEEDS: 4DB7DB5       1       0       0       0       0   181CD    3039       0       0
  225000000              25000000              25000000             2.7948716E-05         1.0000000E+30                 0       
 NEXT SEEDS: 6529D38       1       0       0       0       0   181CD    3039       0       0
  230000000              20000000              20000000             2.7948532E-05         1.0000000E+30                 0       
 NEXT SEEDS: 7C9A70A       1       0       0       0       0   181CD    3039       0       0
  235000000              15000000              15000000             2.7948353E-05         1.0000000E+30                 0       
 NEXT SEEDS: 940AE5B       1       0       0       0       0   181CD    3039       0       0
  240000000              10000000              10000000             2.7947411E-05         1.0000000E+30                 0       
 NEXT SEEDS: AB7B684       1       0       0       0       0   181CD    3039       0       0
  *** Emfgeo: Ncoun  2000000000
  245000000               5000000               5000000             2.7947081E-05         1.0000000E+30                 0       
 NEXT SEEDS: C2EB66A       1       0       0       0       0   181CD    3039       0       0
  249999950                    50                    50             2.7947130E-05         1.0000000E+30                 0       
 NEXT SEEDS: DA5B616       1       0       0       0       0   181CD    3039       0       0
  249999951                    49                    49             2.7947130E-05         1.0000000E+30                 0       
 NEXT SEEDS: DA5B61A       1       0       0       0       0   181CD    3039       0       0
  249999952                    48                    48             2.7947131E-05         1.0000000E+30                 0       
 NEXT SEEDS: DA5B61E       1       0       0       0       0   181CD    3039       0       0
  249999953                    47                    47             2.7947131E-05         1.0000000E+30                 0       
 NEXT SEEDS: DA5B622       1       0       0       0       0   181CD    3039       0       0
  249999954                    46                    46             2.7947131E-05         1.0000000E+30                 0       
 NEXT SEEDS: DA5B626       1       0       0       0       0   181CD    3039       0       0
  249999955                    45                    45             2.7947133E-05         1.0000000E+30                 0       
 NEXT SEEDS: DA5B62A       1       0       0       0       0   181CD    3039       0       0
  249999956                    44                    44             2.7947135E-05         1.0000000E+30                 0       
 NEXT SEEDS: DA5B63E       1       0       0       0       0   181CD    3039       0       0
  249999957                    43                    43             2.7947135E-05         1.0000000E+30                 0       
 NEXT SEEDS: DA5B642       1       0       0       0       0   181CD    3039       0       0
  249999958                    42                    42             2.7947137E-05         1.0000000E+30                 0       
 NEXT SEEDS: DA5B646       1       0       0       0       0   181CD    3039       0       0
  249999959                    41                    41             2.7947136E-05         1.0000000E+30                 0       
 NEXT SEEDS: DA5B64A       1       0       0       0       0   181CD    3039       0       0
  249999960                    40                    40             2.7947136E-05         1.0000000E+30                 0       
 NEXT SEEDS: DA5B64E       1       0       0       0       0   181CD    3039       0       0
  249999961                    39                    39             2.7947136E-05         1.0000000E+30                 0       
 NEXT SEEDS: DA5B652       1       0       0       0       0   181CD    3039       0       0
  249999962                    38                    38             2.7947136E-05         1.0000000E+30                 0       
 NEXT SEEDS: DA5B656       1       0       0       0       0   181CD    3039       0       0
  249999963                    37                    37             2.7947136E-05         1.0000000E+30                 0       
 NEXT SEEDS: DA5B65A       1       0       0       0       0   181CD    3039       0       0
  249999964                    36                    36             2.7947136E-05         1.0000000E+30                 0       
 NEXT SEEDS: DA5B65E       1       0       0       0       0   181CD    3039       0       0
  249999965                    35                    35             2.7947136E-05         1.0000000E+30                 0       
 NEXT SEEDS: DA5B662       1       0       0       0       0   181CD    3039       0       0
  249999966                    34                    34             2.7947136E-05         1.0000000E+30                 0       
 NEXT SEEDS: DA5B668       1       0       0       0       0   181CD    3039       0       0
  249999967                    33                    33             2.7947136E-05         1.0000000E+30                 0       
 NEXT SEEDS: DA5B66C       1       0       0       0       0   181CD    3039       0       0
  249999968                    32                    32             2.7947135E-05         1.0000000E+30                 0       
 NEXT SEEDS: DA5B670       1       0       0       0       0   181CD    3039       0       0
  249999969                    31                    31             2.7947135E-05         1.0000000E+30                 0       
 NEXT SEEDS: DA5B676       1       0       0       0       0   181CD    3039       0       0
  249999970                    30                    30             2.7947135E-05         1.0000000E+30                 0       
 NEXT SEEDS: DA5B67A       1       0       0       0       0   181CD    3039       0       0
  249999971                    29                    29             2.7947137E-05         1.0000000E+30                 0       
 NEXT SEEDS: DA5B67E       1       0       0       0       0   181CD    3039       0       0
  249999972                    28                    28             2.7947137E-05         1.0000000E+30                 0       
 NEXT SEEDS: DA5B682       1       0       0       0       0   181CD    3039       0       0
  249999973                    27                    27             2.7947139E-05         1.0000000E+30                 0       
 NEXT SEEDS: DA5B68D       1       0       0       0       0   181CD    3039       0       0
  249999974                    26                    26             2.7947139E-05         1.0000000E+30                 0       
 NEXT SEEDS: DA5B691       1       0       0       0       0   181CD    3039       0       0
  249999975                    25                    25             2.7947139E-05         1.0000000E+30                 0       
 NEXT SEEDS: DA5B695       1       0       0       0       0   181CD    3039       0       0
  249999976                    24                    24             2.7947138E-05         1.0000000E+30                 0       
 NEXT SEEDS: DA5B699       1       0       0       0       0   181CD    3039       0       0
  249999977                    23                    23             2.7947138E-05         1.0000000E+30                 0       
 NEXT SEEDS: DA5B69D       1       0       0       0       0   181CD    3039       0       0
  249999978                    22                    22             2.7947138E-05         1.0000000E+30                 0       
 NEXT SEEDS: DA5B6A1       1       0       0       0       0   181CD    3039       0       0
  249999979                    21                    21             2.7947138E-05         1.0000000E+30                 0       
 NEXT SEEDS: DA5B6A5       1       0       0       0       0   181CD    3039       0       0
  249999980                    20                    20             2.7947138E-05         1.0000000E+30                 0       
 NEXT SEEDS: DA5B6A9       1       0       0       0       0   181CD    3039       0       0
  249999981                    19                    19             2.7947140E-05         1.0000000E+30                 0       
 NEXT SEEDS: DA5B6BC       1       0       0       0       0   181CD    3039       0       0
  249999982                    18                    18             2.7947142E-05         1.0000000E+30                 0       
 NEXT SEEDS: DA5B6C0       1       0       0       0       0   181CD    3039       0       0
  249999983                    17                    17             2.7947142E-05         1.0000000E+30                 0       
 NEXT SEEDS: DA5B6C4       1       0       0       0       0   181CD    3039       0       0
  249999984                    16                    16             2.7947141E-05         1.0000000E+30                 0       
 NEXT SEEDS: DA5B6C8       1       0       0       0       0   181CD    3039       0       0
  249999985                    15                    15             2.7947143E-05         1.0000000E+30                 0       
 NEXT SEEDS: DA5B6CC       1       0       0       0       0   181CD    3039       0       0
  249999986                    14                    14             2.7947143E-05         1.0000000E+30                 0       
 NEXT SEEDS: DA5B6D0       1       0       0       0       0   181CD    3039       0       0
  249999987                    13                    13             2.7947143E-05         1.0000000E+30                 0       
 NEXT SEEDS: DA5B6D4       1       0       0       0       0   181CD    3039       0       0
  249999988                    12                    12             2.7947145E-05         1.0000000E+30                 0       
 NEXT SEEDS: DA5B6D8       1       0       0       0       0   181CD    3039       0       0
  249999989                    11                    11             2.7947145E-05         1.0000000E+30                 0       
 NEXT SEEDS: DA5B6DC       1       0       0       0       0   181CD    3039       0       0
  249999990                    10                    10             2.7947145E-05         1.0000000E+30                 0       
 NEXT SEEDS: DA5B6E0       1       0       0       0       0   181CD    3039       0       0
  249999991                     9                     9             2.7947147E-05         1.0000000E+30                 0       
 NEXT SEEDS: DA5B6E4       1       0       0       0       0   181CD    3039       0       0
  249999992                     8                     8             2.7947146E-05         1.0000000E+30                 0       
 NEXT SEEDS: DA5B6E8       1       0       0       0       0   181CD    3039       0       0
  249999993                     7                     7             2.7947146E-05         1.0000000E+30                 0       
 NEXT SEEDS: DA5B6EC       1       0       0       0       0   181CD    3039       0       0
  249999994                     6                     6             2.7947146E-05         1.0000000E+30                 0       
 NEXT SEEDS: DA5B6F0       1       0       0       0       0   181CD    3039       0       0
  249999995                     5                     5             2.7947148E-05         1.0000000E+30                 0       
 NEXT SEEDS: DA5B6F4       1       0       0       0       0   181CD    3039       0       0
  249999996                     4                     4             2.7947148E-05         1.0000000E+30                 0       
 NEXT SEEDS: DA5B6F8       1       0       0       0       0   181CD    3039       0       0
  249999997                     3                     3             2.7947148E-05         1.0000000E+30                 0       
 NEXT SEEDS: DA5B6FC       1       0       0       0       0   181CD    3039       0       0
  249999998                     2                     2             2.7947150E-05         1.0000000E+30                 0       
 NEXT SEEDS: DA5B700       1       0       0       0       0   181CD    3039       0       0
  249999999                     1                     1             2.7947150E-05         1.0000000E+30                 0       
 NEXT SEEDS: DA5B704       1       0       0       0       0   181CD    3039       0       0
  250000000                     0                     1             2.7947149E-05         1.0000000E+30                 0       
 NEXT SEEDS: DA5B708       1       0       0       0       0   181CD    3039       0       0
