1NUMBER OF BEAM       NUMBER OF BEAM        APPROXIMATE NUMBER    AVERAGE TIME USED     TIME LEFT (RESERVED   NUMBER OF STARS
 PARTICLES HANDLED    PARTICLES LEFT        OF BEAM PARTICLES     BY A BEAM PARTICLE     10000.0 SECONDS      CREATED
                                            THAT CAN STILL BE                           FOR PRINTOUT)
                                            HANDLED

 NEXT SEEDS:       0       0       0       0       0       0   181CD    3039       0       0
          1             249999999             249999999             7.8916550E-05         1.0000000E+30                 0       
 NEXT SEEDS:       4       0       0       0       0       0   181CD    3039       0       0
    5000000             245000000             245000000             2.8580625E-05         1.0000000E+30                 0       
 NEXT SEEDS: 176FAB6       0       0       0       0       0   181CD    3039       0       0
   10000000             240000000             240000000             2.8548298E-05         1.0000000E+30                 0       
 NEXT SEEDS: 2EDCD92       0       0       0       0       0   181CD    3039       0       0
   15000000             235000000             235000000             2.8569088E-05         1.0000000E+30                 0       
 NEXT SEEDS: 464F727       0       0       0       0       0   181CD    3039       0       0
   20000000             230000000             230000000             2.8552971E-05         1.0000000E+30                 0       
 NEXT SEEDS: 5DBE82D       0       0       0       0       0   181CD    3039       0       0
   25000000             225000000             225000000             2.8563664E-05         1.0000000E+30                 0       
 NEXT SEEDS: 7533B9C       0       0       0       0       0   181CD    3039       0       0
   30000000             220000000             220000000             2.8556711E-05         1.0000000E+30                 0       
 NEXT SEEDS: 8CA3799       0       0       0       0       0   181CD    3039       0       0
   35000000             215000000             215000000             2.8561552E-05         1.0000000E+30                 0       
 NEXT SEEDS: A412934       0       0       0       0       0   181CD    3039       0       0
   40000000             210000000             210000000             2.8560343E-05         1.0000000E+30                 0       
 NEXT SEEDS: BB81DA4       0       0       0       0       0   181CD    3039       0       0
   45000000             205000000             205000000             2.8563138E-05         1.0000000E+30                 0       
 NEXT SEEDS: D2F1F8B       0       0       0       0       0   181CD    3039       0       0
   50000000             200000000             200000000             2.8563570E-05         1.0000000E+30                 0       
 NEXT SEEDS: EA629DD       0       0       0       0       0   181CD    3039       0       0
   55000000             195000000             195000000             2.8553743E-05         1.0000000E+30                 0       
 NEXT SEEDS:101CB163       0       0       0       0       0   181CD    3039       0       0
   60000000             190000000             190000000             2.8549227E-05         1.0000000E+30                 0       
 NEXT SEEDS:1193AE03       0       0       0       0       0   181CD    3039       0       0
   65000000             185000000             185000000             2.8547405E-05         1.0000000E+30                 0       
 NEXT SEEDS:130A9ECA       0       0       0       0       0   181CD    3039       0       0
   70000000             180000000             180000000             2.8545643E-05         1.0000000E+30                 0       
 NEXT SEEDS:14814E3A       0       0       0       0       0   181CD    3039       0       0
   75000000             175000000             175000000             2.8542138E-05         1.0000000E+30                 0       
 NEXT SEEDS:15F80F77       0       0       0       0       0   181CD    3039       0       0
   80000000             170000000             170000000             2.8546105E-05         1.0000000E+30                 0       
 NEXT SEEDS:176F2CC3       0       0       0       0       0   181CD    3039       0       0
  *** Emfgeo: Ncoun  2000000000
   85000000             165000000             165000000             2.8545544E-05         1.0000000E+30                 0       
 NEXT SEEDS:18E618FC       0       0       0       0       0   181CD    3039       0       0
   90000000             160000000             160000000             2.8546014E-05         1.0000000E+30                 0       
 NEXT SEEDS:1A5D1939       0       0       0       0       0   181CD    3039       0       0
   95000000             155000000             155000000             2.8544001E-05         1.0000000E+30                 0       
 NEXT SEEDS:1BD43885       0       0       0       0       0   181CD    3039       0       0
  100000000             150000000             150000000             2.8541786E-05         1.0000000E+30                 0       
 NEXT SEEDS:1D4B10CF       0       0       0       0       0   181CD    3039       0       0
  105000000             145000000             145000000             2.8539780E-05         1.0000000E+30                 0       
 NEXT SEEDS:1EC1F785       0       0       0       0       0   181CD    3039       0       0
  110000000             140000000             140000000             2.8535726E-05         1.0000000E+30                 0       
 NEXT SEEDS:2038C1BD       0       0       0       0       0   181CD    3039       0       0
  115000000             135000000             135000000             2.8533449E-05         1.0000000E+30                 0       
 NEXT SEEDS:21AF9F2F       0       0       0       0       0   181CD    3039       0       0
  120000000             130000000             130000000             2.8530271E-05         1.0000000E+30                 0       
 NEXT SEEDS:23267F3D       0       0       0       0       0   181CD    3039       0       0
  125000000             125000000             125000000             2.8533470E-05         1.0000000E+30                 0       
 NEXT SEEDS:249DA639       0       0       0       0       0   181CD    3039       0       0
  130000000             120000000             120000000             2.8533148E-05         1.0000000E+30                 0       
 NEXT SEEDS:2614A17E       0       0       0       0       0   181CD    3039       0       0
  135000000             115000000             115000000             2.8531944E-05         1.0000000E+30                 0       
 NEXT SEEDS:278B8854       0       0       0       0       0   181CD    3039       0       0
  140000000             110000000             110000000             2.8537698E-05         1.0000000E+30                 0       
 NEXT SEEDS:2902A2CB       0       0       0       0       0   181CD    3039       0       0
  145000000             105000000             105000000             2.8547989E-05         1.0000000E+30                 0       
 NEXT SEEDS:2A799BBE       0       0       0       0       0   181CD    3039       0       0
  150000000             100000000             100000000             2.8547633E-05         1.0000000E+30                 0       
 NEXT SEEDS:2BF0D0E1       0       0       0       0       0   181CD    3039       0       0
  155000000              95000000              95000000             2.8548264E-05         1.0000000E+30                 0       
 NEXT SEEDS:2D67B41B       0       0       0       0       0   181CD    3039       0       0
  160000000              90000000              90000000             2.8547399E-05         1.0000000E+30                 0       
 NEXT SEEDS:2EDEDE71       0       0       0       0       0   181CD    3039       0       0
  *** Emfgeo: Ncoun  2000000000
  165000000              85000000              85000000             2.8556323E-05         1.0000000E+30                 0       
 NEXT SEEDS:3055A234       0       0       0       0       0   181CD    3039       0       0
  170000000              80000000              80000000             2.8563729E-05         1.0000000E+30                 0       
 NEXT SEEDS:31CC71A8       0       0       0       0       0   181CD    3039       0       0
  175000000              75000000              75000000             2.8571816E-05         1.0000000E+30                 0       
 NEXT SEEDS:3343493B       0       0       0       0       0   181CD    3039       0       0
  180000000              70000000              70000000             2.8572726E-05         1.0000000E+30                 0       
 NEXT SEEDS:34BA1C24       0       0       0       0       0   181CD    3039       0       0
  185000000              65000000              65000000             2.8571492E-05         1.0000000E+30                 0       
 NEXT SEEDS:36312CD2       0       0       0       0       0   181CD    3039       0       0
  190000000              60000000              60000000             2.8569577E-05         1.0000000E+30                 0       
 NEXT SEEDS:37A81C4A       0       0       0       0       0   181CD    3039       0       0
  195000000              55000000              55000000             2.8568857E-05         1.0000000E+30                 0       
 NEXT SEEDS:391EFC56       0       0       0       0       0   181CD    3039       0       0
  200000000              50000000              50000000             2.8567585E-05         1.0000000E+30                 0       
 NEXT SEEDS:3A963AF9       0       0       0       0       0   181CD    3039       0       0
  205000000              45000000              45000000             2.8567401E-05         1.0000000E+30                 0       
 NEXT SEEDS:  725023       1       0       0       0       0   181CD    3039       0       0
  210000000              40000000              40000000             2.8566720E-05         1.0000000E+30                 0       
 NEXT SEEDS: 1E9194F       1       0       0       0       0   181CD    3039       0       0
  215000000              35000000              35000000             2.8565684E-05         1.0000000E+30                 0       
 NEXT SEEDS: 36040F3       1       0       0       0       0   181CD    3039       0       0
  220000000              30000000              30000000             2.8564122E-05         1.0000000E+30                 0       
 NEXT SEEDS: 4D6D942       1       0       0       0       0   181CD    3039       0       0
  225000000              25000000              25000000             2.8563231E-05         1.0000000E+30                 0       
 NEXT SEEDS: 64D9BF2       1       0       0       0       0   181CD    3039       0       0
  230000000              20000000              20000000             2.8561744E-05         1.0000000E+30                 0       
 NEXT SEEDS: 7C439BE       1       0       0       0       0   181CD    3039       0       0
  235000000              15000000              15000000             2.8562263E-05         1.0000000E+30                 0       
 NEXT SEEDS: 93B45B0       1       0       0       0       0   181CD    3039       0       0
  240000000              10000000              10000000             2.8568310E-05         1.0000000E+30                 0       
 NEXT SEEDS: AB23880       1       0       0       0       0   181CD    3039       0       0
  *** Emfgeo: Ncoun  2000000000
  245000000               5000000               5000000             2.8572285E-05         1.0000000E+30                 0       
 NEXT SEEDS: C2945FA       1       0       0       0       0   181CD    3039       0       0
  249999950                    50                    50             2.8572699E-05         1.0000000E+30                 0       
 NEXT SEEDS: DA03DAD       1       0       0       0       0   181CD    3039       0       0
  249999951                    49                    49             2.8572699E-05         1.0000000E+30                 0       
 NEXT SEEDS: DA03DB1       1       0       0       0       0   181CD    3039       0       0
  249999952                    48                    48             2.8572698E-05         1.0000000E+30                 0       
 NEXT SEEDS: DA03DB5       1       0       0       0       0   181CD    3039       0       0
  249999953                    47                    47             2.8572698E-05         1.0000000E+30                 0       
 NEXT SEEDS: DA03DB9       1       0       0       0       0   181CD    3039       0       0
  249999954                    46                    46             2.8572698E-05         1.0000000E+30                 0       
 NEXT SEEDS: DA03DBD       1       0       0       0       0   181CD    3039       0       0
  249999955                    45                    45             2.8572698E-05         1.0000000E+30                 0       
 NEXT SEEDS: DA03DC3       1       0       0       0       0   181CD    3039       0       0
  249999956                    44                    44             2.8572698E-05         1.0000000E+30                 0       
 NEXT SEEDS: DA03DC7       1       0       0       0       0   181CD    3039       0       0
  249999957                    43                    43             2.8572700E-05         1.0000000E+30                 0       
 NEXT SEEDS: DA03DCB       1       0       0       0       0   181CD    3039       0       0
  249999958                    42                    42             2.8572700E-05         1.0000000E+30                 0       
 NEXT SEEDS: DA03DCF       1       0       0       0       0   181CD    3039       0       0
  249999959                    41                    41             2.8572702E-05         1.0000000E+30                 0       
 NEXT SEEDS: DA03DD5       1       0       0       0       0   181CD    3039       0       0
  249999960                    40                    40             2.8572701E-05         1.0000000E+30                 0       
 NEXT SEEDS: DA03DD9       1       0       0       0       0   181CD    3039       0       0
  249999961                    39                    39             2.8572703E-05         1.0000000E+30                 0       
 NEXT SEEDS: DA03DDD       1       0       0       0       0   181CD    3039       0       0
  249999962                    38                    38             2.8572703E-05         1.0000000E+30                 0       
 NEXT SEEDS: DA03DE1       1       0       0       0       0   181CD    3039       0       0
  249999963                    37                    37             2.8572703E-05         1.0000000E+30                 0       
 NEXT SEEDS: DA03DE5       1       0       0       0       0   181CD    3039       0       0
  249999964                    36                    36             2.8572705E-05         1.0000000E+30                 0       
 NEXT SEEDS: DA03DFA       1       0       0       0       0   181CD    3039       0       0
  249999965                    35                    35             2.8572707E-05         1.0000000E+30                 0       
 NEXT SEEDS: DA03DFE       1       0       0       0       0   181CD    3039       0       0
  249999966                    34                    34             2.8572707E-05         1.0000000E+30                 0       
 NEXT SEEDS: DA03E02       1       0       0       0       0   181CD    3039       0       0
  249999967                    33                    33             2.8572707E-05         1.0000000E+30                 0       
 NEXT SEEDS: DA03E06       1       0       0       0       0   181CD    3039       0       0
  249999968                    32                    32             2.8572706E-05         1.0000000E+30                 0       
 NEXT SEEDS: DA03E0A       1       0       0       0       0   181CD    3039       0       0
  249999969                    31                    31             2.8572706E-05         1.0000000E+30                 0       
 NEXT SEEDS: DA03E30       1       0       0       0       0   181CD    3039       0       0
  249999970                    30                    30             2.8572706E-05         1.0000000E+30                 0       
 NEXT SEEDS: DA03E34       1       0       0       0       0   181CD    3039       0       0
  249999971                    29                    29             2.8572708E-05         1.0000000E+30                 0       
 NEXT SEEDS: DA03E38       1       0       0       0       0   181CD    3039       0       0
  249999972                    28                    28             2.8572708E-05         1.0000000E+30                 0       
 NEXT SEEDS: DA03E3C       1       0       0       0       0   181CD    3039       0       0
  249999973                    27                    27             2.8572710E-05         1.0000000E+30                 0       
 NEXT SEEDS: DA03E42       1       0       0       0       0   181CD    3039       0       0
  249999974                    26                    26             2.8572710E-05         1.0000000E+30                 0       
 NEXT SEEDS: DA03E46       1       0       0       0       0   181CD    3039       0       0
  249999975                    25                    25             2.8572711E-05         1.0000000E+30                 0       
 NEXT SEEDS: DA03E4A       1       0       0       0       0   181CD    3039       0       0
  249999976                    24                    24             2.8572711E-05         1.0000000E+30                 0       
 NEXT SEEDS: DA03E4E       1       0       0       0       0   181CD    3039       0       0
  249999977                    23                    23             2.8572711E-05         1.0000000E+30                 0       
 NEXT SEEDS: DA03E52       1       0       0       0       0   181CD    3039       0       0
  249999978                    22                    22             2.8572711E-05         1.0000000E+30                 0       
 NEXT SEEDS: DA03E56       1       0       0       0       0   181CD    3039       0       0
  249999979                    21                    21             2.8572711E-05         1.0000000E+30                 0       
 NEXT SEEDS: DA03E5A       1       0       0       0       0   181CD    3039       0       0
  249999980                    20                    20             2.8572711E-05         1.0000000E+30                 0       
 NEXT SEEDS: DA03E5E       1       0       0       0       0   181CD    3039       0       0
  249999981                    19                    19             2.8572711E-05         1.0000000E+30                 0       
 NEXT SEEDS: DA03E62       1       0       0       0       0   181CD    3039       0       0
  249999982                    18                    18             2.8572711E-05         1.0000000E+30                 0       
 NEXT SEEDS: DA03E66       1       0       0       0       0   181CD    3039       0       0
  249999983                    17                    17             2.8572713E-05         1.0000000E+30                 0       
 NEXT SEEDS: DA03E6A       1       0       0       0       0   181CD    3039       0       0
  249999984                    16                    16             2.8572712E-05         1.0000000E+30                 0       
 NEXT SEEDS: DA03E6E       1       0       0       0       0   181CD    3039       0       0
  249999985                    15                    15             2.8572712E-05         1.0000000E+30                 0       
 NEXT SEEDS: DA03E72       1       0       0       0       0   181CD    3039       0       0
  249999986                    14                    14             2.8572714E-05         1.0000000E+30                 0       
 NEXT SEEDS: DA03E76       1       0       0       0       0   181CD    3039       0       0
  249999987                    13                    13             2.8572714E-05         1.0000000E+30                 0       
 NEXT SEEDS: DA03E7A       1       0       0       0       0   181CD    3039       0       0
  249999988                    12                    12             2.8572716E-05         1.0000000E+30                 0       
 NEXT SEEDS: DA03E80       1       0       0       0       0   181CD    3039       0       0
  249999989                    11                    11             2.8572716E-05         1.0000000E+30                 0       
 NEXT SEEDS: DA03E92       1       0       0       0       0   181CD    3039       0       0
  249999990                    10                    10             2.8572718E-05         1.0000000E+30                 0       
 NEXT SEEDS: DA03E96       1       0       0       0       0   181CD    3039       0       0
  249999991                     9                     9             2.8572717E-05         1.0000000E+30                 0       
 NEXT SEEDS: DA03E9A       1       0       0       0       0   181CD    3039       0       0
  249999992                     8                     8             2.8572719E-05         1.0000000E+30                 0       
 NEXT SEEDS: DA03EAE       1       0       0       0       0   181CD    3039       0       0
  249999993                     7                     7             2.8572719E-05         1.0000000E+30                 0       
 NEXT SEEDS: DA03EB2       1       0       0       0       0   181CD    3039       0       0
  249999994                     6                     6             2.8572721E-05         1.0000000E+30                 0       
 NEXT SEEDS: DA03EB6       1       0       0       0       0   181CD    3039       0       0
  249999995                     5                     5             2.8572721E-05         1.0000000E+30                 0       
 NEXT SEEDS: DA03EBA       1       0       0       0       0   181CD    3039       0       0
  249999996                     4                     4             2.8572721E-05         1.0000000E+30                 0       
 NEXT SEEDS: DA03EBE       1       0       0       0       0   181CD    3039       0       0
  249999997                     3                     3             2.8572723E-05         1.0000000E+30                 0       
 NEXT SEEDS: DA03EC2       1       0       0       0       0   181CD    3039       0       0
  249999998                     2                     2             2.8572723E-05         1.0000000E+30                 0       
 NEXT SEEDS: DA03EC6       1       0       0       0       0   181CD    3039       0       0
  249999999                     1                     1             2.8572722E-05         1.0000000E+30                 0       
 NEXT SEEDS: DA03ECA       1       0       0       0       0   181CD    3039       0       0
  250000000                     0                     1             2.8572724E-05         1.0000000E+30                 0       
 NEXT SEEDS: DA03ECE       1       0       0       0       0   181CD    3039       0       0
