1NUMBER OF BEAM       NUMBER OF BEAM        APPROXIMATE NUMBER    AVERAGE TIME USED     TIME LEFT (RESERVED   NUMBER OF STARS
 PARTICLES HANDLED    PARTICLES LEFT        OF BEAM PARTICLES     BY A BEAM PARTICLE     10000.0 SECONDS      CREATED
                                            THAT CAN STILL BE                           FOR PRINTOUT)
                                            HANDLED

 NEXT SEEDS:       0       0       0       0       0       0   181CD    3039       0       0
          1             249999999             249999999             7.6055527E-05         1.0000000E+30                 0       
 NEXT SEEDS:       4       0       0       0       0       0   181CD    3039       0       0
    5000000             245000000             245000000             2.7810227E-05         1.0000000E+30                 0       
 NEXT SEEDS: 176F505       0       0       0       0       0   181CD    3039       0       0
   10000000             240000000             240000000             2.7826508E-05         1.0000000E+30                 0       
 NEXT SEEDS: 2EE010D       0       0       0       0       0   181CD    3039       0       0
   15000000             235000000             235000000             2.7827442E-05         1.0000000E+30                 0       
 NEXT SEEDS: 464FB33       0       0       0       0       0   181CD    3039       0       0
   20000000             230000000             230000000             2.7833505E-05         1.0000000E+30                 0       
 NEXT SEEDS: 5DBFABD       0       0       0       0       0   181CD    3039       0       0
   25000000             225000000             225000000             2.7818735E-05         1.0000000E+30                 0       
 NEXT SEEDS: 752E365       0       0       0       0       0   181CD    3039       0       0
   30000000             220000000             220000000             2.7816134E-05         1.0000000E+30                 0       
 NEXT SEEDS: 8C9CEAF       0       0       0       0       0   181CD    3039       0       0
   35000000             215000000             215000000             2.7817718E-05         1.0000000E+30                 0       
 NEXT SEEDS: A40E098       0       0       0       0       0   181CD    3039       0       0
   40000000             210000000             210000000             2.7817336E-05         1.0000000E+30                 0       
 NEXT SEEDS: BB7BAAE       0       0       0       0       0   181CD    3039       0       0
   45000000             205000000             205000000             2.7816928E-05         1.0000000E+30                 0       
 NEXT SEEDS: D2EC7BC       0       0       0       0       0   181CD    3039       0       0
   50000000             200000000             200000000             2.7813824E-05         1.0000000E+30                 0       
 NEXT SEEDS: EA5B531       0       0       0       0       0   181CD    3039       0       0
   55000000             195000000             195000000             2.7815429E-05         1.0000000E+30                 0       
 NEXT SEEDS:101CC6BE       0       0       0       0       0   181CD    3039       0       0
   60000000             190000000             190000000             2.7814511E-05         1.0000000E+30                 0       
 NEXT SEEDS:1193D7CA       0       0       0       0       0   181CD    3039       0       0
   65000000             185000000             185000000             2.7811969E-05         1.0000000E+30                 0       
 NEXT SEEDS:130ABFFD       0       0       0       0       0   181CD    3039       0       0
   70000000             180000000             180000000             2.7813906E-05         1.0000000E+30                 0       
 NEXT SEEDS:1481BC03       0       0       0       0       0   181CD    3039       0       0
   75000000             175000000             175000000             2.7813206E-05         1.0000000E+30                 0       
 NEXT SEEDS:15F8C505       0       0       0       0       0   181CD    3039       0       0
   80000000             170000000             170000000             2.7813000E-05         1.0000000E+30                 0       
 NEXT SEEDS:176FCF44       0       0       0       0       0   181CD    3039       0       0
  *** Emfgeo: Ncoun  2000000000
   85000000             165000000             165000000             2.7813019E-05         1.0000000E+30                 0       
 NEXT SEEDS:18E6C48D       0       0       0       0       0   181CD    3039       0       0
   90000000             160000000             160000000             2.7809830E-05         1.0000000E+30                 0       
 NEXT SEEDS:1A5DB4DE       0       0       0       0       0   181CD    3039       0       0
   95000000             155000000             155000000             2.7808732E-05         1.0000000E+30                 0       
 NEXT SEEDS:1BD4A76D       0       0       0       0       0   181CD    3039       0       0
  100000000             150000000             150000000             2.7805256E-05         1.0000000E+30                 0       
 NEXT SEEDS:1D4B605C       0       0       0       0       0   181CD    3039       0       0
  105000000             145000000             145000000             2.7805570E-05         1.0000000E+30                 0       
 NEXT SEEDS:1EC267CC       0       0       0       0       0   181CD    3039       0       0
  110000000             140000000             140000000             2.7802936E-05         1.0000000E+30                 0       
 NEXT SEEDS:20392742       0       0       0       0       0   181CD    3039       0       0
  115000000             135000000             135000000             2.7799244E-05         1.0000000E+30                 0       
 NEXT SEEDS:21B007CC       0       0       0       0       0   181CD    3039       0       0
  120000000             130000000             130000000             2.7799373E-05         1.0000000E+30                 0       
 NEXT SEEDS:23270A5D       0       0       0       0       0   181CD    3039       0       0
  125000000             125000000             125000000             2.7797742E-05         1.0000000E+30                 0       
 NEXT SEEDS:249E2269       0       0       0       0       0   181CD    3039       0       0
  130000000             120000000             120000000             2.7796161E-05         1.0000000E+30                 0       
 NEXT SEEDS:2614F173       0       0       0       0       0   181CD    3039       0       0
  135000000             115000000             115000000             2.7795082E-05         1.0000000E+30                 0       
 NEXT SEEDS:278BA2BA       0       0       0       0       0   181CD    3039       0       0
  140000000             110000000             110000000             2.7794695E-05         1.0000000E+30                 0       
 NEXT SEEDS:29029002       0       0       0       0       0   181CD    3039       0       0
  145000000             105000000             105000000             2.7795635E-05         1.0000000E+30                 0       
 NEXT SEEDS:2A79880C       0       0       0       0       0   181CD    3039       0       0
  150000000             100000000             100000000             2.7794809E-05         1.0000000E+30                 0       
 NEXT SEEDS:2BF06100       0       0       0       0       0   181CD    3039       0       0
  155000000              95000000              95000000             2.7795852E-05         1.0000000E+30                 0       
 NEXT SEEDS:2D6763AA       0       0       0       0       0   181CD    3039       0       0
  160000000              90000000              90000000             2.7796937E-05         1.0000000E+30                 0       
 NEXT SEEDS:2EDE7954       0       0       0       0       0   181CD    3039       0       0
  *** Emfgeo: Ncoun  2000000000
  165000000              85000000              85000000             2.7796299E-05         1.0000000E+30                 0       
 NEXT SEEDS:30556A36       0       0       0       0       0   181CD    3039       0       0
  170000000              80000000              80000000             2.7796813E-05         1.0000000E+30                 0       
 NEXT SEEDS:31CC48B9       0       0       0       0       0   181CD    3039       0       0
  175000000              75000000              75000000             2.7795467E-05         1.0000000E+30                 0       
 NEXT SEEDS:334345E5       0       0       0       0       0   181CD    3039       0       0
  180000000              70000000              70000000             2.7795981E-05         1.0000000E+30                 0       
 NEXT SEEDS:34BA721C       0       0       0       0       0   181CD    3039       0       0
  185000000              65000000              65000000             2.7794883E-05         1.0000000E+30                 0       
 NEXT SEEDS:36315E55       0       0       0       0       0   181CD    3039       0       0
  190000000              60000000              60000000             2.7797076E-05         1.0000000E+30                 0       
 NEXT SEEDS:37A86335       0       0       0       0       0   181CD    3039       0       0
  195000000              55000000              55000000             2.7796247E-05         1.0000000E+30                 0       
 NEXT SEEDS:391F73E6       0       0       0       0       0   181CD    3039       0       0
  200000000              50000000              50000000             2.7797721E-05         1.0000000E+30                 0       
 NEXT SEEDS:3A96A61F       0       0       0       0       0   181CD    3039       0       0
  205000000              45000000              45000000             2.7797693E-05         1.0000000E+30                 0       
 NEXT SEEDS:  729A69       1       0       0       0       0   181CD    3039       0       0
  210000000              40000000              40000000             2.7798706E-05         1.0000000E+30                 0       
 NEXT SEEDS: 1E97F76       1       0       0       0       0   181CD    3039       0       0
  215000000              35000000              35000000             2.7798936E-05         1.0000000E+30                 0       
 NEXT SEEDS: 3605D46       1       0       0       0       0   181CD    3039       0       0
  220000000              30000000              30000000             2.7799530E-05         1.0000000E+30                 0       
 NEXT SEEDS: 4D76DEF       1       0       0       0       0   181CD    3039       0       0
  225000000              25000000              25000000             2.7798493E-05         1.0000000E+30                 0       
 NEXT SEEDS: 64E4083       1       0       0       0       0   181CD    3039       0       0
  230000000              20000000              20000000             2.7797336E-05         1.0000000E+30                 0       
 NEXT SEEDS: 7C51CE4       1       0       0       0       0   181CD    3039       0       0
  235000000              15000000              15000000             2.7796439E-05         1.0000000E+30                 0       
 NEXT SEEDS: 93BC748       1       0       0       0       0   181CD    3039       0       0
  240000000              10000000              10000000             2.7796231E-05         1.0000000E+30                 0       
 NEXT SEEDS: AB2DB73       1       0       0       0       0   181CD    3039       0       0
  *** Emfgeo: Ncoun  2000000000
  245000000               5000000               5000000             2.7794901E-05         1.0000000E+30                 0       
 NEXT SEEDS: C299F63       1       0       0       0       0   181CD    3039       0       0
  249999950                    50                    50             2.7797268E-05         1.0000000E+30                 0       
 NEXT SEEDS: DA111DE       1       0       0       0       0   181CD    3039       0       0
  249999951                    49                    49             2.7797268E-05         1.0000000E+30                 0       
 NEXT SEEDS: DA111E2       1       0       0       0       0   181CD    3039       0       0
  249999952                    48                    48             2.7797270E-05         1.0000000E+30                 0       
 NEXT SEEDS: DA111E6       1       0       0       0       0   181CD    3039       0       0
  249999953                    47                    47             2.7797270E-05         1.0000000E+30                 0       
 NEXT SEEDS: DA111EA       1       0       0       0       0   181CD    3039       0       0
  249999954                    46                    46             2.7797271E-05         1.0000000E+30                 0       
 NEXT SEEDS: DA111EE       1       0       0       0       0   181CD    3039       0       0
  249999955                    45                    45             2.7797271E-05         1.0000000E+30                 0       
 NEXT SEEDS: DA111F2       1       0       0       0       0   181CD    3039       0       0
  249999956                    44                    44             2.7797273E-05         1.0000000E+30                 0       
 NEXT SEEDS: DA111F6       1       0       0       0       0   181CD    3039       0       0
  249999957                    43                    43             2.7797273E-05         1.0000000E+30                 0       
 NEXT SEEDS: DA111FA       1       0       0       0       0   181CD    3039       0       0
  249999958                    42                    42             2.7797273E-05         1.0000000E+30                 0       
 NEXT SEEDS: DA111FE       1       0       0       0       0   181CD    3039       0       0
  249999959                    41                    41             2.7797275E-05         1.0000000E+30                 0       
 NEXT SEEDS: DA1120A       1       0       0       0       0   181CD    3039       0       0
  249999960                    40                    40             2.7797275E-05         1.0000000E+30                 0       
 NEXT SEEDS: DA1120E       1       0       0       0       0   181CD    3039       0       0
  249999961                    39                    39             2.7797277E-05         1.0000000E+30                 0       
 NEXT SEEDS: DA11214       1       0       0       0       0   181CD    3039       0       0
  249999962                    38                    38             2.7797276E-05         1.0000000E+30                 0       
 NEXT SEEDS: DA11218       1       0       0       0       0   181CD    3039       0       0
  249999963                    37                    37             2.7797276E-05         1.0000000E+30                 0       
 NEXT SEEDS: DA1121C       1       0       0       0       0   181CD    3039       0       0
  249999964                    36                    36             2.7797278E-05         1.0000000E+30                 0       
 NEXT SEEDS: DA11220       1       0       0       0       0   181CD    3039       0       0
  249999965                    35                    35             2.7797278E-05         1.0000000E+30                 0       
 NEXT SEEDS: DA11224       1       0       0       0       0   181CD    3039       0       0
  249999966                    34                    34             2.7797280E-05         1.0000000E+30                 0       
 NEXT SEEDS: DA11228       1       0       0       0       0   181CD    3039       0       0
  249999967                    33                    33             2.7797280E-05         1.0000000E+30                 0       
 NEXT SEEDS: DA1122C       1       0       0       0       0   181CD    3039       0       0
  249999968                    32                    32             2.7797280E-05         1.0000000E+30                 0       
 NEXT SEEDS: DA11230       1       0       0       0       0   181CD    3039       0       0
  249999969                    31                    31             2.7797282E-05         1.0000000E+30                 0       
 NEXT SEEDS: DA11234       1       0       0       0       0   181CD    3039       0       0
  249999970                    30                    30             2.7797281E-05         1.0000000E+30                 0       
 NEXT SEEDS: DA11238       1       0       0       0       0   181CD    3039       0       0
  249999971                    29                    29             2.7797283E-05         1.0000000E+30                 0       
 NEXT SEEDS: DA1123C       1       0       0       0       0   181CD    3039       0       0
  249999972                    28                    28             2.7797283E-05         1.0000000E+30                 0       
 NEXT SEEDS: DA11240       1       0       0       0       0   181CD    3039       0       0
  249999973                    27                    27             2.7797285E-05         1.0000000E+30                 0       
 NEXT SEEDS: DA11244       1       0       0       0       0   181CD    3039       0       0
  249999974                    26                    26             2.7797285E-05         1.0000000E+30                 0       
 NEXT SEEDS: DA11248       1       0       0       0       0   181CD    3039       0       0
  249999975                    25                    25             2.7797285E-05         1.0000000E+30                 0       
 NEXT SEEDS: DA1124C       1       0       0       0       0   181CD    3039       0       0
  249999976                    24                    24             2.7797285E-05         1.0000000E+30                 0       
 NEXT SEEDS: DA11250       1       0       0       0       0   181CD    3039       0       0
  249999977                    23                    23             2.7797285E-05         1.0000000E+30                 0       
 NEXT SEEDS: DA11254       1       0       0       0       0   181CD    3039       0       0
  249999978                    22                    22             2.7797284E-05         1.0000000E+30                 0       
 NEXT SEEDS: DA11258       1       0       0       0       0   181CD    3039       0       0
  249999979                    21                    21             2.7797284E-05         1.0000000E+30                 0       
 NEXT SEEDS: DA1125C       1       0       0       0       0   181CD    3039       0       0
  249999980                    20                    20             2.7797284E-05         1.0000000E+30                 0       
 NEXT SEEDS: DA11260       1       0       0       0       0   181CD    3039       0       0
  249999981                    19                    19             2.7797286E-05         1.0000000E+30                 0       
 NEXT SEEDS: DA11264       1       0       0       0       0   181CD    3039       0       0
  249999982                    18                    18             2.7797286E-05         1.0000000E+30                 0       
 NEXT SEEDS: DA11268       1       0       0       0       0   181CD    3039       0       0
  249999983                    17                    17             2.7797286E-05         1.0000000E+30                 0       
 NEXT SEEDS: DA1126C       1       0       0       0       0   181CD    3039       0       0
  249999984                    16                    16             2.7797288E-05         1.0000000E+30                 0       
 NEXT SEEDS: DA11270       1       0       0       0       0   181CD    3039       0       0
  249999985                    15                    15             2.7797288E-05         1.0000000E+30                 0       
 NEXT SEEDS: DA11274       1       0       0       0       0   181CD    3039       0       0
  249999986                    14                    14             2.7797287E-05         1.0000000E+30                 0       
 NEXT SEEDS: DA11278       1       0       0       0       0   181CD    3039       0       0
  249999987                    13                    13             2.7797287E-05         1.0000000E+30                 0       
 NEXT SEEDS: DA1127C       1       0       0       0       0   181CD    3039       0       0
  249999988                    12                    12             2.7797287E-05         1.0000000E+30                 0       
 NEXT SEEDS: DA11280       1       0       0       0       0   181CD    3039       0       0
  249999989                    11                    11             2.7797287E-05         1.0000000E+30                 0       
 NEXT SEEDS: DA11284       1       0       0       0       0   181CD    3039       0       0
  249999990                    10                    10             2.7797289E-05         1.0000000E+30                 0       
 NEXT SEEDS: DA11290       1       0       0       0       0   181CD    3039       0       0
  249999991                     9                     9             2.7797289E-05         1.0000000E+30                 0       
 NEXT SEEDS: DA11294       1       0       0       0       0   181CD    3039       0       0
  249999992                     8                     8             2.7797289E-05         1.0000000E+30                 0       
 NEXT SEEDS: DA11298       1       0       0       0       0   181CD    3039       0       0
  249999993                     7                     7             2.7797289E-05         1.0000000E+30                 0       
 NEXT SEEDS: DA1129C       1       0       0       0       0   181CD    3039       0       0
  249999994                     6                     6             2.7797289E-05         1.0000000E+30                 0       
 NEXT SEEDS: DA112A0       1       0       0       0       0   181CD    3039       0       0
  249999995                     5                     5             2.7797288E-05         1.0000000E+30                 0       
 NEXT SEEDS: DA112A4       1       0       0       0       0   181CD    3039       0       0
  249999996                     4                     4             2.7797288E-05         1.0000000E+30                 0       
 NEXT SEEDS: DA112A8       1       0       0       0       0   181CD    3039       0       0
  249999997                     3                     3             2.7797290E-05         1.0000000E+30                 0       
 NEXT SEEDS: DA112AC       1       0       0       0       0   181CD    3039       0       0
  249999998                     2                     2             2.7797290E-05         1.0000000E+30                 0       
 NEXT SEEDS: DA112B0       1       0       0       0       0   181CD    3039       0       0
  249999999                     1                     1             2.7797292E-05         1.0000000E+30                 0       
 NEXT SEEDS: DA112B4       1       0       0       0       0   181CD    3039       0       0
  250000000                     0                     1             2.7797292E-05         1.0000000E+30                 0       
 NEXT SEEDS: DA112B8       1       0       0       0       0   181CD    3039       0       0
