1NUMBER OF BEAM       NUMBER OF BEAM        APPROXIMATE NUMBER    AVERAGE TIME USED     TIME LEFT (RESERVED   NUMBER OF STARS
 PARTICLES HANDLED    PARTICLES LEFT        OF BEAM PARTICLES     BY A BEAM PARTICLE     10000.0 SECONDS      CREATED
                                            THAT CAN STILL BE                           FOR PRINTOUT)
                                            HANDLED

 NEXT SEEDS:       0       0       0       0       0       0   181CD    3039       0       0
          1             249999999             249999999             8.2015991E-05         1.0000000E+30                 0       
 NEXT SEEDS:       4       0       0       0       0       0   181CD    3039       0       0
    5000000             245000000             245000000             2.9408930E-05         1.0000000E+30                 0       
 NEXT SEEDS: 176D610       0       0       0       0       0   181CD    3039       0       0
   10000000             240000000             240000000             2.9379228E-05         1.0000000E+30                 0       
 NEXT SEEDS: 2EDC927       0       0       0       0       0   181CD    3039       0       0
   15000000             235000000             235000000             2.9403901E-05         1.0000000E+30                 0       
 NEXT SEEDS: 464C3A6       0       0       0       0       0   181CD    3039       0       0
   20000000             230000000             230000000             2.9404878E-05         1.0000000E+30                 0       
 NEXT SEEDS: 5DC058E       0       0       0       0       0   181CD    3039       0       0
   25000000             225000000             225000000             2.9402667E-05         1.0000000E+30                 0       
 NEXT SEEDS: 752EEF5       0       0       0       0       0   181CD    3039       0       0
   30000000             220000000             220000000             2.9443260E-05         1.0000000E+30                 0       
 NEXT SEEDS: 8CA495E       0       0       0       0       0   181CD    3039       0       0
   35000000             215000000             215000000             2.9445076E-05         1.0000000E+30                 0       
 NEXT SEEDS: A410324       0       0       0       0       0   181CD    3039       0       0
   40000000             210000000             210000000             2.9440821E-05         1.0000000E+30                 0       
 NEXT SEEDS: BB8104C       0       0       0       0       0   181CD    3039       0       0
   45000000             205000000             205000000             2.9430084E-05         1.0000000E+30                 0       
 NEXT SEEDS: D2F00CB       0       0       0       0       0   181CD    3039       0       0
   50000000             200000000             200000000             2.9431907E-05         1.0000000E+30                 0       
 NEXT SEEDS: EA6368F       0       0       0       0       0   181CD    3039       0       0
   55000000             195000000             195000000             2.9429095E-05         1.0000000E+30                 0       
 NEXT SEEDS:101D4CDE       0       0       0       0       0   181CD    3039       0       0
   60000000             190000000             190000000             2.9431100E-05         1.0000000E+30                 0       
 NEXT SEEDS:11943E82       0       0       0       0       0   181CD    3039       0       0
   65000000             185000000             185000000             2.9424050E-05         1.0000000E+30                 0       
 NEXT SEEDS:130B14AE       0       0       0       0       0   181CD    3039       0       0
   70000000             180000000             180000000             2.9420665E-05         1.0000000E+30                 0       
 NEXT SEEDS:1481FBE1       0       0       0       0       0   181CD    3039       0       0
   75000000             175000000             175000000             2.9419701E-05         1.0000000E+30                 0       
 NEXT SEEDS:15F90153       0       0       0       0       0   181CD    3039       0       0
   80000000             170000000             170000000             2.9424835E-05         1.0000000E+30                 0       
 NEXT SEEDS:176FCA3F       0       0       0       0       0   181CD    3039       0       0
  *** Emfgeo: Ncoun  2000000000
   85000000             165000000             165000000             2.9428160E-05         1.0000000E+30                 0       
 NEXT SEEDS:18E6D29D       0       0       0       0       0   181CD    3039       0       0
   90000000             160000000             160000000             2.9423481E-05         1.0000000E+30                 0       
 NEXT SEEDS:1A5DDDBD       0       0       0       0       0   181CD    3039       0       0
   95000000             155000000             155000000             2.9425383E-05         1.0000000E+30                 0       
 NEXT SEEDS:1BD4D7E4       0       0       0       0       0   181CD    3039       0       0
  100000000             150000000             150000000             2.9423560E-05         1.0000000E+30                 0       
 NEXT SEEDS:1D4BE8F7       0       0       0       0       0   181CD    3039       0       0
  105000000             145000000             145000000             2.9425874E-05         1.0000000E+30                 0       
 NEXT SEEDS:1EC2F128       0       0       0       0       0   181CD    3039       0       0
  110000000             140000000             140000000             2.9424980E-05         1.0000000E+30                 0       
 NEXT SEEDS:2039F939       0       0       0       0       0   181CD    3039       0       0
  115000000             135000000             135000000             2.9421132E-05         1.0000000E+30                 0       
 NEXT SEEDS:21B1161B       0       0       0       0       0   181CD    3039       0       0
  120000000             130000000             130000000             2.9422717E-05         1.0000000E+30                 0       
 NEXT SEEDS:232807DF       0       0       0       0       0   181CD    3039       0       0
  125000000             125000000             125000000             2.9422154E-05         1.0000000E+30                 0       
 NEXT SEEDS:249EE766       0       0       0       0       0   181CD    3039       0       0
  130000000             120000000             120000000             2.9426063E-05         1.0000000E+30                 0       
 NEXT SEEDS:2615E550       0       0       0       0       0   181CD    3039       0       0
  135000000             115000000             115000000             2.9432350E-05         1.0000000E+30                 0       
 NEXT SEEDS:278CCAA7       0       0       0       0       0   181CD    3039       0       0
  140000000             110000000             110000000             2.9435528E-05         1.0000000E+30                 0       
 NEXT SEEDS:2903C157       0       0       0       0       0   181CD    3039       0       0
  145000000             105000000             105000000             2.9439280E-05         1.0000000E+30                 0       
 NEXT SEEDS:2A7AACA8       0       0       0       0       0   181CD    3039       0       0
  150000000             100000000             100000000             2.9442896E-05         1.0000000E+30                 0       
 NEXT SEEDS:2BF1BA64       0       0       0       0       0   181CD    3039       0       0
  155000000              95000000              95000000             2.9446571E-05         1.0000000E+30                 0       
 NEXT SEEDS:2D68C9C6       0       0       0       0       0   181CD    3039       0       0
  160000000              90000000              90000000             2.9454668E-05         1.0000000E+30                 0       
 NEXT SEEDS:2EDFE051       0       0       0       0       0   181CD    3039       0       0
  *** Emfgeo: Ncoun  2000000000
  165000000              85000000              85000000             2.9456394E-05         1.0000000E+30                 0       
 NEXT SEEDS:3056D93A       0       0       0       0       0   181CD    3039       0       0
  170000000              80000000              80000000             2.9453402E-05         1.0000000E+30                 0       
 NEXT SEEDS:31CD9834       0       0       0       0       0   181CD    3039       0       0
  175000000              75000000              75000000             2.9451366E-05         1.0000000E+30                 0       
 NEXT SEEDS:3344B4D3       0       0       0       0       0   181CD    3039       0       0
  180000000              70000000              70000000             2.9453693E-05         1.0000000E+30                 0       
 NEXT SEEDS:34BBF468       0       0       0       0       0   181CD    3039       0       0
  185000000              65000000              65000000             2.9454882E-05         1.0000000E+30                 0       
 NEXT SEEDS:3632D11C       0       0       0       0       0   181CD    3039       0       0
  190000000              60000000              60000000             2.9456041E-05         1.0000000E+30                 0       
 NEXT SEEDS:37A9E878       0       0       0       0       0   181CD    3039       0       0
  195000000              55000000              55000000             2.9453780E-05         1.0000000E+30                 0       
 NEXT SEEDS:3920FD58       0       0       0       0       0   181CD    3039       0       0
  200000000              50000000              50000000             2.9454237E-05         1.0000000E+30                 0       
 NEXT SEEDS:3A982829       0       0       0       0       0   181CD    3039       0       0
  205000000              45000000              45000000             2.9451197E-05         1.0000000E+30                 0       
 NEXT SEEDS:  7467D7       1       0       0       0       0   181CD    3039       0       0
  210000000              40000000              40000000             2.9449811E-05         1.0000000E+30                 0       
 NEXT SEEDS: 1EB43BA       1       0       0       0       0   181CD    3039       0       0
  215000000              35000000              35000000             2.9447821E-05         1.0000000E+30                 0       
 NEXT SEEDS: 3624D29       1       0       0       0       0   181CD    3039       0       0
  220000000              30000000              30000000             2.9448179E-05         1.0000000E+30                 0       
 NEXT SEEDS: 4D94F63       1       0       0       0       0   181CD    3039       0       0
  225000000              25000000              25000000             2.9448423E-05         1.0000000E+30                 0       
 NEXT SEEDS: 6506AF2       1       0       0       0       0   181CD    3039       0       0
  230000000              20000000              20000000             2.9447551E-05         1.0000000E+30                 0       
 NEXT SEEDS: 7C77C4F       1       0       0       0       0   181CD    3039       0       0
  235000000              15000000              15000000             2.9446120E-05         1.0000000E+30                 0       
 NEXT SEEDS: 93E5703       1       0       0       0       0   181CD    3039       0       0
  240000000              10000000              10000000             2.9444404E-05         1.0000000E+30                 0       
 NEXT SEEDS: AB54105       1       0       0       0       0   181CD    3039       0       0
  *** Emfgeo: Ncoun  2000000000
  245000000               5000000               5000000             2.9443297E-05         1.0000000E+30                 0       
 NEXT SEEDS: C2BFCBB       1       0       0       0       0   181CD    3039       0       0
  249999950                    50                    50             2.9442823E-05         1.0000000E+30                 0       
 NEXT SEEDS: DA30E58       1       0       0       0       0   181CD    3039       0       0
  249999951                    49                    49             2.9442823E-05         1.0000000E+30                 0       
 NEXT SEEDS: DA30E5C       1       0       0       0       0   181CD    3039       0       0
  249999952                    48                    48             2.9442823E-05         1.0000000E+30                 0       
 NEXT SEEDS: DA30E60       1       0       0       0       0   181CD    3039       0       0
  249999953                    47                    47             2.9442823E-05         1.0000000E+30                 0       
 NEXT SEEDS: DA30E64       1       0       0       0       0   181CD    3039       0       0
  249999954                    46                    46             2.9442823E-05         1.0000000E+30                 0       
 NEXT SEEDS: DA30E68       1       0       0       0       0   181CD    3039       0       0
  249999955                    45                    45             2.9442823E-05         1.0000000E+30                 0       
 NEXT SEEDS: DA30E6C       1       0       0       0       0   181CD    3039       0       0
  249999956                    44                    44             2.9442823E-05         1.0000000E+30                 0       
 NEXT SEEDS: DA30E70       1       0       0       0       0   181CD    3039       0       0
  249999957                    43                    43             2.9442823E-05         1.0000000E+30                 0       
 NEXT SEEDS: DA30E74       1       0       0       0       0   181CD    3039       0       0
  249999958                    42                    42             2.9442822E-05         1.0000000E+30                 0       
 NEXT SEEDS: DA30E78       1       0       0       0       0   181CD    3039       0       0
  249999959                    41                    41             2.9442822E-05         1.0000000E+30                 0       
 NEXT SEEDS: DA30E7E       1       0       0       0       0   181CD    3039       0       0
  249999960                    40                    40             2.9442822E-05         1.0000000E+30                 0       
 NEXT SEEDS: DA30E82       1       0       0       0       0   181CD    3039       0       0
  249999961                    39                    39             2.9442822E-05         1.0000000E+30                 0       
 NEXT SEEDS: DA30E86       1       0       0       0       0   181CD    3039       0       0
  249999962                    38                    38             2.9442822E-05         1.0000000E+30                 0       
 NEXT SEEDS: DA30E8A       1       0       0       0       0   181CD    3039       0       0
  249999963                    37                    37             2.9442824E-05         1.0000000E+30                 0       
 NEXT SEEDS: DA30E8E       1       0       0       0       0   181CD    3039       0       0
  249999964                    36                    36             2.9442824E-05         1.0000000E+30                 0       
 NEXT SEEDS: DA30E94       1       0       0       0       0   181CD    3039       0       0
  249999965                    35                    35             2.9442825E-05         1.0000000E+30                 0       
 NEXT SEEDS: DA30E98       1       0       0       0       0   181CD    3039       0       0
  249999966                    34                    34             2.9442825E-05         1.0000000E+30                 0       
 NEXT SEEDS: DA30E9C       1       0       0       0       0   181CD    3039       0       0
  249999967                    33                    33             2.9442825E-05         1.0000000E+30                 0       
 NEXT SEEDS: DA30EA0       1       0       0       0       0   181CD    3039       0       0
  249999968                    32                    32             2.9442827E-05         1.0000000E+30                 0       
 NEXT SEEDS: DA30EA4       1       0       0       0       0   181CD    3039       0       0
  249999969                    31                    31             2.9442827E-05         1.0000000E+30                 0       
 NEXT SEEDS: DA30EA8       1       0       0       0       0   181CD    3039       0       0
  249999970                    30                    30             2.9442827E-05         1.0000000E+30                 0       
 NEXT SEEDS: DA30EAC       1       0       0       0       0   181CD    3039       0       0
  249999971                    29                    29             2.9442829E-05         1.0000000E+30                 0       
 NEXT SEEDS: DA30EB0       1       0       0       0       0   181CD    3039       0       0
  249999972                    28                    28             2.9442829E-05         1.0000000E+30                 0       
 NEXT SEEDS: DA30EB4       1       0       0       0       0   181CD    3039       0       0
  249999973                    27                    27             2.9442828E-05         1.0000000E+30                 0       
 NEXT SEEDS: DA30EB8       1       0       0       0       0   181CD    3039       0       0
  249999974                    26                    26             2.9442828E-05         1.0000000E+30                 0       
 NEXT SEEDS: DA30EBC       1       0       0       0       0   181CD    3039       0       0
  249999975                    25                    25             2.9442828E-05         1.0000000E+30                 0       
 NEXT SEEDS: DA30EC0       1       0       0       0       0   181CD    3039       0       0
  249999976                    24                    24             2.9442828E-05         1.0000000E+30                 0       
 NEXT SEEDS: DA30EC4       1       0       0       0       0   181CD    3039       0       0
  249999977                    23                    23             2.9442828E-05         1.0000000E+30                 0       
 NEXT SEEDS: DA30EC8       1       0       0       0       0   181CD    3039       0       0
  249999978                    22                    22             2.9442828E-05         1.0000000E+30                 0       
 NEXT SEEDS: DA30ECC       1       0       0       0       0   181CD    3039       0       0
  249999979                    21                    21             2.9442828E-05         1.0000000E+30                 0       
 NEXT SEEDS: DA30ED0       1       0       0       0       0   181CD    3039       0       0
  249999980                    20                    20             2.9442828E-05         1.0000000E+30                 0       
 NEXT SEEDS: DA30ED4       1       0       0       0       0   181CD    3039       0       0
  249999981                    19                    19             2.9442828E-05         1.0000000E+30                 0       
 NEXT SEEDS: DA30ED8       1       0       0       0       0   181CD    3039       0       0
  249999982                    18                    18             2.9442827E-05         1.0000000E+30                 0       
 NEXT SEEDS: DA30EDC       1       0       0       0       0   181CD    3039       0       0
  249999983                    17                    17             2.9442827E-05         1.0000000E+30                 0       
 NEXT SEEDS: DA30EE0       1       0       0       0       0   181CD    3039       0       0
  249999984                    16                    16             2.9442827E-05         1.0000000E+30                 0       
 NEXT SEEDS: DA30EE4       1       0       0       0       0   181CD    3039       0       0
  249999985                    15                    15             2.9442827E-05         1.0000000E+30                 0       
 NEXT SEEDS: DA30EE8       1       0       0       0       0   181CD    3039       0       0
  249999986                    14                    14             2.9442827E-05         1.0000000E+30                 0       
 NEXT SEEDS: DA30EEC       1       0       0       0       0   181CD    3039       0       0
  249999987                    13                    13             2.9442827E-05         1.0000000E+30                 0       
 NEXT SEEDS: DA30EF2       1       0       0       0       0   181CD    3039       0       0
  249999988                    12                    12             2.9442827E-05         1.0000000E+30                 0       
 NEXT SEEDS: DA30EF6       1       0       0       0       0   181CD    3039       0       0
  249999989                    11                    11             2.9442829E-05         1.0000000E+30                 0       
 NEXT SEEDS: DA30EFA       1       0       0       0       0   181CD    3039       0       0
  249999990                    10                    10             2.9442830E-05         1.0000000E+30                 0       
 NEXT SEEDS: DA30EFE       1       0       0       0       0   181CD    3039       0       0
  249999991                     9                     9             2.9442830E-05         1.0000000E+30                 0       
 NEXT SEEDS: DA30F02       1       0       0       0       0   181CD    3039       0       0
  249999992                     8                     8             2.9442830E-05         1.0000000E+30                 0       
 NEXT SEEDS: DA30F06       1       0       0       0       0   181CD    3039       0       0
  249999993                     7                     7             2.9442832E-05         1.0000000E+30                 0       
 NEXT SEEDS: DA30F0A       1       0       0       0       0   181CD    3039       0       0
  249999994                     6                     6             2.9442832E-05         1.0000000E+30                 0       
 NEXT SEEDS: DA30F0E       1       0       0       0       0   181CD    3039       0       0
  249999995                     5                     5             2.9442832E-05         1.0000000E+30                 0       
 NEXT SEEDS: DA30F12       1       0       0       0       0   181CD    3039       0       0
  249999996                     4                     4             2.9442834E-05         1.0000000E+30                 0       
 NEXT SEEDS: DA30F16       1       0       0       0       0   181CD    3039       0       0
  249999997                     3                     3             2.9442833E-05         1.0000000E+30                 0       
 NEXT SEEDS: DA30F1A       1       0       0       0       0   181CD    3039       0       0
  249999998                     2                     2             2.9442833E-05         1.0000000E+30                 0       
 NEXT SEEDS: DA30F1E       1       0       0       0       0   181CD    3039       0       0
  249999999                     1                     1             2.9442835E-05         1.0000000E+30                 0       
 NEXT SEEDS: DA30F22       1       0       0       0       0   181CD    3039       0       0
  250000000                     0                     1             2.9442835E-05         1.0000000E+30                 0       
 NEXT SEEDS: DA30F26       1       0       0       0       0   181CD    3039       0       0
