1NUMBER OF BEAM       NUMBER OF BEAM        APPROXIMATE NUMBER    AVERAGE TIME USED     TIME LEFT (RESERVED   NUMBER OF STARS
 PARTICLES HANDLED    PARTICLES LEFT        OF BEAM PARTICLES     BY A BEAM PARTICLE     10000.0 SECONDS      CREATED
                                            THAT CAN STILL BE                           FOR PRINTOUT)
                                            HANDLED

 NEXT SEEDS:       0       0       0       0       0       0   181CD    3039       0       0
          1             249999999             249999999             7.7009201E-05         1.0000000E+30                 0       
 NEXT SEEDS:       4       0       0       0       0       0   181CD    3039       0       0
    5000000             245000000             245000000             2.8608613E-05         1.0000000E+30                 0       
 NEXT SEEDS: 1769C94       0       0       0       0       0   181CD    3039       0       0
   10000000             240000000             240000000             2.8601325E-05         1.0000000E+30                 0       
 NEXT SEEDS: 2ED6FA0       0       0       0       0       0   181CD    3039       0       0
   15000000             235000000             235000000             2.8602136E-05         1.0000000E+30                 0       
 NEXT SEEDS: 464A936       0       0       0       0       0   181CD    3039       0       0
   20000000             230000000             230000000             2.8595365E-05         1.0000000E+30                 0       
 NEXT SEEDS: 5DB5E83       0       0       0       0       0   181CD    3039       0       0
   25000000             225000000             225000000             2.8616426E-05         1.0000000E+30                 0       
 NEXT SEEDS: 752A72C       0       0       0       0       0   181CD    3039       0       0
   30000000             220000000             220000000             2.8620929E-05         1.0000000E+30                 0       
 NEXT SEEDS: 8C9DB54       0       0       0       0       0   181CD    3039       0       0
   35000000             215000000             215000000             2.8616759E-05         1.0000000E+30                 0       
 NEXT SEEDS: A40D9BF       0       0       0       0       0   181CD    3039       0       0
   40000000             210000000             210000000             2.8619904E-05         1.0000000E+30                 0       
 NEXT SEEDS: BB7E906       0       0       0       0       0   181CD    3039       0       0
   45000000             205000000             205000000             2.8623207E-05         1.0000000E+30                 0       
 NEXT SEEDS: D2F48D3       0       0       0       0       0   181CD    3039       0       0
   50000000             200000000             200000000             2.8633025E-05         1.0000000E+30                 0       
 NEXT SEEDS: EA68139       0       0       0       0       0   181CD    3039       0       0
   55000000             195000000             195000000             2.8630826E-05         1.0000000E+30                 0       
 NEXT SEEDS:101D3EC3       0       0       0       0       0   181CD    3039       0       0
   60000000             190000000             190000000             2.8634890E-05         1.0000000E+30                 0       
 NEXT SEEDS:1194813D       0       0       0       0       0   181CD    3039       0       0
   65000000             185000000             185000000             2.8637064E-05         1.0000000E+30                 0       
 NEXT SEEDS:130BC2EF       0       0       0       0       0   181CD    3039       0       0
   70000000             180000000             180000000             2.8633629E-05         1.0000000E+30                 0       
 NEXT SEEDS:14828030       0       0       0       0       0   181CD    3039       0       0
   75000000             175000000             175000000             2.8634325E-05         1.0000000E+30                 0       
 NEXT SEEDS:15F95817       0       0       0       0       0   181CD    3039       0       0
   80000000             170000000             170000000             2.8633604E-05         1.0000000E+30                 0       
 NEXT SEEDS:17706DEE       0       0       0       0       0   181CD    3039       0       0
  *** Emfgeo: Ncoun  2000000000
   85000000             165000000             165000000             2.8635092E-05         1.0000000E+30                 0       
 NEXT SEEDS:18E7A594       0       0       0       0       0   181CD    3039       0       0
   90000000             160000000             160000000             2.8640686E-05         1.0000000E+30                 0       
 NEXT SEEDS:1A5EF39F       0       0       0       0       0   181CD    3039       0       0
   95000000             155000000             155000000             2.8643271E-05         1.0000000E+30                 0       
 NEXT SEEDS:1BD5F7E1       0       0       0       0       0   181CD    3039       0       0
  100000000             150000000             150000000             2.8644972E-05         1.0000000E+30                 0       
 NEXT SEEDS:1D4D4129       0       0       0       0       0   181CD    3039       0       0
  105000000             145000000             145000000             2.8645497E-05         1.0000000E+30                 0       
 NEXT SEEDS:1EC44A69       0       0       0       0       0   181CD    3039       0       0
  110000000             140000000             140000000             2.8645052E-05         1.0000000E+30                 0       
 NEXT SEEDS:203B325E       0       0       0       0       0   181CD    3039       0       0
  115000000             135000000             135000000             2.8645341E-05         1.0000000E+30                 0       
 NEXT SEEDS:21B24B8E       0       0       0       0       0   181CD    3039       0       0
  120000000             130000000             130000000             2.8641411E-05         1.0000000E+30                 0       
 NEXT SEEDS:2329033A       0       0       0       0       0   181CD    3039       0       0
  125000000             125000000             125000000             2.8641136E-05         1.0000000E+30                 0       
 NEXT SEEDS:24A0168B       0       0       0       0       0   181CD    3039       0       0
  130000000             120000000             120000000             2.8639850E-05         1.0000000E+30                 0       
 NEXT SEEDS:26171AD8       0       0       0       0       0   181CD    3039       0       0
  135000000             115000000             115000000             2.8638707E-05         1.0000000E+30                 0       
 NEXT SEEDS:278E09DF       0       0       0       0       0   181CD    3039       0       0
  140000000             110000000             110000000             2.8638624E-05         1.0000000E+30                 0       
 NEXT SEEDS:290520AE       0       0       0       0       0   181CD    3039       0       0
  145000000             105000000             105000000             2.8637555E-05         1.0000000E+30                 0       
 NEXT SEEDS:2A7C30AB       0       0       0       0       0   181CD    3039       0       0
  150000000             100000000             100000000             2.8639998E-05         1.0000000E+30                 0       
 NEXT SEEDS:2BF35EE2       0       0       0       0       0   181CD    3039       0       0
  155000000              95000000              95000000             2.8640052E-05         1.0000000E+30                 0       
 NEXT SEEDS:2D6A86C5       0       0       0       0       0   181CD    3039       0       0
  160000000              90000000              90000000             2.8639643E-05         1.0000000E+30                 0       
 NEXT SEEDS:2EE15B73       0       0       0       0       0   181CD    3039       0       0
  *** Emfgeo: Ncoun  2000000000
  165000000              85000000              85000000             2.8640481E-05         1.0000000E+30                 0       
 NEXT SEEDS:30584054       0       0       0       0       0   181CD    3039       0       0
  170000000              80000000              80000000             2.8639727E-05         1.0000000E+30                 0       
 NEXT SEEDS:31CF54B2       0       0       0       0       0   181CD    3039       0       0
  175000000              75000000              75000000             2.8640299E-05         1.0000000E+30                 0       
 NEXT SEEDS:334697C9       0       0       0       0       0   181CD    3039       0       0
  180000000              70000000              70000000             2.8641355E-05         1.0000000E+30                 0       
 NEXT SEEDS:34BD5937       0       0       0       0       0   181CD    3039       0       0
  185000000              65000000              65000000             2.8639984E-05         1.0000000E+30                 0       
 NEXT SEEDS:363468EC       0       0       0       0       0   181CD    3039       0       0
  190000000              60000000              60000000             2.8639883E-05         1.0000000E+30                 0       
 NEXT SEEDS:37ABACC7       0       0       0       0       0   181CD    3039       0       0
  195000000              55000000              55000000             2.8640228E-05         1.0000000E+30                 0       
 NEXT SEEDS:3922C492       0       0       0       0       0   181CD    3039       0       0
  200000000              50000000              50000000             2.8638626E-05         1.0000000E+30                 0       
 NEXT SEEDS:3A99E6B5       0       0       0       0       0   181CD    3039       0       0
  205000000              45000000              45000000             2.8638427E-05         1.0000000E+30                 0       
 NEXT SEEDS:  763D1F       1       0       0       0       0   181CD    3039       0       0
  210000000              40000000              40000000             2.8636803E-05         1.0000000E+30                 0       
 NEXT SEEDS: 1ED4F79       1       0       0       0       0   181CD    3039       0       0
  215000000              35000000              35000000             2.8637003E-05         1.0000000E+30                 0       
 NEXT SEEDS: 3642742       1       0       0       0       0   181CD    3039       0       0
  220000000              30000000              30000000             2.8639676E-05         1.0000000E+30                 0       
 NEXT SEEDS: 4DB785B       1       0       0       0       0   181CD    3039       0       0
  225000000              25000000              25000000             2.8640196E-05         1.0000000E+30                 0       
 NEXT SEEDS: 652A8BA       1       0       0       0       0   181CD    3039       0       0
  230000000              20000000              20000000             2.8639059E-05         1.0000000E+30                 0       
 NEXT SEEDS: 7C94A6D       1       0       0       0       0   181CD    3039       0       0
  235000000              15000000              15000000             2.8640630E-05         1.0000000E+30                 0       
 NEXT SEEDS: 9404A3F       1       0       0       0       0   181CD    3039       0       0
  240000000              10000000              10000000             2.8640495E-05         1.0000000E+30                 0       
 NEXT SEEDS: AB70E55       1       0       0       0       0   181CD    3039       0       0
  *** Emfgeo: Ncoun  2000000000
  245000000               5000000               5000000             2.8640701E-05         1.0000000E+30                 0       
 NEXT SEEDS: C2DCC81       1       0       0       0       0   181CD    3039       0       0
  249999950                    50                    50             2.8640475E-05         1.0000000E+30                 0       
 NEXT SEEDS: DA4FC8E       1       0       0       0       0   181CD    3039       0       0
  249999951                    49                    49             2.8640477E-05         1.0000000E+30                 0       
 NEXT SEEDS: DA4FC92       1       0       0       0       0   181CD    3039       0       0
  249999952                    48                    48             2.8640477E-05         1.0000000E+30                 0       
 NEXT SEEDS: DA4FCA4       1       0       0       0       0   181CD    3039       0       0
  249999953                    47                    47             2.8640479E-05         1.0000000E+30                 0       
 NEXT SEEDS: DA4FCB8       1       0       0       0       0   181CD    3039       0       0
  249999954                    46                    46             2.8640478E-05         1.0000000E+30                 0       
 NEXT SEEDS: DA4FCBC       1       0       0       0       0   181CD    3039       0       0
  249999955                    45                    45             2.8640480E-05         1.0000000E+30                 0       
 NEXT SEEDS: DA4FCC2       1       0       0       0       0   181CD    3039       0       0
  249999956                    44                    44             2.8640480E-05         1.0000000E+30                 0       
 NEXT SEEDS: DA4FCC6       1       0       0       0       0   181CD    3039       0       0
  249999957                    43                    43             2.8640482E-05         1.0000000E+30                 0       
 NEXT SEEDS: DA4FCCA       1       0       0       0       0   181CD    3039       0       0
  249999958                    42                    42             2.8640482E-05         1.0000000E+30                 0       
 NEXT SEEDS: DA4FCCE       1       0       0       0       0   181CD    3039       0       0
  249999959                    41                    41             2.8640484E-05         1.0000000E+30                 0       
 NEXT SEEDS: DA4FCD2       1       0       0       0       0   181CD    3039       0       0
  249999960                    40                    40             2.8640484E-05         1.0000000E+30                 0       
 NEXT SEEDS: DA4FCD6       1       0       0       0       0   181CD    3039       0       0
  249999961                    39                    39             2.8640483E-05         1.0000000E+30                 0       
 NEXT SEEDS: DA4FCDA       1       0       0       0       0   181CD    3039       0       0
  249999962                    38                    38             2.8640485E-05         1.0000000E+30                 0       
 NEXT SEEDS: DA4FCDE       1       0       0       0       0   181CD    3039       0       0
  249999963                    37                    37             2.8640485E-05         1.0000000E+30                 0       
 NEXT SEEDS: DA4FCE2       1       0       0       0       0   181CD    3039       0       0
  249999964                    36                    36             2.8640485E-05         1.0000000E+30                 0       
 NEXT SEEDS: DA4FCE6       1       0       0       0       0   181CD    3039       0       0
  249999965                    35                    35             2.8640487E-05         1.0000000E+30                 0       
 NEXT SEEDS: DA4FCEA       1       0       0       0       0   181CD    3039       0       0
  249999966                    34                    34             2.8640487E-05         1.0000000E+30                 0       
 NEXT SEEDS: DA4FCEE       1       0       0       0       0   181CD    3039       0       0
  249999967                    33                    33             2.8640487E-05         1.0000000E+30                 0       
 NEXT SEEDS: DA4FCF2       1       0       0       0       0   181CD    3039       0       0
  249999968                    32                    32             2.8640487E-05         1.0000000E+30                 0       
 NEXT SEEDS: DA4FCF6       1       0       0       0       0   181CD    3039       0       0
  249999969                    31                    31             2.8640486E-05         1.0000000E+30                 0       
 NEXT SEEDS: DA4FCFA       1       0       0       0       0   181CD    3039       0       0
  249999970                    30                    30             2.8640486E-05         1.0000000E+30                 0       
 NEXT SEEDS: DA4FCFE       1       0       0       0       0   181CD    3039       0       0
  249999971                    29                    29             2.8640486E-05         1.0000000E+30                 0       
 NEXT SEEDS: DA4FD02       1       0       0       0       0   181CD    3039       0       0
  249999972                    28                    28             2.8640486E-05         1.0000000E+30                 0       
 NEXT SEEDS: DA4FD06       1       0       0       0       0   181CD    3039       0       0
  249999973                    27                    27             2.8640488E-05         1.0000000E+30                 0       
 NEXT SEEDS: DA4FD0A       1       0       0       0       0   181CD    3039       0       0
  249999974                    26                    26             2.8640488E-05         1.0000000E+30                 0       
 NEXT SEEDS: DA4FD20       1       0       0       0       0   181CD    3039       0       0
  249999975                    25                    25             2.8640490E-05         1.0000000E+30                 0       
 NEXT SEEDS: DA4FD24       1       0       0       0       0   181CD    3039       0       0
  249999976                    24                    24             2.8640490E-05         1.0000000E+30                 0       
 NEXT SEEDS: DA4FD28       1       0       0       0       0   181CD    3039       0       0
  249999977                    23                    23             2.8640489E-05         1.0000000E+30                 0       
 NEXT SEEDS: DA4FD2C       1       0       0       0       0   181CD    3039       0       0
  249999978                    22                    22             2.8640491E-05         1.0000000E+30                 0       
 NEXT SEEDS: DA4FD30       1       0       0       0       0   181CD    3039       0       0
  249999979                    21                    21             2.8640491E-05         1.0000000E+30                 0       
 NEXT SEEDS: DA4FD34       1       0       0       0       0   181CD    3039       0       0
  249999980                    20                    20             2.8640491E-05         1.0000000E+30                 0       
 NEXT SEEDS: DA4FD38       1       0       0       0       0   181CD    3039       0       0
  249999981                    19                    19             2.8640493E-05         1.0000000E+30                 0       
 NEXT SEEDS: DA4FD3C       1       0       0       0       0   181CD    3039       0       0
  249999982                    18                    18             2.8640493E-05         1.0000000E+30                 0       
 NEXT SEEDS: DA4FD40       1       0       0       0       0   181CD    3039       0       0
  249999983                    17                    17             2.8640495E-05         1.0000000E+30                 0       
 NEXT SEEDS: DA4FD44       1       0       0       0       0   181CD    3039       0       0
  249999984                    16                    16             2.8640495E-05         1.0000000E+30                 0       
 NEXT SEEDS: DA4FD4A       1       0       0       0       0   181CD    3039       0       0
  249999985                    15                    15             2.8640494E-05         1.0000000E+30                 0       
 NEXT SEEDS: DA4FD4E       1       0       0       0       0   181CD    3039       0       0
  249999986                    14                    14             2.8640496E-05         1.0000000E+30                 0       
 NEXT SEEDS: DA4FD52       1       0       0       0       0   181CD    3039       0       0
  249999987                    13                    13             2.8640496E-05         1.0000000E+30                 0       
 NEXT SEEDS: DA4FD56       1       0       0       0       0   181CD    3039       0       0
  249999988                    12                    12             2.8640496E-05         1.0000000E+30                 0       
 NEXT SEEDS: DA4FD5A       1       0       0       0       0   181CD    3039       0       0
  249999989                    11                    11             2.8640496E-05         1.0000000E+30                 0       
 NEXT SEEDS: DA4FD5E       1       0       0       0       0   181CD    3039       0       0
  249999990                    10                    10             2.8640496E-05         1.0000000E+30                 0       
 NEXT SEEDS: DA4FD62       1       0       0       0       0   181CD    3039       0       0
  249999991                     9                     9             2.8640496E-05         1.0000000E+30                 0       
 NEXT SEEDS: DA4FD66       1       0       0       0       0   181CD    3039       0       0
  249999992                     8                     8             2.8640496E-05         1.0000000E+30                 0       
 NEXT SEEDS: DA4FD6A       1       0       0       0       0   181CD    3039       0       0
  249999993                     7                     7             2.8640495E-05         1.0000000E+30                 0       
 NEXT SEEDS: DA4FD6E       1       0       0       0       0   181CD    3039       0       0
  249999994                     6                     6             2.8640497E-05         1.0000000E+30                 0       
 NEXT SEEDS: DA4FD74       1       0       0       0       0   181CD    3039       0       0
  249999995                     5                     5             2.8640497E-05         1.0000000E+30                 0       
 NEXT SEEDS: DA4FD78       1       0       0       0       0   181CD    3039       0       0
  249999996                     4                     4             2.8640499E-05         1.0000000E+30                 0       
 NEXT SEEDS: DA4FD7C       1       0       0       0       0   181CD    3039       0       0
  249999997                     3                     3             2.8640499E-05         1.0000000E+30                 0       
 NEXT SEEDS: DA4FD80       1       0       0       0       0   181CD    3039       0       0
  249999998                     2                     2             2.8640499E-05         1.0000000E+30                 0       
 NEXT SEEDS: DA4FD84       1       0       0       0       0   181CD    3039       0       0
  249999999                     1                     1             2.8640501E-05         1.0000000E+30                 0       
 NEXT SEEDS: DA4FD88       1       0       0       0       0   181CD    3039       0       0
  250000000                     0                     1             2.8640500E-05         1.0000000E+30                 0       
 NEXT SEEDS: DA4FD8C       1       0       0       0       0   181CD    3039       0       0
