1NUMBER OF BEAM       NUMBER OF BEAM        APPROXIMATE NUMBER    AVERAGE TIME USED     TIME LEFT (RESERVED   NUMBER OF STARS
 PARTICLES HANDLED    PARTICLES LEFT        OF BEAM PARTICLES     BY A BEAM PARTICLE     10000.0 SECONDS      CREATED
                                            THAT CAN STILL BE                           FOR PRINTOUT)
                                            HANDLED

 NEXT SEEDS:       0       0       0       0       0       0   181CD    3039       0       0
          1             249999999             249999999             7.5101852E-05         1.0000000E+30                 0       
 NEXT SEEDS:       4       0       0       0       0       0   181CD    3039       0       0
    5000000             245000000             245000000             2.9346024E-05         1.0000000E+30                 0       
 NEXT SEEDS: 17748CA       0       0       0       0       0   181CD    3039       0       0
   10000000             240000000             240000000             2.9291233E-05         1.0000000E+30                 0       
 NEXT SEEDS: 2EE6D4D       0       0       0       0       0   181CD    3039       0       0
   15000000             235000000             235000000             2.9358205E-05         1.0000000E+30                 0       
 NEXT SEEDS: 46584F9       0       0       0       0       0   181CD    3039       0       0
   20000000             230000000             230000000             2.9351110E-05         1.0000000E+30                 0       
 NEXT SEEDS: 5DC4809       0       0       0       0       0   181CD    3039       0       0
   25000000             225000000             225000000             2.9342150E-05         1.0000000E+30                 0       
 NEXT SEEDS: 753A8D6       0       0       0       0       0   181CD    3039       0       0
   30000000             220000000             220000000             2.9334012E-05         1.0000000E+30                 0       
 NEXT SEEDS: 8CACFC9       0       0       0       0       0   181CD    3039       0       0
   35000000             215000000             215000000             2.9348932E-05         1.0000000E+30                 0       
 NEXT SEEDS: A41C702       0       0       0       0       0   181CD    3039       0       0
   40000000             210000000             210000000             2.9363281E-05         1.0000000E+30                 0       
 NEXT SEEDS: BB8B123       0       0       0       0       0   181CD    3039       0       0
   45000000             205000000             205000000             2.9378116E-05         1.0000000E+30                 0       
 NEXT SEEDS: D2FC605       0       0       0       0       0   181CD    3039       0       0
   50000000             200000000             200000000             2.9380124E-05         1.0000000E+30                 0       
 NEXT SEEDS: EA716F1       0       0       0       0       0   181CD    3039       0       0
   55000000             195000000             195000000             2.9367582E-05         1.0000000E+30                 0       
 NEXT SEEDS:101DD329       0       0       0       0       0   181CD    3039       0       0
   60000000             190000000             190000000             2.9365020E-05         1.0000000E+30                 0       
 NEXT SEEDS:1194F258       0       0       0       0       0   181CD    3039       0       0
   65000000             185000000             185000000             2.9370254E-05         1.0000000E+30                 0       
 NEXT SEEDS:130BADB4       0       0       0       0       0   181CD    3039       0       0
   70000000             180000000             180000000             2.9368328E-05         1.0000000E+30                 0       
 NEXT SEEDS:1482B3E6       0       0       0       0       0   181CD    3039       0       0
   75000000             175000000             175000000             2.9371621E-05         1.0000000E+30                 0       
 NEXT SEEDS:15F99626       0       0       0       0       0   181CD    3039       0       0
   80000000             170000000             170000000             2.9377655E-05         1.0000000E+30                 0       
 NEXT SEEDS:1770AD00       0       0       0       0       0   181CD    3039       0       0
  *** Emfgeo: Ncoun  2000000000
   85000000             165000000             165000000             2.9371151E-05         1.0000000E+30                 0       
 NEXT SEEDS:18E7DDB9       0       0       0       0       0   181CD    3039       0       0
   90000000             160000000             160000000             2.9366474E-05         1.0000000E+30                 0       
 NEXT SEEDS:1A5EE46B       0       0       0       0       0   181CD    3039       0       0
   95000000             155000000             155000000             2.9361832E-05         1.0000000E+30                 0       
 NEXT SEEDS:1BD6081B       0       0       0       0       0   181CD    3039       0       0
  100000000             150000000             150000000             2.9354253E-05         1.0000000E+30                 0       
 NEXT SEEDS:1D4D30B0       0       0       0       0       0   181CD    3039       0       0
  105000000             145000000             145000000             2.9352978E-05         1.0000000E+30                 0       
 NEXT SEEDS:1EC45F47       0       0       0       0       0   181CD    3039       0       0
  110000000             140000000             140000000             2.9354212E-05         1.0000000E+30                 0       
 NEXT SEEDS:203B84A1       0       0       0       0       0   181CD    3039       0       0
  115000000             135000000             135000000             2.9356570E-05         1.0000000E+30                 0       
 NEXT SEEDS:21B2A594       0       0       0       0       0   181CD    3039       0       0
  120000000             130000000             130000000             2.9347465E-05         1.0000000E+30                 0       
 NEXT SEEDS:23299518       0       0       0       0       0   181CD    3039       0       0
  125000000             125000000             125000000             2.9348486E-05         1.0000000E+30                 0       
 NEXT SEEDS:24A0C6E8       0       0       0       0       0   181CD    3039       0       0
  130000000             120000000             120000000             2.9345628E-05         1.0000000E+30                 0       
 NEXT SEEDS:26179DB5       0       0       0       0       0   181CD    3039       0       0
  135000000             115000000             115000000             2.9348909E-05         1.0000000E+30                 0       
 NEXT SEEDS:278EBE52       0       0       0       0       0   181CD    3039       0       0
  140000000             110000000             110000000             2.9352694E-05         1.0000000E+30                 0       
 NEXT SEEDS:2905C21E       0       0       0       0       0   181CD    3039       0       0
  145000000             105000000             105000000             2.9357396E-05         1.0000000E+30                 0       
 NEXT SEEDS:2A7CF6AC       0       0       0       0       0   181CD    3039       0       0
  150000000             100000000             100000000             2.9361821E-05         1.0000000E+30                 0       
 NEXT SEEDS:2BF42E2C       0       0       0       0       0   181CD    3039       0       0
  155000000              95000000              95000000             2.9361654E-05         1.0000000E+30                 0       
 NEXT SEEDS:2D6B28CB       0       0       0       0       0   181CD    3039       0       0
  160000000              90000000              90000000             2.9362745E-05         1.0000000E+30                 0       
 NEXT SEEDS:2EE25A19       0       0       0       0       0   181CD    3039       0       0
  *** Emfgeo: Ncoun  2000000000
  165000000              85000000              85000000             2.9364431E-05         1.0000000E+30                 0       
 NEXT SEEDS:30597383       0       0       0       0       0   181CD    3039       0       0
  170000000              80000000              80000000             2.9361082E-05         1.0000000E+30                 0       
 NEXT SEEDS:31D07450       0       0       0       0       0   181CD    3039       0       0
  175000000              75000000              75000000             2.9358389E-05         1.0000000E+30                 0       
 NEXT SEEDS:33478929       0       0       0       0       0   181CD    3039       0       0
  180000000              70000000              70000000             2.9359235E-05         1.0000000E+30                 0       
 NEXT SEEDS:34BE69D5       0       0       0       0       0   181CD    3039       0       0
  185000000              65000000              65000000             2.9354187E-05         1.0000000E+30                 0       
 NEXT SEEDS:36355534       0       0       0       0       0   181CD    3039       0       0
  190000000              60000000              60000000             2.9353298E-05         1.0000000E+30                 0       
 NEXT SEEDS:37AC3AF8       0       0       0       0       0   181CD    3039       0       0
  195000000              55000000              55000000             2.9349505E-05         1.0000000E+30                 0       
 NEXT SEEDS:39234D53       0       0       0       0       0   181CD    3039       0       0
  200000000              50000000              50000000             2.9348011E-05         1.0000000E+30                 0       
 NEXT SEEDS:3A9A5C7F       0       0       0       0       0   181CD    3039       0       0
  205000000              45000000              45000000             2.9347038E-05         1.0000000E+30                 0       
 NEXT SEEDS:  76C4CE       1       0       0       0       0   181CD    3039       0       0
  210000000              40000000              40000000             2.9346462E-05         1.0000000E+30                 0       
 NEXT SEEDS: 1ED9BBD       1       0       0       0       0   181CD    3039       0       0
  215000000              35000000              35000000             2.9346569E-05         1.0000000E+30                 0       
 NEXT SEEDS: 364C0C6       1       0       0       0       0   181CD    3039       0       0
  220000000              30000000              30000000             2.9346956E-05         1.0000000E+30                 0       
 NEXT SEEDS: 4DB6DEB       1       0       0       0       0   181CD    3039       0       0
  225000000              25000000              25000000             2.9348773E-05         1.0000000E+30                 0       
 NEXT SEEDS: 652A424       1       0       0       0       0   181CD    3039       0       0
  230000000              20000000              20000000             2.9350290E-05         1.0000000E+30                 0       
 NEXT SEEDS: 7C9B452       1       0       0       0       0   181CD    3039       0       0
  235000000              15000000              15000000             2.9350620E-05         1.0000000E+30                 0       
 NEXT SEEDS: 940E1A9       1       0       0       0       0   181CD    3039       0       0
  240000000              10000000              10000000             2.9350951E-05         1.0000000E+30                 0       
 NEXT SEEDS: AB8078C       1       0       0       0       0   181CD    3039       0       0
  *** Emfgeo: Ncoun  2000000000
  245000000               5000000               5000000             2.9352524E-05         1.0000000E+30                 0       
 NEXT SEEDS: C2F4F17       1       0       0       0       0   181CD    3039       0       0
  249999950                    50                    50             2.9355335E-05         1.0000000E+30                 0       
 NEXT SEEDS: DA68A50       1       0       0       0       0   181CD    3039       0       0
  249999951                    49                    49             2.9355335E-05         1.0000000E+30                 0       
 NEXT SEEDS: DA68A54       1       0       0       0       0   181CD    3039       0       0
  249999952                    48                    48             2.9355337E-05         1.0000000E+30                 0       
 NEXT SEEDS: DA68A58       1       0       0       0       0   181CD    3039       0       0
  249999953                    47                    47             2.9355336E-05         1.0000000E+30                 0       
 NEXT SEEDS: DA68A5C       1       0       0       0       0   181CD    3039       0       0
  249999954                    46                    46             2.9355336E-05         1.0000000E+30                 0       
 NEXT SEEDS: DA68A60       1       0       0       0       0   181CD    3039       0       0
  249999955                    45                    45             2.9355336E-05         1.0000000E+30                 0       
 NEXT SEEDS: DA68A64       1       0       0       0       0   181CD    3039       0       0
  249999956                    44                    44             2.9355336E-05         1.0000000E+30                 0       
 NEXT SEEDS: DA68A68       1       0       0       0       0   181CD    3039       0       0
  249999957                    43                    43             2.9355336E-05         1.0000000E+30                 0       
 NEXT SEEDS: DA68A6C       1       0       0       0       0   181CD    3039       0       0
  249999958                    42                    42             2.9355336E-05         1.0000000E+30                 0       
 NEXT SEEDS: DA68A70       1       0       0       0       0   181CD    3039       0       0
  249999959                    41                    41             2.9355338E-05         1.0000000E+30                 0       
 NEXT SEEDS: DA68A74       1       0       0       0       0   181CD    3039       0       0
  249999960                    40                    40             2.9355338E-05         1.0000000E+30                 0       
 NEXT SEEDS: DA68A78       1       0       0       0       0   181CD    3039       0       0
  249999961                    39                    39             2.9355337E-05         1.0000000E+30                 0       
 NEXT SEEDS: DA68A7C       1       0       0       0       0   181CD    3039       0       0
  249999962                    38                    38             2.9355339E-05         1.0000000E+30                 0       
 NEXT SEEDS: DA68A80       1       0       0       0       0   181CD    3039       0       0
  249999963                    37                    37             2.9355339E-05         1.0000000E+30                 0       
 NEXT SEEDS: DA68A84       1       0       0       0       0   181CD    3039       0       0
  249999964                    36                    36             2.9355339E-05         1.0000000E+30                 0       
 NEXT SEEDS: DA68A88       1       0       0       0       0   181CD    3039       0       0
  249999965                    35                    35             2.9355341E-05         1.0000000E+30                 0       
 NEXT SEEDS: DA68A8C       1       0       0       0       0   181CD    3039       0       0
  249999966                    34                    34             2.9355341E-05         1.0000000E+30                 0       
 NEXT SEEDS: DA68A90       1       0       0       0       0   181CD    3039       0       0
  249999967                    33                    33             2.9355341E-05         1.0000000E+30                 0       
 NEXT SEEDS: DA68A94       1       0       0       0       0   181CD    3039       0       0
  249999968                    32                    32             2.9355341E-05         1.0000000E+30                 0       
 NEXT SEEDS: DA68A98       1       0       0       0       0   181CD    3039       0       0
  249999969                    31                    31             2.9355340E-05         1.0000000E+30                 0       
 NEXT SEEDS: DA68A9C       1       0       0       0       0   181CD    3039       0       0
  249999970                    30                    30             2.9355340E-05         1.0000000E+30                 0       
 NEXT SEEDS: DA68AA0       1       0       0       0       0   181CD    3039       0       0
  249999971                    29                    29             2.9355340E-05         1.0000000E+30                 0       
 NEXT SEEDS: DA68AB6       1       0       0       0       0   181CD    3039       0       0
  249999972                    28                    28             2.9355340E-05         1.0000000E+30                 0       
 NEXT SEEDS: DA68ABA       1       0       0       0       0   181CD    3039       0       0
  249999973                    27                    27             2.9355340E-05         1.0000000E+30                 0       
 NEXT SEEDS: DA68ABE       1       0       0       0       0   181CD    3039       0       0
  249999974                    26                    26             2.9355340E-05         1.0000000E+30                 0       
 NEXT SEEDS: DA68AC2       1       0       0       0       0   181CD    3039       0       0
  249999975                    25                    25             2.9355340E-05         1.0000000E+30                 0       
 NEXT SEEDS: DA68AC6       1       0       0       0       0   181CD    3039       0       0
  249999976                    24                    24             2.9355340E-05         1.0000000E+30                 0       
 NEXT SEEDS: DA68ACC       1       0       0       0       0   181CD    3039       0       0
  249999977                    23                    23             2.9355340E-05         1.0000000E+30                 0       
 NEXT SEEDS: DA68AD0       1       0       0       0       0   181CD    3039       0       0
  249999978                    22                    22             2.9355339E-05         1.0000000E+30                 0       
 NEXT SEEDS: DA68AD4       1       0       0       0       0   181CD    3039       0       0
  249999979                    21                    21             2.9355339E-05         1.0000000E+30                 0       
 NEXT SEEDS: DA68ADA       1       0       0       0       0   181CD    3039       0       0
  249999980                    20                    20             2.9355339E-05         1.0000000E+30                 0       
 NEXT SEEDS: DA68ADE       1       0       0       0       0   181CD    3039       0       0
  249999981                    19                    19             2.9355341E-05         1.0000000E+30                 0       
 NEXT SEEDS: DA68AE2       1       0       0       0       0   181CD    3039       0       0
  249999982                    18                    18             2.9355341E-05         1.0000000E+30                 0       
 NEXT SEEDS: DA68AE6       1       0       0       0       0   181CD    3039       0       0
  249999983                    17                    17             2.9355341E-05         1.0000000E+30                 0       
 NEXT SEEDS: DA68AEA       1       0       0       0       0   181CD    3039       0       0
  249999984                    16                    16             2.9355343E-05         1.0000000E+30                 0       
 NEXT SEEDS: DA68AEE       1       0       0       0       0   181CD    3039       0       0
  249999985                    15                    15             2.9355342E-05         1.0000000E+30                 0       
 NEXT SEEDS: DA68AF2       1       0       0       0       0   181CD    3039       0       0
  249999986                    14                    14             2.9355344E-05         1.0000000E+30                 0       
 NEXT SEEDS: DA68B1A       1       0       0       0       0   181CD    3039       0       0
  249999987                    13                    13             2.9355344E-05         1.0000000E+30                 0       
 NEXT SEEDS: DA68B1E       1       0       0       0       0   181CD    3039       0       0
  249999988                    12                    12             2.9355344E-05         1.0000000E+30                 0       
 NEXT SEEDS: DA68B22       1       0       0       0       0   181CD    3039       0       0
  249999989                    11                    11             2.9355344E-05         1.0000000E+30                 0       
 NEXT SEEDS: DA68B26       1       0       0       0       0   181CD    3039       0       0
  249999990                    10                    10             2.9355344E-05         1.0000000E+30                 0       
 NEXT SEEDS: DA68B2A       1       0       0       0       0   181CD    3039       0       0
  249999991                     9                     9             2.9355344E-05         1.0000000E+30                 0       
 NEXT SEEDS: DA68B43       1       0       0       0       0   181CD    3039       0       0
  249999992                     8                     8             2.9355344E-05         1.0000000E+30                 0       
 NEXT SEEDS: DA68B47       1       0       0       0       0   181CD    3039       0       0
  249999993                     7                     7             2.9355343E-05         1.0000000E+30                 0       
 NEXT SEEDS: DA68B4B       1       0       0       0       0   181CD    3039       0       0
  249999994                     6                     6             2.9355343E-05         1.0000000E+30                 0       
 NEXT SEEDS: DA68B51       1       0       0       0       0   181CD    3039       0       0
  249999995                     5                     5             2.9355343E-05         1.0000000E+30                 0       
 NEXT SEEDS: DA68B55       1       0       0       0       0   181CD    3039       0       0
  249999996                     4                     4             2.9355345E-05         1.0000000E+30                 0       
 NEXT SEEDS: DA68B59       1       0       0       0       0   181CD    3039       0       0
  249999997                     3                     3             2.9355345E-05         1.0000000E+30                 0       
 NEXT SEEDS: DA68B5D       1       0       0       0       0   181CD    3039       0       0
  249999998                     2                     2             2.9355345E-05         1.0000000E+30                 0       
 NEXT SEEDS: DA68B61       1       0       0       0       0   181CD    3039       0       0
  249999999                     1                     1             2.9355347E-05         1.0000000E+30                 0       
 NEXT SEEDS: DA68B65       1       0       0       0       0   181CD    3039       0       0
  250000000                     0                     1             2.9355347E-05         1.0000000E+30                 0       
 NEXT SEEDS: DA68B69       1       0       0       0       0   181CD    3039       0       0
