1NUMBER OF BEAM       NUMBER OF BEAM        APPROXIMATE NUMBER    AVERAGE TIME USED     TIME LEFT (RESERVED   NUMBER OF STARS
 PARTICLES HANDLED    PARTICLES LEFT        OF BEAM PARTICLES     BY A BEAM PARTICLE     10000.0 SECONDS      CREATED
                                            THAT CAN STILL BE                           FOR PRINTOUT)
                                            HANDLED

 NEXT SEEDS:       0       0       0       0       0       0   181CD    3039       0       0
          1             249999999             249999999             7.7962875E-05         1.0000000E+30                 0       
 NEXT SEEDS:       4       0       0       0       0       0   181CD    3039       0       0
    5000000             245000000             245000000             2.9263374E-05         1.0000000E+30                 0       
 NEXT SEEDS: 17707C6       0       0       0       0       0   181CD    3039       0       0
   10000000             240000000             240000000             2.9256384E-05         1.0000000E+30                 0       
 NEXT SEEDS: 2EE1949       0       0       0       0       0   181CD    3039       0       0
   15000000             235000000             235000000             2.9275113E-05         1.0000000E+30                 0       
 NEXT SEEDS: 465316C       0       0       0       0       0   181CD    3039       0       0
   20000000             230000000             230000000             2.9241783E-05         1.0000000E+30                 0       
 NEXT SEEDS: 5DBD305       0       0       0       0       0   181CD    3039       0       0
   25000000             225000000             225000000             2.9240367E-05         1.0000000E+30                 0       
 NEXT SEEDS: 75292D2       0       0       0       0       0   181CD    3039       0       0
   30000000             220000000             220000000             2.9233076E-05         1.0000000E+30                 0       
 NEXT SEEDS: 8C99194       0       0       0       0       0   181CD    3039       0       0
   35000000             215000000             215000000             2.9231845E-05         1.0000000E+30                 0       
 NEXT SEEDS: A407C24       0       0       0       0       0   181CD    3039       0       0
   40000000             210000000             210000000             2.9230962E-05         1.0000000E+30                 0       
 NEXT SEEDS: BB76B6E       0       0       0       0       0   181CD    3039       0       0
   45000000             205000000             205000000             2.9219834E-05         1.0000000E+30                 0       
 NEXT SEEDS: D2E7619       0       0       0       0       0   181CD    3039       0       0
   50000000             200000000             200000000             2.9214897E-05         1.0000000E+30                 0       
 NEXT SEEDS: EA5506C       0       0       0       0       0   181CD    3039       0       0
   55000000             195000000             195000000             2.9216126E-05         1.0000000E+30                 0       
 NEXT SEEDS:101C260C       0       0       0       0       0   181CD    3039       0       0
   60000000             190000000             190000000             2.9220784E-05         1.0000000E+30                 0       
 NEXT SEEDS:119335C5       0       0       0       0       0   181CD    3039       0       0
   65000000             185000000             185000000             2.9227538E-05         1.0000000E+30                 0       
 NEXT SEEDS:130A80BC       0       0       0       0       0   181CD    3039       0       0
   70000000             180000000             180000000             2.9225639E-05         1.0000000E+30                 0       
 NEXT SEEDS:14816DE0       0       0       0       0       0   181CD    3039       0       0
   75000000             175000000             175000000             2.9223351E-05         1.0000000E+30                 0       
 NEXT SEEDS:15F847EC       0       0       0       0       0   181CD    3039       0       0
   80000000             170000000             170000000             2.9224317E-05         1.0000000E+30                 0       
 NEXT SEEDS:176F36AE       0       0       0       0       0   181CD    3039       0       0
  *** Emfgeo: Ncoun  2000000000
   85000000             165000000             165000000             2.9223194E-05         1.0000000E+30                 0       
 NEXT SEEDS:18E671C5       0       0       0       0       0   181CD    3039       0       0
   90000000             160000000             160000000             2.9225061E-05         1.0000000E+30                 0       
 NEXT SEEDS:1A5D7911       0       0       0       0       0   181CD    3039       0       0
   95000000             155000000             155000000             2.9225754E-05         1.0000000E+30                 0       
 NEXT SEEDS:1BD47AC6       0       0       0       0       0   181CD    3039       0       0
  100000000             150000000             150000000             2.9226495E-05         1.0000000E+30                 0       
 NEXT SEEDS:1D4BB543       0       0       0       0       0   181CD    3039       0       0
  105000000             145000000             145000000             2.9227768E-05         1.0000000E+30                 0       
 NEXT SEEDS:1EC2B036       0       0       0       0       0   181CD    3039       0       0
  110000000             140000000             140000000             2.9226255E-05         1.0000000E+30                 0       
 NEXT SEEDS:2039A2FA       0       0       0       0       0   181CD    3039       0       0
  115000000             135000000             135000000             2.9223315E-05         1.0000000E+30                 0       
 NEXT SEEDS:21B096B5       0       0       0       0       0   181CD    3039       0       0
  120000000             130000000             130000000             2.9222966E-05         1.0000000E+30                 0       
 NEXT SEEDS:23278836       0       0       0       0       0   181CD    3039       0       0
  125000000             125000000             125000000             2.9221583E-05         1.0000000E+30                 0       
 NEXT SEEDS:249E7186       0       0       0       0       0   181CD    3039       0       0
  130000000             120000000             120000000             2.9220129E-05         1.0000000E+30                 0       
 NEXT SEEDS:261536DE       0       0       0       0       0   181CD    3039       0       0
  135000000             115000000             115000000             2.9219004E-05         1.0000000E+30                 0       
 NEXT SEEDS:278C138A       0       0       0       0       0   181CD    3039       0       0
  140000000             110000000             110000000             2.9219760E-05         1.0000000E+30                 0       
 NEXT SEEDS:2902F34E       0       0       0       0       0   181CD    3039       0       0
  145000000             105000000             105000000             2.9218990E-05         1.0000000E+30                 0       
 NEXT SEEDS:2A79C746       0       0       0       0       0   181CD    3039       0       0
  150000000             100000000             100000000             2.9221075E-05         1.0000000E+30                 0       
 NEXT SEEDS:2BF0D284       0       0       0       0       0   181CD    3039       0       0
  155000000              95000000              95000000             2.9221305E-05         1.0000000E+30                 0       
 NEXT SEEDS:2D67F02D       0       0       0       0       0   181CD    3039       0       0
  160000000              90000000              90000000             2.9220313E-05         1.0000000E+30                 0       
 NEXT SEEDS:2EDE8FFA       0       0       0       0       0   181CD    3039       0       0
  *** Emfgeo: Ncoun  2000000000
  165000000              85000000              85000000             2.9219798E-05         1.0000000E+30                 0       
 NEXT SEEDS:305582F4       0       0       0       0       0   181CD    3039       0       0
  170000000              80000000              80000000             2.9219940E-05         1.0000000E+30                 0       
 NEXT SEEDS:31CC8A43       0       0       0       0       0   181CD    3039       0       0
  175000000              75000000              75000000             2.9220902E-05         1.0000000E+30                 0       
 NEXT SEEDS:33439D2D       0       0       0       0       0   181CD    3039       0       0
  180000000              70000000              70000000             2.9222144E-05         1.0000000E+30                 0       
 NEXT SEEDS:34BA8FB4       0       0       0       0       0   181CD    3039       0       0
  185000000              65000000              65000000             2.9220614E-05         1.0000000E+30                 0       
 NEXT SEEDS:3631B024       0       0       0       0       0   181CD    3039       0       0
  190000000              60000000              60000000             2.9220945E-05         1.0000000E+30                 0       
 NEXT SEEDS:37A8C7CD       0       0       0       0       0   181CD    3039       0       0
  195000000              55000000              55000000             2.9224409E-05         1.0000000E+30                 0       
 NEXT SEEDS:391FCEFA       0       0       0       0       0   181CD    3039       0       0
  200000000              50000000              50000000             2.9227486E-05         1.0000000E+30                 0       
 NEXT SEEDS:3A96EE24       0       0       0       0       0   181CD    3039       0       0
  205000000              45000000              45000000             2.9227196E-05         1.0000000E+30                 0       
 NEXT SEEDS:  7325C6       1       0       0       0       0   181CD    3039       0       0
  210000000              40000000              40000000             2.9226193E-05         1.0000000E+30                 0       
 NEXT SEEDS: 1EA5B6A       1       0       0       0       0   181CD    3039       0       0
  215000000              35000000              35000000             2.9227013E-05         1.0000000E+30                 0       
 NEXT SEEDS: 361351A       1       0       0       0       0   181CD    3039       0       0
  220000000              30000000              30000000             2.9228305E-05         1.0000000E+30                 0       
 NEXT SEEDS: 4D85468       1       0       0       0       0   181CD    3039       0       0
  225000000              25000000              25000000             2.9233811E-05         1.0000000E+30                 0       
 NEXT SEEDS: 64F5A0B       1       0       0       0       0   181CD    3039       0       0
  230000000              20000000              20000000             2.9234184E-05         1.0000000E+30                 0       
 NEXT SEEDS: 7C5FB77       1       0       0       0       0   181CD    3039       0       0
  235000000              15000000              15000000             2.9234828E-05         1.0000000E+30                 0       
 NEXT SEEDS: 93CDDEA       1       0       0       0       0   181CD    3039       0       0
  240000000              10000000              10000000             2.9234894E-05         1.0000000E+30                 0       
 NEXT SEEDS: AB3F16F       1       0       0       0       0   181CD    3039       0       0
  *** Emfgeo: Ncoun  2000000000
  245000000               5000000               5000000             2.9234437E-05         1.0000000E+30                 0       
 NEXT SEEDS: C2AF4C5       1       0       0       0       0   181CD    3039       0       0
  249999950                    50                    50             2.9233493E-05         1.0000000E+30                 0       
 NEXT SEEDS: DA209C4       1       0       0       0       0   181CD    3039       0       0
  249999951                    49                    49             2.9233492E-05         1.0000000E+30                 0       
 NEXT SEEDS: DA209D7       1       0       0       0       0   181CD    3039       0       0
  249999952                    48                    48             2.9233492E-05         1.0000000E+30                 0       
 NEXT SEEDS: DA209DB       1       0       0       0       0   181CD    3039       0       0
  249999953                    47                    47             2.9233494E-05         1.0000000E+30                 0       
 NEXT SEEDS: DA209DF       1       0       0       0       0   181CD    3039       0       0
  249999954                    46                    46             2.9233494E-05         1.0000000E+30                 0       
 NEXT SEEDS: DA209E3       1       0       0       0       0   181CD    3039       0       0
  249999955                    45                    45             2.9233494E-05         1.0000000E+30                 0       
 NEXT SEEDS: DA209E7       1       0       0       0       0   181CD    3039       0       0
  249999956                    44                    44             2.9233496E-05         1.0000000E+30                 0       
 NEXT SEEDS: DA209EB       1       0       0       0       0   181CD    3039       0       0
  249999957                    43                    43             2.9233496E-05         1.0000000E+30                 0       
 NEXT SEEDS: DA209EF       1       0       0       0       0   181CD    3039       0       0
  249999958                    42                    42             2.9233495E-05         1.0000000E+30                 0       
 NEXT SEEDS: DA209F3       1       0       0       0       0   181CD    3039       0       0
  249999959                    41                    41             2.9233495E-05         1.0000000E+30                 0       
 NEXT SEEDS: DA209F7       1       0       0       0       0   181CD    3039       0       0
  249999960                    40                    40             2.9233497E-05         1.0000000E+30                 0       
 NEXT SEEDS: DA209FB       1       0       0       0       0   181CD    3039       0       0
  249999961                    39                    39             2.9233497E-05         1.0000000E+30                 0       
 NEXT SEEDS: DA209FF       1       0       0       0       0   181CD    3039       0       0
  249999962                    38                    38             2.9233497E-05         1.0000000E+30                 0       
 NEXT SEEDS: DA20A03       1       0       0       0       0   181CD    3039       0       0
  249999963                    37                    37             2.9233499E-05         1.0000000E+30                 0       
 NEXT SEEDS: DA20A07       1       0       0       0       0   181CD    3039       0       0
  249999964                    36                    36             2.9233499E-05         1.0000000E+30                 0       
 NEXT SEEDS: DA20A0B       1       0       0       0       0   181CD    3039       0       0
  249999965                    35                    35             2.9233499E-05         1.0000000E+30                 0       
 NEXT SEEDS: DA20A0F       1       0       0       0       0   181CD    3039       0       0
  249999966                    34                    34             2.9233500E-05         1.0000000E+30                 0       
 NEXT SEEDS: DA20A13       1       0       0       0       0   181CD    3039       0       0
  249999967                    33                    33             2.9233500E-05         1.0000000E+30                 0       
 NEXT SEEDS: DA20A19       1       0       0       0       0   181CD    3039       0       0
  249999968                    32                    32             2.9233502E-05         1.0000000E+30                 0       
 NEXT SEEDS: DA20A1D       1       0       0       0       0   181CD    3039       0       0
  249999969                    31                    31             2.9233502E-05         1.0000000E+30                 0       
 NEXT SEEDS: DA20A21       1       0       0       0       0   181CD    3039       0       0
  249999970                    30                    30             2.9233502E-05         1.0000000E+30                 0       
 NEXT SEEDS: DA20A25       1       0       0       0       0   181CD    3039       0       0
  249999971                    29                    29             2.9233502E-05         1.0000000E+30                 0       
 NEXT SEEDS: DA20A29       1       0       0       0       0   181CD    3039       0       0
  249999972                    28                    28             2.9233502E-05         1.0000000E+30                 0       
 NEXT SEEDS: DA20A2F       1       0       0       0       0   181CD    3039       0       0
  249999973                    27                    27             2.9233502E-05         1.0000000E+30                 0       
 NEXT SEEDS: DA20A33       1       0       0       0       0   181CD    3039       0       0
  249999974                    26                    26             2.9233501E-05         1.0000000E+30                 0       
 NEXT SEEDS: DA20A37       1       0       0       0       0   181CD    3039       0       0
  249999975                    25                    25             2.9233501E-05         1.0000000E+30                 0       
 NEXT SEEDS: DA20A3B       1       0       0       0       0   181CD    3039       0       0
  249999976                    24                    24             2.9233503E-05         1.0000000E+30                 0       
 NEXT SEEDS: DA20A3F       1       0       0       0       0   181CD    3039       0       0
  249999977                    23                    23             2.9233503E-05         1.0000000E+30                 0       
 NEXT SEEDS: DA20A52       1       0       0       0       0   181CD    3039       0       0
  249999978                    22                    22             2.9233503E-05         1.0000000E+30                 0       
 NEXT SEEDS: DA20A56       1       0       0       0       0   181CD    3039       0       0
  249999979                    21                    21             2.9233503E-05         1.0000000E+30                 0       
 NEXT SEEDS: DA20A5A       1       0       0       0       0   181CD    3039       0       0
  249999980                    20                    20             2.9233503E-05         1.0000000E+30                 0       
 NEXT SEEDS: DA20A5E       1       0       0       0       0   181CD    3039       0       0
  249999981                    19                    19             2.9233503E-05         1.0000000E+30                 0       
 NEXT SEEDS: DA20A62       1       0       0       0       0   181CD    3039       0       0
  249999982                    18                    18             2.9233502E-05         1.0000000E+30                 0       
 NEXT SEEDS: DA20A66       1       0       0       0       0   181CD    3039       0       0
  249999983                    17                    17             2.9233504E-05         1.0000000E+30                 0       
 NEXT SEEDS: DA20A7B       1       0       0       0       0   181CD    3039       0       0
  249999984                    16                    16             2.9233504E-05         1.0000000E+30                 0       
 NEXT SEEDS: DA20A7F       1       0       0       0       0   181CD    3039       0       0
  249999985                    15                    15             2.9233506E-05         1.0000000E+30                 0       
 NEXT SEEDS: DA20A83       1       0       0       0       0   181CD    3039       0       0
  249999986                    14                    14             2.9233506E-05         1.0000000E+30                 0       
 NEXT SEEDS: DA20A87       1       0       0       0       0   181CD    3039       0       0
  249999987                    13                    13             2.9233506E-05         1.0000000E+30                 0       
 NEXT SEEDS: DA20A8B       1       0       0       0       0   181CD    3039       0       0
  249999988                    12                    12             2.9233508E-05         1.0000000E+30                 0       
 NEXT SEEDS: DA20A8F       1       0       0       0       0   181CD    3039       0       0
  249999989                    11                    11             2.9233507E-05         1.0000000E+30                 0       
 NEXT SEEDS: DA20A93       1       0       0       0       0   181CD    3039       0       0
  249999990                    10                    10             2.9233507E-05         1.0000000E+30                 0       
 NEXT SEEDS: DA20A97       1       0       0       0       0   181CD    3039       0       0
  249999991                     9                     9             2.9233507E-05         1.0000000E+30                 0       
 NEXT SEEDS: DA20A9B       1       0       0       0       0   181CD    3039       0       0
  249999992                     8                     8             2.9233507E-05         1.0000000E+30                 0       
 NEXT SEEDS: DA20A9F       1       0       0       0       0   181CD    3039       0       0
  249999993                     7                     7             2.9233507E-05         1.0000000E+30                 0       
 NEXT SEEDS: DA20AA3       1       0       0       0       0   181CD    3039       0       0
  249999994                     6                     6             2.9233507E-05         1.0000000E+30                 0       
 NEXT SEEDS: DA20AA7       1       0       0       0       0   181CD    3039       0       0
  249999995                     5                     5             2.9233509E-05         1.0000000E+30                 0       
 NEXT SEEDS: DA20AAD       1       0       0       0       0   181CD    3039       0       0
  249999996                     4                     4             2.9233509E-05         1.0000000E+30                 0       
 NEXT SEEDS: DA20AB1       1       0       0       0       0   181CD    3039       0       0
  249999997                     3                     3             2.9233508E-05         1.0000000E+30                 0       
 NEXT SEEDS: DA20AB5       1       0       0       0       0   181CD    3039       0       0
  249999998                     2                     2             2.9233508E-05         1.0000000E+30                 0       
 NEXT SEEDS: DA20AB9       1       0       0       0       0   181CD    3039       0       0
  249999999                     1                     1             2.9233508E-05         1.0000000E+30                 0       
 NEXT SEEDS: DA20ABD       1       0       0       0       0   181CD    3039       0       0
  250000000                     0                     1             2.9233508E-05         1.0000000E+30                 0       
 NEXT SEEDS: DA20AC3       1       0       0       0       0   181CD    3039       0       0
