1NUMBER OF BEAM       NUMBER OF BEAM        APPROXIMATE NUMBER    AVERAGE TIME USED     TIME LEFT (RESERVED   NUMBER OF STARS
 PARTICLES HANDLED    PARTICLES LEFT        OF BEAM PARTICLES     BY A BEAM PARTICLE     10000.0 SECONDS      CREATED
                                            THAT CAN STILL BE                           FOR PRINTOUT)
                                            HANDLED

 NEXT SEEDS:       0       0       0       0       0       0   181CD    3039       0       0
          1             249999999             249999999             7.7962875E-05         1.0000000E+30                 0       
 NEXT SEEDS:       4       0       0       0       0       0   181CD    3039       0       0
    5000000             245000000             245000000             2.7884846E-05         1.0000000E+30                 0       
 NEXT SEEDS: 176D2CB       0       0       0       0       0   181CD    3039       0       0
   10000000             240000000             240000000             2.7860280E-05         1.0000000E+30                 0       
 NEXT SEEDS: 2ED9F55       0       0       0       0       0   181CD    3039       0       0
   15000000             235000000             235000000             2.7859466E-05         1.0000000E+30                 0       
 NEXT SEEDS: 4648DB3       0       0       0       0       0   181CD    3039       0       0
   20000000             230000000             230000000             2.7864891E-05         1.0000000E+30                 0       
 NEXT SEEDS: 5DB5ABC       0       0       0       0       0   181CD    3039       0       0
   25000000             225000000             225000000             2.7864041E-05         1.0000000E+30                 0       
 NEXT SEEDS: 7523526       0       0       0       0       0   181CD    3039       0       0
   30000000             220000000             220000000             2.7855349E-05         1.0000000E+30                 0       
 NEXT SEEDS: 8C8FE7D       0       0       0       0       0   181CD    3039       0       0
   35000000             215000000             215000000             2.7853966E-05         1.0000000E+30                 0       
 NEXT SEEDS: A3FC20F       0       0       0       0       0   181CD    3039       0       0
   40000000             210000000             210000000             2.7850829E-05         1.0000000E+30                 0       
 NEXT SEEDS: BB6AE2B       0       0       0       0       0   181CD    3039       0       0
   45000000             205000000             205000000             2.7849638E-05         1.0000000E+30                 0       
 NEXT SEEDS: D2D8FE6       0       0       0       0       0   181CD    3039       0       0
   50000000             200000000             200000000             2.7853752E-05         1.0000000E+30                 0       
 NEXT SEEDS: EA47CF6       0       0       0       0       0   181CD    3039       0       0
   55000000             195000000             195000000             2.7856010E-05         1.0000000E+30                 0       
 NEXT SEEDS:101B0D15       0       0       0       0       0   181CD    3039       0       0
   60000000             190000000             190000000             2.7855375E-05         1.0000000E+30                 0       
 NEXT SEEDS:1191E452       0       0       0       0       0   181CD    3039       0       0
   65000000             185000000             185000000             2.7856114E-05         1.0000000E+30                 0       
 NEXT SEEDS:1308B9C4       0       0       0       0       0   181CD    3039       0       0
   70000000             180000000             180000000             2.7861777E-05         1.0000000E+30                 0       
 NEXT SEEDS:147F91AC       0       0       0       0       0   181CD    3039       0       0
   75000000             175000000             175000000             2.7863139E-05         1.0000000E+30                 0       
 NEXT SEEDS:15F68732       0       0       0       0       0   181CD    3039       0       0
   80000000             170000000             170000000             2.7862037E-05         1.0000000E+30                 0       
 NEXT SEEDS:176D5501       0       0       0       0       0   181CD    3039       0       0
  *** Emfgeo: Ncoun  2000000000
   85000000             165000000             165000000             2.7861243E-05         1.0000000E+30                 0       
 NEXT SEEDS:18E41924       0       0       0       0       0   181CD    3039       0       0
   90000000             160000000             160000000             2.7858790E-05         1.0000000E+30                 0       
 NEXT SEEDS:1A5AEA68       0       0       0       0       0   181CD    3039       0       0
   95000000             155000000             155000000             2.7858006E-05         1.0000000E+30                 0       
 NEXT SEEDS:1BD1CB58       0       0       0       0       0   181CD    3039       0       0
  100000000             150000000             150000000             2.7856976E-05         1.0000000E+30                 0       
 NEXT SEEDS:1D48AE6F       0       0       0       0       0   181CD    3039       0       0
  105000000             145000000             145000000             2.7854114E-05         1.0000000E+30                 0       
 NEXT SEEDS:1EBF6873       0       0       0       0       0   181CD    3039       0       0
  110000000             140000000             140000000             2.7851592E-05         1.0000000E+30                 0       
 NEXT SEEDS:20364E2C       0       0       0       0       0   181CD    3039       0       0
  115000000             135000000             135000000             2.7852646E-05         1.0000000E+30                 0       
 NEXT SEEDS:21AD2711       0       0       0       0       0   181CD    3039       0       0
  120000000             130000000             130000000             2.7851944E-05         1.0000000E+30                 0       
 NEXT SEEDS:2323FDDD       0       0       0       0       0   181CD    3039       0       0
  125000000             125000000             125000000             2.7852614E-05         1.0000000E+30                 0       
 NEXT SEEDS:249B089F       0       0       0       0       0   181CD    3039       0       0
  130000000             120000000             120000000             2.7853862E-05         1.0000000E+30                 0       
 NEXT SEEDS:261214A7       0       0       0       0       0   181CD    3039       0       0
  135000000             115000000             115000000             2.7854674E-05         1.0000000E+30                 0       
 NEXT SEEDS:2788D7C9       0       0       0       0       0   181CD    3039       0       0
  140000000             110000000             110000000             2.7855253E-05         1.0000000E+30                 0       
 NEXT SEEDS:28FFC519       0       0       0       0       0   181CD    3039       0       0
  145000000             105000000             105000000             2.7854201E-05         1.0000000E+30                 0       
 NEXT SEEDS:2A766AA0       0       0       0       0       0   181CD    3039       0       0
  150000000             100000000             100000000             2.7854633E-05         1.0000000E+30                 0       
 NEXT SEEDS:2BED74F0       0       0       0       0       0   181CD    3039       0       0
  155000000              95000000              95000000             2.7854984E-05         1.0000000E+30                 0       
 NEXT SEEDS:2D642759       0       0       0       0       0   181CD    3039       0       0
  160000000              90000000              90000000             2.7854062E-05         1.0000000E+30                 0       
 NEXT SEEDS:2EDAF2A0       0       0       0       0       0   181CD    3039       0       0
  *** Emfgeo: Ncoun  2000000000
  165000000              85000000              85000000             2.7854318E-05         1.0000000E+30                 0       
 NEXT SEEDS:3051B115       0       0       0       0       0   181CD    3039       0       0
  170000000              80000000              80000000             2.7854145E-05         1.0000000E+30                 0       
 NEXT SEEDS:31C86B85       0       0       0       0       0   181CD    3039       0       0
  175000000              75000000              75000000             2.7854755E-05         1.0000000E+30                 0       
 NEXT SEEDS:333F5F11       0       0       0       0       0   181CD    3039       0       0
  180000000              70000000              70000000             2.7854967E-05         1.0000000E+30                 0       
 NEXT SEEDS:34B624E0       0       0       0       0       0   181CD    3039       0       0
  185000000              65000000              65000000             2.7856456E-05         1.0000000E+30                 0       
 NEXT SEEDS:362D287B       0       0       0       0       0   181CD    3039       0       0
  190000000              60000000              60000000             2.7856037E-05         1.0000000E+30                 0       
 NEXT SEEDS:37A3FB02       0       0       0       0       0   181CD    3039       0       0
  195000000              55000000              55000000             2.7854710E-05         1.0000000E+30                 0       
 NEXT SEEDS:391ABE05       0       0       0       0       0   181CD    3039       0       0
  200000000              50000000              50000000             2.7855667E-05         1.0000000E+30                 0       
 NEXT SEEDS:3A91C493       0       0       0       0       0   181CD    3039       0       0
  205000000              45000000              45000000             2.7855607E-05         1.0000000E+30                 0       
 NEXT SEEDS:  6DB8B4       1       0       0       0       0   181CD    3039       0       0
  210000000              40000000              40000000             2.7855088E-05         1.0000000E+30                 0       
 NEXT SEEDS: 1E48F2B       1       0       0       0       0   181CD    3039       0       0
  215000000              35000000              35000000             2.7856702E-05         1.0000000E+30                 0       
 NEXT SEEDS: 35B94AA       1       0       0       0       0   181CD    3039       0       0
  220000000              30000000              30000000             2.7858821E-05         1.0000000E+30                 0       
 NEXT SEEDS: 4D26BFF       1       0       0       0       0   181CD    3039       0       0
  225000000              25000000              25000000             2.7858898E-05         1.0000000E+30                 0       
 NEXT SEEDS: 64930D9       1       0       0       0       0   181CD    3039       0       0
  230000000              20000000              20000000             2.7858819E-05         1.0000000E+30                 0       
 NEXT SEEDS: 7C0375A       1       0       0       0       0   181CD    3039       0       0
  235000000              15000000              15000000             2.7857663E-05         1.0000000E+30                 0       
 NEXT SEEDS: 936F43A       1       0       0       0       0   181CD    3039       0       0
  240000000              10000000              10000000             2.7856578E-05         1.0000000E+30                 0       
 NEXT SEEDS: AAD9CAF       1       0       0       0       0   181CD    3039       0       0
  *** Emfgeo: Ncoun  2000000000
  245000000               5000000               5000000             2.7856844E-05         1.0000000E+30                 0       
 NEXT SEEDS: C246005       1       0       0       0       0   181CD    3039       0       0
  249999950                    50                    50             2.7858078E-05         1.0000000E+30                 0       
 NEXT SEEDS: D9B4E92       1       0       0       0       0   181CD    3039       0       0
  249999951                    49                    49             2.7858080E-05         1.0000000E+30                 0       
 NEXT SEEDS: D9B4E96       1       0       0       0       0   181CD    3039       0       0
  249999952                    48                    48             2.7858080E-05         1.0000000E+30                 0       
 NEXT SEEDS: D9B4E9A       1       0       0       0       0   181CD    3039       0       0
  249999953                    47                    47             2.7858082E-05         1.0000000E+30                 0       
 NEXT SEEDS: D9B4E9E       1       0       0       0       0   181CD    3039       0       0
  249999954                    46                    46             2.7858082E-05         1.0000000E+30                 0       
 NEXT SEEDS: D9B4EA2       1       0       0       0       0   181CD    3039       0       0
  249999955                    45                    45             2.7858082E-05         1.0000000E+30                 0       
 NEXT SEEDS: D9B4EA6       1       0       0       0       0   181CD    3039       0       0
  249999956                    44                    44             2.7858081E-05         1.0000000E+30                 0       
 NEXT SEEDS: D9B4EAA       1       0       0       0       0   181CD    3039       0       0
  249999957                    43                    43             2.7858081E-05         1.0000000E+30                 0       
 NEXT SEEDS: D9B4EAE       1       0       0       0       0   181CD    3039       0       0
  249999958                    42                    42             2.7858081E-05         1.0000000E+30                 0       
 NEXT SEEDS: D9B4EB2       1       0       0       0       0   181CD    3039       0       0
  249999959                    41                    41             2.7858081E-05         1.0000000E+30                 0       
 NEXT SEEDS: D9B4EB6       1       0       0       0       0   181CD    3039       0       0
  249999960                    40                    40             2.7858081E-05         1.0000000E+30                 0       
 NEXT SEEDS: D9B4EBA       1       0       0       0       0   181CD    3039       0       0
  249999961                    39                    39             2.7858083E-05         1.0000000E+30                 0       
 NEXT SEEDS: D9B4EBE       1       0       0       0       0   181CD    3039       0       0
  249999962                    38                    38             2.7858083E-05         1.0000000E+30                 0       
 NEXT SEEDS: D9B4ED3       1       0       0       0       0   181CD    3039       0       0
  249999963                    37                    37             2.7858083E-05         1.0000000E+30                 0       
 NEXT SEEDS: D9B4ED7       1       0       0       0       0   181CD    3039       0       0
  249999964                    36                    36             2.7858084E-05         1.0000000E+30                 0       
 NEXT SEEDS: D9B4EDB       1       0       0       0       0   181CD    3039       0       0
  249999965                    35                    35             2.7858084E-05         1.0000000E+30                 0       
 NEXT SEEDS: D9B4EDF       1       0       0       0       0   181CD    3039       0       0
  249999966                    34                    34             2.7858084E-05         1.0000000E+30                 0       
 NEXT SEEDS: D9B4EE3       1       0       0       0       0   181CD    3039       0       0
  249999967                    33                    33             2.7858084E-05         1.0000000E+30                 0       
 NEXT SEEDS: D9B4EE9       1       0       0       0       0   181CD    3039       0       0
  249999968                    32                    32             2.7858084E-05         1.0000000E+30                 0       
 NEXT SEEDS: D9B4EED       1       0       0       0       0   181CD    3039       0       0
  249999969                    31                    31             2.7858084E-05         1.0000000E+30                 0       
 NEXT SEEDS: D9B4EF1       1       0       0       0       0   181CD    3039       0       0
  249999970                    30                    30             2.7858084E-05         1.0000000E+30                 0       
 NEXT SEEDS: D9B4EF5       1       0       0       0       0   181CD    3039       0       0
  249999971                    29                    29             2.7858086E-05         1.0000000E+30                 0       
 NEXT SEEDS: D9B4EF9       1       0       0       0       0   181CD    3039       0       0
  249999972                    28                    28             2.7858085E-05         1.0000000E+30                 0       
 NEXT SEEDS: D9B4EFF       1       0       0       0       0   181CD    3039       0       0
  249999973                    27                    27             2.7858087E-05         1.0000000E+30                 0       
 NEXT SEEDS: D9B4F03       1       0       0       0       0   181CD    3039       0       0
  249999974                    26                    26             2.7858087E-05         1.0000000E+30                 0       
 NEXT SEEDS: D9B4F07       1       0       0       0       0   181CD    3039       0       0
  249999975                    25                    25             2.7858087E-05         1.0000000E+30                 0       
 NEXT SEEDS: D9B4F0B       1       0       0       0       0   181CD    3039       0       0
  249999976                    24                    24             2.7858089E-05         1.0000000E+30                 0       
 NEXT SEEDS: D9B4F0F       1       0       0       0       0   181CD    3039       0       0
  249999977                    23                    23             2.7858089E-05         1.0000000E+30                 0       
 NEXT SEEDS: D9B4F13       1       0       0       0       0   181CD    3039       0       0
  249999978                    22                    22             2.7858091E-05         1.0000000E+30                 0       
 NEXT SEEDS: D9B4F17       1       0       0       0       0   181CD    3039       0       0
  249999979                    21                    21             2.7858091E-05         1.0000000E+30                 0       
 NEXT SEEDS: D9B4F1B       1       0       0       0       0   181CD    3039       0       0
  249999980                    20                    20             2.7858090E-05         1.0000000E+30                 0       
 NEXT SEEDS: D9B4F1F       1       0       0       0       0   181CD    3039       0       0
  249999981                    19                    19             2.7858092E-05         1.0000000E+30                 0       
 NEXT SEEDS: D9B4F23       1       0       0       0       0   181CD    3039       0       0
  249999982                    18                    18             2.7858092E-05         1.0000000E+30                 0       
 NEXT SEEDS: D9B4F38       1       0       0       0       0   181CD    3039       0       0
  249999983                    17                    17             2.7858094E-05         1.0000000E+30                 0       
 NEXT SEEDS: D9B4F3C       1       0       0       0       0   181CD    3039       0       0
  249999984                    16                    16             2.7858094E-05         1.0000000E+30                 0       
 NEXT SEEDS: D9B4F40       1       0       0       0       0   181CD    3039       0       0
  249999985                    15                    15             2.7858096E-05         1.0000000E+30                 0       
 NEXT SEEDS: D9B4F44       1       0       0       0       0   181CD    3039       0       0
  249999986                    14                    14             2.7858096E-05         1.0000000E+30                 0       
 NEXT SEEDS: D9B4F48       1       0       0       0       0   181CD    3039       0       0
  249999987                    13                    13             2.7858096E-05         1.0000000E+30                 0       
 NEXT SEEDS: D9B4F4C       1       0       0       0       0   181CD    3039       0       0
  249999988                    12                    12             2.7858097E-05         1.0000000E+30                 0       
 NEXT SEEDS: D9B4F50       1       0       0       0       0   181CD    3039       0       0
  249999989                    11                    11             2.7858097E-05         1.0000000E+30                 0       
 NEXT SEEDS: D9B4F54       1       0       0       0       0   181CD    3039       0       0
  249999990                    10                    10             2.7858097E-05         1.0000000E+30                 0       
 NEXT SEEDS: D9B4F58       1       0       0       0       0   181CD    3039       0       0
  249999991                     9                     9             2.7858099E-05         1.0000000E+30                 0       
 NEXT SEEDS: D9B4F5C       1       0       0       0       0   181CD    3039       0       0
  249999992                     8                     8             2.7858099E-05         1.0000000E+30                 0       
 NEXT SEEDS: D9B4F60       1       0       0       0       0   181CD    3039       0       0
  249999993                     7                     7             2.7858101E-05         1.0000000E+30                 0       
 NEXT SEEDS: D9B4F7A       1       0       0       0       0   181CD    3039       0       0
  249999994                     6                     6             2.7858101E-05         1.0000000E+30                 0       
 NEXT SEEDS: D9B4F7E       1       0       0       0       0   181CD    3039       0       0
  249999995                     5                     5             2.7858100E-05         1.0000000E+30                 0       
 NEXT SEEDS: D9B4F82       1       0       0       0       0   181CD    3039       0       0
  249999996                     4                     4             2.7858102E-05         1.0000000E+30                 0       
 NEXT SEEDS: D9B4F86       1       0       0       0       0   181CD    3039       0       0
  249999997                     3                     3             2.7858102E-05         1.0000000E+30                 0       
 NEXT SEEDS: D9B4F8A       1       0       0       0       0   181CD    3039       0       0
  249999998                     2                     2             2.7858102E-05         1.0000000E+30                 0       
 NEXT SEEDS: D9B4F8E       1       0       0       0       0   181CD    3039       0       0
  249999999                     1                     1             2.7858104E-05         1.0000000E+30                 0       
 NEXT SEEDS: D9B4F92       1       0       0       0       0   181CD    3039       0       0
  250000000                     0                     1             2.7858104E-05         1.0000000E+30                 0       
 NEXT SEEDS: D9B4F96       1       0       0       0       0   181CD    3039       0       0
