1NUMBER OF BEAM       NUMBER OF BEAM        APPROXIMATE NUMBER    AVERAGE TIME USED     TIME LEFT (RESERVED   NUMBER OF STARS
 PARTICLES HANDLED    PARTICLES LEFT        OF BEAM PARTICLES     BY A BEAM PARTICLE     10000.0 SECONDS      CREATED
                                            THAT CAN STILL BE                           FOR PRINTOUT)
                                            HANDLED

 NEXT SEEDS:       0       0       0       0       0       0   181CD    3039       0       0
          1             249999999             249999999             7.5817108E-05         1.0000000E+30                 0       
 NEXT SEEDS:       4       0       0       0       0       0   181CD    3039       0       0
 Geofar: Particle in region    26 (cell #    0)
  in position  -1.148535782E+01 -5.335810845E+00 -1.254700000E-01
  is now causing trouble, requesting a step of  2.182223414E+00 cm
  to direction  4.353978700E-01  1.998550205E-01 -8.777736984E-01
  end position -1.053522239E+01 -4.899682539E+00 -2.040968317E+00
  R2:  1.266429317E+01 R3:  1.266491470E+01 cm  error count:  0
  X*U   (2D): -6.067088916E+00 X*U   (3D): -5.956954650E+00 cm
  X*UOLD(2D):  5.256556897E+00 X*UOLD(3D):  5.149566442E+00 cm
  Kloop:    8065155, Irsave:     26, Irsav2:     26, error code:  -3 Nfrom:  5000
  old direction -2.428015577E-01 -4.625152953E-01  8.527174240E-01, lagain, lstnew, lsense, lsnsct  F  F  F  T
  Particle index    7 total energy   5.406883082E-05 GeV  Nsurf    0
 We succeeded in saving the particle:  current region is n.    27 (cell #    0)
    5000000             245000000             245000000             2.9192296E-05         1.0000000E+30                 0       
 NEXT SEEDS: 176F9A9       0       0       0       0       0   181CD    3039       0       0
   10000000             240000000             240000000             2.9208108E-05         1.0000000E+30                 0       
 NEXT SEEDS: 2EE1232       0       0       0       0       0   181CD    3039       0       0
   15000000             235000000             235000000             2.9196561E-05         1.0000000E+30                 0       
 NEXT SEEDS: 4652CF0       0       0       0       0       0   181CD    3039       0       0
   20000000             230000000             230000000             2.9191493E-05         1.0000000E+30                 0       
 NEXT SEEDS: 5DC6498       0       0       0       0       0   181CD    3039       0       0
   25000000             225000000             225000000             2.9196978E-05         1.0000000E+30                 0       
 NEXT SEEDS: 7538C55       0       0       0       0       0   181CD    3039       0       0
   30000000             220000000             220000000             2.9198424E-05         1.0000000E+30                 0       
 NEXT SEEDS: 8CAC05C       0       0       0       0       0   181CD    3039       0       0
   35000000             215000000             215000000             2.9199929E-05         1.0000000E+30                 0       
 NEXT SEEDS: A41E484       0       0       0       0       0   181CD    3039       0       0
   40000000             210000000             210000000             2.9205312E-05         1.0000000E+30                 0       
 NEXT SEEDS: BB90E8D       0       0       0       0       0   181CD    3039       0       0
   45000000             205000000             205000000             2.9208780E-05         1.0000000E+30                 0       
 NEXT SEEDS: D306157       0       0       0       0       0   181CD    3039       0       0
   50000000             200000000             200000000             2.9214091E-05         1.0000000E+30                 0       
 NEXT SEEDS: EA7A463       0       0       0       0       0   181CD    3039       0       0
   55000000             195000000             195000000             2.9212293E-05         1.0000000E+30                 0       
 NEXT SEEDS:101EEF84       0       0       0       0       0   181CD    3039       0       0
   60000000             190000000             190000000             2.9235086E-05         1.0000000E+30                 0       
 NEXT SEEDS:11964B05       0       0       0       0       0   181CD    3039       0       0
   65000000             185000000             185000000             2.9234650E-05         1.0000000E+30                 0       
 NEXT SEEDS:130D796A       0       0       0       0       0   181CD    3039       0       0
   70000000             180000000             180000000             2.9225353E-05         1.0000000E+30                 0       
 NEXT SEEDS:1484615A       0       0       0       0       0   181CD    3039       0       0
   75000000             175000000             175000000             2.9225366E-05         1.0000000E+30                 0       
 NEXT SEEDS:15FB9192       0       0       0       0       0   181CD    3039       0       0
   80000000             170000000             170000000             2.9226551E-05         1.0000000E+30                 0       
 NEXT SEEDS:1772E0AF       0       0       0       0       0   181CD    3039       0       0
  *** Emfgeo: Ncoun  2000000000
   85000000             165000000             165000000             2.9225156E-05         1.0000000E+30                 0       
 NEXT SEEDS:18E9F279       0       0       0       0       0   181CD    3039       0       0
   90000000             160000000             160000000             2.9229488E-05         1.0000000E+30                 0       
 NEXT SEEDS:1A6102B4       0       0       0       0       0   181CD    3039       0       0
   95000000             155000000             155000000             2.9230349E-05         1.0000000E+30                 0       
 NEXT SEEDS:1BD82EBF       0       0       0       0       0   181CD    3039       0       0
  100000000             150000000             150000000             2.9226610E-05         1.0000000E+30                 0       
 NEXT SEEDS:1D4EFB34       0       0       0       0       0   181CD    3039       0       0
  105000000             145000000             145000000             2.9224575E-05         1.0000000E+30                 0       
 NEXT SEEDS:1EC60206       0       0       0       0       0   181CD    3039       0       0
  110000000             140000000             140000000             2.9226481E-05         1.0000000E+30                 0       
 NEXT SEEDS:203CEA91       0       0       0       0       0   181CD    3039       0       0
  115000000             135000000             135000000             2.9224179E-05         1.0000000E+30                 0       
 NEXT SEEDS:21B3D10D       0       0       0       0       0   181CD    3039       0       0
  120000000             130000000             130000000             2.9223792E-05         1.0000000E+30                 0       
 NEXT SEEDS:232ACD1D       0       0       0       0       0   181CD    3039       0       0
  125000000             125000000             125000000             2.9226889E-05         1.0000000E+30                 0       
 NEXT SEEDS:24A21E59       0       0       0       0       0   181CD    3039       0       0
  130000000             120000000             120000000             2.9225765E-05         1.0000000E+30                 0       
 NEXT SEEDS:26193293       0       0       0       0       0   181CD    3039       0       0
  135000000             115000000             115000000             2.9228637E-05         1.0000000E+30                 0       
 NEXT SEEDS:27907125       0       0       0       0       0   181CD    3039       0       0
  140000000             110000000             110000000             2.9229782E-05         1.0000000E+30                 0       
 NEXT SEEDS:2907AB6F       0       0       0       0       0   181CD    3039       0       0
  145000000             105000000             105000000             2.9233798E-05         1.0000000E+30                 0       
 NEXT SEEDS:2A7ED46A       0       0       0       0       0   181CD    3039       0       0
  150000000             100000000             100000000             2.9245884E-05         1.0000000E+30                 0       
 NEXT SEEDS:2BF600F3       0       0       0       0       0   181CD    3039       0       0
  155000000              95000000              95000000             2.9250216E-05         1.0000000E+30                 0       
 NEXT SEEDS:2D6D07EB       0       0       0       0       0   181CD    3039       0       0
  160000000              90000000              90000000             2.9255550E-05         1.0000000E+30                 0       
 NEXT SEEDS:2EE44440       0       0       0       0       0   181CD    3039       0       0
  *** Emfgeo: Ncoun  2000000000
  165000000              85000000              85000000             2.9257504E-05         1.0000000E+30                 0       
 NEXT SEEDS:305B354E       0       0       0       0       0   181CD    3039       0       0
  170000000              80000000              80000000             2.9255706E-05         1.0000000E+30                 0       
 NEXT SEEDS:31D23A5C       0       0       0       0       0   181CD    3039       0       0
  175000000              75000000              75000000             2.9260814E-05         1.0000000E+30                 0       
 NEXT SEEDS:334996D1       0       0       0       0       0   181CD    3039       0       0
  180000000              70000000              70000000             2.9260248E-05         1.0000000E+30                 0       
 NEXT SEEDS:34C0BB0E       0       0       0       0       0   181CD    3039       0       0
  185000000              65000000              65000000             2.9258553E-05         1.0000000E+30                 0       
 NEXT SEEDS:3637BBE8       0       0       0       0       0   181CD    3039       0       0
  190000000              60000000              60000000             2.9258693E-05         1.0000000E+30                 0       
 NEXT SEEDS:37AEFCCB       0       0       0       0       0   181CD    3039       0       0
  195000000              55000000              55000000             2.9258868E-05         1.0000000E+30                 0       
 NEXT SEEDS:39262FA7       0       0       0       0       0   181CD    3039       0       0
  200000000              50000000              50000000             2.9257992E-05         1.0000000E+30                 0       
 NEXT SEEDS:3A9D3686       0       0       0       0       0   181CD    3039       0       0
  205000000              45000000              45000000             2.9259129E-05         1.0000000E+30                 0       
 NEXT SEEDS:  79B3EF       1       0       0       0       0   181CD    3039       0       0
  210000000              40000000              40000000             2.9257240E-05         1.0000000E+30                 0       
 NEXT SEEDS: 1F0864D       1       0       0       0       0   181CD    3039       0       0
  215000000              35000000              35000000             2.9255570E-05         1.0000000E+30                 0       
 NEXT SEEDS: 3677651       1       0       0       0       0   181CD    3039       0       0
  220000000              30000000              30000000             2.9255668E-05         1.0000000E+30                 0       
 NEXT SEEDS: 4DE8375       1       0       0       0       0   181CD    3039       0       0
  225000000              25000000              25000000             2.9256746E-05         1.0000000E+30                 0       
 NEXT SEEDS: 655B179       1       0       0       0       0   181CD    3039       0       0
  230000000              20000000              20000000             2.9255184E-05         1.0000000E+30                 0       
 NEXT SEEDS: 7CCDF49       1       0       0       0       0   181CD    3039       0       0
  235000000              15000000              15000000             2.9255526E-05         1.0000000E+30                 0       
 NEXT SEEDS: 944048F       1       0       0       0       0   181CD    3039       0       0
  240000000              10000000              10000000             2.9254725E-05         1.0000000E+30                 0       
 NEXT SEEDS: ABB3AA6       1       0       0       0       0   181CD    3039       0       0
  *** Emfgeo: Ncoun  2000000000
  245000000               5000000               5000000             2.9252315E-05         1.0000000E+30                 0       
 NEXT SEEDS: C326979       1       0       0       0       0   181CD    3039       0       0
  249999950                    50                    50             2.9252392E-05         1.0000000E+30                 0       
 NEXT SEEDS: DA95755       1       0       0       0       0   181CD    3039       0       0
  249999951                    49                    49             2.9252392E-05         1.0000000E+30                 0       
 NEXT SEEDS: DA95759       1       0       0       0       0   181CD    3039       0       0
  249999952                    48                    48             2.9252392E-05         1.0000000E+30                 0       
 NEXT SEEDS: DA9575D       1       0       0       0       0   181CD    3039       0       0
  249999953                    47                    47             2.9252392E-05         1.0000000E+30                 0       
 NEXT SEEDS: DA95761       1       0       0       0       0   181CD    3039       0       0
  249999954                    46                    46             2.9252391E-05         1.0000000E+30                 0       
 NEXT SEEDS: DA95765       1       0       0       0       0   181CD    3039       0       0
  249999955                    45                    45             2.9252391E-05         1.0000000E+30                 0       
 NEXT SEEDS: DA95769       1       0       0       0       0   181CD    3039       0       0
  249999956                    44                    44             2.9252393E-05         1.0000000E+30                 0       
 NEXT SEEDS: DA9576D       1       0       0       0       0   181CD    3039       0       0
  249999957                    43                    43             2.9252393E-05         1.0000000E+30                 0       
 NEXT SEEDS: DA95771       1       0       0       0       0   181CD    3039       0       0
  249999958                    42                    42             2.9252393E-05         1.0000000E+30                 0       
 NEXT SEEDS: DA95775       1       0       0       0       0   181CD    3039       0       0
  249999959                    41                    41             2.9252395E-05         1.0000000E+30                 0       
 NEXT SEEDS: DA95779       1       0       0       0       0   181CD    3039       0       0
  249999960                    40                    40             2.9252395E-05         1.0000000E+30                 0       
 NEXT SEEDS: DA9577D       1       0       0       0       0   181CD    3039       0       0
  249999961                    39                    39             2.9252395E-05         1.0000000E+30                 0       
 NEXT SEEDS: DA95798       1       0       0       0       0   181CD    3039       0       0
  249999962                    38                    38             2.9252394E-05         1.0000000E+30                 0       
 NEXT SEEDS: DA9579C       1       0       0       0       0   181CD    3039       0       0
  249999963                    37                    37             2.9252394E-05         1.0000000E+30                 0       
 NEXT SEEDS: DA957A2       1       0       0       0       0   181CD    3039       0       0
  249999964                    36                    36             2.9252394E-05         1.0000000E+30                 0       
 NEXT SEEDS: DA957A6       1       0       0       0       0   181CD    3039       0       0
  249999965                    35                    35             2.9252394E-05         1.0000000E+30                 0       
 NEXT SEEDS: DA957AA       1       0       0       0       0   181CD    3039       0       0
  249999966                    34                    34             2.9252394E-05         1.0000000E+30                 0       
 NEXT SEEDS: DA957AE       1       0       0       0       0   181CD    3039       0       0
  249999967                    33                    33             2.9252394E-05         1.0000000E+30                 0       
 NEXT SEEDS: DA957B2       1       0       0       0       0   181CD    3039       0       0
  249999968                    32                    32             2.9252394E-05         1.0000000E+30                 0       
 NEXT SEEDS: DA957B6       1       0       0       0       0   181CD    3039       0       0
  249999969                    31                    31             2.9252394E-05         1.0000000E+30                 0       
 NEXT SEEDS: DA957BA       1       0       0       0       0   181CD    3039       0       0
  249999970                    30                    30             2.9252393E-05         1.0000000E+30                 0       
 NEXT SEEDS: DA957BE       1       0       0       0       0   181CD    3039       0       0
  249999971                    29                    29             2.9252393E-05         1.0000000E+30                 0       
 NEXT SEEDS: DA957C2       1       0       0       0       0   181CD    3039       0       0
  249999972                    28                    28             2.9252395E-05         1.0000000E+30                 0       
 NEXT SEEDS: DA957C6       1       0       0       0       0   181CD    3039       0       0
  249999973                    27                    27             2.9252395E-05         1.0000000E+30                 0       
 NEXT SEEDS: DA957CA       1       0       0       0       0   181CD    3039       0       0
  249999974                    26                    26             2.9252395E-05         1.0000000E+30                 0       
 NEXT SEEDS: DA957CE       1       0       0       0       0   181CD    3039       0       0
  249999975                    25                    25             2.9252395E-05         1.0000000E+30                 0       
 NEXT SEEDS: DA957D2       1       0       0       0       0   181CD    3039       0       0
  249999976                    24                    24             2.9252397E-05         1.0000000E+30                 0       
 NEXT SEEDS: DA957D6       1       0       0       0       0   181CD    3039       0       0
  249999977                    23                    23             2.9252397E-05         1.0000000E+30                 0       
 NEXT SEEDS: DA957F3       1       0       0       0       0   181CD    3039       0       0
  249999978                    22                    22             2.9252398E-05         1.0000000E+30                 0       
 NEXT SEEDS: DA957F7       1       0       0       0       0   181CD    3039       0       0
  249999979                    21                    21             2.9252398E-05         1.0000000E+30                 0       
 NEXT SEEDS: DA957FB       1       0       0       0       0   181CD    3039       0       0
  249999980                    20                    20             2.9252398E-05         1.0000000E+30                 0       
 NEXT SEEDS: DA957FF       1       0       0       0       0   181CD    3039       0       0
  249999981                    19                    19             2.9252398E-05         1.0000000E+30                 0       
 NEXT SEEDS: DA95803       1       0       0       0       0   181CD    3039       0       0
  249999982                    18                    18             2.9252398E-05         1.0000000E+30                 0       
 NEXT SEEDS: DA95807       1       0       0       0       0   181CD    3039       0       0
  249999983                    17                    17             2.9252398E-05         1.0000000E+30                 0       
 NEXT SEEDS: DA9580D       1       0       0       0       0   181CD    3039       0       0
  249999984                    16                    16             2.9252398E-05         1.0000000E+30                 0       
 NEXT SEEDS: DA95811       1       0       0       0       0   181CD    3039       0       0
  249999985                    15                    15             2.9252398E-05         1.0000000E+30                 0       
 NEXT SEEDS: DA95815       1       0       0       0       0   181CD    3039       0       0
  249999986                    14                    14             2.9252397E-05         1.0000000E+30                 0       
 NEXT SEEDS: DA95819       1       0       0       0       0   181CD    3039       0       0
  249999987                    13                    13             2.9252399E-05         1.0000000E+30                 0       
 NEXT SEEDS: DA9581D       1       0       0       0       0   181CD    3039       0       0
  249999988                    12                    12             2.9252399E-05         1.0000000E+30                 0       
 NEXT SEEDS: DA95821       1       0       0       0       0   181CD    3039       0       0
  249999989                    11                    11             2.9252399E-05         1.0000000E+30                 0       
 NEXT SEEDS: DA95825       1       0       0       0       0   181CD    3039       0       0
  249999990                    10                    10             2.9252401E-05         1.0000000E+30                 0       
 NEXT SEEDS: DA95829       1       0       0       0       0   181CD    3039       0       0
  249999991                     9                     9             2.9252401E-05         1.0000000E+30                 0       
 NEXT SEEDS: DA9584F       1       0       0       0       0   181CD    3039       0       0
  249999992                     8                     8             2.9252403E-05         1.0000000E+30                 0       
 NEXT SEEDS: DA95853       1       0       0       0       0   181CD    3039       0       0
  249999993                     7                     7             2.9252403E-05         1.0000000E+30                 0       
 NEXT SEEDS: DA95857       1       0       0       0       0   181CD    3039       0       0
  249999994                     6                     6             2.9252402E-05         1.0000000E+30                 0       
 NEXT SEEDS: DA9585B       1       0       0       0       0   181CD    3039       0       0
  249999995                     5                     5             2.9252404E-05         1.0000000E+30                 0       
 NEXT SEEDS: DA9585F       1       0       0       0       0   181CD    3039       0       0
  249999996                     4                     4             2.9252404E-05         1.0000000E+30                 0       
 NEXT SEEDS: DA95863       1       0       0       0       0   181CD    3039       0       0
  249999997                     3                     3             2.9252406E-05         1.0000000E+30                 0       
 NEXT SEEDS: DA95867       1       0       0       0       0   181CD    3039       0       0
  249999998                     2                     2             2.9252406E-05         1.0000000E+30                 0       
 NEXT SEEDS: DA9586B       1       0       0       0       0   181CD    3039       0       0
  249999999                     1                     1             2.9252408E-05         1.0000000E+30                 0       
 NEXT SEEDS: DA9586F       1       0       0       0       0   181CD    3039       0       0
  250000000                     0                     1             2.9252408E-05         1.0000000E+30                 0       
 NEXT SEEDS: DA95873       1       0       0       0       0   181CD    3039       0       0
