1NUMBER OF BEAM       NUMBER OF BEAM        APPROXIMATE NUMBER    AVERAGE TIME USED     TIME LEFT (RESERVED   NUMBER OF STARS
 PARTICLES HANDLED    PARTICLES LEFT        OF BEAM PARTICLES     BY A BEAM PARTICLE     10000.0 SECONDS      CREATED
                                            THAT CAN STILL BE                           FOR PRINTOUT)
                                            HANDLED

 NEXT SEEDS:       0       0       0       0       0       0   181CD    3039       0       0
          1             249999999             249999999             7.7009201E-05         1.0000000E+30                 0       
 NEXT SEEDS:       4       0       0       0       0       0   181CD    3039       0       0
    5000000             245000000             245000000             2.7894938E-05         1.0000000E+30                 0       
 NEXT SEEDS: 176FC52       0       0       0       0       0   181CD    3039       0       0
   10000000             240000000             240000000             2.7869793E-05         1.0000000E+30                 0       
 NEXT SEEDS: 2EE2941       0       0       0       0       0   181CD    3039       0       0
   15000000             235000000             235000000             2.7877691E-05         1.0000000E+30                 0       
 NEXT SEEDS: 465478B       0       0       0       0       0   181CD    3039       0       0
   20000000             230000000             230000000             2.7848866E-05         1.0000000E+30                 0       
 NEXT SEEDS: 5DC11FB       0       0       0       0       0   181CD    3039       0       0
   25000000             225000000             225000000             2.7863924E-05         1.0000000E+30                 0       
 NEXT SEEDS: 7532C74       0       0       0       0       0   181CD    3039       0       0
   30000000             220000000             220000000             2.7867648E-05         1.0000000E+30                 0       
 NEXT SEEDS: 8CA2803       0       0       0       0       0   181CD    3039       0       0
   35000000             215000000             215000000             2.7877437E-05         1.0000000E+30                 0       
 NEXT SEEDS: A41541F       0       0       0       0       0   181CD    3039       0       0
   40000000             210000000             210000000             2.7885303E-05         1.0000000E+30                 0       
 NEXT SEEDS: BB84486       0       0       0       0       0   181CD    3039       0       0
   45000000             205000000             205000000             2.7884403E-05         1.0000000E+30                 0       
 NEXT SEEDS: D2F86C7       0       0       0       0       0   181CD    3039       0       0
   50000000             200000000             200000000             2.7883355E-05         1.0000000E+30                 0       
 NEXT SEEDS: EA690AD       0       0       0       0       0   181CD    3039       0       0
   55000000             195000000             195000000             2.7880906E-05         1.0000000E+30                 0       
 NEXT SEEDS:101DA2BF       0       0       0       0       0   181CD    3039       0       0
   60000000             190000000             190000000             2.7882782E-05         1.0000000E+30                 0       
 NEXT SEEDS:1194D34A       0       0       0       0       0   181CD    3039       0       0
   65000000             185000000             185000000             2.7885943E-05         1.0000000E+30                 0       
 NEXT SEEDS:130C1A8B       0       0       0       0       0   181CD    3039       0       0
   70000000             180000000             180000000             2.7882225E-05         1.0000000E+30                 0       
 NEXT SEEDS:14834227       0       0       0       0       0   181CD    3039       0       0
   75000000             175000000             175000000             2.7882116E-05         1.0000000E+30                 0       
 NEXT SEEDS:15FA505B       0       0       0       0       0   181CD    3039       0       0
   80000000             170000000             170000000             2.7885138E-05         1.0000000E+30                 0       
 NEXT SEEDS:17719AF3       0       0       0       0       0   181CD    3039       0       0
  *** Emfgeo: Ncoun  2000000000
   85000000             165000000             165000000             2.7883755E-05         1.0000000E+30                 0       
 NEXT SEEDS:18E8BC0D       0       0       0       0       0   181CD    3039       0       0
   90000000             160000000             160000000             2.7883401E-05         1.0000000E+30                 0       
 NEXT SEEDS:1A5FD95A       0       0       0       0       0   181CD    3039       0       0
   95000000             155000000             155000000             2.7885527E-05         1.0000000E+30                 0       
 NEXT SEEDS:1BD72154       0       0       0       0       0   181CD    3039       0       0
  100000000             150000000             150000000             2.7887092E-05         1.0000000E+30                 0       
 NEXT SEEDS:1D4E57E4       0       0       0       0       0   181CD    3039       0       0
  105000000             145000000             145000000             2.7886452E-05         1.0000000E+30                 0       
 NEXT SEEDS:1EC543B8       0       0       0       0       0   181CD    3039       0       0
  110000000             140000000             140000000             2.7883763E-05         1.0000000E+30                 0       
 NEXT SEEDS:203C4B95       0       0       0       0       0   181CD    3039       0       0
  115000000             135000000             135000000             2.7878987E-05         1.0000000E+30                 0       
 NEXT SEEDS:21B32398       0       0       0       0       0   181CD    3039       0       0
  120000000             130000000             130000000             2.7874249E-05         1.0000000E+30                 0       
 NEXT SEEDS:232A3103       0       0       0       0       0   181CD    3039       0       0
  125000000             125000000             125000000             2.7876268E-05         1.0000000E+30                 0       
 NEXT SEEDS:24A14CF5       0       0       0       0       0   181CD    3039       0       0
  130000000             120000000             120000000             2.7873763E-05         1.0000000E+30                 0       
 NEXT SEEDS:26184914       0       0       0       0       0   181CD    3039       0       0
  135000000             115000000             115000000             2.7873004E-05         1.0000000E+30                 0       
 NEXT SEEDS:278F2342       0       0       0       0       0   181CD    3039       0       0
  140000000             110000000             110000000             2.7871608E-05         1.0000000E+30                 0       
 NEXT SEEDS:290686B1       0       0       0       0       0   181CD    3039       0       0
  145000000             105000000             105000000             2.7872614E-05         1.0000000E+30                 0       
 NEXT SEEDS:2A7DB977       0       0       0       0       0   181CD    3039       0       0
  150000000             100000000             100000000             2.7872944E-05         1.0000000E+30                 0       
 NEXT SEEDS:2BF50CE2       0       0       0       0       0   181CD    3039       0       0
  155000000              95000000              95000000             2.7874517E-05         1.0000000E+30                 0       
 NEXT SEEDS:2D6C7B6F       0       0       0       0       0   181CD    3039       0       0
  160000000              90000000              90000000             2.7877086E-05         1.0000000E+30                 0       
 NEXT SEEDS:2EE3A203       0       0       0       0       0   181CD    3039       0       0
  *** Emfgeo: Ncoun  2000000000
  165000000              85000000              85000000             2.7876431E-05         1.0000000E+30                 0       
 NEXT SEEDS:305A75E9       0       0       0       0       0   181CD    3039       0       0
  170000000              80000000              80000000             2.7875835E-05         1.0000000E+30                 0       
 NEXT SEEDS:31D18DE5       0       0       0       0       0   181CD    3039       0       0
  175000000              75000000              75000000             2.7876260E-05         1.0000000E+30                 0       
 NEXT SEEDS:3348AE8E       0       0       0       0       0   181CD    3039       0       0
  180000000              70000000              70000000             2.7876898E-05         1.0000000E+30                 0       
 NEXT SEEDS:34BF9651       0       0       0       0       0   181CD    3039       0       0
  185000000              65000000              65000000             2.7876677E-05         1.0000000E+30                 0       
 NEXT SEEDS:3636A8FC       0       0       0       0       0   181CD    3039       0       0
  190000000              60000000              60000000             2.7878345E-05         1.0000000E+30                 0       
 NEXT SEEDS:37ADD2AD       0       0       0       0       0   181CD    3039       0       0
  195000000              55000000              55000000             2.7879093E-05         1.0000000E+30                 0       
 NEXT SEEDS:3924E966       0       0       0       0       0   181CD    3039       0       0
  200000000              50000000              50000000             2.7879135E-05         1.0000000E+30                 0       
 NEXT SEEDS:3A9C20A5       0       0       0       0       0   181CD    3039       0       0
  205000000              45000000              45000000             2.7877833E-05         1.0000000E+30                 0       
 NEXT SEEDS:  785F0E       1       0       0       0       0   181CD    3039       0       0
  210000000              40000000              40000000             2.7874985E-05         1.0000000E+30                 0       
 NEXT SEEDS: 1EF1984       1       0       0       0       0   181CD    3039       0       0
  215000000              35000000              35000000             2.7876278E-05         1.0000000E+30                 0       
 NEXT SEEDS: 3662D6C       1       0       0       0       0   181CD    3039       0       0
  220000000              30000000              30000000             2.7878708E-05         1.0000000E+30                 0       
 NEXT SEEDS: 4DD6715       1       0       0       0       0   181CD    3039       0       0
  225000000              25000000              25000000             2.7878306E-05         1.0000000E+30                 0       
 NEXT SEEDS: 6546C06       1       0       0       0       0   181CD    3039       0       0
  230000000              20000000              20000000             2.7877224E-05         1.0000000E+30                 0       
 NEXT SEEDS: 7CBAA2E       1       0       0       0       0   181CD    3039       0       0
  235000000              15000000              15000000             2.7877114E-05         1.0000000E+30                 0       
 NEXT SEEDS: 9428F00       1       0       0       0       0   181CD    3039       0       0
  240000000              10000000              10000000             2.7877467E-05         1.0000000E+30                 0       
 NEXT SEEDS: AB9C64F       1       0       0       0       0   181CD    3039       0       0
  *** Emfgeo: Ncoun  2000000000
  245000000               5000000               5000000             2.7878309E-05         1.0000000E+30                 0       
 NEXT SEEDS: C30F145       1       0       0       0       0   181CD    3039       0       0
  249999950                    50                    50             2.7878669E-05         1.0000000E+30                 0       
 NEXT SEEDS: DA7F565       1       0       0       0       0   181CD    3039       0       0
  249999951                    49                    49             2.7878669E-05         1.0000000E+30                 0       
 NEXT SEEDS: DA7F569       1       0       0       0       0   181CD    3039       0       0
  249999952                    48                    48             2.7878669E-05         1.0000000E+30                 0       
 NEXT SEEDS: DA7F56D       1       0       0       0       0   181CD    3039       0       0
  249999953                    47                    47             2.7878668E-05         1.0000000E+30                 0       
 NEXT SEEDS: DA7F571       1       0       0       0       0   181CD    3039       0       0
  249999954                    46                    46             2.7878668E-05         1.0000000E+30                 0       
 NEXT SEEDS: DA7F575       1       0       0       0       0   181CD    3039       0       0
  249999955                    45                    45             2.7878668E-05         1.0000000E+30                 0       
 NEXT SEEDS: DA7F579       1       0       0       0       0   181CD    3039       0       0
  249999956                    44                    44             2.7878668E-05         1.0000000E+30                 0       
 NEXT SEEDS: DA7F57D       1       0       0       0       0   181CD    3039       0       0
  249999957                    43                    43             2.7878668E-05         1.0000000E+30                 0       
 NEXT SEEDS: DA7F581       1       0       0       0       0   181CD    3039       0       0
  249999958                    42                    42             2.7878668E-05         1.0000000E+30                 0       
 NEXT SEEDS: DA7F585       1       0       0       0       0   181CD    3039       0       0
  249999959                    41                    41             2.7878668E-05         1.0000000E+30                 0       
 NEXT SEEDS: DA7F589       1       0       0       0       0   181CD    3039       0       0
  249999960                    40                    40             2.7878668E-05         1.0000000E+30                 0       
 NEXT SEEDS: DA7F58D       1       0       0       0       0   181CD    3039       0       0
  249999961                    39                    39             2.7878668E-05         1.0000000E+30                 0       
 NEXT SEEDS: DA7F591       1       0       0       0       0   181CD    3039       0       0
  249999962                    38                    38             2.7878667E-05         1.0000000E+30                 0       
 NEXT SEEDS: DA7F595       1       0       0       0       0   181CD    3039       0       0
  249999963                    37                    37             2.7878669E-05         1.0000000E+30                 0       
 NEXT SEEDS: DA7F599       1       0       0       0       0   181CD    3039       0       0
  249999964                    36                    36             2.7878669E-05         1.0000000E+30                 0       
 NEXT SEEDS: DA7F59D       1       0       0       0       0   181CD    3039       0       0
  249999965                    35                    35             2.7878669E-05         1.0000000E+30                 0       
 NEXT SEEDS: DA7F5A1       1       0       0       0       0   181CD    3039       0       0
  249999966                    34                    34             2.7878671E-05         1.0000000E+30                 0       
 NEXT SEEDS: DA7F5A5       1       0       0       0       0   181CD    3039       0       0
  249999967                    33                    33             2.7878671E-05         1.0000000E+30                 0       
 NEXT SEEDS: DA7F5A9       1       0       0       0       0   181CD    3039       0       0
  249999968                    32                    32             2.7878673E-05         1.0000000E+30                 0       
 NEXT SEEDS: DA7F5AF       1       0       0       0       0   181CD    3039       0       0
  249999969                    31                    31             2.7878672E-05         1.0000000E+30                 0       
 NEXT SEEDS: DA7F5B3       1       0       0       0       0   181CD    3039       0       0
  249999970                    30                    30             2.7878674E-05         1.0000000E+30                 0       
 NEXT SEEDS: DA7F5B7       1       0       0       0       0   181CD    3039       0       0
  249999971                    29                    29             2.7878674E-05         1.0000000E+30                 0       
 NEXT SEEDS: DA7F5BB       1       0       0       0       0   181CD    3039       0       0
  249999972                    28                    28             2.7878674E-05         1.0000000E+30                 0       
 NEXT SEEDS: DA7F5BF       1       0       0       0       0   181CD    3039       0       0
  249999973                    27                    27             2.7878674E-05         1.0000000E+30                 0       
 NEXT SEEDS: DA7F5C3       1       0       0       0       0   181CD    3039       0       0
  249999974                    26                    26             2.7878674E-05         1.0000000E+30                 0       
 NEXT SEEDS: DA7F5C7       1       0       0       0       0   181CD    3039       0       0
  249999975                    25                    25             2.7878674E-05         1.0000000E+30                 0       
 NEXT SEEDS: DA7F5CB       1       0       0       0       0   181CD    3039       0       0
  249999976                    24                    24             2.7878674E-05         1.0000000E+30                 0       
 NEXT SEEDS: DA7F5CF       1       0       0       0       0   181CD    3039       0       0
  249999977                    23                    23             2.7878674E-05         1.0000000E+30                 0       
 NEXT SEEDS: DA7F5D3       1       0       0       0       0   181CD    3039       0       0
  249999978                    22                    22             2.7878673E-05         1.0000000E+30                 0       
 NEXT SEEDS: DA7F5D7       1       0       0       0       0   181CD    3039       0       0
  249999979                    21                    21             2.7878675E-05         1.0000000E+30                 0       
 NEXT SEEDS: DA7F5DB       1       0       0       0       0   181CD    3039       0       0
  249999980                    20                    20             2.7878675E-05         1.0000000E+30                 0       
 NEXT SEEDS: DA7F5DF       1       0       0       0       0   181CD    3039       0       0
  249999981                    19                    19             2.7878675E-05         1.0000000E+30                 0       
 NEXT SEEDS: DA7F5E3       1       0       0       0       0   181CD    3039       0       0
  249999982                    18                    18             2.7878675E-05         1.0000000E+30                 0       
 NEXT SEEDS: DA7F5E7       1       0       0       0       0   181CD    3039       0       0
  249999983                    17                    17             2.7878675E-05         1.0000000E+30                 0       
 NEXT SEEDS: DA7F5EB       1       0       0       0       0   181CD    3039       0       0
  249999984                    16                    16             2.7878675E-05         1.0000000E+30                 0       
 NEXT SEEDS: DA7F5EF       1       0       0       0       0   181CD    3039       0       0
  249999985                    15                    15             2.7878675E-05         1.0000000E+30                 0       
 NEXT SEEDS: DA7F5F3       1       0       0       0       0   181CD    3039       0       0
  249999986                    14                    14             2.7878674E-05         1.0000000E+30                 0       
 NEXT SEEDS: DA7F5F7       1       0       0       0       0   181CD    3039       0       0
  249999987                    13                    13             2.7878676E-05         1.0000000E+30                 0       
 NEXT SEEDS: DA7F5FB       1       0       0       0       0   181CD    3039       0       0
  249999988                    12                    12             2.7878676E-05         1.0000000E+30                 0       
 NEXT SEEDS: DA7F5FF       1       0       0       0       0   181CD    3039       0       0
  249999989                    11                    11             2.7878676E-05         1.0000000E+30                 0       
 NEXT SEEDS: DA7F603       1       0       0       0       0   181CD    3039       0       0
  249999990                    10                    10             2.7878678E-05         1.0000000E+30                 0       
 NEXT SEEDS: DA7F607       1       0       0       0       0   181CD    3039       0       0
  249999991                     9                     9             2.7878678E-05         1.0000000E+30                 0       
 NEXT SEEDS: DA7F60B       1       0       0       0       0   181CD    3039       0       0
  249999992                     8                     8             2.7878678E-05         1.0000000E+30                 0       
 NEXT SEEDS: DA7F60F       1       0       0       0       0   181CD    3039       0       0
  249999993                     7                     7             2.7878680E-05         1.0000000E+30                 0       
 NEXT SEEDS: DA7F613       1       0       0       0       0   181CD    3039       0       0
  249999994                     6                     6             2.7878679E-05         1.0000000E+30                 0       
 NEXT SEEDS: DA7F617       1       0       0       0       0   181CD    3039       0       0
  249999995                     5                     5             2.7878681E-05         1.0000000E+30                 0       
 NEXT SEEDS: DA7F61B       1       0       0       0       0   181CD    3039       0       0
  249999996                     4                     4             2.7878681E-05         1.0000000E+30                 0       
 NEXT SEEDS: DA7F621       1       0       0       0       0   181CD    3039       0       0
  249999997                     3                     3             2.7878681E-05         1.0000000E+30                 0       
 NEXT SEEDS: DA7F625       1       0       0       0       0   181CD    3039       0       0
  249999998                     2                     2             2.7878681E-05         1.0000000E+30                 0       
 NEXT SEEDS: DA7F629       1       0       0       0       0   181CD    3039       0       0
  249999999                     1                     1             2.7878681E-05         1.0000000E+30                 0       
 NEXT SEEDS: DA7F62D       1       0       0       0       0   181CD    3039       0       0
  250000000                     0                     1             2.7878681E-05         1.0000000E+30                 0       
 NEXT SEEDS: DA7F631       1       0       0       0       0   181CD    3039       0       0
