1NUMBER OF BEAM       NUMBER OF BEAM        APPROXIMATE NUMBER    AVERAGE TIME USED     TIME LEFT (RESERVED   NUMBER OF STARS
 PARTICLES HANDLED    PARTICLES LEFT        OF BEAM PARTICLES     BY A BEAM PARTICLE     10000.0 SECONDS      CREATED
                                            THAT CAN STILL BE                           FOR PRINTOUT)
                                            HANDLED

 NEXT SEEDS:       0       0       0       0       0       0   181CD    3039       0       0
          1             249999999             249999999             7.5817108E-05         1.0000000E+30                 0       
 NEXT SEEDS:       4       0       0       0       0       0   181CD    3039       0       0
    5000000             245000000             245000000             2.8564597E-05         1.0000000E+30                 0       
 NEXT SEEDS: 1770D2A       0       0       0       0       0   181CD    3039       0       0
   10000000             240000000             240000000             2.8558945E-05         1.0000000E+30                 0       
 NEXT SEEDS: 2EDE55C       0       0       0       0       0   181CD    3039       0       0
   15000000             235000000             235000000             2.8580036E-05         1.0000000E+30                 0       
 NEXT SEEDS: 4650D1A       0       0       0       0       0   181CD    3039       0       0
   20000000             230000000             230000000             2.8573438E-05         1.0000000E+30                 0       
 NEXT SEEDS: 5DBE676       0       0       0       0       0   181CD    3039       0       0
   25000000             225000000             225000000             2.8583997E-05         1.0000000E+30                 0       
 NEXT SEEDS: 752FCF1       0       0       0       0       0   181CD    3039       0       0
   30000000             220000000             220000000             2.8577618E-05         1.0000000E+30                 0       
 NEXT SEEDS: 8CA4A4A       0       0       0       0       0   181CD    3039       0       0
   35000000             215000000             215000000             2.8585449E-05         1.0000000E+30                 0       
 NEXT SEEDS: A41503E       0       0       0       0       0   181CD    3039       0       0
   40000000             210000000             210000000             2.8588944E-05         1.0000000E+30                 0       
 NEXT SEEDS: BB8A570       0       0       0       0       0   181CD    3039       0       0
   45000000             205000000             205000000             2.8587297E-05         1.0000000E+30                 0       
 NEXT SEEDS: D2F98EF       0       0       0       0       0   181CD    3039       0       0
   50000000             200000000             200000000             2.8597590E-05         1.0000000E+30                 0       
 NEXT SEEDS: EA6D9CE       0       0       0       0       0   181CD    3039       0       0
   55000000             195000000             195000000             2.8599907E-05         1.0000000E+30                 0       
 NEXT SEEDS:101E1250       0       0       0       0       0   181CD    3039       0       0
   60000000             190000000             190000000             2.8601817E-05         1.0000000E+30                 0       
 NEXT SEEDS:119543FF       0       0       0       0       0   181CD    3039       0       0
   65000000             185000000             185000000             2.8604919E-05         1.0000000E+30                 0       
 NEXT SEEDS:130C902E       0       0       0       0       0   181CD    3039       0       0
   70000000             180000000             180000000             2.8599808E-05         1.0000000E+30                 0       
 NEXT SEEDS:148390E9       0       0       0       0       0   181CD    3039       0       0
   75000000             175000000             175000000             2.8595555E-05         1.0000000E+30                 0       
 NEXT SEEDS:15FABCF6       0       0       0       0       0   181CD    3039       0       0
   80000000             170000000             170000000             2.8592137E-05         1.0000000E+30                 0       
 NEXT SEEDS:1771D20B       0       0       0       0       0   181CD    3039       0       0
  *** Emfgeo: Ncoun  2000000000
   85000000             165000000             165000000             2.8591284E-05         1.0000000E+30                 0       
 NEXT SEEDS:18E8F2B6       0       0       0       0       0   181CD    3039       0       0
   90000000             160000000             160000000             2.8588839E-05         1.0000000E+30                 0       
 NEXT SEEDS:1A60137A       0       0       0       0       0   181CD    3039       0       0
   95000000             155000000             155000000             2.8587491E-05         1.0000000E+30                 0       
 NEXT SEEDS:1BD72CC9       0       0       0       0       0   181CD    3039       0       0
  100000000             150000000             150000000             2.8586876E-05         1.0000000E+30                 0       
 NEXT SEEDS:1D4E1E23       0       0       0       0       0   181CD    3039       0       0
  105000000             145000000             145000000             2.8586483E-05         1.0000000E+30                 0       
 NEXT SEEDS:1EC54DBC       0       0       0       0       0   181CD    3039       0       0
  110000000             140000000             140000000             2.8583124E-05         1.0000000E+30                 0       
 NEXT SEEDS:203C9637       0       0       0       0       0   181CD    3039       0       0
  115000000             135000000             135000000             2.8581886E-05         1.0000000E+30                 0       
 NEXT SEEDS:21B3A4D0       0       0       0       0       0   181CD    3039       0       0
  120000000             130000000             130000000             2.8581951E-05         1.0000000E+30                 0       
 NEXT SEEDS:232A9318       0       0       0       0       0   181CD    3039       0       0
  125000000             125000000             125000000             2.8581753E-05         1.0000000E+30                 0       
 NEXT SEEDS:24A17354       0       0       0       0       0   181CD    3039       0       0
  130000000             120000000             120000000             2.8581846E-05         1.0000000E+30                 0       
 NEXT SEEDS:26188BEC       0       0       0       0       0   181CD    3039       0       0
  135000000             115000000             115000000             2.8595615E-05         1.0000000E+30                 0       
 NEXT SEEDS:278FABD3       0       0       0       0       0   181CD    3039       0       0
  140000000             110000000             110000000             2.8610009E-05         1.0000000E+30                 0       
 NEXT SEEDS:2906BA39       0       0       0       0       0   181CD    3039       0       0
  145000000             105000000             105000000             2.8624098E-05         1.0000000E+30                 0       
 NEXT SEEDS:2A7DA82C       0       0       0       0       0   181CD    3039       0       0
  150000000             100000000             100000000             2.8627725E-05         1.0000000E+30                 0       
 NEXT SEEDS:2BF4D9C0       0       0       0       0       0   181CD    3039       0       0
  155000000              95000000              95000000             2.8626878E-05         1.0000000E+30                 0       
 NEXT SEEDS:2D6C1D2B       0       0       0       0       0   181CD    3039       0       0
  160000000              90000000              90000000             2.8628120E-05         1.0000000E+30                 0       
 NEXT SEEDS:2EE31B11       0       0       0       0       0   181CD    3039       0       0
  *** Emfgeo: Ncoun  2000000000
  165000000              85000000              85000000             2.8626989E-05         1.0000000E+30                 0       
 NEXT SEEDS:305A0919       0       0       0       0       0   181CD    3039       0       0
  170000000              80000000              80000000             2.8626331E-05         1.0000000E+30                 0       
 NEXT SEEDS:31D14656       0       0       0       0       0   181CD    3039       0       0
  175000000              75000000              75000000             2.8625096E-05         1.0000000E+30                 0       
 NEXT SEEDS:33485095       0       0       0       0       0   181CD    3039       0       0
  180000000              70000000              70000000             2.8623419E-05         1.0000000E+30                 0       
 NEXT SEEDS:34BF63A9       0       0       0       0       0   181CD    3039       0       0
  185000000              65000000              65000000             2.8621321E-05         1.0000000E+30                 0       
 NEXT SEEDS:36363601       0       0       0       0       0   181CD    3039       0       0
  190000000              60000000              60000000             2.8621940E-05         1.0000000E+30                 0       
 NEXT SEEDS:37AD63BF       0       0       0       0       0   181CD    3039       0       0
  195000000              55000000              55000000             2.8620942E-05         1.0000000E+30                 0       
 NEXT SEEDS:392473AD       0       0       0       0       0   181CD    3039       0       0
  200000000              50000000              50000000             2.8619410E-05         1.0000000E+30                 0       
 NEXT SEEDS:3A9B9F34       0       0       0       0       0   181CD    3039       0       0
  205000000              45000000              45000000             2.8618882E-05         1.0000000E+30                 0       
 NEXT SEEDS:  780341       1       0       0       0       0   181CD    3039       0       0
  210000000              40000000              40000000             2.8619802E-05         1.0000000E+30                 0       
 NEXT SEEDS: 1EF5F0D       1       0       0       0       0   181CD    3039       0       0
  215000000              35000000              35000000             2.8619069E-05         1.0000000E+30                 0       
 NEXT SEEDS: 366292F       1       0       0       0       0   181CD    3039       0       0
  220000000              30000000              30000000             2.8618901E-05         1.0000000E+30                 0       
 NEXT SEEDS: 4DD548D       1       0       0       0       0   181CD    3039       0       0
  225000000              25000000              25000000             2.8617683E-05         1.0000000E+30                 0       
 NEXT SEEDS: 65484E9       1       0       0       0       0   181CD    3039       0       0
  230000000              20000000              20000000             2.8616071E-05         1.0000000E+30                 0       
 NEXT SEEDS: 7CBD754       1       0       0       0       0   181CD    3039       0       0
  235000000              15000000              15000000             2.8615740E-05         1.0000000E+30                 0       
 NEXT SEEDS: 9431315       1       0       0       0       0   181CD    3039       0       0
  240000000              10000000              10000000             2.8613709E-05         1.0000000E+30                 0       
 NEXT SEEDS: ABA2A89       1       0       0       0       0   181CD    3039       0       0
  *** Emfgeo: Ncoun  2000000000
  245000000               5000000               5000000             2.8612600E-05         1.0000000E+30                 0       
 NEXT SEEDS: C313194       1       0       0       0       0   181CD    3039       0       0
  249999950                    50                    50             2.8612434E-05         1.0000000E+30                 0       
 NEXT SEEDS: DA8743B       1       0       0       0       0   181CD    3039       0       0
  249999951                    49                    49             2.8612434E-05         1.0000000E+30                 0       
 NEXT SEEDS: DA8743F       1       0       0       0       0   181CD    3039       0       0
  249999952                    48                    48             2.8612436E-05         1.0000000E+30                 0       
 NEXT SEEDS: DA87443       1       0       0       0       0   181CD    3039       0       0
  249999953                    47                    47             2.8612438E-05         1.0000000E+30                 0       
 NEXT SEEDS: DA8745B       1       0       0       0       0   181CD    3039       0       0
  249999954                    46                    46             2.8612437E-05         1.0000000E+30                 0       
 NEXT SEEDS: DA8745F       1       0       0       0       0   181CD    3039       0       0
  249999955                    45                    45             2.8612437E-05         1.0000000E+30                 0       
 NEXT SEEDS: DA87463       1       0       0       0       0   181CD    3039       0       0
  249999956                    44                    44             2.8612439E-05         1.0000000E+30                 0       
 NEXT SEEDS: DA87467       1       0       0       0       0   181CD    3039       0       0
  249999957                    43                    43             2.8612439E-05         1.0000000E+30                 0       
 NEXT SEEDS: DA8746B       1       0       0       0       0   181CD    3039       0       0
  249999958                    42                    42             2.8612439E-05         1.0000000E+30                 0       
 NEXT SEEDS: DA8746F       1       0       0       0       0   181CD    3039       0       0
  249999959                    41                    41             2.8612441E-05         1.0000000E+30                 0       
 NEXT SEEDS: DA87473       1       0       0       0       0   181CD    3039       0       0
  249999960                    40                    40             2.8612441E-05         1.0000000E+30                 0       
 NEXT SEEDS: DA87477       1       0       0       0       0   181CD    3039       0       0
  249999961                    39                    39             2.8612441E-05         1.0000000E+30                 0       
 NEXT SEEDS: DA8747B       1       0       0       0       0   181CD    3039       0       0
  249999962                    38                    38             2.8612442E-05         1.0000000E+30                 0       
 NEXT SEEDS: DA8747F       1       0       0       0       0   181CD    3039       0       0
  249999963                    37                    37             2.8612442E-05         1.0000000E+30                 0       
 NEXT SEEDS: DA87483       1       0       0       0       0   181CD    3039       0       0
  249999964                    36                    36             2.8612442E-05         1.0000000E+30                 0       
 NEXT SEEDS: DA87487       1       0       0       0       0   181CD    3039       0       0
  249999965                    35                    35             2.8612442E-05         1.0000000E+30                 0       
 NEXT SEEDS: DA8748B       1       0       0       0       0   181CD    3039       0       0
  249999966                    34                    34             2.8612442E-05         1.0000000E+30                 0       
 NEXT SEEDS: DA8748F       1       0       0       0       0   181CD    3039       0       0
  249999967                    33                    33             2.8612442E-05         1.0000000E+30                 0       
 NEXT SEEDS: DA87493       1       0       0       0       0   181CD    3039       0       0
  249999968                    32                    32             2.8612442E-05         1.0000000E+30                 0       
 NEXT SEEDS: DA8749D       1       0       0       0       0   181CD    3039       0       0
  249999969                    31                    31             2.8612442E-05         1.0000000E+30                 0       
 NEXT SEEDS: DA874A3       1       0       0       0       0   181CD    3039       0       0
  249999970                    30                    30             2.8612441E-05         1.0000000E+30                 0       
 NEXT SEEDS: DA874A7       1       0       0       0       0   181CD    3039       0       0
  249999971                    29                    29             2.8612441E-05         1.0000000E+30                 0       
 NEXT SEEDS: DA874AD       1       0       0       0       0   181CD    3039       0       0
  249999972                    28                    28             2.8612443E-05         1.0000000E+30                 0       
 NEXT SEEDS: DA874B1       1       0       0       0       0   181CD    3039       0       0
  249999973                    27                    27             2.8612443E-05         1.0000000E+30                 0       
 NEXT SEEDS: DA874B5       1       0       0       0       0   181CD    3039       0       0
  249999974                    26                    26             2.8612443E-05         1.0000000E+30                 0       
 NEXT SEEDS: DA874B9       1       0       0       0       0   181CD    3039       0       0
  249999975                    25                    25             2.8612443E-05         1.0000000E+30                 0       
 NEXT SEEDS: DA874BD       1       0       0       0       0   181CD    3039       0       0
  249999976                    24                    24             2.8612443E-05         1.0000000E+30                 0       
 NEXT SEEDS: DA874C1       1       0       0       0       0   181CD    3039       0       0
  249999977                    23                    23             2.8612443E-05         1.0000000E+30                 0       
 NEXT SEEDS: DA874C5       1       0       0       0       0   181CD    3039       0       0
  249999978                    22                    22             2.8612442E-05         1.0000000E+30                 0       
 NEXT SEEDS: DA874C9       1       0       0       0       0   181CD    3039       0       0
  249999979                    21                    21             2.8612442E-05         1.0000000E+30                 0       
 NEXT SEEDS: DA874CD       1       0       0       0       0   181CD    3039       0       0
  249999980                    20                    20             2.8612442E-05         1.0000000E+30                 0       
 NEXT SEEDS: DA874D1       1       0       0       0       0   181CD    3039       0       0
  249999981                    19                    19             2.8612442E-05         1.0000000E+30                 0       
 NEXT SEEDS: DA874D5       1       0       0       0       0   181CD    3039       0       0
  249999982                    18                    18             2.8612442E-05         1.0000000E+30                 0       
 NEXT SEEDS: DA874D9       1       0       0       0       0   181CD    3039       0       0
  249999983                    17                    17             2.8612442E-05         1.0000000E+30                 0       
 NEXT SEEDS: DA874DD       1       0       0       0       0   181CD    3039       0       0
  249999984                    16                    16             2.8612442E-05         1.0000000E+30                 0       
 NEXT SEEDS: DA874E1       1       0       0       0       0   181CD    3039       0       0
  249999985                    15                    15             2.8612442E-05         1.0000000E+30                 0       
 NEXT SEEDS: DA874E5       1       0       0       0       0   181CD    3039       0       0
  249999986                    14                    14             2.8612442E-05         1.0000000E+30                 0       
 NEXT SEEDS: DA874E9       1       0       0       0       0   181CD    3039       0       0
  249999987                    13                    13             2.8612441E-05         1.0000000E+30                 0       
 NEXT SEEDS: DA874ED       1       0       0       0       0   181CD    3039       0       0
  249999988                    12                    12             2.8612441E-05         1.0000000E+30                 0       
 NEXT SEEDS: DA874F1       1       0       0       0       0   181CD    3039       0       0
  249999989                    11                    11             2.8612441E-05         1.0000000E+30                 0       
 NEXT SEEDS: DA874F5       1       0       0       0       0   181CD    3039       0       0
  249999990                    10                    10             2.8612441E-05         1.0000000E+30                 0       
 NEXT SEEDS: DA874F9       1       0       0       0       0   181CD    3039       0       0
  249999991                     9                     9             2.8612443E-05         1.0000000E+30                 0       
 NEXT SEEDS: DA874FD       1       0       0       0       0   181CD    3039       0       0
  249999992                     8                     8             2.8612443E-05         1.0000000E+30                 0       
 NEXT SEEDS: DA87501       1       0       0       0       0   181CD    3039       0       0
  249999993                     7                     7             2.8612443E-05         1.0000000E+30                 0       
 NEXT SEEDS: DA87505       1       0       0       0       0   181CD    3039       0       0
  249999994                     6                     6             2.8612445E-05         1.0000000E+30                 0       
 NEXT SEEDS: DA87509       1       0       0       0       0   181CD    3039       0       0
  249999995                     5                     5             2.8612444E-05         1.0000000E+30                 0       
 NEXT SEEDS: DA8750D       1       0       0       0       0   181CD    3039       0       0
  249999996                     4                     4             2.8612444E-05         1.0000000E+30                 0       
 NEXT SEEDS: DA87511       1       0       0       0       0   181CD    3039       0       0
  249999997                     3                     3             2.8612446E-05         1.0000000E+30                 0       
 NEXT SEEDS: DA87515       1       0       0       0       0   181CD    3039       0       0
  249999998                     2                     2             2.8612446E-05         1.0000000E+30                 0       
 NEXT SEEDS: DA87519       1       0       0       0       0   181CD    3039       0       0
  249999999                     1                     1             2.8612446E-05         1.0000000E+30                 0       
 NEXT SEEDS: DA8751D       1       0       0       0       0   181CD    3039       0       0
  250000000                     0                     1             2.8612448E-05         1.0000000E+30                 0       
 NEXT SEEDS: DA87521       1       0       0       0       0   181CD    3039       0       0
