1NUMBER OF BEAM       NUMBER OF BEAM        APPROXIMATE NUMBER    AVERAGE TIME USED     TIME LEFT (RESERVED   NUMBER OF STARS
 PARTICLES HANDLED    PARTICLES LEFT        OF BEAM PARTICLES     BY A BEAM PARTICLE     10000.0 SECONDS      CREATED
                                            THAT CAN STILL BE                           FOR PRINTOUT)
                                            HANDLED

 NEXT SEEDS:       0       0       0       0       0       0   181CD    3039       0       0
          1             249999999             249999999             7.9154968E-05         1.0000000E+30                 0       
 NEXT SEEDS:       4       0       0       0       0       0   181CD    3039       0       0
    5000000             245000000             245000000             2.7810426E-05         1.0000000E+30                 0       
 NEXT SEEDS: 176FB25       0       0       0       0       0   181CD    3039       0       0
   10000000             240000000             240000000             2.7823436E-05         1.0000000E+30                 0       
 NEXT SEEDS: 2EE38DF       0       0       0       0       0   181CD    3039       0       0
   15000000             235000000             235000000             2.7841674E-05         1.0000000E+30                 0       
 NEXT SEEDS: 4658783       0       0       0       0       0   181CD    3039       0       0
   20000000             230000000             230000000             2.7828495E-05         1.0000000E+30                 0       
 NEXT SEEDS: 5DCBF51       0       0       0       0       0   181CD    3039       0       0
   25000000             225000000             225000000             2.7829566E-05         1.0000000E+30                 0       
 NEXT SEEDS: 7542833       0       0       0       0       0   181CD    3039       0       0
   30000000             220000000             220000000             2.7858356E-05         1.0000000E+30                 0       
 NEXT SEEDS: 8CB3330       0       0       0       0       0   181CD    3039       0       0
   35000000             215000000             215000000             2.7874047E-05         1.0000000E+30                 0       
 NEXT SEEDS: A426469       0       0       0       0       0   181CD    3039       0       0
   40000000             210000000             210000000             2.7872248E-05         1.0000000E+30                 0       
 NEXT SEEDS: BB97CEA       0       0       0       0       0   181CD    3039       0       0
   45000000             205000000             205000000             2.7866396E-05         1.0000000E+30                 0       
 NEXT SEEDS: D30C3AB       0       0       0       0       0   181CD    3039       0       0
   50000000             200000000             200000000             2.7862915E-05         1.0000000E+30                 0       
 NEXT SEEDS: EA7E371       0       0       0       0       0   181CD    3039       0       0
   55000000             195000000             195000000             2.7856077E-05         1.0000000E+30                 0       
 NEXT SEEDS:101EEF01       0       0       0       0       0   181CD    3039       0       0
   60000000             190000000             190000000             2.7855988E-05         1.0000000E+30                 0       
 NEXT SEEDS:11961C1B       0       0       0       0       0   181CD    3039       0       0
   65000000             185000000             185000000             2.7855253E-05         1.0000000E+30                 0       
 NEXT SEEDS:130D39E3       0       0       0       0       0   181CD    3039       0       0
   70000000             180000000             180000000             2.7847351E-05         1.0000000E+30                 0       
 NEXT SEEDS:14844FD4       0       0       0       0       0   181CD    3039       0       0
   75000000             175000000             175000000             2.7847613E-05         1.0000000E+30                 0       
 NEXT SEEDS:15FB4396       0       0       0       0       0   181CD    3039       0       0
   80000000             170000000             170000000             2.7845748E-05         1.0000000E+30                 0       
 NEXT SEEDS:177233DD       0       0       0       0       0   181CD    3039       0       0
  *** Emfgeo: Ncoun  2000000000
   85000000             165000000             165000000             2.7845254E-05         1.0000000E+30                 0       
 NEXT SEEDS:18E94896       0       0       0       0       0   181CD    3039       0       0
   90000000             160000000             160000000             2.7844462E-05         1.0000000E+30                 0       
 NEXT SEEDS:1A60BA56       0       0       0       0       0   181CD    3039       0       0
   95000000             155000000             155000000             2.7844034E-05         1.0000000E+30                 0       
 NEXT SEEDS:1BD7DC40       0       0       0       0       0   181CD    3039       0       0
  100000000             150000000             150000000             2.7845392E-05         1.0000000E+30                 0       
 NEXT SEEDS:1D4F1652       0       0       0       0       0   181CD    3039       0       0
  105000000             145000000             145000000             2.7846781E-05         1.0000000E+30                 0       
 NEXT SEEDS:1EC62325       0       0       0       0       0   181CD    3039       0       0
  110000000             140000000             140000000             2.7845758E-05         1.0000000E+30                 0       
 NEXT SEEDS:203D4523       0       0       0       0       0   181CD    3039       0       0
  115000000             135000000             135000000             2.7845613E-05         1.0000000E+30                 0       
 NEXT SEEDS:21B48861       0       0       0       0       0   181CD    3039       0       0
  120000000             130000000             130000000             2.7842939E-05         1.0000000E+30                 0       
 NEXT SEEDS:232B587F       0       0       0       0       0   181CD    3039       0       0
  125000000             125000000             125000000             2.7840927E-05         1.0000000E+30                 0       
 NEXT SEEDS:24A240D7       0       0       0       0       0   181CD    3039       0       0
  130000000             120000000             120000000             2.7840175E-05         1.0000000E+30                 0       
 NEXT SEEDS:261912C4       0       0       0       0       0   181CD    3039       0       0
  135000000             115000000             115000000             2.7840503E-05         1.0000000E+30                 0       
 NEXT SEEDS:27903329       0       0       0       0       0   181CD    3039       0       0
  140000000             110000000             110000000             2.7841791E-05         1.0000000E+30                 0       
 NEXT SEEDS:29073E67       0       0       0       0       0   181CD    3039       0       0
  145000000             105000000             105000000             2.7840358E-05         1.0000000E+30                 0       
 NEXT SEEDS:2A7E2C55       0       0       0       0       0   181CD    3039       0       0
  150000000             100000000             100000000             2.7840896E-05         1.0000000E+30                 0       
 NEXT SEEDS:2BF55332       0       0       0       0       0   181CD    3039       0       0
  155000000              95000000              95000000             2.7839873E-05         1.0000000E+30                 0       
 NEXT SEEDS:2D6C174F       0       0       0       0       0   181CD    3039       0       0
  160000000              90000000              90000000             2.7840208E-05         1.0000000E+30                 0       
 NEXT SEEDS:2EE3245D       0       0       0       0       0   181CD    3039       0       0
  *** Emfgeo: Ncoun  2000000000
  165000000              85000000              85000000             2.7840203E-05         1.0000000E+30                 0       
 NEXT SEEDS:305A461C       0       0       0       0       0   181CD    3039       0       0
  170000000              80000000              80000000             2.7838457E-05         1.0000000E+30                 0       
 NEXT SEEDS:31D13B52       0       0       0       0       0   181CD    3039       0       0
  175000000              75000000              75000000             2.7839635E-05         1.0000000E+30                 0       
 NEXT SEEDS:33489817       0       0       0       0       0   181CD    3039       0       0
  180000000              70000000              70000000             2.7840968E-05         1.0000000E+30                 0       
 NEXT SEEDS:34BFDD0A       0       0       0       0       0   181CD    3039       0       0
  185000000              65000000              65000000             2.7841267E-05         1.0000000E+30                 0       
 NEXT SEEDS:363706AB       0       0       0       0       0   181CD    3039       0       0
  190000000              60000000              60000000             2.7840669E-05         1.0000000E+30                 0       
 NEXT SEEDS:37AE1CDC       0       0       0       0       0   181CD    3039       0       0
  195000000              55000000              55000000             2.7841036E-05         1.0000000E+30                 0       
 NEXT SEEDS:39257800       0       0       0       0       0   181CD    3039       0       0
  200000000              50000000              50000000             2.7839339E-05         1.0000000E+30                 0       
 NEXT SEEDS:3A9C987D       0       0       0       0       0   181CD    3039       0       0
  205000000              45000000              45000000             2.7838737E-05         1.0000000E+30                 0       
 NEXT SEEDS:  78DCA7       1       0       0       0       0   181CD    3039       0       0
  210000000              40000000              40000000             2.7837884E-05         1.0000000E+30                 0       
 NEXT SEEDS: 1EFE36C       1       0       0       0       0   181CD    3039       0       0
  215000000              35000000              35000000             2.7838121E-05         1.0000000E+30                 0       
 NEXT SEEDS: 3670E37       1       0       0       0       0   181CD    3039       0       0
  220000000              30000000              30000000             2.7838639E-05         1.0000000E+30                 0       
 NEXT SEEDS: 4DE305B       1       0       0       0       0   181CD    3039       0       0
  225000000              25000000              25000000             2.7844682E-05         1.0000000E+30                 0       
 NEXT SEEDS: 655574B       1       0       0       0       0   181CD    3039       0       0
  230000000              20000000              20000000             2.7847366E-05         1.0000000E+30                 0       
 NEXT SEEDS: 7CC4EA8       1       0       0       0       0   181CD    3039       0       0
  235000000              15000000              15000000             2.7846053E-05         1.0000000E+30                 0       
 NEXT SEEDS: 9433E48       1       0       0       0       0   181CD    3039       0       0
  240000000              10000000              10000000             2.7847799E-05         1.0000000E+30                 0       
 NEXT SEEDS: ABA4AFF       1       0       0       0       0   181CD    3039       0       0
  *** Emfgeo: Ncoun  2000000000
  245000000               5000000               5000000             2.7850796E-05         1.0000000E+30                 0       
 NEXT SEEDS: C31609C       1       0       0       0       0   181CD    3039       0       0
  249999950                    50                    50             2.7850522E-05         1.0000000E+30                 0       
 NEXT SEEDS: DA89392       1       0       0       0       0   181CD    3039       0       0
  249999951                    49                    49             2.7850524E-05         1.0000000E+30                 0       
 NEXT SEEDS: DA89396       1       0       0       0       0   181CD    3039       0       0
  249999952                    48                    48             2.7850523E-05         1.0000000E+30                 0       
 NEXT SEEDS: DA8939C       1       0       0       0       0   181CD    3039       0       0
  249999953                    47                    47             2.7850525E-05         1.0000000E+30                 0       
 NEXT SEEDS: DA893A0       1       0       0       0       0   181CD    3039       0       0
  249999954                    46                    46             2.7850527E-05         1.0000000E+30                 0       
 NEXT SEEDS: DA893A4       1       0       0       0       0   181CD    3039       0       0
  249999955                    45                    45             2.7850527E-05         1.0000000E+30                 0       
 NEXT SEEDS: DA893A8       1       0       0       0       0   181CD    3039       0       0
  249999956                    44                    44             2.7850527E-05         1.0000000E+30                 0       
 NEXT SEEDS: DA893AC       1       0       0       0       0   181CD    3039       0       0
  249999957                    43                    43             2.7850529E-05         1.0000000E+30                 0       
 NEXT SEEDS: DA893B0       1       0       0       0       0   181CD    3039       0       0
  249999958                    42                    42             2.7850529E-05         1.0000000E+30                 0       
 NEXT SEEDS: DA893B4       1       0       0       0       0   181CD    3039       0       0
  249999959                    41                    41             2.7850529E-05         1.0000000E+30                 0       
 NEXT SEEDS: DA893B8       1       0       0       0       0   181CD    3039       0       0
  249999960                    40                    40             2.7850528E-05         1.0000000E+30                 0       
 NEXT SEEDS: DA893BC       1       0       0       0       0   181CD    3039       0       0
  249999961                    39                    39             2.7850528E-05         1.0000000E+30                 0       
 NEXT SEEDS: DA893C0       1       0       0       0       0   181CD    3039       0       0
  249999962                    38                    38             2.7850528E-05         1.0000000E+30                 0       
 NEXT SEEDS: DA893C4       1       0       0       0       0   181CD    3039       0       0
  249999963                    37                    37             2.7850528E-05         1.0000000E+30                 0       
 NEXT SEEDS: DA893C8       1       0       0       0       0   181CD    3039       0       0
  249999964                    36                    36             2.7850528E-05         1.0000000E+30                 0       
 NEXT SEEDS: DA893CC       1       0       0       0       0   181CD    3039       0       0
  249999965                    35                    35             2.7850528E-05         1.0000000E+30                 0       
 NEXT SEEDS: DA893D0       1       0       0       0       0   181CD    3039       0       0
  249999966                    34                    34             2.7850528E-05         1.0000000E+30                 0       
 NEXT SEEDS: DA893D4       1       0       0       0       0   181CD    3039       0       0
  249999967                    33                    33             2.7850528E-05         1.0000000E+30                 0       
 NEXT SEEDS: DA893D8       1       0       0       0       0   181CD    3039       0       0
  249999968                    32                    32             2.7850528E-05         1.0000000E+30                 0       
 NEXT SEEDS: DA893DC       1       0       0       0       0   181CD    3039       0       0
  249999969                    31                    31             2.7850527E-05         1.0000000E+30                 0       
 NEXT SEEDS: DA893E0       1       0       0       0       0   181CD    3039       0       0
  249999970                    30                    30             2.7850527E-05         1.0000000E+30                 0       
 NEXT SEEDS: DA893E4       1       0       0       0       0   181CD    3039       0       0
  249999971                    29                    29             2.7850529E-05         1.0000000E+30                 0       
 NEXT SEEDS: DA893E8       1       0       0       0       0   181CD    3039       0       0
  249999972                    28                    28             2.7850529E-05         1.0000000E+30                 0       
 NEXT SEEDS: DA893EC       1       0       0       0       0   181CD    3039       0       0
  249999973                    27                    27             2.7850531E-05         1.0000000E+30                 0       
 NEXT SEEDS: DA893F2       1       0       0       0       0   181CD    3039       0       0
  249999974                    26                    26             2.7850531E-05         1.0000000E+30                 0       
 NEXT SEEDS: DA893F6       1       0       0       0       0   181CD    3039       0       0
  249999975                    25                    25             2.7850531E-05         1.0000000E+30                 0       
 NEXT SEEDS: DA893FA       1       0       0       0       0   181CD    3039       0       0
  249999976                    24                    24             2.7850533E-05         1.0000000E+30                 0       
 NEXT SEEDS: DA893FE       1       0       0       0       0   181CD    3039       0       0
  249999977                    23                    23             2.7850532E-05         1.0000000E+30                 0       
 NEXT SEEDS: DA89402       1       0       0       0       0   181CD    3039       0       0
  249999978                    22                    22             2.7850532E-05         1.0000000E+30                 0       
 NEXT SEEDS: DA89406       1       0       0       0       0   181CD    3039       0       0
  249999979                    21                    21             2.7850534E-05         1.0000000E+30                 0       
 NEXT SEEDS: DA8940A       1       0       0       0       0   181CD    3039       0       0
  249999980                    20                    20             2.7850534E-05         1.0000000E+30                 0       
 NEXT SEEDS: DA8940E       1       0       0       0       0   181CD    3039       0       0
  249999981                    19                    19             2.7850534E-05         1.0000000E+30                 0       
 NEXT SEEDS: DA89412       1       0       0       0       0   181CD    3039       0       0
  249999982                    18                    18             2.7850534E-05         1.0000000E+30                 0       
 NEXT SEEDS: DA89416       1       0       0       0       0   181CD    3039       0       0
  249999983                    17                    17             2.7850534E-05         1.0000000E+30                 0       
 NEXT SEEDS: DA8941A       1       0       0       0       0   181CD    3039       0       0
  249999984                    16                    16             2.7850534E-05         1.0000000E+30                 0       
 NEXT SEEDS: DA8943B       1       0       0       0       0   181CD    3039       0       0
  249999985                    15                    15             2.7850533E-05         1.0000000E+30                 0       
 NEXT SEEDS: DA8943F       1       0       0       0       0   181CD    3039       0       0
  249999986                    14                    14             2.7850533E-05         1.0000000E+30                 0       
 NEXT SEEDS: DA89443       1       0       0       0       0   181CD    3039       0       0
  249999987                    13                    13             2.7850533E-05         1.0000000E+30                 0       
 NEXT SEEDS: DA89447       1       0       0       0       0   181CD    3039       0       0
  249999988                    12                    12             2.7850533E-05         1.0000000E+30                 0       
 NEXT SEEDS: DA8944B       1       0       0       0       0   181CD    3039       0       0
  249999989                    11                    11             2.7850533E-05         1.0000000E+30                 0       
 NEXT SEEDS: DA8944F       1       0       0       0       0   181CD    3039       0       0
  249999990                    10                    10             2.7850533E-05         1.0000000E+30                 0       
 NEXT SEEDS: DA89453       1       0       0       0       0   181CD    3039       0       0
  249999991                     9                     9             2.7850533E-05         1.0000000E+30                 0       
 NEXT SEEDS: DA89457       1       0       0       0       0   181CD    3039       0       0
  249999992                     8                     8             2.7850533E-05         1.0000000E+30                 0       
 NEXT SEEDS: DA8945B       1       0       0       0       0   181CD    3039       0       0
  249999993                     7                     7             2.7850533E-05         1.0000000E+30                 0       
 NEXT SEEDS: DA8945F       1       0       0       0       0   181CD    3039       0       0
  249999994                     6                     6             2.7850532E-05         1.0000000E+30                 0       
 NEXT SEEDS: DA89463       1       0       0       0       0   181CD    3039       0       0
  249999995                     5                     5             2.7850532E-05         1.0000000E+30                 0       
 NEXT SEEDS: DA89476       1       0       0       0       0   181CD    3039       0       0
  249999996                     4                     4             2.7850532E-05         1.0000000E+30                 0       
 NEXT SEEDS: DA8947A       1       0       0       0       0   181CD    3039       0       0
  249999997                     3                     3             2.7850532E-05         1.0000000E+30                 0       
 NEXT SEEDS: DA8947E       1       0       0       0       0   181CD    3039       0       0
  249999998                     2                     2             2.7850532E-05         1.0000000E+30                 0       
 NEXT SEEDS: DA89482       1       0       0       0       0   181CD    3039       0       0
  249999999                     1                     1             2.7850532E-05         1.0000000E+30                 0       
 NEXT SEEDS: DA89486       1       0       0       0       0   181CD    3039       0       0
  250000000                     0                     1             2.7850532E-05         1.0000000E+30                 0       
 NEXT SEEDS: DA8948A       1       0       0       0       0   181CD    3039       0       0
