1NUMBER OF BEAM       NUMBER OF BEAM        APPROXIMATE NUMBER    AVERAGE TIME USED     TIME LEFT (RESERVED   NUMBER OF STARS
 PARTICLES HANDLED    PARTICLES LEFT        OF BEAM PARTICLES     BY A BEAM PARTICLE     10000.0 SECONDS      CREATED
                                            THAT CAN STILL BE                           FOR PRINTOUT)
                                            HANDLED

 NEXT SEEDS:       0       0       0       0       0       0   181CD    3039       0       0
          1             249999999             249999999             5.8698654E-04         1.0000000E+30                 0       
 NEXT SEEDS:       4       0       0       0       0       0   181CD    3039       0       0
    5000000             245000000             245000000             2.7882391E-05         1.0000000E+30                 0       
 NEXT SEEDS: 176FCF7       0       0       0       0       0   181CD    3039       0       0
   10000000             240000000             240000000             2.7862970E-05         1.0000000E+30                 0       
 NEXT SEEDS: 2EDCA3E       0       0       0       0       0   181CD    3039       0       0
   15000000             235000000             235000000             2.7878359E-05         1.0000000E+30                 0       
 NEXT SEEDS: 4650354       0       0       0       0       0   181CD    3039       0       0
   20000000             230000000             230000000             2.7851311E-05         1.0000000E+30                 0       
 NEXT SEEDS: 5DBDE6A       0       0       0       0       0   181CD    3039       0       0
   25000000             225000000             225000000             2.7856547E-05         1.0000000E+30                 0       
 NEXT SEEDS: 7531C58       0       0       0       0       0   181CD    3039       0       0
   30000000             220000000             220000000             2.7857661E-05         1.0000000E+30                 0       
 NEXT SEEDS: 8CA3A11       0       0       0       0       0   181CD    3039       0       0
   35000000             215000000             215000000             2.7857946E-05         1.0000000E+30                 0       
 NEXT SEEDS: A414DDE       0       0       0       0       0   181CD    3039       0       0
   40000000             210000000             210000000             2.7850298E-05         1.0000000E+30                 0       
 NEXT SEEDS: BB84B6C       0       0       0       0       0   181CD    3039       0       0
   45000000             205000000             205000000             2.7850265E-05         1.0000000E+30                 0       
 NEXT SEEDS: D2F665B       0       0       0       0       0   181CD    3039       0       0
   50000000             200000000             200000000             2.7846291E-05         1.0000000E+30                 0       
 NEXT SEEDS: EA62DDA       0       0       0       0       0   181CD    3039       0       0
   55000000             195000000             195000000             2.7844697E-05         1.0000000E+30                 0       
 NEXT SEEDS:101D24A9       0       0       0       0       0   181CD    3039       0       0
   60000000             190000000             190000000             2.7841233E-05         1.0000000E+30                 0       
 NEXT SEEDS:11941B73       0       0       0       0       0   181CD    3039       0       0
   65000000             185000000             185000000             2.7841075E-05         1.0000000E+30                 0       
 NEXT SEEDS:130B3C42       0       0       0       0       0   181CD    3039       0       0
   70000000             180000000             180000000             2.7838755E-05         1.0000000E+30                 0       
 NEXT SEEDS:14824129       0       0       0       0       0   181CD    3039       0       0
   75000000             175000000             175000000             2.7839453E-05         1.0000000E+30                 0       
 NEXT SEEDS:15F965E0       0       0       0       0       0   181CD    3039       0       0
   80000000             170000000             170000000             2.7842788E-05         1.0000000E+30                 0       
 NEXT SEEDS:177096E0       0       0       0       0       0   181CD    3039       0       0
  *** Emfgeo: Ncoun  2000000000
   85000000             165000000             165000000             2.7841541E-05         1.0000000E+30                 0       
 NEXT SEEDS:18E7A187       0       0       0       0       0   181CD    3039       0       0
   90000000             160000000             160000000             2.7839884E-05         1.0000000E+30                 0       
 NEXT SEEDS:1A5E916B       0       0       0       0       0   181CD    3039       0       0
   95000000             155000000             155000000             2.7842064E-05         1.0000000E+30                 0       
 NEXT SEEDS:1BD5E697       0       0       0       0       0   181CD    3039       0       0
  100000000             150000000             150000000             2.7844096E-05         1.0000000E+30                 0       
 NEXT SEEDS:1D4CF076       0       0       0       0       0   181CD    3039       0       0
  105000000             145000000             145000000             2.7844708E-05         1.0000000E+30                 0       
 NEXT SEEDS:1EC403A3       0       0       0       0       0   181CD    3039       0       0
  110000000             140000000             140000000             2.7845097E-05         1.0000000E+30                 0       
 NEXT SEEDS:203B323E       0       0       0       0       0   181CD    3039       0       0
  115000000             135000000             135000000             2.7844484E-05         1.0000000E+30                 0       
 NEXT SEEDS:21B24833       0       0       0       0       0   181CD    3039       0       0
  120000000             130000000             130000000             2.7844177E-05         1.0000000E+30                 0       
 NEXT SEEDS:23292095       0       0       0       0       0   181CD    3039       0       0
  125000000             125000000             125000000             2.7843945E-05         1.0000000E+30                 0       
 NEXT SEEDS:24A035D4       0       0       0       0       0   181CD    3039       0       0
  130000000             120000000             120000000             2.7845012E-05         1.0000000E+30                 0       
 NEXT SEEDS:26178EB6       0       0       0       0       0   181CD    3039       0       0
  135000000             115000000             115000000             2.7846484E-05         1.0000000E+30                 0       
 NEXT SEEDS:278E93AE       0       0       0       0       0   181CD    3039       0       0
  140000000             110000000             110000000             2.7846624E-05         1.0000000E+30                 0       
 NEXT SEEDS:2905CCE8       0       0       0       0       0   181CD    3039       0       0
  145000000             105000000             105000000             2.7847602E-05         1.0000000E+30                 0       
 NEXT SEEDS:2A7CCFE2       0       0       0       0       0   181CD    3039       0       0
  150000000             100000000             100000000             2.7848458E-05         1.0000000E+30                 0       
 NEXT SEEDS:2BF4368A       0       0       0       0       0   181CD    3039       0       0
  155000000              95000000              95000000             2.7848552E-05         1.0000000E+30                 0       
 NEXT SEEDS:2D6B540C       0       0       0       0       0   181CD    3039       0       0
  160000000              90000000              90000000             2.7848320E-05         1.0000000E+30                 0       
 NEXT SEEDS:2EE24662       0       0       0       0       0   181CD    3039       0       0
  *** Emfgeo: Ncoun  2000000000
  165000000              85000000              85000000             2.7850129E-05         1.0000000E+30                 0       
 NEXT SEEDS:30596730       0       0       0       0       0   181CD    3039       0       0
  170000000              80000000              80000000             2.7849866E-05         1.0000000E+30                 0       
 NEXT SEEDS:31D0D17A       0       0       0       0       0   181CD    3039       0       0
  175000000              75000000              75000000             2.7848497E-05         1.0000000E+30                 0       
 NEXT SEEDS:3347E762       0       0       0       0       0   181CD    3039       0       0
  180000000              70000000              70000000             2.7848431E-05         1.0000000E+30                 0       
 NEXT SEEDS:34BEE501       0       0       0       0       0   181CD    3039       0       0
  185000000              65000000              65000000             2.7847095E-05         1.0000000E+30                 0       
 NEXT SEEDS:3635E98E       0       0       0       0       0   181CD    3039       0       0
  190000000              60000000              60000000             2.7847580E-05         1.0000000E+30                 0       
 NEXT SEEDS:37AD6303       0       0       0       0       0   181CD    3039       0       0
  195000000              55000000              55000000             2.7846766E-05         1.0000000E+30                 0       
 NEXT SEEDS:392468C1       0       0       0       0       0   181CD    3039       0       0
  200000000              50000000              50000000             2.7845704E-05         1.0000000E+30                 0       
 NEXT SEEDS:3A9B75B3       0       0       0       0       0   181CD    3039       0       0
  205000000              45000000              45000000             2.7845716E-05         1.0000000E+30                 0       
 NEXT SEEDS:  77C51E       1       0       0       0       0   181CD    3039       0       0
  210000000              40000000              40000000             2.7845276E-05         1.0000000E+30                 0       
 NEXT SEEDS: 1EEDCA6       1       0       0       0       0   181CD    3039       0       0
  215000000              35000000              35000000             2.7844787E-05         1.0000000E+30                 0       
 NEXT SEEDS: 365EFDE       1       0       0       0       0   181CD    3039       0       0
  220000000              30000000              30000000             2.7844144E-05         1.0000000E+30                 0       
 NEXT SEEDS: 4DCFEF7       1       0       0       0       0   181CD    3039       0       0
  225000000              25000000              25000000             2.7843608E-05         1.0000000E+30                 0       
 NEXT SEEDS: 653FC1B       1       0       0       0       0   181CD    3039       0       0
  230000000              20000000              20000000             2.7842307E-05         1.0000000E+30                 0       
 NEXT SEEDS: 7CAF60F       1       0       0       0       0   181CD    3039       0       0
  235000000              15000000              15000000             2.7843242E-05         1.0000000E+30                 0       
 NEXT SEEDS: 9424186       1       0       0       0       0   181CD    3039       0       0
  240000000              10000000              10000000             2.7843033E-05         1.0000000E+30                 0       
 NEXT SEEDS: AB93E9F       1       0       0       0       0   181CD    3039       0       0
  *** Emfgeo: Ncoun  2000000000
  245000000               5000000               5000000             2.7843049E-05         1.0000000E+30                 0       
 NEXT SEEDS: C30652C       1       0       0       0       0   181CD    3039       0       0
  249999950                    50                    50             2.7843799E-05         1.0000000E+30                 0       
 NEXT SEEDS: DA7A6B5       1       0       0       0       0   181CD    3039       0       0
  249999951                    49                    49             2.7843801E-05         1.0000000E+30                 0       
 NEXT SEEDS: DA7A6B9       1       0       0       0       0   181CD    3039       0       0
  249999952                    48                    48             2.7843801E-05         1.0000000E+30                 0       
 NEXT SEEDS: DA7A6BD       1       0       0       0       0   181CD    3039       0       0
  249999953                    47                    47             2.7843801E-05         1.0000000E+30                 0       
 NEXT SEEDS: DA7A6C1       1       0       0       0       0   181CD    3039       0       0
  249999954                    46                    46             2.7843803E-05         1.0000000E+30                 0       
 NEXT SEEDS: DA7A6C5       1       0       0       0       0   181CD    3039       0       0
  249999955                    45                    45             2.7843803E-05         1.0000000E+30                 0       
 NEXT SEEDS: DA7A6C9       1       0       0       0       0   181CD    3039       0       0
  249999956                    44                    44             2.7843805E-05         1.0000000E+30                 0       
 NEXT SEEDS: DA7A6CD       1       0       0       0       0   181CD    3039       0       0
  249999957                    43                    43             2.7843804E-05         1.0000000E+30                 0       
 NEXT SEEDS: DA7A6D1       1       0       0       0       0   181CD    3039       0       0
  249999958                    42                    42             2.7843804E-05         1.0000000E+30                 0       
 NEXT SEEDS: DA7A6EB       1       0       0       0       0   181CD    3039       0       0
  249999959                    41                    41             2.7843806E-05         1.0000000E+30                 0       
 NEXT SEEDS: DA7A6EF       1       0       0       0       0   181CD    3039       0       0
  249999960                    40                    40             2.7843806E-05         1.0000000E+30                 0       
 NEXT SEEDS: DA7A6F3       1       0       0       0       0   181CD    3039       0       0
  249999961                    39                    39             2.7843806E-05         1.0000000E+30                 0       
 NEXT SEEDS: DA7A6F7       1       0       0       0       0   181CD    3039       0       0
  249999962                    38                    38             2.7843808E-05         1.0000000E+30                 0       
 NEXT SEEDS: DA7A6FB       1       0       0       0       0   181CD    3039       0       0
  249999963                    37                    37             2.7843808E-05         1.0000000E+30                 0       
 NEXT SEEDS: DA7A6FF       1       0       0       0       0   181CD    3039       0       0
  249999964                    36                    36             2.7843810E-05         1.0000000E+30                 0       
 NEXT SEEDS: DA7A703       1       0       0       0       0   181CD    3039       0       0
  249999965                    35                    35             2.7843809E-05         1.0000000E+30                 0       
 NEXT SEEDS: DA7A707       1       0       0       0       0   181CD    3039       0       0
  249999966                    34                    34             2.7843811E-05         1.0000000E+30                 0       
 NEXT SEEDS: DA7A71C       1       0       0       0       0   181CD    3039       0       0
  249999967                    33                    33             2.7843811E-05         1.0000000E+30                 0       
 NEXT SEEDS: DA7A720       1       0       0       0       0   181CD    3039       0       0
  249999968                    32                    32             2.7843813E-05         1.0000000E+30                 0       
 NEXT SEEDS: DA7A724       1       0       0       0       0   181CD    3039       0       0
  249999969                    31                    31             2.7843813E-05         1.0000000E+30                 0       
 NEXT SEEDS: DA7A728       1       0       0       0       0   181CD    3039       0       0
  249999970                    30                    30             2.7843813E-05         1.0000000E+30                 0       
 NEXT SEEDS: DA7A72C       1       0       0       0       0   181CD    3039       0       0
  249999971                    29                    29             2.7843815E-05         1.0000000E+30                 0       
 NEXT SEEDS: DA7A732       1       0       0       0       0   181CD    3039       0       0
  249999972                    28                    28             2.7843815E-05         1.0000000E+30                 0       
 NEXT SEEDS: DA7A736       1       0       0       0       0   181CD    3039       0       0
  249999973                    27                    27             2.7843816E-05         1.0000000E+30                 0       
 NEXT SEEDS: DA7A73C       1       0       0       0       0   181CD    3039       0       0
  249999974                    26                    26             2.7843816E-05         1.0000000E+30                 0       
 NEXT SEEDS: DA7A740       1       0       0       0       0   181CD    3039       0       0
  249999975                    25                    25             2.7843816E-05         1.0000000E+30                 0       
 NEXT SEEDS: DA7A744       1       0       0       0       0   181CD    3039       0       0
  249999976                    24                    24             2.7843816E-05         1.0000000E+30                 0       
 NEXT SEEDS: DA7A748       1       0       0       0       0   181CD    3039       0       0
  249999977                    23                    23             2.7843816E-05         1.0000000E+30                 0       
 NEXT SEEDS: DA7A74C       1       0       0       0       0   181CD    3039       0       0
  249999978                    22                    22             2.7843816E-05         1.0000000E+30                 0       
 NEXT SEEDS: DA7A750       1       0       0       0       0   181CD    3039       0       0
  249999979                    21                    21             2.7843816E-05         1.0000000E+30                 0       
 NEXT SEEDS: DA7A754       1       0       0       0       0   181CD    3039       0       0
  249999980                    20                    20             2.7843818E-05         1.0000000E+30                 0       
 NEXT SEEDS: DA7A758       1       0       0       0       0   181CD    3039       0       0
  249999981                    19                    19             2.7843817E-05         1.0000000E+30                 0       
 NEXT SEEDS: DA7A75C       1       0       0       0       0   181CD    3039       0       0
  249999982                    18                    18             2.7843819E-05         1.0000000E+30                 0       
 NEXT SEEDS: DA7A760       1       0       0       0       0   181CD    3039       0       0
  249999983                    17                    17             2.7843819E-05         1.0000000E+30                 0       
 NEXT SEEDS: DA7A764       1       0       0       0       0   181CD    3039       0       0
  249999984                    16                    16             2.7843819E-05         1.0000000E+30                 0       
 NEXT SEEDS: DA7A768       1       0       0       0       0   181CD    3039       0       0
  249999985                    15                    15             2.7843821E-05         1.0000000E+30                 0       
 NEXT SEEDS: DA7A76C       1       0       0       0       0   181CD    3039       0       0
  249999986                    14                    14             2.7843821E-05         1.0000000E+30                 0       
 NEXT SEEDS: DA7A770       1       0       0       0       0   181CD    3039       0       0
  249999987                    13                    13             2.7843821E-05         1.0000000E+30                 0       
 NEXT SEEDS: DA7A774       1       0       0       0       0   181CD    3039       0       0
  249999988                    12                    12             2.7843822E-05         1.0000000E+30                 0       
 NEXT SEEDS: DA7A778       1       0       0       0       0   181CD    3039       0       0
  249999989                    11                    11             2.7843822E-05         1.0000000E+30                 0       
 NEXT SEEDS: DA7A77C       1       0       0       0       0   181CD    3039       0       0
  249999990                    10                    10             2.7843822E-05         1.0000000E+30                 0       
 NEXT SEEDS: DA7A780       1       0       0       0       0   181CD    3039       0       0
  249999991                     9                     9             2.7843824E-05         1.0000000E+30                 0       
 NEXT SEEDS: DA7A784       1       0       0       0       0   181CD    3039       0       0
  249999992                     8                     8             2.7843824E-05         1.0000000E+30                 0       
 NEXT SEEDS: DA7A788       1       0       0       0       0   181CD    3039       0       0
  249999993                     7                     7             2.7843824E-05         1.0000000E+30                 0       
 NEXT SEEDS: DA7A78C       1       0       0       0       0   181CD    3039       0       0
  249999994                     6                     6             2.7843824E-05         1.0000000E+30                 0       
 NEXT SEEDS: DA7A790       1       0       0       0       0   181CD    3039       0       0
  249999995                     5                     5             2.7843824E-05         1.0000000E+30                 0       
 NEXT SEEDS: DA7A794       1       0       0       0       0   181CD    3039       0       0
  249999996                     4                     4             2.7843824E-05         1.0000000E+30                 0       
 NEXT SEEDS: DA7A798       1       0       0       0       0   181CD    3039       0       0
  249999997                     3                     3             2.7843823E-05         1.0000000E+30                 0       
 NEXT SEEDS: DA7A79C       1       0       0       0       0   181CD    3039       0       0
  249999998                     2                     2             2.7843825E-05         1.0000000E+30                 0       
 NEXT SEEDS: DA7A7A0       1       0       0       0       0   181CD    3039       0       0
  249999999                     1                     1             2.7843825E-05         1.0000000E+30                 0       
 NEXT SEEDS: DA7A7A4       1       0       0       0       0   181CD    3039       0       0
  250000000                     0                     1             2.7843827E-05         1.0000000E+30                 0       
 NEXT SEEDS: DA7A7CC       1       0       0       0       0   181CD    3039       0       0
