1NUMBER OF BEAM       NUMBER OF BEAM        APPROXIMATE NUMBER    AVERAGE TIME USED     TIME LEFT (RESERVED   NUMBER OF STARS
 PARTICLES HANDLED    PARTICLES LEFT        OF BEAM PARTICLES     BY A BEAM PARTICLE     10000.0 SECONDS      CREATED
                                            THAT CAN STILL BE                           FOR PRINTOUT)
                                            HANDLED

 NEXT SEEDS:       0       0       0       0       0       0   181CD    3039       0       0
          1             249999999             249999999             7.5817108E-05         1.0000000E+30                 0       
 NEXT SEEDS:       4       0       0       0       0       0   181CD    3039       0       0
    5000000             245000000             245000000             3.0232815E-05         1.0000000E+30                 0       
 NEXT SEEDS: 176EBA9       0       0       0       0       0   181CD    3039       0       0
   10000000             240000000             240000000             3.0265419E-05         1.0000000E+30                 0       
 NEXT SEEDS: 2EDE516       0       0       0       0       0   181CD    3039       0       0
   15000000             235000000             235000000             3.0265671E-05         1.0000000E+30                 0       
 NEXT SEEDS: 46532D0       0       0       0       0       0   181CD    3039       0       0
   20000000             230000000             230000000             3.0255170E-05         1.0000000E+30                 0       
 NEXT SEEDS: 5DC152A       0       0       0       0       0   181CD    3039       0       0
   25000000             225000000             225000000             3.0247835E-05         1.0000000E+30                 0       
 NEXT SEEDS: 7531E41       0       0       0       0       0   181CD    3039       0       0
   30000000             220000000             220000000             3.0253744E-05         1.0000000E+30                 0       
 NEXT SEEDS: 8CA342A       0       0       0       0       0   181CD    3039       0       0
   35000000             215000000             215000000             3.0307438E-05         1.0000000E+30                 0       
 NEXT SEEDS: A416286       0       0       0       0       0   181CD    3039       0       0
   40000000             210000000             210000000             3.0303704E-05         1.0000000E+30                 0       
 NEXT SEEDS: BB89F4B       0       0       0       0       0   181CD    3039       0       0
   45000000             205000000             205000000             3.0300821E-05         1.0000000E+30                 0       
 NEXT SEEDS: D30005B       0       0       0       0       0   181CD    3039       0       0
  Oepsmp-> sampling gave unphysical tail: Z=           1  shell=           1  Function=           3
  Oepsmp: p_sampled/(alpha x elmass)=   12.939999581151502       p_max/(alpha x elmass)=   10.699999999999999     
   50000000             200000000             200000000             3.0314745E-05         1.0000000E+30                 0       
 NEXT SEEDS: EA731EA       0       0       0       0       0   181CD    3039       0       0
   55000000             195000000             195000000             3.0310921E-05         1.0000000E+30                 0       
 NEXT SEEDS:101E20FD       0       0       0       0       0   181CD    3039       0       0
   60000000             190000000             190000000             3.0304233E-05         1.0000000E+30                 0       
 NEXT SEEDS:1195479F       0       0       0       0       0   181CD    3039       0       0
   65000000             185000000             185000000             3.0303825E-05         1.0000000E+30                 0       
 NEXT SEEDS:130CB180       0       0       0       0       0   181CD    3039       0       0
   70000000             180000000             180000000             3.0299293E-05         1.0000000E+30                 0       
 NEXT SEEDS:1483D54F       0       0       0       0       0   181CD    3039       0       0
   75000000             175000000             175000000             3.0296391E-05         1.0000000E+30                 0       
 NEXT SEEDS:15FAFFEE       0       0       0       0       0   181CD    3039       0       0
   80000000             170000000             170000000             3.0294877E-05         1.0000000E+30                 0       
 NEXT SEEDS:177218BA       0       0       0       0       0   181CD    3039       0       0
  *** Emfgeo: Ncoun  2000000000
   85000000             165000000             165000000             3.0290060E-05         1.0000000E+30                 0       
 NEXT SEEDS:18E955C7       0       0       0       0       0   181CD    3039       0       0
   90000000             160000000             160000000             3.0291621E-05         1.0000000E+30                 0       
 NEXT SEEDS:1A60B621       0       0       0       0       0   181CD    3039       0       0
   95000000             155000000             155000000             3.0291371E-05         1.0000000E+30                 0       
 NEXT SEEDS:1BD7C456       0       0       0       0       0   181CD    3039       0       0
  100000000             150000000             150000000             3.0289293E-05         1.0000000E+30                 0       
 NEXT SEEDS:1D4EEC60       0       0       0       0       0   181CD    3039       0       0
  105000000             145000000             145000000             3.0288766E-05         1.0000000E+30                 0       
 NEXT SEEDS:1EC5DBC0       0       0       0       0       0   181CD    3039       0       0
  110000000             140000000             140000000             3.0291809E-05         1.0000000E+30                 0       
 NEXT SEEDS:203CE56D       0       0       0       0       0   181CD    3039       0       0
  115000000             135000000             135000000             3.0303393E-05         1.0000000E+30                 0       
 NEXT SEEDS:21B413DE       0       0       0       0       0   181CD    3039       0       0
  120000000             130000000             130000000             3.0312903E-05         1.0000000E+30                 0       
 NEXT SEEDS:232B0543       0       0       0       0       0   181CD    3039       0       0
  125000000             125000000             125000000             3.0320528E-05         1.0000000E+30                 0       
 NEXT SEEDS:24A1D156       0       0       0       0       0   181CD    3039       0       0
  130000000             120000000             120000000             3.0327542E-05         1.0000000E+30                 0       
 NEXT SEEDS:2618C735       0       0       0       0       0   181CD    3039       0       0
  135000000             115000000             115000000             3.0323463E-05         1.0000000E+30                 0       
 NEXT SEEDS:2790434D       0       0       0       0       0   181CD    3039       0       0
  140000000             110000000             110000000             3.0319075E-05         1.0000000E+30                 0       
 NEXT SEEDS:290733CC       0       0       0       0       0   181CD    3039       0       0
  145000000             105000000             105000000             3.0316838E-05         1.0000000E+30                 0       
 NEXT SEEDS:2A7E508E       0       0       0       0       0   181CD    3039       0       0
  150000000             100000000             100000000             3.0315062E-05         1.0000000E+30                 0       
 NEXT SEEDS:2BF563EA       0       0       0       0       0   181CD    3039       0       0
  155000000              95000000              95000000             3.0312620E-05         1.0000000E+30                 0       
 NEXT SEEDS:2D6C687F       0       0       0       0       0   181CD    3039       0       0
  160000000              90000000              90000000             3.0310398E-05         1.0000000E+30                 0       
 NEXT SEEDS:2EE37966       0       0       0       0       0   181CD    3039       0       0
  *** Emfgeo: Ncoun  2000000000
  165000000              85000000              85000000             3.0305377E-05         1.0000000E+30                 0       
 NEXT SEEDS:305A9643       0       0       0       0       0   181CD    3039       0       0
  170000000              80000000              80000000             3.0302700E-05         1.0000000E+30                 0       
 NEXT SEEDS:31D194A0       0       0       0       0       0   181CD    3039       0       0
  175000000              75000000              75000000             3.0299967E-05         1.0000000E+30                 0       
 NEXT SEEDS:3348DE68       0       0       0       0       0   181CD    3039       0       0
  180000000              70000000              70000000             3.0297196E-05         1.0000000E+30                 0       
 NEXT SEEDS:34BFC0D6       0       0       0       0       0   181CD    3039       0       0
  185000000              65000000              65000000             3.0295070E-05         1.0000000E+30                 0       
 NEXT SEEDS:3636C312       0       0       0       0       0   181CD    3039       0       0
  190000000              60000000              60000000             3.0293450E-05         1.0000000E+30                 0       
 NEXT SEEDS:37ADDD85       0       0       0       0       0   181CD    3039       0       0
  195000000              55000000              55000000             3.0293961E-05         1.0000000E+30                 0       
 NEXT SEEDS:39250FFB       0       0       0       0       0   181CD    3039       0       0
  200000000              50000000              50000000             3.0290694E-05         1.0000000E+30                 0       
 NEXT SEEDS:3A9C27B0       0       0       0       0       0   181CD    3039       0       0
  205000000              45000000              45000000             3.0289980E-05         1.0000000E+30                 0       
 NEXT SEEDS:  786EAE       1       0       0       0       0   181CD    3039       0       0
  210000000              40000000              40000000             3.0289972E-05         1.0000000E+30                 0       
 NEXT SEEDS: 1EFADB4       1       0       0       0       0   181CD    3039       0       0
  215000000              35000000              35000000             3.0288016E-05         1.0000000E+30                 0       
 NEXT SEEDS: 366CD71       1       0       0       0       0   181CD    3039       0       0
  220000000              30000000              30000000             3.0288515E-05         1.0000000E+30                 0       
 NEXT SEEDS: 4DE17C8       1       0       0       0       0   181CD    3039       0       0
  225000000              25000000              25000000             3.0285133E-05         1.0000000E+30                 0       
 NEXT SEEDS: 6552EF1       1       0       0       0       0   181CD    3039       0       0
  230000000              20000000              20000000             3.0282985E-05         1.0000000E+30                 0       
 NEXT SEEDS: 7CC4DDA       1       0       0       0       0   181CD    3039       0       0
  235000000              15000000              15000000             3.0279509E-05         1.0000000E+30                 0       
 NEXT SEEDS: 9436140       1       0       0       0       0   181CD    3039       0       0
  240000000              10000000              10000000             3.0278337E-05         1.0000000E+30                 0       
 NEXT SEEDS: ABA4EAB       1       0       0       0       0   181CD    3039       0       0
  *** Emfgeo: Ncoun  2000000000
  245000000               5000000               5000000             3.0276794E-05         1.0000000E+30                 0       
 NEXT SEEDS: C318805       1       0       0       0       0   181CD    3039       0       0
  249999950                    50                    50             3.0275792E-05         1.0000000E+30                 0       
 NEXT SEEDS: DA88FB5       1       0       0       0       0   181CD    3039       0       0
  249999951                    49                    49             3.0275793E-05         1.0000000E+30                 0       
 NEXT SEEDS: DA88FB9       1       0       0       0       0   181CD    3039       0       0
  249999952                    48                    48             3.0275793E-05         1.0000000E+30                 0       
 NEXT SEEDS: DA88FBD       1       0       0       0       0   181CD    3039       0       0
  249999953                    47                    47             3.0275793E-05         1.0000000E+30                 0       
 NEXT SEEDS: DA88FC1       1       0       0       0       0   181CD    3039       0       0
  249999954                    46                    46             3.0275795E-05         1.0000000E+30                 0       
 NEXT SEEDS: DA88FC5       1       0       0       0       0   181CD    3039       0       0
  249999955                    45                    45             3.0275795E-05         1.0000000E+30                 0       
 NEXT SEEDS: DA88FC9       1       0       0       0       0   181CD    3039       0       0
  249999956                    44                    44             3.0275797E-05         1.0000000E+30                 0       
 NEXT SEEDS: DA88FCD       1       0       0       0       0   181CD    3039       0       0
  249999957                    43                    43             3.0275797E-05         1.0000000E+30                 0       
 NEXT SEEDS: DA88FD1       1       0       0       0       0   181CD    3039       0       0
  249999958                    42                    42             3.0275796E-05         1.0000000E+30                 0       
 NEXT SEEDS: DA88FD5       1       0       0       0       0   181CD    3039       0       0
  249999959                    41                    41             3.0275798E-05         1.0000000E+30                 0       
 NEXT SEEDS: DA88FD9       1       0       0       0       0   181CD    3039       0       0
  249999960                    40                    40             3.0275798E-05         1.0000000E+30                 0       
 NEXT SEEDS: DA88FDD       1       0       0       0       0   181CD    3039       0       0
  249999961                    39                    39             3.0275798E-05         1.0000000E+30                 0       
 NEXT SEEDS: DA88FE1       1       0       0       0       0   181CD    3039       0       0
  249999962                    38                    38             3.0275800E-05         1.0000000E+30                 0       
 NEXT SEEDS: DA88FE5       1       0       0       0       0   181CD    3039       0       0
  249999963                    37                    37             3.0275800E-05         1.0000000E+30                 0       
 NEXT SEEDS: DA88FE9       1       0       0       0       0   181CD    3039       0       0
  249999964                    36                    36             3.0275800E-05         1.0000000E+30                 0       
 NEXT SEEDS: DA88FED       1       0       0       0       0   181CD    3039       0       0
  249999965                    35                    35             3.0275801E-05         1.0000000E+30                 0       
 NEXT SEEDS: DA88FF1       1       0       0       0       0   181CD    3039       0       0
  249999966                    34                    34             3.0275801E-05         1.0000000E+30                 0       
 NEXT SEEDS: DA88FF5       1       0       0       0       0   181CD    3039       0       0
  249999967                    33                    33             3.0275801E-05         1.0000000E+30                 0       
 NEXT SEEDS: DA88FF9       1       0       0       0       0   181CD    3039       0       0
  249999968                    32                    32             3.0275803E-05         1.0000000E+30                 0       
 NEXT SEEDS: DA88FFD       1       0       0       0       0   181CD    3039       0       0
  249999969                    31                    31             3.0275803E-05         1.0000000E+30                 0       
 NEXT SEEDS: DA89001       1       0       0       0       0   181CD    3039       0       0
  249999970                    30                    30             3.0275803E-05         1.0000000E+30                 0       
 NEXT SEEDS: DA89005       1       0       0       0       0   181CD    3039       0       0
  249999971                    29                    29             3.0275803E-05         1.0000000E+30                 0       
 NEXT SEEDS: DA8901F       1       0       0       0       0   181CD    3039       0       0
  249999972                    28                    28             3.0275803E-05         1.0000000E+30                 0       
 NEXT SEEDS: DA89023       1       0       0       0       0   181CD    3039       0       0
  249999973                    27                    27             3.0275802E-05         1.0000000E+30                 0       
 NEXT SEEDS: DA89027       1       0       0       0       0   181CD    3039       0       0
  249999974                    26                    26             3.0275802E-05         1.0000000E+30                 0       
 NEXT SEEDS: DA8902B       1       0       0       0       0   181CD    3039       0       0
  249999975                    25                    25             3.0275804E-05         1.0000000E+30                 0       
 NEXT SEEDS: DA8902F       1       0       0       0       0   181CD    3039       0       0
  249999976                    24                    24             3.0275806E-05         1.0000000E+30                 0       
 NEXT SEEDS: DA89033       1       0       0       0       0   181CD    3039       0       0
  249999977                    23                    23             3.0275806E-05         1.0000000E+30                 0       
 NEXT SEEDS: DA89037       1       0       0       0       0   181CD    3039       0       0
  249999978                    22                    22             3.0275806E-05         1.0000000E+30                 0       
 NEXT SEEDS: DA8903B       1       0       0       0       0   181CD    3039       0       0
  249999979                    21                    21             3.0275806E-05         1.0000000E+30                 0       
 NEXT SEEDS: DA8903F       1       0       0       0       0   181CD    3039       0       0
  249999980                    20                    20             3.0275805E-05         1.0000000E+30                 0       
 NEXT SEEDS: DA89043       1       0       0       0       0   181CD    3039       0       0
  249999981                    19                    19             3.0275805E-05         1.0000000E+30                 0       
 NEXT SEEDS: DA89047       1       0       0       0       0   181CD    3039       0       0
  249999982                    18                    18             3.0275805E-05         1.0000000E+30                 0       
 NEXT SEEDS: DA8904B       1       0       0       0       0   181CD    3039       0       0
  249999983                    17                    17             3.0275805E-05         1.0000000E+30                 0       
 NEXT SEEDS: DA8904F       1       0       0       0       0   181CD    3039       0       0
  249999984                    16                    16             3.0275805E-05         1.0000000E+30                 0       
 NEXT SEEDS: DA89053       1       0       0       0       0   181CD    3039       0       0
  249999985                    15                    15             3.0275805E-05         1.0000000E+30                 0       
 NEXT SEEDS: DA89057       1       0       0       0       0   181CD    3039       0       0
  249999986                    14                    14             3.0275805E-05         1.0000000E+30                 0       
 NEXT SEEDS: DA8905B       1       0       0       0       0   181CD    3039       0       0
  249999987                    13                    13             3.0275805E-05         1.0000000E+30                 0       
 NEXT SEEDS: DA8905F       1       0       0       0       0   181CD    3039       0       0
  249999988                    12                    12             3.0275804E-05         1.0000000E+30                 0       
 NEXT SEEDS: DA89063       1       0       0       0       0   181CD    3039       0       0
  249999989                    11                    11             3.0275804E-05         1.0000000E+30                 0       
 NEXT SEEDS: DA89067       1       0       0       0       0   181CD    3039       0       0
  249999990                    10                    10             3.0275804E-05         1.0000000E+30                 0       
 NEXT SEEDS: DA89088       1       0       0       0       0   181CD    3039       0       0
  249999991                     9                     9             3.0275804E-05         1.0000000E+30                 0       
 NEXT SEEDS: DA8908C       1       0       0       0       0   181CD    3039       0       0
  249999992                     8                     8             3.0275804E-05         1.0000000E+30                 0       
 NEXT SEEDS: DA89092       1       0       0       0       0   181CD    3039       0       0
  249999993                     7                     7             3.0275806E-05         1.0000000E+30                 0       
 NEXT SEEDS: DA89096       1       0       0       0       0   181CD    3039       0       0
  249999994                     6                     6             3.0275806E-05         1.0000000E+30                 0       
 NEXT SEEDS: DA8909A       1       0       0       0       0   181CD    3039       0       0
  249999995                     5                     5             3.0275808E-05         1.0000000E+30                 0       
 NEXT SEEDS: DA8909E       1       0       0       0       0   181CD    3039       0       0
  249999996                     4                     4             3.0275807E-05         1.0000000E+30                 0       
 NEXT SEEDS: DA890B8       1       0       0       0       0   181CD    3039       0       0
  249999997                     3                     3             3.0275809E-05         1.0000000E+30                 0       
 NEXT SEEDS: DA890BC       1       0       0       0       0   181CD    3039       0       0
  249999998                     2                     2             3.0275809E-05         1.0000000E+30                 0       
 NEXT SEEDS: DA890C0       1       0       0       0       0   181CD    3039       0       0
  249999999                     1                     1             3.0275809E-05         1.0000000E+30                 0       
 NEXT SEEDS: DA890C4       1       0       0       0       0   181CD    3039       0       0
  250000000                     0                     1             3.0275809E-05         1.0000000E+30                 0       
 NEXT SEEDS: DA890C8       1       0       0       0       0   181CD    3039       0       0
