1NUMBER OF BEAM       NUMBER OF BEAM        APPROXIMATE NUMBER    AVERAGE TIME USED     TIME LEFT (RESERVED   NUMBER OF STARS
 PARTICLES HANDLED    PARTICLES LEFT        OF BEAM PARTICLES     BY A BEAM PARTICLE     10000.0 SECONDS      CREATED
                                            THAT CAN STILL BE                           FOR PRINTOUT)
                                            HANDLED

 NEXT SEEDS:       0       0       0       0       0       0   181CD    3039       0       0
          1             249999999             249999999             7.6055527E-05         1.0000000E+30                 0       
 NEXT SEEDS:       4       0       0       0       0       0   181CD    3039       0       0
 Geofar: Particle in region    26 (cell #    0)
  in position  -1.148535782E+01 -5.335810845E+00 -1.254700000E-01
  is now causing trouble, requesting a step of  2.182223414E+00 cm
  to direction  4.353978700E-01  1.998550205E-01 -8.777736984E-01
  end position -1.053522239E+01 -4.899682539E+00 -2.040968317E+00
  R2:  1.266429317E+01 R3:  1.266491470E+01 cm  error count:  0
  X*U   (2D): -6.067088916E+00 X*U   (3D): -5.956954650E+00 cm
  X*UOLD(2D):  5.256556897E+00 X*UOLD(3D):  5.149566442E+00 cm
  Kloop:    8062851, Irsave:     26, Irsav2:     26, error code:  -3 Nfrom:  5000
  old direction -2.428015577E-01 -4.625152953E-01  8.527174240E-01, lagain, lstnew, lsense, lsnsct  F  F  F  T
  Particle index    7 total energy   5.406883082E-05 GeV  Nsurf    0
 We succeeded in saving the particle:  current region is n.    27 (cell #    0)
    5000000             245000000             245000000             2.7723742E-05         1.0000000E+30                 0       
 NEXT SEEDS: 1770F04       0       0       0       0       0   181CD    3039       0       0
   10000000             240000000             240000000             2.7807811E-05         1.0000000E+30                 0       
 NEXT SEEDS: 2EE06F3       0       0       0       0       0   181CD    3039       0       0
   15000000             235000000             235000000             2.7800711E-05         1.0000000E+30                 0       
 NEXT SEEDS: 4650342       0       0       0       0       0   181CD    3039       0       0
   20000000             230000000             230000000             2.7791498E-05         1.0000000E+30                 0       
 NEXT SEEDS: 5DC2C85       0       0       0       0       0   181CD    3039       0       0
   25000000             225000000             225000000             2.7815523E-05         1.0000000E+30                 0       
 NEXT SEEDS: 75365D2       0       0       0       0       0   181CD    3039       0       0
   30000000             220000000             220000000             2.7850173E-05         1.0000000E+30                 0       
 NEXT SEEDS: 8CA68E1       0       0       0       0       0   181CD    3039       0       0
   35000000             215000000             215000000             2.7834721E-05         1.0000000E+30                 0       
 NEXT SEEDS: A418F7B       0       0       0       0       0   181CD    3039       0       0
   40000000             210000000             210000000             2.7828827E-05         1.0000000E+30                 0       
 NEXT SEEDS: BB89EAF       0       0       0       0       0   181CD    3039       0       0
   45000000             205000000             205000000             2.7820435E-05         1.0000000E+30                 0       
 NEXT SEEDS: D2F9DFE       0       0       0       0       0   181CD    3039       0       0
   50000000             200000000             200000000             2.7820384E-05         1.0000000E+30                 0       
 NEXT SEEDS: EA6DE49       0       0       0       0       0   181CD    3039       0       0
   55000000             195000000             195000000             2.7811213E-05         1.0000000E+30                 0       
 NEXT SEEDS:101E1133       0       0       0       0       0   181CD    3039       0       0
   60000000             190000000             190000000             2.7803854E-05         1.0000000E+30                 0       
 NEXT SEEDS:119568F5       0       0       0       0       0   181CD    3039       0       0
   65000000             185000000             185000000             2.7797636E-05         1.0000000E+30                 0       
 NEXT SEEDS:130CB316       0       0       0       0       0   181CD    3039       0       0
   70000000             180000000             180000000             2.7789971E-05         1.0000000E+30                 0       
 NEXT SEEDS:14839175       0       0       0       0       0   181CD    3039       0       0
   75000000             175000000             175000000             2.7787352E-05         1.0000000E+30                 0       
 NEXT SEEDS:15FA94DF       0       0       0       0       0   181CD    3039       0       0
   80000000             170000000             170000000             2.7785329E-05         1.0000000E+30                 0       
 NEXT SEEDS:1771DA02       0       0       0       0       0   181CD    3039       0       0
  *** Emfgeo: Ncoun  2000000000
   85000000             165000000             165000000             2.7785569E-05         1.0000000E+30                 0       
 NEXT SEEDS:18E920AE       0       0       0       0       0   181CD    3039       0       0
   90000000             160000000             160000000             2.7783473E-05         1.0000000E+30                 0       
 NEXT SEEDS:1A604027       0       0       0       0       0   181CD    3039       0       0
   95000000             155000000             155000000             2.7782169E-05         1.0000000E+30                 0       
 NEXT SEEDS:1BD7A3FF       0       0       0       0       0   181CD    3039       0       0
  100000000             150000000             150000000             2.7779103E-05         1.0000000E+30                 0       
 NEXT SEEDS:1D4E8DD3       0       0       0       0       0   181CD    3039       0       0
  105000000             145000000             145000000             2.7773901E-05         1.0000000E+30                 0       
 NEXT SEEDS:1EC56C0F       0       0       0       0       0   181CD    3039       0       0
  110000000             140000000             140000000             2.7772396E-05         1.0000000E+30                 0       
 NEXT SEEDS:203C331B       0       0       0       0       0   181CD    3039       0       0
  115000000             135000000             135000000             2.7772341E-05         1.0000000E+30                 0       
 NEXT SEEDS:21B340B4       0       0       0       0       0   181CD    3039       0       0
  120000000             130000000             130000000             2.7770487E-05         1.0000000E+30                 0       
 NEXT SEEDS:232A32D0       0       0       0       0       0   181CD    3039       0       0
  125000000             125000000             125000000             2.7773321E-05         1.0000000E+30                 0       
 NEXT SEEDS:24A16E3A       0       0       0       0       0   181CD    3039       0       0
  130000000             120000000             120000000             2.7770869E-05         1.0000000E+30                 0       
 NEXT SEEDS:26188C57       0       0       0       0       0   181CD    3039       0       0
  135000000             115000000             115000000             2.7769503E-05         1.0000000E+30                 0       
 NEXT SEEDS:278F9201       0       0       0       0       0   181CD    3039       0       0
  140000000             110000000             110000000             2.7769513E-05         1.0000000E+30                 0       
 NEXT SEEDS:2906E7AA       0       0       0       0       0   181CD    3039       0       0
  145000000             105000000             105000000             2.7768731E-05         1.0000000E+30                 0       
 NEXT SEEDS:2A7DE60A       0       0       0       0       0   181CD    3039       0       0
  150000000             100000000             100000000             2.7767618E-05         1.0000000E+30                 0       
 NEXT SEEDS:2BF51A95       0       0       0       0       0   181CD    3039       0       0
  155000000              95000000              95000000             2.7775464E-05         1.0000000E+30                 0       
 NEXT SEEDS:2D6C43F2       0       0       0       0       0   181CD    3039       0       0
  160000000              90000000              90000000             2.7777046E-05         1.0000000E+30                 0       
 NEXT SEEDS:2EE37F1B       0       0       0       0       0   181CD    3039       0       0
  *** Emfgeo: Ncoun  2000000000
  165000000              85000000              85000000             2.7775702E-05         1.0000000E+30                 0       
 NEXT SEEDS:305A7A8F       0       0       0       0       0   181CD    3039       0       0
  170000000              80000000              80000000             2.7781498E-05         1.0000000E+30                 0       
 NEXT SEEDS:31D18D54       0       0       0       0       0   181CD    3039       0       0
  175000000              75000000              75000000             2.7785609E-05         1.0000000E+30                 0       
 NEXT SEEDS:3348C5B3       0       0       0       0       0   181CD    3039       0       0
  180000000              70000000              70000000             2.7782726E-05         1.0000000E+30                 0       
 NEXT SEEDS:34BFDA2A       0       0       0       0       0   181CD    3039       0       0
  185000000              65000000              65000000             2.7781855E-05         1.0000000E+30                 0       
 NEXT SEEDS:3636EB44       0       0       0       0       0   181CD    3039       0       0
  190000000              60000000              60000000             2.7782782E-05         1.0000000E+30                 0       
 NEXT SEEDS:37AE2740       0       0       0       0       0   181CD    3039       0       0
  195000000              55000000              55000000             2.7781408E-05         1.0000000E+30                 0       
 NEXT SEEDS:39253407       0       0       0       0       0   181CD    3039       0       0
  200000000              50000000              50000000             2.7779678E-05         1.0000000E+30                 0       
 NEXT SEEDS:3A9C380F       0       0       0       0       0   181CD    3039       0       0
  205000000              45000000              45000000             2.7785464E-05         1.0000000E+30                 0       
 NEXT SEEDS:  78D16F       1       0       0       0       0   181CD    3039       0       0
  210000000              40000000              40000000             2.7790837E-05         1.0000000E+30                 0       
 NEXT SEEDS: 1EFCEE5       1       0       0       0       0   181CD    3039       0       0
  215000000              35000000              35000000             2.7789560E-05         1.0000000E+30                 0       
 NEXT SEEDS: 366C979       1       0       0       0       0   181CD    3039       0       0
  220000000              30000000              30000000             2.7789889E-05         1.0000000E+30                 0       
 NEXT SEEDS: 4DDCAAE       1       0       0       0       0   181CD    3039       0       0
  225000000              25000000              25000000             2.7788518E-05         1.0000000E+30                 0       
 NEXT SEEDS: 6550AD4       1       0       0       0       0   181CD    3039       0       0
  230000000              20000000              20000000             2.7786813E-05         1.0000000E+30                 0       
 NEXT SEEDS: 7CC099D       1       0       0       0       0   181CD    3039       0       0
  235000000              15000000              15000000             2.7785795E-05         1.0000000E+30                 0       
 NEXT SEEDS: 94324C2       1       0       0       0       0   181CD    3039       0       0
  240000000              10000000              10000000             2.7784974E-05         1.0000000E+30                 0       
 NEXT SEEDS: ABA807E       1       0       0       0       0   181CD    3039       0       0
  *** Emfgeo: Ncoun  2000000000
  245000000               5000000               5000000             2.7784555E-05         1.0000000E+30                 0       
 NEXT SEEDS: C31C5EF       1       0       0       0       0   181CD    3039       0       0
  249999950                    50                    50             2.7783326E-05         1.0000000E+30                 0       
 NEXT SEEDS: DA8B4CA       1       0       0       0       0   181CD    3039       0       0
  249999951                    49                    49             2.7783326E-05         1.0000000E+30                 0       
 NEXT SEEDS: DA8B4CE       1       0       0       0       0   181CD    3039       0       0
  249999952                    48                    48             2.7783326E-05         1.0000000E+30                 0       
 NEXT SEEDS: DA8B4D2       1       0       0       0       0   181CD    3039       0       0
  249999953                    47                    47             2.7783326E-05         1.0000000E+30                 0       
 NEXT SEEDS: DA8B4D6       1       0       0       0       0   181CD    3039       0       0
  249999954                    46                    46             2.7783326E-05         1.0000000E+30                 0       
 NEXT SEEDS: DA8B4DA       1       0       0       0       0   181CD    3039       0       0
  249999955                    45                    45             2.7783328E-05         1.0000000E+30                 0       
 NEXT SEEDS: DA8B4DE       1       0       0       0       0   181CD    3039       0       0
  249999956                    44                    44             2.7783328E-05         1.0000000E+30                 0       
 NEXT SEEDS: DA8B4E2       1       0       0       0       0   181CD    3039       0       0
  249999957                    43                    43             2.7783328E-05         1.0000000E+30                 0       
 NEXT SEEDS: DA8B4E6       1       0       0       0       0   181CD    3039       0       0
  249999958                    42                    42             2.7783329E-05         1.0000000E+30                 0       
 NEXT SEEDS: DA8B4EA       1       0       0       0       0   181CD    3039       0       0
  249999959                    41                    41             2.7783329E-05         1.0000000E+30                 0       
 NEXT SEEDS: DA8B4EE       1       0       0       0       0   181CD    3039       0       0
  249999960                    40                    40             2.7783329E-05         1.0000000E+30                 0       
 NEXT SEEDS: DA8B4F2       1       0       0       0       0   181CD    3039       0       0
  249999961                    39                    39             2.7783331E-05         1.0000000E+30                 0       
 NEXT SEEDS: DA8B4F8       1       0       0       0       0   181CD    3039       0       0
  249999962                    38                    38             2.7783331E-05         1.0000000E+30                 0       
 NEXT SEEDS: DA8B4FC       1       0       0       0       0   181CD    3039       0       0
  249999963                    37                    37             2.7783333E-05         1.0000000E+30                 0       
 NEXT SEEDS: DA8B500       1       0       0       0       0   181CD    3039       0       0
  249999964                    36                    36             2.7783333E-05         1.0000000E+30                 0       
 NEXT SEEDS: DA8B504       1       0       0       0       0   181CD    3039       0       0
  249999965                    35                    35             2.7783333E-05         1.0000000E+30                 0       
 NEXT SEEDS: DA8B508       1       0       0       0       0   181CD    3039       0       0
  249999966                    34                    34             2.7783334E-05         1.0000000E+30                 0       
 NEXT SEEDS: DA8B50C       1       0       0       0       0   181CD    3039       0       0
  249999967                    33                    33             2.7783334E-05         1.0000000E+30                 0       
 NEXT SEEDS: DA8B510       1       0       0       0       0   181CD    3039       0       0
  249999968                    32                    32             2.7783336E-05         1.0000000E+30                 0       
 NEXT SEEDS: DA8B514       1       0       0       0       0   181CD    3039       0       0
  249999969                    31                    31             2.7783336E-05         1.0000000E+30                 0       
 NEXT SEEDS: DA8B518       1       0       0       0       0   181CD    3039       0       0
  249999970                    30                    30             2.7783338E-05         1.0000000E+30                 0       
 NEXT SEEDS: DA8B51C       1       0       0       0       0   181CD    3039       0       0
  249999971                    29                    29             2.7783338E-05         1.0000000E+30                 0       
 NEXT SEEDS: DA8B520       1       0       0       0       0   181CD    3039       0       0
  249999972                    28                    28             2.7783340E-05         1.0000000E+30                 0       
 NEXT SEEDS: DA8B524       1       0       0       0       0   181CD    3039       0       0
  249999973                    27                    27             2.7783339E-05         1.0000000E+30                 0       
 NEXT SEEDS: DA8B528       1       0       0       0       0   181CD    3039       0       0
  249999974                    26                    26             2.7783341E-05         1.0000000E+30                 0       
 NEXT SEEDS: DA8B52E       1       0       0       0       0   181CD    3039       0       0
  249999975                    25                    25             2.7783341E-05         1.0000000E+30                 0       
 NEXT SEEDS: DA8B532       1       0       0       0       0   181CD    3039       0       0
  249999976                    24                    24             2.7783341E-05         1.0000000E+30                 0       
 NEXT SEEDS: DA8B536       1       0       0       0       0   181CD    3039       0       0
  249999977                    23                    23             2.7783343E-05         1.0000000E+30                 0       
 NEXT SEEDS: DA8B53A       1       0       0       0       0   181CD    3039       0       0
  249999978                    22                    22             2.7783343E-05         1.0000000E+30                 0       
 NEXT SEEDS: DA8B540       1       0       0       0       0   181CD    3039       0       0
  249999979                    21                    21             2.7783345E-05         1.0000000E+30                 0       
 NEXT SEEDS: DA8B544       1       0       0       0       0   181CD    3039       0       0
  249999980                    20                    20             2.7783345E-05         1.0000000E+30                 0       
 NEXT SEEDS: DA8B548       1       0       0       0       0   181CD    3039       0       0
  249999981                    19                    19             2.7783344E-05         1.0000000E+30                 0       
 NEXT SEEDS: DA8B54C       1       0       0       0       0   181CD    3039       0       0
  249999982                    18                    18             2.7783346E-05         1.0000000E+30                 0       
 NEXT SEEDS: DA8B550       1       0       0       0       0   181CD    3039       0       0
  249999983                    17                    17             2.7783346E-05         1.0000000E+30                 0       
 NEXT SEEDS: DA8B554       1       0       0       0       0   181CD    3039       0       0
  249999984                    16                    16             2.7783346E-05         1.0000000E+30                 0       
 NEXT SEEDS: DA8B558       1       0       0       0       0   181CD    3039       0       0
  249999985                    15                    15             2.7783346E-05         1.0000000E+30                 0       
 NEXT SEEDS: DA8B55C       1       0       0       0       0   181CD    3039       0       0
  249999986                    14                    14             2.7783346E-05         1.0000000E+30                 0       
 NEXT SEEDS: DA8B560       1       0       0       0       0   181CD    3039       0       0
  249999987                    13                    13             2.7783346E-05         1.0000000E+30                 0       
 NEXT SEEDS: DA8B564       1       0       0       0       0   181CD    3039       0       0
  249999988                    12                    12             2.7783346E-05         1.0000000E+30                 0       
 NEXT SEEDS: DA8B568       1       0       0       0       0   181CD    3039       0       0
  249999989                    11                    11             2.7783346E-05         1.0000000E+30                 0       
 NEXT SEEDS: DA8B56C       1       0       0       0       0   181CD    3039       0       0
  249999990                    10                    10             2.7783345E-05         1.0000000E+30                 0       
 NEXT SEEDS: DA8B570       1       0       0       0       0   181CD    3039       0       0
  249999991                     9                     9             2.7783345E-05         1.0000000E+30                 0       
 NEXT SEEDS: DA8B574       1       0       0       0       0   181CD    3039       0       0
  249999992                     8                     8             2.7783345E-05         1.0000000E+30                 0       
 NEXT SEEDS: DA8B57A       1       0       0       0       0   181CD    3039       0       0
  249999993                     7                     7             2.7783347E-05         1.0000000E+30                 0       
 NEXT SEEDS: DA8B580       1       0       0       0       0   181CD    3039       0       0
  249999994                     6                     6             2.7783347E-05         1.0000000E+30                 0       
 NEXT SEEDS: DA8B584       1       0       0       0       0   181CD    3039       0       0
  249999995                     5                     5             2.7783347E-05         1.0000000E+30                 0       
 NEXT SEEDS: DA8B588       1       0       0       0       0   181CD    3039       0       0
  249999996                     4                     4             2.7783349E-05         1.0000000E+30                 0       
 NEXT SEEDS: DA8B58C       1       0       0       0       0   181CD    3039       0       0
  249999997                     3                     3             2.7783349E-05         1.0000000E+30                 0       
 NEXT SEEDS: DA8B59E       1       0       0       0       0   181CD    3039       0       0
  249999998                     2                     2             2.7783350E-05         1.0000000E+30                 0       
 NEXT SEEDS: DA8B5B2       1       0       0       0       0   181CD    3039       0       0
  249999999                     1                     1             2.7783350E-05         1.0000000E+30                 0       
 NEXT SEEDS: DA8B5B6       1       0       0       0       0   181CD    3039       0       0
  250000000                     0                     1             2.7783352E-05         1.0000000E+30                 0       
 NEXT SEEDS: DA8B5D3       1       0       0       0       0   181CD    3039       0       0
