1NUMBER OF BEAM       NUMBER OF BEAM        APPROXIMATE NUMBER    AVERAGE TIME USED     TIME LEFT (RESERVED   NUMBER OF STARS
 PARTICLES HANDLED    PARTICLES LEFT        OF BEAM PARTICLES     BY A BEAM PARTICLE     10000.0 SECONDS      CREATED
                                            THAT CAN STILL BE                           FOR PRINTOUT)
                                            HANDLED

 NEXT SEEDS:       0       0       0       0       0       0   181CD    3039       0       0
          1             249999999             249999999             0.0000000E+00         1.0000000E+30                 0       
 NEXT SEEDS:       4       0       0       0       0       0   181CD    3039       0       0
    5000000             245000000             245000000             2.8618564E-05         1.0000000E+30                 0       
 NEXT SEEDS: 177205C       0       0       0       0       0   181CD    3039       0       0
   10000000             240000000             240000000             2.8638803E-05         1.0000000E+30                 0       
 NEXT SEEDS: 2EE55AC       0       0       0       0       0   181CD    3039       0       0
   15000000             235000000             235000000             2.8627771E-05         1.0000000E+30                 0       
 NEXT SEEDS: 465A880       0       0       0       0       0   181CD    3039       0       0
   20000000             230000000             230000000             2.8596973E-05         1.0000000E+30                 0       
 NEXT SEEDS: 5DCB849       0       0       0       0       0   181CD    3039       0       0
   25000000             225000000             225000000             2.8601233E-05         1.0000000E+30                 0       
 NEXT SEEDS: 753E0C8       0       0       0       0       0   181CD    3039       0       0
   30000000             220000000             220000000             2.8612976E-05         1.0000000E+30                 0       
 NEXT SEEDS: 8CB05E6       0       0       0       0       0   181CD    3039       0       0
   35000000             215000000             215000000             2.8590203E-05         1.0000000E+30                 0       
 NEXT SEEDS: A424A35       0       0       0       0       0   181CD    3039       0       0
   40000000             210000000             210000000             2.8595049E-05         1.0000000E+30                 0       
 NEXT SEEDS: BB9506A       0       0       0       0       0   181CD    3039       0       0
   45000000             205000000             205000000             2.8579868E-05         1.0000000E+30                 0       
 NEXT SEEDS: D309EDD       0       0       0       0       0   181CD    3039       0       0
   50000000             200000000             200000000             2.8573656E-05         1.0000000E+30                 0       
 NEXT SEEDS: EA7EDCD       0       0       0       0       0   181CD    3039       0       0
   55000000             195000000             195000000             2.8562497E-05         1.0000000E+30                 0       
 NEXT SEEDS:101F0A17       0       0       0       0       0   181CD    3039       0       0
   60000000             190000000             190000000             2.8566149E-05         1.0000000E+30                 0       
 NEXT SEEDS:11964DED       0       0       0       0       0   181CD    3039       0       0
   65000000             185000000             185000000             2.8562092E-05         1.0000000E+30                 0       
 NEXT SEEDS:130DA510       0       0       0       0       0   181CD    3039       0       0
   70000000             180000000             180000000             2.8559238E-05         1.0000000E+30                 0       
 NEXT SEEDS:14848F98       0       0       0       0       0   181CD    3039       0       0
   75000000             175000000             175000000             2.8566591E-05         1.0000000E+30                 0       
 NEXT SEEDS:15FBC84B       0       0       0       0       0   181CD    3039       0       0
   80000000             170000000             170000000             2.8556066E-05         1.0000000E+30                 0       
 NEXT SEEDS:17730BA9       0       0       0       0       0   181CD    3039       0       0
  *** Emfgeo: Ncoun  2000000000
   85000000             165000000             165000000             2.8560885E-05         1.0000000E+30                 0       
 NEXT SEEDS:18EA246E       0       0       0       0       0   181CD    3039       0       0
   90000000             160000000             160000000             2.8565462E-05         1.0000000E+30                 0       
 NEXT SEEDS:1A616BAC       0       0       0       0       0   181CD    3039       0       0
   95000000             155000000             155000000             2.8569161E-05         1.0000000E+30                 0       
 NEXT SEEDS:1BD8A0AF       0       0       0       0       0   181CD    3039       0       0
  100000000             150000000             150000000             2.8573381E-05         1.0000000E+30                 0       
 NEXT SEEDS:1D4F9ADC       0       0       0       0       0   181CD    3039       0       0
  105000000             145000000             145000000             2.8573030E-05         1.0000000E+30                 0       
 NEXT SEEDS:1EC6ADF0       0       0       0       0       0   181CD    3039       0       0
  110000000             140000000             140000000             2.8571710E-05         1.0000000E+30                 0       
 NEXT SEEDS:203D89EC       0       0       0       0       0   181CD    3039       0       0
  115000000             135000000             135000000             2.8568913E-05         1.0000000E+30                 0       
 NEXT SEEDS:21B4758A       0       0       0       0       0   181CD    3039       0       0
  120000000             130000000             130000000             2.8560813E-05         1.0000000E+30                 0       
 NEXT SEEDS:232B711B       0       0       0       0       0   181CD    3039       0       0
  125000000             125000000             125000000             2.8564601E-05         1.0000000E+30                 0       
 NEXT SEEDS:24A2CF95       0       0       0       0       0   181CD    3039       0       0
  130000000             120000000             120000000             2.8568554E-05         1.0000000E+30                 0       
 NEXT SEEDS:2619FF4E       0       0       0       0       0   181CD    3039       0       0
  135000000             115000000             115000000             2.8567015E-05         1.0000000E+30                 0       
 NEXT SEEDS:2790F362       0       0       0       0       0   181CD    3039       0       0
  140000000             110000000             110000000             2.8564695E-05         1.0000000E+30                 0       
 NEXT SEEDS:290855FA       0       0       0       0       0   181CD    3039       0       0
  145000000             105000000             105000000             2.8567005E-05         1.0000000E+30                 0       
 NEXT SEEDS:2A7F5585       0       0       0       0       0   181CD    3039       0       0
  150000000             100000000             100000000             2.8565901E-05         1.0000000E+30                 0       
 NEXT SEEDS:2BF67D68       0       0       0       0       0   181CD    3039       0       0
  155000000              95000000              95000000             2.8569024E-05         1.0000000E+30                 0       
 NEXT SEEDS:2D6DAF0B       0       0       0       0       0   181CD    3039       0       0
  160000000              90000000              90000000             2.8568191E-05         1.0000000E+30                 0       
 NEXT SEEDS:2EE4DAAC       0       0       0       0       0   181CD    3039       0       0
  *** Emfgeo: Ncoun  2000000000
  165000000              85000000              85000000             2.8565861E-05         1.0000000E+30                 0       
 NEXT SEEDS:305C1A91       0       0       0       0       0   181CD    3039       0       0
  170000000              80000000              80000000             2.8562442E-05         1.0000000E+30                 0       
 NEXT SEEDS:31D32648       0       0       0       0       0   181CD    3039       0       0
  175000000              75000000              75000000             2.8561559E-05         1.0000000E+30                 0       
 NEXT SEEDS:334A9742       0       0       0       0       0   181CD    3039       0       0
  180000000              70000000              70000000             2.8563956E-05         1.0000000E+30                 0       
 NEXT SEEDS:34C1B61B       0       0       0       0       0   181CD    3039       0       0
  185000000              65000000              65000000             2.8563323E-05         1.0000000E+30                 0       
 NEXT SEEDS:363896C5       0       0       0       0       0   181CD    3039       0       0
  190000000              60000000              60000000             2.8569510E-05         1.0000000E+30                 0       
 NEXT SEEDS:37B011BD       0       0       0       0       0   181CD    3039       0       0
  195000000              55000000              55000000             2.8572986E-05         1.0000000E+30                 0       
 NEXT SEEDS:39272F16       0       0       0       0       0   181CD    3039       0       0
  200000000              50000000              50000000             2.8572348E-05         1.0000000E+30                 0       
 NEXT SEEDS:3A9E401C       0       0       0       0       0   181CD    3039       0       0
  205000000              45000000              45000000             2.8571620E-05         1.0000000E+30                 0       
 NEXT SEEDS:  7A8C81       1       0       0       0       0   181CD    3039       0       0
  210000000              40000000              40000000             2.8571810E-05         1.0000000E+30                 0       
 NEXT SEEDS: 1F1BD01       1       0       0       0       0   181CD    3039       0       0
  215000000              35000000              35000000             2.8574250E-05         1.0000000E+30                 0       
 NEXT SEEDS: 368F29F       1       0       0       0       0   181CD    3039       0       0
  220000000              30000000              30000000             2.8571005E-05         1.0000000E+30                 0       
 NEXT SEEDS: 4DFCF8A       1       0       0       0       0   181CD    3039       0       0
  225000000              25000000              25000000             2.8570746E-05         1.0000000E+30                 0       
 NEXT SEEDS: 6572837       1       0       0       0       0   181CD    3039       0       0
  230000000              20000000              20000000             2.8568332E-05         1.0000000E+30                 0       
 NEXT SEEDS: 7CE3910       1       0       0       0       0   181CD    3039       0       0
  235000000              15000000              15000000             2.8565639E-05         1.0000000E+30                 0       
 NEXT SEEDS: 94531FE       1       0       0       0       0   181CD    3039       0       0
  240000000              10000000              10000000             2.8566626E-05         1.0000000E+30                 0       
 NEXT SEEDS: ABC21F9       1       0       0       0       0   181CD    3039       0       0
  *** Emfgeo: Ncoun  2000000000
  245000000               5000000               5000000             2.8565553E-05         1.0000000E+30                 0       
 NEXT SEEDS: C33419C       1       0       0       0       0   181CD    3039       0       0
  249999950                    50                    50             2.8566478E-05         1.0000000E+30                 0       
 NEXT SEEDS: DAA6E53       1       0       0       0       0   181CD    3039       0       0
  249999951                    49                    49             2.8566480E-05         1.0000000E+30                 0       
 NEXT SEEDS: DAA6E57       1       0       0       0       0   181CD    3039       0       0
  249999952                    48                    48             2.8566480E-05         1.0000000E+30                 0       
 NEXT SEEDS: DAA6E5B       1       0       0       0       0   181CD    3039       0       0
  249999953                    47                    47             2.8566482E-05         1.0000000E+30                 0       
 NEXT SEEDS: DAA6E5F       1       0       0       0       0   181CD    3039       0       0
  249999954                    46                    46             2.8566482E-05         1.0000000E+30                 0       
 NEXT SEEDS: DAA6E63       1       0       0       0       0   181CD    3039       0       0
  249999955                    45                    45             2.8566481E-05         1.0000000E+30                 0       
 NEXT SEEDS: DAA6E67       1       0       0       0       0   181CD    3039       0       0
  249999956                    44                    44             2.8566481E-05         1.0000000E+30                 0       
 NEXT SEEDS: DAA6E6B       1       0       0       0       0   181CD    3039       0       0
  249999957                    43                    43             2.8566481E-05         1.0000000E+30                 0       
 NEXT SEEDS: DAA6E6F       1       0       0       0       0   181CD    3039       0       0
  249999958                    42                    42             2.8566481E-05         1.0000000E+30                 0       
 NEXT SEEDS: DAA6E73       1       0       0       0       0   181CD    3039       0       0
  249999959                    41                    41             2.8566483E-05         1.0000000E+30                 0       
 NEXT SEEDS: DAA6E77       1       0       0       0       0   181CD    3039       0       0
  249999960                    40                    40             2.8566483E-05         1.0000000E+30                 0       
 NEXT SEEDS: DAA6E7D       1       0       0       0       0   181CD    3039       0       0
  249999961                    39                    39             2.8566483E-05         1.0000000E+30                 0       
 NEXT SEEDS: DAA6E81       1       0       0       0       0   181CD    3039       0       0
  249999962                    38                    38             2.8566485E-05         1.0000000E+30                 0       
 NEXT SEEDS: DAA6E85       1       0       0       0       0   181CD    3039       0       0
  249999963                    37                    37             2.8566486E-05         1.0000000E+30                 0       
 NEXT SEEDS: DAA6E89       1       0       0       0       0   181CD    3039       0       0
  249999964                    36                    36             2.8566486E-05         1.0000000E+30                 0       
 NEXT SEEDS: DAA6E8D       1       0       0       0       0   181CD    3039       0       0
  249999965                    35                    35             2.8566486E-05         1.0000000E+30                 0       
 NEXT SEEDS: DAA6E91       1       0       0       0       0   181CD    3039       0       0
  249999966                    34                    34             2.8566488E-05         1.0000000E+30                 0       
 NEXT SEEDS: DAA6E97       1       0       0       0       0   181CD    3039       0       0
  249999967                    33                    33             2.8566488E-05         1.0000000E+30                 0       
 NEXT SEEDS: DAA6E9B       1       0       0       0       0   181CD    3039       0       0
  249999968                    32                    32             2.8566488E-05         1.0000000E+30                 0       
 NEXT SEEDS: DAA6E9F       1       0       0       0       0   181CD    3039       0       0
  249999969                    31                    31             2.8566490E-05         1.0000000E+30                 0       
 NEXT SEEDS: DAA6EB5       1       0       0       0       0   181CD    3039       0       0
  249999970                    30                    30             2.8566491E-05         1.0000000E+30                 0       
 NEXT SEEDS: DAA6EB9       1       0       0       0       0   181CD    3039       0       0
  249999971                    29                    29             2.8566491E-05         1.0000000E+30                 0       
 NEXT SEEDS: DAA6EBD       1       0       0       0       0   181CD    3039       0       0
  249999972                    28                    28             2.8566491E-05         1.0000000E+30                 0       
 NEXT SEEDS: DAA6EC1       1       0       0       0       0   181CD    3039       0       0
  249999973                    27                    27             2.8566493E-05         1.0000000E+30                 0       
 NEXT SEEDS: DAA6EC5       1       0       0       0       0   181CD    3039       0       0
  249999974                    26                    26             2.8566493E-05         1.0000000E+30                 0       
 NEXT SEEDS: DAA6ECB       1       0       0       0       0   181CD    3039       0       0
  249999975                    25                    25             2.8566493E-05         1.0000000E+30                 0       
 NEXT SEEDS: DAA6ECF       1       0       0       0       0   181CD    3039       0       0
  249999976                    24                    24             2.8566495E-05         1.0000000E+30                 0       
 NEXT SEEDS: DAA6ED3       1       0       0       0       0   181CD    3039       0       0
  249999977                    23                    23             2.8566497E-05         1.0000000E+30                 0       
 NEXT SEEDS: DAA6ED7       1       0       0       0       0   181CD    3039       0       0
  249999978                    22                    22             2.8566496E-05         1.0000000E+30                 0       
 NEXT SEEDS: DAA6EDB       1       0       0       0       0   181CD    3039       0       0
  249999979                    21                    21             2.8566496E-05         1.0000000E+30                 0       
 NEXT SEEDS: DAA6EDF       1       0       0       0       0   181CD    3039       0       0
  249999980                    20                    20             2.8566496E-05         1.0000000E+30                 0       
 NEXT SEEDS: DAA6EE3       1       0       0       0       0   181CD    3039       0       0
  249999981                    19                    19             2.8566496E-05         1.0000000E+30                 0       
 NEXT SEEDS: DAA6EE7       1       0       0       0       0   181CD    3039       0       0
  249999982                    18                    18             2.8566496E-05         1.0000000E+30                 0       
 NEXT SEEDS: DAA6EED       1       0       0       0       0   181CD    3039       0       0
  249999983                    17                    17             2.8566496E-05         1.0000000E+30                 0       
 NEXT SEEDS: DAA6EF1       1       0       0       0       0   181CD    3039       0       0
  249999984                    16                    16             2.8566496E-05         1.0000000E+30                 0       
 NEXT SEEDS: DAA6EF5       1       0       0       0       0   181CD    3039       0       0
  249999985                    15                    15             2.8566496E-05         1.0000000E+30                 0       
 NEXT SEEDS: DAA6EF9       1       0       0       0       0   181CD    3039       0       0
  249999986                    14                    14             2.8566495E-05         1.0000000E+30                 0       
 NEXT SEEDS: DAA6EFD       1       0       0       0       0   181CD    3039       0       0
  249999987                    13                    13             2.8566495E-05         1.0000000E+30                 0       
 NEXT SEEDS: DAA6F01       1       0       0       0       0   181CD    3039       0       0
  249999988                    12                    12             2.8566495E-05         1.0000000E+30                 0       
 NEXT SEEDS: DAA6F05       1       0       0       0       0   181CD    3039       0       0
  249999989                    11                    11             2.8566495E-05         1.0000000E+30                 0       
 NEXT SEEDS: DAA6F09       1       0       0       0       0   181CD    3039       0       0
  249999990                    10                    10             2.8566495E-05         1.0000000E+30                 0       
 NEXT SEEDS: DAA6F0D       1       0       0       0       0   181CD    3039       0       0
  249999991                     9                     9             2.8566495E-05         1.0000000E+30                 0       
 NEXT SEEDS: DAA6F11       1       0       0       0       0   181CD    3039       0       0
  249999992                     8                     8             2.8566495E-05         1.0000000E+30                 0       
 NEXT SEEDS: DAA6F15       1       0       0       0       0   181CD    3039       0       0
  249999993                     7                     7             2.8566495E-05         1.0000000E+30                 0       
 NEXT SEEDS: DAA6F19       1       0       0       0       0   181CD    3039       0       0
  249999994                     6                     6             2.8566495E-05         1.0000000E+30                 0       
 NEXT SEEDS: DAA6F1D       1       0       0       0       0   181CD    3039       0       0
  249999995                     5                     5             2.8566496E-05         1.0000000E+30                 0       
 NEXT SEEDS: DAA6F21       1       0       0       0       0   181CD    3039       0       0
  249999996                     4                     4             2.8566496E-05         1.0000000E+30                 0       
 NEXT SEEDS: DAA6F25       1       0       0       0       0   181CD    3039       0       0
  249999997                     3                     3             2.8566498E-05         1.0000000E+30                 0       
 NEXT SEEDS: DAA6F29       1       0       0       0       0   181CD    3039       0       0
  249999998                     2                     2             2.8566498E-05         1.0000000E+30                 0       
 NEXT SEEDS: DAA6F37       1       0       0       0       0   181CD    3039       0       0
  249999999                     1                     1             2.8566500E-05         1.0000000E+30                 0       
 NEXT SEEDS: DAA6F3B       1       0       0       0       0   181CD    3039       0       0
  250000000                     0                     1             2.8566500E-05         1.0000000E+30                 0       
 NEXT SEEDS: DAA6F3F       1       0       0       0       0   181CD    3039       0       0
