1NUMBER OF BEAM       NUMBER OF BEAM        APPROXIMATE NUMBER    AVERAGE TIME USED     TIME LEFT (RESERVED   NUMBER OF STARS
 PARTICLES HANDLED    PARTICLES LEFT        OF BEAM PARTICLES     BY A BEAM PARTICLE     10000.0 SECONDS      CREATED
                                            THAT CAN STILL BE                           FOR PRINTOUT)
                                            HANDLED

 NEXT SEEDS:       0       0       0       0       0       0   181CD    3039       0       0
          1             249999999             249999999             7.7009201E-05         1.0000000E+30                 0       
 NEXT SEEDS:       4       0       0       0       0       0   181CD    3039       0       0
    5000000             245000000             245000000             2.7850460E-05         1.0000000E+30                 0       
 NEXT SEEDS: 17731D1       0       0       0       0       0   181CD    3039       0       0
   10000000             240000000             240000000             2.7829983E-05         1.0000000E+30                 0       
 NEXT SEEDS: 2EE265C       0       0       0       0       0   181CD    3039       0       0
   15000000             235000000             235000000             2.7858433E-05         1.0000000E+30                 0       
 NEXT SEEDS: 465611A       0       0       0       0       0   181CD    3039       0       0
   20000000             230000000             230000000             2.7860823E-05         1.0000000E+30                 0       
 NEXT SEEDS: 5DC7CAF       0       0       0       0       0   181CD    3039       0       0
   25000000             225000000             225000000             2.7854147E-05         1.0000000E+30                 0       
 NEXT SEEDS: 7539D07       0       0       0       0       0   181CD    3039       0       0
   30000000             220000000             220000000             2.7834895E-05         1.0000000E+30                 0       
 NEXT SEEDS: 8CAA741       0       0       0       0       0   181CD    3039       0       0
   35000000             215000000             215000000             2.7842218E-05         1.0000000E+30                 0       
 NEXT SEEDS: A41BD1F       0       0       0       0       0   181CD    3039       0       0
   40000000             210000000             210000000             2.7840613E-05         1.0000000E+30                 0       
 NEXT SEEDS: BB8F932       0       0       0       0       0   181CD    3039       0       0
   45000000             205000000             205000000             2.7840070E-05         1.0000000E+30                 0       
 NEXT SEEDS: D303286       0       0       0       0       0   181CD    3039       0       0
   50000000             200000000             200000000             2.7843013E-05         1.0000000E+30                 0       
 NEXT SEEDS: EA75250       0       0       0       0       0   181CD    3039       0       0
   55000000             195000000             195000000             2.7845244E-05         1.0000000E+30                 0       
 NEXT SEEDS:101E8F0A       0       0       0       0       0   181CD    3039       0       0
   60000000             190000000             190000000             2.7842788E-05         1.0000000E+30                 0       
 NEXT SEEDS:11957D1C       0       0       0       0       0   181CD    3039       0       0
   65000000             185000000             185000000             2.7845572E-05         1.0000000E+30                 0       
 NEXT SEEDS:130CA83A       0       0       0       0       0   181CD    3039       0       0
   70000000             180000000             180000000             2.7843473E-05         1.0000000E+30                 0       
 NEXT SEEDS:148390DD       0       0       0       0       0   181CD    3039       0       0
   75000000             175000000             175000000             2.7840974E-05         1.0000000E+30                 0       
 NEXT SEEDS:15FAC6E9       0       0       0       0       0   181CD    3039       0       0
   80000000             170000000             170000000             2.7840805E-05         1.0000000E+30                 0       
 NEXT SEEDS:1771FC88       0       0       0       0       0   181CD    3039       0       0
  *** Emfgeo: Ncoun  2000000000
   85000000             165000000             165000000             2.7839387E-05         1.0000000E+30                 0       
 NEXT SEEDS:18E8DC83       0       0       0       0       0   181CD    3039       0       0
   90000000             160000000             160000000             2.7839407E-05         1.0000000E+30                 0       
 NEXT SEEDS:1A5FD021       0       0       0       0       0   181CD    3039       0       0
   95000000             155000000             155000000             2.7842383E-05         1.0000000E+30                 0       
 NEXT SEEDS:1BD6F53F       0       0       0       0       0   181CD    3039       0       0
  100000000             150000000             150000000             2.7843806E-05         1.0000000E+30                 0       
 NEXT SEEDS:1D4E215F       0       0       0       0       0   181CD    3039       0       0
  105000000             145000000             145000000             2.7847808E-05         1.0000000E+30                 0       
 NEXT SEEDS:1EC574C9       0       0       0       0       0   181CD    3039       0       0
  110000000             140000000             140000000             2.7843477E-05         1.0000000E+30                 0       
 NEXT SEEDS:203C68D3       0       0       0       0       0   181CD    3039       0       0
  115000000             135000000             135000000             2.7844810E-05         1.0000000E+30                 0       
 NEXT SEEDS:21B37948       0       0       0       0       0   181CD    3039       0       0
  120000000             130000000             130000000             2.7843138E-05         1.0000000E+30                 0       
 NEXT SEEDS:232A5C82       0       0       0       0       0   181CD    3039       0       0
  125000000             125000000             125000000             2.7849520E-05         1.0000000E+30                 0       
 NEXT SEEDS:24A16F19       0       0       0       0       0   181CD    3039       0       0
  130000000             120000000             120000000             2.7860455E-05         1.0000000E+30                 0       
 NEXT SEEDS:2618C8B1       0       0       0       0       0   181CD    3039       0       0
  135000000             115000000             115000000             2.7860185E-05         1.0000000E+30                 0       
 NEXT SEEDS:278FD0FB       0       0       0       0       0   181CD    3039       0       0
  140000000             110000000             110000000             2.7860467E-05         1.0000000E+30                 0       
 NEXT SEEDS:290729E4       0       0       0       0       0   181CD    3039       0       0
  145000000             105000000             105000000             2.7859970E-05         1.0000000E+30                 0       
 NEXT SEEDS:2A7E53E6       0       0       0       0       0   181CD    3039       0       0
  150000000             100000000             100000000             2.7858298E-05         1.0000000E+30                 0       
 NEXT SEEDS:2BF56FC6       0       0       0       0       0   181CD    3039       0       0
  155000000              95000000              95000000             2.7856956E-05         1.0000000E+30                 0       
 NEXT SEEDS:2D6C9B02       0       0       0       0       0   181CD    3039       0       0
  160000000              90000000              90000000             2.7855631E-05         1.0000000E+30                 0       
 NEXT SEEDS:2EE39F11       0       0       0       0       0   181CD    3039       0       0
  *** Emfgeo: Ncoun  2000000000
  165000000              85000000              85000000             2.7853093E-05         1.0000000E+30                 0       
 NEXT SEEDS:305AD228       0       0       0       0       0   181CD    3039       0       0
  170000000              80000000              80000000             2.7851815E-05         1.0000000E+30                 0       
 NEXT SEEDS:31D1C617       0       0       0       0       0   181CD    3039       0       0
  175000000              75000000              75000000             2.7849573E-05         1.0000000E+30                 0       
 NEXT SEEDS:3348D402       0       0       0       0       0   181CD    3039       0       0
  180000000              70000000              70000000             2.7847353E-05         1.0000000E+30                 0       
 NEXT SEEDS:34C009DA       0       0       0       0       0   181CD    3039       0       0
  185000000              65000000              65000000             2.7851190E-05         1.0000000E+30                 0       
 NEXT SEEDS:3636D718       0       0       0       0       0   181CD    3039       0       0
  190000000              60000000              60000000             2.7857450E-05         1.0000000E+30                 0       
 NEXT SEEDS:37AE1767       0       0       0       0       0   181CD    3039       0       0
  195000000              55000000              55000000             2.7857512E-05         1.0000000E+30                 0       
 NEXT SEEDS:39253C77       0       0       0       0       0   181CD    3039       0       0
  200000000              50000000              50000000             2.7857620E-05         1.0000000E+30                 0       
 NEXT SEEDS:3A9C864A       0       0       0       0       0   181CD    3039       0       0
  205000000              45000000              45000000             2.7857346E-05         1.0000000E+30                 0       
 NEXT SEEDS:  78C8C0       1       0       0       0       0   181CD    3039       0       0
  210000000              40000000              40000000             2.7857008E-05         1.0000000E+30                 0       
 NEXT SEEDS: 1EFB288       1       0       0       0       0   181CD    3039       0       0
  215000000              35000000              35000000             2.7855728E-05         1.0000000E+30                 0       
 NEXT SEEDS: 366BC8C       1       0       0       0       0   181CD    3039       0       0
  220000000              30000000              30000000             2.7855766E-05         1.0000000E+30                 0       
 NEXT SEEDS: 4DE222F       1       0       0       0       0   181CD    3039       0       0
  225000000              25000000              25000000             2.7855558E-05         1.0000000E+30                 0       
 NEXT SEEDS: 6558794       1       0       0       0       0   181CD    3039       0       0
  230000000              20000000              20000000             2.7855070E-05         1.0000000E+30                 0       
 NEXT SEEDS: 7CC66F1       1       0       0       0       0   181CD    3039       0       0
  235000000              15000000              15000000             2.7856194E-05         1.0000000E+30                 0       
 NEXT SEEDS: 943C6DB       1       0       0       0       0   181CD    3039       0       0
  240000000              10000000              10000000             2.7856309E-05         1.0000000E+30                 0       
 NEXT SEEDS: ABAC941       1       0       0       0       0   181CD    3039       0       0
  *** Emfgeo: Ncoun  2000000000
  245000000               5000000               5000000             2.7855899E-05         1.0000000E+30                 0       
 NEXT SEEDS: C31D284       1       0       0       0       0   181CD    3039       0       0
  249999950                    50                    50             2.7856084E-05         1.0000000E+30                 0       
 NEXT SEEDS: DA909E3       1       0       0       0       0   181CD    3039       0       0
  249999951                    49                    49             2.7856084E-05         1.0000000E+30                 0       
 NEXT SEEDS: DA909E7       1       0       0       0       0   181CD    3039       0       0
  249999952                    48                    48             2.7856086E-05         1.0000000E+30                 0       
 NEXT SEEDS: DA909ED       1       0       0       0       0   181CD    3039       0       0
  249999953                    47                    47             2.7856087E-05         1.0000000E+30                 0       
 NEXT SEEDS: DA909F1       1       0       0       0       0   181CD    3039       0       0
  249999954                    46                    46             2.7856087E-05         1.0000000E+30                 0       
 NEXT SEEDS: DA909F5       1       0       0       0       0   181CD    3039       0       0
  249999955                    45                    45             2.7856087E-05         1.0000000E+30                 0       
 NEXT SEEDS: DA909F9       1       0       0       0       0   181CD    3039       0       0
  249999956                    44                    44             2.7856089E-05         1.0000000E+30                 0       
 NEXT SEEDS: DA909FD       1       0       0       0       0   181CD    3039       0       0
  249999957                    43                    43             2.7856091E-05         1.0000000E+30                 0       
 NEXT SEEDS: DA90A01       1       0       0       0       0   181CD    3039       0       0
  249999958                    42                    42             2.7856091E-05         1.0000000E+30                 0       
 NEXT SEEDS: DA90A05       1       0       0       0       0   181CD    3039       0       0
  249999959                    41                    41             2.7856093E-05         1.0000000E+30                 0       
 NEXT SEEDS: DA90A0B       1       0       0       0       0   181CD    3039       0       0
  249999960                    40                    40             2.7856092E-05         1.0000000E+30                 0       
 NEXT SEEDS: DA90A0F       1       0       0       0       0   181CD    3039       0       0
  249999961                    39                    39             2.7856092E-05         1.0000000E+30                 0       
 NEXT SEEDS: DA90A13       1       0       0       0       0   181CD    3039       0       0
  249999962                    38                    38             2.7856094E-05         1.0000000E+30                 0       
 NEXT SEEDS: DA90A17       1       0       0       0       0   181CD    3039       0       0
  249999963                    37                    37             2.7856096E-05         1.0000000E+30                 0       
 NEXT SEEDS: DA90A1B       1       0       0       0       0   181CD    3039       0       0
  249999964                    36                    36             2.7856096E-05         1.0000000E+30                 0       
 NEXT SEEDS: DA90A21       1       0       0       0       0   181CD    3039       0       0
  249999965                    35                    35             2.7856098E-05         1.0000000E+30                 0       
 NEXT SEEDS: DA90A25       1       0       0       0       0   181CD    3039       0       0
  249999966                    34                    34             2.7856098E-05         1.0000000E+30                 0       
 NEXT SEEDS: DA90A29       1       0       0       0       0   181CD    3039       0       0
  249999967                    33                    33             2.7856098E-05         1.0000000E+30                 0       
 NEXT SEEDS: DA90A2D       1       0       0       0       0   181CD    3039       0       0
  249999968                    32                    32             2.7856097E-05         1.0000000E+30                 0       
 NEXT SEEDS: DA90A31       1       0       0       0       0   181CD    3039       0       0
  249999969                    31                    31             2.7856097E-05         1.0000000E+30                 0       
 NEXT SEEDS: DA90A35       1       0       0       0       0   181CD    3039       0       0
  249999970                    30                    30             2.7856097E-05         1.0000000E+30                 0       
 NEXT SEEDS: DA90A39       1       0       0       0       0   181CD    3039       0       0
  249999971                    29                    29             2.7856099E-05         1.0000000E+30                 0       
 NEXT SEEDS: DA90A3D       1       0       0       0       0   181CD    3039       0       0
  249999972                    28                    28             2.7856099E-05         1.0000000E+30                 0       
 NEXT SEEDS: DA90A41       1       0       0       0       0   181CD    3039       0       0
  249999973                    27                    27             2.7856101E-05         1.0000000E+30                 0       
 NEXT SEEDS: DA90A45       1       0       0       0       0   181CD    3039       0       0
  249999974                    26                    26             2.7856101E-05         1.0000000E+30                 0       
 NEXT SEEDS: DA90A49       1       0       0       0       0   181CD    3039       0       0
  249999975                    25                    25             2.7856101E-05         1.0000000E+30                 0       
 NEXT SEEDS: DA90A4D       1       0       0       0       0   181CD    3039       0       0
  249999976                    24                    24             2.7856102E-05         1.0000000E+30                 0       
 NEXT SEEDS: DA90A53       1       0       0       0       0   181CD    3039       0       0
  249999977                    23                    23             2.7856102E-05         1.0000000E+30                 0       
 NEXT SEEDS: DA90A57       1       0       0       0       0   181CD    3039       0       0
  249999978                    22                    22             2.7856104E-05         1.0000000E+30                 0       
 NEXT SEEDS: DA90A5B       1       0       0       0       0   181CD    3039       0       0
  249999979                    21                    21             2.7856104E-05         1.0000000E+30                 0       
 NEXT SEEDS: DA90A5F       1       0       0       0       0   181CD    3039       0       0
  249999980                    20                    20             2.7856106E-05         1.0000000E+30                 0       
 NEXT SEEDS: DA90A63       1       0       0       0       0   181CD    3039       0       0
  249999981                    19                    19             2.7856106E-05         1.0000000E+30                 0       
 NEXT SEEDS: DA90A67       1       0       0       0       0   181CD    3039       0       0
  249999982                    18                    18             2.7856106E-05         1.0000000E+30                 0       
 NEXT SEEDS: DA90A6B       1       0       0       0       0   181CD    3039       0       0
  249999983                    17                    17             2.7856107E-05         1.0000000E+30                 0       
 NEXT SEEDS: DA90A6F       1       0       0       0       0   181CD    3039       0       0
  249999984                    16                    16             2.7856107E-05         1.0000000E+30                 0       
 NEXT SEEDS: DA90A73       1       0       0       0       0   181CD    3039       0       0
  249999985                    15                    15             2.7856109E-05         1.0000000E+30                 0       
 NEXT SEEDS: DA90A77       1       0       0       0       0   181CD    3039       0       0
  249999986                    14                    14             2.7856109E-05         1.0000000E+30                 0       
 NEXT SEEDS: DA90A7B       1       0       0       0       0   181CD    3039       0       0
  249999987                    13                    13             2.7856109E-05         1.0000000E+30                 0       
 NEXT SEEDS: DA90A7F       1       0       0       0       0   181CD    3039       0       0
  249999988                    12                    12             2.7856109E-05         1.0000000E+30                 0       
 NEXT SEEDS: DA90A83       1       0       0       0       0   181CD    3039       0       0
  249999989                    11                    11             2.7856109E-05         1.0000000E+30                 0       
 NEXT SEEDS: DA90A87       1       0       0       0       0   181CD    3039       0       0
  249999990                    10                    10             2.7856109E-05         1.0000000E+30                 0       
 NEXT SEEDS: DA90A8B       1       0       0       0       0   181CD    3039       0       0
  249999991                     9                     9             2.7856109E-05         1.0000000E+30                 0       
 NEXT SEEDS: DA90A8F       1       0       0       0       0   181CD    3039       0       0
  249999992                     8                     8             2.7856108E-05         1.0000000E+30                 0       
 NEXT SEEDS: DA90A93       1       0       0       0       0   181CD    3039       0       0
  249999993                     7                     7             2.7856108E-05         1.0000000E+30                 0       
 NEXT SEEDS: DA90A97       1       0       0       0       0   181CD    3039       0       0
  249999994                     6                     6             2.7856108E-05         1.0000000E+30                 0       
 NEXT SEEDS: DA90A9B       1       0       0       0       0   181CD    3039       0       0
  249999995                     5                     5             2.7856108E-05         1.0000000E+30                 0       
 NEXT SEEDS: DA90A9F       1       0       0       0       0   181CD    3039       0       0
  249999996                     4                     4             2.7856108E-05         1.0000000E+30                 0       
 NEXT SEEDS: DA90AA3       1       0       0       0       0   181CD    3039       0       0
  249999997                     3                     3             2.7856110E-05         1.0000000E+30                 0       
 NEXT SEEDS: DA90AA7       1       0       0       0       0   181CD    3039       0       0
  249999998                     2                     2             2.7856110E-05         1.0000000E+30                 0       
 NEXT SEEDS: DA90AAB       1       0       0       0       0   181CD    3039       0       0
  249999999                     1                     1             2.7856112E-05         1.0000000E+30                 0       
 NEXT SEEDS: DA90AAF       1       0       0       0       0   181CD    3039       0       0
  250000000                     0                     1             2.7856111E-05         1.0000000E+30                 0       
 NEXT SEEDS: DA90AB3       1       0       0       0       0   181CD    3039       0       0
