1NUMBER OF BEAM       NUMBER OF BEAM        APPROXIMATE NUMBER    AVERAGE TIME USED     TIME LEFT (RESERVED   NUMBER OF STARS
 PARTICLES HANDLED    PARTICLES LEFT        OF BEAM PARTICLES     BY A BEAM PARTICLE     10000.0 SECONDS      CREATED
                                            THAT CAN STILL BE                           FOR PRINTOUT)
                                            HANDLED

 NEXT SEEDS:       0       0       0       0       0       0   181CD    3039       0       0
          1             249999999             249999999             7.7962875E-05         1.0000000E+30                 0       
 NEXT SEEDS:       4       0       0       0       0       0   181CD    3039       0       0
    5000000             245000000             245000000             2.8062069E-05         1.0000000E+30                 0       
 NEXT SEEDS: 1773E10       0       0       0       0       0   181CD    3039       0       0
   10000000             240000000             240000000             2.8051442E-05         1.0000000E+30                 0       
 NEXT SEEDS: 2EE7D66       0       0       0       0       0   181CD    3039       0       0
   15000000             235000000             235000000             2.8062126E-05         1.0000000E+30                 0       
 NEXT SEEDS: 465AD6F       0       0       0       0       0   181CD    3039       0       0
   20000000             230000000             230000000             2.8027029E-05         1.0000000E+30                 0       
 NEXT SEEDS: 5DCA4C6       0       0       0       0       0   181CD    3039       0       0
   25000000             225000000             225000000             2.8028488E-05         1.0000000E+30                 0       
 NEXT SEEDS: 753D079       0       0       0       0       0   181CD    3039       0       0
   30000000             220000000             220000000             2.8031884E-05         1.0000000E+30                 0       
 NEXT SEEDS: 8CB477F       0       0       0       0       0   181CD    3039       0       0
   35000000             215000000             215000000             2.8030983E-05         1.0000000E+30                 0       
 NEXT SEEDS: A42939D       0       0       0       0       0   181CD    3039       0       0
   40000000             210000000             210000000             2.8028660E-05         1.0000000E+30                 0       
 NEXT SEEDS: BB9BCEA       0       0       0       0       0   181CD    3039       0       0
   45000000             205000000             205000000             2.8028663E-05         1.0000000E+30                 0       
 NEXT SEEDS: D310861       0       0       0       0       0   181CD    3039       0       0
   50000000             200000000             200000000             2.8030406E-05         1.0000000E+30                 0       
 NEXT SEEDS: EA85FCE       0       0       0       0       0   181CD    3039       0       0
   55000000             195000000             195000000             2.8025103E-05         1.0000000E+30                 0       
 NEXT SEEDS:101F6CF6       0       0       0       0       0   181CD    3039       0       0
   60000000             190000000             190000000             2.8022270E-05         1.0000000E+30                 0       
 NEXT SEEDS:119664FE       0       0       0       0       0   181CD    3039       0       0
   65000000             185000000             185000000             2.8020341E-05         1.0000000E+30                 0       
 NEXT SEEDS:130D6853       0       0       0       0       0   181CD    3039       0       0
   70000000             180000000             180000000             2.8017007E-05         1.0000000E+30                 0       
 NEXT SEEDS:14847123       0       0       0       0       0   181CD    3039       0       0
   75000000             175000000             175000000             2.8017209E-05         1.0000000E+30                 0       
 NEXT SEEDS:15FB9F0C       0       0       0       0       0   181CD    3039       0       0
   80000000             170000000             170000000             2.8019265E-05         1.0000000E+30                 0       
 NEXT SEEDS:1772BFD4       0       0       0       0       0   181CD    3039       0       0
  *** Emfgeo: Ncoun  2000000000
   85000000             165000000             165000000             2.8017862E-05         1.0000000E+30                 0       
 NEXT SEEDS:18E9EA48       0       0       0       0       0   181CD    3039       0       0
   90000000             160000000             160000000             2.8017189E-05         1.0000000E+30                 0       
 NEXT SEEDS:1A613419       0       0       0       0       0   181CD    3039       0       0
   95000000             155000000             155000000             2.8014023E-05         1.0000000E+30                 0       
 NEXT SEEDS:1BD862BE       0       0       0       0       0   181CD    3039       0       0
  100000000             150000000             150000000             2.8014997E-05         1.0000000E+30                 0       
 NEXT SEEDS:1D4FA4D0       0       0       0       0       0   181CD    3039       0       0
  105000000             145000000             145000000             2.8012755E-05         1.0000000E+30                 0       
 NEXT SEEDS:1EC6BE62       0       0       0       0       0   181CD    3039       0       0
  110000000             140000000             140000000             2.8013154E-05         1.0000000E+30                 0       
 NEXT SEEDS:203DD1C2       0       0       0       0       0   181CD    3039       0       0
  115000000             135000000             135000000             2.8011854E-05         1.0000000E+30                 0       
 NEXT SEEDS:21B4F4AB       0       0       0       0       0   181CD    3039       0       0
  120000000             130000000             130000000             2.8009989E-05         1.0000000E+30                 0       
 NEXT SEEDS:232BCD89       0       0       0       0       0   181CD    3039       0       0
  125000000             125000000             125000000             2.8010249E-05         1.0000000E+30                 0       
 NEXT SEEDS:24A2C01B       0       0       0       0       0   181CD    3039       0       0
  130000000             120000000             120000000             2.8008672E-05         1.0000000E+30                 0       
 NEXT SEEDS:2619A912       0       0       0       0       0   181CD    3039       0       0
  135000000             115000000             115000000             2.8009266E-05         1.0000000E+30                 0       
 NEXT SEEDS:2790B331       0       0       0       0       0   181CD    3039       0       0
  140000000             110000000             110000000             2.8010178E-05         1.0000000E+30                 0       
 NEXT SEEDS:29080492       0       0       0       0       0   181CD    3039       0       0
  145000000             105000000             105000000             2.8010349E-05         1.0000000E+30                 0       
 NEXT SEEDS:2A7F0CD9       0       0       0       0       0   181CD    3039       0       0
  150000000             100000000             100000000             2.8010288E-05         1.0000000E+30                 0       
 NEXT SEEDS:2BF676BD       0       0       0       0       0   181CD    3039       0       0
  155000000              95000000              95000000             2.8010372E-05         1.0000000E+30                 0       
 NEXT SEEDS:2D6D7507       0       0       0       0       0   181CD    3039       0       0
  160000000              90000000              90000000             2.8010871E-05         1.0000000E+30                 0       
 NEXT SEEDS:2EE4D651       0       0       0       0       0   181CD    3039       0       0
  *** Emfgeo: Ncoun  2000000000
  165000000              85000000              85000000             2.8011063E-05         1.0000000E+30                 0       
 NEXT SEEDS:305C0731       0       0       0       0       0   181CD    3039       0       0
  170000000              80000000              80000000             2.8009270E-05         1.0000000E+30                 0       
 NEXT SEEDS:31D310F5       0       0       0       0       0   181CD    3039       0       0
  175000000              75000000              75000000             2.8008377E-05         1.0000000E+30                 0       
 NEXT SEEDS:334A4874       0       0       0       0       0   181CD    3039       0       0
  180000000              70000000              70000000             2.8007019E-05         1.0000000E+30                 0       
 NEXT SEEDS:34C156CD       0       0       0       0       0   181CD    3039       0       0
  185000000              65000000              65000000             2.8005111E-05         1.0000000E+30                 0       
 NEXT SEEDS:36386622       0       0       0       0       0   181CD    3039       0       0
  190000000              60000000              60000000             2.8005066E-05         1.0000000E+30                 0       
 NEXT SEEDS:37AF8628       0       0       0       0       0   181CD    3039       0       0
  195000000              55000000              55000000             2.8004846E-05         1.0000000E+30                 0       
 NEXT SEEDS:3926A53C       0       0       0       0       0   181CD    3039       0       0
  200000000              50000000              50000000             2.8003844E-05         1.0000000E+30                 0       
 NEXT SEEDS:3A9DE521       0       0       0       0       0   181CD    3039       0       0
  205000000              45000000              45000000             2.8004355E-05         1.0000000E+30                 0       
 NEXT SEEDS:  7A3DFD       1       0       0       0       0   181CD    3039       0       0
  210000000              40000000              40000000             2.8004484E-05         1.0000000E+30                 0       
 NEXT SEEDS: 1F137D8       1       0       0       0       0   181CD    3039       0       0
  215000000              35000000              35000000             2.8004111E-05         1.0000000E+30                 0       
 NEXT SEEDS: 368589C       1       0       0       0       0   181CD    3039       0       0
  220000000              30000000              30000000             2.8004173E-05         1.0000000E+30                 0       
 NEXT SEEDS: 4DF8481       1       0       0       0       0   181CD    3039       0       0
  225000000              25000000              25000000             2.8003325E-05         1.0000000E+30                 0       
 NEXT SEEDS: 6567820       1       0       0       0       0   181CD    3039       0       0
  230000000              20000000              20000000             2.8002652E-05         1.0000000E+30                 0       
 NEXT SEEDS: 7CD97E6       1       0       0       0       0   181CD    3039       0       0
  235000000              15000000              15000000             2.8003080E-05         1.0000000E+30                 0       
 NEXT SEEDS: 944C0D8       1       0       0       0       0   181CD    3039       0       0
  240000000              10000000              10000000             2.8003305E-05         1.0000000E+30                 0       
 NEXT SEEDS: ABBFF3E       1       0       0       0       0   181CD    3039       0       0
  *** Emfgeo: Ncoun  2000000000
  245000000               5000000               5000000             2.8003498E-05         1.0000000E+30                 0       
 NEXT SEEDS: C32E786       1       0       0       0       0   181CD    3039       0       0
  249999950                    50                    50             2.8003387E-05         1.0000000E+30                 0       
 NEXT SEEDS: DAA22FF       1       0       0       0       0   181CD    3039       0       0
  249999951                    49                    49             2.8003387E-05         1.0000000E+30                 0       
 NEXT SEEDS: DAA2303       1       0       0       0       0   181CD    3039       0       0
  249999952                    48                    48             2.8003387E-05         1.0000000E+30                 0       
 NEXT SEEDS: DAA2307       1       0       0       0       0   181CD    3039       0       0
  249999953                    47                    47             2.8003387E-05         1.0000000E+30                 0       
 NEXT SEEDS: DAA230B       1       0       0       0       0   181CD    3039       0       0
  249999954                    46                    46             2.8003387E-05         1.0000000E+30                 0       
 NEXT SEEDS: DAA230F       1       0       0       0       0   181CD    3039       0       0
  249999955                    45                    45             2.8003387E-05         1.0000000E+30                 0       
 NEXT SEEDS: DAA2313       1       0       0       0       0   181CD    3039       0       0
  249999956                    44                    44             2.8003386E-05         1.0000000E+30                 0       
 NEXT SEEDS: DAA2317       1       0       0       0       0   181CD    3039       0       0
  249999957                    43                    43             2.8003386E-05         1.0000000E+30                 0       
 NEXT SEEDS: DAA231B       1       0       0       0       0   181CD    3039       0       0
  249999958                    42                    42             2.8003386E-05         1.0000000E+30                 0       
 NEXT SEEDS: DAA231F       1       0       0       0       0   181CD    3039       0       0
  249999959                    41                    41             2.8003386E-05         1.0000000E+30                 0       
 NEXT SEEDS: DAA2323       1       0       0       0       0   181CD    3039       0       0
  249999960                    40                    40             2.8003386E-05         1.0000000E+30                 0       
 NEXT SEEDS: DAA2327       1       0       0       0       0   181CD    3039       0       0
  249999961                    39                    39             2.8003386E-05         1.0000000E+30                 0       
 NEXT SEEDS: DAA232B       1       0       0       0       0   181CD    3039       0       0
  249999962                    38                    38             2.8003386E-05         1.0000000E+30                 0       
 NEXT SEEDS: DAA232F       1       0       0       0       0   181CD    3039       0       0
  249999963                    37                    37             2.8003386E-05         1.0000000E+30                 0       
 NEXT SEEDS: DAA2333       1       0       0       0       0   181CD    3039       0       0
  249999964                    36                    36             2.8003386E-05         1.0000000E+30                 0       
 NEXT SEEDS: DAA2339       1       0       0       0       0   181CD    3039       0       0
  249999965                    35                    35             2.8003385E-05         1.0000000E+30                 0       
 NEXT SEEDS: DAA233D       1       0       0       0       0   181CD    3039       0       0
  249999966                    34                    34             2.8003385E-05         1.0000000E+30                 0       
 NEXT SEEDS: DAA2341       1       0       0       0       0   181CD    3039       0       0
  249999967                    33                    33             2.8003385E-05         1.0000000E+30                 0       
 NEXT SEEDS: DAA2345       1       0       0       0       0   181CD    3039       0       0
  249999968                    32                    32             2.8003385E-05         1.0000000E+30                 0       
 NEXT SEEDS: DAA2349       1       0       0       0       0   181CD    3039       0       0
  249999969                    31                    31             2.8003385E-05         1.0000000E+30                 0       
 NEXT SEEDS: DAA234D       1       0       0       0       0   181CD    3039       0       0
  249999970                    30                    30             2.8003385E-05         1.0000000E+30                 0       
 NEXT SEEDS: DAA2351       1       0       0       0       0   181CD    3039       0       0
  249999971                    29                    29             2.8003385E-05         1.0000000E+30                 0       
 NEXT SEEDS: DAA2355       1       0       0       0       0   181CD    3039       0       0
  249999972                    28                    28             2.8003385E-05         1.0000000E+30                 0       
 NEXT SEEDS: DAA2359       1       0       0       0       0   181CD    3039       0       0
  249999973                    27                    27             2.8003385E-05         1.0000000E+30                 0       
 NEXT SEEDS: DAA235D       1       0       0       0       0   181CD    3039       0       0
  249999974                    26                    26             2.8003384E-05         1.0000000E+30                 0       
 NEXT SEEDS: DAA2361       1       0       0       0       0   181CD    3039       0       0
  249999975                    25                    25             2.8003384E-05         1.0000000E+30                 0       
 NEXT SEEDS: DAA2365       1       0       0       0       0   181CD    3039       0       0
  249999976                    24                    24             2.8003384E-05         1.0000000E+30                 0       
 NEXT SEEDS: DAA23A9       1       0       0       0       0   181CD    3039       0       0
  249999977                    23                    23             2.8003384E-05         1.0000000E+30                 0       
 NEXT SEEDS: DAA23AD       1       0       0       0       0   181CD    3039       0       0
  249999978                    22                    22             2.8003384E-05         1.0000000E+30                 0       
 NEXT SEEDS: DAA23B1       1       0       0       0       0   181CD    3039       0       0
  249999979                    21                    21             2.8003384E-05         1.0000000E+30                 0       
 NEXT SEEDS: DAA23B5       1       0       0       0       0   181CD    3039       0       0
  249999980                    20                    20             2.8003384E-05         1.0000000E+30                 0       
 NEXT SEEDS: DAA23B9       1       0       0       0       0   181CD    3039       0       0
  249999981                    19                    19             2.8003384E-05         1.0000000E+30                 0       
 NEXT SEEDS: DAA23BD       1       0       0       0       0   181CD    3039       0       0
  249999982                    18                    18             2.8003384E-05         1.0000000E+30                 0       
 NEXT SEEDS: DAA23C1       1       0       0       0       0   181CD    3039       0       0
  249999983                    17                    17             2.8003383E-05         1.0000000E+30                 0       
 NEXT SEEDS: DAA23C5       1       0       0       0       0   181CD    3039       0       0
  249999984                    16                    16             2.8003383E-05         1.0000000E+30                 0       
 NEXT SEEDS: DAA23C9       1       0       0       0       0   181CD    3039       0       0
  249999985                    15                    15             2.8003383E-05         1.0000000E+30                 0       
 NEXT SEEDS: DAA23CD       1       0       0       0       0   181CD    3039       0       0
  249999986                    14                    14             2.8003383E-05         1.0000000E+30                 0       
 NEXT SEEDS: DAA23D1       1       0       0       0       0   181CD    3039       0       0
  249999987                    13                    13             2.8003383E-05         1.0000000E+30                 0       
 NEXT SEEDS: DAA23D5       1       0       0       0       0   181CD    3039       0       0
  249999988                    12                    12             2.8003383E-05         1.0000000E+30                 0       
 NEXT SEEDS: DAA23D9       1       0       0       0       0   181CD    3039       0       0
  249999989                    11                    11             2.8003385E-05         1.0000000E+30                 0       
 NEXT SEEDS: DAA23DD       1       0       0       0       0   181CD    3039       0       0
  249999990                    10                    10             2.8003385E-05         1.0000000E+30                 0       
 NEXT SEEDS: DAA23E1       1       0       0       0       0   181CD    3039       0       0
  249999991                     9                     9             2.8003384E-05         1.0000000E+30                 0       
 NEXT SEEDS: DAA23E5       1       0       0       0       0   181CD    3039       0       0
  249999992                     8                     8             2.8003386E-05         1.0000000E+30                 0       
 NEXT SEEDS: DAA23E9       1       0       0       0       0   181CD    3039       0       0
  249999993                     7                     7             2.8003386E-05         1.0000000E+30                 0       
 NEXT SEEDS: DAA23ED       1       0       0       0       0   181CD    3039       0       0
  249999994                     6                     6             2.8003386E-05         1.0000000E+30                 0       
 NEXT SEEDS: DAA23F1       1       0       0       0       0   181CD    3039       0       0
  249999995                     5                     5             2.8003388E-05         1.0000000E+30                 0       
 NEXT SEEDS: DAA23F7       1       0       0       0       0   181CD    3039       0       0
  249999996                     4                     4             2.8003388E-05         1.0000000E+30                 0       
 NEXT SEEDS: DAA23FB       1       0       0       0       0   181CD    3039       0       0
  249999997                     3                     3             2.8003388E-05         1.0000000E+30                 0       
 NEXT SEEDS: DAA23FF       1       0       0       0       0   181CD    3039       0       0
  249999998                     2                     2             2.8003388E-05         1.0000000E+30                 0       
 NEXT SEEDS: DAA2403       1       0       0       0       0   181CD    3039       0       0
  249999999                     1                     1             2.8003387E-05         1.0000000E+30                 0       
 NEXT SEEDS: DAA2407       1       0       0       0       0   181CD    3039       0       0
  250000000                     0                     1             2.8003387E-05         1.0000000E+30                 0       
 NEXT SEEDS: DAA240D       1       0       0       0       0   181CD    3039       0       0
