1NUMBER OF BEAM       NUMBER OF BEAM        APPROXIMATE NUMBER    AVERAGE TIME USED     TIME LEFT (RESERVED   NUMBER OF STARS
 PARTICLES HANDLED    PARTICLES LEFT        OF BEAM PARTICLES     BY A BEAM PARTICLE     10000.0 SECONDS      CREATED
                                            THAT CAN STILL BE                           FOR PRINTOUT)
                                            HANDLED

 NEXT SEEDS:       0       0       0       0       0       0   181CD    3039       0       0
          1             249999999             249999999             8.2015991E-05         1.0000000E+30                 0       
 NEXT SEEDS:       4       0       0       0       0       0   181CD    3039       0       0
 Geofar: Particle in region    26 (cell #    0)
  in position  -1.148535782E+01 -5.335810845E+00 -1.254700000E-01
  is now causing trouble, requesting a step of  2.182223414E+00 cm
  to direction  4.353978700E-01  1.998550205E-01 -8.777736984E-01
  end position -1.053522239E+01 -4.899682539E+00 -2.040968317E+00
  R2:  1.266429317E+01 R3:  1.266491470E+01 cm  error count:  0
  X*U   (2D): -6.067088916E+00 X*U   (3D): -5.956954650E+00 cm
  X*UOLD(2D):  5.256556897E+00 X*UOLD(3D):  5.149566442E+00 cm
  Kloop:    8062874, Irsave:     26, Irsav2:     26, error code:  -3 Nfrom:  5000
  old direction -2.428015577E-01 -4.625152953E-01  8.527174240E-01, lagain, lstnew, lsense, lsnsct  F  F  F  T
  Particle index    7 total energy   5.406883082E-05 GeV  Nsurf    0
 We succeeded in saving the particle:  current region is n.    27 (cell #    0)
    5000000             245000000             245000000             2.9263150E-05         1.0000000E+30                 0       
 NEXT SEEDS: 1771A7B       0       0       0       0       0   181CD    3039       0       0
   10000000             240000000             240000000             2.9251843E-05         1.0000000E+30                 0       
 NEXT SEEDS: 2EE5110       0       0       0       0       0   181CD    3039       0       0
   15000000             235000000             235000000             2.9266610E-05         1.0000000E+30                 0       
 NEXT SEEDS: 465A00B       0       0       0       0       0   181CD    3039       0       0
   20000000             230000000             230000000             2.9254118E-05         1.0000000E+30                 0       
 NEXT SEEDS: 5DC8E3A       0       0       0       0       0   181CD    3039       0       0
   25000000             225000000             225000000             2.9245089E-05         1.0000000E+30                 0       
 NEXT SEEDS: 753D0E5       0       0       0       0       0   181CD    3039       0       0
   30000000             220000000             220000000             2.9256613E-05         1.0000000E+30                 0       
 NEXT SEEDS: 8CB3506       0       0       0       0       0   181CD    3039       0       0
   35000000             215000000             215000000             2.9252170E-05         1.0000000E+30                 0       
 NEXT SEEDS: A42B478       0       0       0       0       0   181CD    3039       0       0
   40000000             210000000             210000000             2.9249290E-05         1.0000000E+30                 0       
 NEXT SEEDS: BB9D192       0       0       0       0       0   181CD    3039       0       0
   45000000             205000000             205000000             2.9247236E-05         1.0000000E+30                 0       
 NEXT SEEDS: D31358F       0       0       0       0       0   181CD    3039       0       0
   50000000             200000000             200000000             2.9245833E-05         1.0000000E+30                 0       
 NEXT SEEDS: EA874F8       0       0       0       0       0   181CD    3039       0       0
   55000000             195000000             195000000             2.9249073E-05         1.0000000E+30                 0       
 NEXT SEEDS:101FBEC6       0       0       0       0       0   181CD    3039       0       0
   60000000             190000000             190000000             2.9247897E-05         1.0000000E+30                 0       
 NEXT SEEDS:1196F4B0       0       0       0       0       0   181CD    3039       0       0
   65000000             185000000             185000000             2.9248006E-05         1.0000000E+30                 0       
 NEXT SEEDS:130E4263       0       0       0       0       0   181CD    3039       0       0
   70000000             180000000             180000000             2.9254219E-05         1.0000000E+30                 0       
 NEXT SEEDS:1485965D       0       0       0       0       0   181CD    3039       0       0
   75000000             175000000             175000000             2.9255800E-05         1.0000000E+30                 0       
 NEXT SEEDS:15FD08AD       0       0       0       0       0   181CD    3039       0       0
   80000000             170000000             170000000             2.9254784E-05         1.0000000E+30                 0       
 NEXT SEEDS:17742710       0       0       0       0       0   181CD    3039       0       0
  *** Emfgeo: Ncoun  2000000000
   85000000             165000000             165000000             2.9252753E-05         1.0000000E+30                 0       
 NEXT SEEDS:18EB264D       0       0       0       0       0   181CD    3039       0       0
   90000000             160000000             160000000             2.9252967E-05         1.0000000E+30                 0       
 NEXT SEEDS:1A6235E6       0       0       0       0       0   181CD    3039       0       0
   95000000             155000000             155000000             2.9253597E-05         1.0000000E+30                 0       
 NEXT SEEDS:1BD923DE       0       0       0       0       0   181CD    3039       0       0
  100000000             150000000             150000000             2.9254613E-05         1.0000000E+30                 0       
 NEXT SEEDS:1D505E0B       0       0       0       0       0   181CD    3039       0       0
  105000000             145000000             145000000             2.9271800E-05         1.0000000E+30                 0       
 NEXT SEEDS:1EC7AFC9       0       0       0       0       0   181CD    3039       0       0
  110000000             140000000             140000000             2.9287200E-05         1.0000000E+30                 0       
 NEXT SEEDS:203F0B42       0       0       0       0       0   181CD    3039       0       0
  115000000             135000000             135000000             2.9286803E-05         1.0000000E+30                 0       
 NEXT SEEDS:21B615A8       0       0       0       0       0   181CD    3039       0       0
  120000000             130000000             130000000             2.9284692E-05         1.0000000E+30                 0       
 NEXT SEEDS:232D58DE       0       0       0       0       0   181CD    3039       0       0
  125000000             125000000             125000000             2.9281292E-05         1.0000000E+30                 0       
 NEXT SEEDS:24A4A9E5       0       0       0       0       0   181CD    3039       0       0
  130000000             120000000             120000000             2.9277294E-05         1.0000000E+30                 0       
 NEXT SEEDS:261B956C       0       0       0       0       0   181CD    3039       0       0
  135000000             115000000             115000000             2.9275840E-05         1.0000000E+30                 0       
 NEXT SEEDS:2792DA52       0       0       0       0       0   181CD    3039       0       0
  140000000             110000000             110000000             2.9273691E-05         1.0000000E+30                 0       
 NEXT SEEDS:290A4437       0       0       0       0       0   181CD    3039       0       0
  145000000             105000000             105000000             2.9272312E-05         1.0000000E+30                 0       
 NEXT SEEDS:2A818477       0       0       0       0       0   181CD    3039       0       0
  150000000             100000000             100000000             2.9270442E-05         1.0000000E+30                 0       
 NEXT SEEDS:2BF8BFAC       0       0       0       0       0   181CD    3039       0       0
  155000000              95000000              95000000             2.9269965E-05         1.0000000E+30                 0       
 NEXT SEEDS:2D7010D5       0       0       0       0       0   181CD    3039       0       0
  160000000              90000000              90000000             2.9268218E-05         1.0000000E+30                 0       
 NEXT SEEDS:2EE7457E       0       0       0       0       0   181CD    3039       0       0
  *** Emfgeo: Ncoun  2000000000
  165000000              85000000              85000000             2.9266385E-05         1.0000000E+30                 0       
 NEXT SEEDS:305E5830       0       0       0       0       0   181CD    3039       0       0
  170000000              80000000              80000000             2.9264938E-05         1.0000000E+30                 0       
 NEXT SEEDS:31D5C9A7       0       0       0       0       0   181CD    3039       0       0
  175000000              75000000              75000000             2.9263708E-05         1.0000000E+30                 0       
 NEXT SEEDS:334D1023       0       0       0       0       0   181CD    3039       0       0
  180000000              70000000              70000000             2.9261884E-05         1.0000000E+30                 0       
 NEXT SEEDS:34C42DD2       0       0       0       0       0   181CD    3039       0       0
  185000000              65000000              65000000             2.9262428E-05         1.0000000E+30                 0       
 NEXT SEEDS:363B7AFA       0       0       0       0       0   181CD    3039       0       0
  190000000              60000000              60000000             2.9262564E-05         1.0000000E+30                 0       
 NEXT SEEDS:37B28310       0       0       0       0       0   181CD    3039       0       0
  195000000              55000000              55000000             2.9262530E-05         1.0000000E+30                 0       
 NEXT SEEDS:392A03C5       0       0       0       0       0   181CD    3039       0       0
  200000000              50000000              50000000             2.9261220E-05         1.0000000E+30                 0       
 NEXT SEEDS:3AA1557F       0       0       0       0       0   181CD    3039       0       0
  205000000              45000000              45000000             2.9260139E-05         1.0000000E+30                 0       
 NEXT SEEDS:  7DA8EB       1       0       0       0       0   181CD    3039       0       0
  210000000              40000000              40000000             2.9259498E-05         1.0000000E+30                 0       
 NEXT SEEDS: 1F527E1       1       0       0       0       0   181CD    3039       0       0
  215000000              35000000              35000000             2.9259559E-05         1.0000000E+30                 0       
 NEXT SEEDS: 36C7D50       1       0       0       0       0   181CD    3039       0       0
  220000000              30000000              30000000             2.9259328E-05         1.0000000E+30                 0       
 NEXT SEEDS: 4E3A5D0       1       0       0       0       0   181CD    3039       0       0
  225000000              25000000              25000000             2.9258786E-05         1.0000000E+30                 0       
 NEXT SEEDS: 65AC2BD       1       0       0       0       0   181CD    3039       0       0
  230000000              20000000              20000000             2.9257838E-05         1.0000000E+30                 0       
 NEXT SEEDS: 7D20ADA       1       0       0       0       0   181CD    3039       0       0
  235000000              15000000              15000000             2.9257004E-05         1.0000000E+30                 0       
 NEXT SEEDS: 9492C70       1       0       0       0       0   181CD    3039       0       0
  240000000              10000000              10000000             2.9257637E-05         1.0000000E+30                 0       
 NEXT SEEDS: AC06470       1       0       0       0       0   181CD    3039       0       0
  *** Emfgeo: Ncoun  2000000000
  245000000               5000000               5000000             2.9256465E-05         1.0000000E+30                 0       
 NEXT SEEDS: C377DF4       1       0       0       0       0   181CD    3039       0       0
  249999950                    50                    50             2.9256285E-05         1.0000000E+30                 0       
 NEXT SEEDS: DAEBF13       1       0       0       0       0   181CD    3039       0       0
  249999951                    49                    49             2.9256287E-05         1.0000000E+30                 0       
 NEXT SEEDS: DAEBF17       1       0       0       0       0   181CD    3039       0       0
  249999952                    48                    48             2.9256286E-05         1.0000000E+30                 0       
 NEXT SEEDS: DAEBF1B       1       0       0       0       0   181CD    3039       0       0
  249999953                    47                    47             2.9256286E-05         1.0000000E+30                 0       
 NEXT SEEDS: DAEBF21       1       0       0       0       0   181CD    3039       0       0
  249999954                    46                    46             2.9256286E-05         1.0000000E+30                 0       
 NEXT SEEDS: DAEBF25       1       0       0       0       0   181CD    3039       0       0
  249999955                    45                    45             2.9256286E-05         1.0000000E+30                 0       
 NEXT SEEDS: DAEBF29       1       0       0       0       0   181CD    3039       0       0
  249999956                    44                    44             2.9256286E-05         1.0000000E+30                 0       
 NEXT SEEDS: DAEBF40       1       0       0       0       0   181CD    3039       0       0
  249999957                    43                    43             2.9256286E-05         1.0000000E+30                 0       
 NEXT SEEDS: DAEBF46       1       0       0       0       0   181CD    3039       0       0
  249999958                    42                    42             2.9256286E-05         1.0000000E+30                 0       
 NEXT SEEDS: DAEBF4A       1       0       0       0       0   181CD    3039       0       0
  249999959                    41                    41             2.9256288E-05         1.0000000E+30                 0       
 NEXT SEEDS: DAEBF4E       1       0       0       0       0   181CD    3039       0       0
  249999960                    40                    40             2.9256288E-05         1.0000000E+30                 0       
 NEXT SEEDS: DAEBF52       1       0       0       0       0   181CD    3039       0       0
  249999961                    39                    39             2.9256287E-05         1.0000000E+30                 0       
 NEXT SEEDS: DAEBF56       1       0       0       0       0   181CD    3039       0       0
  249999962                    38                    38             2.9256287E-05         1.0000000E+30                 0       
 NEXT SEEDS: DAEBF5A       1       0       0       0       0   181CD    3039       0       0
  249999963                    37                    37             2.9256287E-05         1.0000000E+30                 0       
 NEXT SEEDS: DAEBF5E       1       0       0       0       0   181CD    3039       0       0
  249999964                    36                    36             2.9256287E-05         1.0000000E+30                 0       
 NEXT SEEDS: DAEBF62       1       0       0       0       0   181CD    3039       0       0
  249999965                    35                    35             2.9256287E-05         1.0000000E+30                 0       
 NEXT SEEDS: DAEBF66       1       0       0       0       0   181CD    3039       0       0
  249999966                    34                    34             2.9256287E-05         1.0000000E+30                 0       
 NEXT SEEDS: DAEBF6A       1       0       0       0       0   181CD    3039       0       0
  249999967                    33                    33             2.9256287E-05         1.0000000E+30                 0       
 NEXT SEEDS: DAEBF6E       1       0       0       0       0   181CD    3039       0       0
  249999968                    32                    32             2.9256287E-05         1.0000000E+30                 0       
 NEXT SEEDS: DAEBF72       1       0       0       0       0   181CD    3039       0       0
  249999969                    31                    31             2.9256286E-05         1.0000000E+30                 0       
 NEXT SEEDS: DAEBF76       1       0       0       0       0   181CD    3039       0       0
  249999970                    30                    30             2.9256286E-05         1.0000000E+30                 0       
 NEXT SEEDS: DAEBF7A       1       0       0       0       0   181CD    3039       0       0
  249999971                    29                    29             2.9256286E-05         1.0000000E+30                 0       
 NEXT SEEDS: DAEBF7E       1       0       0       0       0   181CD    3039       0       0
  249999972                    28                    28             2.9256286E-05         1.0000000E+30                 0       
 NEXT SEEDS: DAEBF82       1       0       0       0       0   181CD    3039       0       0
  249999973                    27                    27             2.9256286E-05         1.0000000E+30                 0       
 NEXT SEEDS: DAEBF86       1       0       0       0       0   181CD    3039       0       0
  249999974                    26                    26             2.9256286E-05         1.0000000E+30                 0       
 NEXT SEEDS: DAEBF8A       1       0       0       0       0   181CD    3039       0       0
  249999975                    25                    25             2.9256286E-05         1.0000000E+30                 0       
 NEXT SEEDS: DAEBF8E       1       0       0       0       0   181CD    3039       0       0
  249999976                    24                    24             2.9256286E-05         1.0000000E+30                 0       
 NEXT SEEDS: DAEBF92       1       0       0       0       0   181CD    3039       0       0
  249999977                    23                    23             2.9256286E-05         1.0000000E+30                 0       
 NEXT SEEDS: DAEBF96       1       0       0       0       0   181CD    3039       0       0
  249999978                    22                    22             2.9256285E-05         1.0000000E+30                 0       
 NEXT SEEDS: DAEBF9A       1       0       0       0       0   181CD    3039       0       0
  249999979                    21                    21             2.9256285E-05         1.0000000E+30                 0       
 NEXT SEEDS: DAEBF9E       1       0       0       0       0   181CD    3039       0       0
  249999980                    20                    20             2.9256285E-05         1.0000000E+30                 0       
 NEXT SEEDS: DAEBFA2       1       0       0       0       0   181CD    3039       0       0
  249999981                    19                    19             2.9256285E-05         1.0000000E+30                 0       
 NEXT SEEDS: DAEBFA6       1       0       0       0       0   181CD    3039       0       0
  249999982                    18                    18             2.9256285E-05         1.0000000E+30                 0       
 NEXT SEEDS: DAEBFAA       1       0       0       0       0   181CD    3039       0       0
  249999983                    17                    17             2.9256285E-05         1.0000000E+30                 0       
 NEXT SEEDS: DAEBFAE       1       0       0       0       0   181CD    3039       0       0
  249999984                    16                    16             2.9256285E-05         1.0000000E+30                 0       
 NEXT SEEDS: DAEBFB2       1       0       0       0       0   181CD    3039       0       0
  249999985                    15                    15             2.9256287E-05         1.0000000E+30                 0       
 NEXT SEEDS: DAEBFB6       1       0       0       0       0   181CD    3039       0       0
  249999986                    14                    14             2.9256286E-05         1.0000000E+30                 0       
 NEXT SEEDS: DAEBFBA       1       0       0       0       0   181CD    3039       0       0
  249999987                    13                    13             2.9256286E-05         1.0000000E+30                 0       
 NEXT SEEDS: DAEBFBE       1       0       0       0       0   181CD    3039       0       0
  249999988                    12                    12             2.9256288E-05         1.0000000E+30                 0       
 NEXT SEEDS: DAEBFCA       1       0       0       0       0   181CD    3039       0       0
  249999989                    11                    11             2.9256290E-05         1.0000000E+30                 0       
 NEXT SEEDS: DAEBFCE       1       0       0       0       0   181CD    3039       0       0
  249999990                    10                    10             2.9256290E-05         1.0000000E+30                 0       
 NEXT SEEDS: DAEBFD2       1       0       0       0       0   181CD    3039       0       0
  249999991                     9                     9             2.9256290E-05         1.0000000E+30                 0       
 NEXT SEEDS: DAEBFD6       1       0       0       0       0   181CD    3039       0       0
  249999992                     8                     8             2.9256292E-05         1.0000000E+30                 0       
 NEXT SEEDS: DAEBFDA       1       0       0       0       0   181CD    3039       0       0
  249999993                     7                     7             2.9256291E-05         1.0000000E+30                 0       
 NEXT SEEDS: DAEBFDE       1       0       0       0       0   181CD    3039       0       0
  249999994                     6                     6             2.9256291E-05         1.0000000E+30                 0       
 NEXT SEEDS: DAEBFE2       1       0       0       0       0   181CD    3039       0       0
  249999995                     5                     5             2.9256293E-05         1.0000000E+30                 0       
 NEXT SEEDS: DAEBFE6       1       0       0       0       0   181CD    3039       0       0
  249999996                     4                     4             2.9256293E-05         1.0000000E+30                 0       
 NEXT SEEDS: DAEBFEA       1       0       0       0       0   181CD    3039       0       0
  249999997                     3                     3             2.9256293E-05         1.0000000E+30                 0       
 NEXT SEEDS: DAEBFEE       1       0       0       0       0   181CD    3039       0       0
  249999998                     2                     2             2.9256295E-05         1.0000000E+30                 0       
 NEXT SEEDS: DAEBFF2       1       0       0       0       0   181CD    3039       0       0
  249999999                     1                     1             2.9256295E-05         1.0000000E+30                 0       
 NEXT SEEDS: DAEBFF6       1       0       0       0       0   181CD    3039       0       0
  250000000                     0                     1             2.9256295E-05         1.0000000E+30                 0       
 NEXT SEEDS: DAEBFFA       1       0       0       0       0   181CD    3039       0       0
