1NUMBER OF BEAM       NUMBER OF BEAM        APPROXIMATE NUMBER    AVERAGE TIME USED     TIME LEFT (RESERVED   NUMBER OF STARS
 PARTICLES HANDLED    PARTICLES LEFT        OF BEAM PARTICLES     BY A BEAM PARTICLE     10000.0 SECONDS      CREATED
                                            THAT CAN STILL BE                           FOR PRINTOUT)
                                            HANDLED

 NEXT SEEDS:       0       0       0       0       0       0   181CD    3039       0       0
          1             249999999             249999999             7.7009201E-05         1.0000000E+30                 0       
 NEXT SEEDS:       4       0       0       0       0       0   181CD    3039       0       0
    5000000             245000000             245000000             2.9414116E-05         1.0000000E+30                 0       
 NEXT SEEDS: 176C93D       0       0       0       0       0   181CD    3039       0       0
   10000000             240000000             240000000             2.9429838E-05         1.0000000E+30                 0       
 NEXT SEEDS: 2EDE203       0       0       0       0       0   181CD    3039       0       0
   15000000             235000000             235000000             2.9421298E-05         1.0000000E+30                 0       
 NEXT SEEDS: 464E231       0       0       0       0       0   181CD    3039       0       0
   20000000             230000000             230000000             2.9413024E-05         1.0000000E+30                 0       
 NEXT SEEDS: 5DB763A       0       0       0       0       0   181CD    3039       0       0
   25000000             225000000             225000000             2.9420026E-05         1.0000000E+30                 0       
 NEXT SEEDS: 7524ABD       0       0       0       0       0   181CD    3039       0       0
   30000000             220000000             220000000             2.9430895E-05         1.0000000E+30                 0       
 NEXT SEEDS: 8C95544       0       0       0       0       0   181CD    3039       0       0
   35000000             215000000             215000000             2.9429457E-05         1.0000000E+30                 0       
 NEXT SEEDS: A401EC5       0       0       0       0       0   181CD    3039       0       0
   40000000             210000000             210000000             2.9418722E-05         1.0000000E+30                 0       
 NEXT SEEDS: BB6CFDF       0       0       0       0       0   181CD    3039       0       0
   45000000             205000000             205000000             2.9415633E-05         1.0000000E+30                 0       
 NEXT SEEDS: D2DCB24       0       0       0       0       0   181CD    3039       0       0
   50000000             200000000             200000000             2.9421135E-05         1.0000000E+30                 0       
 NEXT SEEDS: EA4D1E1       0       0       0       0       0   181CD    3039       0       0
   55000000             195000000             195000000             2.9416022E-05         1.0000000E+30                 0       
 NEXT SEEDS:101B5F53       0       0       0       0       0   181CD    3039       0       0
   60000000             190000000             190000000             2.9418737E-05         1.0000000E+30                 0       
 NEXT SEEDS:119252D1       0       0       0       0       0   181CD    3039       0       0
   65000000             185000000             185000000             2.9419768E-05         1.0000000E+30                 0       
 NEXT SEEDS:13092A42       0       0       0       0       0   181CD    3039       0       0
   70000000             180000000             180000000             2.9417553E-05         1.0000000E+30                 0       
 NEXT SEEDS:147FC68D       0       0       0       0       0   181CD    3039       0       0
   75000000             175000000             175000000             2.9415683E-05         1.0000000E+30                 0       
 NEXT SEEDS:15F67CDF       0       0       0       0       0   181CD    3039       0       0
   80000000             170000000             170000000             2.9414526E-05         1.0000000E+30                 0       
 NEXT SEEDS:176D5C8D       0       0       0       0       0   181CD    3039       0       0
  *** Emfgeo: Ncoun  2000000000
   85000000             165000000             165000000             2.9410256E-05         1.0000000E+30                 0       
 NEXT SEEDS:18E42FB7       0       0       0       0       0   181CD    3039       0       0
   90000000             160000000             160000000             2.9410821E-05         1.0000000E+30                 0       
 NEXT SEEDS:1A5AF98D       0       0       0       0       0   181CD    3039       0       0
   95000000             155000000             155000000             2.9408223E-05         1.0000000E+30                 0       
 NEXT SEEDS:1BD1B535       0       0       0       0       0   181CD    3039       0       0
  100000000             150000000             150000000             2.9407246E-05         1.0000000E+30                 0       
 NEXT SEEDS:1D48653F       0       0       0       0       0   181CD    3039       0       0
  105000000             145000000             145000000             2.9408089E-05         1.0000000E+30                 0       
 NEXT SEEDS:1EBF5C48       0       0       0       0       0   181CD    3039       0       0
  110000000             140000000             140000000             2.9408678E-05         1.0000000E+30                 0       
 NEXT SEEDS:203647F9       0       0       0       0       0   181CD    3039       0       0
  115000000             135000000             135000000             2.9409687E-05         1.0000000E+30                 0       
 NEXT SEEDS:21AD4830       0       0       0       0       0   181CD    3039       0       0
  120000000             130000000             130000000             2.9419006E-05         1.0000000E+30                 0       
 NEXT SEEDS:2324075D       0       0       0       0       0   181CD    3039       0       0
  125000000             125000000             125000000             2.9432498E-05         1.0000000E+30                 0       
 NEXT SEEDS:249AC69D       0       0       0       0       0   181CD    3039       0       0
  130000000             120000000             120000000             2.9433163E-05         1.0000000E+30                 0       
 NEXT SEEDS:26119BD1       0       0       0       0       0   181CD    3039       0       0
  135000000             115000000             115000000             2.9431584E-05         1.0000000E+30                 0       
 NEXT SEEDS:27885345       0       0       0       0       0   181CD    3039       0       0
  140000000             110000000             110000000             2.9431497E-05         1.0000000E+30                 0       
 NEXT SEEDS:28FF4286       0       0       0       0       0   181CD    3039       0       0
  145000000             105000000             105000000             2.9428064E-05         1.0000000E+30                 0       
 NEXT SEEDS:2A7617DE       0       0       0       0       0   181CD    3039       0       0
  150000000             100000000             100000000             2.9427506E-05         1.0000000E+30                 0       
 NEXT SEEDS:2BECCE9E       0       0       0       0       0   181CD    3039       0       0
  155000000              95000000              95000000             2.9427356E-05         1.0000000E+30                 0       
 NEXT SEEDS:2D63AA1B       0       0       0       0       0   181CD    3039       0       0
  160000000              90000000              90000000             2.9428244E-05         1.0000000E+30                 0       
 NEXT SEEDS:2EDA5BDD       0       0       0       0       0   181CD    3039       0       0
  *** Emfgeo: Ncoun  2000000000
  165000000              85000000              85000000             2.9425065E-05         1.0000000E+30                 0       
 NEXT SEEDS:30510E05       0       0       0       0       0   181CD    3039       0       0
  170000000              80000000              80000000             2.9424187E-05         1.0000000E+30                 0       
 NEXT SEEDS:31C7D9A9       0       0       0       0       0   181CD    3039       0       0
  175000000              75000000              75000000             2.9422232E-05         1.0000000E+30                 0       
 NEXT SEEDS:333EB496       0       0       0       0       0   181CD    3039       0       0
  180000000              70000000              70000000             2.9423177E-05         1.0000000E+30                 0       
 NEXT SEEDS:34B5A2F8       0       0       0       0       0   181CD    3039       0       0
  185000000              65000000              65000000             2.9423226E-05         1.0000000E+30                 0       
 NEXT SEEDS:362CA63E       0       0       0       0       0   181CD    3039       0       0
  190000000              60000000              60000000             2.9423985E-05         1.0000000E+30                 0       
 NEXT SEEDS:37A35DFF       0       0       0       0       0   181CD    3039       0       0
  195000000              55000000              55000000             2.9423628E-05         1.0000000E+30                 0       
 NEXT SEEDS:391A29FA       0       0       0       0       0   181CD    3039       0       0
  200000000              50000000              50000000             2.9421985E-05         1.0000000E+30                 0       
 NEXT SEEDS:3A90ED0D       0       0       0       0       0   181CD    3039       0       0
  205000000              45000000              45000000             2.9420970E-05         1.0000000E+30                 0       
 NEXT SEEDS:  6CF5E9       1       0       0       0       0   181CD    3039       0       0
  210000000              40000000              40000000             2.9423456E-05         1.0000000E+30                 0       
 NEXT SEEDS: 1E3BB18       1       0       0       0       0   181CD    3039       0       0
  215000000              35000000              35000000             2.9421121E-05         1.0000000E+30                 0       
 NEXT SEEDS: 35A3AAE       1       0       0       0       0   181CD    3039       0       0
  220000000              30000000              30000000             2.9421571E-05         1.0000000E+30                 0       
 NEXT SEEDS: 4D0F876       1       0       0       0       0   181CD    3039       0       0
  225000000              25000000              25000000             2.9420950E-05         1.0000000E+30                 0       
 NEXT SEEDS: 647CF56       1       0       0       0       0   181CD    3039       0       0
  230000000              20000000              20000000             2.9419215E-05         1.0000000E+30                 0       
 NEXT SEEDS: 7BE7320       1       0       0       0       0   181CD    3039       0       0
  235000000              15000000              15000000             2.9419805E-05         1.0000000E+30                 0       
 NEXT SEEDS: 93552AA       1       0       0       0       0   181CD    3039       0       0
  240000000              10000000              10000000             2.9419631E-05         1.0000000E+30                 0       
 NEXT SEEDS: AAC1A53       1       0       0       0       0   181CD    3039       0       0
  *** Emfgeo: Ncoun  2000000000
  245000000               5000000               5000000             2.9420498E-05         1.0000000E+30                 0       
 NEXT SEEDS: C22E900       1       0       0       0       0   181CD    3039       0       0
  249999950                    50                    50             2.9421021E-05         1.0000000E+30                 0       
 NEXT SEEDS: D99D462       1       0       0       0       0   181CD    3039       0       0
  249999951                    49                    49             2.9421023E-05         1.0000000E+30                 0       
 NEXT SEEDS: D99D466       1       0       0       0       0   181CD    3039       0       0
  249999952                    48                    48             2.9421023E-05         1.0000000E+30                 0       
 NEXT SEEDS: D99D46A       1       0       0       0       0   181CD    3039       0       0
  249999953                    47                    47             2.9421025E-05         1.0000000E+30                 0       
 NEXT SEEDS: D99D470       1       0       0       0       0   181CD    3039       0       0
  249999954                    46                    46             2.9421027E-05         1.0000000E+30                 0       
 NEXT SEEDS: D99D474       1       0       0       0       0   181CD    3039       0       0
  249999955                    45                    45             2.9421027E-05         1.0000000E+30                 0       
 NEXT SEEDS: D99D478       1       0       0       0       0   181CD    3039       0       0
  249999956                    44                    44             2.9421027E-05         1.0000000E+30                 0       
 NEXT SEEDS: D99D47C       1       0       0       0       0   181CD    3039       0       0
  249999957                    43                    43             2.9421028E-05         1.0000000E+30                 0       
 NEXT SEEDS: D99D480       1       0       0       0       0   181CD    3039       0       0
  249999958                    42                    42             2.9421028E-05         1.0000000E+30                 0       
 NEXT SEEDS: D99D484       1       0       0       0       0   181CD    3039       0       0
  249999959                    41                    41             2.9421028E-05         1.0000000E+30                 0       
 NEXT SEEDS: D99D488       1       0       0       0       0   181CD    3039       0       0
  249999960                    40                    40             2.9421030E-05         1.0000000E+30                 0       
 NEXT SEEDS: D99D48C       1       0       0       0       0   181CD    3039       0       0
  249999961                    39                    39             2.9421030E-05         1.0000000E+30                 0       
 NEXT SEEDS: D99D490       1       0       0       0       0   181CD    3039       0       0
  249999962                    38                    38             2.9421030E-05         1.0000000E+30                 0       
 NEXT SEEDS: D99D494       1       0       0       0       0   181CD    3039       0       0
  249999963                    37                    37             2.9421032E-05         1.0000000E+30                 0       
 NEXT SEEDS: D99D4A5       1       0       0       0       0   181CD    3039       0       0
  249999964                    36                    36             2.9421031E-05         1.0000000E+30                 0       
 NEXT SEEDS: D99D4A9       1       0       0       0       0   181CD    3039       0       0
  249999965                    35                    35             2.9421033E-05         1.0000000E+30                 0       
 NEXT SEEDS: D99D4AD       1       0       0       0       0   181CD    3039       0       0
  249999966                    34                    34             2.9421033E-05         1.0000000E+30                 0       
 NEXT SEEDS: D99D4B1       1       0       0       0       0   181CD    3039       0       0
  249999967                    33                    33             2.9421033E-05         1.0000000E+30                 0       
 NEXT SEEDS: D99D4B5       1       0       0       0       0   181CD    3039       0       0
  249999968                    32                    32             2.9421035E-05         1.0000000E+30                 0       
 NEXT SEEDS: D99D4B9       1       0       0       0       0   181CD    3039       0       0
  249999969                    31                    31             2.9421035E-05         1.0000000E+30                 0       
 NEXT SEEDS: D99D4BD       1       0       0       0       0   181CD    3039       0       0
  249999970                    30                    30             2.9421035E-05         1.0000000E+30                 0       
 NEXT SEEDS: D99D4C1       1       0       0       0       0   181CD    3039       0       0
  249999971                    29                    29             2.9421037E-05         1.0000000E+30                 0       
 NEXT SEEDS: D99D4C5       1       0       0       0       0   181CD    3039       0       0
  249999972                    28                    28             2.9421036E-05         1.0000000E+30                 0       
 NEXT SEEDS: D99D4C9       1       0       0       0       0   181CD    3039       0       0
  249999973                    27                    27             2.9421036E-05         1.0000000E+30                 0       
 NEXT SEEDS: D99D4CD       1       0       0       0       0   181CD    3039       0       0
  249999974                    26                    26             2.9421038E-05         1.0000000E+30                 0       
 NEXT SEEDS: D99D4D1       1       0       0       0       0   181CD    3039       0       0
  249999975                    25                    25             2.9421038E-05         1.0000000E+30                 0       
 NEXT SEEDS: D99D4D5       1       0       0       0       0   181CD    3039       0       0
  249999976                    24                    24             2.9421038E-05         1.0000000E+30                 0       
 NEXT SEEDS: D99D4D9       1       0       0       0       0   181CD    3039       0       0
  249999977                    23                    23             2.9421040E-05         1.0000000E+30                 0       
 NEXT SEEDS: D99D4DD       1       0       0       0       0   181CD    3039       0       0
  249999978                    22                    22             2.9421042E-05         1.0000000E+30                 0       
 NEXT SEEDS: D99D4E1       1       0       0       0       0   181CD    3039       0       0
  249999979                    21                    21             2.9421041E-05         1.0000000E+30                 0       
 NEXT SEEDS: D99D4E5       1       0       0       0       0   181CD    3039       0       0
  249999980                    20                    20             2.9421041E-05         1.0000000E+30                 0       
 NEXT SEEDS: D99D4E9       1       0       0       0       0   181CD    3039       0       0
  249999981                    19                    19             2.9421043E-05         1.0000000E+30                 0       
 NEXT SEEDS: D99D4ED       1       0       0       0       0   181CD    3039       0       0
  249999982                    18                    18             2.9421043E-05         1.0000000E+30                 0       
 NEXT SEEDS: D99D4F1       1       0       0       0       0   181CD    3039       0       0
  249999983                    17                    17             2.9421043E-05         1.0000000E+30                 0       
 NEXT SEEDS: D99D4F7       1       0       0       0       0   181CD    3039       0       0
  249999984                    16                    16             2.9421043E-05         1.0000000E+30                 0       
 NEXT SEEDS: D99D4FB       1       0       0       0       0   181CD    3039       0       0
  249999985                    15                    15             2.9421043E-05         1.0000000E+30                 0       
 NEXT SEEDS: D99D4FF       1       0       0       0       0   181CD    3039       0       0
  249999986                    14                    14             2.9421043E-05         1.0000000E+30                 0       
 NEXT SEEDS: D99D503       1       0       0       0       0   181CD    3039       0       0
  249999987                    13                    13             2.9421042E-05         1.0000000E+30                 0       
 NEXT SEEDS: D99D507       1       0       0       0       0   181CD    3039       0       0
  249999988                    12                    12             2.9421042E-05         1.0000000E+30                 0       
 NEXT SEEDS: D99D50B       1       0       0       0       0   181CD    3039       0       0
  249999989                    11                    11             2.9421042E-05         1.0000000E+30                 0       
 NEXT SEEDS: D99D524       1       0       0       0       0   181CD    3039       0       0
  249999990                    10                    10             2.9421042E-05         1.0000000E+30                 0       
 NEXT SEEDS: D99D528       1       0       0       0       0   181CD    3039       0       0
  249999991                     9                     9             2.9421042E-05         1.0000000E+30                 0       
 NEXT SEEDS: D99D52C       1       0       0       0       0   181CD    3039       0       0
  249999992                     8                     8             2.9421042E-05         1.0000000E+30                 0       
 NEXT SEEDS: D99D530       1       0       0       0       0   181CD    3039       0       0
  249999993                     7                     7             2.9421042E-05         1.0000000E+30                 0       
 NEXT SEEDS: D99D534       1       0       0       0       0   181CD    3039       0       0
  249999994                     6                     6             2.9421042E-05         1.0000000E+30                 0       
 NEXT SEEDS: D99D538       1       0       0       0       0   181CD    3039       0       0
  249999995                     5                     5             2.9421042E-05         1.0000000E+30                 0       
 NEXT SEEDS: D99D53C       1       0       0       0       0   181CD    3039       0       0
  249999996                     4                     4             2.9421041E-05         1.0000000E+30                 0       
 NEXT SEEDS: D99D540       1       0       0       0       0   181CD    3039       0       0
  249999997                     3                     3             2.9421043E-05         1.0000000E+30                 0       
 NEXT SEEDS: D99D550       1       0       0       0       0   181CD    3039       0       0
  249999998                     2                     2             2.9421043E-05         1.0000000E+30                 0       
 NEXT SEEDS: D99D554       1       0       0       0       0   181CD    3039       0       0
  249999999                     1                     1             2.9421045E-05         1.0000000E+30                 0       
 NEXT SEEDS: D99D55A       1       0       0       0       0   181CD    3039       0       0
  250000000                     0                     1             2.9421047E-05         1.0000000E+30                 0       
 NEXT SEEDS: D99D55E       1       0       0       0       0   181CD    3039       0       0
