1NUMBER OF BEAM       NUMBER OF BEAM        APPROXIMATE NUMBER    AVERAGE TIME USED     TIME LEFT (RESERVED   NUMBER OF STARS
 PARTICLES HANDLED    PARTICLES LEFT        OF BEAM PARTICLES     BY A BEAM PARTICLE     10000.0 SECONDS      CREATED
                                            THAT CAN STILL BE                           FOR PRINTOUT)
                                            HANDLED

 NEXT SEEDS:       0       0       0       0       0       0   181CD    3039       0       0
          1             249999999             249999999             6.1702728E-04         1.0000000E+30                 0       
 NEXT SEEDS:       6       0       0       0       0       0   181CD    3039       0       0
    5000000             245000000             245000000             2.8500588E-05         1.0000000E+30                 0       
 NEXT SEEDS: 17714B9       0       0       0       0       0   181CD    3039       0       0
   10000000             240000000             240000000             2.8429211E-05         1.0000000E+30                 0       
 NEXT SEEDS: 2EE507E       0       0       0       0       0   181CD    3039       0       0
   15000000             235000000             235000000             2.8412827E-05         1.0000000E+30                 0       
 NEXT SEEDS: 465713C       0       0       0       0       0   181CD    3039       0       0
   20000000             230000000             230000000             2.8402481E-05         1.0000000E+30                 0       
 NEXT SEEDS: 5DC6EAA       0       0       0       0       0   181CD    3039       0       0
   25000000             225000000             225000000             2.8384731E-05         1.0000000E+30                 0       
 NEXT SEEDS: 7536783       0       0       0       0       0   181CD    3039       0       0
   30000000             220000000             220000000             2.8396077E-05         1.0000000E+30                 0       
 NEXT SEEDS: 8CAA0FA       0       0       0       0       0   181CD    3039       0       0
   35000000             215000000             215000000             2.8387127E-05         1.0000000E+30                 0       
 NEXT SEEDS: A41C6B6       0       0       0       0       0   181CD    3039       0       0
   40000000             210000000             210000000             2.8387363E-05         1.0000000E+30                 0       
 NEXT SEEDS: BB91BDC       0       0       0       0       0   181CD    3039       0       0
   45000000             205000000             205000000             2.8381055E-05         1.0000000E+30                 0       
 NEXT SEEDS: D300382       0       0       0       0       0   181CD    3039       0       0
   50000000             200000000             200000000             2.8384011E-05         1.0000000E+30                 0       
 NEXT SEEDS: EA6FD26       0       0       0       0       0   181CD    3039       0       0
   55000000             195000000             195000000             2.8384120E-05         1.0000000E+30                 0       
 NEXT SEEDS:101E0CE6       0       0       0       0       0   181CD    3039       0       0
   60000000             190000000             190000000             2.8385791E-05         1.0000000E+30                 0       
 NEXT SEEDS:119517EF       0       0       0       0       0   181CD    3039       0       0
   65000000             185000000             185000000             2.8381582E-05         1.0000000E+30                 0       
 NEXT SEEDS:130C073A       0       0       0       0       0   181CD    3039       0       0
   70000000             180000000             180000000             2.8379504E-05         1.0000000E+30                 0       
 NEXT SEEDS:14831727       0       0       0       0       0   181CD    3039       0       0
   75000000             175000000             175000000             2.8379564E-05         1.0000000E+30                 0       
 NEXT SEEDS:15F9C85B       0       0       0       0       0   181CD    3039       0       0
   80000000             170000000             170000000             2.8378757E-05         1.0000000E+30                 0       
 NEXT SEEDS:1770D554       0       0       0       0       0   181CD    3039       0       0
  *** Emfgeo: Ncoun  2000000000
   85000000             165000000             165000000             2.8378702E-05         1.0000000E+30                 0       
 NEXT SEEDS:18E7F5D8       0       0       0       0       0   181CD    3039       0       0
   90000000             160000000             160000000             2.8379069E-05         1.0000000E+30                 0       
 NEXT SEEDS:1A5F1346       0       0       0       0       0   181CD    3039       0       0
   95000000             155000000             155000000             2.8378904E-05         1.0000000E+30                 0       
 NEXT SEEDS:1BD62ABE       0       0       0       0       0   181CD    3039       0       0
  100000000             150000000             150000000             2.8379260E-05         1.0000000E+30                 0       
 NEXT SEEDS:1D4D77BC       0       0       0       0       0   181CD    3039       0       0
  105000000             145000000             145000000             2.8376779E-05         1.0000000E+30                 0       
 NEXT SEEDS:1EC49475       0       0       0       0       0   181CD    3039       0       0
  110000000             140000000             140000000             2.8375493E-05         1.0000000E+30                 0       
 NEXT SEEDS:203BD465       0       0       0       0       0   181CD    3039       0       0
  115000000             135000000             135000000             2.8375841E-05         1.0000000E+30                 0       
 NEXT SEEDS:21B2B934       0       0       0       0       0   181CD    3039       0       0
  120000000             130000000             130000000             2.8375030E-05         1.0000000E+30                 0       
 NEXT SEEDS:23299FCF       0       0       0       0       0   181CD    3039       0       0
  125000000             125000000             125000000             2.8373293E-05         1.0000000E+30                 0       
 NEXT SEEDS:24A0D745       0       0       0       0       0   181CD    3039       0       0
  130000000             120000000             120000000             2.8376384E-05         1.0000000E+30                 0       
 NEXT SEEDS:26180B77       0       0       0       0       0   181CD    3039       0       0
  135000000             115000000             115000000             2.8377658E-05         1.0000000E+30                 0       
 NEXT SEEDS:278F6EBD       0       0       0       0       0   181CD    3039       0       0
  140000000             110000000             110000000             2.8376276E-05         1.0000000E+30                 0       
 NEXT SEEDS:290663B6       0       0       0       0       0   181CD    3039       0       0
  145000000             105000000             105000000             2.8376620E-05         1.0000000E+30                 0       
 NEXT SEEDS:2A7D88D7       0       0       0       0       0   181CD    3039       0       0
  150000000             100000000             100000000             2.8377510E-05         1.0000000E+30                 0       
 NEXT SEEDS:2BF4AF6E       0       0       0       0       0   181CD    3039       0       0
  155000000              95000000              95000000             2.8378024E-05         1.0000000E+30                 0       
 NEXT SEEDS:2D6BCB0C       0       0       0       0       0   181CD    3039       0       0
  160000000              90000000              90000000             2.8376923E-05         1.0000000E+30                 0       
 NEXT SEEDS:2EE2D08E       0       0       0       0       0   181CD    3039       0       0
  *** Emfgeo: Ncoun  2000000000
  165000000              85000000              85000000             2.8377276E-05         1.0000000E+30                 0       
 NEXT SEEDS:3059E16C       0       0       0       0       0   181CD    3039       0       0
  170000000              80000000              80000000             2.8379104E-05         1.0000000E+30                 0       
 NEXT SEEDS:31D14B72       0       0       0       0       0   181CD    3039       0       0
  175000000              75000000              75000000             2.8379766E-05         1.0000000E+30                 0       
 NEXT SEEDS:33486D72       0       0       0       0       0   181CD    3039       0       0
  180000000              70000000              70000000             2.8380062E-05         1.0000000E+30                 0       
 NEXT SEEDS:34BF867A       0       0       0       0       0   181CD    3039       0       0
  185000000              65000000              65000000             2.8379907E-05         1.0000000E+30                 0       
 NEXT SEEDS:3636BAA8       0       0       0       0       0   181CD    3039       0       0
  190000000              60000000              60000000             2.8379988E-05         1.0000000E+30                 0       
 NEXT SEEDS:37AE0235       0       0       0       0       0   181CD    3039       0       0
  195000000              55000000              55000000             2.8379983E-05         1.0000000E+30                 0       
 NEXT SEEDS:39250497       0       0       0       0       0   181CD    3039       0       0
  200000000              50000000              50000000             2.8379343E-05         1.0000000E+30                 0       
 NEXT SEEDS:3A9C39F6       0       0       0       0       0   181CD    3039       0       0
  205000000              45000000              45000000             2.8379709E-05         1.0000000E+30                 0       
 NEXT SEEDS:  7894B4       1       0       0       0       0   181CD    3039       0       0
  210000000              40000000              40000000             2.8379711E-05         1.0000000E+30                 0       
 NEXT SEEDS: 1EFC3A8       1       0       0       0       0   181CD    3039       0       0
  215000000              35000000              35000000             2.8379397E-05         1.0000000E+30                 0       
 NEXT SEEDS: 366B98C       1       0       0       0       0   181CD    3039       0       0
  220000000              30000000              30000000             2.8379548E-05         1.0000000E+30                 0       
 NEXT SEEDS: 4DE1440       1       0       0       0       0   181CD    3039       0       0
  225000000              25000000              25000000             2.8379865E-05         1.0000000E+30                 0       
 NEXT SEEDS: 6555459       1       0       0       0       0   181CD    3039       0       0
  230000000              20000000              20000000             2.8380675E-05         1.0000000E+30                 0       
 NEXT SEEDS: 7CC37EC       1       0       0       0       0   181CD    3039       0       0
  235000000              15000000              15000000             2.8382480E-05         1.0000000E+30                 0       
 NEXT SEEDS: 9434820       1       0       0       0       0   181CD    3039       0       0
  240000000              10000000              10000000             2.8382615E-05         1.0000000E+30                 0       
 NEXT SEEDS: ABA5090       1       0       0       0       0   181CD    3039       0       0
  *** Emfgeo: Ncoun  2000000000
  245000000               5000000               5000000             2.8383149E-05         1.0000000E+30                 0       
 NEXT SEEDS: C3153DE       1       0       0       0       0   181CD    3039       0       0
  249999950                    50                    50             2.8382812E-05         1.0000000E+30                 0       
 NEXT SEEDS: DA87381       1       0       0       0       0   181CD    3039       0       0
  249999951                    49                    49             2.8382814E-05         1.0000000E+30                 0       
 NEXT SEEDS: DA87385       1       0       0       0       0   181CD    3039       0       0
  249999952                    48                    48             2.8382816E-05         1.0000000E+30                 0       
 NEXT SEEDS: DA87389       1       0       0       0       0   181CD    3039       0       0
  249999953                    47                    47             2.8382816E-05         1.0000000E+30                 0       
 NEXT SEEDS: DA8738D       1       0       0       0       0   181CD    3039       0       0
  249999954                    46                    46             2.8382818E-05         1.0000000E+30                 0       
 NEXT SEEDS: DA87393       1       0       0       0       0   181CD    3039       0       0
  249999955                    45                    45             2.8382818E-05         1.0000000E+30                 0       
 NEXT SEEDS: DA87397       1       0       0       0       0   181CD    3039       0       0
  249999956                    44                    44             2.8382817E-05         1.0000000E+30                 0       
 NEXT SEEDS: DA8739B       1       0       0       0       0   181CD    3039       0       0
  249999957                    43                    43             2.8382819E-05         1.0000000E+30                 0       
 NEXT SEEDS: DA8739F       1       0       0       0       0   181CD    3039       0       0
  249999958                    42                    42             2.8382819E-05         1.0000000E+30                 0       
 NEXT SEEDS: DA873A3       1       0       0       0       0   181CD    3039       0       0
  249999959                    41                    41             2.8382819E-05         1.0000000E+30                 0       
 NEXT SEEDS: DA873A7       1       0       0       0       0   181CD    3039       0       0
  249999960                    40                    40             2.8382821E-05         1.0000000E+30                 0       
 NEXT SEEDS: DA873AB       1       0       0       0       0   181CD    3039       0       0
  249999961                    39                    39             2.8382821E-05         1.0000000E+30                 0       
 NEXT SEEDS: DA873B1       1       0       0       0       0   181CD    3039       0       0
  249999962                    38                    38             2.8382821E-05         1.0000000E+30                 0       
 NEXT SEEDS: DA873B5       1       0       0       0       0   181CD    3039       0       0
  249999963                    37                    37             2.8382823E-05         1.0000000E+30                 0       
 NEXT SEEDS: DA873B9       1       0       0       0       0   181CD    3039       0       0
  249999964                    36                    36             2.8382824E-05         1.0000000E+30                 0       
 NEXT SEEDS: DA873BD       1       0       0       0       0   181CD    3039       0       0
  249999965                    35                    35             2.8382824E-05         1.0000000E+30                 0       
 NEXT SEEDS: DA873C1       1       0       0       0       0   181CD    3039       0       0
  249999966                    34                    34             2.8382824E-05         1.0000000E+30                 0       
 NEXT SEEDS: DA873C5       1       0       0       0       0   181CD    3039       0       0
  249999967                    33                    33             2.8382824E-05         1.0000000E+30                 0       
 NEXT SEEDS: DA873C9       1       0       0       0       0   181CD    3039       0       0
  249999968                    32                    32             2.8382826E-05         1.0000000E+30                 0       
 NEXT SEEDS: DA873CD       1       0       0       0       0   181CD    3039       0       0
  249999969                    31                    31             2.8382826E-05         1.0000000E+30                 0       
 NEXT SEEDS: DA873D1       1       0       0       0       0   181CD    3039       0       0
  249999970                    30                    30             2.8382826E-05         1.0000000E+30                 0       
 NEXT SEEDS: DA873D5       1       0       0       0       0   181CD    3039       0       0
  249999971                    29                    29             2.8382827E-05         1.0000000E+30                 0       
 NEXT SEEDS: DA873D9       1       0       0       0       0   181CD    3039       0       0
  249999972                    28                    28             2.8382827E-05         1.0000000E+30                 0       
 NEXT SEEDS: DA873DD       1       0       0       0       0   181CD    3039       0       0
  249999973                    27                    27             2.8382827E-05         1.0000000E+30                 0       
 NEXT SEEDS: DA873E1       1       0       0       0       0   181CD    3039       0       0
  249999974                    26                    26             2.8382829E-05         1.0000000E+30                 0       
 NEXT SEEDS: DA873E5       1       0       0       0       0   181CD    3039       0       0
  249999975                    25                    25             2.8382829E-05         1.0000000E+30                 0       
 NEXT SEEDS: DA873E9       1       0       0       0       0   181CD    3039       0       0
  249999976                    24                    24             2.8382829E-05         1.0000000E+30                 0       
 NEXT SEEDS: DA873ED       1       0       0       0       0   181CD    3039       0       0
  249999977                    23                    23             2.8382831E-05         1.0000000E+30                 0       
 NEXT SEEDS: DA873F1       1       0       0       0       0   181CD    3039       0       0
  249999978                    22                    22             2.8382833E-05         1.0000000E+30                 0       
 NEXT SEEDS: DA873F5       1       0       0       0       0   181CD    3039       0       0
  249999979                    21                    21             2.8382832E-05         1.0000000E+30                 0       
 NEXT SEEDS: DA873F9       1       0       0       0       0   181CD    3039       0       0
  249999980                    20                    20             2.8382832E-05         1.0000000E+30                 0       
 NEXT SEEDS: DA873FD       1       0       0       0       0   181CD    3039       0       0
  249999981                    19                    19             2.8382834E-05         1.0000000E+30                 0       
 NEXT SEEDS: DA87401       1       0       0       0       0   181CD    3039       0       0
  249999982                    18                    18             2.8382834E-05         1.0000000E+30                 0       
 NEXT SEEDS: DA87405       1       0       0       0       0   181CD    3039       0       0
  249999983                    17                    17             2.8382834E-05         1.0000000E+30                 0       
 NEXT SEEDS: DA87409       1       0       0       0       0   181CD    3039       0       0
  249999984                    16                    16             2.8382834E-05         1.0000000E+30                 0       
 NEXT SEEDS: DA8740D       1       0       0       0       0   181CD    3039       0       0
  249999985                    15                    15             2.8382834E-05         1.0000000E+30                 0       
 NEXT SEEDS: DA87411       1       0       0       0       0   181CD    3039       0       0
  249999986                    14                    14             2.8382834E-05         1.0000000E+30                 0       
 NEXT SEEDS: DA87415       1       0       0       0       0   181CD    3039       0       0
  249999987                    13                    13             2.8382833E-05         1.0000000E+30                 0       
 NEXT SEEDS: DA87419       1       0       0       0       0   181CD    3039       0       0
  249999988                    12                    12             2.8382833E-05         1.0000000E+30                 0       
 NEXT SEEDS: DA8741D       1       0       0       0       0   181CD    3039       0       0
  249999989                    11                    11             2.8382833E-05         1.0000000E+30                 0       
 NEXT SEEDS: DA87421       1       0       0       0       0   181CD    3039       0       0
  249999990                    10                    10             2.8382833E-05         1.0000000E+30                 0       
 NEXT SEEDS: DA87425       1       0       0       0       0   181CD    3039       0       0
  249999991                     9                     9             2.8382835E-05         1.0000000E+30                 0       
 NEXT SEEDS: DA87429       1       0       0       0       0   181CD    3039       0       0
  249999992                     8                     8             2.8382837E-05         1.0000000E+30                 0       
 NEXT SEEDS: DA8742D       1       0       0       0       0   181CD    3039       0       0
  249999993                     7                     7             2.8382837E-05         1.0000000E+30                 0       
 NEXT SEEDS: DA87431       1       0       0       0       0   181CD    3039       0       0
  249999994                     6                     6             2.8382837E-05         1.0000000E+30                 0       
 NEXT SEEDS: DA87435       1       0       0       0       0   181CD    3039       0       0
  249999995                     5                     5             2.8382838E-05         1.0000000E+30                 0       
 NEXT SEEDS: DA8743B       1       0       0       0       0   181CD    3039       0       0
  249999996                     4                     4             2.8382838E-05         1.0000000E+30                 0       
 NEXT SEEDS: DA8743F       1       0       0       0       0   181CD    3039       0       0
  249999997                     3                     3             2.8382838E-05         1.0000000E+30                 0       
 NEXT SEEDS: DA87443       1       0       0       0       0   181CD    3039       0       0
  249999998                     2                     2             2.8382840E-05         1.0000000E+30                 0       
 NEXT SEEDS: DA87447       1       0       0       0       0   181CD    3039       0       0
  249999999                     1                     1             2.8382840E-05         1.0000000E+30                 0       
 NEXT SEEDS: DA8744B       1       0       0       0       0   181CD    3039       0       0
  250000000                     0                     1             2.8382840E-05         1.0000000E+30                 0       
 NEXT SEEDS: DA8744F       1       0       0       0       0   181CD    3039       0       0
