1NUMBER OF BEAM       NUMBER OF BEAM        APPROXIMATE NUMBER    AVERAGE TIME USED     TIME LEFT (RESERVED   NUMBER OF STARS
 PARTICLES HANDLED    PARTICLES LEFT        OF BEAM PARTICLES     BY A BEAM PARTICLE     10000.0 SECONDS      CREATED
                                            THAT CAN STILL BE                           FOR PRINTOUT)
                                            HANDLED

 NEXT SEEDS:       0       0       0       0       0       0   181CD    3039       0       0
          1             249999999             249999999             8.4161758E-05         1.0000000E+30                 0       
 NEXT SEEDS:       4       0       0       0       0       0   181CD    3039       0       0
    5000000             245000000             245000000             2.7760545E-05         1.0000000E+30                 0       
 NEXT SEEDS: 1771D29       0       0       0       0       0   181CD    3039       0       0
   10000000             240000000             240000000             2.7806098E-05         1.0000000E+30                 0       
 NEXT SEEDS: 2EE7C6B       0       0       0       0       0   181CD    3039       0       0
   15000000             235000000             235000000             2.7796224E-05         1.0000000E+30                 0       
 NEXT SEEDS: 4659B2D       0       0       0       0       0   181CD    3039       0       0
   20000000             230000000             230000000             2.7777773E-05         1.0000000E+30                 0       
 NEXT SEEDS: 5DCBF47       0       0       0       0       0   181CD    3039       0       0
   25000000             225000000             225000000             2.7775380E-05         1.0000000E+30                 0       
 NEXT SEEDS: 753CEA1       0       0       0       0       0   181CD    3039       0       0
   30000000             220000000             220000000             2.7776444E-05         1.0000000E+30                 0       
 NEXT SEEDS: 8CB2BD1       0       0       0       0       0   181CD    3039       0       0
   35000000             215000000             215000000             2.7776682E-05         1.0000000E+30                 0       
 NEXT SEEDS: A423FA5       0       0       0       0       0   181CD    3039       0       0
   40000000             210000000             210000000             2.7779569E-05         1.0000000E+30                 0       
 NEXT SEEDS: BB980DA       0       0       0       0       0   181CD    3039       0       0
   45000000             205000000             205000000             2.7779496E-05         1.0000000E+30                 0       
 NEXT SEEDS: D30EDB5       0       0       0       0       0   181CD    3039       0       0
   50000000             200000000             200000000             2.7780745E-05         1.0000000E+30                 0       
 NEXT SEEDS: EA8351B       0       0       0       0       0   181CD    3039       0       0
   55000000             195000000             195000000             2.7775491E-05         1.0000000E+30                 0       
 NEXT SEEDS:101F6C7C       0       0       0       0       0   181CD    3039       0       0
   60000000             190000000             190000000             2.7776864E-05         1.0000000E+30                 0       
 NEXT SEEDS:1196BB92       0       0       0       0       0   181CD    3039       0       0
   65000000             185000000             185000000             2.7773754E-05         1.0000000E+30                 0       
 NEXT SEEDS:130DD009       0       0       0       0       0   181CD    3039       0       0
   70000000             180000000             180000000             2.7771750E-05         1.0000000E+30                 0       
 NEXT SEEDS:148508EE       0       0       0       0       0   181CD    3039       0       0
   75000000             175000000             175000000             2.7773280E-05         1.0000000E+30                 0       
 NEXT SEEDS:15FC52B1       0       0       0       0       0   181CD    3039       0       0
   80000000             170000000             170000000             2.7775460E-05         1.0000000E+30                 0       
 NEXT SEEDS:177397EA       0       0       0       0       0   181CD    3039       0       0
  *** Emfgeo: Ncoun  2000000000
   85000000             165000000             165000000             2.7779368E-05         1.0000000E+30                 0       
 NEXT SEEDS:18EB27BD       0       0       0       0       0   181CD    3039       0       0
   90000000             160000000             160000000             2.7779342E-05         1.0000000E+30                 0       
 NEXT SEEDS:1A625F15       0       0       0       0       0   181CD    3039       0       0
   95000000             155000000             155000000             2.7778093E-05         1.0000000E+30                 0       
 NEXT SEEDS:1BD98DEC       0       0       0       0       0   181CD    3039       0       0
  100000000             150000000             150000000             2.7776344E-05         1.0000000E+30                 0       
 NEXT SEEDS:1D50C3A1       0       0       0       0       0   181CD    3039       0       0
  105000000             145000000             145000000             2.7774202E-05         1.0000000E+30                 0       
 NEXT SEEDS:1EC7D0AF       0       0       0       0       0   181CD    3039       0       0
  110000000             140000000             140000000             2.7775004E-05         1.0000000E+30                 0       
 NEXT SEEDS:203EF561       0       0       0       0       0   181CD    3039       0       0
  115000000             135000000             135000000             2.7776893E-05         1.0000000E+30                 0       
 NEXT SEEDS:21B62EF6       0       0       0       0       0   181CD    3039       0       0
  120000000             130000000             130000000             2.7774576E-05         1.0000000E+30                 0       
 NEXT SEEDS:232D41BF       0       0       0       0       0   181CD    3039       0       0
  125000000             125000000             125000000             2.7773019E-05         1.0000000E+30                 0       
 NEXT SEEDS:24A444E9       0       0       0       0       0   181CD    3039       0       0
  130000000             120000000             120000000             2.7771801E-05         1.0000000E+30                 0       
 NEXT SEEDS:261B6F6B       0       0       0       0       0   181CD    3039       0       0
  135000000             115000000             115000000             2.7769970E-05         1.0000000E+30                 0       
 NEXT SEEDS:27927083       0       0       0       0       0   181CD    3039       0       0
  140000000             110000000             110000000             2.7772248E-05         1.0000000E+30                 0       
 NEXT SEEDS:2909ED91       0       0       0       0       0   181CD    3039       0       0
  145000000             105000000             105000000             2.7771122E-05         1.0000000E+30                 0       
 NEXT SEEDS:2A80F37C       0       0       0       0       0   181CD    3039       0       0
  150000000             100000000             100000000             2.7769868E-05         1.0000000E+30                 0       
 NEXT SEEDS:2BF847C3       0       0       0       0       0   181CD    3039       0       0
  155000000              95000000              95000000             2.7769176E-05         1.0000000E+30                 0       
 NEXT SEEDS:2D6F66B0       0       0       0       0       0   181CD    3039       0       0
  160000000              90000000              90000000             2.7770442E-05         1.0000000E+30                 0       
 NEXT SEEDS:2EE68DC4       0       0       0       0       0   181CD    3039       0       0
  *** Emfgeo: Ncoun  2000000000
  165000000              85000000              85000000             2.7768094E-05         1.0000000E+30                 0       
 NEXT SEEDS:305DC3A1       0       0       0       0       0   181CD    3039       0       0
  170000000              80000000              80000000             2.7765752E-05         1.0000000E+30                 0       
 NEXT SEEDS:31D4D571       0       0       0       0       0   181CD    3039       0       0
  175000000              75000000              75000000             2.7764683E-05         1.0000000E+30                 0       
 NEXT SEEDS:334BDA91       0       0       0       0       0   181CD    3039       0       0
  180000000              70000000              70000000             2.7763526E-05         1.0000000E+30                 0       
 NEXT SEEDS:34C30857       0       0       0       0       0   181CD    3039       0       0
  185000000              65000000              65000000             2.7762781E-05         1.0000000E+30                 0       
 NEXT SEEDS:363A520B       0       0       0       0       0   181CD    3039       0       0
  190000000              60000000              60000000             2.7762987E-05         1.0000000E+30                 0       
 NEXT SEEDS:37B18184       0       0       0       0       0   181CD    3039       0       0
  195000000              55000000              55000000             2.7769242E-05         1.0000000E+30                 0       
 NEXT SEEDS:3928AF89       0       0       0       0       0   181CD    3039       0       0
  200000000              50000000              50000000             2.7777327E-05         1.0000000E+30                 0       
 NEXT SEEDS:3A9FE220       0       0       0       0       0   181CD    3039       0       0
  205000000              45000000              45000000             2.7784797E-05         1.0000000E+30                 0       
 NEXT SEEDS:  7C4509       1       0       0       0       0   181CD    3039       0       0
  210000000              40000000              40000000             2.7791209E-05         1.0000000E+30                 0       
 NEXT SEEDS: 1F36054       1       0       0       0       0   181CD    3039       0       0
  215000000              35000000              35000000             2.7794920E-05         1.0000000E+30                 0       
 NEXT SEEDS: 36AB467       1       0       0       0       0   181CD    3039       0       0
  220000000              30000000              30000000             2.7795295E-05         1.0000000E+30                 0       
 NEXT SEEDS: 4E21B5B       1       0       0       0       0   181CD    3039       0       0
  225000000              25000000              25000000             2.7800318E-05         1.0000000E+30                 0       
 NEXT SEEDS: 6593591       1       0       0       0       0   181CD    3039       0       0
  230000000              20000000              20000000             2.7801587E-05         1.0000000E+30                 0       
 NEXT SEEDS: 7D02918       1       0       0       0       0   181CD    3039       0       0
  235000000              15000000              15000000             2.7800148E-05         1.0000000E+30                 0       
 NEXT SEEDS: 9475E2B       1       0       0       0       0   181CD    3039       0       0
  240000000              10000000              10000000             2.7798658E-05         1.0000000E+30                 0       
 NEXT SEEDS: ABE7A67       1       0       0       0       0   181CD    3039       0       0
  *** Emfgeo: Ncoun  2000000000
  245000000               5000000               5000000             2.7797535E-05         1.0000000E+30                 0       
 NEXT SEEDS: C3576D6       1       0       0       0       0   181CD    3039       0       0
  249999950                    50                    50             2.7796635E-05         1.0000000E+30                 0       
 NEXT SEEDS: DACBC3E       1       0       0       0       0   181CD    3039       0       0
  249999951                    49                    49             2.7796635E-05         1.0000000E+30                 0       
 NEXT SEEDS: DACBC42       1       0       0       0       0   181CD    3039       0       0
  249999952                    48                    48             2.7796635E-05         1.0000000E+30                 0       
 NEXT SEEDS: DACBC46       1       0       0       0       0   181CD    3039       0       0
  249999953                    47                    47             2.7796635E-05         1.0000000E+30                 0       
 NEXT SEEDS: DACBC4C       1       0       0       0       0   181CD    3039       0       0
  249999954                    46                    46             2.7796635E-05         1.0000000E+30                 0       
 NEXT SEEDS: DACBC50       1       0       0       0       0   181CD    3039       0       0
  249999955                    45                    45             2.7796636E-05         1.0000000E+30                 0       
 NEXT SEEDS: DACBC54       1       0       0       0       0   181CD    3039       0       0
  249999956                    44                    44             2.7796636E-05         1.0000000E+30                 0       
 NEXT SEEDS: DACBC5A       1       0       0       0       0   181CD    3039       0       0
  249999957                    43                    43             2.7796636E-05         1.0000000E+30                 0       
 NEXT SEEDS: DACBC5E       1       0       0       0       0   181CD    3039       0       0
  249999958                    42                    42             2.7796636E-05         1.0000000E+30                 0       
 NEXT SEEDS: DACBC62       1       0       0       0       0   181CD    3039       0       0
  249999959                    41                    41             2.7796636E-05         1.0000000E+30                 0       
 NEXT SEEDS: DACBC66       1       0       0       0       0   181CD    3039       0       0
  249999960                    40                    40             2.7796636E-05         1.0000000E+30                 0       
 NEXT SEEDS: DACBC6A       1       0       0       0       0   181CD    3039       0       0
  249999961                    39                    39             2.7796636E-05         1.0000000E+30                 0       
 NEXT SEEDS: DACBC6E       1       0       0       0       0   181CD    3039       0       0
  249999962                    38                    38             2.7796636E-05         1.0000000E+30                 0       
 NEXT SEEDS: DACBC81       1       0       0       0       0   181CD    3039       0       0
  249999963                    37                    37             2.7796636E-05         1.0000000E+30                 0       
 NEXT SEEDS: DACBC85       1       0       0       0       0   181CD    3039       0       0
  249999964                    36                    36             2.7796635E-05         1.0000000E+30                 0       
 NEXT SEEDS: DACBC89       1       0       0       0       0   181CD    3039       0       0
  249999965                    35                    35             2.7796635E-05         1.0000000E+30                 0       
 NEXT SEEDS: DACBC8F       1       0       0       0       0   181CD    3039       0       0
  249999966                    34                    34             2.7796635E-05         1.0000000E+30                 0       
 NEXT SEEDS: DACBC93       1       0       0       0       0   181CD    3039       0       0
  249999967                    33                    33             2.7796637E-05         1.0000000E+30                 0       
 NEXT SEEDS: DACBC97       1       0       0       0       0   181CD    3039       0       0
  249999968                    32                    32             2.7796637E-05         1.0000000E+30                 0       
 NEXT SEEDS: DACBC9B       1       0       0       0       0   181CD    3039       0       0
  249999969                    31                    31             2.7796637E-05         1.0000000E+30                 0       
 NEXT SEEDS: DACBC9F       1       0       0       0       0   181CD    3039       0       0
  249999970                    30                    30             2.7796637E-05         1.0000000E+30                 0       
 NEXT SEEDS: DACBCA3       1       0       0       0       0   181CD    3039       0       0
  249999971                    29                    29             2.7796637E-05         1.0000000E+30                 0       
 NEXT SEEDS: DACBCA7       1       0       0       0       0   181CD    3039       0       0
  249999972                    28                    28             2.7796637E-05         1.0000000E+30                 0       
 NEXT SEEDS: DACBCCA       1       0       0       0       0   181CD    3039       0       0
  249999973                    27                    27             2.7796636E-05         1.0000000E+30                 0       
 NEXT SEEDS: DACBCCE       1       0       0       0       0   181CD    3039       0       0
  249999974                    26                    26             2.7796636E-05         1.0000000E+30                 0       
 NEXT SEEDS: DACBCD2       1       0       0       0       0   181CD    3039       0       0
  249999975                    25                    25             2.7796636E-05         1.0000000E+30                 0       
 NEXT SEEDS: DACBCD6       1       0       0       0       0   181CD    3039       0       0
  249999976                    24                    24             2.7796636E-05         1.0000000E+30                 0       
 NEXT SEEDS: DACBCDA       1       0       0       0       0   181CD    3039       0       0
  249999977                    23                    23             2.7796636E-05         1.0000000E+30                 0       
 NEXT SEEDS: DACBCDE       1       0       0       0       0   181CD    3039       0       0
  249999978                    22                    22             2.7796636E-05         1.0000000E+30                 0       
 NEXT SEEDS: DACBCE2       1       0       0       0       0   181CD    3039       0       0
  249999979                    21                    21             2.7796636E-05         1.0000000E+30                 0       
 NEXT SEEDS: DACBCE8       1       0       0       0       0   181CD    3039       0       0
  249999980                    20                    20             2.7796636E-05         1.0000000E+30                 0       
 NEXT SEEDS: DACBCEC       1       0       0       0       0   181CD    3039       0       0
  249999981                    19                    19             2.7796638E-05         1.0000000E+30                 0       
 NEXT SEEDS: DACBCF0       1       0       0       0       0   181CD    3039       0       0
  249999982                    18                    18             2.7796637E-05         1.0000000E+30                 0       
 NEXT SEEDS: DACBCF4       1       0       0       0       0   181CD    3039       0       0
  249999983                    17                    17             2.7796637E-05         1.0000000E+30                 0       
 NEXT SEEDS: DACBCF8       1       0       0       0       0   181CD    3039       0       0
  249999984                    16                    16             2.7796639E-05         1.0000000E+30                 0       
 NEXT SEEDS: DACBCFE       1       0       0       0       0   181CD    3039       0       0
  249999985                    15                    15             2.7796639E-05         1.0000000E+30                 0       
 NEXT SEEDS: DACBD02       1       0       0       0       0   181CD    3039       0       0
  249999986                    14                    14             2.7796641E-05         1.0000000E+30                 0       
 NEXT SEEDS: DACBD06       1       0       0       0       0   181CD    3039       0       0
  249999987                    13                    13             2.7796641E-05         1.0000000E+30                 0       
 NEXT SEEDS: DACBD0A       1       0       0       0       0   181CD    3039       0       0
  249999988                    12                    12             2.7796641E-05         1.0000000E+30                 0       
 NEXT SEEDS: DACBD0E       1       0       0       0       0   181CD    3039       0       0
  249999989                    11                    11             2.7796642E-05         1.0000000E+30                 0       
 NEXT SEEDS: DACBD12       1       0       0       0       0   181CD    3039       0       0
  249999990                    10                    10             2.7796642E-05         1.0000000E+30                 0       
 NEXT SEEDS: DACBD16       1       0       0       0       0   181CD    3039       0       0
  249999991                     9                     9             2.7796642E-05         1.0000000E+30                 0       
 NEXT SEEDS: DACBD1A       1       0       0       0       0   181CD    3039       0       0
  249999992                     8                     8             2.7796642E-05         1.0000000E+30                 0       
 NEXT SEEDS: DACBD1E       1       0       0       0       0   181CD    3039       0       0
  249999993                     7                     7             2.7796642E-05         1.0000000E+30                 0       
 NEXT SEEDS: DACBD22       1       0       0       0       0   181CD    3039       0       0
  249999994                     6                     6             2.7796642E-05         1.0000000E+30                 0       
 NEXT SEEDS: DACBD40       1       0       0       0       0   181CD    3039       0       0
  249999995                     5                     5             2.7796642E-05         1.0000000E+30                 0       
 NEXT SEEDS: DACBD44       1       0       0       0       0   181CD    3039       0       0
  249999996                     4                     4             2.7796644E-05         1.0000000E+30                 0       
 NEXT SEEDS: DACBD4A       1       0       0       0       0   181CD    3039       0       0
  249999997                     3                     3             2.7796644E-05         1.0000000E+30                 0       
 NEXT SEEDS: DACBD4E       1       0       0       0       0   181CD    3039       0       0
  249999998                     2                     2             2.7796645E-05         1.0000000E+30                 0       
 NEXT SEEDS: DACBD52       1       0       0       0       0   181CD    3039       0       0
  249999999                     1                     1             2.7796645E-05         1.0000000E+30                 0       
 NEXT SEEDS: DACBD56       1       0       0       0       0   181CD    3039       0       0
  250000000                     0                     1             2.7796645E-05         1.0000000E+30                 0       
 NEXT SEEDS: DACBD5A       1       0       0       0       0   181CD    3039       0       0
