1NUMBER OF BEAM       NUMBER OF BEAM        APPROXIMATE NUMBER    AVERAGE TIME USED     TIME LEFT (RESERVED   NUMBER OF STARS
 PARTICLES HANDLED    PARTICLES LEFT        OF BEAM PARTICLES     BY A BEAM PARTICLE     10000.0 SECONDS      CREATED
                                            THAT CAN STILL BE                           FOR PRINTOUT)
                                            HANDLED

 NEXT SEEDS:       0       0       0       0       0       0   181CD    3039       0       0
          1             249999999             249999999             0.0000000E+00         1.0000000E+30                 0       
 NEXT SEEDS:       4       0       0       0       0       0   181CD    3039       0       0
    5000000             245000000             245000000             2.7789433E-05         1.0000000E+30                 0       
 NEXT SEEDS: 176E1DB       0       0       0       0       0   181CD    3039       0       0
   10000000             240000000             240000000             2.7900972E-05         1.0000000E+30                 0       
 NEXT SEEDS: 2EE33F8       0       0       0       0       0   181CD    3039       0       0
   15000000             235000000             235000000             2.7976226E-05         1.0000000E+30                 0       
 NEXT SEEDS: 4654C7A       0       0       0       0       0   181CD    3039       0       0
   20000000             230000000             230000000             2.7964955E-05         1.0000000E+30                 0       
 NEXT SEEDS: 5DC73F4       0       0       0       0       0   181CD    3039       0       0
   25000000             225000000             225000000             2.7934442E-05         1.0000000E+30                 0       
 NEXT SEEDS: 7537C91       0       0       0       0       0   181CD    3039       0       0
   30000000             220000000             220000000             2.7906641E-05         1.0000000E+30                 0       
 NEXT SEEDS: 8CA51DB       0       0       0       0       0   181CD    3039       0       0
   35000000             215000000             215000000             2.7885887E-05         1.0000000E+30                 0       
 NEXT SEEDS: A4150C9       0       0       0       0       0   181CD    3039       0       0
   40000000             210000000             210000000             2.7879462E-05         1.0000000E+30                 0       
 NEXT SEEDS: BB8865A       0       0       0       0       0   181CD    3039       0       0
   45000000             205000000             205000000             2.7865718E-05         1.0000000E+30                 0       
 NEXT SEEDS: D2FAEEF       0       0       0       0       0   181CD    3039       0       0
   50000000             200000000             200000000             2.7861153E-05         1.0000000E+30                 0       
 NEXT SEEDS: EA6BF54       0       0       0       0       0   181CD    3039       0       0
   55000000             195000000             195000000             2.7859679E-05         1.0000000E+30                 0       
 NEXT SEEDS:101DEC05       0       0       0       0       0   181CD    3039       0       0
   60000000             190000000             190000000             2.7858177E-05         1.0000000E+30                 0       
 NEXT SEEDS:11951D5A       0       0       0       0       0   181CD    3039       0       0
   65000000             185000000             185000000             2.7859287E-05         1.0000000E+30                 0       
 NEXT SEEDS:130C34D7       0       0       0       0       0   181CD    3039       0       0
   70000000             180000000             180000000             2.7853579E-05         1.0000000E+30                 0       
 NEXT SEEDS:14837E6F       0       0       0       0       0   181CD    3039       0       0
   75000000             175000000             175000000             2.7850316E-05         1.0000000E+30                 0       
 NEXT SEEDS:15FA8D5F       0       0       0       0       0   181CD    3039       0       0
   80000000             170000000             170000000             2.7843207E-05         1.0000000E+30                 0       
 NEXT SEEDS:17718633       0       0       0       0       0   181CD    3039       0       0
  *** Emfgeo: Ncoun  2000000000
   85000000             165000000             165000000             2.7838735E-05         1.0000000E+30                 0       
 NEXT SEEDS:18E882AA       0       0       0       0       0   181CD    3039       0       0
   90000000             160000000             160000000             2.7837685E-05         1.0000000E+30                 0       
 NEXT SEEDS:1A5FBF80       0       0       0       0       0   181CD    3039       0       0
   95000000             155000000             155000000             2.7834740E-05         1.0000000E+30                 0       
 NEXT SEEDS:1BD6C47F       0       0       0       0       0   181CD    3039       0       0
  100000000             150000000             150000000             2.7831902E-05         1.0000000E+30                 0       
 NEXT SEEDS:1D4DFB88       0       0       0       0       0   181CD    3039       0       0
  105000000             145000000             145000000             2.7829978E-05         1.0000000E+30                 0       
 NEXT SEEDS:1EC50B5C       0       0       0       0       0   181CD    3039       0       0
  110000000             140000000             140000000             2.7832897E-05         1.0000000E+30                 0       
 NEXT SEEDS:203C0070       0       0       0       0       0   181CD    3039       0       0
  115000000             135000000             135000000             2.7829981E-05         1.0000000E+30                 0       
 NEXT SEEDS:21B2E35E       0       0       0       0       0   181CD    3039       0       0
  120000000             130000000             130000000             2.7827745E-05         1.0000000E+30                 0       
 NEXT SEEDS:2329D555       0       0       0       0       0   181CD    3039       0       0
  125000000             125000000             125000000             2.7827004E-05         1.0000000E+30                 0       
 NEXT SEEDS:24A0EB96       0       0       0       0       0   181CD    3039       0       0
  130000000             120000000             120000000             2.7825783E-05         1.0000000E+30                 0       
 NEXT SEEDS:2618243D       0       0       0       0       0   181CD    3039       0       0
  135000000             115000000             115000000             2.7823561E-05         1.0000000E+30                 0       
 NEXT SEEDS:278F12B7       0       0       0       0       0   181CD    3039       0       0
  140000000             110000000             110000000             2.7823185E-05         1.0000000E+30                 0       
 NEXT SEEDS:29064844       0       0       0       0       0   181CD    3039       0       0
  145000000             105000000             105000000             2.7821830E-05         1.0000000E+30                 0       
 NEXT SEEDS:2A7D25C8       0       0       0       0       0   181CD    3039       0       0
  150000000             100000000             100000000             2.7823242E-05         1.0000000E+30                 0       
 NEXT SEEDS:2BF43D4A       0       0       0       0       0   181CD    3039       0       0
  155000000              95000000              95000000             2.7822307E-05         1.0000000E+30                 0       
 NEXT SEEDS:2D6B698F       0       0       0       0       0   181CD    3039       0       0
  160000000              90000000              90000000             2.7822507E-05         1.0000000E+30                 0       
 NEXT SEEDS:2EE28DAB       0       0       0       0       0   181CD    3039       0       0
  *** Emfgeo: Ncoun  2000000000
  165000000              85000000              85000000             2.7820351E-05         1.0000000E+30                 0       
 NEXT SEEDS:305957FF       0       0       0       0       0   181CD    3039       0       0
  170000000              80000000              80000000             2.7817805E-05         1.0000000E+30                 0       
 NEXT SEEDS:31D06A21       0       0       0       0       0   181CD    3039       0       0
  175000000              75000000              75000000             2.7818209E-05         1.0000000E+30                 0       
 NEXT SEEDS:3347C6DC       0       0       0       0       0   181CD    3039       0       0
  180000000              70000000              70000000             2.7817470E-05         1.0000000E+30                 0       
 NEXT SEEDS:34BEC5F2       0       0       0       0       0   181CD    3039       0       0
  185000000              65000000              65000000             2.7817061E-05         1.0000000E+30                 0       
 NEXT SEEDS:3635F12A       0       0       0       0       0   181CD    3039       0       0
  190000000              60000000              60000000             2.7822407E-05         1.0000000E+30                 0       
 NEXT SEEDS:37ACE8BB       0       0       0       0       0   181CD    3039       0       0
  195000000              55000000              55000000             2.7826330E-05         1.0000000E+30                 0       
 NEXT SEEDS:3923F44E       0       0       0       0       0   181CD    3039       0       0
  200000000              50000000              50000000             2.7825286E-05         1.0000000E+30                 0       
 NEXT SEEDS:3A9B0A17       0       0       0       0       0   181CD    3039       0       0
  205000000              45000000              45000000             2.7825105E-05         1.0000000E+30                 0       
 NEXT SEEDS:  776419       1       0       0       0       0   181CD    3039       0       0
  210000000              40000000              40000000             2.7826337E-05         1.0000000E+30                 0       
 NEXT SEEDS: 1EE925D       1       0       0       0       0   181CD    3039       0       0
  215000000              35000000              35000000             2.7827975E-05         1.0000000E+30                 0       
 NEXT SEEDS: 36592A9       1       0       0       0       0   181CD    3039       0       0
  220000000              30000000              30000000             2.7827814E-05         1.0000000E+30                 0       
 NEXT SEEDS: 4DCE0A0       1       0       0       0       0   181CD    3039       0       0
  225000000              25000000              25000000             2.7827962E-05         1.0000000E+30                 0       
 NEXT SEEDS: 6540746       1       0       0       0       0   181CD    3039       0       0
  230000000              20000000              20000000             2.7826223E-05         1.0000000E+30                 0       
 NEXT SEEDS: 7CB1E6E       1       0       0       0       0   181CD    3039       0       0
  235000000              15000000              15000000             2.7824246E-05         1.0000000E+30                 0       
 NEXT SEEDS: 941FFA4       1       0       0       0       0   181CD    3039       0       0
  240000000              10000000              10000000             2.7823313E-05         1.0000000E+30                 0       
 NEXT SEEDS: AB9140C       1       0       0       0       0   181CD    3039       0       0
  *** Emfgeo: Ncoun  2000000000
  245000000               5000000               5000000             2.7822310E-05         1.0000000E+30                 0       
 NEXT SEEDS: C301C59       1       0       0       0       0   181CD    3039       0       0
  249999950                    50                    50             2.7822752E-05         1.0000000E+30                 0       
 NEXT SEEDS: DA74FCF       1       0       0       0       0   181CD    3039       0       0
  249999951                    49                    49             2.7822754E-05         1.0000000E+30                 0       
 NEXT SEEDS: DA74FD3       1       0       0       0       0   181CD    3039       0       0
  249999952                    48                    48             2.7822753E-05         1.0000000E+30                 0       
 NEXT SEEDS: DA74FD7       1       0       0       0       0   181CD    3039       0       0
  249999953                    47                    47             2.7822753E-05         1.0000000E+30                 0       
 NEXT SEEDS: DA74FDB       1       0       0       0       0   181CD    3039       0       0
  249999954                    46                    46             2.7822755E-05         1.0000000E+30                 0       
 NEXT SEEDS: DA74FDF       1       0       0       0       0   181CD    3039       0       0
  249999955                    45                    45             2.7822755E-05         1.0000000E+30                 0       
 NEXT SEEDS: DA74FE3       1       0       0       0       0   181CD    3039       0       0
  249999956                    44                    44             2.7822755E-05         1.0000000E+30                 0       
 NEXT SEEDS: DA74FE7       1       0       0       0       0   181CD    3039       0       0
  249999957                    43                    43             2.7822755E-05         1.0000000E+30                 0       
 NEXT SEEDS: DA74FF3       1       0       0       0       0   181CD    3039       0       0
  249999958                    42                    42             2.7822755E-05         1.0000000E+30                 0       
 NEXT SEEDS: DA74FF7       1       0       0       0       0   181CD    3039       0       0
  249999959                    41                    41             2.7822755E-05         1.0000000E+30                 0       
 NEXT SEEDS: DA74FFB       1       0       0       0       0   181CD    3039       0       0
  249999960                    40                    40             2.7822755E-05         1.0000000E+30                 0       
 NEXT SEEDS: DA74FFF       1       0       0       0       0   181CD    3039       0       0
  249999961                    39                    39             2.7822754E-05         1.0000000E+30                 0       
 NEXT SEEDS: DA75003       1       0       0       0       0   181CD    3039       0       0
  249999962                    38                    38             2.7822754E-05         1.0000000E+30                 0       
 NEXT SEEDS: DA75007       1       0       0       0       0   181CD    3039       0       0
  249999963                    37                    37             2.7822754E-05         1.0000000E+30                 0       
 NEXT SEEDS: DA7500B       1       0       0       0       0   181CD    3039       0       0
  249999964                    36                    36             2.7822754E-05         1.0000000E+30                 0       
 NEXT SEEDS: DA7500F       1       0       0       0       0   181CD    3039       0       0
  249999965                    35                    35             2.7822754E-05         1.0000000E+30                 0       
 NEXT SEEDS: DA75023       1       0       0       0       0   181CD    3039       0       0
  249999966                    34                    34             2.7822754E-05         1.0000000E+30                 0       
 NEXT SEEDS: DA75027       1       0       0       0       0   181CD    3039       0       0
  249999967                    33                    33             2.7822754E-05         1.0000000E+30                 0       
 NEXT SEEDS: DA7502B       1       0       0       0       0   181CD    3039       0       0
  249999968                    32                    32             2.7822754E-05         1.0000000E+30                 0       
 NEXT SEEDS: DA7502F       1       0       0       0       0   181CD    3039       0       0
  249999969                    31                    31             2.7822754E-05         1.0000000E+30                 0       
 NEXT SEEDS: DA75033       1       0       0       0       0   181CD    3039       0       0
  249999970                    30                    30             2.7822753E-05         1.0000000E+30                 0       
 NEXT SEEDS: DA75037       1       0       0       0       0   181CD    3039       0       0
  249999971                    29                    29             2.7822753E-05         1.0000000E+30                 0       
 NEXT SEEDS: DA7503B       1       0       0       0       0   181CD    3039       0       0
  249999972                    28                    28             2.7822753E-05         1.0000000E+30                 0       
 NEXT SEEDS: DA75041       1       0       0       0       0   181CD    3039       0       0
  249999973                    27                    27             2.7822753E-05         1.0000000E+30                 0       
 NEXT SEEDS: DA75045       1       0       0       0       0   181CD    3039       0       0
  249999974                    26                    26             2.7822753E-05         1.0000000E+30                 0       
 NEXT SEEDS: DA75049       1       0       0       0       0   181CD    3039       0       0
  249999975                    25                    25             2.7822753E-05         1.0000000E+30                 0       
 NEXT SEEDS: DA7504D       1       0       0       0       0   181CD    3039       0       0
  249999976                    24                    24             2.7822753E-05         1.0000000E+30                 0       
 NEXT SEEDS: DA75051       1       0       0       0       0   181CD    3039       0       0
  249999977                    23                    23             2.7822753E-05         1.0000000E+30                 0       
 NEXT SEEDS: DA75055       1       0       0       0       0   181CD    3039       0       0
  249999978                    22                    22             2.7822753E-05         1.0000000E+30                 0       
 NEXT SEEDS: DA75059       1       0       0       0       0   181CD    3039       0       0
  249999979                    21                    21             2.7822754E-05         1.0000000E+30                 0       
 NEXT SEEDS: DA7505F       1       0       0       0       0   181CD    3039       0       0
  249999980                    20                    20             2.7822754E-05         1.0000000E+30                 0       
 NEXT SEEDS: DA75063       1       0       0       0       0   181CD    3039       0       0
  249999981                    19                    19             2.7822756E-05         1.0000000E+30                 0       
 NEXT SEEDS: DA75069       1       0       0       0       0   181CD    3039       0       0
  249999982                    18                    18             2.7822756E-05         1.0000000E+30                 0       
 NEXT SEEDS: DA7506D       1       0       0       0       0   181CD    3039       0       0
  249999983                    17                    17             2.7822758E-05         1.0000000E+30                 0       
 NEXT SEEDS: DA75071       1       0       0       0       0   181CD    3039       0       0
  249999984                    16                    16             2.7822758E-05         1.0000000E+30                 0       
 NEXT SEEDS: DA75075       1       0       0       0       0   181CD    3039       0       0
  249999985                    15                    15             2.7822760E-05         1.0000000E+30                 0       
 NEXT SEEDS: DA7507B       1       0       0       0       0   181CD    3039       0       0
  249999986                    14                    14             2.7822759E-05         1.0000000E+30                 0       
 NEXT SEEDS: DA7507F       1       0       0       0       0   181CD    3039       0       0
  249999987                    13                    13             2.7822759E-05         1.0000000E+30                 0       
 NEXT SEEDS: DA75083       1       0       0       0       0   181CD    3039       0       0
  249999988                    12                    12             2.7822759E-05         1.0000000E+30                 0       
 NEXT SEEDS: DA75087       1       0       0       0       0   181CD    3039       0       0
  249999989                    11                    11             2.7822759E-05         1.0000000E+30                 0       
 NEXT SEEDS: DA7508D       1       0       0       0       0   181CD    3039       0       0
  249999990                    10                    10             2.7822759E-05         1.0000000E+30                 0       
 NEXT SEEDS: DA75091       1       0       0       0       0   181CD    3039       0       0
  249999991                     9                     9             2.7822759E-05         1.0000000E+30                 0       
 NEXT SEEDS: DA75095       1       0       0       0       0   181CD    3039       0       0
  249999992                     8                     8             2.7822759E-05         1.0000000E+30                 0       
 NEXT SEEDS: DA75099       1       0       0       0       0   181CD    3039       0       0
  249999993                     7                     7             2.7822759E-05         1.0000000E+30                 0       
 NEXT SEEDS: DA7509D       1       0       0       0       0   181CD    3039       0       0
  249999994                     6                     6             2.7822759E-05         1.0000000E+30                 0       
 NEXT SEEDS: DA750A3       1       0       0       0       0   181CD    3039       0       0
  249999995                     5                     5             2.7822758E-05         1.0000000E+30                 0       
 NEXT SEEDS: DA750A7       1       0       0       0       0   181CD    3039       0       0
  249999996                     4                     4             2.7822758E-05         1.0000000E+30                 0       
 NEXT SEEDS: DA750AB       1       0       0       0       0   181CD    3039       0       0
  249999997                     3                     3             2.7822758E-05         1.0000000E+30                 0       
 NEXT SEEDS: DA750AF       1       0       0       0       0   181CD    3039       0       0
  249999998                     2                     2             2.7822758E-05         1.0000000E+30                 0       
 NEXT SEEDS: DA750B3       1       0       0       0       0   181CD    3039       0       0
  249999999                     1                     1             2.7822760E-05         1.0000000E+30                 0       
 NEXT SEEDS: DA750B7       1       0       0       0       0   181CD    3039       0       0
  250000000                     0                     1             2.7822760E-05         1.0000000E+30                 0       
 NEXT SEEDS: DA750BB       1       0       0       0       0   181CD    3039       0       0
