1NUMBER OF BEAM       NUMBER OF BEAM        APPROXIMATE NUMBER    AVERAGE TIME USED     TIME LEFT (RESERVED   NUMBER OF STARS
 PARTICLES HANDLED    PARTICLES LEFT        OF BEAM PARTICLES     BY A BEAM PARTICLE     10000.0 SECONDS      CREATED
                                            THAT CAN STILL BE                           FOR PRINTOUT)
                                            HANDLED

 NEXT SEEDS:       0       0       0       0       0       0   181CD    3039       0       0
          1             249999999             249999999             7.7009201E-05         1.0000000E+30                 0       
 NEXT SEEDS:       4       0       0       0       0       0   181CD    3039       0       0
    5000000             245000000             245000000             2.7841443E-05         1.0000000E+30                 0       
 NEXT SEEDS: 1772F62       0       0       0       0       0   181CD    3039       0       0
   10000000             240000000             240000000             2.7830291E-05         1.0000000E+30                 0       
 NEXT SEEDS: 2EE3A8F       0       0       0       0       0   181CD    3039       0       0
   15000000             235000000             235000000             2.7825219E-05         1.0000000E+30                 0       
 NEXT SEEDS: 4655CB5       0       0       0       0       0   181CD    3039       0       0
   20000000             230000000             230000000             2.7814166E-05         1.0000000E+30                 0       
 NEXT SEEDS: 5DC5EDB       0       0       0       0       0   181CD    3039       0       0
   25000000             225000000             225000000             2.7822229E-05         1.0000000E+30                 0       
 NEXT SEEDS: 753B8FA       0       0       0       0       0   181CD    3039       0       0
   30000000             220000000             220000000             2.7813061E-05         1.0000000E+30                 0       
 NEXT SEEDS: 8CAFC04       0       0       0       0       0   181CD    3039       0       0
   35000000             215000000             215000000             2.7813886E-05         1.0000000E+30                 0       
 NEXT SEEDS: A4218B0       0       0       0       0       0   181CD    3039       0       0
   40000000             210000000             210000000             2.7816038E-05         1.0000000E+30                 0       
 NEXT SEEDS: BB95C70       0       0       0       0       0   181CD    3039       0       0
   45000000             205000000             205000000             2.7815162E-05         1.0000000E+30                 0       
 NEXT SEEDS: D3075AD       0       0       0       0       0   181CD    3039       0       0
   50000000             200000000             200000000             2.7813561E-05         1.0000000E+30                 0       
 NEXT SEEDS: EA78716       0       0       0       0       0   181CD    3039       0       0
   55000000             195000000             195000000             2.7813074E-05         1.0000000E+30                 0       
 NEXT SEEDS:101EB3CF       0       0       0       0       0   181CD    3039       0       0
   60000000             190000000             190000000             2.7805819E-05         1.0000000E+30                 0       
 NEXT SEEDS:1195C490       0       0       0       0       0   181CD    3039       0       0
   65000000             185000000             185000000             2.7804799E-05         1.0000000E+30                 0       
 NEXT SEEDS:130CF1D4       0       0       0       0       0   181CD    3039       0       0
   70000000             180000000             180000000             2.7801612E-05         1.0000000E+30                 0       
 NEXT SEEDS:14840DE3       0       0       0       0       0   181CD    3039       0       0
   75000000             175000000             175000000             2.7800421E-05         1.0000000E+30                 0       
 NEXT SEEDS:15FB18E1       0       0       0       0       0   181CD    3039       0       0
   80000000             170000000             170000000             2.7798884E-05         1.0000000E+30                 0       
 NEXT SEEDS:177219C1       0       0       0       0       0   181CD    3039       0       0
  *** Emfgeo: Ncoun  2000000000
   85000000             165000000             165000000             2.7798631E-05         1.0000000E+30                 0       
 NEXT SEEDS:18E94D2E       0       0       0       0       0   181CD    3039       0       0
   90000000             160000000             160000000             2.7797019E-05         1.0000000E+30                 0       
 NEXT SEEDS:1A608D03       0       0       0       0       0   181CD    3039       0       0
   95000000             155000000             155000000             2.7795537E-05         1.0000000E+30                 0       
 NEXT SEEDS:1BD7BC74       0       0       0       0       0   181CD    3039       0       0
  100000000             150000000             150000000             2.7793567E-05         1.0000000E+30                 0       
 NEXT SEEDS:1D4EB047       0       0       0       0       0   181CD    3039       0       0
  105000000             145000000             145000000             2.7793892E-05         1.0000000E+30                 0       
 NEXT SEEDS:1EC59C58       0       0       0       0       0   181CD    3039       0       0
  110000000             140000000             140000000             2.7791700E-05         1.0000000E+30                 0       
 NEXT SEEDS:203CCC9A       0       0       0       0       0   181CD    3039       0       0
  115000000             135000000             135000000             2.7791180E-05         1.0000000E+30                 0       
 NEXT SEEDS:21B4183C       0       0       0       0       0   181CD    3039       0       0
  120000000             130000000             130000000             2.7790393E-05         1.0000000E+30                 0       
 NEXT SEEDS:232B19FD       0       0       0       0       0   181CD    3039       0       0
  125000000             125000000             125000000             2.7791299E-05         1.0000000E+30                 0       
 NEXT SEEDS:24A22A2E       0       0       0       0       0   181CD    3039       0       0
  130000000             120000000             120000000             2.7790267E-05         1.0000000E+30                 0       
 NEXT SEEDS:2618F92A       0       0       0       0       0   181CD    3039       0       0
  135000000             115000000             115000000             2.7790924E-05         1.0000000E+30                 0       
 NEXT SEEDS:279011A5       0       0       0       0       0   181CD    3039       0       0
  140000000             110000000             110000000             2.7791215E-05         1.0000000E+30                 0       
 NEXT SEEDS:29072D9D       0       0       0       0       0   181CD    3039       0       0
  145000000             105000000             105000000             2.7790666E-05         1.0000000E+30                 0       
 NEXT SEEDS:2A7E6388       0       0       0       0       0   181CD    3039       0       0
  150000000             100000000             100000000             2.7789717E-05         1.0000000E+30                 0       
 NEXT SEEDS:2BF59792       0       0       0       0       0   181CD    3039       0       0
  155000000              95000000              95000000             2.7790468E-05         1.0000000E+30                 0       
 NEXT SEEDS:2D6CE885       0       0       0       0       0   181CD    3039       0       0
  160000000              90000000              90000000             2.7791581E-05         1.0000000E+30                 0       
 NEXT SEEDS:2EE403B2       0       0       0       0       0   181CD    3039       0       0
  *** Emfgeo: Ncoun  2000000000
  165000000              85000000              85000000             2.7792919E-05         1.0000000E+30                 0       
 NEXT SEEDS:305AF8E1       0       0       0       0       0   181CD    3039       0       0
  170000000              80000000              80000000             2.7791705E-05         1.0000000E+30                 0       
 NEXT SEEDS:31D20617       0       0       0       0       0   181CD    3039       0       0
  175000000              75000000              75000000             2.7792542E-05         1.0000000E+30                 0       
 NEXT SEEDS:33493823       0       0       0       0       0   181CD    3039       0       0
  180000000              70000000              70000000             2.7793262E-05         1.0000000E+30                 0       
 NEXT SEEDS:34C0352C       0       0       0       0       0   181CD    3039       0       0
  185000000              65000000              65000000             2.7793397E-05         1.0000000E+30                 0       
 NEXT SEEDS:363759A1       0       0       0       0       0   181CD    3039       0       0
  190000000              60000000              60000000             2.7794015E-05         1.0000000E+30                 0       
 NEXT SEEDS:37AE6917       0       0       0       0       0   181CD    3039       0       0
  195000000              55000000              55000000             2.7794371E-05         1.0000000E+30                 0       
 NEXT SEEDS:3925693A       0       0       0       0       0   181CD    3039       0       0
  200000000              50000000              50000000             2.7793555E-05         1.0000000E+30                 0       
 NEXT SEEDS:3A9C73C0       0       0       0       0       0   181CD    3039       0       0
  205000000              45000000              45000000             2.7793376E-05         1.0000000E+30                 0       
 NEXT SEEDS:  78F18A       1       0       0       0       0   181CD    3039       0       0
  210000000              40000000              40000000             2.7793948E-05         1.0000000E+30                 0       
 NEXT SEEDS: 1EFEB77       1       0       0       0       0   181CD    3039       0       0
  215000000              35000000              35000000             2.7793896E-05         1.0000000E+30                 0       
 NEXT SEEDS: 366EE2A       1       0       0       0       0   181CD    3039       0       0
  220000000              30000000              30000000             2.7795981E-05         1.0000000E+30                 0       
 NEXT SEEDS: 4DE1F1E       1       0       0       0       0   181CD    3039       0       0
  225000000              25000000              25000000             2.7796294E-05         1.0000000E+30                 0       
 NEXT SEEDS: 6552E3C       1       0       0       0       0   181CD    3039       0       0
  230000000              20000000              20000000             2.7795287E-05         1.0000000E+30                 0       
 NEXT SEEDS: 7CC21EF       1       0       0       0       0   181CD    3039       0       0
  235000000              15000000              15000000             2.7796100E-05         1.0000000E+30                 0       
 NEXT SEEDS: 9434D08       1       0       0       0       0   181CD    3039       0       0
  240000000              10000000              10000000             2.7794546E-05         1.0000000E+30                 0       
 NEXT SEEDS: ABA9AB1       1       0       0       0       0   181CD    3039       0       0
  *** Emfgeo: Ncoun  2000000000
  245000000               5000000               5000000             2.7794063E-05         1.0000000E+30                 0       
 NEXT SEEDS: C31894E       1       0       0       0       0   181CD    3039       0       0
  249999950                    50                    50             2.7793254E-05         1.0000000E+30                 0       
 NEXT SEEDS: DA895F0       1       0       0       0       0   181CD    3039       0       0
  249999951                    49                    49             2.7793254E-05         1.0000000E+30                 0       
 NEXT SEEDS: DA895F4       1       0       0       0       0   181CD    3039       0       0
  249999952                    48                    48             2.7793256E-05         1.0000000E+30                 0       
 NEXT SEEDS: DA895F8       1       0       0       0       0   181CD    3039       0       0
  249999953                    47                    47             2.7793255E-05         1.0000000E+30                 0       
 NEXT SEEDS: DA895FC       1       0       0       0       0   181CD    3039       0       0
  249999954                    46                    46             2.7793255E-05         1.0000000E+30                 0       
 NEXT SEEDS: DA89600       1       0       0       0       0   181CD    3039       0       0
  249999955                    45                    45             2.7793257E-05         1.0000000E+30                 0       
 NEXT SEEDS: DA89604       1       0       0       0       0   181CD    3039       0       0
  249999956                    44                    44             2.7793257E-05         1.0000000E+30                 0       
 NEXT SEEDS: DA89608       1       0       0       0       0   181CD    3039       0       0
  249999957                    43                    43             2.7793257E-05         1.0000000E+30                 0       
 NEXT SEEDS: DA8960E       1       0       0       0       0   181CD    3039       0       0
  249999958                    42                    42             2.7793257E-05         1.0000000E+30                 0       
 NEXT SEEDS: DA89612       1       0       0       0       0   181CD    3039       0       0
  249999959                    41                    41             2.7793257E-05         1.0000000E+30                 0       
 NEXT SEEDS: DA89616       1       0       0       0       0   181CD    3039       0       0
  249999960                    40                    40             2.7793257E-05         1.0000000E+30                 0       
 NEXT SEEDS: DA8961A       1       0       0       0       0   181CD    3039       0       0
  249999961                    39                    39             2.7793256E-05         1.0000000E+30                 0       
 NEXT SEEDS: DA8961E       1       0       0       0       0   181CD    3039       0       0
  249999962                    38                    38             2.7793256E-05         1.0000000E+30                 0       
 NEXT SEEDS: DA89624       1       0       0       0       0   181CD    3039       0       0
  249999963                    37                    37             2.7793258E-05         1.0000000E+30                 0       
 NEXT SEEDS: DA89628       1       0       0       0       0   181CD    3039       0       0
  249999964                    36                    36             2.7793258E-05         1.0000000E+30                 0       
 NEXT SEEDS: DA8962C       1       0       0       0       0   181CD    3039       0       0
  249999965                    35                    35             2.7793258E-05         1.0000000E+30                 0       
 NEXT SEEDS: DA89630       1       0       0       0       0   181CD    3039       0       0
  249999966                    34                    34             2.7793258E-05         1.0000000E+30                 0       
 NEXT SEEDS: DA89634       1       0       0       0       0   181CD    3039       0       0
  249999967                    33                    33             2.7793258E-05         1.0000000E+30                 0       
 NEXT SEEDS: DA89638       1       0       0       0       0   181CD    3039       0       0
  249999968                    32                    32             2.7793258E-05         1.0000000E+30                 0       
 NEXT SEEDS: DA8966A       1       0       0       0       0   181CD    3039       0       0
  249999969                    31                    31             2.7793258E-05         1.0000000E+30                 0       
 NEXT SEEDS: DA89670       1       0       0       0       0   181CD    3039       0       0
  249999970                    30                    30             2.7793259E-05         1.0000000E+30                 0       
 NEXT SEEDS: DA89674       1       0       0       0       0   181CD    3039       0       0
  249999971                    29                    29             2.7793259E-05         1.0000000E+30                 0       
 NEXT SEEDS: DA89678       1       0       0       0       0   181CD    3039       0       0
  249999972                    28                    28             2.7793259E-05         1.0000000E+30                 0       
 NEXT SEEDS: DA8967C       1       0       0       0       0   181CD    3039       0       0
  249999973                    27                    27             2.7793259E-05         1.0000000E+30                 0       
 NEXT SEEDS: DA89680       1       0       0       0       0   181CD    3039       0       0
  249999974                    26                    26             2.7793259E-05         1.0000000E+30                 0       
 NEXT SEEDS: DA89684       1       0       0       0       0   181CD    3039       0       0
  249999975                    25                    25             2.7793259E-05         1.0000000E+30                 0       
 NEXT SEEDS: DA89688       1       0       0       0       0   181CD    3039       0       0
  249999976                    24                    24             2.7793259E-05         1.0000000E+30                 0       
 NEXT SEEDS: DA8968C       1       0       0       0       0   181CD    3039       0       0
  249999977                    23                    23             2.7793259E-05         1.0000000E+30                 0       
 NEXT SEEDS: DA89692       1       0       0       0       0   181CD    3039       0       0
  249999978                    22                    22             2.7793259E-05         1.0000000E+30                 0       
 NEXT SEEDS: DA89696       1       0       0       0       0   181CD    3039       0       0
  249999979                    21                    21             2.7793258E-05         1.0000000E+30                 0       
 NEXT SEEDS: DA8969A       1       0       0       0       0   181CD    3039       0       0
  249999980                    20                    20             2.7793258E-05         1.0000000E+30                 0       
 NEXT SEEDS: DA8969E       1       0       0       0       0   181CD    3039       0       0
  249999981                    19                    19             2.7793258E-05         1.0000000E+30                 0       
 NEXT SEEDS: DA896A2       1       0       0       0       0   181CD    3039       0       0
  249999982                    18                    18             2.7793258E-05         1.0000000E+30                 0       
 NEXT SEEDS: DA896A6       1       0       0       0       0   181CD    3039       0       0
  249999983                    17                    17             2.7793258E-05         1.0000000E+30                 0       
 NEXT SEEDS: DA896AA       1       0       0       0       0   181CD    3039       0       0
  249999984                    16                    16             2.7793258E-05         1.0000000E+30                 0       
 NEXT SEEDS: DA896AE       1       0       0       0       0   181CD    3039       0       0
  249999985                    15                    15             2.7793258E-05         1.0000000E+30                 0       
 NEXT SEEDS: DA896B2       1       0       0       0       0   181CD    3039       0       0
  249999986                    14                    14             2.7793258E-05         1.0000000E+30                 0       
 NEXT SEEDS: DA896B6       1       0       0       0       0   181CD    3039       0       0
  249999987                    13                    13             2.7793258E-05         1.0000000E+30                 0       
 NEXT SEEDS: DA896BA       1       0       0       0       0   181CD    3039       0       0
  249999988                    12                    12             2.7793257E-05         1.0000000E+30                 0       
 NEXT SEEDS: DA896BE       1       0       0       0       0   181CD    3039       0       0
  249999989                    11                    11             2.7793257E-05         1.0000000E+30                 0       
 NEXT SEEDS: DA896C2       1       0       0       0       0   181CD    3039       0       0
  249999990                    10                    10             2.7793257E-05         1.0000000E+30                 0       
 NEXT SEEDS: DA896C6       1       0       0       0       0   181CD    3039       0       0
  249999991                     9                     9             2.7793257E-05         1.0000000E+30                 0       
 NEXT SEEDS: DA896CA       1       0       0       0       0   181CD    3039       0       0
  249999992                     8                     8             2.7793257E-05         1.0000000E+30                 0       
 NEXT SEEDS: DA896CE       1       0       0       0       0   181CD    3039       0       0
  249999993                     7                     7             2.7793257E-05         1.0000000E+30                 0       
 NEXT SEEDS: DA896D2       1       0       0       0       0   181CD    3039       0       0
  249999994                     6                     6             2.7793259E-05         1.0000000E+30                 0       
 NEXT SEEDS: DA896D6       1       0       0       0       0   181CD    3039       0       0
  249999995                     5                     5             2.7793259E-05         1.0000000E+30                 0       
 NEXT SEEDS: DA896DA       1       0       0       0       0   181CD    3039       0       0
  249999996                     4                     4             2.7793258E-05         1.0000000E+30                 0       
 NEXT SEEDS: DA89700       1       0       0       0       0   181CD    3039       0       0
  249999997                     3                     3             2.7793258E-05         1.0000000E+30                 0       
 NEXT SEEDS: DA89704       1       0       0       0       0   181CD    3039       0       0
  249999998                     2                     2             2.7793258E-05         1.0000000E+30                 0       
 NEXT SEEDS: DA89708       1       0       0       0       0   181CD    3039       0       0
  249999999                     1                     1             2.7793258E-05         1.0000000E+30                 0       
 NEXT SEEDS: DA8970C       1       0       0       0       0   181CD    3039       0       0
  250000000                     0                     1             2.7793258E-05         1.0000000E+30                 0       
 NEXT SEEDS: DA89710       1       0       0       0       0   181CD    3039       0       0
