1NUMBER OF BEAM       NUMBER OF BEAM        APPROXIMATE NUMBER    AVERAGE TIME USED     TIME LEFT (RESERVED   NUMBER OF STARS
 PARTICLES HANDLED    PARTICLES LEFT        OF BEAM PARTICLES     BY A BEAM PARTICLE     10000.0 SECONDS      CREATED
                                            THAT CAN STILL BE                           FOR PRINTOUT)
                                            HANDLED

 NEXT SEEDS:       0       0       0       0       0       0   181CD    3039       0       0
          1             249999999             249999999             8.7976456E-05         1.0000000E+30                 0       
 NEXT SEEDS:       4       0       0       0       0       0   181CD    3039       0       0
    5000000             245000000             245000000             2.7808613E-05         1.0000000E+30                 0       
 NEXT SEEDS: 176F6F5       0       0       0       0       0   181CD    3039       0       0
   10000000             240000000             240000000             2.7822910E-05         1.0000000E+30                 0       
 NEXT SEEDS: 2EE1A23       0       0       0       0       0   181CD    3039       0       0
   15000000             235000000             235000000             2.7843630E-05         1.0000000E+30                 0       
 NEXT SEEDS: 4654D16       0       0       0       0       0   181CD    3039       0       0
   20000000             230000000             230000000             2.7831323E-05         1.0000000E+30                 0       
 NEXT SEEDS: 5DC49DD       0       0       0       0       0   181CD    3039       0       0
   25000000             225000000             225000000             2.7831599E-05         1.0000000E+30                 0       
 NEXT SEEDS: 75367D3       0       0       0       0       0   181CD    3039       0       0
   30000000             220000000             220000000             2.7834837E-05         1.0000000E+30                 0       
 NEXT SEEDS: 8CA8A82       0       0       0       0       0   181CD    3039       0       0
   35000000             215000000             215000000             2.7830043E-05         1.0000000E+30                 0       
 NEXT SEEDS: A41BB1C       0       0       0       0       0   181CD    3039       0       0
   40000000             210000000             210000000             2.7824394E-05         1.0000000E+30                 0       
 NEXT SEEDS: BB8B944       0       0       0       0       0   181CD    3039       0       0
   45000000             205000000             205000000             2.7824464E-05         1.0000000E+30                 0       
 NEXT SEEDS: D2FCABC       0       0       0       0       0   181CD    3039       0       0
   50000000             200000000             200000000             2.7822684E-05         1.0000000E+30                 0       
 NEXT SEEDS: EA6F034       0       0       0       0       0   181CD    3039       0       0
   55000000             195000000             195000000             2.7824065E-05         1.0000000E+30                 0       
 NEXT SEEDS:101DE21F       0       0       0       0       0   181CD    3039       0       0
   60000000             190000000             190000000             2.7816582E-05         1.0000000E+30                 0       
 NEXT SEEDS:11951400       0       0       0       0       0   181CD    3039       0       0
   65000000             185000000             185000000             2.7815900E-05         1.0000000E+30                 0       
 NEXT SEEDS:130C37D4       0       0       0       0       0   181CD    3039       0       0
   70000000             180000000             180000000             2.7815898E-05         1.0000000E+30                 0       
 NEXT SEEDS:148325AD       0       0       0       0       0   181CD    3039       0       0
   75000000             175000000             175000000             2.7814656E-05         1.0000000E+30                 0       
 NEXT SEEDS:15FA1FF2       0       0       0       0       0   181CD    3039       0       0
   80000000             170000000             170000000             2.7814457E-05         1.0000000E+30                 0       
 NEXT SEEDS:17714491       0       0       0       0       0   181CD    3039       0       0
  *** Emfgeo: Ncoun  2000000000
   85000000             165000000             165000000             2.7815680E-05         1.0000000E+30                 0       
 NEXT SEEDS:18E835D0       0       0       0       0       0   181CD    3039       0       0
   90000000             160000000             160000000             2.7815775E-05         1.0000000E+30                 0       
 NEXT SEEDS:1A5F4037       0       0       0       0       0   181CD    3039       0       0
   95000000             155000000             155000000             2.7816764E-05         1.0000000E+30                 0       
 NEXT SEEDS:1BD695EA       0       0       0       0       0   181CD    3039       0       0
  100000000             150000000             150000000             2.7815963E-05         1.0000000E+30                 0       
 NEXT SEEDS:1D4D610B       0       0       0       0       0   181CD    3039       0       0
  105000000             145000000             145000000             2.7815363E-05         1.0000000E+30                 0       
 NEXT SEEDS:1EC46AE9       0       0       0       0       0   181CD    3039       0       0
  110000000             140000000             140000000             2.7813071E-05         1.0000000E+30                 0       
 NEXT SEEDS:203B85DB       0       0       0       0       0   181CD    3039       0       0
  115000000             135000000             135000000             2.7812439E-05         1.0000000E+30                 0       
 NEXT SEEDS:21B266E2       0       0       0       0       0   181CD    3039       0       0
  120000000             130000000             130000000             2.7811095E-05         1.0000000E+30                 0       
 NEXT SEEDS:2329484A       0       0       0       0       0   181CD    3039       0       0
  125000000             125000000             125000000             2.7812633E-05         1.0000000E+30                 0       
 NEXT SEEDS:24A07413       0       0       0       0       0   181CD    3039       0       0
  130000000             120000000             120000000             2.7810760E-05         1.0000000E+30                 0       
 NEXT SEEDS:26176B1A       0       0       0       0       0   181CD    3039       0       0
  135000000             115000000             115000000             2.7810692E-05         1.0000000E+30                 0       
 NEXT SEEDS:278E88E7       0       0       0       0       0   181CD    3039       0       0
  140000000             110000000             110000000             2.7809531E-05         1.0000000E+30                 0       
 NEXT SEEDS:2905A2FB       0       0       0       0       0   181CD    3039       0       0
  145000000             105000000             105000000             2.7810083E-05         1.0000000E+30                 0       
 NEXT SEEDS:2A7CBCD7       0       0       0       0       0   181CD    3039       0       0
  150000000             100000000             100000000             2.7810539E-05         1.0000000E+30                 0       
 NEXT SEEDS:2BF3F801       0       0       0       0       0   181CD    3039       0       0
  155000000              95000000              95000000             2.7811740E-05         1.0000000E+30                 0       
 NEXT SEEDS:2D6B033C       0       0       0       0       0   181CD    3039       0       0
  160000000              90000000              90000000             2.7814147E-05         1.0000000E+30                 0       
 NEXT SEEDS:2EE234FC       0       0       0       0       0   181CD    3039       0       0
  *** Emfgeo: Ncoun  2000000000
  165000000              85000000              85000000             2.7814138E-05         1.0000000E+30                 0       
 NEXT SEEDS:305939CA       0       0       0       0       0   181CD    3039       0       0
  170000000              80000000              80000000             2.7811692E-05         1.0000000E+30                 0       
 NEXT SEEDS:31D014B1       0       0       0       0       0   181CD    3039       0       0
  175000000              75000000              75000000             2.7811405E-05         1.0000000E+30                 0       
 NEXT SEEDS:33473E39       0       0       0       0       0   181CD    3039       0       0
  180000000              70000000              70000000             2.7811449E-05         1.0000000E+30                 0       
 NEXT SEEDS:34BE3F1F       0       0       0       0       0   181CD    3039       0       0
  185000000              65000000              65000000             2.7810884E-05         1.0000000E+30                 0       
 NEXT SEEDS:36353E73       0       0       0       0       0   181CD    3039       0       0
  190000000              60000000              60000000             2.7813332E-05         1.0000000E+30                 0       
 NEXT SEEDS:37AC8E78       0       0       0       0       0   181CD    3039       0       0
  195000000              55000000              55000000             2.7818203E-05         1.0000000E+30                 0       
 NEXT SEEDS:39236493       0       0       0       0       0   181CD    3039       0       0
  200000000              50000000              50000000             2.7817655E-05         1.0000000E+30                 0       
 NEXT SEEDS:3A9A9375       0       0       0       0       0   181CD    3039       0       0
  205000000              45000000              45000000             2.7817241E-05         1.0000000E+30                 0       
 NEXT SEEDS:  7706F3       1       0       0       0       0   181CD    3039       0       0
  210000000              40000000              40000000             2.7817687E-05         1.0000000E+30                 0       
 NEXT SEEDS: 1EE2B05       1       0       0       0       0   181CD    3039       0       0
  215000000              35000000              35000000             2.7817984E-05         1.0000000E+30                 0       
 NEXT SEEDS: 3656549       1       0       0       0       0   181CD    3039       0       0
  220000000              30000000              30000000             2.7818791E-05         1.0000000E+30                 0       
 NEXT SEEDS: 4DC9F84       1       0       0       0       0   181CD    3039       0       0
  225000000              25000000              25000000             2.7818053E-05         1.0000000E+30                 0       
 NEXT SEEDS: 653ADE2       1       0       0       0       0   181CD    3039       0       0
  230000000              20000000              20000000             2.7816979E-05         1.0000000E+30                 0       
 NEXT SEEDS: 7CAB2A9       1       0       0       0       0   181CD    3039       0       0
  235000000              15000000              15000000             2.7816701E-05         1.0000000E+30                 0       
 NEXT SEEDS: 941D16E       1       0       0       0       0   181CD    3039       0       0
  240000000              10000000              10000000             2.7815974E-05         1.0000000E+30                 0       
 NEXT SEEDS: AB8FD92       1       0       0       0       0   181CD    3039       0       0
  *** Emfgeo: Ncoun  2000000000
  245000000               5000000               5000000             2.7817621E-05         1.0000000E+30                 0       
 NEXT SEEDS: C301533       1       0       0       0       0   181CD    3039       0       0
  249999950                    50                    50             2.7817563E-05         1.0000000E+30                 0       
 NEXT SEEDS: DA739C4       1       0       0       0       0   181CD    3039       0       0
  249999951                    49                    49             2.7817565E-05         1.0000000E+30                 0       
 NEXT SEEDS: DA739C8       1       0       0       0       0   181CD    3039       0       0
  249999952                    48                    48             2.7817565E-05         1.0000000E+30                 0       
 NEXT SEEDS: DA739CC       1       0       0       0       0   181CD    3039       0       0
  249999953                    47                    47             2.7817565E-05         1.0000000E+30                 0       
 NEXT SEEDS: DA739D0       1       0       0       0       0   181CD    3039       0       0
  249999954                    46                    46             2.7817567E-05         1.0000000E+30                 0       
 NEXT SEEDS: DA739D4       1       0       0       0       0   181CD    3039       0       0
  249999955                    45                    45             2.7817567E-05         1.0000000E+30                 0       
 NEXT SEEDS: DA739D8       1       0       0       0       0   181CD    3039       0       0
  249999956                    44                    44             2.7817567E-05         1.0000000E+30                 0       
 NEXT SEEDS: DA739DC       1       0       0       0       0   181CD    3039       0       0
  249999957                    43                    43             2.7817569E-05         1.0000000E+30                 0       
 NEXT SEEDS: DA739E0       1       0       0       0       0   181CD    3039       0       0
  249999958                    42                    42             2.7817568E-05         1.0000000E+30                 0       
 NEXT SEEDS: DA739E4       1       0       0       0       0   181CD    3039       0       0
  249999959                    41                    41             2.7817568E-05         1.0000000E+30                 0       
 NEXT SEEDS: DA739E8       1       0       0       0       0   181CD    3039       0       0
  249999960                    40                    40             2.7817570E-05         1.0000000E+30                 0       
 NEXT SEEDS: DA739EC       1       0       0       0       0   181CD    3039       0       0
  249999961                    39                    39             2.7817570E-05         1.0000000E+30                 0       
 NEXT SEEDS: DA739F0       1       0       0       0       0   181CD    3039       0       0
  249999962                    38                    38             2.7817570E-05         1.0000000E+30                 0       
 NEXT SEEDS: DA739F4       1       0       0       0       0   181CD    3039       0       0
  249999963                    37                    37             2.7817572E-05         1.0000000E+30                 0       
 NEXT SEEDS: DA739FA       1       0       0       0       0   181CD    3039       0       0
  249999964                    36                    36             2.7817572E-05         1.0000000E+30                 0       
 NEXT SEEDS: DA739FE       1       0       0       0       0   181CD    3039       0       0
  249999965                    35                    35             2.7817572E-05         1.0000000E+30                 0       
 NEXT SEEDS: DA73A02       1       0       0       0       0   181CD    3039       0       0
  249999966                    34                    34             2.7817571E-05         1.0000000E+30                 0       
 NEXT SEEDS: DA73A06       1       0       0       0       0   181CD    3039       0       0
  249999967                    33                    33             2.7817571E-05         1.0000000E+30                 0       
 NEXT SEEDS: DA73A0A       1       0       0       0       0   181CD    3039       0       0
  249999968                    32                    32             2.7817571E-05         1.0000000E+30                 0       
 NEXT SEEDS: DA73A0E       1       0       0       0       0   181CD    3039       0       0
  249999969                    31                    31             2.7817571E-05         1.0000000E+30                 0       
 NEXT SEEDS: DA73A12       1       0       0       0       0   181CD    3039       0       0
  249999970                    30                    30             2.7817571E-05         1.0000000E+30                 0       
 NEXT SEEDS: DA73A2F       1       0       0       0       0   181CD    3039       0       0
  249999971                    29                    29             2.7817571E-05         1.0000000E+30                 0       
 NEXT SEEDS: DA73A33       1       0       0       0       0   181CD    3039       0       0
  249999972                    28                    28             2.7817571E-05         1.0000000E+30                 0       
 NEXT SEEDS: DA73A37       1       0       0       0       0   181CD    3039       0       0
  249999973                    27                    27             2.7817571E-05         1.0000000E+30                 0       
 NEXT SEEDS: DA73A3B       1       0       0       0       0   181CD    3039       0       0
  249999974                    26                    26             2.7817571E-05         1.0000000E+30                 0       
 NEXT SEEDS: DA73A3F       1       0       0       0       0   181CD    3039       0       0
  249999975                    25                    25             2.7817572E-05         1.0000000E+30                 0       
 NEXT SEEDS: DA73A45       1       0       0       0       0   181CD    3039       0       0
  249999976                    24                    24             2.7817572E-05         1.0000000E+30                 0       
 NEXT SEEDS: DA73A49       1       0       0       0       0   181CD    3039       0       0
  249999977                    23                    23             2.7817574E-05         1.0000000E+30                 0       
 NEXT SEEDS: DA73A4D       1       0       0       0       0   181CD    3039       0       0
  249999978                    22                    22             2.7817574E-05         1.0000000E+30                 0       
 NEXT SEEDS: DA73A51       1       0       0       0       0   181CD    3039       0       0
  249999979                    21                    21             2.7817574E-05         1.0000000E+30                 0       
 NEXT SEEDS: DA73A55       1       0       0       0       0   181CD    3039       0       0
  249999980                    20                    20             2.7817576E-05         1.0000000E+30                 0       
 NEXT SEEDS: DA73A59       1       0       0       0       0   181CD    3039       0       0
  249999981                    19                    19             2.7817578E-05         1.0000000E+30                 0       
 NEXT SEEDS: DA73A5D       1       0       0       0       0   181CD    3039       0       0
  249999982                    18                    18             2.7817577E-05         1.0000000E+30                 0       
 NEXT SEEDS: DA73A61       1       0       0       0       0   181CD    3039       0       0
  249999983                    17                    17             2.7817577E-05         1.0000000E+30                 0       
 NEXT SEEDS: DA73A65       1       0       0       0       0   181CD    3039       0       0
  249999984                    16                    16             2.7817579E-05         1.0000000E+30                 0       
 NEXT SEEDS: DA73A6B       1       0       0       0       0   181CD    3039       0       0
  249999985                    15                    15             2.7817579E-05         1.0000000E+30                 0       
 NEXT SEEDS: DA73A6F       1       0       0       0       0   181CD    3039       0       0
  249999986                    14                    14             2.7817581E-05         1.0000000E+30                 0       
 NEXT SEEDS: DA73A73       1       0       0       0       0   181CD    3039       0       0
  249999987                    13                    13             2.7817581E-05         1.0000000E+30                 0       
 NEXT SEEDS: DA73A77       1       0       0       0       0   181CD    3039       0       0
  249999988                    12                    12             2.7817581E-05         1.0000000E+30                 0       
 NEXT SEEDS: DA73A7B       1       0       0       0       0   181CD    3039       0       0
  249999989                    11                    11             2.7817583E-05         1.0000000E+30                 0       
 NEXT SEEDS: DA73A7F       1       0       0       0       0   181CD    3039       0       0
  249999990                    10                    10             2.7817582E-05         1.0000000E+30                 0       
 NEXT SEEDS: DA73A83       1       0       0       0       0   181CD    3039       0       0
  249999991                     9                     9             2.7817582E-05         1.0000000E+30                 0       
 NEXT SEEDS: DA73A87       1       0       0       0       0   181CD    3039       0       0
  249999992                     8                     8             2.7817584E-05         1.0000000E+30                 0       
 NEXT SEEDS: DA73A8B       1       0       0       0       0   181CD    3039       0       0
  249999993                     7                     7             2.7817584E-05         1.0000000E+30                 0       
 NEXT SEEDS: DA73A8F       1       0       0       0       0   181CD    3039       0       0
  249999994                     6                     6             2.7817584E-05         1.0000000E+30                 0       
 NEXT SEEDS: DA73A93       1       0       0       0       0   181CD    3039       0       0
  249999995                     5                     5             2.7817584E-05         1.0000000E+30                 0       
 NEXT SEEDS: DA73A97       1       0       0       0       0   181CD    3039       0       0
  249999996                     4                     4             2.7817584E-05         1.0000000E+30                 0       
 NEXT SEEDS: DA73A9B       1       0       0       0       0   181CD    3039       0       0
  249999997                     3                     3             2.7817584E-05         1.0000000E+30                 0       
 NEXT SEEDS: DA73A9F       1       0       0       0       0   181CD    3039       0       0
  249999998                     2                     2             2.7817583E-05         1.0000000E+30                 0       
 NEXT SEEDS: DA73AA3       1       0       0       0       0   181CD    3039       0       0
  249999999                     1                     1             2.7817583E-05         1.0000000E+30                 0       
 NEXT SEEDS: DA73AA7       1       0       0       0       0   181CD    3039       0       0
  250000000                     0                     1             2.7817583E-05         1.0000000E+30                 0       
 NEXT SEEDS: DA73AAB       1       0       0       0       0   181CD    3039       0       0
