1NUMBER OF BEAM       NUMBER OF BEAM        APPROXIMATE NUMBER    AVERAGE TIME USED     TIME LEFT (RESERVED   NUMBER OF STARS
 PARTICLES HANDLED    PARTICLES LEFT        OF BEAM PARTICLES     BY A BEAM PARTICLE     10000.0 SECONDS      CREATED
                                            THAT CAN STILL BE                           FOR PRINTOUT)
                                            HANDLED

 NEXT SEEDS:       0       0       0       0       0       0   181CD    3039       0       0
          1             249999999             249999999             7.7962875E-05         1.0000000E+30                 0       
 NEXT SEEDS:       4       0       0       0       0       0   181CD    3039       0       0
    5000000             245000000             245000000             2.8601546E-05         1.0000000E+30                 0       
 NEXT SEEDS: 1771218       0       0       0       0       0   181CD    3039       0       0
   10000000             240000000             240000000             2.8612564E-05         1.0000000E+30                 0       
 NEXT SEEDS: 2EE0C2C       0       0       0       0       0   181CD    3039       0       0
   15000000             235000000             235000000             2.8613877E-05         1.0000000E+30                 0       
 NEXT SEEDS: 46547B5       0       0       0       0       0   181CD    3039       0       0
   20000000             230000000             230000000             2.8603169E-05         1.0000000E+30                 0       
 NEXT SEEDS: 5DC38B3       0       0       0       0       0   181CD    3039       0       0
   25000000             225000000             225000000             2.8608041E-05         1.0000000E+30                 0       
 NEXT SEEDS: 7539541       0       0       0       0       0   181CD    3039       0       0
   30000000             220000000             220000000             2.8620067E-05         1.0000000E+30                 0       
 NEXT SEEDS: 8CACF06       0       0       0       0       0   181CD    3039       0       0
   35000000             215000000             215000000             2.8615736E-05         1.0000000E+30                 0       
 NEXT SEEDS: A41FDE1       0       0       0       0       0   181CD    3039       0       0
   40000000             210000000             210000000             2.8603843E-05         1.0000000E+30                 0       
 NEXT SEEDS: BB8E819       0       0       0       0       0   181CD    3039       0       0
   45000000             205000000             205000000             2.8604490E-05         1.0000000E+30                 0       
 NEXT SEEDS: D30337E       0       0       0       0       0   181CD    3039       0       0
   50000000             200000000             200000000             2.8603519E-05         1.0000000E+30                 0       
 NEXT SEEDS: EA754E1       0       0       0       0       0   181CD    3039       0       0
   55000000             195000000             195000000             2.8597492E-05         1.0000000E+30                 0       
 NEXT SEEDS:101E7C48       0       0       0       0       0   181CD    3039       0       0
   60000000             190000000             190000000             2.8593042E-05         1.0000000E+30                 0       
 NEXT SEEDS:1195616E       0       0       0       0       0   181CD    3039       0       0
   65000000             185000000             185000000             2.8592834E-05         1.0000000E+30                 0       
 NEXT SEEDS:130C76D0       0       0       0       0       0   181CD    3039       0       0
   70000000             180000000             180000000             2.8592102E-05         1.0000000E+30                 0       
 NEXT SEEDS:148373B0       0       0       0       0       0   181CD    3039       0       0
   75000000             175000000             175000000             2.8588799E-05         1.0000000E+30                 0       
 NEXT SEEDS:15FA720D       0       0       0       0       0   181CD    3039       0       0
   80000000             170000000             170000000             2.8589145E-05         1.0000000E+30                 0       
 NEXT SEEDS:1771950B       0       0       0       0       0   181CD    3039       0       0
  *** Emfgeo: Ncoun  2000000000
   85000000             165000000             165000000             2.8585168E-05         1.0000000E+30                 0       
 NEXT SEEDS:18E8A7D9       0       0       0       0       0   181CD    3039       0       0
   90000000             160000000             160000000             2.8581345E-05         1.0000000E+30                 0       
 NEXT SEEDS:1A5FE17F       0       0       0       0       0   181CD    3039       0       0
   95000000             155000000             155000000             2.8581782E-05         1.0000000E+30                 0       
 NEXT SEEDS:1BD6D4FA       0       0       0       0       0   181CD    3039       0       0
  100000000             150000000             150000000             2.8582920E-05         1.0000000E+30                 0       
 NEXT SEEDS:1D4DEBD8       0       0       0       0       0   181CD    3039       0       0
  105000000             145000000             145000000             2.8583324E-05         1.0000000E+30                 0       
 NEXT SEEDS:1EC4E6B9       0       0       0       0       0   181CD    3039       0       0
  110000000             140000000             140000000             2.8582196E-05         1.0000000E+30                 0       
 NEXT SEEDS:203BDB28       0       0       0       0       0   181CD    3039       0       0
  115000000             135000000             135000000             2.8582424E-05         1.0000000E+30                 0       
 NEXT SEEDS:21B2E704       0       0       0       0       0   181CD    3039       0       0
  120000000             130000000             130000000             2.8581452E-05         1.0000000E+30                 0       
 NEXT SEEDS:2329C791       0       0       0       0       0   181CD    3039       0       0
  125000000             125000000             125000000             2.8581379E-05         1.0000000E+30                 0       
 NEXT SEEDS:24A0BF0E       0       0       0       0       0   181CD    3039       0       0
  130000000             120000000             120000000             2.8583675E-05         1.0000000E+30                 0       
 NEXT SEEDS:261822D1       0       0       0       0       0   181CD    3039       0       0
  135000000             115000000             115000000             2.8584234E-05         1.0000000E+30                 0       
 NEXT SEEDS:278F5399       0       0       0       0       0   181CD    3039       0       0
  140000000             110000000             110000000             2.8583338E-05         1.0000000E+30                 0       
 NEXT SEEDS:29064E1C       0       0       0       0       0   181CD    3039       0       0
  145000000             105000000             105000000             2.8582712E-05         1.0000000E+30                 0       
 NEXT SEEDS:2A7D67B8       0       0       0       0       0   181CD    3039       0       0
  150000000             100000000             100000000             2.8582754E-05         1.0000000E+30                 0       
 NEXT SEEDS:2BF4655E       0       0       0       0       0   181CD    3039       0       0
  155000000              95000000              95000000             2.8585191E-05         1.0000000E+30                 0       
 NEXT SEEDS:2D6BD66A       0       0       0       0       0   181CD    3039       0       0
  160000000              90000000              90000000             2.8585742E-05         1.0000000E+30                 0       
 NEXT SEEDS:2EE31108       0       0       0       0       0   181CD    3039       0       0
  *** Emfgeo: Ncoun  2000000000
  165000000              85000000              85000000             2.8585148E-05         1.0000000E+30                 0       
 NEXT SEEDS:305A17C0       0       0       0       0       0   181CD    3039       0       0
  170000000              80000000              80000000             2.8583108E-05         1.0000000E+30                 0       
 NEXT SEEDS:31D13EBF       0       0       0       0       0   181CD    3039       0       0
  175000000              75000000              75000000             2.8583407E-05         1.0000000E+30                 0       
 NEXT SEEDS:334867E3       0       0       0       0       0   181CD    3039       0       0
  180000000              70000000              70000000             2.8580743E-05         1.0000000E+30                 0       
 NEXT SEEDS:34BF42C9       0       0       0       0       0   181CD    3039       0       0
  185000000              65000000              65000000             2.8579637E-05         1.0000000E+30                 0       
 NEXT SEEDS:363656A8       0       0       0       0       0   181CD    3039       0       0
  190000000              60000000              60000000             2.8579117E-05         1.0000000E+30                 0       
 NEXT SEEDS:37AD858E       0       0       0       0       0   181CD    3039       0       0
  195000000              55000000              55000000             2.8578403E-05         1.0000000E+30                 0       
 NEXT SEEDS:39248743       0       0       0       0       0   181CD    3039       0       0
  200000000              50000000              50000000             2.8576433E-05         1.0000000E+30                 0       
 NEXT SEEDS:3A9BE72E       0       0       0       0       0   181CD    3039       0       0
  205000000              45000000              45000000             2.8575736E-05         1.0000000E+30                 0       
 NEXT SEEDS:  782E11       1       0       0       0       0   181CD    3039       0       0
  210000000              40000000              40000000             2.8575207E-05         1.0000000E+30                 0       
 NEXT SEEDS: 1EF49FB       1       0       0       0       0   181CD    3039       0       0
  215000000              35000000              35000000             2.8575166E-05         1.0000000E+30                 0       
 NEXT SEEDS: 3666388       1       0       0       0       0   181CD    3039       0       0
  220000000              30000000              30000000             2.8576145E-05         1.0000000E+30                 0       
 NEXT SEEDS: 4DDC5B2       1       0       0       0       0   181CD    3039       0       0
  225000000              25000000              25000000             2.8576048E-05         1.0000000E+30                 0       
 NEXT SEEDS: 654B4F8       1       0       0       0       0   181CD    3039       0       0
  230000000              20000000              20000000             2.8575219E-05         1.0000000E+30                 0       
 NEXT SEEDS: 7CBB077       1       0       0       0       0   181CD    3039       0       0
  235000000              15000000              15000000             2.8575501E-05         1.0000000E+30                 0       
 NEXT SEEDS: 942D9FF       1       0       0       0       0   181CD    3039       0       0
  240000000              10000000              10000000             2.8574534E-05         1.0000000E+30                 0       
 NEXT SEEDS: AB9C423       1       0       0       0       0   181CD    3039       0       0
  *** Emfgeo: Ncoun  2000000000
  245000000               5000000               5000000             2.8573663E-05         1.0000000E+30                 0       
 NEXT SEEDS: C30AB2E       1       0       0       0       0   181CD    3039       0       0
  249999950                    50                    50             2.8573613E-05         1.0000000E+30                 0       
 NEXT SEEDS: DA7B5D7       1       0       0       0       0   181CD    3039       0       0
  249999951                    49                    49             2.8573615E-05         1.0000000E+30                 0       
 NEXT SEEDS: DA7B5DB       1       0       0       0       0   181CD    3039       0       0
  249999952                    48                    48             2.8573615E-05         1.0000000E+30                 0       
 NEXT SEEDS: DA7B5DF       1       0       0       0       0   181CD    3039       0       0
  249999953                    47                    47             2.8573617E-05         1.0000000E+30                 0       
 NEXT SEEDS: DA7B5E3       1       0       0       0       0   181CD    3039       0       0
  249999954                    46                    46             2.8573619E-05         1.0000000E+30                 0       
 NEXT SEEDS: DA7B5E7       1       0       0       0       0   181CD    3039       0       0
  249999955                    45                    45             2.8573620E-05         1.0000000E+30                 0       
 NEXT SEEDS: DA7B5EB       1       0       0       0       0   181CD    3039       0       0
  249999956                    44                    44             2.8573620E-05         1.0000000E+30                 0       
 NEXT SEEDS: DA7B5F1       1       0       0       0       0   181CD    3039       0       0
  249999957                    43                    43             2.8573622E-05         1.0000000E+30                 0       
 NEXT SEEDS: DA7B5F5       1       0       0       0       0   181CD    3039       0       0
  249999958                    42                    42             2.8573624E-05         1.0000000E+30                 0       
 NEXT SEEDS: DA7B5F9       1       0       0       0       0   181CD    3039       0       0
  249999959                    41                    41             2.8573626E-05         1.0000000E+30                 0       
 NEXT SEEDS: DA7B5FD       1       0       0       0       0   181CD    3039       0       0
  249999960                    40                    40             2.8573626E-05         1.0000000E+30                 0       
 NEXT SEEDS: DA7B601       1       0       0       0       0   181CD    3039       0       0
  249999961                    39                    39             2.8573628E-05         1.0000000E+30                 0       
 NEXT SEEDS: DA7B605       1       0       0       0       0   181CD    3039       0       0
  249999962                    38                    38             2.8573627E-05         1.0000000E+30                 0       
 NEXT SEEDS: DA7B609       1       0       0       0       0   181CD    3039       0       0
  249999963                    37                    37             2.8573627E-05         1.0000000E+30                 0       
 NEXT SEEDS: DA7B60D       1       0       0       0       0   181CD    3039       0       0
  249999964                    36                    36             2.8573629E-05         1.0000000E+30                 0       
 NEXT SEEDS: DA7B611       1       0       0       0       0   181CD    3039       0       0
  249999965                    35                    35             2.8573629E-05         1.0000000E+30                 0       
 NEXT SEEDS: DA7B615       1       0       0       0       0   181CD    3039       0       0
  249999966                    34                    34             2.8573629E-05         1.0000000E+30                 0       
 NEXT SEEDS: DA7B619       1       0       0       0       0   181CD    3039       0       0
  249999967                    33                    33             2.8573631E-05         1.0000000E+30                 0       
 NEXT SEEDS: DA7B61D       1       0       0       0       0   181CD    3039       0       0
  249999968                    32                    32             2.8573631E-05         1.0000000E+30                 0       
 NEXT SEEDS: DA7B621       1       0       0       0       0   181CD    3039       0       0
  249999969                    31                    31             2.8573633E-05         1.0000000E+30                 0       
 NEXT SEEDS: DA7B62B       1       0       0       0       0   181CD    3039       0       0
  249999970                    30                    30             2.8573632E-05         1.0000000E+30                 0       
 NEXT SEEDS: DA7B62F       1       0       0       0       0   181CD    3039       0       0
  249999971                    29                    29             2.8573634E-05         1.0000000E+30                 0       
 NEXT SEEDS: DA7B635       1       0       0       0       0   181CD    3039       0       0
  249999972                    28                    28             2.8573634E-05         1.0000000E+30                 0       
 NEXT SEEDS: DA7B639       1       0       0       0       0   181CD    3039       0       0
  249999973                    27                    27             2.8573636E-05         1.0000000E+30                 0       
 NEXT SEEDS: DA7B63D       1       0       0       0       0   181CD    3039       0       0
  249999974                    26                    26             2.8573636E-05         1.0000000E+30                 0       
 NEXT SEEDS: DA7B641       1       0       0       0       0   181CD    3039       0       0
  249999975                    25                    25             2.8573638E-05         1.0000000E+30                 0       
 NEXT SEEDS: DA7B645       1       0       0       0       0   181CD    3039       0       0
  249999976                    24                    24             2.8573638E-05         1.0000000E+30                 0       
 NEXT SEEDS: DA7B649       1       0       0       0       0   181CD    3039       0       0
  249999977                    23                    23             2.8573637E-05         1.0000000E+30                 0       
 NEXT SEEDS: DA7B64D       1       0       0       0       0   181CD    3039       0       0
  249999978                    22                    22             2.8573639E-05         1.0000000E+30                 0       
 NEXT SEEDS: DA7B651       1       0       0       0       0   181CD    3039       0       0
  249999979                    21                    21             2.8573639E-05         1.0000000E+30                 0       
 NEXT SEEDS: DA7B655       1       0       0       0       0   181CD    3039       0       0
  249999980                    20                    20             2.8573641E-05         1.0000000E+30                 0       
 NEXT SEEDS: DA7B659       1       0       0       0       0   181CD    3039       0       0
  249999981                    19                    19             2.8573641E-05         1.0000000E+30                 0       
 NEXT SEEDS: DA7B65D       1       0       0       0       0   181CD    3039       0       0
  249999982                    18                    18             2.8573641E-05         1.0000000E+30                 0       
 NEXT SEEDS: DA7B661       1       0       0       0       0   181CD    3039       0       0
  249999983                    17                    17             2.8573641E-05         1.0000000E+30                 0       
 NEXT SEEDS: DA7B665       1       0       0       0       0   181CD    3039       0       0
  249999984                    16                    16             2.8573641E-05         1.0000000E+30                 0       
 NEXT SEEDS: DA7B669       1       0       0       0       0   181CD    3039       0       0
  249999985                    15                    15             2.8573640E-05         1.0000000E+30                 0       
 NEXT SEEDS: DA7B66D       1       0       0       0       0   181CD    3039       0       0
  249999986                    14                    14             2.8573640E-05         1.0000000E+30                 0       
 NEXT SEEDS: DA7B671       1       0       0       0       0   181CD    3039       0       0
  249999987                    13                    13             2.8573642E-05         1.0000000E+30                 0       
 NEXT SEEDS: DA7B683       1       0       0       0       0   181CD    3039       0       0
  249999988                    12                    12             2.8573642E-05         1.0000000E+30                 0       
 NEXT SEEDS: DA7B687       1       0       0       0       0   181CD    3039       0       0
  249999989                    11                    11             2.8573642E-05         1.0000000E+30                 0       
 NEXT SEEDS: DA7B68B       1       0       0       0       0   181CD    3039       0       0
  249999990                    10                    10             2.8573644E-05         1.0000000E+30                 0       
 NEXT SEEDS: DA7B68F       1       0       0       0       0   181CD    3039       0       0
  249999991                     9                     9             2.8573644E-05         1.0000000E+30                 0       
 NEXT SEEDS: DA7B693       1       0       0       0       0   181CD    3039       0       0
  249999992                     8                     8             2.8573646E-05         1.0000000E+30                 0       
 NEXT SEEDS: DA7B697       1       0       0       0       0   181CD    3039       0       0
  249999993                     7                     7             2.8573645E-05         1.0000000E+30                 0       
 NEXT SEEDS: DA7B69B       1       0       0       0       0   181CD    3039       0       0
  249999994                     6                     6             2.8573645E-05         1.0000000E+30                 0       
 NEXT SEEDS: DA7B69F       1       0       0       0       0   181CD    3039       0       0
  249999995                     5                     5             2.8573647E-05         1.0000000E+30                 0       
 NEXT SEEDS: DA7B6A5       1       0       0       0       0   181CD    3039       0       0
  249999996                     4                     4             2.8573647E-05         1.0000000E+30                 0       
 NEXT SEEDS: DA7B6AB       1       0       0       0       0   181CD    3039       0       0
  249999997                     3                     3             2.8573649E-05         1.0000000E+30                 0       
 NEXT SEEDS: DA7B6B1       1       0       0       0       0   181CD    3039       0       0
  249999998                     2                     2             2.8573649E-05         1.0000000E+30                 0       
 NEXT SEEDS: DA7B6B5       1       0       0       0       0   181CD    3039       0       0
  249999999                     1                     1             2.8573651E-05         1.0000000E+30                 0       
 NEXT SEEDS: DA7B6B9       1       0       0       0       0   181CD    3039       0       0
  250000000                     0                     1             2.8573650E-05         1.0000000E+30                 0       
 NEXT SEEDS: DA7B6BD       1       0       0       0       0   181CD    3039       0       0
