1NUMBER OF BEAM       NUMBER OF BEAM        APPROXIMATE NUMBER    AVERAGE TIME USED     TIME LEFT (RESERVED   NUMBER OF STARS
 PARTICLES HANDLED    PARTICLES LEFT        OF BEAM PARTICLES     BY A BEAM PARTICLE     10000.0 SECONDS      CREATED
                                            THAT CAN STILL BE                           FOR PRINTOUT)
                                            HANDLED

 NEXT SEEDS:       0       0       0       0       0       0   181CD    3039       0       0
          1             249999999             249999999             8.0108643E-05         1.0000000E+30                 0       
 NEXT SEEDS:       4       0       0       0       0       0   181CD    3039       0       0
    5000000             245000000             245000000             2.8607101E-05         1.0000000E+30                 0       
 NEXT SEEDS: 176E2AE       0       0       0       0       0   181CD    3039       0       0
   10000000             240000000             240000000             2.8626965E-05         1.0000000E+30                 0       
 NEXT SEEDS: 2EE2D9B       0       0       0       0       0   181CD    3039       0       0
   15000000             235000000             235000000             2.8647841E-05         1.0000000E+30                 0       
 NEXT SEEDS: 4655CB2       0       0       0       0       0   181CD    3039       0       0
   20000000             230000000             230000000             2.8619595E-05         1.0000000E+30                 0       
 NEXT SEEDS: 5DC5C3E       0       0       0       0       0   181CD    3039       0       0
   25000000             225000000             225000000             2.8616160E-05         1.0000000E+30                 0       
 NEXT SEEDS: 75372BF       0       0       0       0       0   181CD    3039       0       0
   30000000             220000000             220000000             2.8619356E-05         1.0000000E+30                 0       
 NEXT SEEDS: 8CAD9A1       0       0       0       0       0   181CD    3039       0       0
   35000000             215000000             215000000             2.8628399E-05         1.0000000E+30                 0       
 NEXT SEEDS: A4216F2       0       0       0       0       0   181CD    3039       0       0
   40000000             210000000             210000000             2.8618546E-05         1.0000000E+30                 0       
 NEXT SEEDS: BB8EEF5       0       0       0       0       0   181CD    3039       0       0
   45000000             205000000             205000000             2.8610251E-05         1.0000000E+30                 0       
 NEXT SEEDS: D30150A       0       0       0       0       0   181CD    3039       0       0
   50000000             200000000             200000000             2.8606045E-05         1.0000000E+30                 0       
 NEXT SEEDS: EA71248       0       0       0       0       0   181CD    3039       0       0
   55000000             195000000             195000000             2.8599660E-05         1.0000000E+30                 0       
 NEXT SEEDS:101E2A57       0       0       0       0       0   181CD    3039       0       0
   60000000             190000000             190000000             2.8601961E-05         1.0000000E+30                 0       
 NEXT SEEDS:119527EF       0       0       0       0       0   181CD    3039       0       0
   65000000             185000000             185000000             2.8606460E-05         1.0000000E+30                 0       
 NEXT SEEDS:130C62C7       0       0       0       0       0   181CD    3039       0       0
   70000000             180000000             180000000             2.8600664E-05         1.0000000E+30                 0       
 NEXT SEEDS:148347CC       0       0       0       0       0   181CD    3039       0       0
   75000000             175000000             175000000             2.8599626E-05         1.0000000E+30                 0       
 NEXT SEEDS:15FA2C28       0       0       0       0       0   181CD    3039       0       0
   80000000             170000000             170000000             2.8596576E-05         1.0000000E+30                 0       
 NEXT SEEDS:1771461E       0       0       0       0       0   181CD    3039       0       0
  *** Emfgeo: Ncoun  2000000000
   85000000             165000000             165000000             2.8597564E-05         1.0000000E+30                 0       
 NEXT SEEDS:18E85E95       0       0       0       0       0   181CD    3039       0       0
   90000000             160000000             160000000             2.8597542E-05         1.0000000E+30                 0       
 NEXT SEEDS:1A5F8AEA       0       0       0       0       0   181CD    3039       0       0
   95000000             155000000             155000000             2.8599995E-05         1.0000000E+30                 0       
 NEXT SEEDS:1BD6897F       0       0       0       0       0   181CD    3039       0       0
  100000000             150000000             150000000             2.8598909E-05         1.0000000E+30                 0       
 NEXT SEEDS:1D4D8464       0       0       0       0       0   181CD    3039       0       0
  105000000             145000000             145000000             2.8596526E-05         1.0000000E+30                 0       
 NEXT SEEDS:1EC45D9F       0       0       0       0       0   181CD    3039       0       0
  110000000             140000000             140000000             2.8597778E-05         1.0000000E+30                 0       
 NEXT SEEDS:203B6376       0       0       0       0       0   181CD    3039       0       0
  115000000             135000000             135000000             2.8597597E-05         1.0000000E+30                 0       
 NEXT SEEDS:21B27068       0       0       0       0       0   181CD    3039       0       0
  120000000             130000000             130000000             2.8594771E-05         1.0000000E+30                 0       
 NEXT SEEDS:23295494       0       0       0       0       0   181CD    3039       0       0
  125000000             125000000             125000000             2.8594355E-05         1.0000000E+30                 0       
 NEXT SEEDS:24A092C1       0       0       0       0       0   181CD    3039       0       0
  130000000             120000000             120000000             2.8593203E-05         1.0000000E+30                 0       
 NEXT SEEDS:2617C330       0       0       0       0       0   181CD    3039       0       0
  135000000             115000000             115000000             2.8590869E-05         1.0000000E+30                 0       
 NEXT SEEDS:278E8102       0       0       0       0       0   181CD    3039       0       0
  140000000             110000000             110000000             2.8591731E-05         1.0000000E+30                 0       
 NEXT SEEDS:2905B224       0       0       0       0       0   181CD    3039       0       0
  145000000             105000000             105000000             2.8592829E-05         1.0000000E+30                 0       
 NEXT SEEDS:2A7C55A9       0       0       0       0       0   181CD    3039       0       0
  150000000             100000000             100000000             2.8593280E-05         1.0000000E+30                 0       
 NEXT SEEDS:2BF38889       0       0       0       0       0   181CD    3039       0       0
  155000000              95000000              95000000             2.8591789E-05         1.0000000E+30                 0       
 NEXT SEEDS:2D6A9C12       0       0       0       0       0   181CD    3039       0       0
  160000000              90000000              90000000             2.8591035E-05         1.0000000E+30                 0       
 NEXT SEEDS:2EE1C35F       0       0       0       0       0   181CD    3039       0       0
  *** Emfgeo: Ncoun  2000000000
  165000000              85000000              85000000             2.8591893E-05         1.0000000E+30                 0       
 NEXT SEEDS:3059076A       0       0       0       0       0   181CD    3039       0       0
  170000000              80000000              80000000             2.8591416E-05         1.0000000E+30                 0       
 NEXT SEEDS:31CFD896       0       0       0       0       0   181CD    3039       0       0
  175000000              75000000              75000000             2.8594293E-05         1.0000000E+30                 0       
 NEXT SEEDS:334748B4       0       0       0       0       0   181CD    3039       0       0
  180000000              70000000              70000000             2.8593800E-05         1.0000000E+30                 0       
 NEXT SEEDS:34BE727D       0       0       0       0       0   181CD    3039       0       0
  185000000              65000000              65000000             2.8597394E-05         1.0000000E+30                 0       
 NEXT SEEDS:3635582E       0       0       0       0       0   181CD    3039       0       0
  190000000              60000000              60000000             2.8599562E-05         1.0000000E+30                 0       
 NEXT SEEDS:37ACBE5A       0       0       0       0       0   181CD    3039       0       0
  195000000              55000000              55000000             2.8598529E-05         1.0000000E+30                 0       
 NEXT SEEDS:39241087       0       0       0       0       0   181CD    3039       0       0
  200000000              50000000              50000000             2.8599327E-05         1.0000000E+30                 0       
 NEXT SEEDS:3A9B1F2D       0       0       0       0       0   181CD    3039       0       0
  205000000              45000000              45000000             2.8599196E-05         1.0000000E+30                 0       
 NEXT SEEDS:  777F7F       1       0       0       0       0   181CD    3039       0       0
  210000000              40000000              40000000             2.8609797E-05         1.0000000E+30                 0       
 NEXT SEEDS: 1EE955F       1       0       0       0       0   181CD    3039       0       0
  215000000              35000000              35000000             2.8621199E-05         1.0000000E+30                 0       
 NEXT SEEDS: 365DD0D       1       0       0       0       0   181CD    3039       0       0
  220000000              30000000              30000000             2.8629973E-05         1.0000000E+30                 0       
 NEXT SEEDS: 4DCE228       1       0       0       0       0   181CD    3039       0       0
  225000000              25000000              25000000             2.8638371E-05         1.0000000E+30                 0       
 NEXT SEEDS: 65422AE       1       0       0       0       0   181CD    3039       0       0
  230000000              20000000              20000000             2.8642539E-05         1.0000000E+30                 0       
 NEXT SEEDS: 7CB2F74       1       0       0       0       0   181CD    3039       0       0
  235000000              15000000              15000000             2.8640915E-05         1.0000000E+30                 0       
 NEXT SEEDS: 941F9F0       1       0       0       0       0   181CD    3039       0       0
  240000000              10000000              10000000             2.8639800E-05         1.0000000E+30                 0       
 NEXT SEEDS: AB8E776       1       0       0       0       0   181CD    3039       0       0
  *** Emfgeo: Ncoun  2000000000
  245000000               5000000               5000000             2.8638555E-05         1.0000000E+30                 0       
 NEXT SEEDS: C302417       1       0       0       0       0   181CD    3039       0       0
  249999950                    50                    50             2.8638985E-05         1.0000000E+30                 0       
 NEXT SEEDS: DA75F3F       1       0       0       0       0   181CD    3039       0       0
  249999951                    49                    49             2.8638987E-05         1.0000000E+30                 0       
 NEXT SEEDS: DA75F43       1       0       0       0       0   181CD    3039       0       0
  249999952                    48                    48             2.8638987E-05         1.0000000E+30                 0       
 NEXT SEEDS: DA75F47       1       0       0       0       0   181CD    3039       0       0
  249999953                    47                    47             2.8638989E-05         1.0000000E+30                 0       
 NEXT SEEDS: DA75F4B       1       0       0       0       0   181CD    3039       0       0
  249999954                    46                    46             2.8638989E-05         1.0000000E+30                 0       
 NEXT SEEDS: DA75F4F       1       0       0       0       0   181CD    3039       0       0
  249999955                    45                    45             2.8638991E-05         1.0000000E+30                 0       
 NEXT SEEDS: DA75F53       1       0       0       0       0   181CD    3039       0       0
  249999956                    44                    44             2.8638990E-05         1.0000000E+30                 0       
 NEXT SEEDS: DA75F57       1       0       0       0       0   181CD    3039       0       0
  249999957                    43                    43             2.8638990E-05         1.0000000E+30                 0       
 NEXT SEEDS: DA75F5B       1       0       0       0       0   181CD    3039       0       0
  249999958                    42                    42             2.8638992E-05         1.0000000E+30                 0       
 NEXT SEEDS: DA75F61       1       0       0       0       0   181CD    3039       0       0
  249999959                    41                    41             2.8638994E-05         1.0000000E+30                 0       
 NEXT SEEDS: DA75F65       1       0       0       0       0   181CD    3039       0       0
  249999960                    40                    40             2.8638994E-05         1.0000000E+30                 0       
 NEXT SEEDS: DA75F69       1       0       0       0       0   181CD    3039       0       0
  249999961                    39                    39             2.8638996E-05         1.0000000E+30                 0       
 NEXT SEEDS: DA75F6D       1       0       0       0       0   181CD    3039       0       0
  249999962                    38                    38             2.8638996E-05         1.0000000E+30                 0       
 NEXT SEEDS: DA75F71       1       0       0       0       0   181CD    3039       0       0
  249999963                    37                    37             2.8638995E-05         1.0000000E+30                 0       
 NEXT SEEDS: DA75F75       1       0       0       0       0   181CD    3039       0       0
  249999964                    36                    36             2.8638995E-05         1.0000000E+30                 0       
 NEXT SEEDS: DA75F79       1       0       0       0       0   181CD    3039       0       0
  249999965                    35                    35             2.8638995E-05         1.0000000E+30                 0       
 NEXT SEEDS: DA75F7D       1       0       0       0       0   181CD    3039       0       0
  249999966                    34                    34             2.8638995E-05         1.0000000E+30                 0       
 NEXT SEEDS: DA75F81       1       0       0       0       0   181CD    3039       0       0
  249999967                    33                    33             2.8638995E-05         1.0000000E+30                 0       
 NEXT SEEDS: DA75F85       1       0       0       0       0   181CD    3039       0       0
  249999968                    32                    32             2.8638995E-05         1.0000000E+30                 0       
 NEXT SEEDS: DA75F89       1       0       0       0       0   181CD    3039       0       0
  249999969                    31                    31             2.8638997E-05         1.0000000E+30                 0       
 NEXT SEEDS: DA75F8D       1       0       0       0       0   181CD    3039       0       0
  249999970                    30                    30             2.8638997E-05         1.0000000E+30                 0       
 NEXT SEEDS: DA75F91       1       0       0       0       0   181CD    3039       0       0
  249999971                    29                    29             2.8638996E-05         1.0000000E+30                 0       
 NEXT SEEDS: DA75F95       1       0       0       0       0   181CD    3039       0       0
  249999972                    28                    28             2.8638996E-05         1.0000000E+30                 0       
 NEXT SEEDS: DA75F99       1       0       0       0       0   181CD    3039       0       0
  249999973                    27                    27             2.8638996E-05         1.0000000E+30                 0       
 NEXT SEEDS: DA75F9D       1       0       0       0       0   181CD    3039       0       0
  249999974                    26                    26             2.8638996E-05         1.0000000E+30                 0       
 NEXT SEEDS: DA75FAF       1       0       0       0       0   181CD    3039       0       0
  249999975                    25                    25             2.8638996E-05         1.0000000E+30                 0       
 NEXT SEEDS: DA75FB3       1       0       0       0       0   181CD    3039       0       0
  249999976                    24                    24             2.8638996E-05         1.0000000E+30                 0       
 NEXT SEEDS: DA75FB7       1       0       0       0       0   181CD    3039       0       0
  249999977                    23                    23             2.8638996E-05         1.0000000E+30                 0       
 NEXT SEEDS: DA75FBB       1       0       0       0       0   181CD    3039       0       0
  249999978                    22                    22             2.8638996E-05         1.0000000E+30                 0       
 NEXT SEEDS: DA75FC1       1       0       0       0       0   181CD    3039       0       0
  249999979                    21                    21             2.8638996E-05         1.0000000E+30                 0       
 NEXT SEEDS: DA75FC5       1       0       0       0       0   181CD    3039       0       0
  249999980                    20                    20             2.8638995E-05         1.0000000E+30                 0       
 NEXT SEEDS: DA75FC9       1       0       0       0       0   181CD    3039       0       0
  249999981                    19                    19             2.8638995E-05         1.0000000E+30                 0       
 NEXT SEEDS: DA75FCD       1       0       0       0       0   181CD    3039       0       0
  249999982                    18                    18             2.8638995E-05         1.0000000E+30                 0       
 NEXT SEEDS: DA75FD1       1       0       0       0       0   181CD    3039       0       0
  249999983                    17                    17             2.8638995E-05         1.0000000E+30                 0       
 NEXT SEEDS: DA75FD5       1       0       0       0       0   181CD    3039       0       0
  249999984                    16                    16             2.8638995E-05         1.0000000E+30                 0       
 NEXT SEEDS: DA75FDB       1       0       0       0       0   181CD    3039       0       0
  249999985                    15                    15             2.8638995E-05         1.0000000E+30                 0       
 NEXT SEEDS: DA75FDF       1       0       0       0       0   181CD    3039       0       0
  249999986                    14                    14             2.8638995E-05         1.0000000E+30                 0       
 NEXT SEEDS: DA75FE3       1       0       0       0       0   181CD    3039       0       0
  249999987                    13                    13             2.8638995E-05         1.0000000E+30                 0       
 NEXT SEEDS: DA75FE7       1       0       0       0       0   181CD    3039       0       0
  249999988                    12                    12             2.8638995E-05         1.0000000E+30                 0       
 NEXT SEEDS: DA75FEB       1       0       0       0       0   181CD    3039       0       0
  249999989                    11                    11             2.8638994E-05         1.0000000E+30                 0       
 NEXT SEEDS: DA75FEF       1       0       0       0       0   181CD    3039       0       0
  249999990                    10                    10             2.8638994E-05         1.0000000E+30                 0       
 NEXT SEEDS: DA75FF3       1       0       0       0       0   181CD    3039       0       0
  249999991                     9                     9             2.8638994E-05         1.0000000E+30                 0       
 NEXT SEEDS: DA76004       1       0       0       0       0   181CD    3039       0       0
  249999992                     8                     8             2.8638994E-05         1.0000000E+30                 0       
 NEXT SEEDS: DA76008       1       0       0       0       0   181CD    3039       0       0
  249999993                     7                     7             2.8638994E-05         1.0000000E+30                 0       
 NEXT SEEDS: DA7600C       1       0       0       0       0   181CD    3039       0       0
  249999994                     6                     6             2.8638994E-05         1.0000000E+30                 0       
 NEXT SEEDS: DA76010       1       0       0       0       0   181CD    3039       0       0
  249999995                     5                     5             2.8638994E-05         1.0000000E+30                 0       
 NEXT SEEDS: DA76014       1       0       0       0       0   181CD    3039       0       0
  249999996                     4                     4             2.8638994E-05         1.0000000E+30                 0       
 NEXT SEEDS: DA76018       1       0       0       0       0   181CD    3039       0       0
  249999997                     3                     3             2.8638994E-05         1.0000000E+30                 0       
 NEXT SEEDS: DA7601C       1       0       0       0       0   181CD    3039       0       0
  249999998                     2                     2             2.8638993E-05         1.0000000E+30                 0       
 NEXT SEEDS: DA76020       1       0       0       0       0   181CD    3039       0       0
  249999999                     1                     1             2.8638993E-05         1.0000000E+30                 0       
 NEXT SEEDS: DA76024       1       0       0       0       0   181CD    3039       0       0
  250000000                     0                     1             2.8638993E-05         1.0000000E+30                 0       
 NEXT SEEDS: DA76028       1       0       0       0       0   181CD    3039       0       0
