1NUMBER OF BEAM       NUMBER OF BEAM        APPROXIMATE NUMBER    AVERAGE TIME USED     TIME LEFT (RESERVED   NUMBER OF STARS
 PARTICLES HANDLED    PARTICLES LEFT        OF BEAM PARTICLES     BY A BEAM PARTICLE     10000.0 SECONDS      CREATED
                                            THAT CAN STILL BE                           FOR PRINTOUT)
                                            HANDLED

 NEXT SEEDS:       0       0       0       0       0       0   181CD    3039       0       0
          1             249999999             249999999             7.7009201E-05         1.0000000E+30                 0       
 NEXT SEEDS:       4       0       0       0       0       0   181CD    3039       0       0
    5000000             245000000             245000000             2.9476841E-05         1.0000000E+30                 0       
 NEXT SEEDS: 1774118       0       0       0       0       0   181CD    3039       0       0
   10000000             240000000             240000000             2.9459165E-05         1.0000000E+30                 0       
 NEXT SEEDS: 2EE5A88       0       0       0       0       0   181CD    3039       0       0
   15000000             235000000             235000000             2.9434823E-05         1.0000000E+30                 0       
 NEXT SEEDS: 4655D2C       0       0       0       0       0   181CD    3039       0       0
   20000000             230000000             230000000             2.9422376E-05         1.0000000E+30                 0       
 NEXT SEEDS: 5DC601C       0       0       0       0       0   181CD    3039       0       0
   25000000             225000000             225000000             2.9436865E-05         1.0000000E+30                 0       
 NEXT SEEDS: 753A267       0       0       0       0       0   181CD    3039       0       0
   30000000             220000000             220000000             2.9427948E-05         1.0000000E+30                 0       
 NEXT SEEDS: 8CA7DE3       0       0       0       0       0   181CD    3039       0       0
   35000000             215000000             215000000             2.9429907E-05         1.0000000E+30                 0       
 NEXT SEEDS: A419902       0       0       0       0       0   181CD    3039       0       0
   40000000             210000000             210000000             2.9420801E-05         1.0000000E+30                 0       
 NEXT SEEDS: BB891DC       0       0       0       0       0   181CD    3039       0       0
   45000000             205000000             205000000             2.9418202E-05         1.0000000E+30                 0       
 NEXT SEEDS: D2FB730       0       0       0       0       0   181CD    3039       0       0
   50000000             200000000             200000000             2.9415308E-05         1.0000000E+30                 0       
 NEXT SEEDS: EA6C1A8       0       0       0       0       0   181CD    3039       0       0
   55000000             195000000             195000000             2.9414309E-05         1.0000000E+30                 0       
 NEXT SEEDS:101DA41A       0       0       0       0       0   181CD    3039       0       0
   60000000             190000000             190000000             2.9414998E-05         1.0000000E+30                 0       
 NEXT SEEDS:1194F851       0       0       0       0       0   181CD    3039       0       0
   65000000             185000000             185000000             2.9414378E-05         1.0000000E+30                 0       
 NEXT SEEDS:130C11FD       0       0       0       0       0   181CD    3039       0       0
   70000000             180000000             180000000             2.9410468E-05         1.0000000E+30                 0       
 NEXT SEEDS:1482F6D3       0       0       0       0       0   181CD    3039       0       0
   75000000             175000000             175000000             2.9411623E-05         1.0000000E+30                 0       
 NEXT SEEDS:15F9FCA2       0       0       0       0       0   181CD    3039       0       0
   80000000             170000000             170000000             2.9411122E-05         1.0000000E+30                 0       
 NEXT SEEDS:1770D882       0       0       0       0       0   181CD    3039       0       0
  *** Emfgeo: Ncoun  2000000000
   85000000             165000000             165000000             2.9414857E-05         1.0000000E+30                 0       
 NEXT SEEDS:18E810E0       0       0       0       0       0   181CD    3039       0       0
   90000000             160000000             160000000             2.9414587E-05         1.0000000E+30                 0       
 NEXT SEEDS:1A5F0C05       0       0       0       0       0   181CD    3039       0       0
   95000000             155000000             155000000             2.9415146E-05         1.0000000E+30                 0       
 NEXT SEEDS:1BD61AAB       0       0       0       0       0   181CD    3039       0       0
  100000000             150000000             150000000             2.9415109E-05         1.0000000E+30                 0       
 NEXT SEEDS:1D4D1A81       0       0       0       0       0   181CD    3039       0       0
  105000000             145000000             145000000             2.9417279E-05         1.0000000E+30                 0       
 NEXT SEEDS:1EC415DA       0       0       0       0       0   181CD    3039       0       0
  110000000             140000000             140000000             2.9415335E-05         1.0000000E+30                 0       
 NEXT SEEDS:203AF964       0       0       0       0       0   181CD    3039       0       0
  115000000             135000000             135000000             2.9416163E-05         1.0000000E+30                 0       
 NEXT SEEDS:21B20953       0       0       0       0       0   181CD    3039       0       0
  120000000             130000000             130000000             2.9414953E-05         1.0000000E+30                 0       
 NEXT SEEDS:2328E728       0       0       0       0       0   181CD    3039       0       0
  125000000             125000000             125000000             2.9415253E-05         1.0000000E+30                 0       
 NEXT SEEDS:249FD7AC       0       0       0       0       0   181CD    3039       0       0
  130000000             120000000             120000000             2.9416266E-05         1.0000000E+30                 0       
 NEXT SEEDS:2616F54F       0       0       0       0       0   181CD    3039       0       0
  135000000             115000000             115000000             2.9417577E-05         1.0000000E+30                 0       
 NEXT SEEDS:278DF6D5       0       0       0       0       0   181CD    3039       0       0
  140000000             110000000             110000000             2.9417180E-05         1.0000000E+30                 0       
 NEXT SEEDS:2904CEB4       0       0       0       0       0   181CD    3039       0       0
  145000000             105000000             105000000             2.9416847E-05         1.0000000E+30                 0       
 NEXT SEEDS:2A7BE2DA       0       0       0       0       0   181CD    3039       0       0
  150000000             100000000             100000000             2.9416438E-05         1.0000000E+30                 0       
 NEXT SEEDS:2BF31CCE       0       0       0       0       0   181CD    3039       0       0
  155000000              95000000              95000000             2.9421443E-05         1.0000000E+30                 0       
 NEXT SEEDS:2D6A864E       0       0       0       0       0   181CD    3039       0       0
  160000000              90000000              90000000             2.9419723E-05         1.0000000E+30                 0       
 NEXT SEEDS:2EE1B821       0       0       0       0       0   181CD    3039       0       0
  *** Emfgeo: Ncoun  2000000000
  165000000              85000000              85000000             2.9416453E-05         1.0000000E+30                 0       
 NEXT SEEDS:3058A931       0       0       0       0       0   181CD    3039       0       0
  170000000              80000000              80000000             2.9415125E-05         1.0000000E+30                 0       
 NEXT SEEDS:31CF789F       0       0       0       0       0   181CD    3039       0       0
  175000000              75000000              75000000             2.9415917E-05         1.0000000E+30                 0       
 NEXT SEEDS:33468F0C       0       0       0       0       0   181CD    3039       0       0
  180000000              70000000              70000000             2.9417260E-05         1.0000000E+30                 0       
 NEXT SEEDS:34BDB8C8       0       0       0       0       0   181CD    3039       0       0
  185000000              65000000              65000000             2.9416260E-05         1.0000000E+30                 0       
 NEXT SEEDS:3634A39F       0       0       0       0       0   181CD    3039       0       0
  190000000              60000000              60000000             2.9415719E-05         1.0000000E+30                 0       
 NEXT SEEDS:37ABCA97       0       0       0       0       0   181CD    3039       0       0
  195000000              55000000              55000000             2.9415509E-05         1.0000000E+30                 0       
 NEXT SEEDS:3922EEFA       0       0       0       0       0   181CD    3039       0       0
  200000000              50000000              50000000             2.9414767E-05         1.0000000E+30                 0       
 NEXT SEEDS:3A99D072       0       0       0       0       0   181CD    3039       0       0
  205000000              45000000              45000000             2.9414317E-05         1.0000000E+30                 0       
 NEXT SEEDS:  760458       1       0       0       0       0   181CD    3039       0       0
  210000000              40000000              40000000             2.9413971E-05         1.0000000E+30                 0       
 NEXT SEEDS: 1ED1DDE       1       0       0       0       0   181CD    3039       0       0
  215000000              35000000              35000000             2.9414137E-05         1.0000000E+30                 0       
 NEXT SEEDS: 363EA41       1       0       0       0       0   181CD    3039       0       0
  220000000              30000000              30000000             2.9414173E-05         1.0000000E+30                 0       
 NEXT SEEDS: 4DAF6B2       1       0       0       0       0   181CD    3039       0       0
  225000000              25000000              25000000             2.9413496E-05         1.0000000E+30                 0       
 NEXT SEEDS: 6522849       1       0       0       0       0   181CD    3039       0       0
  230000000              20000000              20000000             2.9412548E-05         1.0000000E+30                 0       
 NEXT SEEDS: 7C92CED       1       0       0       0       0   181CD    3039       0       0
  235000000              15000000              15000000             2.9412809E-05         1.0000000E+30                 0       
 NEXT SEEDS: 9402431       1       0       0       0       0   181CD    3039       0       0
  240000000              10000000              10000000             2.9411260E-05         1.0000000E+30                 0       
 NEXT SEEDS: AB738C9       1       0       0       0       0   181CD    3039       0       0
  *** Emfgeo: Ncoun  2000000000
  245000000               5000000               5000000             2.9410261E-05         1.0000000E+30                 0       
 NEXT SEEDS: C2E1835       1       0       0       0       0   181CD    3039       0       0
  249999950                    50                    50             2.9411582E-05         1.0000000E+30                 0       
 NEXT SEEDS: DA54A0B       1       0       0       0       0   181CD    3039       0       0
  249999951                    49                    49             2.9411581E-05         1.0000000E+30                 0       
 NEXT SEEDS: DA54A0F       1       0       0       0       0   181CD    3039       0       0
  249999952                    48                    48             2.9411581E-05         1.0000000E+30                 0       
 NEXT SEEDS: DA54A13       1       0       0       0       0   181CD    3039       0       0
  249999953                    47                    47             2.9411581E-05         1.0000000E+30                 0       
 NEXT SEEDS: DA54A17       1       0       0       0       0   181CD    3039       0       0
  249999954                    46                    46             2.9411581E-05         1.0000000E+30                 0       
 NEXT SEEDS: DA54A1B       1       0       0       0       0   181CD    3039       0       0
  249999955                    45                    45             2.9411581E-05         1.0000000E+30                 0       
 NEXT SEEDS: DA54A1F       1       0       0       0       0   181CD    3039       0       0
  249999956                    44                    44             2.9411581E-05         1.0000000E+30                 0       
 NEXT SEEDS: DA54A23       1       0       0       0       0   181CD    3039       0       0
  249999957                    43                    43             2.9411581E-05         1.0000000E+30                 0       
 NEXT SEEDS: DA54A27       1       0       0       0       0   181CD    3039       0       0
  249999958                    42                    42             2.9411581E-05         1.0000000E+30                 0       
 NEXT SEEDS: DA54A2B       1       0       0       0       0   181CD    3039       0       0
  249999959                    41                    41             2.9411581E-05         1.0000000E+30                 0       
 NEXT SEEDS: DA54A2F       1       0       0       0       0   181CD    3039       0       0
  249999960                    40                    40             2.9411580E-05         1.0000000E+30                 0       
 NEXT SEEDS: DA54A39       1       0       0       0       0   181CD    3039       0       0
  249999961                    39                    39             2.9411580E-05         1.0000000E+30                 0       
 NEXT SEEDS: DA54A3D       1       0       0       0       0   181CD    3039       0       0
  249999962                    38                    38             2.9411580E-05         1.0000000E+30                 0       
 NEXT SEEDS: DA54A41       1       0       0       0       0   181CD    3039       0       0
  249999963                    37                    37             2.9411580E-05         1.0000000E+30                 0       
 NEXT SEEDS: DA54A45       1       0       0       0       0   181CD    3039       0       0
  249999964                    36                    36             2.9411580E-05         1.0000000E+30                 0       
 NEXT SEEDS: DA54A49       1       0       0       0       0   181CD    3039       0       0
  249999965                    35                    35             2.9411580E-05         1.0000000E+30                 0       
 NEXT SEEDS: DA54A4D       1       0       0       0       0   181CD    3039       0       0
  249999966                    34                    34             2.9411580E-05         1.0000000E+30                 0       
 NEXT SEEDS: DA54A51       1       0       0       0       0   181CD    3039       0       0
  249999967                    33                    33             2.9411580E-05         1.0000000E+30                 0       
 NEXT SEEDS: DA54A55       1       0       0       0       0   181CD    3039       0       0
  249999968                    32                    32             2.9411579E-05         1.0000000E+30                 0       
 NEXT SEEDS: DA54A59       1       0       0       0       0   181CD    3039       0       0
  249999969                    31                    31             2.9411579E-05         1.0000000E+30                 0       
 NEXT SEEDS: DA54A5D       1       0       0       0       0   181CD    3039       0       0
  249999970                    30                    30             2.9411579E-05         1.0000000E+30                 0       
 NEXT SEEDS: DA54A61       1       0       0       0       0   181CD    3039       0       0
  249999971                    29                    29             2.9411579E-05         1.0000000E+30                 0       
 NEXT SEEDS: DA54A67       1       0       0       0       0   181CD    3039       0       0
  249999972                    28                    28             2.9411581E-05         1.0000000E+30                 0       
 NEXT SEEDS: DA54A6D       1       0       0       0       0   181CD    3039       0       0
  249999973                    27                    27             2.9411581E-05         1.0000000E+30                 0       
 NEXT SEEDS: DA54A71       1       0       0       0       0   181CD    3039       0       0
  249999974                    26                    26             2.9411583E-05         1.0000000E+30                 0       
 NEXT SEEDS: DA54A75       1       0       0       0       0   181CD    3039       0       0
  249999975                    25                    25             2.9411583E-05         1.0000000E+30                 0       
 NEXT SEEDS: DA54A79       1       0       0       0       0   181CD    3039       0       0
  249999976                    24                    24             2.9411582E-05         1.0000000E+30                 0       
 NEXT SEEDS: DA54A7D       1       0       0       0       0   181CD    3039       0       0
  249999977                    23                    23             2.9411582E-05         1.0000000E+30                 0       
 NEXT SEEDS: DA54A81       1       0       0       0       0   181CD    3039       0       0
  249999978                    22                    22             2.9411582E-05         1.0000000E+30                 0       
 NEXT SEEDS: DA54A85       1       0       0       0       0   181CD    3039       0       0
  249999979                    21                    21             2.9411582E-05         1.0000000E+30                 0       
 NEXT SEEDS: DA54A89       1       0       0       0       0   181CD    3039       0       0
  249999980                    20                    20             2.9411582E-05         1.0000000E+30                 0       
 NEXT SEEDS: DA54A8D       1       0       0       0       0   181CD    3039       0       0
  249999981                    19                    19             2.9411584E-05         1.0000000E+30                 0       
 NEXT SEEDS: DA54A91       1       0       0       0       0   181CD    3039       0       0
  249999982                    18                    18             2.9411586E-05         1.0000000E+30                 0       
 NEXT SEEDS: DA54AA5       1       0       0       0       0   181CD    3039       0       0
  249999983                    17                    17             2.9411586E-05         1.0000000E+30                 0       
 NEXT SEEDS: DA54AA9       1       0       0       0       0   181CD    3039       0       0
  249999984                    16                    16             2.9411585E-05         1.0000000E+30                 0       
 NEXT SEEDS: DA54AAD       1       0       0       0       0   181CD    3039       0       0
  249999985                    15                    15             2.9411587E-05         1.0000000E+30                 0       
 NEXT SEEDS: DA54AB1       1       0       0       0       0   181CD    3039       0       0
  249999986                    14                    14             2.9411589E-05         1.0000000E+30                 0       
 NEXT SEEDS: DA54AC5       1       0       0       0       0   181CD    3039       0       0
  249999987                    13                    13             2.9411589E-05         1.0000000E+30                 0       
 NEXT SEEDS: DA54AC9       1       0       0       0       0   181CD    3039       0       0
  249999988                    12                    12             2.9411589E-05         1.0000000E+30                 0       
 NEXT SEEDS: DA54ACD       1       0       0       0       0   181CD    3039       0       0
  249999989                    11                    11             2.9411591E-05         1.0000000E+30                 0       
 NEXT SEEDS: DA54AD1       1       0       0       0       0   181CD    3039       0       0
  249999990                    10                    10             2.9411591E-05         1.0000000E+30                 0       
 NEXT SEEDS: DA54AD7       1       0       0       0       0   181CD    3039       0       0
  249999991                     9                     9             2.9411590E-05         1.0000000E+30                 0       
 NEXT SEEDS: DA54AE9       1       0       0       0       0   181CD    3039       0       0
  249999992                     8                     8             2.9411590E-05         1.0000000E+30                 0       
 NEXT SEEDS: DA54AED       1       0       0       0       0   181CD    3039       0       0
  249999993                     7                     7             2.9411590E-05         1.0000000E+30                 0       
 NEXT SEEDS: DA54AF3       1       0       0       0       0   181CD    3039       0       0
  249999994                     6                     6             2.9411590E-05         1.0000000E+30                 0       
 NEXT SEEDS: DA54AF7       1       0       0       0       0   181CD    3039       0       0
  249999995                     5                     5             2.9411590E-05         1.0000000E+30                 0       
 NEXT SEEDS: DA54AFB       1       0       0       0       0   181CD    3039       0       0
  249999996                     4                     4             2.9411590E-05         1.0000000E+30                 0       
 NEXT SEEDS: DA54AFF       1       0       0       0       0   181CD    3039       0       0
  249999997                     3                     3             2.9411592E-05         1.0000000E+30                 0       
 NEXT SEEDS: DA54B05       1       0       0       0       0   181CD    3039       0       0
  249999998                     2                     2             2.9411594E-05         1.0000000E+30                 0       
 NEXT SEEDS: DA54B09       1       0       0       0       0   181CD    3039       0       0
  249999999                     1                     1             2.9411593E-05         1.0000000E+30                 0       
 NEXT SEEDS: DA54B0D       1       0       0       0       0   181CD    3039       0       0
  250000000                     0                     1             2.9411593E-05         1.0000000E+30                 0       
 NEXT SEEDS: DA54B11       1       0       0       0       0   181CD    3039       0       0
