1NUMBER OF BEAM       NUMBER OF BEAM        APPROXIMATE NUMBER    AVERAGE TIME USED     TIME LEFT (RESERVED   NUMBER OF STARS
 PARTICLES HANDLED    PARTICLES LEFT        OF BEAM PARTICLES     BY A BEAM PARTICLE     10000.0 SECONDS      CREATED
                                            THAT CAN STILL BE                           FOR PRINTOUT)
                                            HANDLED

 NEXT SEEDS:       0       0       0       0       0       0   181CD    3039       0       0
          1             249999999             249999999             7.7009201E-05         1.0000000E+30                 0       
 NEXT SEEDS:       4       0       0       0       0       0   181CD    3039       0       0
    5000000             245000000             245000000             2.8454503E-05         1.0000000E+30                 0       
 NEXT SEEDS: 176FB08       0       0       0       0       0   181CD    3039       0       0
   10000000             240000000             240000000             2.8469534E-05         1.0000000E+30                 0       
 NEXT SEEDS: 2EDFEFA       0       0       0       0       0   181CD    3039       0       0
   15000000             235000000             235000000             2.8475010E-05         1.0000000E+30                 0       
 NEXT SEEDS: 4650F43       0       0       0       0       0   181CD    3039       0       0
   20000000             230000000             230000000             2.8498332E-05         1.0000000E+30                 0       
 NEXT SEEDS: 5DC4DF9       0       0       0       0       0   181CD    3039       0       0
   25000000             225000000             225000000             2.8497638E-05         1.0000000E+30                 0       
 NEXT SEEDS: 753B02C       0       0       0       0       0   181CD    3039       0       0
   30000000             220000000             220000000             2.8508401E-05         1.0000000E+30                 0       
 NEXT SEEDS: 8CAE7C6       0       0       0       0       0   181CD    3039       0       0
   35000000             215000000             215000000             2.8510241E-05         1.0000000E+30                 0       
 NEXT SEEDS: A420DFA       0       0       0       0       0   181CD    3039       0       0
   40000000             210000000             210000000             2.8507738E-05         1.0000000E+30                 0       
 NEXT SEEDS: BB8E9B3       0       0       0       0       0   181CD    3039       0       0
   45000000             205000000             205000000             2.8522818E-05         1.0000000E+30                 0       
 NEXT SEEDS: D300E41       0       0       0       0       0   181CD    3039       0       0
   50000000             200000000             200000000             2.8527123E-05         1.0000000E+30                 0       
 NEXT SEEDS: EA72F41       0       0       0       0       0   181CD    3039       0       0
   55000000             195000000             195000000             2.8524174E-05         1.0000000E+30                 0       
 NEXT SEEDS:101E339A       0       0       0       0       0   181CD    3039       0       0
   60000000             190000000             190000000             2.8523980E-05         1.0000000E+30                 0       
 NEXT SEEDS:11953AA6       0       0       0       0       0   181CD    3039       0       0
   65000000             185000000             185000000             2.8519835E-05         1.0000000E+30                 0       
 NEXT SEEDS:130C490B       0       0       0       0       0   181CD    3039       0       0
   70000000             180000000             180000000             2.8521824E-05         1.0000000E+30                 0       
 NEXT SEEDS:148350F9       0       0       0       0       0   181CD    3039       0       0
   75000000             175000000             175000000             2.8526066E-05         1.0000000E+30                 0       
 NEXT SEEDS:15FA3AE6       0       0       0       0       0   181CD    3039       0       0
   80000000             170000000             170000000             2.8531605E-05         1.0000000E+30                 0       
 NEXT SEEDS:17716285       0       0       0       0       0   181CD    3039       0       0
  *** Emfgeo: Ncoun  2000000000
   85000000             165000000             165000000             2.8531665E-05         1.0000000E+30                 0       
 NEXT SEEDS:18E8952F       0       0       0       0       0   181CD    3039       0       0
   90000000             160000000             160000000             2.8529401E-05         1.0000000E+30                 0       
 NEXT SEEDS:1A5FC1DF       0       0       0       0       0   181CD    3039       0       0
   95000000             155000000             155000000             2.8534959E-05         1.0000000E+30                 0       
 NEXT SEEDS:1BD6F70F       0       0       0       0       0   181CD    3039       0       0
  100000000             150000000             150000000             2.8533043E-05         1.0000000E+30                 0       
 NEXT SEEDS:1D4E0E41       0       0       0       0       0   181CD    3039       0       0
  105000000             145000000             145000000             2.8534839E-05         1.0000000E+30                 0       
 NEXT SEEDS:1EC548A8       0       0       0       0       0   181CD    3039       0       0
  110000000             140000000             140000000             2.8531542E-05         1.0000000E+30                 0       
 NEXT SEEDS:203C81EC       0       0       0       0       0   181CD    3039       0       0
  115000000             135000000             135000000             2.8534701E-05         1.0000000E+30                 0       
 NEXT SEEDS:21B3D01C       0       0       0       0       0   181CD    3039       0       0
  120000000             130000000             130000000             2.8537476E-05         1.0000000E+30                 0       
 NEXT SEEDS:232AC161       0       0       0       0       0   181CD    3039       0       0
  125000000             125000000             125000000             2.8533975E-05         1.0000000E+30                 0       
 NEXT SEEDS:24A1D69D       0       0       0       0       0   181CD    3039       0       0
  130000000             120000000             120000000             2.8533790E-05         1.0000000E+30                 0       
 NEXT SEEDS:2618EC08       0       0       0       0       0   181CD    3039       0       0
  135000000             115000000             115000000             2.8535030E-05         1.0000000E+30                 0       
 NEXT SEEDS:278FF03E       0       0       0       0       0   181CD    3039       0       0
  140000000             110000000             110000000             2.8532768E-05         1.0000000E+30                 0       
 NEXT SEEDS:2907514F       0       0       0       0       0   181CD    3039       0       0
  145000000             105000000             105000000             2.8531633E-05         1.0000000E+30                 0       
 NEXT SEEDS:2A7E6108       0       0       0       0       0   181CD    3039       0       0
  150000000             100000000             100000000             2.8530334E-05         1.0000000E+30                 0       
 NEXT SEEDS:2BF58ADE       0       0       0       0       0   181CD    3039       0       0
  155000000              95000000              95000000             2.8530742E-05         1.0000000E+30                 0       
 NEXT SEEDS:2D6C7292       0       0       0       0       0   181CD    3039       0       0
  160000000              90000000              90000000             2.8533715E-05         1.0000000E+30                 0       
 NEXT SEEDS:2EE38A9A       0       0       0       0       0   181CD    3039       0       0
  *** Emfgeo: Ncoun  2000000000
  165000000              85000000              85000000             2.8533951E-05         1.0000000E+30                 0       
 NEXT SEEDS:305AE121       0       0       0       0       0   181CD    3039       0       0
  170000000              80000000              80000000             2.8537404E-05         1.0000000E+30                 0       
 NEXT SEEDS:31D24EFB       0       0       0       0       0   181CD    3039       0       0
  175000000              75000000              75000000             2.8539893E-05         1.0000000E+30                 0       
 NEXT SEEDS:3349966D       0       0       0       0       0   181CD    3039       0       0
  180000000              70000000              70000000             2.8540103E-05         1.0000000E+30                 0       
 NEXT SEEDS:34C0E7EC       0       0       0       0       0   181CD    3039       0       0
  185000000              65000000              65000000             2.8538948E-05         1.0000000E+30                 0       
 NEXT SEEDS:363803CD       0       0       0       0       0   181CD    3039       0       0
  190000000              60000000              60000000             2.8540141E-05         1.0000000E+30                 0       
 NEXT SEEDS:37AF3A76       0       0       0       0       0   181CD    3039       0       0
  195000000              55000000              55000000             2.8541538E-05         1.0000000E+30                 0       
 NEXT SEEDS:3926610D       0       0       0       0       0   181CD    3039       0       0
  200000000              50000000              50000000             2.8541293E-05         1.0000000E+30                 0       
 NEXT SEEDS:3A9DB570       0       0       0       0       0   181CD    3039       0       0
  205000000              45000000              45000000             2.8540157E-05         1.0000000E+30                 0       
 NEXT SEEDS:  79DD17       1       0       0       0       0   181CD    3039       0       0
  210000000              40000000              40000000             2.8539896E-05         1.0000000E+30                 0       
 NEXT SEEDS: 1F0F3A5       1       0       0       0       0   181CD    3039       0       0
  215000000              35000000              35000000             2.8542062E-05         1.0000000E+30                 0       
 NEXT SEEDS: 3683899       1       0       0       0       0   181CD    3039       0       0
  220000000              30000000              30000000             2.8540746E-05         1.0000000E+30                 0       
 NEXT SEEDS: 4DF56A5       1       0       0       0       0   181CD    3039       0       0
  225000000              25000000              25000000             2.8536573E-05         1.0000000E+30                 0       
 NEXT SEEDS: 6565B6C       1       0       0       0       0   181CD    3039       0       0
  230000000              20000000              20000000             2.8536784E-05         1.0000000E+30                 0       
 NEXT SEEDS: 7CD90A3       1       0       0       0       0   181CD    3039       0       0
  235000000              15000000              15000000             2.8536159E-05         1.0000000E+30                 0       
 NEXT SEEDS: 9447851       1       0       0       0       0   181CD    3039       0       0
  240000000              10000000              10000000             2.8534690E-05         1.0000000E+30                 0       
 NEXT SEEDS: ABB9A6F       1       0       0       0       0   181CD    3039       0       0
  *** Emfgeo: Ncoun  2000000000
  245000000               5000000               5000000             2.8536688E-05         1.0000000E+30                 0       
 NEXT SEEDS: C32EACA       1       0       0       0       0   181CD    3039       0       0
  249999950                    50                    50             2.8535450E-05         1.0000000E+30                 0       
 NEXT SEEDS: DA9F443       1       0       0       0       0   181CD    3039       0       0
  249999951                    49                    49             2.8535452E-05         1.0000000E+30                 0       
 NEXT SEEDS: DA9F447       1       0       0       0       0   181CD    3039       0       0
  249999952                    48                    48             2.8535452E-05         1.0000000E+30                 0       
 NEXT SEEDS: DA9F44B       1       0       0       0       0   181CD    3039       0       0
  249999953                    47                    47             2.8535452E-05         1.0000000E+30                 0       
 NEXT SEEDS: DA9F44F       1       0       0       0       0   181CD    3039       0       0
  249999954                    46                    46             2.8535452E-05         1.0000000E+30                 0       
 NEXT SEEDS: DA9F453       1       0       0       0       0   181CD    3039       0       0
  249999955                    45                    45             2.8535452E-05         1.0000000E+30                 0       
 NEXT SEEDS: DA9F457       1       0       0       0       0   181CD    3039       0       0
  249999956                    44                    44             2.8535452E-05         1.0000000E+30                 0       
 NEXT SEEDS: DA9F45B       1       0       0       0       0   181CD    3039       0       0
  249999957                    43                    43             2.8535452E-05         1.0000000E+30                 0       
 NEXT SEEDS: DA9F45F       1       0       0       0       0   181CD    3039       0       0
  249999958                    42                    42             2.8535451E-05         1.0000000E+30                 0       
 NEXT SEEDS: DA9F463       1       0       0       0       0   181CD    3039       0       0
  249999959                    41                    41             2.8535451E-05         1.0000000E+30                 0       
 NEXT SEEDS: DA9F467       1       0       0       0       0   181CD    3039       0       0
  249999960                    40                    40             2.8535451E-05         1.0000000E+30                 0       
 NEXT SEEDS: DA9F46B       1       0       0       0       0   181CD    3039       0       0
  249999961                    39                    39             2.8535451E-05         1.0000000E+30                 0       
 NEXT SEEDS: DA9F46F       1       0       0       0       0   181CD    3039       0       0
  249999962                    38                    38             2.8535451E-05         1.0000000E+30                 0       
 NEXT SEEDS: DA9F473       1       0       0       0       0   181CD    3039       0       0
  249999963                    37                    37             2.8535453E-05         1.0000000E+30                 0       
 NEXT SEEDS: DA9F477       1       0       0       0       0   181CD    3039       0       0
  249999964                    36                    36             2.8535453E-05         1.0000000E+30                 0       
 NEXT SEEDS: DA9F47B       1       0       0       0       0   181CD    3039       0       0
  249999965                    35                    35             2.8535453E-05         1.0000000E+30                 0       
 NEXT SEEDS: DA9F47F       1       0       0       0       0   181CD    3039       0       0
  249999966                    34                    34             2.8535454E-05         1.0000000E+30                 0       
 NEXT SEEDS: DA9F483       1       0       0       0       0   181CD    3039       0       0
  249999967                    33                    33             2.8535454E-05         1.0000000E+30                 0       
 NEXT SEEDS: DA9F487       1       0       0       0       0   181CD    3039       0       0
  249999968                    32                    32             2.8535454E-05         1.0000000E+30                 0       
 NEXT SEEDS: DA9F48B       1       0       0       0       0   181CD    3039       0       0
  249999969                    31                    31             2.8535454E-05         1.0000000E+30                 0       
 NEXT SEEDS: DA9F48F       1       0       0       0       0   181CD    3039       0       0
  249999970                    30                    30             2.8535454E-05         1.0000000E+30                 0       
 NEXT SEEDS: DA9F493       1       0       0       0       0   181CD    3039       0       0
  249999971                    29                    29             2.8535454E-05         1.0000000E+30                 0       
 NEXT SEEDS: DA9F499       1       0       0       0       0   181CD    3039       0       0
  249999972                    28                    28             2.8535454E-05         1.0000000E+30                 0       
 NEXT SEEDS: DA9F49D       1       0       0       0       0   181CD    3039       0       0
  249999973                    27                    27             2.8535454E-05         1.0000000E+30                 0       
 NEXT SEEDS: DA9F4A1       1       0       0       0       0   181CD    3039       0       0
  249999974                    26                    26             2.8535453E-05         1.0000000E+30                 0       
 NEXT SEEDS: DA9F4B3       1       0       0       0       0   181CD    3039       0       0
  249999975                    25                    25             2.8535453E-05         1.0000000E+30                 0       
 NEXT SEEDS: DA9F4B7       1       0       0       0       0   181CD    3039       0       0
  249999976                    24                    24             2.8535453E-05         1.0000000E+30                 0       
 NEXT SEEDS: DA9F4BB       1       0       0       0       0   181CD    3039       0       0
  249999977                    23                    23             2.8535453E-05         1.0000000E+30                 0       
 NEXT SEEDS: DA9F4BF       1       0       0       0       0   181CD    3039       0       0
  249999978                    22                    22             2.8535453E-05         1.0000000E+30                 0       
 NEXT SEEDS: DA9F4C3       1       0       0       0       0   181CD    3039       0       0
  249999979                    21                    21             2.8535455E-05         1.0000000E+30                 0       
 NEXT SEEDS: DA9F4C7       1       0       0       0       0   181CD    3039       0       0
  249999980                    20                    20             2.8535455E-05         1.0000000E+30                 0       
 NEXT SEEDS: DA9F4CB       1       0       0       0       0   181CD    3039       0       0
  249999981                    19                    19             2.8535455E-05         1.0000000E+30                 0       
 NEXT SEEDS: DA9F4CF       1       0       0       0       0   181CD    3039       0       0
  249999982                    18                    18             2.8535455E-05         1.0000000E+30                 0       
 NEXT SEEDS: DA9F4D3       1       0       0       0       0   181CD    3039       0       0
  249999983                    17                    17             2.8535454E-05         1.0000000E+30                 0       
 NEXT SEEDS: DA9F4D7       1       0       0       0       0   181CD    3039       0       0
  249999984                    16                    16             2.8535454E-05         1.0000000E+30                 0       
 NEXT SEEDS: DA9F4DB       1       0       0       0       0   181CD    3039       0       0
  249999985                    15                    15             2.8535456E-05         1.0000000E+30                 0       
 NEXT SEEDS: DA9F4DF       1       0       0       0       0   181CD    3039       0       0
  249999986                    14                    14             2.8535456E-05         1.0000000E+30                 0       
 NEXT SEEDS: DA9F4E3       1       0       0       0       0   181CD    3039       0       0
  249999987                    13                    13             2.8535456E-05         1.0000000E+30                 0       
 NEXT SEEDS: DA9F4E7       1       0       0       0       0   181CD    3039       0       0
  249999988                    12                    12             2.8535458E-05         1.0000000E+30                 0       
 NEXT SEEDS: DA9F4EB       1       0       0       0       0   181CD    3039       0       0
  249999989                    11                    11             2.8535458E-05         1.0000000E+30                 0       
 NEXT SEEDS: DA9F4EF       1       0       0       0       0   181CD    3039       0       0
  249999990                    10                    10             2.8535459E-05         1.0000000E+30                 0       
 NEXT SEEDS: DA9F4F3       1       0       0       0       0   181CD    3039       0       0
  249999991                     9                     9             2.8535459E-05         1.0000000E+30                 0       
 NEXT SEEDS: DA9F4F7       1       0       0       0       0   181CD    3039       0       0
  249999992                     8                     8             2.8535459E-05         1.0000000E+30                 0       
 NEXT SEEDS: DA9F4FB       1       0       0       0       0   181CD    3039       0       0
  249999993                     7                     7             2.8535459E-05         1.0000000E+30                 0       
 NEXT SEEDS: DA9F4FF       1       0       0       0       0   181CD    3039       0       0
  249999994                     6                     6             2.8535459E-05         1.0000000E+30                 0       
 NEXT SEEDS: DA9F503       1       0       0       0       0   181CD    3039       0       0
  249999995                     5                     5             2.8535459E-05         1.0000000E+30                 0       
 NEXT SEEDS: DA9F507       1       0       0       0       0   181CD    3039       0       0
  249999996                     4                     4             2.8535459E-05         1.0000000E+30                 0       
 NEXT SEEDS: DA9F50B       1       0       0       0       0   181CD    3039       0       0
  249999997                     3                     3             2.8535459E-05         1.0000000E+30                 0       
 NEXT SEEDS: DA9F50F       1       0       0       0       0   181CD    3039       0       0
  249999998                     2                     2             2.8535459E-05         1.0000000E+30                 0       
 NEXT SEEDS: DA9F513       1       0       0       0       0   181CD    3039       0       0
  249999999                     1                     1             2.8535458E-05         1.0000000E+30                 0       
 NEXT SEEDS: DA9F517       1       0       0       0       0   181CD    3039       0       0
  250000000                     0                     1             2.8535460E-05         1.0000000E+30                 0       
 NEXT SEEDS: DA9F51B       1       0       0       0       0   181CD    3039       0       0
