1NUMBER OF BEAM       NUMBER OF BEAM        APPROXIMATE NUMBER    AVERAGE TIME USED     TIME LEFT (RESERVED   NUMBER OF STARS
 PARTICLES HANDLED    PARTICLES LEFT        OF BEAM PARTICLES     BY A BEAM PARTICLE     10000.0 SECONDS      CREATED
                                            THAT CAN STILL BE                           FOR PRINTOUT)
                                            HANDLED

 NEXT SEEDS:       0       0       0       0       0       0   181CD    3039       0       0
          1             249999999             249999999             7.8916550E-05         1.0000000E+30                 0       
 NEXT SEEDS:       4       0       0       0       0       0   181CD    3039       0       0
    5000000             245000000             245000000             2.8759095E-05         1.0000000E+30                 0       
 NEXT SEEDS: 1773228       0       0       0       0       0   181CD    3039       0       0
   10000000             240000000             240000000             2.8736123E-05         1.0000000E+30                 0       
 NEXT SEEDS: 2EE1260       0       0       0       0       0   181CD    3039       0       0
   15000000             235000000             235000000             2.8776971E-05         1.0000000E+30                 0       
 NEXT SEEDS: 4658593       0       0       0       0       0   181CD    3039       0       0
   20000000             230000000             230000000             2.8762669E-05         1.0000000E+30                 0       
 NEXT SEEDS: 5DC92F0       0       0       0       0       0   181CD    3039       0       0
   25000000             225000000             225000000             2.8761173E-05         1.0000000E+30                 0       
 NEXT SEEDS: 753CCE5       0       0       0       0       0   181CD    3039       0       0
   30000000             220000000             220000000             2.8761764E-05         1.0000000E+30                 0       
 NEXT SEEDS: 8CAD2AF       0       0       0       0       0   181CD    3039       0       0
   35000000             215000000             215000000             2.8768573E-05         1.0000000E+30                 0       
 NEXT SEEDS: A41D75D       0       0       0       0       0   181CD    3039       0       0
   40000000             210000000             210000000             2.8776940E-05         1.0000000E+30                 0       
 NEXT SEEDS: BB8FA87       0       0       0       0       0   181CD    3039       0       0
   45000000             205000000             205000000             2.8774438E-05         1.0000000E+30                 0       
 NEXT SEEDS: D303E84       0       0       0       0       0   181CD    3039       0       0
   50000000             200000000             200000000             2.8772057E-05         1.0000000E+30                 0       
 NEXT SEEDS: EA74D30       0       0       0       0       0   181CD    3039       0       0
   55000000             195000000             195000000             2.8769206E-05         1.0000000E+30                 0       
 NEXT SEEDS:101E8318       0       0       0       0       0   181CD    3039       0       0
   60000000             190000000             190000000             2.8767508E-05         1.0000000E+30                 0       
 NEXT SEEDS:1195A419       0       0       0       0       0   181CD    3039       0       0
   65000000             185000000             185000000             2.8766398E-05         1.0000000E+30                 0       
 NEXT SEEDS:130C7DAF       0       0       0       0       0   181CD    3039       0       0
   70000000             180000000             180000000             2.8765277E-05         1.0000000E+30                 0       
 NEXT SEEDS:14836C77       0       0       0       0       0   181CD    3039       0       0
   75000000             175000000             175000000             2.8766468E-05         1.0000000E+30                 0       
 NEXT SEEDS:15FA8718       0       0       0       0       0   181CD    3039       0       0
   80000000             170000000             170000000             2.8768093E-05         1.0000000E+30                 0       
 NEXT SEEDS:17718ECD       0       0       0       0       0   181CD    3039       0       0
  *** Emfgeo: Ncoun  2000000000
   85000000             165000000             165000000             2.8766765E-05         1.0000000E+30                 0       
 NEXT SEEDS:18E88385       0       0       0       0       0   181CD    3039       0       0
   90000000             160000000             160000000             2.8766216E-05         1.0000000E+30                 0       
 NEXT SEEDS:1A5FC4B8       0       0       0       0       0   181CD    3039       0       0
   95000000             155000000             155000000             2.8764566E-05         1.0000000E+30                 0       
 NEXT SEEDS:1BD6E52B       0       0       0       0       0   181CD    3039       0       0
  100000000             150000000             150000000             2.8763234E-05         1.0000000E+30                 0       
 NEXT SEEDS:1D4DFB94       0       0       0       0       0   181CD    3039       0       0
  105000000             145000000             145000000             2.8762600E-05         1.0000000E+30                 0       
 NEXT SEEDS:1EC4DD77       0       0       0       0       0   181CD    3039       0       0
  110000000             140000000             140000000             2.8759011E-05         1.0000000E+30                 0       
 NEXT SEEDS:203BCC15       0       0       0       0       0   181CD    3039       0       0
  115000000             135000000             135000000             2.8767828E-05         1.0000000E+30                 0       
 NEXT SEEDS:21B2CF10       0       0       0       0       0   181CD    3039       0       0
  120000000             130000000             130000000             2.8776489E-05         1.0000000E+30                 0       
 NEXT SEEDS:2329D258       0       0       0       0       0   181CD    3039       0       0
  125000000             125000000             125000000             2.8777918E-05         1.0000000E+30                 0       
 NEXT SEEDS:24A0CD46       0       0       0       0       0   181CD    3039       0       0
  130000000             120000000             120000000             2.8776910E-05         1.0000000E+30                 0       
 NEXT SEEDS:2617CD7B       0       0       0       0       0   181CD    3039       0       0
  135000000             115000000             115000000             2.8774763E-05         1.0000000E+30                 0       
 NEXT SEEDS:278EE03E       0       0       0       0       0   181CD    3039       0       0
  140000000             110000000             110000000             2.8774405E-05         1.0000000E+30                 0       
 NEXT SEEDS:290651BC       0       0       0       0       0   181CD    3039       0       0
  145000000             105000000             105000000             2.8771240E-05         1.0000000E+30                 0       
 NEXT SEEDS:2A7D2564       0       0       0       0       0   181CD    3039       0       0
  150000000             100000000             100000000             2.8769699E-05         1.0000000E+30                 0       
 NEXT SEEDS:2BF4734E       0       0       0       0       0   181CD    3039       0       0
  155000000              95000000              95000000             2.8769964E-05         1.0000000E+30                 0       
 NEXT SEEDS:2D6BA156       0       0       0       0       0   181CD    3039       0       0
  160000000              90000000              90000000             2.8769914E-05         1.0000000E+30                 0       
 NEXT SEEDS:2EE2BFBF       0       0       0       0       0   181CD    3039       0       0
  *** Emfgeo: Ncoun  2000000000
  165000000              85000000              85000000             2.8773255E-05         1.0000000E+30                 0       
 NEXT SEEDS:3059DDFB       0       0       0       0       0   181CD    3039       0       0
  170000000              80000000              80000000             2.8773140E-05         1.0000000E+30                 0       
 NEXT SEEDS:31D10130       0       0       0       0       0   181CD    3039       0       0
  175000000              75000000              75000000             2.8771232E-05         1.0000000E+30                 0       
 NEXT SEEDS:334827D8       0       0       0       0       0   181CD    3039       0       0
  180000000              70000000              70000000             2.8769332E-05         1.0000000E+30                 0       
 NEXT SEEDS:34BF477A       0       0       0       0       0   181CD    3039       0       0
  185000000              65000000              65000000             2.8767872E-05         1.0000000E+30                 0       
 NEXT SEEDS:36363169       0       0       0       0       0   181CD    3039       0       0
  190000000              60000000              60000000             2.8766767E-05         1.0000000E+30                 0       
 NEXT SEEDS:37AD69E2       0       0       0       0       0   181CD    3039       0       0
  195000000              55000000              55000000             2.8765874E-05         1.0000000E+30                 0       
 NEXT SEEDS:39244BE2       0       0       0       0       0   181CD    3039       0       0
  200000000              50000000              50000000             2.8765526E-05         1.0000000E+30                 0       
 NEXT SEEDS:3A9B67ED       0       0       0       0       0   181CD    3039       0       0
  205000000              45000000              45000000             2.8765393E-05         1.0000000E+30                 0       
 NEXT SEEDS:  77D72C       1       0       0       0       0   181CD    3039       0       0
  210000000              40000000              40000000             2.8763110E-05         1.0000000E+30                 0       
 NEXT SEEDS: 1EEE8B8       1       0       0       0       0   181CD    3039       0       0
  215000000              35000000              35000000             2.8762742E-05         1.0000000E+30                 0       
 NEXT SEEDS: 365E6F1       1       0       0       0       0   181CD    3039       0       0
  220000000              30000000              30000000             2.8763497E-05         1.0000000E+30                 0       
 NEXT SEEDS: 4DCD55A       1       0       0       0       0   181CD    3039       0       0
  225000000              25000000              25000000             2.8762529E-05         1.0000000E+30                 0       
 NEXT SEEDS: 65400A9       1       0       0       0       0   181CD    3039       0       0
  230000000              20000000              20000000             2.8761093E-05         1.0000000E+30                 0       
 NEXT SEEDS: 7CAEE8C       1       0       0       0       0   181CD    3039       0       0
  235000000              15000000              15000000             2.8761379E-05         1.0000000E+30                 0       
 NEXT SEEDS: 9423D43       1       0       0       0       0   181CD    3039       0       0
  240000000              10000000              10000000             2.8759986E-05         1.0000000E+30                 0       
 NEXT SEEDS: AB93E7F       1       0       0       0       0   181CD    3039       0       0
  *** Emfgeo: Ncoun  2000000000
  245000000               5000000               5000000             2.8759675E-05         1.0000000E+30                 0       
 NEXT SEEDS: C304D57       1       0       0       0       0   181CD    3039       0       0
  249999950                    50                    50             2.8758768E-05         1.0000000E+30                 0       
 NEXT SEEDS: DA78795       1       0       0       0       0   181CD    3039       0       0
  249999951                    49                    49             2.8758768E-05         1.0000000E+30                 0       
 NEXT SEEDS: DA78799       1       0       0       0       0   181CD    3039       0       0
  249999952                    48                    48             2.8758770E-05         1.0000000E+30                 0       
 NEXT SEEDS: DA7879F       1       0       0       0       0   181CD    3039       0       0
  249999953                    47                    47             2.8758770E-05         1.0000000E+30                 0       
 NEXT SEEDS: DA787A3       1       0       0       0       0   181CD    3039       0       0
  249999954                    46                    46             2.8758772E-05         1.0000000E+30                 0       
 NEXT SEEDS: DA787A7       1       0       0       0       0   181CD    3039       0       0
  249999955                    45                    45             2.8758772E-05         1.0000000E+30                 0       
 NEXT SEEDS: DA787AB       1       0       0       0       0   181CD    3039       0       0
  249999956                    44                    44             2.8758773E-05         1.0000000E+30                 0       
 NEXT SEEDS: DA787AF       1       0       0       0       0   181CD    3039       0       0
  249999957                    43                    43             2.8758775E-05         1.0000000E+30                 0       
 NEXT SEEDS: DA787B3       1       0       0       0       0   181CD    3039       0       0
  249999958                    42                    42             2.8758775E-05         1.0000000E+30                 0       
 NEXT SEEDS: DA787B9       1       0       0       0       0   181CD    3039       0       0
  249999959                    41                    41             2.8758777E-05         1.0000000E+30                 0       
 NEXT SEEDS: DA787BD       1       0       0       0       0   181CD    3039       0       0
  249999960                    40                    40             2.8758779E-05         1.0000000E+30                 0       
 NEXT SEEDS: DA787C1       1       0       0       0       0   181CD    3039       0       0
  249999961                    39                    39             2.8758779E-05         1.0000000E+30                 0       
 NEXT SEEDS: DA787C5       1       0       0       0       0   181CD    3039       0       0
  249999962                    38                    38             2.8758779E-05         1.0000000E+30                 0       
 NEXT SEEDS: DA787C9       1       0       0       0       0   181CD    3039       0       0
  249999963                    37                    37             2.8758779E-05         1.0000000E+30                 0       
 NEXT SEEDS: DA787CD       1       0       0       0       0   181CD    3039       0       0
  249999964                    36                    36             2.8758778E-05         1.0000000E+30                 0       
 NEXT SEEDS: DA787D1       1       0       0       0       0   181CD    3039       0       0
  249999965                    35                    35             2.8758778E-05         1.0000000E+30                 0       
 NEXT SEEDS: DA787D5       1       0       0       0       0   181CD    3039       0       0
  249999966                    34                    34             2.8758778E-05         1.0000000E+30                 0       
 NEXT SEEDS: DA787D9       1       0       0       0       0   181CD    3039       0       0
  249999967                    33                    33             2.8758778E-05         1.0000000E+30                 0       
 NEXT SEEDS: DA787DD       1       0       0       0       0   181CD    3039       0       0
  249999968                    32                    32             2.8758778E-05         1.0000000E+30                 0       
 NEXT SEEDS: DA787FE       1       0       0       0       0   181CD    3039       0       0
  249999969                    31                    31             2.8758778E-05         1.0000000E+30                 0       
 NEXT SEEDS: DA78802       1       0       0       0       0   181CD    3039       0       0
  249999970                    30                    30             2.8758778E-05         1.0000000E+30                 0       
 NEXT SEEDS: DA78806       1       0       0       0       0   181CD    3039       0       0
  249999971                    29                    29             2.8758778E-05         1.0000000E+30                 0       
 NEXT SEEDS: DA7880A       1       0       0       0       0   181CD    3039       0       0
  249999972                    28                    28             2.8758779E-05         1.0000000E+30                 0       
 NEXT SEEDS: DA7880E       1       0       0       0       0   181CD    3039       0       0
  249999973                    27                    27             2.8758779E-05         1.0000000E+30                 0       
 NEXT SEEDS: DA78812       1       0       0       0       0   181CD    3039       0       0
  249999974                    26                    26             2.8758779E-05         1.0000000E+30                 0       
 NEXT SEEDS: DA78816       1       0       0       0       0   181CD    3039       0       0
  249999975                    25                    25             2.8758779E-05         1.0000000E+30                 0       
 NEXT SEEDS: DA7881A       1       0       0       0       0   181CD    3039       0       0
  249999976                    24                    24             2.8758779E-05         1.0000000E+30                 0       
 NEXT SEEDS: DA7881E       1       0       0       0       0   181CD    3039       0       0
  249999977                    23                    23             2.8758779E-05         1.0000000E+30                 0       
 NEXT SEEDS: DA78822       1       0       0       0       0   181CD    3039       0       0
  249999978                    22                    22             2.8758779E-05         1.0000000E+30                 0       
 NEXT SEEDS: DA78826       1       0       0       0       0   181CD    3039       0       0
  249999979                    21                    21             2.8758779E-05         1.0000000E+30                 0       
 NEXT SEEDS: DA7882A       1       0       0       0       0   181CD    3039       0       0
  249999980                    20                    20             2.8758779E-05         1.0000000E+30                 0       
 NEXT SEEDS: DA7882E       1       0       0       0       0   181CD    3039       0       0
  249999981                    19                    19             2.8758778E-05         1.0000000E+30                 0       
 NEXT SEEDS: DA78832       1       0       0       0       0   181CD    3039       0       0
  249999982                    18                    18             2.8758778E-05         1.0000000E+30                 0       
 NEXT SEEDS: DA78838       1       0       0       0       0   181CD    3039       0       0
  249999983                    17                    17             2.8758778E-05         1.0000000E+30                 0       
 NEXT SEEDS: DA7883C       1       0       0       0       0   181CD    3039       0       0
  249999984                    16                    16             2.8758778E-05         1.0000000E+30                 0       
 NEXT SEEDS: DA78842       1       0       0       0       0   181CD    3039       0       0
  249999985                    15                    15             2.8758778E-05         1.0000000E+30                 0       
 NEXT SEEDS: DA78857       1       0       0       0       0   181CD    3039       0       0
  249999986                    14                    14             2.8758778E-05         1.0000000E+30                 0       
 NEXT SEEDS: DA7885B       1       0       0       0       0   181CD    3039       0       0
  249999987                    13                    13             2.8758778E-05         1.0000000E+30                 0       
 NEXT SEEDS: DA7885F       1       0       0       0       0   181CD    3039       0       0
  249999988                    12                    12             2.8758778E-05         1.0000000E+30                 0       
 NEXT SEEDS: DA78863       1       0       0       0       0   181CD    3039       0       0
  249999989                    11                    11             2.8758777E-05         1.0000000E+30                 0       
 NEXT SEEDS: DA78867       1       0       0       0       0   181CD    3039       0       0
  249999990                    10                    10             2.8758777E-05         1.0000000E+30                 0       
 NEXT SEEDS: DA7886B       1       0       0       0       0   181CD    3039       0       0
  249999991                     9                     9             2.8758777E-05         1.0000000E+30                 0       
 NEXT SEEDS: DA7886F       1       0       0       0       0   181CD    3039       0       0
  249999992                     8                     8             2.8758777E-05         1.0000000E+30                 0       
 NEXT SEEDS: DA78873       1       0       0       0       0   181CD    3039       0       0
  249999993                     7                     7             2.8758777E-05         1.0000000E+30                 0       
 NEXT SEEDS: DA78879       1       0       0       0       0   181CD    3039       0       0
  249999994                     6                     6             2.8758777E-05         1.0000000E+30                 0       
 NEXT SEEDS: DA7887D       1       0       0       0       0   181CD    3039       0       0
  249999995                     5                     5             2.8758777E-05         1.0000000E+30                 0       
 NEXT SEEDS: DA78881       1       0       0       0       0   181CD    3039       0       0
  249999996                     4                     4             2.8758777E-05         1.0000000E+30                 0       
 NEXT SEEDS: DA78885       1       0       0       0       0   181CD    3039       0       0
  249999997                     3                     3             2.8758777E-05         1.0000000E+30                 0       
 NEXT SEEDS: DA78889       1       0       0       0       0   181CD    3039       0       0
  249999998                     2                     2             2.8758776E-05         1.0000000E+30                 0       
 NEXT SEEDS: DA7888D       1       0       0       0       0   181CD    3039       0       0
  249999999                     1                     1             2.8758776E-05         1.0000000E+30                 0       
 NEXT SEEDS: DA78891       1       0       0       0       0   181CD    3039       0       0
  250000000                     0                     1             2.8758776E-05         1.0000000E+30                 0       
 NEXT SEEDS: DA78895       1       0       0       0       0   181CD    3039       0       0
