1NUMBER OF BEAM       NUMBER OF BEAM        APPROXIMATE NUMBER    AVERAGE TIME USED     TIME LEFT (RESERVED   NUMBER OF STARS
 PARTICLES HANDLED    PARTICLES LEFT        OF BEAM PARTICLES     BY A BEAM PARTICLE     10000.0 SECONDS      CREATED
                                            THAT CAN STILL BE                           FOR PRINTOUT)
                                            HANDLED

 NEXT SEEDS:       0       0       0       0       0       0   181CD    3039       0       0
          1             249999999             249999999             7.6055527E-05         1.0000000E+30                 0       
 NEXT SEEDS:       4       0       0       0       0       0   181CD    3039       0       0
    5000000             245000000             245000000             2.8763427E-05         1.0000000E+30                 0       
 NEXT SEEDS: 176D284       0       0       0       0       0   181CD    3039       0       0
   10000000             240000000             240000000             2.8785632E-05         1.0000000E+30                 0       
 NEXT SEEDS: 2EE1589       0       0       0       0       0   181CD    3039       0       0
   15000000             235000000             235000000             2.8789072E-05         1.0000000E+30                 0       
 NEXT SEEDS: 4653EDE       0       0       0       0       0   181CD    3039       0       0
   20000000             230000000             230000000             2.8788684E-05         1.0000000E+30                 0       
 NEXT SEEDS: 5DC646D       0       0       0       0       0   181CD    3039       0       0
   25000000             225000000             225000000             2.8775627E-05         1.0000000E+30                 0       
 NEXT SEEDS: 75352BE       0       0       0       0       0   181CD    3039       0       0
   30000000             220000000             220000000             2.8780570E-05         1.0000000E+30                 0       
 NEXT SEEDS: 8CA97BD       0       0       0       0       0   181CD    3039       0       0
   35000000             215000000             215000000             2.8783062E-05         1.0000000E+30                 0       
 NEXT SEEDS: A41D1CA       0       0       0       0       0   181CD    3039       0       0
   40000000             210000000             210000000             2.8789201E-05         1.0000000E+30                 0       
 NEXT SEEDS: BB909D1       0       0       0       0       0   181CD    3039       0       0
   45000000             205000000             205000000             2.8791568E-05         1.0000000E+30                 0       
 NEXT SEEDS: D303898       0       0       0       0       0   181CD    3039       0       0
   50000000             200000000             200000000             2.8803485E-05         1.0000000E+30                 0       
 NEXT SEEDS: EA76845       0       0       0       0       0   181CD    3039       0       0
   55000000             195000000             195000000             2.8806076E-05         1.0000000E+30                 0       
 NEXT SEEDS:101E9D7B       0       0       0       0       0   181CD    3039       0       0
   60000000             190000000             190000000             2.8800982E-05         1.0000000E+30                 0       
 NEXT SEEDS:1195A3D8       0       0       0       0       0   181CD    3039       0       0
   65000000             185000000             185000000             2.8800089E-05         1.0000000E+30                 0       
 NEXT SEEDS:130CB6BB       0       0       0       0       0   181CD    3039       0       0
   70000000             180000000             180000000             2.8797561E-05         1.0000000E+30                 0       
 NEXT SEEDS:1483AD94       0       0       0       0       0   181CD    3039       0       0
   75000000             175000000             175000000             2.8799690E-05         1.0000000E+30                 0       
 NEXT SEEDS:15FAAB3C       0       0       0       0       0   181CD    3039       0       0
   80000000             170000000             170000000             2.8797976E-05         1.0000000E+30                 0       
 NEXT SEEDS:1771A6A7       0       0       0       0       0   181CD    3039       0       0
  *** Emfgeo: Ncoun  2000000000
   85000000             165000000             165000000             2.8795266E-05         1.0000000E+30                 0       
 NEXT SEEDS:18E8A4F4       0       0       0       0       0   181CD    3039       0       0
   90000000             160000000             160000000             2.8812648E-05         1.0000000E+30                 0       
 NEXT SEEDS:1A5FD12F       0       0       0       0       0   181CD    3039       0       0
   95000000             155000000             155000000             2.8834660E-05         1.0000000E+30                 0       
 NEXT SEEDS:1BD6F034       0       0       0       0       0   181CD    3039       0       0
  100000000             150000000             150000000             2.8834794E-05         1.0000000E+30                 0       
 NEXT SEEDS:1D4E2D51       0       0       0       0       0   181CD    3039       0       0
  105000000             145000000             145000000             2.8839341E-05         1.0000000E+30                 0       
 NEXT SEEDS:1EC53C44       0       0       0       0       0   181CD    3039       0       0
  110000000             140000000             140000000             2.8840198E-05         1.0000000E+30                 0       
 NEXT SEEDS:203C43A0       0       0       0       0       0   181CD    3039       0       0
  115000000             135000000             135000000             2.8836045E-05         1.0000000E+30                 0       
 NEXT SEEDS:21B33D26       0       0       0       0       0   181CD    3039       0       0
  120000000             130000000             130000000             2.8832126E-05         1.0000000E+30                 0       
 NEXT SEEDS:232A3911       0       0       0       0       0   181CD    3039       0       0
  125000000             125000000             125000000             2.8829443E-05         1.0000000E+30                 0       
 NEXT SEEDS:24A14123       0       0       0       0       0   181CD    3039       0       0
  130000000             120000000             120000000             2.8825024E-05         1.0000000E+30                 0       
 NEXT SEEDS:2618317D       0       0       0       0       0   181CD    3039       0       0
  135000000             115000000             115000000             2.8823357E-05         1.0000000E+30                 0       
 NEXT SEEDS:278F69E2       0       0       0       0       0   181CD    3039       0       0
  140000000             110000000             110000000             2.8820877E-05         1.0000000E+30                 0       
 NEXT SEEDS:29067D7D       0       0       0       0       0   181CD    3039       0       0
  145000000             105000000             105000000             2.8822311E-05         1.0000000E+30                 0       
 NEXT SEEDS:2A7DB12C       0       0       0       0       0   181CD    3039       0       0
  150000000             100000000             100000000             2.8820708E-05         1.0000000E+30                 0       
 NEXT SEEDS:2BF49EBE       0       0       0       0       0   181CD    3039       0       0
  155000000              95000000              95000000             2.8819397E-05         1.0000000E+30                 0       
 NEXT SEEDS:2D6B8B82       0       0       0       0       0   181CD    3039       0       0
  160000000              90000000              90000000             2.8817109E-05         1.0000000E+30                 0       
 NEXT SEEDS:2EE27A36       0       0       0       0       0   181CD    3039       0       0
  *** Emfgeo: Ncoun  2000000000
  165000000              85000000              85000000             2.8816597E-05         1.0000000E+30                 0       
 NEXT SEEDS:3059823C       0       0       0       0       0   181CD    3039       0       0
  170000000              80000000              80000000             2.8816525E-05         1.0000000E+30                 0       
 NEXT SEEDS:31D0BC3E       0       0       0       0       0   181CD    3039       0       0
  175000000              75000000              75000000             2.8816045E-05         1.0000000E+30                 0       
 NEXT SEEDS:3347EC46       0       0       0       0       0   181CD    3039       0       0
  180000000              70000000              70000000             2.8814772E-05         1.0000000E+30                 0       
 NEXT SEEDS:34BEBF8E       0       0       0       0       0   181CD    3039       0       0
  185000000              65000000              65000000             2.8815494E-05         1.0000000E+30                 0       
 NEXT SEEDS:3636140B       0       0       0       0       0   181CD    3039       0       0
  190000000              60000000              60000000             2.8814845E-05         1.0000000E+30                 0       
 NEXT SEEDS:37AD1DF2       0       0       0       0       0   181CD    3039       0       0
  195000000              55000000              55000000             2.8824390E-05         1.0000000E+30                 0       
 NEXT SEEDS:39245704       0       0       0       0       0   181CD    3039       0       0
  200000000              50000000              50000000             2.8822149E-05         1.0000000E+30                 0       
 NEXT SEEDS:3A9B7189       0       0       0       0       0   181CD    3039       0       0
  205000000              45000000              45000000             2.8820249E-05         1.0000000E+30                 0       
 NEXT SEEDS:  778111       1       0       0       0       0   181CD    3039       0       0
  210000000              40000000              40000000             2.8819244E-05         1.0000000E+30                 0       
 NEXT SEEDS: 1EEBF4E       1       0       0       0       0   181CD    3039       0       0
  215000000              35000000              35000000             2.8818621E-05         1.0000000E+30                 0       
 NEXT SEEDS: 365A47D       1       0       0       0       0   181CD    3039       0       0
  220000000              30000000              30000000             2.8819062E-05         1.0000000E+30                 0       
 NEXT SEEDS: 4DCD640       1       0       0       0       0   181CD    3039       0       0
  225000000              25000000              25000000             2.8819324E-05         1.0000000E+30                 0       
 NEXT SEEDS: 653C04C       1       0       0       0       0   181CD    3039       0       0
  230000000              20000000              20000000             2.8818594E-05         1.0000000E+30                 0       
 NEXT SEEDS: 7CAE9EF       1       0       0       0       0   181CD    3039       0       0
  235000000              15000000              15000000             2.8817242E-05         1.0000000E+30                 0       
 NEXT SEEDS: 941F057       1       0       0       0       0   181CD    3039       0       0
  240000000              10000000              10000000             2.8816832E-05         1.0000000E+30                 0       
 NEXT SEEDS: AB927CF       1       0       0       0       0   181CD    3039       0       0
  *** Emfgeo: Ncoun  2000000000
  245000000               5000000               5000000             2.8819231E-05         1.0000000E+30                 0       
 NEXT SEEDS: C30472D       1       0       0       0       0   181CD    3039       0       0
  249999950                    50                    50             2.8819036E-05         1.0000000E+30                 0       
 NEXT SEEDS: DA75B4E       1       0       0       0       0   181CD    3039       0       0
  249999951                    49                    49             2.8819036E-05         1.0000000E+30                 0       
 NEXT SEEDS: DA75B52       1       0       0       0       0   181CD    3039       0       0
  249999952                    48                    48             2.8819038E-05         1.0000000E+30                 0       
 NEXT SEEDS: DA75B56       1       0       0       0       0   181CD    3039       0       0
  249999953                    47                    47             2.8819037E-05         1.0000000E+30                 0       
 NEXT SEEDS: DA75B5A       1       0       0       0       0   181CD    3039       0       0
  249999954                    46                    46             2.8819037E-05         1.0000000E+30                 0       
 NEXT SEEDS: DA75B5E       1       0       0       0       0   181CD    3039       0       0
  249999955                    45                    45             2.8819039E-05         1.0000000E+30                 0       
 NEXT SEEDS: DA75B62       1       0       0       0       0   181CD    3039       0       0
  249999956                    44                    44             2.8819039E-05         1.0000000E+30                 0       
 NEXT SEEDS: DA75B66       1       0       0       0       0   181CD    3039       0       0
  249999957                    43                    43             2.8819039E-05         1.0000000E+30                 0       
 NEXT SEEDS: DA75B8B       1       0       0       0       0   181CD    3039       0       0
  249999958                    42                    42             2.8819041E-05         1.0000000E+30                 0       
 NEXT SEEDS: DA75B8F       1       0       0       0       0   181CD    3039       0       0
  249999959                    41                    41             2.8819041E-05         1.0000000E+30                 0       
 NEXT SEEDS: DA75B93       1       0       0       0       0   181CD    3039       0       0
  249999960                    40                    40             2.8819040E-05         1.0000000E+30                 0       
 NEXT SEEDS: DA75B97       1       0       0       0       0   181CD    3039       0       0
  249999961                    39                    39             2.8819040E-05         1.0000000E+30                 0       
 NEXT SEEDS: DA75B9B       1       0       0       0       0   181CD    3039       0       0
  249999962                    38                    38             2.8819040E-05         1.0000000E+30                 0       
 NEXT SEEDS: DA75B9F       1       0       0       0       0   181CD    3039       0       0
  249999963                    37                    37             2.8819040E-05         1.0000000E+30                 0       
 NEXT SEEDS: DA75BA3       1       0       0       0       0   181CD    3039       0       0
  249999964                    36                    36             2.8819040E-05         1.0000000E+30                 0       
 NEXT SEEDS: DA75BA7       1       0       0       0       0   181CD    3039       0       0
  249999965                    35                    35             2.8819040E-05         1.0000000E+30                 0       
 NEXT SEEDS: DA75BAB       1       0       0       0       0   181CD    3039       0       0
  249999966                    34                    34             2.8819040E-05         1.0000000E+30                 0       
 NEXT SEEDS: DA75BD8       1       0       0       0       0   181CD    3039       0       0
  249999967                    33                    33             2.8819040E-05         1.0000000E+30                 0       
 NEXT SEEDS: DA75BDC       1       0       0       0       0   181CD    3039       0       0
  249999968                    32                    32             2.8819040E-05         1.0000000E+30                 0       
 NEXT SEEDS: DA75BE0       1       0       0       0       0   181CD    3039       0       0
  249999969                    31                    31             2.8819039E-05         1.0000000E+30                 0       
 NEXT SEEDS: DA75BE4       1       0       0       0       0   181CD    3039       0       0
  249999970                    30                    30             2.8819039E-05         1.0000000E+30                 0       
 NEXT SEEDS: DA75BE8       1       0       0       0       0   181CD    3039       0       0
  249999971                    29                    29             2.8819039E-05         1.0000000E+30                 0       
 NEXT SEEDS: DA75BEC       1       0       0       0       0   181CD    3039       0       0
  249999972                    28                    28             2.8819039E-05         1.0000000E+30                 0       
 NEXT SEEDS: DA75BF0       1       0       0       0       0   181CD    3039       0       0
  249999973                    27                    27             2.8819039E-05         1.0000000E+30                 0       
 NEXT SEEDS: DA75BF4       1       0       0       0       0   181CD    3039       0       0
  249999974                    26                    26             2.8819039E-05         1.0000000E+30                 0       
 NEXT SEEDS: DA75BF8       1       0       0       0       0   181CD    3039       0       0
  249999975                    25                    25             2.8819039E-05         1.0000000E+30                 0       
 NEXT SEEDS: DA75BFC       1       0       0       0       0   181CD    3039       0       0
  249999976                    24                    24             2.8819039E-05         1.0000000E+30                 0       
 NEXT SEEDS: DA75C00       1       0       0       0       0   181CD    3039       0       0
  249999977                    23                    23             2.8819039E-05         1.0000000E+30                 0       
 NEXT SEEDS: DA75C04       1       0       0       0       0   181CD    3039       0       0
  249999978                    22                    22             2.8819038E-05         1.0000000E+30                 0       
 NEXT SEEDS: DA75C08       1       0       0       0       0   181CD    3039       0       0
  249999979                    21                    21             2.8819038E-05         1.0000000E+30                 0       
 NEXT SEEDS: DA75C0C       1       0       0       0       0   181CD    3039       0       0
  249999980                    20                    20             2.8819038E-05         1.0000000E+30                 0       
 NEXT SEEDS: DA75C10       1       0       0       0       0   181CD    3039       0       0
  249999981                    19                    19             2.8819038E-05         1.0000000E+30                 0       
 NEXT SEEDS: DA75C14       1       0       0       0       0   181CD    3039       0       0
  249999982                    18                    18             2.8819038E-05         1.0000000E+30                 0       
 NEXT SEEDS: DA75C18       1       0       0       0       0   181CD    3039       0       0
  249999983                    17                    17             2.8819040E-05         1.0000000E+30                 0       
 NEXT SEEDS: DA75C1C       1       0       0       0       0   181CD    3039       0       0
  249999984                    16                    16             2.8819040E-05         1.0000000E+30                 0       
 NEXT SEEDS: DA75C20       1       0       0       0       0   181CD    3039       0       0
  249999985                    15                    15             2.8819040E-05         1.0000000E+30                 0       
 NEXT SEEDS: DA75C24       1       0       0       0       0   181CD    3039       0       0
  249999986                    14                    14             2.8819041E-05         1.0000000E+30                 0       
 NEXT SEEDS: DA75C28       1       0       0       0       0   181CD    3039       0       0
  249999987                    13                    13             2.8819041E-05         1.0000000E+30                 0       
 NEXT SEEDS: DA75C2C       1       0       0       0       0   181CD    3039       0       0
  249999988                    12                    12             2.8819041E-05         1.0000000E+30                 0       
 NEXT SEEDS: DA75C30       1       0       0       0       0   181CD    3039       0       0
  249999989                    11                    11             2.8819043E-05         1.0000000E+30                 0       
 NEXT SEEDS: DA75C34       1       0       0       0       0   181CD    3039       0       0
  249999990                    10                    10             2.8819043E-05         1.0000000E+30                 0       
 NEXT SEEDS: DA75C38       1       0       0       0       0   181CD    3039       0       0
  249999991                     9                     9             2.8819043E-05         1.0000000E+30                 0       
 NEXT SEEDS: DA75C3C       1       0       0       0       0   181CD    3039       0       0
  249999992                     8                     8             2.8819043E-05         1.0000000E+30                 0       
 NEXT SEEDS: DA75C40       1       0       0       0       0   181CD    3039       0       0
  249999993                     7                     7             2.8819044E-05         1.0000000E+30                 0       
 NEXT SEEDS: DA75C44       1       0       0       0       0   181CD    3039       0       0
  249999994                     6                     6             2.8819046E-05         1.0000000E+30                 0       
 NEXT SEEDS: DA75C48       1       0       0       0       0   181CD    3039       0       0
  249999995                     5                     5             2.8819046E-05         1.0000000E+30                 0       
 NEXT SEEDS: DA75C4C       1       0       0       0       0   181CD    3039       0       0
  249999996                     4                     4             2.8819046E-05         1.0000000E+30                 0       
 NEXT SEEDS: DA75C50       1       0       0       0       0   181CD    3039       0       0
  249999997                     3                     3             2.8819048E-05         1.0000000E+30                 0       
 NEXT SEEDS: DA75C54       1       0       0       0       0   181CD    3039       0       0
  249999998                     2                     2             2.8819048E-05         1.0000000E+30                 0       
 NEXT SEEDS: DA75C58       1       0       0       0       0   181CD    3039       0       0
  249999999                     1                     1             2.8819048E-05         1.0000000E+30                 0       
 NEXT SEEDS: DA75C5C       1       0       0       0       0   181CD    3039       0       0
  250000000                     0                     1             2.8819050E-05         1.0000000E+30                 0       
 NEXT SEEDS: DA75C60       1       0       0       0       0   181CD    3039       0       0
