1NUMBER OF BEAM       NUMBER OF BEAM        APPROXIMATE NUMBER    AVERAGE TIME USED     TIME LEFT (RESERVED   NUMBER OF STARS
 PARTICLES HANDLED    PARTICLES LEFT        OF BEAM PARTICLES     BY A BEAM PARTICLE     10000.0 SECONDS      CREATED
                                            THAT CAN STILL BE                           FOR PRINTOUT)
                                            HANDLED

 NEXT SEEDS:       0       0       0       0       0       0   181CD    3039       0       0
          1             249999999             249999999             8.1062317E-05         1.0000000E+30                 0       
 NEXT SEEDS:       4       0       0       0       0       0   181CD    3039       0       0
    5000000             245000000             245000000             2.8893809E-05         1.0000000E+30                 0       
 NEXT SEEDS: 1774817       0       0       0       0       0   181CD    3039       0       0
   10000000             240000000             240000000             2.8903040E-05         1.0000000E+30                 0       
 NEXT SEEDS: 2EE51C9       0       0       0       0       0   181CD    3039       0       0
   15000000             235000000             235000000             2.8833716E-05         1.0000000E+30                 0       
 NEXT SEEDS: 465BD3B       0       0       0       0       0   181CD    3039       0       0
   20000000             230000000             230000000             2.8765068E-05         1.0000000E+30                 0       
 NEXT SEEDS: 5DCEBEC       0       0       0       0       0   181CD    3039       0       0
   25000000             225000000             225000000             2.8722389E-05         1.0000000E+30                 0       
 NEXT SEEDS: 7540D0A       0       0       0       0       0   181CD    3039       0       0
   30000000             220000000             220000000             2.8712422E-05         1.0000000E+30                 0       
 NEXT SEEDS: 8CB3465       0       0       0       0       0   181CD    3039       0       0
   35000000             215000000             215000000             2.8683246E-05         1.0000000E+30                 0       
 NEXT SEEDS: A426304       0       0       0       0       0   181CD    3039       0       0
   40000000             210000000             210000000             2.8665890E-05         1.0000000E+30                 0       
 NEXT SEEDS: BB97AA8       0       0       0       0       0   181CD    3039       0       0
   45000000             205000000             205000000             2.8652552E-05         1.0000000E+30                 0       
 NEXT SEEDS: D30A5FF       0       0       0       0       0   181CD    3039       0       0
   50000000             200000000             200000000             2.8650712E-05         1.0000000E+30                 0       
 NEXT SEEDS: EA7C5BD       0       0       0       0       0   181CD    3039       0       0
   55000000             195000000             195000000             2.8638860E-05         1.0000000E+30                 0       
 NEXT SEEDS:101F06A2       0       0       0       0       0   181CD    3039       0       0
   60000000             190000000             190000000             2.8626576E-05         1.0000000E+30                 0       
 NEXT SEEDS:11960D4F       0       0       0       0       0   181CD    3039       0       0
   65000000             185000000             185000000             2.8627454E-05         1.0000000E+30                 0       
 NEXT SEEDS:130D30BF       0       0       0       0       0   181CD    3039       0       0
   70000000             180000000             180000000             2.8622745E-05         1.0000000E+30                 0       
 NEXT SEEDS:14842714       0       0       0       0       0   181CD    3039       0       0
   75000000             175000000             175000000             2.8619790E-05         1.0000000E+30                 0       
 NEXT SEEDS:15FB5B02       0       0       0       0       0   181CD    3039       0       0
   80000000             170000000             170000000             2.8617424E-05         1.0000000E+30                 0       
 NEXT SEEDS:17724FBC       0       0       0       0       0   181CD    3039       0       0
  *** Emfgeo: Ncoun  2000000000
   85000000             165000000             165000000             2.8616901E-05         1.0000000E+30                 0       
 NEXT SEEDS:18E9947F       0       0       0       0       0   181CD    3039       0       0
   90000000             160000000             160000000             2.8613901E-05         1.0000000E+30                 0       
 NEXT SEEDS:1A60C926       0       0       0       0       0   181CD    3039       0       0
   95000000             155000000             155000000             2.8609322E-05         1.0000000E+30                 0       
 NEXT SEEDS:1BD7D47F       0       0       0       0       0   181CD    3039       0       0
  100000000             150000000             150000000             2.8605772E-05         1.0000000E+30                 0       
 NEXT SEEDS:1D4EE903       0       0       0       0       0   181CD    3039       0       0
  105000000             145000000             145000000             2.8603368E-05         1.0000000E+30                 0       
 NEXT SEEDS:1EC5E9F7       0       0       0       0       0   181CD    3039       0       0
  110000000             140000000             140000000             2.8599723E-05         1.0000000E+30                 0       
 NEXT SEEDS:203D3F18       0       0       0       0       0   181CD    3039       0       0
  115000000             135000000             135000000             2.8595672E-05         1.0000000E+30                 0       
 NEXT SEEDS:21B453A1       0       0       0       0       0   181CD    3039       0       0
  120000000             130000000             130000000             2.8592994E-05         1.0000000E+30                 0       
 NEXT SEEDS:232B9B4A       0       0       0       0       0   181CD    3039       0       0
  125000000             125000000             125000000             2.8590671E-05         1.0000000E+30                 0       
 NEXT SEEDS:24A2B6C9       0       0       0       0       0   181CD    3039       0       0
  130000000             120000000             120000000             2.8588299E-05         1.0000000E+30                 0       
 NEXT SEEDS:2619E3B6       0       0       0       0       0   181CD    3039       0       0
  135000000             115000000             115000000             2.8586776E-05         1.0000000E+30                 0       
 NEXT SEEDS:279115C7       0       0       0       0       0   181CD    3039       0       0
  140000000             110000000             110000000             2.8586202E-05         1.0000000E+30                 0       
 NEXT SEEDS:29082766       0       0       0       0       0   181CD    3039       0       0
  145000000             105000000             105000000             2.8584477E-05         1.0000000E+30                 0       
 NEXT SEEDS:2A7F46F5       0       0       0       0       0   181CD    3039       0       0
  150000000             100000000             100000000             2.8582559E-05         1.0000000E+30                 0       
 NEXT SEEDS:2BF64C7F       0       0       0       0       0   181CD    3039       0       0
  155000000              95000000              95000000             2.8583358E-05         1.0000000E+30                 0       
 NEXT SEEDS:2D6DA97B       0       0       0       0       0   181CD    3039       0       0
  160000000              90000000              90000000             2.8584495E-05         1.0000000E+30                 0       
 NEXT SEEDS:2EE4EF30       0       0       0       0       0   181CD    3039       0       0
  *** Emfgeo: Ncoun  2000000000
  165000000              85000000              85000000             2.8584494E-05         1.0000000E+30                 0       
 NEXT SEEDS:305C3D90       0       0       0       0       0   181CD    3039       0       0
  170000000              80000000              80000000             2.8582730E-05         1.0000000E+30                 0       
 NEXT SEEDS:31D3191D       0       0       0       0       0   181CD    3039       0       0
  175000000              75000000              75000000             2.8582342E-05         1.0000000E+30                 0       
 NEXT SEEDS:334A25ED       0       0       0       0       0   181CD    3039       0       0
  180000000              70000000              70000000             2.8581470E-05         1.0000000E+30                 0       
 NEXT SEEDS:34C139D6       0       0       0       0       0   181CD    3039       0       0
  185000000              65000000              65000000             2.8579928E-05         1.0000000E+30                 0       
 NEXT SEEDS:36384756       0       0       0       0       0   181CD    3039       0       0
  190000000              60000000              60000000             2.8580122E-05         1.0000000E+30                 0       
 NEXT SEEDS:37AF6849       0       0       0       0       0   181CD    3039       0       0
  195000000              55000000              55000000             2.8583572E-05         1.0000000E+30                 0       
 NEXT SEEDS:39266AEE       0       0       0       0       0   181CD    3039       0       0
  200000000              50000000              50000000             2.8582059E-05         1.0000000E+30                 0       
 NEXT SEEDS:3A9D9D7B       0       0       0       0       0   181CD    3039       0       0
  205000000              45000000              45000000             2.8582198E-05         1.0000000E+30                 0       
 NEXT SEEDS:  79B7EF       1       0       0       0       0   181CD    3039       0       0
  210000000              40000000              40000000             2.8580130E-05         1.0000000E+30                 0       
 NEXT SEEDS: 1F0B579       1       0       0       0       0   181CD    3039       0       0
  215000000              35000000              35000000             2.8579195E-05         1.0000000E+30                 0       
 NEXT SEEDS: 367CD8E       1       0       0       0       0   181CD    3039       0       0
  220000000              30000000              30000000             2.8578001E-05         1.0000000E+30                 0       
 NEXT SEEDS: 4DEED60       1       0       0       0       0   181CD    3039       0       0
  225000000              25000000              25000000             2.8576240E-05         1.0000000E+30                 0       
 NEXT SEEDS: 655FC2C       1       0       0       0       0   181CD    3039       0       0
  230000000              20000000              20000000             2.8576368E-05         1.0000000E+30                 0       
 NEXT SEEDS: 7CD1E66       1       0       0       0       0   181CD    3039       0       0
  235000000              15000000              15000000             2.8575219E-05         1.0000000E+30                 0       
 NEXT SEEDS: 9442E18       1       0       0       0       0   181CD    3039       0       0
  240000000              10000000              10000000             2.8574207E-05         1.0000000E+30                 0       
 NEXT SEEDS: ABB1839       1       0       0       0       0   181CD    3039       0       0
  *** Emfgeo: Ncoun  2000000000
  245000000               5000000               5000000             2.8573733E-05         1.0000000E+30                 0       
 NEXT SEEDS: C3213A1       1       0       0       0       0   181CD    3039       0       0
  249999950                    50                    50             2.8575125E-05         1.0000000E+30                 0       
 NEXT SEEDS: DA91112       1       0       0       0       0   181CD    3039       0       0
  249999951                    49                    49             2.8575125E-05         1.0000000E+30                 0       
 NEXT SEEDS: DA91116       1       0       0       0       0   181CD    3039       0       0
  249999952                    48                    48             2.8575127E-05         1.0000000E+30                 0       
 NEXT SEEDS: DA9111A       1       0       0       0       0   181CD    3039       0       0
  249999953                    47                    47             2.8575127E-05         1.0000000E+30                 0       
 NEXT SEEDS: DA9111E       1       0       0       0       0   181CD    3039       0       0
  249999954                    46                    46             2.8575127E-05         1.0000000E+30                 0       
 NEXT SEEDS: DA91122       1       0       0       0       0   181CD    3039       0       0
  249999955                    45                    45             2.8575129E-05         1.0000000E+30                 0       
 NEXT SEEDS: DA91126       1       0       0       0       0   181CD    3039       0       0
  249999956                    44                    44             2.8575128E-05         1.0000000E+30                 0       
 NEXT SEEDS: DA9112A       1       0       0       0       0   181CD    3039       0       0
  249999957                    43                    43             2.8575128E-05         1.0000000E+30                 0       
 NEXT SEEDS: DA9112E       1       0       0       0       0   181CD    3039       0       0
  249999958                    42                    42             2.8575130E-05         1.0000000E+30                 0       
 NEXT SEEDS: DA91132       1       0       0       0       0   181CD    3039       0       0
  249999959                    41                    41             2.8575130E-05         1.0000000E+30                 0       
 NEXT SEEDS: DA91136       1       0       0       0       0   181CD    3039       0       0
  249999960                    40                    40             2.8575130E-05         1.0000000E+30                 0       
 NEXT SEEDS: DA9113A       1       0       0       0       0   181CD    3039       0       0
  249999961                    39                    39             2.8575132E-05         1.0000000E+30                 0       
 NEXT SEEDS: DA9113E       1       0       0       0       0   181CD    3039       0       0
  249999962                    38                    38             2.8575132E-05         1.0000000E+30                 0       
 NEXT SEEDS: DA91144       1       0       0       0       0   181CD    3039       0       0
  249999963                    37                    37             2.8575134E-05         1.0000000E+30                 0       
 NEXT SEEDS: DA91148       1       0       0       0       0   181CD    3039       0       0
  249999964                    36                    36             2.8575133E-05         1.0000000E+30                 0       
 NEXT SEEDS: DA9114C       1       0       0       0       0   181CD    3039       0       0
  249999965                    35                    35             2.8575133E-05         1.0000000E+30                 0       
 NEXT SEEDS: DA91150       1       0       0       0       0   181CD    3039       0       0
  249999966                    34                    34             2.8575135E-05         1.0000000E+30                 0       
 NEXT SEEDS: DA91154       1       0       0       0       0   181CD    3039       0       0
  249999967                    33                    33             2.8575135E-05         1.0000000E+30                 0       
 NEXT SEEDS: DA91158       1       0       0       0       0   181CD    3039       0       0
  249999968                    32                    32             2.8575135E-05         1.0000000E+30                 0       
 NEXT SEEDS: DA9115C       1       0       0       0       0   181CD    3039       0       0
  249999969                    31                    31             2.8575135E-05         1.0000000E+30                 0       
 NEXT SEEDS: DA91162       1       0       0       0       0   181CD    3039       0       0
  249999970                    30                    30             2.8575135E-05         1.0000000E+30                 0       
 NEXT SEEDS: DA91166       1       0       0       0       0   181CD    3039       0       0
  249999971                    29                    29             2.8575135E-05         1.0000000E+30                 0       
 NEXT SEEDS: DA9116A       1       0       0       0       0   181CD    3039       0       0
  249999972                    28                    28             2.8575134E-05         1.0000000E+30                 0       
 NEXT SEEDS: DA9116E       1       0       0       0       0   181CD    3039       0       0
  249999973                    27                    27             2.8575134E-05         1.0000000E+30                 0       
 NEXT SEEDS: DA91172       1       0       0       0       0   181CD    3039       0       0
  249999974                    26                    26             2.8575134E-05         1.0000000E+30                 0       
 NEXT SEEDS: DA91176       1       0       0       0       0   181CD    3039       0       0
  249999975                    25                    25             2.8575134E-05         1.0000000E+30                 0       
 NEXT SEEDS: DA9117A       1       0       0       0       0   181CD    3039       0       0
  249999976                    24                    24             2.8575134E-05         1.0000000E+30                 0       
 NEXT SEEDS: DA9117E       1       0       0       0       0   181CD    3039       0       0
  249999977                    23                    23             2.8575134E-05         1.0000000E+30                 0       
 NEXT SEEDS: DA91182       1       0       0       0       0   181CD    3039       0       0
  249999978                    22                    22             2.8575134E-05         1.0000000E+30                 0       
 NEXT SEEDS: DA91188       1       0       0       0       0   181CD    3039       0       0
  249999979                    21                    21             2.8575134E-05         1.0000000E+30                 0       
 NEXT SEEDS: DA9118C       1       0       0       0       0   181CD    3039       0       0
  249999980                    20                    20             2.8575135E-05         1.0000000E+30                 0       
 NEXT SEEDS: DA91190       1       0       0       0       0   181CD    3039       0       0
  249999981                    19                    19             2.8575135E-05         1.0000000E+30                 0       
 NEXT SEEDS: DA91194       1       0       0       0       0   181CD    3039       0       0
  249999982                    18                    18             2.8575135E-05         1.0000000E+30                 0       
 NEXT SEEDS: DA91198       1       0       0       0       0   181CD    3039       0       0
  249999983                    17                    17             2.8575135E-05         1.0000000E+30                 0       
 NEXT SEEDS: DA9119C       1       0       0       0       0   181CD    3039       0       0
  249999984                    16                    16             2.8575135E-05         1.0000000E+30                 0       
 NEXT SEEDS: DA911A0       1       0       0       0       0   181CD    3039       0       0
  249999985                    15                    15             2.8575135E-05         1.0000000E+30                 0       
 NEXT SEEDS: DA911A4       1       0       0       0       0   181CD    3039       0       0
  249999986                    14                    14             2.8575135E-05         1.0000000E+30                 0       
 NEXT SEEDS: DA911A8       1       0       0       0       0   181CD    3039       0       0
  249999987                    13                    13             2.8575135E-05         1.0000000E+30                 0       
 NEXT SEEDS: DA911AC       1       0       0       0       0   181CD    3039       0       0
  249999988                    12                    12             2.8575135E-05         1.0000000E+30                 0       
 NEXT SEEDS: DA911B0       1       0       0       0       0   181CD    3039       0       0
  249999989                    11                    11             2.8575134E-05         1.0000000E+30                 0       
 NEXT SEEDS: DA911B4       1       0       0       0       0   181CD    3039       0       0
  249999990                    10                    10             2.8575134E-05         1.0000000E+30                 0       
 NEXT SEEDS: DA911B8       1       0       0       0       0   181CD    3039       0       0
  249999991                     9                     9             2.8575134E-05         1.0000000E+30                 0       
 NEXT SEEDS: DA911BC       1       0       0       0       0   181CD    3039       0       0
  249999992                     8                     8             2.8575134E-05         1.0000000E+30                 0       
 NEXT SEEDS: DA911C2       1       0       0       0       0   181CD    3039       0       0
  249999993                     7                     7             2.8575136E-05         1.0000000E+30                 0       
 NEXT SEEDS: DA911C8       1       0       0       0       0   181CD    3039       0       0
  249999994                     6                     6             2.8575136E-05         1.0000000E+30                 0       
 NEXT SEEDS: DA911D9       1       0       0       0       0   181CD    3039       0       0
  249999995                     5                     5             2.8575136E-05         1.0000000E+30                 0       
 NEXT SEEDS: DA911DD       1       0       0       0       0   181CD    3039       0       0
  249999996                     4                     4             2.8575136E-05         1.0000000E+30                 0       
 NEXT SEEDS: DA911E1       1       0       0       0       0   181CD    3039       0       0
  249999997                     3                     3             2.8575135E-05         1.0000000E+30                 0       
 NEXT SEEDS: DA911E5       1       0       0       0       0   181CD    3039       0       0
  249999998                     2                     2             2.8575135E-05         1.0000000E+30                 0       
 NEXT SEEDS: DA911E9       1       0       0       0       0   181CD    3039       0       0
  249999999                     1                     1             2.8575135E-05         1.0000000E+30                 0       
 NEXT SEEDS: DA911ED       1       0       0       0       0   181CD    3039       0       0
  250000000                     0                     1             2.8575137E-05         1.0000000E+30                 0       
 NEXT SEEDS: DA911F1       1       0       0       0       0   181CD    3039       0       0
