1NUMBER OF BEAM       NUMBER OF BEAM        APPROXIMATE NUMBER    AVERAGE TIME USED     TIME LEFT (RESERVED   NUMBER OF STARS
 PARTICLES HANDLED    PARTICLES LEFT        OF BEAM PARTICLES     BY A BEAM PARTICLE     10000.0 SECONDS      CREATED
                                            THAT CAN STILL BE                           FOR PRINTOUT)
                                            HANDLED

 NEXT SEEDS:       0       0       0       0       0       0   181CD    3039       0       0
          1             249999999             249999999             8.2969666E-05         1.0000000E+30                 0       
 NEXT SEEDS:       4       0       0       0       0       0   181CD    3039       0       0
    5000000             245000000             245000000             2.7859910E-05         1.0000000E+30                 0       
 NEXT SEEDS: 176D690       0       0       0       0       0   181CD    3039       0       0
   10000000             240000000             240000000             2.7855355E-05         1.0000000E+30                 0       
 NEXT SEEDS: 2EDD61C       0       0       0       0       0   181CD    3039       0       0
   15000000             235000000             235000000             2.7873071E-05         1.0000000E+30                 0       
 NEXT SEEDS: 464F572       0       0       0       0       0   181CD    3039       0       0
   20000000             230000000             230000000             2.7868626E-05         1.0000000E+30                 0       
 NEXT SEEDS: 5DBD75D       0       0       0       0       0   181CD    3039       0       0
   25000000             225000000             225000000             2.7874923E-05         1.0000000E+30                 0       
 NEXT SEEDS: 7532E04       0       0       0       0       0   181CD    3039       0       0
   30000000             220000000             220000000             2.7877027E-05         1.0000000E+30                 0       
 NEXT SEEDS: 8CA51BC       0       0       0       0       0   181CD    3039       0       0
   35000000             215000000             215000000             2.7875512E-05         1.0000000E+30                 0       
 NEXT SEEDS: A416B6F       0       0       0       0       0   181CD    3039       0       0
   40000000             210000000             210000000             2.7877770E-05         1.0000000E+30                 0       
 NEXT SEEDS: BB88450       0       0       0       0       0   181CD    3039       0       0
   45000000             205000000             205000000             2.7873768E-05         1.0000000E+30                 0       
 NEXT SEEDS: D2F7ACD       0       0       0       0       0   181CD    3039       0       0
   50000000             200000000             200000000             2.7873542E-05         1.0000000E+30                 0       
 NEXT SEEDS: EA6A930       0       0       0       0       0   181CD    3039       0       0
   55000000             195000000             195000000             2.7867715E-05         1.0000000E+30                 0       
 NEXT SEEDS:101D88B1       0       0       0       0       0   181CD    3039       0       0
   60000000             190000000             190000000             2.7868186E-05         1.0000000E+30                 0       
 NEXT SEEDS:1194A445       0       0       0       0       0   181CD    3039       0       0
   65000000             185000000             185000000             2.7867919E-05         1.0000000E+30                 0       
 NEXT SEEDS:130BBBFF       0       0       0       0       0   181CD    3039       0       0
   70000000             180000000             180000000             2.7863221E-05         1.0000000E+30                 0       
 NEXT SEEDS:1482A49B       0       0       0       0       0   181CD    3039       0       0
   75000000             175000000             175000000             2.7864195E-05         1.0000000E+30                 0       
 NEXT SEEDS:15F99AB5       0       0       0       0       0   181CD    3039       0       0
   80000000             170000000             170000000             2.7865103E-05         1.0000000E+30                 0       
 NEXT SEEDS:1770D986       0       0       0       0       0   181CD    3039       0       0
  *** Emfgeo: Ncoun  2000000000
   85000000             165000000             165000000             2.7865366E-05         1.0000000E+30                 0       
 NEXT SEEDS:18E825E9       0       0       0       0       0   181CD    3039       0       0
   90000000             160000000             160000000             2.7866693E-05         1.0000000E+30                 0       
 NEXT SEEDS:1A5F327F       0       0       0       0       0   181CD    3039       0       0
   95000000             155000000             155000000             2.7866470E-05         1.0000000E+30                 0       
 NEXT SEEDS:1BD62966       0       0       0       0       0   181CD    3039       0       0
  100000000             150000000             150000000             2.7866643E-05         1.0000000E+30                 0       
 NEXT SEEDS:1D4D1B23       0       0       0       0       0   181CD    3039       0       0
  105000000             145000000             145000000             2.7867355E-05         1.0000000E+30                 0       
 NEXT SEEDS:1EC428BE       0       0       0       0       0   181CD    3039       0       0
  110000000             140000000             140000000             2.7864970E-05         1.0000000E+30                 0       
 NEXT SEEDS:203B0DB5       0       0       0       0       0   181CD    3039       0       0
  115000000             135000000             135000000             2.7864871E-05         1.0000000E+30                 0       
 NEXT SEEDS:21B248D1       0       0       0       0       0   181CD    3039       0       0
  120000000             130000000             130000000             2.7862247E-05         1.0000000E+30                 0       
 NEXT SEEDS:232923D1       0       0       0       0       0   181CD    3039       0       0
  125000000             125000000             125000000             2.7860957E-05         1.0000000E+30                 0       
 NEXT SEEDS:24A05B13       0       0       0       0       0   181CD    3039       0       0
  130000000             120000000             120000000             2.7858259E-05         1.0000000E+30                 0       
 NEXT SEEDS:26175C2C       0       0       0       0       0   181CD    3039       0       0
  135000000             115000000             115000000             2.7857673E-05         1.0000000E+30                 0       
 NEXT SEEDS:278E4FDB       0       0       0       0       0   181CD    3039       0       0
  140000000             110000000             110000000             2.7859068E-05         1.0000000E+30                 0       
 NEXT SEEDS:2905A149       0       0       0       0       0   181CD    3039       0       0
  145000000             105000000             105000000             2.7857885E-05         1.0000000E+30                 0       
 NEXT SEEDS:2A7CB9EC       0       0       0       0       0   181CD    3039       0       0
  150000000             100000000             100000000             2.7856842E-05         1.0000000E+30                 0       
 NEXT SEEDS:2BF401D3       0       0       0       0       0   181CD    3039       0       0
  155000000              95000000              95000000             2.7857220E-05         1.0000000E+30                 0       
 NEXT SEEDS:2D6B1D59       0       0       0       0       0   181CD    3039       0       0
  160000000              90000000              90000000             2.7858163E-05         1.0000000E+30                 0       
 NEXT SEEDS:2EE22219       0       0       0       0       0   181CD    3039       0       0
  *** Emfgeo: Ncoun  2000000000
  165000000              85000000              85000000             2.7858481E-05         1.0000000E+30                 0       
 NEXT SEEDS:30595C56       0       0       0       0       0   181CD    3039       0       0
  170000000              80000000              80000000             2.7860897E-05         1.0000000E+30                 0       
 NEXT SEEDS:31D0AAD1       0       0       0       0       0   181CD    3039       0       0
  175000000              75000000              75000000             2.7861864E-05         1.0000000E+30                 0       
 NEXT SEEDS:334803D0       0       0       0       0       0   181CD    3039       0       0
  180000000              70000000              70000000             2.7862248E-05         1.0000000E+30                 0       
 NEXT SEEDS:34BF3249       0       0       0       0       0   181CD    3039       0       0
  185000000              65000000              65000000             2.7861943E-05         1.0000000E+30                 0       
 NEXT SEEDS:36360E04       0       0       0       0       0   181CD    3039       0       0
  190000000              60000000              60000000             2.7863484E-05         1.0000000E+30                 0       
 NEXT SEEDS:37AD4682       0       0       0       0       0   181CD    3039       0       0
  195000000              55000000              55000000             2.7865287E-05         1.0000000E+30                 0       
 NEXT SEEDS:392478B2       0       0       0       0       0   181CD    3039       0       0
  200000000              50000000              50000000             2.7864939E-05         1.0000000E+30                 0       
 NEXT SEEDS:3A9B53D1       0       0       0       0       0   181CD    3039       0       0
  205000000              45000000              45000000             2.7865027E-05         1.0000000E+30                 0       
 NEXT SEEDS:  77A327       1       0       0       0       0   181CD    3039       0       0
  210000000              40000000              40000000             2.7864306E-05         1.0000000E+30                 0       
 NEXT SEEDS: 1EEB2A6       1       0       0       0       0   181CD    3039       0       0
  215000000              35000000              35000000             2.7864414E-05         1.0000000E+30                 0       
 NEXT SEEDS: 365C231       1       0       0       0       0   181CD    3039       0       0
  220000000              30000000              30000000             2.7864520E-05         1.0000000E+30                 0       
 NEXT SEEDS: 4DCBE45       1       0       0       0       0   181CD    3039       0       0
  225000000              25000000              25000000             2.7864941E-05         1.0000000E+30                 0       
 NEXT SEEDS: 6540620       1       0       0       0       0   181CD    3039       0       0
  230000000              20000000              20000000             2.7865151E-05         1.0000000E+30                 0       
 NEXT SEEDS: 7CAEA65       1       0       0       0       0   181CD    3039       0       0
  235000000              15000000              15000000             2.7866103E-05         1.0000000E+30                 0       
 NEXT SEEDS: 94215D8       1       0       0       0       0   181CD    3039       0       0
  240000000              10000000              10000000             2.7866799E-05         1.0000000E+30                 0       
 NEXT SEEDS: AB90129       1       0       0       0       0   181CD    3039       0       0
  *** Emfgeo: Ncoun  2000000000
  245000000               5000000               5000000             2.7866015E-05         1.0000000E+30                 0       
 NEXT SEEDS: C302801       1       0       0       0       0   181CD    3039       0       0
  249999950                    50                    50             2.7866433E-05         1.0000000E+30                 0       
 NEXT SEEDS: DA7265F       1       0       0       0       0   181CD    3039       0       0
  249999951                    49                    49             2.7866435E-05         1.0000000E+30                 0       
 NEXT SEEDS: DA72663       1       0       0       0       0   181CD    3039       0       0
  249999952                    48                    48             2.7866435E-05         1.0000000E+30                 0       
 NEXT SEEDS: DA72667       1       0       0       0       0   181CD    3039       0       0
  249999953                    47                    47             2.7866437E-05         1.0000000E+30                 0       
 NEXT SEEDS: DA7266B       1       0       0       0       0   181CD    3039       0       0
  249999954                    46                    46             2.7866437E-05         1.0000000E+30                 0       
 NEXT SEEDS: DA7266F       1       0       0       0       0   181CD    3039       0       0
  249999955                    45                    45             2.7866437E-05         1.0000000E+30                 0       
 NEXT SEEDS: DA72673       1       0       0       0       0   181CD    3039       0       0
  249999956                    44                    44             2.7866436E-05         1.0000000E+30                 0       
 NEXT SEEDS: DA72677       1       0       0       0       0   181CD    3039       0       0
  249999957                    43                    43             2.7866436E-05         1.0000000E+30                 0       
 NEXT SEEDS: DA7267D       1       0       0       0       0   181CD    3039       0       0
  249999958                    42                    42             2.7866436E-05         1.0000000E+30                 0       
 NEXT SEEDS: DA72681       1       0       0       0       0   181CD    3039       0       0
  249999959                    41                    41             2.7866436E-05         1.0000000E+30                 0       
 NEXT SEEDS: DA72685       1       0       0       0       0   181CD    3039       0       0
  249999960                    40                    40             2.7866436E-05         1.0000000E+30                 0       
 NEXT SEEDS: DA72689       1       0       0       0       0   181CD    3039       0       0
  249999961                    39                    39             2.7866436E-05         1.0000000E+30                 0       
 NEXT SEEDS: DA7268D       1       0       0       0       0   181CD    3039       0       0
  249999962                    38                    38             2.7866436E-05         1.0000000E+30                 0       
 NEXT SEEDS: DA72691       1       0       0       0       0   181CD    3039       0       0
  249999963                    37                    37             2.7866436E-05         1.0000000E+30                 0       
 NEXT SEEDS: DA72695       1       0       0       0       0   181CD    3039       0       0
  249999964                    36                    36             2.7866435E-05         1.0000000E+30                 0       
 NEXT SEEDS: DA72699       1       0       0       0       0   181CD    3039       0       0
  249999965                    35                    35             2.7866435E-05         1.0000000E+30                 0       
 NEXT SEEDS: DA7269D       1       0       0       0       0   181CD    3039       0       0
  249999966                    34                    34             2.7866435E-05         1.0000000E+30                 0       
 NEXT SEEDS: DA726A1       1       0       0       0       0   181CD    3039       0       0
  249999967                    33                    33             2.7866435E-05         1.0000000E+30                 0       
 NEXT SEEDS: DA726A5       1       0       0       0       0   181CD    3039       0       0
  249999968                    32                    32             2.7866435E-05         1.0000000E+30                 0       
 NEXT SEEDS: DA726A9       1       0       0       0       0   181CD    3039       0       0
  249999969                    31                    31             2.7866435E-05         1.0000000E+30                 0       
 NEXT SEEDS: DA726AD       1       0       0       0       0   181CD    3039       0       0
  249999970                    30                    30             2.7866435E-05         1.0000000E+30                 0       
 NEXT SEEDS: DA726B1       1       0       0       0       0   181CD    3039       0       0
  249999971                    29                    29             2.7866435E-05         1.0000000E+30                 0       
 NEXT SEEDS: DA726B5       1       0       0       0       0   181CD    3039       0       0
  249999972                    28                    28             2.7866435E-05         1.0000000E+30                 0       
 NEXT SEEDS: DA726B9       1       0       0       0       0   181CD    3039       0       0
  249999973                    27                    27             2.7866434E-05         1.0000000E+30                 0       
 NEXT SEEDS: DA726BD       1       0       0       0       0   181CD    3039       0       0
  249999974                    26                    26             2.7866434E-05         1.0000000E+30                 0       
 NEXT SEEDS: DA726C1       1       0       0       0       0   181CD    3039       0       0
  249999975                    25                    25             2.7866434E-05         1.0000000E+30                 0       
 NEXT SEEDS: DA726C5       1       0       0       0       0   181CD    3039       0       0
  249999976                    24                    24             2.7866434E-05         1.0000000E+30                 0       
 NEXT SEEDS: DA726C9       1       0       0       0       0   181CD    3039       0       0
  249999977                    23                    23             2.7866434E-05         1.0000000E+30                 0       
 NEXT SEEDS: DA726CD       1       0       0       0       0   181CD    3039       0       0
  249999978                    22                    22             2.7866434E-05         1.0000000E+30                 0       
 NEXT SEEDS: DA726D1       1       0       0       0       0   181CD    3039       0       0
  249999979                    21                    21             2.7866434E-05         1.0000000E+30                 0       
 NEXT SEEDS: DA726D5       1       0       0       0       0   181CD    3039       0       0
  249999980                    20                    20             2.7866434E-05         1.0000000E+30                 0       
 NEXT SEEDS: DA726D9       1       0       0       0       0   181CD    3039       0       0
  249999981                    19                    19             2.7866434E-05         1.0000000E+30                 0       
 NEXT SEEDS: DA726DD       1       0       0       0       0   181CD    3039       0       0
  249999982                    18                    18             2.7866433E-05         1.0000000E+30                 0       
 NEXT SEEDS: DA72716       1       0       0       0       0   181CD    3039       0       0
  249999983                    17                    17             2.7866433E-05         1.0000000E+30                 0       
 NEXT SEEDS: DA7271A       1       0       0       0       0   181CD    3039       0       0
  249999984                    16                    16             2.7866433E-05         1.0000000E+30                 0       
 NEXT SEEDS: DA7271E       1       0       0       0       0   181CD    3039       0       0
  249999985                    15                    15             2.7866433E-05         1.0000000E+30                 0       
 NEXT SEEDS: DA72722       1       0       0       0       0   181CD    3039       0       0
  249999986                    14                    14             2.7866433E-05         1.0000000E+30                 0       
 NEXT SEEDS: DA72726       1       0       0       0       0   181CD    3039       0       0
  249999987                    13                    13             2.7866433E-05         1.0000000E+30                 0       
 NEXT SEEDS: DA7272A       1       0       0       0       0   181CD    3039       0       0
  249999988                    12                    12             2.7866433E-05         1.0000000E+30                 0       
 NEXT SEEDS: DA7272E       1       0       0       0       0   181CD    3039       0       0
  249999989                    11                    11             2.7866433E-05         1.0000000E+30                 0       
 NEXT SEEDS: DA72732       1       0       0       0       0   181CD    3039       0       0
  249999990                    10                    10             2.7866433E-05         1.0000000E+30                 0       
 NEXT SEEDS: DA72736       1       0       0       0       0   181CD    3039       0       0
  249999991                     9                     9             2.7866432E-05         1.0000000E+30                 0       
 NEXT SEEDS: DA7273A       1       0       0       0       0   181CD    3039       0       0
  249999992                     8                     8             2.7866432E-05         1.0000000E+30                 0       
 NEXT SEEDS: DA7273E       1       0       0       0       0   181CD    3039       0       0
  249999993                     7                     7             2.7866432E-05         1.0000000E+30                 0       
 NEXT SEEDS: DA72742       1       0       0       0       0   181CD    3039       0       0
  249999994                     6                     6             2.7866434E-05         1.0000000E+30                 0       
 NEXT SEEDS: DA72746       1       0       0       0       0   181CD    3039       0       0
  249999995                     5                     5             2.7866434E-05         1.0000000E+30                 0       
 NEXT SEEDS: DA7274A       1       0       0       0       0   181CD    3039       0       0
  249999996                     4                     4             2.7866436E-05         1.0000000E+30                 0       
 NEXT SEEDS: DA7274E       1       0       0       0       0   181CD    3039       0       0
  249999997                     3                     3             2.7866436E-05         1.0000000E+30                 0       
 NEXT SEEDS: DA72752       1       0       0       0       0   181CD    3039       0       0
  249999998                     2                     2             2.7866436E-05         1.0000000E+30                 0       
 NEXT SEEDS: DA72756       1       0       0       0       0   181CD    3039       0       0
  249999999                     1                     1             2.7866436E-05         1.0000000E+30                 0       
 NEXT SEEDS: DA7275A       1       0       0       0       0   181CD    3039       0       0
  250000000                     0                     1             2.7866435E-05         1.0000000E+30                 0       
 NEXT SEEDS: DA7275E       1       0       0       0       0   181CD    3039       0       0
