1NUMBER OF BEAM       NUMBER OF BEAM        APPROXIMATE NUMBER    AVERAGE TIME USED     TIME LEFT (RESERVED   NUMBER OF STARS
 PARTICLES HANDLED    PARTICLES LEFT        OF BEAM PARTICLES     BY A BEAM PARTICLE     10000.0 SECONDS      CREATED
                                            THAT CAN STILL BE                           FOR PRINTOUT)
                                            HANDLED

 NEXT SEEDS:       0       0       0       0       0       0   181CD    3039       0       0
          1             249999999             249999999             8.0108643E-05         1.0000000E+30                 0       
 NEXT SEEDS:       4       0       0       0       0       0   181CD    3039       0       0
    5000000             245000000             245000000             2.8690568E-05         1.0000000E+30                 0       
 NEXT SEEDS: 1770849       0       0       0       0       0   181CD    3039       0       0
   10000000             240000000             240000000             2.8699213E-05         1.0000000E+30                 0       
 NEXT SEEDS: 2EE1E8B       0       0       0       0       0   181CD    3039       0       0
   15000000             235000000             235000000             2.8690316E-05         1.0000000E+30                 0       
 NEXT SEEDS: 4656904       0       0       0       0       0   181CD    3039       0       0
   20000000             230000000             230000000             2.8705480E-05         1.0000000E+30                 0       
 NEXT SEEDS: 5DC6BFF       0       0       0       0       0   181CD    3039       0       0
   25000000             225000000             225000000             2.8803991E-05         1.0000000E+30                 0       
 NEXT SEEDS: 753D5F8       0       0       0       0       0   181CD    3039       0       0
   30000000             220000000             220000000             2.8804101E-05         1.0000000E+30                 0       
 NEXT SEEDS: 8CB2111       0       0       0       0       0   181CD    3039       0       0
   35000000             215000000             215000000             2.8779345E-05         1.0000000E+30                 0       
 NEXT SEEDS: A4207BD       0       0       0       0       0   181CD    3039       0       0
   40000000             210000000             210000000             2.8763404E-05         1.0000000E+30                 0       
 NEXT SEEDS: BB909E3       0       0       0       0       0   181CD    3039       0       0
   45000000             205000000             205000000             2.8746803E-05         1.0000000E+30                 0       
 NEXT SEEDS: D304887       0       0       0       0       0   181CD    3039       0       0
   50000000             200000000             200000000             2.8736575E-05         1.0000000E+30                 0       
 NEXT SEEDS: EA74DA7       0       0       0       0       0   181CD    3039       0       0
   55000000             195000000             195000000             2.8727114E-05         1.0000000E+30                 0       
 NEXT SEEDS:101E8676       0       0       0       0       0   181CD    3039       0       0
   60000000             190000000             190000000             2.8723393E-05         1.0000000E+30                 0       
 NEXT SEEDS:11959178       0       0       0       0       0   181CD    3039       0       0
   65000000             185000000             185000000             2.8724139E-05         1.0000000E+30                 0       
 NEXT SEEDS:130C84EF       0       0       0       0       0   181CD    3039       0       0
   70000000             180000000             180000000             2.8716613E-05         1.0000000E+30                 0       
 NEXT SEEDS:14834FAD       0       0       0       0       0   181CD    3039       0       0
   75000000             175000000             175000000             2.8712860E-05         1.0000000E+30                 0       
 NEXT SEEDS:15FA40BE       0       0       0       0       0   181CD    3039       0       0
   80000000             170000000             170000000             2.8707973E-05         1.0000000E+30                 0       
 NEXT SEEDS:17718258       0       0       0       0       0   181CD    3039       0       0
  *** Emfgeo: Ncoun  2000000000
   85000000             165000000             165000000             2.8705341E-05         1.0000000E+30                 0       
 NEXT SEEDS:18E8AACB       0       0       0       0       0   181CD    3039       0       0
   90000000             160000000             160000000             2.8710459E-05         1.0000000E+30                 0       
 NEXT SEEDS:1A5FFDBF       0       0       0       0       0   181CD    3039       0       0
   95000000             155000000             155000000             2.8712142E-05         1.0000000E+30                 0       
 NEXT SEEDS:1BD71410       0       0       0       0       0   181CD    3039       0       0
  100000000             150000000             150000000             2.8709355E-05         1.0000000E+30                 0       
 NEXT SEEDS:1D4E1F82       0       0       0       0       0   181CD    3039       0       0
  105000000             145000000             145000000             2.8707005E-05         1.0000000E+30                 0       
 NEXT SEEDS:1EC5363A       0       0       0       0       0   181CD    3039       0       0
  110000000             140000000             140000000             2.8705930E-05         1.0000000E+30                 0       
 NEXT SEEDS:203C63AB       0       0       0       0       0   181CD    3039       0       0
  115000000             135000000             135000000             2.8703878E-05         1.0000000E+30                 0       
 NEXT SEEDS:21B399B5       0       0       0       0       0   181CD    3039       0       0
  120000000             130000000             130000000             2.8700237E-05         1.0000000E+30                 0       
 NEXT SEEDS:232A6A22       0       0       0       0       0   181CD    3039       0       0
  125000000             125000000             125000000             2.8697849E-05         1.0000000E+30                 0       
 NEXT SEEDS:24A1909C       0       0       0       0       0   181CD    3039       0       0
  130000000             120000000             120000000             2.8699969E-05         1.0000000E+30                 0       
 NEXT SEEDS:2618CB31       0       0       0       0       0   181CD    3039       0       0
  135000000             115000000             115000000             2.8698706E-05         1.0000000E+30                 0       
 NEXT SEEDS:278FE340       0       0       0       0       0   181CD    3039       0       0
  140000000             110000000             110000000             2.8696166E-05         1.0000000E+30                 0       
 NEXT SEEDS:2906E0DE       0       0       0       0       0   181CD    3039       0       0
  145000000             105000000             105000000             2.8692828E-05         1.0000000E+30                 0       
 NEXT SEEDS:2A7DE283       0       0       0       0       0   181CD    3039       0       0
  150000000             100000000             100000000             2.8692049E-05         1.0000000E+30                 0       
 NEXT SEEDS:2BF54412       0       0       0       0       0   181CD    3039       0       0
  155000000              95000000              95000000             2.8695310E-05         1.0000000E+30                 0       
 NEXT SEEDS:2D6C5791       0       0       0       0       0   181CD    3039       0       0
  160000000              90000000              90000000             2.8698423E-05         1.0000000E+30                 0       
 NEXT SEEDS:2EE359FA       0       0       0       0       0   181CD    3039       0       0
  *** Emfgeo: Ncoun  2000000000
  165000000              85000000              85000000             2.8693446E-05         1.0000000E+30                 0       
 NEXT SEEDS:305A5B08       0       0       0       0       0   181CD    3039       0       0
  170000000              80000000              80000000             2.8695052E-05         1.0000000E+30                 0       
 NEXT SEEDS:31D195C0       0       0       0       0       0   181CD    3039       0       0
  175000000              75000000              75000000             2.8695771E-05         1.0000000E+30                 0       
 NEXT SEEDS:3348CECA       0       0       0       0       0   181CD    3039       0       0
  180000000              70000000              70000000             2.8695704E-05         1.0000000E+30                 0       
 NEXT SEEDS:34BFEE90       0       0       0       0       0   181CD    3039       0       0
  185000000              65000000              65000000             2.8694952E-05         1.0000000E+30                 0       
 NEXT SEEDS:3636E293       0       0       0       0       0   181CD    3039       0       0
  190000000              60000000              60000000             2.8697983E-05         1.0000000E+30                 0       
 NEXT SEEDS:37AE15A9       0       0       0       0       0   181CD    3039       0       0
  195000000              55000000              55000000             2.8696693E-05         1.0000000E+30                 0       
 NEXT SEEDS:39252B18       0       0       0       0       0   181CD    3039       0       0
  200000000              50000000              50000000             2.8695528E-05         1.0000000E+30                 0       
 NEXT SEEDS:3A9C2F68       0       0       0       0       0   181CD    3039       0       0
  205000000              45000000              45000000             2.8692334E-05         1.0000000E+30                 0       
 NEXT SEEDS:  7894AE       1       0       0       0       0   181CD    3039       0       0
  210000000              40000000              40000000             2.8691154E-05         1.0000000E+30                 0       
 NEXT SEEDS: 1EF87FD       1       0       0       0       0   181CD    3039       0       0
  215000000              35000000              35000000             2.8687916E-05         1.0000000E+30                 0       
 NEXT SEEDS: 36657A2       1       0       0       0       0   181CD    3039       0       0
  220000000              30000000              30000000             2.8688200E-05         1.0000000E+30                 0       
 NEXT SEEDS: 4DD7954       1       0       0       0       0   181CD    3039       0       0
  225000000              25000000              25000000             2.8685769E-05         1.0000000E+30                 0       
 NEXT SEEDS: 654815A       1       0       0       0       0   181CD    3039       0       0
  230000000              20000000              20000000             2.8685700E-05         1.0000000E+30                 0       
 NEXT SEEDS: 7CB7F2E       1       0       0       0       0   181CD    3039       0       0
  235000000              15000000              15000000             2.8685581E-05         1.0000000E+30                 0       
 NEXT SEEDS: 942A458       1       0       0       0       0   181CD    3039       0       0
  240000000              10000000              10000000             2.8684734E-05         1.0000000E+30                 0       
 NEXT SEEDS: AB984E3       1       0       0       0       0   181CD    3039       0       0
  *** Emfgeo: Ncoun  2000000000
  245000000               5000000               5000000             2.8683580E-05         1.0000000E+30                 0       
 NEXT SEEDS: C30AD72       1       0       0       0       0   181CD    3039       0       0
  249999950                    50                    50             2.8682956E-05         1.0000000E+30                 0       
 NEXT SEEDS: DA7BBAC       1       0       0       0       0   181CD    3039       0       0
  249999951                    49                    49             2.8682955E-05         1.0000000E+30                 0       
 NEXT SEEDS: DA7BBB0       1       0       0       0       0   181CD    3039       0       0
  249999952                    48                    48             2.8682955E-05         1.0000000E+30                 0       
 NEXT SEEDS: DA7BBB4       1       0       0       0       0   181CD    3039       0       0
  249999953                    47                    47             2.8682955E-05         1.0000000E+30                 0       
 NEXT SEEDS: DA7BBB8       1       0       0       0       0   181CD    3039       0       0
  249999954                    46                    46             2.8682955E-05         1.0000000E+30                 0       
 NEXT SEEDS: DA7BBBC       1       0       0       0       0   181CD    3039       0       0
  249999955                    45                    45             2.8682955E-05         1.0000000E+30                 0       
 NEXT SEEDS: DA7BBC0       1       0       0       0       0   181CD    3039       0       0
  249999956                    44                    44             2.8682955E-05         1.0000000E+30                 0       
 NEXT SEEDS: DA7BBC4       1       0       0       0       0   181CD    3039       0       0
  249999957                    43                    43             2.8682955E-05         1.0000000E+30                 0       
 NEXT SEEDS: DA7BBC8       1       0       0       0       0   181CD    3039       0       0
  249999958                    42                    42             2.8682955E-05         1.0000000E+30                 0       
 NEXT SEEDS: DA7BBCC       1       0       0       0       0   181CD    3039       0       0
  249999959                    41                    41             2.8682955E-05         1.0000000E+30                 0       
 NEXT SEEDS: DA7BBD0       1       0       0       0       0   181CD    3039       0       0
  249999960                    40                    40             2.8682954E-05         1.0000000E+30                 0       
 NEXT SEEDS: DA7BBD4       1       0       0       0       0   181CD    3039       0       0
  249999961                    39                    39             2.8682954E-05         1.0000000E+30                 0       
 NEXT SEEDS: DA7BBD8       1       0       0       0       0   181CD    3039       0       0
  249999962                    38                    38             2.8682954E-05         1.0000000E+30                 0       
 NEXT SEEDS: DA7BBDC       1       0       0       0       0   181CD    3039       0       0
  249999963                    37                    37             2.8682954E-05         1.0000000E+30                 0       
 NEXT SEEDS: DA7BBE0       1       0       0       0       0   181CD    3039       0       0
  249999964                    36                    36             2.8682956E-05         1.0000000E+30                 0       
 NEXT SEEDS: DA7BBE4       1       0       0       0       0   181CD    3039       0       0
  249999965                    35                    35             2.8682956E-05         1.0000000E+30                 0       
 NEXT SEEDS: DA7BBE8       1       0       0       0       0   181CD    3039       0       0
  249999966                    34                    34             2.8682956E-05         1.0000000E+30                 0       
 NEXT SEEDS: DA7BBFC       1       0       0       0       0   181CD    3039       0       0
  249999967                    33                    33             2.8682958E-05         1.0000000E+30                 0       
 NEXT SEEDS: DA7BC00       1       0       0       0       0   181CD    3039       0       0
  249999968                    32                    32             2.8682957E-05         1.0000000E+30                 0       
 NEXT SEEDS: DA7BC04       1       0       0       0       0   181CD    3039       0       0
  249999969                    31                    31             2.8682959E-05         1.0000000E+30                 0       
 NEXT SEEDS: DA7BC08       1       0       0       0       0   181CD    3039       0       0
  249999970                    30                    30             2.8682959E-05         1.0000000E+30                 0       
 NEXT SEEDS: DA7BC0C       1       0       0       0       0   181CD    3039       0       0
  249999971                    29                    29             2.8682959E-05         1.0000000E+30                 0       
 NEXT SEEDS: DA7BC10       1       0       0       0       0   181CD    3039       0       0
  249999972                    28                    28             2.8682961E-05         1.0000000E+30                 0       
 NEXT SEEDS: DA7BC14       1       0       0       0       0   181CD    3039       0       0
  249999973                    27                    27             2.8682961E-05         1.0000000E+30                 0       
 NEXT SEEDS: DA7BC18       1       0       0       0       0   181CD    3039       0       0
  249999974                    26                    26             2.8682961E-05         1.0000000E+30                 0       
 NEXT SEEDS: DA7BC1C       1       0       0       0       0   181CD    3039       0       0
  249999975                    25                    25             2.8682962E-05         1.0000000E+30                 0       
 NEXT SEEDS: DA7BC20       1       0       0       0       0   181CD    3039       0       0
  249999976                    24                    24             2.8682962E-05         1.0000000E+30                 0       
 NEXT SEEDS: DA7BC24       1       0       0       0       0   181CD    3039       0       0
  249999977                    23                    23             2.8682962E-05         1.0000000E+30                 0       
 NEXT SEEDS: DA7BC28       1       0       0       0       0   181CD    3039       0       0
  249999978                    22                    22             2.8682964E-05         1.0000000E+30                 0       
 NEXT SEEDS: DA7BC2C       1       0       0       0       0   181CD    3039       0       0
  249999979                    21                    21             2.8682964E-05         1.0000000E+30                 0       
 NEXT SEEDS: DA7BC30       1       0       0       0       0   181CD    3039       0       0
  249999980                    20                    20             2.8682966E-05         1.0000000E+30                 0       
 NEXT SEEDS: DA7BC34       1       0       0       0       0   181CD    3039       0       0
  249999981                    19                    19             2.8682966E-05         1.0000000E+30                 0       
 NEXT SEEDS: DA7BC38       1       0       0       0       0   181CD    3039       0       0
  249999982                    18                    18             2.8682966E-05         1.0000000E+30                 0       
 NEXT SEEDS: DA7BC3C       1       0       0       0       0   181CD    3039       0       0
  249999983                    17                    17             2.8682967E-05         1.0000000E+30                 0       
 NEXT SEEDS: DA7BC40       1       0       0       0       0   181CD    3039       0       0
  249999984                    16                    16             2.8682967E-05         1.0000000E+30                 0       
 NEXT SEEDS: DA7BC44       1       0       0       0       0   181CD    3039       0       0
  249999985                    15                    15             2.8682967E-05         1.0000000E+30                 0       
 NEXT SEEDS: DA7BC48       1       0       0       0       0   181CD    3039       0       0
  249999986                    14                    14             2.8682967E-05         1.0000000E+30                 0       
 NEXT SEEDS: DA7BC4C       1       0       0       0       0   181CD    3039       0       0
  249999987                    13                    13             2.8682969E-05         1.0000000E+30                 0       
 NEXT SEEDS: DA7BC50       1       0       0       0       0   181CD    3039       0       0
  249999988                    12                    12             2.8682969E-05         1.0000000E+30                 0       
 NEXT SEEDS: DA7BC54       1       0       0       0       0   181CD    3039       0       0
  249999989                    11                    11             2.8682969E-05         1.0000000E+30                 0       
 NEXT SEEDS: DA7BC58       1       0       0       0       0   181CD    3039       0       0
  249999990                    10                    10             2.8682971E-05         1.0000000E+30                 0       
 NEXT SEEDS: DA7BC5C       1       0       0       0       0   181CD    3039       0       0
  249999991                     9                     9             2.8682970E-05         1.0000000E+30                 0       
 NEXT SEEDS: DA7BC60       1       0       0       0       0   181CD    3039       0       0
  249999992                     8                     8             2.8682970E-05         1.0000000E+30                 0       
 NEXT SEEDS: DA7BC64       1       0       0       0       0   181CD    3039       0       0
  249999993                     7                     7             2.8682972E-05         1.0000000E+30                 0       
 NEXT SEEDS: DA7BC68       1       0       0       0       0   181CD    3039       0       0
  249999994                     6                     6             2.8682972E-05         1.0000000E+30                 0       
 NEXT SEEDS: DA7BC6C       1       0       0       0       0   181CD    3039       0       0
  249999995                     5                     5             2.8682972E-05         1.0000000E+30                 0       
 NEXT SEEDS: DA7BC70       1       0       0       0       0   181CD    3039       0       0
  249999996                     4                     4             2.8682972E-05         1.0000000E+30                 0       
 NEXT SEEDS: DA7BC74       1       0       0       0       0   181CD    3039       0       0
  249999997                     3                     3             2.8682972E-05         1.0000000E+30                 0       
 NEXT SEEDS: DA7BC78       1       0       0       0       0   181CD    3039       0       0
  249999998                     2                     2             2.8682972E-05         1.0000000E+30                 0       
 NEXT SEEDS: DA7BC7C       1       0       0       0       0   181CD    3039       0       0
  249999999                     1                     1             2.8682971E-05         1.0000000E+30                 0       
 NEXT SEEDS: DA7BC80       1       0       0       0       0   181CD    3039       0       0
  250000000                     0                     1             2.8682971E-05         1.0000000E+30                 0       
 NEXT SEEDS: DA7BC84       1       0       0       0       0   181CD    3039       0       0
