1NUMBER OF BEAM       NUMBER OF BEAM        APPROXIMATE NUMBER    AVERAGE TIME USED     TIME LEFT (RESERVED   NUMBER OF STARS
 PARTICLES HANDLED    PARTICLES LEFT        OF BEAM PARTICLES     BY A BEAM PARTICLE     10000.0 SECONDS      CREATED
                                            THAT CAN STILL BE                           FOR PRINTOUT)
                                            HANDLED

 NEXT SEEDS:       0       0       0       0       0       0   181CD    3039       0       0
          1             249999999             249999999             0.0000000E+00         1.0000000E+30                 0       
 NEXT SEEDS:       4       0       0       0       0       0   181CD    3039       0       0
    5000000             245000000             245000000             2.7894519E-05         1.0000000E+30                 0       
 NEXT SEEDS: 176E860       0       0       0       0       0   181CD    3039       0       0
   10000000             240000000             240000000             2.7882198E-05         1.0000000E+30                 0       
 NEXT SEEDS: 2EDD39F       0       0       0       0       0   181CD    3039       0       0
   15000000             235000000             235000000             2.7887796E-05         1.0000000E+30                 0       
 NEXT SEEDS: 464C8C2       0       0       0       0       0   181CD    3039       0       0
   20000000             230000000             230000000             2.7878834E-05         1.0000000E+30                 0       
 NEXT SEEDS: 5DB8240       0       0       0       0       0   181CD    3039       0       0
   25000000             225000000             225000000             2.7881771E-05         1.0000000E+30                 0       
 NEXT SEEDS: 752A635       0       0       0       0       0   181CD    3039       0       0
   30000000             220000000             220000000             2.7871654E-05         1.0000000E+30                 0       
 NEXT SEEDS: 8C98A50       0       0       0       0       0   181CD    3039       0       0
   35000000             215000000             215000000             2.7865742E-05         1.0000000E+30                 0       
 NEXT SEEDS: A404A45       0       0       0       0       0   181CD    3039       0       0
   40000000             210000000             210000000             2.7869495E-05         1.0000000E+30                 0       
 NEXT SEEDS: BB77270       0       0       0       0       0   181CD    3039       0       0
   45000000             205000000             205000000             2.7873541E-05         1.0000000E+30                 0       
 NEXT SEEDS: D2E5F41       0       0       0       0       0   181CD    3039       0       0
   50000000             200000000             200000000             2.7877366E-05         1.0000000E+30                 0       
 NEXT SEEDS: EA53FF6       0       0       0       0       0   181CD    3039       0       0
   55000000             195000000             195000000             2.7874445E-05         1.0000000E+30                 0       
 NEXT SEEDS:101C4161       0       0       0       0       0   181CD    3039       0       0
   60000000             190000000             190000000             2.7872052E-05         1.0000000E+30                 0       
 NEXT SEEDS:119333F3       0       0       0       0       0   181CD    3039       0       0
   65000000             185000000             185000000             2.7867697E-05         1.0000000E+30                 0       
 NEXT SEEDS:1309E510       0       0       0       0       0   181CD    3039       0       0
   70000000             180000000             180000000             2.7863492E-05         1.0000000E+30                 0       
 NEXT SEEDS:148085C1       0       0       0       0       0   181CD    3039       0       0
   75000000             175000000             175000000             2.7862388E-05         1.0000000E+30                 0       
 NEXT SEEDS:15F75ADE       0       0       0       0       0   181CD    3039       0       0
   80000000             170000000             170000000             2.7860472E-05         1.0000000E+30                 0       
 NEXT SEEDS:176E5FC1       0       0       0       0       0   181CD    3039       0       0
  *** Emfgeo: Ncoun  2000000000
   85000000             165000000             165000000             2.7859069E-05         1.0000000E+30                 0       
 NEXT SEEDS:18E50DD7       0       0       0       0       0   181CD    3039       0       0
   90000000             160000000             160000000             2.7859203E-05         1.0000000E+30                 0       
 NEXT SEEDS:1A5BF4F5       0       0       0       0       0   181CD    3039       0       0
   95000000             155000000             155000000             2.7861712E-05         1.0000000E+30                 0       
 NEXT SEEDS:1BD2F0E3       0       0       0       0       0   181CD    3039       0       0
  100000000             150000000             150000000             2.7863026E-05         1.0000000E+30                 0       
 NEXT SEEDS:1D49C76B       0       0       0       0       0   181CD    3039       0       0
  105000000             145000000             145000000             2.7864985E-05         1.0000000E+30                 0       
 NEXT SEEDS:1EC0CBB8       0       0       0       0       0   181CD    3039       0       0
  110000000             140000000             140000000             2.7862273E-05         1.0000000E+30                 0       
 NEXT SEEDS:2037AB53       0       0       0       0       0   181CD    3039       0       0
  115000000             135000000             135000000             2.7859283E-05         1.0000000E+30                 0       
 NEXT SEEDS:21AE9A1A       0       0       0       0       0   181CD    3039       0       0
  120000000             130000000             130000000             2.7867321E-05         1.0000000E+30                 0       
 NEXT SEEDS:23256580       0       0       0       0       0   181CD    3039       0       0
  125000000             125000000             125000000             2.7865976E-05         1.0000000E+30                 0       
 NEXT SEEDS:249C33BD       0       0       0       0       0   181CD    3039       0       0
  130000000             120000000             120000000             2.7865213E-05         1.0000000E+30                 0       
 NEXT SEEDS:26134A3E       0       0       0       0       0   181CD    3039       0       0
  135000000             115000000             115000000             2.7864630E-05         1.0000000E+30                 0       
 NEXT SEEDS:278A52A3       0       0       0       0       0   181CD    3039       0       0
  140000000             110000000             110000000             2.7866221E-05         1.0000000E+30                 0       
 NEXT SEEDS:2901860B       0       0       0       0       0   181CD    3039       0       0
  145000000             105000000             105000000             2.7865700E-05         1.0000000E+30                 0       
 NEXT SEEDS:2A784054       0       0       0       0       0   181CD    3039       0       0
  150000000             100000000             100000000             2.7864778E-05         1.0000000E+30                 0       
 NEXT SEEDS:2BEF767C       0       0       0       0       0   181CD    3039       0       0
  155000000              95000000              95000000             2.7864251E-05         1.0000000E+30                 0       
 NEXT SEEDS:2D664FA3       0       0       0       0       0   181CD    3039       0       0
  160000000              90000000              90000000             2.7864782E-05         1.0000000E+30                 0       
 NEXT SEEDS:2EDD1FF5       0       0       0       0       0   181CD    3039       0       0
  *** Emfgeo: Ncoun  2000000000
  165000000              85000000              85000000             2.7862532E-05         1.0000000E+30                 0       
 NEXT SEEDS:3053E16D       0       0       0       0       0   181CD    3039       0       0
  170000000              80000000              80000000             2.7861784E-05         1.0000000E+30                 0       
 NEXT SEEDS:31CAB5C3       0       0       0       0       0   181CD    3039       0       0
  175000000              75000000              75000000             2.7860089E-05         1.0000000E+30                 0       
 NEXT SEEDS:334177AF       0       0       0       0       0   181CD    3039       0       0
  180000000              70000000              70000000             2.7859765E-05         1.0000000E+30                 0       
 NEXT SEEDS:34B895BD       0       0       0       0       0   181CD    3039       0       0
  185000000              65000000              65000000             2.7858860E-05         1.0000000E+30                 0       
 NEXT SEEDS:362F39FB       0       0       0       0       0   181CD    3039       0       0
  190000000              60000000              60000000             2.7858452E-05         1.0000000E+30                 0       
 NEXT SEEDS:37A5F625       0       0       0       0       0   181CD    3039       0       0
  195000000              55000000              55000000             2.7859472E-05         1.0000000E+30                 0       
 NEXT SEEDS:391D1734       0       0       0       0       0   181CD    3039       0       0
  200000000              50000000              50000000             2.7859609E-05         1.0000000E+30                 0       
 NEXT SEEDS:3A93E0B1       0       0       0       0       0   181CD    3039       0       0
  205000000              45000000              45000000             2.7858350E-05         1.0000000E+30                 0       
 NEXT SEEDS:  700DF5       1       0       0       0       0   181CD    3039       0       0
  210000000              40000000              40000000             2.7856589E-05         1.0000000E+30                 0       
 NEXT SEEDS: 1E6BF2C       1       0       0       0       0   181CD    3039       0       0
  215000000              35000000              35000000             2.7855486E-05         1.0000000E+30                 0       
 NEXT SEEDS: 35D8E54       1       0       0       0       0   181CD    3039       0       0
  220000000              30000000              30000000             2.7855424E-05         1.0000000E+30                 0       
 NEXT SEEDS: 4D4B71C       1       0       0       0       0   181CD    3039       0       0
  225000000              25000000              25000000             2.7855262E-05         1.0000000E+30                 0       
 NEXT SEEDS: 64B9A46       1       0       0       0       0   181CD    3039       0       0
  230000000              20000000              20000000             2.7854787E-05         1.0000000E+30                 0       
 NEXT SEEDS: 7C23C9C       1       0       0       0       0   181CD    3039       0       0
  235000000              15000000              15000000             2.7855290E-05         1.0000000E+30                 0       
 NEXT SEEDS: 939351F       1       0       0       0       0   181CD    3039       0       0
  240000000              10000000              10000000             2.7855651E-05         1.0000000E+30                 0       
 NEXT SEEDS: AB010F4       1       0       0       0       0   181CD    3039       0       0
  *** Emfgeo: Ncoun  2000000000
  245000000               5000000               5000000             2.7855042E-05         1.0000000E+30                 0       
 NEXT SEEDS: C26E7EE       1       0       0       0       0   181CD    3039       0       0
  249999950                    50                    50             2.7855620E-05         1.0000000E+30                 0       
 NEXT SEEDS: D9DE123       1       0       0       0       0   181CD    3039       0       0
  249999951                    49                    49             2.7855622E-05         1.0000000E+30                 0       
 NEXT SEEDS: D9DE127       1       0       0       0       0   181CD    3039       0       0
  249999952                    48                    48             2.7855622E-05         1.0000000E+30                 0       
 NEXT SEEDS: D9DE12B       1       0       0       0       0   181CD    3039       0       0
  249999953                    47                    47             2.7855622E-05         1.0000000E+30                 0       
 NEXT SEEDS: D9DE12F       1       0       0       0       0   181CD    3039       0       0
  249999954                    46                    46             2.7855624E-05         1.0000000E+30                 0       
 NEXT SEEDS: D9DE133       1       0       0       0       0   181CD    3039       0       0
  249999955                    45                    45             2.7855624E-05         1.0000000E+30                 0       
 NEXT SEEDS: D9DE137       1       0       0       0       0   181CD    3039       0       0
  249999956                    44                    44             2.7855624E-05         1.0000000E+30                 0       
 NEXT SEEDS: D9DE13B       1       0       0       0       0   181CD    3039       0       0
  249999957                    43                    43             2.7855625E-05         1.0000000E+30                 0       
 NEXT SEEDS: D9DE141       1       0       0       0       0   181CD    3039       0       0
  249999958                    42                    42             2.7855625E-05         1.0000000E+30                 0       
 NEXT SEEDS: D9DE145       1       0       0       0       0   181CD    3039       0       0
  249999959                    41                    41             2.7855627E-05         1.0000000E+30                 0       
 NEXT SEEDS: D9DE149       1       0       0       0       0   181CD    3039       0       0
  249999960                    40                    40             2.7855627E-05         1.0000000E+30                 0       
 NEXT SEEDS: D9DE14D       1       0       0       0       0   181CD    3039       0       0
  249999961                    39                    39             2.7855627E-05         1.0000000E+30                 0       
 NEXT SEEDS: D9DE151       1       0       0       0       0   181CD    3039       0       0
  249999962                    38                    38             2.7855629E-05         1.0000000E+30                 0       
 NEXT SEEDS: D9DE155       1       0       0       0       0   181CD    3039       0       0
  249999963                    37                    37             2.7855629E-05         1.0000000E+30                 0       
 NEXT SEEDS: D9DE159       1       0       0       0       0   181CD    3039       0       0
  249999964                    36                    36             2.7855629E-05         1.0000000E+30                 0       
 NEXT SEEDS: D9DE15D       1       0       0       0       0   181CD    3039       0       0
  249999965                    35                    35             2.7855630E-05         1.0000000E+30                 0       
 NEXT SEEDS: D9DE161       1       0       0       0       0   181CD    3039       0       0
  249999966                    34                    34             2.7855630E-05         1.0000000E+30                 0       
 NEXT SEEDS: D9DE165       1       0       0       0       0   181CD    3039       0       0
  249999967                    33                    33             2.7855630E-05         1.0000000E+30                 0       
 NEXT SEEDS: D9DE169       1       0       0       0       0   181CD    3039       0       0
  249999968                    32                    32             2.7855630E-05         1.0000000E+30                 0       
 NEXT SEEDS: D9DE16D       1       0       0       0       0   181CD    3039       0       0
  249999969                    31                    31             2.7855630E-05         1.0000000E+30                 0       
 NEXT SEEDS: D9DE171       1       0       0       0       0   181CD    3039       0       0
  249999970                    30                    30             2.7855630E-05         1.0000000E+30                 0       
 NEXT SEEDS: D9DE175       1       0       0       0       0   181CD    3039       0       0
  249999971                    29                    29             2.7855630E-05         1.0000000E+30                 0       
 NEXT SEEDS: D9DE179       1       0       0       0       0   181CD    3039       0       0
  249999972                    28                    28             2.7855630E-05         1.0000000E+30                 0       
 NEXT SEEDS: D9DE17D       1       0       0       0       0   181CD    3039       0       0
  249999973                    27                    27             2.7855631E-05         1.0000000E+30                 0       
 NEXT SEEDS: D9DE181       1       0       0       0       0   181CD    3039       0       0
  249999974                    26                    26             2.7855631E-05         1.0000000E+30                 0       
 NEXT SEEDS: D9DE194       1       0       0       0       0   181CD    3039       0       0
  249999975                    25                    25             2.7855633E-05         1.0000000E+30                 0       
 NEXT SEEDS: D9DE198       1       0       0       0       0   181CD    3039       0       0
  249999976                    24                    24             2.7855635E-05         1.0000000E+30                 0       
 NEXT SEEDS: D9DE1A4       1       0       0       0       0   181CD    3039       0       0
  249999977                    23                    23             2.7855635E-05         1.0000000E+30                 0       
 NEXT SEEDS: D9DE1A8       1       0       0       0       0   181CD    3039       0       0
  249999978                    22                    22             2.7855635E-05         1.0000000E+30                 0       
 NEXT SEEDS: D9DE1AC       1       0       0       0       0   181CD    3039       0       0
  249999979                    21                    21             2.7855635E-05         1.0000000E+30                 0       
 NEXT SEEDS: D9DE1B0       1       0       0       0       0   181CD    3039       0       0
  249999980                    20                    20             2.7855635E-05         1.0000000E+30                 0       
 NEXT SEEDS: D9DE1B4       1       0       0       0       0   181CD    3039       0       0
  249999981                    19                    19             2.7855635E-05         1.0000000E+30                 0       
 NEXT SEEDS: D9DE1BA       1       0       0       0       0   181CD    3039       0       0
  249999982                    18                    18             2.7855636E-05         1.0000000E+30                 0       
 NEXT SEEDS: D9DE1C0       1       0       0       0       0   181CD    3039       0       0
  249999983                    17                    17             2.7855636E-05         1.0000000E+30                 0       
 NEXT SEEDS: D9DE1C4       1       0       0       0       0   181CD    3039       0       0
  249999984                    16                    16             2.7855636E-05         1.0000000E+30                 0       
 NEXT SEEDS: D9DE1C8       1       0       0       0       0   181CD    3039       0       0
  249999985                    15                    15             2.7855636E-05         1.0000000E+30                 0       
 NEXT SEEDS: D9DE1CC       1       0       0       0       0   181CD    3039       0       0
  249999986                    14                    14             2.7855636E-05         1.0000000E+30                 0       
 NEXT SEEDS: D9DE1D0       1       0       0       0       0   181CD    3039       0       0
  249999987                    13                    13             2.7855636E-05         1.0000000E+30                 0       
 NEXT SEEDS: D9DE1D4       1       0       0       0       0   181CD    3039       0       0
  249999988                    12                    12             2.7855636E-05         1.0000000E+30                 0       
 NEXT SEEDS: D9DE1D8       1       0       0       0       0   181CD    3039       0       0
  249999989                    11                    11             2.7855636E-05         1.0000000E+30                 0       
 NEXT SEEDS: D9DE1DC       1       0       0       0       0   181CD    3039       0       0
  249999990                    10                    10             2.7855635E-05         1.0000000E+30                 0       
 NEXT SEEDS: D9DE1E0       1       0       0       0       0   181CD    3039       0       0
  249999991                     9                     9             2.7855635E-05         1.0000000E+30                 0       
 NEXT SEEDS: D9DE1E4       1       0       0       0       0   181CD    3039       0       0
  249999992                     8                     8             2.7855635E-05         1.0000000E+30                 0       
 NEXT SEEDS: D9DE1E8       1       0       0       0       0   181CD    3039       0       0
  249999993                     7                     7             2.7855635E-05         1.0000000E+30                 0       
 NEXT SEEDS: D9DE1EC       1       0       0       0       0   181CD    3039       0       0
  249999994                     6                     6             2.7855635E-05         1.0000000E+30                 0       
 NEXT SEEDS: D9DE1F0       1       0       0       0       0   181CD    3039       0       0
  249999995                     5                     5             2.7855635E-05         1.0000000E+30                 0       
 NEXT SEEDS: D9DE204       1       0       0       0       0   181CD    3039       0       0
  249999996                     4                     4             2.7855635E-05         1.0000000E+30                 0       
 NEXT SEEDS: D9DE208       1       0       0       0       0   181CD    3039       0       0
  249999997                     3                     3             2.7855635E-05         1.0000000E+30                 0       
 NEXT SEEDS: D9DE20E       1       0       0       0       0   181CD    3039       0       0
  249999998                     2                     2             2.7855635E-05         1.0000000E+30                 0       
 NEXT SEEDS: D9DE212       1       0       0       0       0   181CD    3039       0       0
  249999999                     1                     1             2.7855634E-05         1.0000000E+30                 0       
 NEXT SEEDS: D9DE216       1       0       0       0       0   181CD    3039       0       0
  250000000                     0                     1             2.7855634E-05         1.0000000E+30                 0       
 NEXT SEEDS: D9DE21A       1       0       0       0       0   181CD    3039       0       0
