1NUMBER OF BEAM       NUMBER OF BEAM        APPROXIMATE NUMBER    AVERAGE TIME USED     TIME LEFT (RESERVED   NUMBER OF STARS
 PARTICLES HANDLED    PARTICLES LEFT        OF BEAM PARTICLES     BY A BEAM PARTICLE     10000.0 SECONDS      CREATED
                                            THAT CAN STILL BE                           FOR PRINTOUT)
                                            HANDLED

 NEXT SEEDS:       0       0       0       0       0       0   181CD    3039       0       0
          1             249999999             249999999             0.0000000E+00         1.0000000E+30                 0       
 NEXT SEEDS:       4       0       0       0       0       0   181CD    3039       0       0
    5000000             245000000             245000000             2.8010156E-05         1.0000000E+30                 0       
 NEXT SEEDS: 1770651       0       0       0       0       0   181CD    3039       0       0
   10000000             240000000             240000000             2.8029727E-05         1.0000000E+30                 0       
 NEXT SEEDS: 2EE43F5       0       0       0       0       0   181CD    3039       0       0
   15000000             235000000             235000000             2.8029344E-05         1.0000000E+30                 0       
 NEXT SEEDS: 465562C       0       0       0       0       0   181CD    3039       0       0
   20000000             230000000             230000000             2.8007990E-05         1.0000000E+30                 0       
 NEXT SEEDS: 5DC2122       0       0       0       0       0   181CD    3039       0       0
   25000000             225000000             225000000             2.8016792E-05         1.0000000E+30                 0       
 NEXT SEEDS: 7535C33       0       0       0       0       0   181CD    3039       0       0
   30000000             220000000             220000000             2.8067784E-05         1.0000000E+30                 0       
 NEXT SEEDS: 8CAAEE7       0       0       0       0       0   181CD    3039       0       0
   35000000             215000000             215000000             2.8069029E-05         1.0000000E+30                 0       
 NEXT SEEDS: A41E3FE       0       0       0       0       0   181CD    3039       0       0
   40000000             210000000             210000000             2.8064529E-05         1.0000000E+30                 0       
 NEXT SEEDS: BB8E2F6       0       0       0       0       0   181CD    3039       0       0
   45000000             205000000             205000000             2.8055113E-05         1.0000000E+30                 0       
 NEXT SEEDS: D300AAB       0       0       0       0       0   181CD    3039       0       0
   50000000             200000000             200000000             2.8052078E-05         1.0000000E+30                 0       
 NEXT SEEDS: EA735B4       0       0       0       0       0   181CD    3039       0       0
   55000000             195000000             195000000             2.8044451E-05         1.0000000E+30                 0       
 NEXT SEEDS:101E2C7F       0       0       0       0       0   181CD    3039       0       0
   60000000             190000000             190000000             2.8054236E-05         1.0000000E+30                 0       
 NEXT SEEDS:11954D74       0       0       0       0       0   181CD    3039       0       0
   65000000             185000000             185000000             2.8045863E-05         1.0000000E+30                 0       
 NEXT SEEDS:130C2AA4       0       0       0       0       0   181CD    3039       0       0
   70000000             180000000             180000000             2.8037582E-05         1.0000000E+30                 0       
 NEXT SEEDS:14830D29       0       0       0       0       0   181CD    3039       0       0
   75000000             175000000             175000000             2.8039954E-05         1.0000000E+30                 0       
 NEXT SEEDS:15FA532A       0       0       0       0       0   181CD    3039       0       0
   80000000             170000000             170000000             2.8040787E-05         1.0000000E+30                 0       
 NEXT SEEDS:17716EA2       0       0       0       0       0   181CD    3039       0       0
  *** Emfgeo: Ncoun  2000000000
   85000000             165000000             165000000             2.8040909E-05         1.0000000E+30                 0       
 NEXT SEEDS:18E8C9BF       0       0       0       0       0   181CD    3039       0       0
   90000000             160000000             160000000             2.8042133E-05         1.0000000E+30                 0       
 NEXT SEEDS:1A6012B3       0       0       0       0       0   181CD    3039       0       0
   95000000             155000000             155000000             2.8045873E-05         1.0000000E+30                 0       
 NEXT SEEDS:1BD6E3F9       0       0       0       0       0   181CD    3039       0       0
  100000000             150000000             150000000             2.8049006E-05         1.0000000E+30                 0       
 NEXT SEEDS:1D4DFB2D       0       0       0       0       0   181CD    3039       0       0
  105000000             145000000             145000000             2.8048098E-05         1.0000000E+30                 0       
 NEXT SEEDS:1EC4E81B       0       0       0       0       0   181CD    3039       0       0
  110000000             140000000             140000000             2.8044718E-05         1.0000000E+30                 0       
 NEXT SEEDS:203C1308       0       0       0       0       0   181CD    3039       0       0
  115000000             135000000             135000000             2.8045145E-05         1.0000000E+30                 0       
 NEXT SEEDS:21B3242E       0       0       0       0       0   181CD    3039       0       0
  120000000             130000000             130000000             2.8042167E-05         1.0000000E+30                 0       
 NEXT SEEDS:232A0720       0       0       0       0       0   181CD    3039       0       0
  125000000             125000000             125000000             2.8041697E-05         1.0000000E+30                 0       
 NEXT SEEDS:24A0E1BD       0       0       0       0       0   181CD    3039       0       0
  130000000             120000000             120000000             2.8040024E-05         1.0000000E+30                 0       
 NEXT SEEDS:2617D5AD       0       0       0       0       0   181CD    3039       0       0
  135000000             115000000             115000000             2.8037457E-05         1.0000000E+30                 0       
 NEXT SEEDS:278EC78F       0       0       0       0       0   181CD    3039       0       0
  140000000             110000000             110000000             2.8036346E-05         1.0000000E+30                 0       
 NEXT SEEDS:29062B7B       0       0       0       0       0   181CD    3039       0       0
  145000000             105000000             105000000             2.8034136E-05         1.0000000E+30                 0       
 NEXT SEEDS:2A7D3D7C       0       0       0       0       0   181CD    3039       0       0
  150000000             100000000             100000000             2.8032316E-05         1.0000000E+30                 0       
 NEXT SEEDS:2BF46AC7       0       0       0       0       0   181CD    3039       0       0
  155000000              95000000              95000000             2.8031176E-05         1.0000000E+30                 0       
 NEXT SEEDS:2D6B8375       0       0       0       0       0   181CD    3039       0       0
  160000000              90000000              90000000             2.8030742E-05         1.0000000E+30                 0       
 NEXT SEEDS:2EE2B1D4       0       0       0       0       0   181CD    3039       0       0
  *** Emfgeo: Ncoun  2000000000
  165000000              85000000              85000000             2.8030583E-05         1.0000000E+30                 0       
 NEXT SEEDS:3059C3DA       0       0       0       0       0   181CD    3039       0       0
  170000000              80000000              80000000             2.8026426E-05         1.0000000E+30                 0       
 NEXT SEEDS:31D0AFFF       0       0       0       0       0   181CD    3039       0       0
  175000000              75000000              75000000             2.8029622E-05         1.0000000E+30                 0       
 NEXT SEEDS:3347B84A       0       0       0       0       0   181CD    3039       0       0
  180000000              70000000              70000000             2.8028761E-05         1.0000000E+30                 0       
 NEXT SEEDS:34BF026C       0       0       0       0       0   181CD    3039       0       0
  185000000              65000000              65000000             2.8027876E-05         1.0000000E+30                 0       
 NEXT SEEDS:36361699       0       0       0       0       0   181CD    3039       0       0
  190000000              60000000              60000000             2.8028424E-05         1.0000000E+30                 0       
 NEXT SEEDS:37AD253E       0       0       0       0       0   181CD    3039       0       0
  195000000              55000000              55000000             2.8029796E-05         1.0000000E+30                 0       
 NEXT SEEDS:39243282       0       0       0       0       0   181CD    3039       0       0
  200000000              50000000              50000000             2.8029054E-05         1.0000000E+30                 0       
 NEXT SEEDS:3A9B42CE       0       0       0       0       0   181CD    3039       0       0
  205000000              45000000              45000000             2.8028019E-05         1.0000000E+30                 0       
 NEXT SEEDS:  778D4D       1       0       0       0       0   181CD    3039       0       0
  210000000              40000000              40000000             2.8027624E-05         1.0000000E+30                 0       
 NEXT SEEDS: 1EE98E5       1       0       0       0       0   181CD    3039       0       0
  215000000              35000000              35000000             2.8027022E-05         1.0000000E+30                 0       
 NEXT SEEDS: 365B320       1       0       0       0       0   181CD    3039       0       0
  220000000              30000000              30000000             2.8026797E-05         1.0000000E+30                 0       
 NEXT SEEDS: 4DCAD2D       1       0       0       0       0   181CD    3039       0       0
  225000000              25000000              25000000             2.8025112E-05         1.0000000E+30                 0       
 NEXT SEEDS: 6539D7E       1       0       0       0       0   181CD    3039       0       0
  230000000              20000000              20000000             2.8022972E-05         1.0000000E+30                 0       
 NEXT SEEDS: 7CA604B       1       0       0       0       0   181CD    3039       0       0
  235000000              15000000              15000000             2.8023210E-05         1.0000000E+30                 0       
 NEXT SEEDS: 9418B30       1       0       0       0       0   181CD    3039       0       0
  240000000              10000000              10000000             2.8023054E-05         1.0000000E+30                 0       
 NEXT SEEDS: AB8BE5A       1       0       0       0       0   181CD    3039       0       0
  *** Emfgeo: Ncoun  2000000000
  245000000               5000000               5000000             2.8022135E-05         1.0000000E+30                 0       
 NEXT SEEDS: C2F8309       1       0       0       0       0   181CD    3039       0       0
  249999950                    50                    50             2.8022089E-05         1.0000000E+30                 0       
 NEXT SEEDS: DA6C119       1       0       0       0       0   181CD    3039       0       0
  249999951                    49                    49             2.8022089E-05         1.0000000E+30                 0       
 NEXT SEEDS: DA6C11D       1       0       0       0       0   181CD    3039       0       0
  249999952                    48                    48             2.8022088E-05         1.0000000E+30                 0       
 NEXT SEEDS: DA6C121       1       0       0       0       0   181CD    3039       0       0
  249999953                    47                    47             2.8022088E-05         1.0000000E+30                 0       
 NEXT SEEDS: DA6C127       1       0       0       0       0   181CD    3039       0       0
  249999954                    46                    46             2.8022088E-05         1.0000000E+30                 0       
 NEXT SEEDS: DA6C12B       1       0       0       0       0   181CD    3039       0       0
  249999955                    45                    45             2.8022088E-05         1.0000000E+30                 0       
 NEXT SEEDS: DA6C12F       1       0       0       0       0   181CD    3039       0       0
  249999956                    44                    44             2.8022090E-05         1.0000000E+30                 0       
 NEXT SEEDS: DA6C135       1       0       0       0       0   181CD    3039       0       0
  249999957                    43                    43             2.8022090E-05         1.0000000E+30                 0       
 NEXT SEEDS: DA6C139       1       0       0       0       0   181CD    3039       0       0
  249999958                    42                    42             2.8022090E-05         1.0000000E+30                 0       
 NEXT SEEDS: DA6C13D       1       0       0       0       0   181CD    3039       0       0
  249999959                    41                    41             2.8022092E-05         1.0000000E+30                 0       
 NEXT SEEDS: DA6C141       1       0       0       0       0   181CD    3039       0       0
  249999960                    40                    40             2.8022091E-05         1.0000000E+30                 0       
 NEXT SEEDS: DA6C145       1       0       0       0       0   181CD    3039       0       0
  249999961                    39                    39             2.8022091E-05         1.0000000E+30                 0       
 NEXT SEEDS: DA6C149       1       0       0       0       0   181CD    3039       0       0
  249999962                    38                    38             2.8022093E-05         1.0000000E+30                 0       
 NEXT SEEDS: DA6C14D       1       0       0       0       0   181CD    3039       0       0
  249999963                    37                    37             2.8022093E-05         1.0000000E+30                 0       
 NEXT SEEDS: DA6C151       1       0       0       0       0   181CD    3039       0       0
  249999964                    36                    36             2.8022093E-05         1.0000000E+30                 0       
 NEXT SEEDS: DA6C155       1       0       0       0       0   181CD    3039       0       0
  249999965                    35                    35             2.8022093E-05         1.0000000E+30                 0       
 NEXT SEEDS: DA6C17A       1       0       0       0       0   181CD    3039       0       0
  249999966                    34                    34             2.8022093E-05         1.0000000E+30                 0       
 NEXT SEEDS: DA6C17E       1       0       0       0       0   181CD    3039       0       0
  249999967                    33                    33             2.8022093E-05         1.0000000E+30                 0       
 NEXT SEEDS: DA6C182       1       0       0       0       0   181CD    3039       0       0
  249999968                    32                    32             2.8022092E-05         1.0000000E+30                 0       
 NEXT SEEDS: DA6C186       1       0       0       0       0   181CD    3039       0       0
  249999969                    31                    31             2.8022094E-05         1.0000000E+30                 0       
 NEXT SEEDS: DA6C18A       1       0       0       0       0   181CD    3039       0       0
  249999970                    30                    30             2.8022094E-05         1.0000000E+30                 0       
 NEXT SEEDS: DA6C18E       1       0       0       0       0   181CD    3039       0       0
  249999971                    29                    29             2.8022096E-05         1.0000000E+30                 0       
 NEXT SEEDS: DA6C194       1       0       0       0       0   181CD    3039       0       0
  249999972                    28                    28             2.8022096E-05         1.0000000E+30                 0       
 NEXT SEEDS: DA6C198       1       0       0       0       0   181CD    3039       0       0
  249999973                    27                    27             2.8022096E-05         1.0000000E+30                 0       
 NEXT SEEDS: DA6C19C       1       0       0       0       0   181CD    3039       0       0
  249999974                    26                    26             2.8022098E-05         1.0000000E+30                 0       
 NEXT SEEDS: DA6C1A0       1       0       0       0       0   181CD    3039       0       0
  249999975                    25                    25             2.8022098E-05         1.0000000E+30                 0       
 NEXT SEEDS: DA6C1A4       1       0       0       0       0   181CD    3039       0       0
  249999976                    24                    24             2.8022097E-05         1.0000000E+30                 0       
 NEXT SEEDS: DA6C1A8       1       0       0       0       0   181CD    3039       0       0
  249999977                    23                    23             2.8022099E-05         1.0000000E+30                 0       
 NEXT SEEDS: DA6C1C4       1       0       0       0       0   181CD    3039       0       0
  249999978                    22                    22             2.8022101E-05         1.0000000E+30                 0       
 NEXT SEEDS: DA6C1C8       1       0       0       0       0   181CD    3039       0       0
  249999979                    21                    21             2.8022101E-05         1.0000000E+30                 0       
 NEXT SEEDS: DA6C1CC       1       0       0       0       0   181CD    3039       0       0
  249999980                    20                    20             2.8022103E-05         1.0000000E+30                 0       
 NEXT SEEDS: DA6C1D0       1       0       0       0       0   181CD    3039       0       0
  249999981                    19                    19             2.8022103E-05         1.0000000E+30                 0       
 NEXT SEEDS: DA6C1D4       1       0       0       0       0   181CD    3039       0       0
  249999982                    18                    18             2.8022105E-05         1.0000000E+30                 0       
 NEXT SEEDS: DA6C1D8       1       0       0       0       0   181CD    3039       0       0
  249999983                    17                    17             2.8022104E-05         1.0000000E+30                 0       
 NEXT SEEDS: DA6C1DC       1       0       0       0       0   181CD    3039       0       0
  249999984                    16                    16             2.8022104E-05         1.0000000E+30                 0       
 NEXT SEEDS: DA6C1E0       1       0       0       0       0   181CD    3039       0       0
  249999985                    15                    15             2.8022106E-05         1.0000000E+30                 0       
 NEXT SEEDS: DA6C1E4       1       0       0       0       0   181CD    3039       0       0
  249999986                    14                    14             2.8022108E-05         1.0000000E+30                 0       
 NEXT SEEDS: DA6C1E8       1       0       0       0       0   181CD    3039       0       0
  249999987                    13                    13             2.8022108E-05         1.0000000E+30                 0       
 NEXT SEEDS: DA6C1EC       1       0       0       0       0   181CD    3039       0       0
  249999988                    12                    12             2.8022108E-05         1.0000000E+30                 0       
 NEXT SEEDS: DA6C1F0       1       0       0       0       0   181CD    3039       0       0
  249999989                    11                    11             2.8022110E-05         1.0000000E+30                 0       
 NEXT SEEDS: DA6C1F6       1       0       0       0       0   181CD    3039       0       0
  249999990                    10                    10             2.8022110E-05         1.0000000E+30                 0       
 NEXT SEEDS: DA6C1FA       1       0       0       0       0   181CD    3039       0       0
  249999991                     9                     9             2.8022109E-05         1.0000000E+30                 0       
 NEXT SEEDS: DA6C1FE       1       0       0       0       0   181CD    3039       0       0
  249999992                     8                     8             2.8022111E-05         1.0000000E+30                 0       
 NEXT SEEDS: DA6C202       1       0       0       0       0   181CD    3039       0       0
  249999993                     7                     7             2.8022111E-05         1.0000000E+30                 0       
 NEXT SEEDS: DA6C206       1       0       0       0       0   181CD    3039       0       0
  249999994                     6                     6             2.8022113E-05         1.0000000E+30                 0       
 NEXT SEEDS: DA6C20A       1       0       0       0       0   181CD    3039       0       0
  249999995                     5                     5             2.8022113E-05         1.0000000E+30                 0       
 NEXT SEEDS: DA6C20E       1       0       0       0       0   181CD    3039       0       0
  249999996                     4                     4             2.8022113E-05         1.0000000E+30                 0       
 NEXT SEEDS: DA6C212       1       0       0       0       0   181CD    3039       0       0
  249999997                     3                     3             2.8022115E-05         1.0000000E+30                 0       
 NEXT SEEDS: DA6C216       1       0       0       0       0   181CD    3039       0       0
  249999998                     2                     2             2.8022114E-05         1.0000000E+30                 0       
 NEXT SEEDS: DA6C21A       1       0       0       0       0   181CD    3039       0       0
  249999999                     1                     1             2.8022114E-05         1.0000000E+30                 0       
 NEXT SEEDS: DA6C21E       1       0       0       0       0   181CD    3039       0       0
  250000000                     0                     1             2.8022114E-05         1.0000000E+30                 0       
 NEXT SEEDS: DA6C222       1       0       0       0       0   181CD    3039       0       0
