1NUMBER OF BEAM       NUMBER OF BEAM        APPROXIMATE NUMBER    AVERAGE TIME USED     TIME LEFT (RESERVED   NUMBER OF STARS
 PARTICLES HANDLED    PARTICLES LEFT        OF BEAM PARTICLES     BY A BEAM PARTICLE     10000.0 SECONDS      CREATED
                                            THAT CAN STILL BE                           FOR PRINTOUT)
                                            HANDLED

 NEXT SEEDS:       0       0       0       0       0       0   181CD    3039       0       0
          1             249999999             249999999             0.0000000E+00         1.0000000E+30                 0       
 NEXT SEEDS:       4       0       0       0       0       0   181CD    3039       0       0
    5000000             245000000             245000000             2.7894149E-05         1.0000000E+30                 0       
 NEXT SEEDS: 1771BED       0       0       0       0       0   181CD    3039       0       0
   10000000             240000000             240000000             2.7905276E-05         1.0000000E+30                 0       
 NEXT SEEDS: 2EE3174       0       0       0       0       0   181CD    3039       0       0
   15000000             235000000             235000000             2.7934871E-05         1.0000000E+30                 0       
 NEXT SEEDS: 4659D4A       0       0       0       0       0   181CD    3039       0       0
   20000000             230000000             230000000             2.7920968E-05         1.0000000E+30                 0       
 NEXT SEEDS: 5DC88F9       0       0       0       0       0   181CD    3039       0       0
   25000000             225000000             225000000             2.7910371E-05         1.0000000E+30                 0       
 NEXT SEEDS: 7536822       0       0       0       0       0   181CD    3039       0       0
   30000000             220000000             220000000             2.7906569E-05         1.0000000E+30                 0       
 NEXT SEEDS: 8CA8233       0       0       0       0       0   181CD    3039       0       0
   35000000             215000000             215000000             2.7907178E-05         1.0000000E+30                 0       
 NEXT SEEDS: A4177A5       0       0       0       0       0   181CD    3039       0       0
   40000000             210000000             210000000             2.7904568E-05         1.0000000E+30                 0       
 NEXT SEEDS: BB8CA77       0       0       0       0       0   181CD    3039       0       0
   45000000             205000000             205000000             2.7904164E-05         1.0000000E+30                 0       
 NEXT SEEDS: D300A89       0       0       0       0       0   181CD    3039       0       0
   50000000             200000000             200000000             2.7912422E-05         1.0000000E+30                 0       
 NEXT SEEDS: EA73E4F       0       0       0       0       0   181CD    3039       0       0
   55000000             195000000             195000000             2.7913290E-05         1.0000000E+30                 0       
 NEXT SEEDS:101E7748       0       0       0       0       0   181CD    3039       0       0
   60000000             190000000             190000000             2.7907399E-05         1.0000000E+30                 0       
 NEXT SEEDS:119576C2       0       0       0       0       0   181CD    3039       0       0
   65000000             185000000             185000000             2.7911309E-05         1.0000000E+30                 0       
 NEXT SEEDS:130CD5E9       0       0       0       0       0   181CD    3039       0       0
   70000000             180000000             180000000             2.7910283E-05         1.0000000E+30                 0       
 NEXT SEEDS:1483E737       0       0       0       0       0   181CD    3039       0       0
   75000000             175000000             175000000             2.7910529E-05         1.0000000E+30                 0       
 NEXT SEEDS:15FAD8C7       0       0       0       0       0   181CD    3039       0       0
   80000000             170000000             170000000             2.7907698E-05         1.0000000E+30                 0       
 NEXT SEEDS:1771CB18       0       0       0       0       0   181CD    3039       0       0
  *** Emfgeo: Ncoun  2000000000
   85000000             165000000             165000000             2.7908759E-05         1.0000000E+30                 0       
 NEXT SEEDS:18E903F3       0       0       0       0       0   181CD    3039       0       0
   90000000             160000000             160000000             2.7910035E-05         1.0000000E+30                 0       
 NEXT SEEDS:1A601E8C       0       0       0       0       0   181CD    3039       0       0
   95000000             155000000             155000000             2.7913604E-05         1.0000000E+30                 0       
 NEXT SEEDS:1BD7482A       0       0       0       0       0   181CD    3039       0       0
  100000000             150000000             150000000             2.7913424E-05         1.0000000E+30                 0       
 NEXT SEEDS:1D4E8A18       0       0       0       0       0   181CD    3039       0       0
  105000000             145000000             145000000             2.7916189E-05         1.0000000E+30                 0       
 NEXT SEEDS:1EC5AC14       0       0       0       0       0   181CD    3039       0       0
  110000000             140000000             140000000             2.7913859E-05         1.0000000E+30                 0       
 NEXT SEEDS:203CB4C6       0       0       0       0       0   181CD    3039       0       0
  115000000             135000000             135000000             2.7914482E-05         1.0000000E+30                 0       
 NEXT SEEDS:21B3E354       0       0       0       0       0   181CD    3039       0       0
  120000000             130000000             130000000             2.7914192E-05         1.0000000E+30                 0       
 NEXT SEEDS:232ADE99       0       0       0       0       0   181CD    3039       0       0
  125000000             125000000             125000000             2.7909847E-05         1.0000000E+30                 0       
 NEXT SEEDS:24A1D4E1       0       0       0       0       0   181CD    3039       0       0
  130000000             120000000             120000000             2.7909571E-05         1.0000000E+30                 0       
 NEXT SEEDS:2618E997       0       0       0       0       0   181CD    3039       0       0
  135000000             115000000             115000000             2.7907253E-05         1.0000000E+30                 0       
 NEXT SEEDS:278FDBFE       0       0       0       0       0   181CD    3039       0       0
  140000000             110000000             110000000             2.7906364E-05         1.0000000E+30                 0       
 NEXT SEEDS:2906B1A2       0       0       0       0       0   181CD    3039       0       0
  145000000             105000000             105000000             2.7905352E-05         1.0000000E+30                 0       
 NEXT SEEDS:2A7DB352       0       0       0       0       0   181CD    3039       0       0
  150000000             100000000             100000000             2.7904667E-05         1.0000000E+30                 0       
 NEXT SEEDS:2BF4D42F       0       0       0       0       0   181CD    3039       0       0
  155000000              95000000              95000000             2.7903893E-05         1.0000000E+30                 0       
 NEXT SEEDS:2D6BFE68       0       0       0       0       0   181CD    3039       0       0
  160000000              90000000              90000000             2.7902248E-05         1.0000000E+30                 0       
 NEXT SEEDS:2EE2C168       0       0       0       0       0   181CD    3039       0       0
  *** Emfgeo: Ncoun  2000000000
  165000000              85000000              85000000             2.7902435E-05         1.0000000E+30                 0       
 NEXT SEEDS:3059D0CA       0       0       0       0       0   181CD    3039       0       0
  170000000              80000000              80000000             2.7903518E-05         1.0000000E+30                 0       
 NEXT SEEDS:31D114CA       0       0       0       0       0   181CD    3039       0       0
  175000000              75000000              75000000             2.7904592E-05         1.0000000E+30                 0       
 NEXT SEEDS:33485FED       0       0       0       0       0   181CD    3039       0       0
  180000000              70000000              70000000             2.7904803E-05         1.0000000E+30                 0       
 NEXT SEEDS:34BF6DFA       0       0       0       0       0   181CD    3039       0       0
  185000000              65000000              65000000             2.7905088E-05         1.0000000E+30                 0       
 NEXT SEEDS:363697C0       0       0       0       0       0   181CD    3039       0       0
  190000000              60000000              60000000             2.7906067E-05         1.0000000E+30                 0       
 NEXT SEEDS:37ADE344       0       0       0       0       0   181CD    3039       0       0
  195000000              55000000              55000000             2.7907524E-05         1.0000000E+30                 0       
 NEXT SEEDS:39253EC6       0       0       0       0       0   181CD    3039       0       0
  200000000              50000000              50000000             2.7906052E-05         1.0000000E+30                 0       
 NEXT SEEDS:3A9C58CD       0       0       0       0       0   181CD    3039       0       0
  205000000              45000000              45000000             2.7905504E-05         1.0000000E+30                 0       
 NEXT SEEDS:  78B0E6       1       0       0       0       0   181CD    3039       0       0
  210000000              40000000              40000000             2.7906454E-05         1.0000000E+30                 0       
 NEXT SEEDS: 1EFEDD9       1       0       0       0       0   181CD    3039       0       0
  215000000              35000000              35000000             2.7907124E-05         1.0000000E+30                 0       
 NEXT SEEDS: 367193B       1       0       0       0       0   181CD    3039       0       0
  220000000              30000000              30000000             2.7909037E-05         1.0000000E+30                 0       
 NEXT SEEDS: 4DE777A       1       0       0       0       0   181CD    3039       0       0
  225000000              25000000              25000000             2.7909387E-05         1.0000000E+30                 0       
 NEXT SEEDS: 6559771       1       0       0       0       0   181CD    3039       0       0
  230000000              20000000              20000000             2.7909818E-05         1.0000000E+30                 0       
 NEXT SEEDS: 7CC8051       1       0       0       0       0   181CD    3039       0       0
  235000000              15000000              15000000             2.7911186E-05         1.0000000E+30                 0       
 NEXT SEEDS: 9436C4A       1       0       0       0       0   181CD    3039       0       0
  240000000              10000000              10000000             2.7911311E-05         1.0000000E+30                 0       
 NEXT SEEDS: ABA738D       1       0       0       0       0   181CD    3039       0       0
  *** Emfgeo: Ncoun  2000000000
  245000000               5000000               5000000             2.7911746E-05         1.0000000E+30                 0       
 NEXT SEEDS: C31A69B       1       0       0       0       0   181CD    3039       0       0
  249999950                    50                    50             2.7912542E-05         1.0000000E+30                 0       
 NEXT SEEDS: DA8FA94       1       0       0       0       0   181CD    3039       0       0
  249999951                    49                    49             2.7912544E-05         1.0000000E+30                 0       
 NEXT SEEDS: DA8FA98       1       0       0       0       0   181CD    3039       0       0
  249999952                    48                    48             2.7912544E-05         1.0000000E+30                 0       
 NEXT SEEDS: DA8FA9C       1       0       0       0       0   181CD    3039       0       0
  249999953                    47                    47             2.7912546E-05         1.0000000E+30                 0       
 NEXT SEEDS: DA8FAA0       1       0       0       0       0   181CD    3039       0       0
  249999954                    46                    46             2.7912546E-05         1.0000000E+30                 0       
 NEXT SEEDS: DA8FAA4       1       0       0       0       0   181CD    3039       0       0
  249999955                    45                    45             2.7912546E-05         1.0000000E+30                 0       
 NEXT SEEDS: DA8FAA8       1       0       0       0       0   181CD    3039       0       0
  249999956                    44                    44             2.7912547E-05         1.0000000E+30                 0       
 NEXT SEEDS: DA8FAAC       1       0       0       0       0   181CD    3039       0       0
  249999957                    43                    43             2.7912547E-05         1.0000000E+30                 0       
 NEXT SEEDS: DA8FAB0       1       0       0       0       0   181CD    3039       0       0
  249999958                    42                    42             2.7912547E-05         1.0000000E+30                 0       
 NEXT SEEDS: DA8FAB4       1       0       0       0       0   181CD    3039       0       0
  249999959                    41                    41             2.7912547E-05         1.0000000E+30                 0       
 NEXT SEEDS: DA8FAB8       1       0       0       0       0   181CD    3039       0       0
  249999960                    40                    40             2.7912547E-05         1.0000000E+30                 0       
 NEXT SEEDS: DA8FABC       1       0       0       0       0   181CD    3039       0       0
  249999961                    39                    39             2.7912547E-05         1.0000000E+30                 0       
 NEXT SEEDS: DA8FAD2       1       0       0       0       0   181CD    3039       0       0
  249999962                    38                    38             2.7912547E-05         1.0000000E+30                 0       
 NEXT SEEDS: DA8FAD6       1       0       0       0       0   181CD    3039       0       0
  249999963                    37                    37             2.7912547E-05         1.0000000E+30                 0       
 NEXT SEEDS: DA8FADA       1       0       0       0       0   181CD    3039       0       0
  249999964                    36                    36             2.7912546E-05         1.0000000E+30                 0       
 NEXT SEEDS: DA8FADE       1       0       0       0       0   181CD    3039       0       0
  249999965                    35                    35             2.7912548E-05         1.0000000E+30                 0       
 NEXT SEEDS: DA8FAE4       1       0       0       0       0   181CD    3039       0       0
  249999966                    34                    34             2.7912548E-05         1.0000000E+30                 0       
 NEXT SEEDS: DA8FAE8       1       0       0       0       0   181CD    3039       0       0
  249999967                    33                    33             2.7912548E-05         1.0000000E+30                 0       
 NEXT SEEDS: DA8FAEC       1       0       0       0       0   181CD    3039       0       0
  249999968                    32                    32             2.7912548E-05         1.0000000E+30                 0       
 NEXT SEEDS: DA8FAF0       1       0       0       0       0   181CD    3039       0       0
  249999969                    31                    31             2.7912548E-05         1.0000000E+30                 0       
 NEXT SEEDS: DA8FAF6       1       0       0       0       0   181CD    3039       0       0
  249999970                    30                    30             2.7912548E-05         1.0000000E+30                 0       
 NEXT SEEDS: DA8FAFA       1       0       0       0       0   181CD    3039       0       0
  249999971                    29                    29             2.7912548E-05         1.0000000E+30                 0       
 NEXT SEEDS: DA8FAFE       1       0       0       0       0   181CD    3039       0       0
  249999972                    28                    28             2.7912549E-05         1.0000000E+30                 0       
 NEXT SEEDS: DA8FB02       1       0       0       0       0   181CD    3039       0       0
  249999973                    27                    27             2.7912549E-05         1.0000000E+30                 0       
 NEXT SEEDS: DA8FB06       1       0       0       0       0   181CD    3039       0       0
  249999974                    26                    26             2.7912549E-05         1.0000000E+30                 0       
 NEXT SEEDS: DA8FB0A       1       0       0       0       0   181CD    3039       0       0
  249999975                    25                    25             2.7912551E-05         1.0000000E+30                 0       
 NEXT SEEDS: DA8FB0E       1       0       0       0       0   181CD    3039       0       0
  249999976                    24                    24             2.7912551E-05         1.0000000E+30                 0       
 NEXT SEEDS: DA8FB12       1       0       0       0       0   181CD    3039       0       0
  249999977                    23                    23             2.7912551E-05         1.0000000E+30                 0       
 NEXT SEEDS: DA8FB16       1       0       0       0       0   181CD    3039       0       0
  249999978                    22                    22             2.7912553E-05         1.0000000E+30                 0       
 NEXT SEEDS: DA8FB1A       1       0       0       0       0   181CD    3039       0       0
  249999979                    21                    21             2.7912553E-05         1.0000000E+30                 0       
 NEXT SEEDS: DA8FB1E       1       0       0       0       0   181CD    3039       0       0
  249999980                    20                    20             2.7912553E-05         1.0000000E+30                 0       
 NEXT SEEDS: DA8FB22       1       0       0       0       0   181CD    3039       0       0
  249999981                    19                    19             2.7912552E-05         1.0000000E+30                 0       
 NEXT SEEDS: DA8FB26       1       0       0       0       0   181CD    3039       0       0
  249999982                    18                    18             2.7912552E-05         1.0000000E+30                 0       
 NEXT SEEDS: DA8FB2A       1       0       0       0       0   181CD    3039       0       0
  249999983                    17                    17             2.7912552E-05         1.0000000E+30                 0       
 NEXT SEEDS: DA8FB2E       1       0       0       0       0   181CD    3039       0       0
  249999984                    16                    16             2.7912552E-05         1.0000000E+30                 0       
 NEXT SEEDS: DA8FB32       1       0       0       0       0   181CD    3039       0       0
  249999985                    15                    15             2.7912552E-05         1.0000000E+30                 0       
 NEXT SEEDS: DA8FB36       1       0       0       0       0   181CD    3039       0       0
  249999986                    14                    14             2.7912552E-05         1.0000000E+30                 0       
 NEXT SEEDS: DA8FB3A       1       0       0       0       0   181CD    3039       0       0
  249999987                    13                    13             2.7912552E-05         1.0000000E+30                 0       
 NEXT SEEDS: DA8FB3E       1       0       0       0       0   181CD    3039       0       0
  249999988                    12                    12             2.7912554E-05         1.0000000E+30                 0       
 NEXT SEEDS: DA8FB42       1       0       0       0       0   181CD    3039       0       0
  249999989                    11                    11             2.7912553E-05         1.0000000E+30                 0       
 NEXT SEEDS: DA8FB46       1       0       0       0       0   181CD    3039       0       0
  249999990                    10                    10             2.7912553E-05         1.0000000E+30                 0       
 NEXT SEEDS: DA8FB4A       1       0       0       0       0   181CD    3039       0       0
  249999991                     9                     9             2.7912555E-05         1.0000000E+30                 0       
 NEXT SEEDS: DA8FB4E       1       0       0       0       0   181CD    3039       0       0
  249999992                     8                     8             2.7912555E-05         1.0000000E+30                 0       
 NEXT SEEDS: DA8FB54       1       0       0       0       0   181CD    3039       0       0
  249999993                     7                     7             2.7912557E-05         1.0000000E+30                 0       
 NEXT SEEDS: DA8FB58       1       0       0       0       0   181CD    3039       0       0
  249999994                     6                     6             2.7912557E-05         1.0000000E+30                 0       
 NEXT SEEDS: DA8FB5C       1       0       0       0       0   181CD    3039       0       0
  249999995                     5                     5             2.7912559E-05         1.0000000E+30                 0       
 NEXT SEEDS: DA8FB60       1       0       0       0       0   181CD    3039       0       0
  249999996                     4                     4             2.7912559E-05         1.0000000E+30                 0       
 NEXT SEEDS: DA8FB64       1       0       0       0       0   181CD    3039       0       0
  249999997                     3                     3             2.7912558E-05         1.0000000E+30                 0       
 NEXT SEEDS: DA8FB68       1       0       0       0       0   181CD    3039       0       0
  249999998                     2                     2             2.7912560E-05         1.0000000E+30                 0       
 NEXT SEEDS: DA8FB6C       1       0       0       0       0   181CD    3039       0       0
  249999999                     1                     1             2.7912560E-05         1.0000000E+30                 0       
 NEXT SEEDS: DA8FB70       1       0       0       0       0   181CD    3039       0       0
  250000000                     0                     1             2.7912560E-05         1.0000000E+30                 0       
 NEXT SEEDS: DA8FB74       1       0       0       0       0   181CD    3039       0       0
