1NUMBER OF BEAM       NUMBER OF BEAM        APPROXIMATE NUMBER    AVERAGE TIME USED     TIME LEFT (RESERVED   NUMBER OF STARS
 PARTICLES HANDLED    PARTICLES LEFT        OF BEAM PARTICLES     BY A BEAM PARTICLE     10000.0 SECONDS      CREATED
                                            THAT CAN STILL BE                           FOR PRINTOUT)
                                            HANDLED

 NEXT SEEDS:       0       0       0       0       0       0   181CD    3039       0       0
          1             249999999             249999999             7.6055527E-05         1.0000000E+30                 0       
 NEXT SEEDS:       4       0       0       0       0       0   181CD    3039       0       0
 Geofar: Particle in region    26 (cell #    0)
  in position  -1.148535782E+01 -5.335810845E+00 -1.254700000E-01
  is now causing trouble, requesting a step of  2.182223414E+00 cm
  to direction  4.353978700E-01  1.998550205E-01 -8.777736984E-01
  end position -1.053522239E+01 -4.899682539E+00 -2.040968317E+00
  R2:  1.266429317E+01 R3:  1.266491470E+01 cm  error count:  0
  X*U   (2D): -6.067088916E+00 X*U   (3D): -5.956954650E+00 cm
  X*UOLD(2D):  5.256556897E+00 X*UOLD(3D):  5.149566442E+00 cm
  Kloop:    8059095, Irsave:     26, Irsav2:     26, error code:  -3 Nfrom:  5000
  old direction -2.428015577E-01 -4.625152953E-01  8.527174240E-01, lagain, lstnew, lsense, lsnsct  F  F  F  T
  Particle index    7 total energy   5.406883082E-05 GeV  Nsurf    0
 We succeeded in saving the particle:  current region is n.    27 (cell #    0)
    5000000             245000000             245000000             2.8821362E-05         1.0000000E+30                 0       
 NEXT SEEDS: 17747F5       0       0       0       0       0   181CD    3039       0       0
   10000000             240000000             240000000             2.8998608E-05         1.0000000E+30                 0       
 NEXT SEEDS: 2EE5BAF       0       0       0       0       0   181CD    3039       0       0
   15000000             235000000             235000000             2.8939972E-05         1.0000000E+30                 0       
 NEXT SEEDS: 4657399       0       0       0       0       0   181CD    3039       0       0
   20000000             230000000             230000000             2.8877814E-05         1.0000000E+30                 0       
 NEXT SEEDS: 5DC8A61       0       0       0       0       0   181CD    3039       0       0
   25000000             225000000             225000000             2.8867122E-05         1.0000000E+30                 0       
 NEXT SEEDS: 753D16F       0       0       0       0       0   181CD    3039       0       0
   30000000             220000000             220000000             2.8851123E-05         1.0000000E+30                 0       
 NEXT SEEDS: 8CAF2C4       0       0       0       0       0   181CD    3039       0       0
   35000000             215000000             215000000             2.8851409E-05         1.0000000E+30                 0       
 NEXT SEEDS: A4246BC       0       0       0       0       0   181CD    3039       0       0
   40000000             210000000             210000000             2.8845563E-05         1.0000000E+30                 0       
 NEXT SEEDS: BB9386B       0       0       0       0       0   181CD    3039       0       0
   45000000             205000000             205000000             2.8842150E-05         1.0000000E+30                 0       
 NEXT SEEDS: D30492D       0       0       0       0       0   181CD    3039       0       0
   50000000             200000000             200000000             2.8848948E-05         1.0000000E+30                 0       
 NEXT SEEDS: EA76BB2       0       0       0       0       0   181CD    3039       0       0
   55000000             195000000             195000000             2.8842101E-05         1.0000000E+30                 0       
 NEXT SEEDS:101E9B51       0       0       0       0       0   181CD    3039       0       0
   60000000             190000000             190000000             2.8835716E-05         1.0000000E+30                 0       
 NEXT SEEDS:1195CE21       0       0       0       0       0   181CD    3039       0       0
   65000000             185000000             185000000             2.8828529E-05         1.0000000E+30                 0       
 NEXT SEEDS:130CDF5F       0       0       0       0       0   181CD    3039       0       0
   70000000             180000000             180000000             2.8818481E-05         1.0000000E+30                 0       
 NEXT SEEDS:1483E397       0       0       0       0       0   181CD    3039       0       0
   75000000             175000000             175000000             2.8813737E-05         1.0000000E+30                 0       
 NEXT SEEDS:15FAD7F5       0       0       0       0       0   181CD    3039       0       0
   80000000             170000000             170000000             2.8807135E-05         1.0000000E+30                 0       
 NEXT SEEDS:1771F2C6       0       0       0       0       0   181CD    3039       0       0
  *** Emfgeo: Ncoun  2000000000
   85000000             165000000             165000000             2.8805644E-05         1.0000000E+30                 0       
 NEXT SEEDS:18E9363A       0       0       0       0       0   181CD    3039       0       0
   90000000             160000000             160000000             2.8802479E-05         1.0000000E+30                 0       
 NEXT SEEDS:1A603563       0       0       0       0       0   181CD    3039       0       0
   95000000             155000000             155000000             2.8801151E-05         1.0000000E+30                 0       
 NEXT SEEDS:1BD78424       0       0       0       0       0   181CD    3039       0       0
  100000000             150000000             150000000             2.8802537E-05         1.0000000E+30                 0       
 NEXT SEEDS:1D4E9892       0       0       0       0       0   181CD    3039       0       0
  105000000             145000000             145000000             2.8803802E-05         1.0000000E+30                 0       
 NEXT SEEDS:1EC5A9C8       0       0       0       0       0   181CD    3039       0       0
  110000000             140000000             140000000             2.8803274E-05         1.0000000E+30                 0       
 NEXT SEEDS:203D0FA3       0       0       0       0       0   181CD    3039       0       0
  115000000             135000000             135000000             2.8803630E-05         1.0000000E+30                 0       
 NEXT SEEDS:21B42811       0       0       0       0       0   181CD    3039       0       0
  120000000             130000000             130000000             2.8802944E-05         1.0000000E+30                 0       
 NEXT SEEDS:232B2324       0       0       0       0       0   181CD    3039       0       0
  125000000             125000000             125000000             2.8805455E-05         1.0000000E+30                 0       
 NEXT SEEDS:24A223AB       0       0       0       0       0   181CD    3039       0       0
  130000000             120000000             120000000             2.8807739E-05         1.0000000E+30                 0       
 NEXT SEEDS:26192318       0       0       0       0       0   181CD    3039       0       0
  135000000             115000000             115000000             2.8819302E-05         1.0000000E+30                 0       
 NEXT SEEDS:27902A30       0       0       0       0       0   181CD    3039       0       0
  140000000             110000000             110000000             2.8817719E-05         1.0000000E+30                 0       
 NEXT SEEDS:290736F3       0       0       0       0       0   181CD    3039       0       0
  145000000             105000000             105000000             2.8814253E-05         1.0000000E+30                 0       
 NEXT SEEDS:2A7E5450       0       0       0       0       0   181CD    3039       0       0
  150000000             100000000             100000000             2.8813491E-05         1.0000000E+30                 0       
 NEXT SEEDS:2BF5A5F4       0       0       0       0       0   181CD    3039       0       0
  155000000              95000000              95000000             2.8814348E-05         1.0000000E+30                 0       
 NEXT SEEDS:2D6CD58E       0       0       0       0       0   181CD    3039       0       0
  160000000              90000000              90000000             2.8819975E-05         1.0000000E+30                 0       
 NEXT SEEDS:2EE3E323       0       0       0       0       0   181CD    3039       0       0
  *** Emfgeo: Ncoun  2000000000
  165000000              85000000              85000000             2.8829656E-05         1.0000000E+30                 0       
 NEXT SEEDS:305ABE5B       0       0       0       0       0   181CD    3039       0       0
  170000000              80000000              80000000             2.8827087E-05         1.0000000E+30                 0       
 NEXT SEEDS:31D1DFF4       0       0       0       0       0   181CD    3039       0       0
  175000000              75000000              75000000             2.8826787E-05         1.0000000E+30                 0       
 NEXT SEEDS:33490AA4       0       0       0       0       0   181CD    3039       0       0
  180000000              70000000              70000000             2.8824925E-05         1.0000000E+30                 0       
 NEXT SEEDS:34C00B33       0       0       0       0       0   181CD    3039       0       0
  185000000              65000000              65000000             2.8823077E-05         1.0000000E+30                 0       
 NEXT SEEDS:3637261B       0       0       0       0       0   181CD    3039       0       0
  190000000              60000000              60000000             2.8822881E-05         1.0000000E+30                 0       
 NEXT SEEDS:37AE51CE       0       0       0       0       0   181CD    3039       0       0
  195000000              55000000              55000000             2.8821746E-05         1.0000000E+30                 0       
 NEXT SEEDS:39253838       0       0       0       0       0   181CD    3039       0       0
  200000000              50000000              50000000             2.8821342E-05         1.0000000E+30                 0       
 NEXT SEEDS:3A9C3BE9       0       0       0       0       0   181CD    3039       0       0
  205000000              45000000              45000000             2.8821776E-05         1.0000000E+30                 0       
 NEXT SEEDS:  788B11       1       0       0       0       0   181CD    3039       0       0
  210000000              40000000              40000000             2.8822104E-05         1.0000000E+30                 0       
 NEXT SEEDS: 1EF7D1E       1       0       0       0       0   181CD    3039       0       0
  215000000              35000000              35000000             2.8822732E-05         1.0000000E+30                 0       
 NEXT SEEDS: 366975E       1       0       0       0       0   181CD    3039       0       0
  220000000              30000000              30000000             2.8824986E-05         1.0000000E+30                 0       
 NEXT SEEDS: 4DDAE05       1       0       0       0       0   181CD    3039       0       0
  225000000              25000000              25000000             2.8825980E-05         1.0000000E+30                 0       
 NEXT SEEDS: 654DB6E       1       0       0       0       0   181CD    3039       0       0
  230000000              20000000              20000000             2.8824821E-05         1.0000000E+30                 0       
 NEXT SEEDS: 7CBED50       1       0       0       0       0   181CD    3039       0       0
  235000000              15000000              15000000             2.8825493E-05         1.0000000E+30                 0       
 NEXT SEEDS: 9433597       1       0       0       0       0   181CD    3039       0       0
  240000000              10000000              10000000             2.8825239E-05         1.0000000E+30                 0       
 NEXT SEEDS: ABA8176       1       0       0       0       0   181CD    3039       0       0
  *** Emfgeo: Ncoun  2000000000
  245000000               5000000               5000000             2.8825872E-05         1.0000000E+30                 0       
 NEXT SEEDS: C31A5C5       1       0       0       0       0   181CD    3039       0       0
  249999950                    50                    50             2.8826593E-05         1.0000000E+30                 0       
 NEXT SEEDS: DA8AEC6       1       0       0       0       0   181CD    3039       0       0
  249999951                    49                    49             2.8826595E-05         1.0000000E+30                 0       
 NEXT SEEDS: DA8AECA       1       0       0       0       0   181CD    3039       0       0
  249999952                    48                    48             2.8826594E-05         1.0000000E+30                 0       
 NEXT SEEDS: DA8AECE       1       0       0       0       0   181CD    3039       0       0
  249999953                    47                    47             2.8826596E-05         1.0000000E+30                 0       
 NEXT SEEDS: DA8AED2       1       0       0       0       0   181CD    3039       0       0
  249999954                    46                    46             2.8826596E-05         1.0000000E+30                 0       
 NEXT SEEDS: DA8AEFC       1       0       0       0       0   181CD    3039       0       0
  249999955                    45                    45             2.8826598E-05         1.0000000E+30                 0       
 NEXT SEEDS: DA8AF00       1       0       0       0       0   181CD    3039       0       0
  249999956                    44                    44             2.8826598E-05         1.0000000E+30                 0       
 NEXT SEEDS: DA8AF04       1       0       0       0       0   181CD    3039       0       0
  249999957                    43                    43             2.8826600E-05         1.0000000E+30                 0       
 NEXT SEEDS: DA8AF08       1       0       0       0       0   181CD    3039       0       0
  249999958                    42                    42             2.8826600E-05         1.0000000E+30                 0       
 NEXT SEEDS: DA8AF0C       1       0       0       0       0   181CD    3039       0       0
  249999959                    41                    41             2.8826599E-05         1.0000000E+30                 0       
 NEXT SEEDS: DA8AF10       1       0       0       0       0   181CD    3039       0       0
  249999960                    40                    40             2.8826601E-05         1.0000000E+30                 0       
 NEXT SEEDS: DA8AF14       1       0       0       0       0   181CD    3039       0       0
  249999961                    39                    39             2.8826601E-05         1.0000000E+30                 0       
 NEXT SEEDS: DA8AF18       1       0       0       0       0   181CD    3039       0       0
  249999962                    38                    38             2.8826601E-05         1.0000000E+30                 0       
 NEXT SEEDS: DA8AF1C       1       0       0       0       0   181CD    3039       0       0
  249999963                    37                    37             2.8826601E-05         1.0000000E+30                 0       
 NEXT SEEDS: DA8AF20       1       0       0       0       0   181CD    3039       0       0
  249999964                    36                    36             2.8826601E-05         1.0000000E+30                 0       
 NEXT SEEDS: DA8AF24       1       0       0       0       0   181CD    3039       0       0
  249999965                    35                    35             2.8826601E-05         1.0000000E+30                 0       
 NEXT SEEDS: DA8AF28       1       0       0       0       0   181CD    3039       0       0
  249999966                    34                    34             2.8826601E-05         1.0000000E+30                 0       
 NEXT SEEDS: DA8AF2C       1       0       0       0       0   181CD    3039       0       0
  249999967                    33                    33             2.8826602E-05         1.0000000E+30                 0       
 NEXT SEEDS: DA8AF30       1       0       0       0       0   181CD    3039       0       0
  249999968                    32                    32             2.8826602E-05         1.0000000E+30                 0       
 NEXT SEEDS: DA8AF34       1       0       0       0       0   181CD    3039       0       0
  249999969                    31                    31             2.8826602E-05         1.0000000E+30                 0       
 NEXT SEEDS: DA8AF38       1       0       0       0       0   181CD    3039       0       0
  249999970                    30                    30             2.8826604E-05         1.0000000E+30                 0       
 NEXT SEEDS: DA8AF3C       1       0       0       0       0   181CD    3039       0       0
  249999971                    29                    29             2.8826604E-05         1.0000000E+30                 0       
 NEXT SEEDS: DA8AF40       1       0       0       0       0   181CD    3039       0       0
  249999972                    28                    28             2.8826604E-05         1.0000000E+30                 0       
 NEXT SEEDS: DA8AF44       1       0       0       0       0   181CD    3039       0       0
  249999973                    27                    27             2.8826606E-05         1.0000000E+30                 0       
 NEXT SEEDS: DA8AF48       1       0       0       0       0   181CD    3039       0       0
  249999974                    26                    26             2.8826606E-05         1.0000000E+30                 0       
 NEXT SEEDS: DA8AF4C       1       0       0       0       0   181CD    3039       0       0
  249999975                    25                    25             2.8826605E-05         1.0000000E+30                 0       
 NEXT SEEDS: DA8AF50       1       0       0       0       0   181CD    3039       0       0
  249999976                    24                    24             2.8826605E-05         1.0000000E+30                 0       
 NEXT SEEDS: DA8AF54       1       0       0       0       0   181CD    3039       0       0
  249999977                    23                    23             2.8826605E-05         1.0000000E+30                 0       
 NEXT SEEDS: DA8AF58       1       0       0       0       0   181CD    3039       0       0
  249999978                    22                    22             2.8826607E-05         1.0000000E+30                 0       
 NEXT SEEDS: DA8AF5C       1       0       0       0       0   181CD    3039       0       0
  249999979                    21                    21             2.8826607E-05         1.0000000E+30                 0       
 NEXT SEEDS: DA8AF60       1       0       0       0       0   181CD    3039       0       0
  249999980                    20                    20             2.8826609E-05         1.0000000E+30                 0       
 NEXT SEEDS: DA8AF64       1       0       0       0       0   181CD    3039       0       0
  249999981                    19                    19             2.8826609E-05         1.0000000E+30                 0       
 NEXT SEEDS: DA8AF68       1       0       0       0       0   181CD    3039       0       0
  249999982                    18                    18             2.8826609E-05         1.0000000E+30                 0       
 NEXT SEEDS: DA8AF6C       1       0       0       0       0   181CD    3039       0       0
  249999983                    17                    17             2.8826610E-05         1.0000000E+30                 0       
 NEXT SEEDS: DA8AF72       1       0       0       0       0   181CD    3039       0       0
  249999984                    16                    16             2.8826610E-05         1.0000000E+30                 0       
 NEXT SEEDS: DA8AF76       1       0       0       0       0   181CD    3039       0       0
  249999985                    15                    15             2.8826610E-05         1.0000000E+30                 0       
 NEXT SEEDS: DA8AF7A       1       0       0       0       0   181CD    3039       0       0
  249999986                    14                    14             2.8826610E-05         1.0000000E+30                 0       
 NEXT SEEDS: DA8AF80       1       0       0       0       0   181CD    3039       0       0
  249999987                    13                    13             2.8826610E-05         1.0000000E+30                 0       
 NEXT SEEDS: DA8AF84       1       0       0       0       0   181CD    3039       0       0
  249999988                    12                    12             2.8826610E-05         1.0000000E+30                 0       
 NEXT SEEDS: DA8AF88       1       0       0       0       0   181CD    3039       0       0
  249999989                    11                    11             2.8826610E-05         1.0000000E+30                 0       
 NEXT SEEDS: DA8AF8C       1       0       0       0       0   181CD    3039       0       0
  249999990                    10                    10             2.8826610E-05         1.0000000E+30                 0       
 NEXT SEEDS: DA8AF90       1       0       0       0       0   181CD    3039       0       0
  249999991                     9                     9             2.8826611E-05         1.0000000E+30                 0       
 NEXT SEEDS: DA8AF94       1       0       0       0       0   181CD    3039       0       0
  249999992                     8                     8             2.8826611E-05         1.0000000E+30                 0       
 NEXT SEEDS: DA8AF98       1       0       0       0       0   181CD    3039       0       0
  249999993                     7                     7             2.8826611E-05         1.0000000E+30                 0       
 NEXT SEEDS: DA8AF9C       1       0       0       0       0   181CD    3039       0       0
  249999994                     6                     6             2.8826611E-05         1.0000000E+30                 0       
 NEXT SEEDS: DA8AFA0       1       0       0       0       0   181CD    3039       0       0
  249999995                     5                     5             2.8826611E-05         1.0000000E+30                 0       
 NEXT SEEDS: DA8AFA4       1       0       0       0       0   181CD    3039       0       0
  249999996                     4                     4             2.8826611E-05         1.0000000E+30                 0       
 NEXT SEEDS: DA8AFB9       1       0       0       0       0   181CD    3039       0       0
  249999997                     3                     3             2.8826611E-05         1.0000000E+30                 0       
 NEXT SEEDS: DA8AFBD       1       0       0       0       0   181CD    3039       0       0
  249999998                     2                     2             2.8826613E-05         1.0000000E+30                 0       
 NEXT SEEDS: DA8AFC1       1       0       0       0       0   181CD    3039       0       0
  249999999                     1                     1             2.8826614E-05         1.0000000E+30                 0       
 NEXT SEEDS: DA8AFC5       1       0       0       0       0   181CD    3039       0       0
  250000000                     0                     1             2.8826614E-05         1.0000000E+30                 0       
 NEXT SEEDS: DA8AFC9       1       0       0       0       0   181CD    3039       0       0
