1NUMBER OF BEAM       NUMBER OF BEAM        APPROXIMATE NUMBER    AVERAGE TIME USED     TIME LEFT (RESERVED   NUMBER OF STARS
 PARTICLES HANDLED    PARTICLES LEFT        OF BEAM PARTICLES     BY A BEAM PARTICLE     10000.0 SECONDS      CREATED
                                            THAT CAN STILL BE                           FOR PRINTOUT)
                                            HANDLED

 NEXT SEEDS:       0       0       0       0       0       0   181CD    3039       0       0
          1             249999999             249999999             7.9870224E-05         1.0000000E+30                 0       
 NEXT SEEDS:       4       0       0       0       0       0   181CD    3039       0       0
 Geofar: Particle in region    26 (cell #    0)
  in position  -1.148535782E+01 -5.335810845E+00 -1.254700000E-01
  is now causing trouble, requesting a step of  2.182223414E+00 cm
  to direction  4.353978700E-01  1.998550205E-01 -8.777736984E-01
  end position -1.053522239E+01 -4.899682539E+00 -2.040968317E+00
  R2:  1.266429317E+01 R3:  1.266491470E+01 cm  error count:  0
  X*U   (2D): -6.067088916E+00 X*U   (3D): -5.956954650E+00 cm
  X*UOLD(2D):  5.256556897E+00 X*UOLD(3D):  5.149566442E+00 cm
  Kloop:    8066096, Irsave:     26, Irsav2:     26, error code:  -3 Nfrom:  5000
  old direction -2.428015577E-01 -4.625152953E-01  8.527174240E-01, lagain, lstnew, lsense, lsnsct  F  F  F  T
  Particle index    7 total energy   5.406883082E-05 GeV  Nsurf    0
 We succeeded in saving the particle:  current region is n.    27 (cell #    0)
    5000000             245000000             245000000             3.0287407E-05         1.0000000E+30                 0       
 NEXT SEEDS: 176F9F3       0       0       0       0       0   181CD    3039       0       0
   10000000             240000000             240000000             3.0180625E-05         1.0000000E+30                 0       
 NEXT SEEDS: 2EDFDF4       0       0       0       0       0   181CD    3039       0       0
   15000000             235000000             235000000             3.0139118E-05         1.0000000E+30                 0       
 NEXT SEEDS: 464DF0F       0       0       0       0       0   181CD    3039       0       0
   20000000             230000000             230000000             3.0105785E-05         1.0000000E+30                 0       
 NEXT SEEDS: 5DC0D39       0       0       0       0       0   181CD    3039       0       0
   25000000             225000000             225000000             3.0122704E-05         1.0000000E+30                 0       
 NEXT SEEDS: 7531E3D       0       0       0       0       0   181CD    3039       0       0
   30000000             220000000             220000000             3.0163040E-05         1.0000000E+30                 0       
 NEXT SEEDS: 8CA59C4       0       0       0       0       0   181CD    3039       0       0
   35000000             215000000             215000000             3.0192611E-05         1.0000000E+30                 0       
 NEXT SEEDS: A417C1C       0       0       0       0       0   181CD    3039       0       0
   40000000             210000000             210000000             3.0180671E-05         1.0000000E+30                 0       
 NEXT SEEDS: BB8A358       0       0       0       0       0   181CD    3039       0       0
   45000000             205000000             205000000             3.0164066E-05         1.0000000E+30                 0       
 NEXT SEEDS: D2FE00B       0       0       0       0       0   181CD    3039       0       0
   50000000             200000000             200000000             3.0156495E-05         1.0000000E+30                 0       
 NEXT SEEDS: EA73759       0       0       0       0       0   181CD    3039       0       0
   55000000             195000000             195000000             3.0143001E-05         1.0000000E+30                 0       
 NEXT SEEDS:101E613D       0       0       0       0       0   181CD    3039       0       0
   60000000             190000000             190000000             3.0132681E-05         1.0000000E+30                 0       
 NEXT SEEDS:1195927B       0       0       0       0       0   181CD    3039       0       0
   65000000             185000000             185000000             3.0123121E-05         1.0000000E+30                 0       
 NEXT SEEDS:130C9923       0       0       0       0       0   181CD    3039       0       0
   70000000             180000000             180000000             3.0109306E-05         1.0000000E+30                 0       
 NEXT SEEDS:14839BB4       0       0       0       0       0   181CD    3039       0       0
   75000000             175000000             175000000             3.0106739E-05         1.0000000E+30                 0       
 NEXT SEEDS:15FAD358       0       0       0       0       0   181CD    3039       0       0
   80000000             170000000             170000000             3.0104651E-05         1.0000000E+30                 0       
 NEXT SEEDS:17721A3C       0       0       0       0       0   181CD    3039       0       0
  *** Emfgeo: Ncoun  2000000000
   85000000             165000000             165000000             3.0098369E-05         1.0000000E+30                 0       
 NEXT SEEDS:18E956F7       0       0       0       0       0   181CD    3039       0       0
   90000000             160000000             160000000             3.0096615E-05         1.0000000E+30                 0       
 NEXT SEEDS:1A6058E2       0       0       0       0       0   181CD    3039       0       0
   95000000             155000000             155000000             3.0090163E-05         1.0000000E+30                 0       
 NEXT SEEDS:1BD73C73       0       0       0       0       0   181CD    3039       0       0
  100000000             150000000             150000000             3.0086412E-05         1.0000000E+30                 0       
 NEXT SEEDS:1D4E3849       0       0       0       0       0   181CD    3039       0       0
  105000000             145000000             145000000             3.0082169E-05         1.0000000E+30                 0       
 NEXT SEEDS:1EC53150       0       0       0       0       0   181CD    3039       0       0
  110000000             140000000             140000000             3.0082842E-05         1.0000000E+30                 0       
 NEXT SEEDS:203C3867       0       0       0       0       0   181CD    3039       0       0
  115000000             135000000             135000000             3.0079828E-05         1.0000000E+30                 0       
 NEXT SEEDS:21B30248       0       0       0       0       0   181CD    3039       0       0
  120000000             130000000             130000000             3.0081612E-05         1.0000000E+30                 0       
 NEXT SEEDS:2329EB8B       0       0       0       0       0   181CD    3039       0       0
  125000000             125000000             125000000             3.0083387E-05         1.0000000E+30                 0       
 NEXT SEEDS:24A100D5       0       0       0       0       0   181CD    3039       0       0
  130000000             120000000             120000000             3.0080400E-05         1.0000000E+30                 0       
 NEXT SEEDS:2617FF36       0       0       0       0       0   181CD    3039       0       0
  135000000             115000000             115000000             3.0082522E-05         1.0000000E+30                 0       
 NEXT SEEDS:278F2EF6       0       0       0       0       0   181CD    3039       0       0
  140000000             110000000             110000000             3.0082148E-05         1.0000000E+30                 0       
 NEXT SEEDS:2906436A       0       0       0       0       0   181CD    3039       0       0
  145000000             105000000             105000000             3.0080147E-05         1.0000000E+30                 0       
 NEXT SEEDS:2A7D645D       0       0       0       0       0   181CD    3039       0       0
  150000000             100000000             100000000             3.0078687E-05         1.0000000E+30                 0       
 NEXT SEEDS:2BF4947D       0       0       0       0       0   181CD    3039       0       0
  155000000              95000000              95000000             3.0078958E-05         1.0000000E+30                 0       
 NEXT SEEDS:2D6BF333       0       0       0       0       0   181CD    3039       0       0
  160000000              90000000              90000000             3.0078820E-05         1.0000000E+30                 0       
 NEXT SEEDS:2EE323A7       0       0       0       0       0   181CD    3039       0       0
  *** Emfgeo: Ncoun  2000000000
  165000000              85000000              85000000             3.0076810E-05         1.0000000E+30                 0       
 NEXT SEEDS:305A0814       0       0       0       0       0   181CD    3039       0       0
  170000000              80000000              80000000             3.0074562E-05         1.0000000E+30                 0       
 NEXT SEEDS:31D11E67       0       0       0       0       0   181CD    3039       0       0
  175000000              75000000              75000000             3.0075861E-05         1.0000000E+30                 0       
 NEXT SEEDS:3348296B       0       0       0       0       0   181CD    3039       0       0
  180000000              70000000              70000000             3.0073279E-05         1.0000000E+30                 0       
 NEXT SEEDS:34BF1E94       0       0       0       0       0   181CD    3039       0       0
  185000000              65000000              65000000             3.0074231E-05         1.0000000E+30                 0       
 NEXT SEEDS:36362099       0       0       0       0       0   181CD    3039       0       0
  190000000              60000000              60000000             3.0076094E-05         1.0000000E+30                 0       
 NEXT SEEDS:37AD5388       0       0       0       0       0   181CD    3039       0       0
  195000000              55000000              55000000             3.0075575E-05         1.0000000E+30                 0       
 NEXT SEEDS:39245872       0       0       0       0       0   181CD    3039       0       0
  200000000              50000000              50000000             3.0072985E-05         1.0000000E+30                 0       
 NEXT SEEDS:3A9B83BE       0       0       0       0       0   181CD    3039       0       0
  205000000              45000000              45000000             3.0074870E-05         1.0000000E+30                 0       
 NEXT SEEDS:  77F5FA       1       0       0       0       0   181CD    3039       0       0
  210000000              40000000              40000000             3.0073992E-05         1.0000000E+30                 0       
 NEXT SEEDS: 1EEE2B1       1       0       0       0       0   181CD    3039       0       0
  215000000              35000000              35000000             3.0072512E-05         1.0000000E+30                 0       
 NEXT SEEDS: 365D286       1       0       0       0       0   181CD    3039       0       0
  220000000              30000000              30000000             3.0073006E-05         1.0000000E+30                 0       
 NEXT SEEDS: 4DD07A8       1       0       0       0       0   181CD    3039       0       0
  225000000              25000000              25000000             3.0072467E-05         1.0000000E+30                 0       
 NEXT SEEDS: 6545076       1       0       0       0       0   181CD    3039       0       0
  230000000              20000000              20000000             3.0070815E-05         1.0000000E+30                 0       
 NEXT SEEDS: 7CB8A23       1       0       0       0       0   181CD    3039       0       0
  235000000              15000000              15000000             3.0070497E-05         1.0000000E+30                 0       
 NEXT SEEDS: 942DD24       1       0       0       0       0   181CD    3039       0       0
  240000000              10000000              10000000             3.0071164E-05         1.0000000E+30                 0       
 NEXT SEEDS: ABA20C0       1       0       0       0       0   181CD    3039       0       0
  *** Emfgeo: Ncoun  2000000000
  245000000               5000000               5000000             3.0070184E-05         1.0000000E+30                 0       
 NEXT SEEDS: C3145B7       1       0       0       0       0   181CD    3039       0       0
  249999950                    50                    50             3.0070009E-05         1.0000000E+30                 0       
 NEXT SEEDS: DA83FEC       1       0       0       0       0   181CD    3039       0       0
  249999951                    49                    49             3.0070009E-05         1.0000000E+30                 0       
 NEXT SEEDS: DA83FF0       1       0       0       0       0   181CD    3039       0       0
  249999952                    48                    48             3.0070011E-05         1.0000000E+30                 0       
 NEXT SEEDS: DA83FF4       1       0       0       0       0   181CD    3039       0       0
  249999953                    47                    47             3.0070011E-05         1.0000000E+30                 0       
 NEXT SEEDS: DA83FF8       1       0       0       0       0   181CD    3039       0       0
  249999954                    46                    46             3.0070011E-05         1.0000000E+30                 0       
 NEXT SEEDS: DA83FFC       1       0       0       0       0   181CD    3039       0       0
  249999955                    45                    45             3.0070010E-05         1.0000000E+30                 0       
 NEXT SEEDS: DA84000       1       0       0       0       0   181CD    3039       0       0
  249999956                    44                    44             3.0070010E-05         1.0000000E+30                 0       
 NEXT SEEDS: DA84004       1       0       0       0       0   181CD    3039       0       0
  249999957                    43                    43             3.0070010E-05         1.0000000E+30                 0       
 NEXT SEEDS: DA84008       1       0       0       0       0   181CD    3039       0       0
  249999958                    42                    42             3.0070010E-05         1.0000000E+30                 0       
 NEXT SEEDS: DA8400E       1       0       0       0       0   181CD    3039       0       0
  249999959                    41                    41             3.0070010E-05         1.0000000E+30                 0       
 NEXT SEEDS: DA84012       1       0       0       0       0   181CD    3039       0       0
  249999960                    40                    40             3.0070012E-05         1.0000000E+30                 0       
 NEXT SEEDS: DA84016       1       0       0       0       0   181CD    3039       0       0
  249999961                    39                    39             3.0070012E-05         1.0000000E+30                 0       
 NEXT SEEDS: DA8401A       1       0       0       0       0   181CD    3039       0       0
  249999962                    38                    38             3.0070012E-05         1.0000000E+30                 0       
 NEXT SEEDS: DA8401E       1       0       0       0       0   181CD    3039       0       0
  249999963                    37                    37             3.0070013E-05         1.0000000E+30                 0       
 NEXT SEEDS: DA84024       1       0       0       0       0   181CD    3039       0       0
  249999964                    36                    36             3.0070013E-05         1.0000000E+30                 0       
 NEXT SEEDS: DA84028       1       0       0       0       0   181CD    3039       0       0
  249999965                    35                    35             3.0070015E-05         1.0000000E+30                 0       
 NEXT SEEDS: DA8402C       1       0       0       0       0   181CD    3039       0       0
  249999966                    34                    34             3.0070015E-05         1.0000000E+30                 0       
 NEXT SEEDS: DA84030       1       0       0       0       0   181CD    3039       0       0
  249999967                    33                    33             3.0070015E-05         1.0000000E+30                 0       
 NEXT SEEDS: DA84034       1       0       0       0       0   181CD    3039       0       0
  249999968                    32                    32             3.0070017E-05         1.0000000E+30                 0       
 NEXT SEEDS: DA84038       1       0       0       0       0   181CD    3039       0       0
  249999969                    31                    31             3.0070017E-05         1.0000000E+30                 0       
 NEXT SEEDS: DA8403C       1       0       0       0       0   181CD    3039       0       0
  249999970                    30                    30             3.0070016E-05         1.0000000E+30                 0       
 NEXT SEEDS: DA84040       1       0       0       0       0   181CD    3039       0       0
  249999971                    29                    29             3.0070018E-05         1.0000000E+30                 0       
 NEXT SEEDS: DA84044       1       0       0       0       0   181CD    3039       0       0
  249999972                    28                    28             3.0070018E-05         1.0000000E+30                 0       
 NEXT SEEDS: DA84048       1       0       0       0       0   181CD    3039       0       0
  249999973                    27                    27             3.0070020E-05         1.0000000E+30                 0       
 NEXT SEEDS: DA8404C       1       0       0       0       0   181CD    3039       0       0
  249999974                    26                    26             3.0070020E-05         1.0000000E+30                 0       
 NEXT SEEDS: DA84050       1       0       0       0       0   181CD    3039       0       0
  249999975                    25                    25             3.0070020E-05         1.0000000E+30                 0       
 NEXT SEEDS: DA84054       1       0       0       0       0   181CD    3039       0       0
  249999976                    24                    24             3.0070022E-05         1.0000000E+30                 0       
 NEXT SEEDS: DA84058       1       0       0       0       0   181CD    3039       0       0
  249999977                    23                    23             3.0070021E-05         1.0000000E+30                 0       
 NEXT SEEDS: DA8405C       1       0       0       0       0   181CD    3039       0       0
  249999978                    22                    22             3.0070021E-05         1.0000000E+30                 0       
 NEXT SEEDS: DA84060       1       0       0       0       0   181CD    3039       0       0
  249999979                    21                    21             3.0070021E-05         1.0000000E+30                 0       
 NEXT SEEDS: DA84064       1       0       0       0       0   181CD    3039       0       0
  249999980                    20                    20             3.0070021E-05         1.0000000E+30                 0       
 NEXT SEEDS: DA84077       1       0       0       0       0   181CD    3039       0       0
  249999981                    19                    19             3.0070021E-05         1.0000000E+30                 0       
 NEXT SEEDS: DA8407B       1       0       0       0       0   181CD    3039       0       0
  249999982                    18                    18             3.0070023E-05         1.0000000E+30                 0       
 NEXT SEEDS: DA84081       1       0       0       0       0   181CD    3039       0       0
  249999983                    17                    17             3.0070023E-05         1.0000000E+30                 0       
 NEXT SEEDS: DA84085       1       0       0       0       0   181CD    3039       0       0
  249999984                    16                    16             3.0070025E-05         1.0000000E+30                 0       
 NEXT SEEDS: DA84089       1       0       0       0       0   181CD    3039       0       0
  249999985                    15                    15             3.0070024E-05         1.0000000E+30                 0       
 NEXT SEEDS: DA8408D       1       0       0       0       0   181CD    3039       0       0
  249999986                    14                    14             3.0070026E-05         1.0000000E+30                 0       
 NEXT SEEDS: DA84091       1       0       0       0       0   181CD    3039       0       0
  249999987                    13                    13             3.0070026E-05         1.0000000E+30                 0       
 NEXT SEEDS: DA84095       1       0       0       0       0   181CD    3039       0       0
  249999988                    12                    12             3.0070026E-05         1.0000000E+30                 0       
 NEXT SEEDS: DA84099       1       0       0       0       0   181CD    3039       0       0
  249999989                    11                    11             3.0070028E-05         1.0000000E+30                 0       
 NEXT SEEDS: DA8409D       1       0       0       0       0   181CD    3039       0       0
  249999990                    10                    10             3.0070028E-05         1.0000000E+30                 0       
 NEXT SEEDS: DA840A1       1       0       0       0       0   181CD    3039       0       0
  249999991                     9                     9             3.0070030E-05         1.0000000E+30                 0       
 NEXT SEEDS: DA840A5       1       0       0       0       0   181CD    3039       0       0
  249999992                     8                     8             3.0070029E-05         1.0000000E+30                 0       
 NEXT SEEDS: DA840A9       1       0       0       0       0   181CD    3039       0       0
  249999993                     7                     7             3.0070029E-05         1.0000000E+30                 0       
 NEXT SEEDS: DA840AD       1       0       0       0       0   181CD    3039       0       0
  249999994                     6                     6             3.0070031E-05         1.0000000E+30                 0       
 NEXT SEEDS: DA840B1       1       0       0       0       0   181CD    3039       0       0
  249999995                     5                     5             3.0070031E-05         1.0000000E+30                 0       
 NEXT SEEDS: DA840B5       1       0       0       0       0   181CD    3039       0       0
  249999996                     4                     4             3.0070031E-05         1.0000000E+30                 0       
 NEXT SEEDS: DA840B9       1       0       0       0       0   181CD    3039       0       0
  249999997                     3                     3             3.0070031E-05         1.0000000E+30                 0       
 NEXT SEEDS: DA840BD       1       0       0       0       0   181CD    3039       0       0
  249999998                     2                     2             3.0070031E-05         1.0000000E+30                 0       
 NEXT SEEDS: DA840C1       1       0       0       0       0   181CD    3039       0       0
  249999999                     1                     1             3.0070031E-05         1.0000000E+30                 0       
 NEXT SEEDS: DA840C5       1       0       0       0       0   181CD    3039       0       0
  250000000                     0                     1             3.0070030E-05         1.0000000E+30                 0       
 NEXT SEEDS: DA840CB       1       0       0       0       0   181CD    3039       0       0
