1NUMBER OF BEAM       NUMBER OF BEAM        APPROXIMATE NUMBER    AVERAGE TIME USED     TIME LEFT (RESERVED   NUMBER OF STARS
 PARTICLES HANDLED    PARTICLES LEFT        OF BEAM PARTICLES     BY A BEAM PARTICLE     10000.0 SECONDS      CREATED
                                            THAT CAN STILL BE                           FOR PRINTOUT)
                                            HANDLED

 NEXT SEEDS:       0       0       0       0       0       0   181CD    3039       0       0
          1             249999999             249999999             7.7009201E-05         1.0000000E+30                 0       
 NEXT SEEDS:       4       0       0       0       0       0   181CD    3039       0       0
    5000000             245000000             245000000             2.7739220E-05         1.0000000E+30                 0       
 NEXT SEEDS: 177015D       0       0       0       0       0   181CD    3039       0       0
   10000000             240000000             240000000             2.7739172E-05         1.0000000E+30                 0       
 NEXT SEEDS: 2EE1594       0       0       0       0       0   181CD    3039       0       0
   15000000             235000000             235000000             2.7774104E-05         1.0000000E+30                 0       
 NEXT SEEDS: 4656B60       0       0       0       0       0   181CD    3039       0       0
   20000000             230000000             230000000             2.7756569E-05         1.0000000E+30                 0       
 NEXT SEEDS: 5DC6D87       0       0       0       0       0   181CD    3039       0       0
   25000000             225000000             225000000             2.7762462E-05         1.0000000E+30                 0       
 NEXT SEEDS: 753890C       0       0       0       0       0   181CD    3039       0       0
   30000000             220000000             220000000             2.7763719E-05         1.0000000E+30                 0       
 NEXT SEEDS: 8CAA963       0       0       0       0       0   181CD    3039       0       0
   35000000             215000000             215000000             2.7755930E-05         1.0000000E+30                 0       
 NEXT SEEDS: A41C80C       0       0       0       0       0   181CD    3039       0       0
   40000000             210000000             210000000             2.7757384E-05         1.0000000E+30                 0       
 NEXT SEEDS: BB8E009       0       0       0       0       0   181CD    3039       0       0
   45000000             205000000             205000000             2.7761767E-05         1.0000000E+30                 0       
 NEXT SEEDS: D302BCD       0       0       0       0       0   181CD    3039       0       0
   50000000             200000000             200000000             2.7760556E-05         1.0000000E+30                 0       
 NEXT SEEDS: EA74799       0       0       0       0       0   181CD    3039       0       0
   55000000             195000000             195000000             2.7755393E-05         1.0000000E+30                 0       
 NEXT SEEDS:101E5E45       0       0       0       0       0   181CD    3039       0       0
   60000000             190000000             190000000             2.7752870E-05         1.0000000E+30                 0       
 NEXT SEEDS:11957491       0       0       0       0       0   181CD    3039       0       0
   65000000             185000000             185000000             2.7755275E-05         1.0000000E+30                 0       
 NEXT SEEDS:130CA383       0       0       0       0       0   181CD    3039       0       0
   70000000             180000000             180000000             2.7756405E-05         1.0000000E+30                 0       
 NEXT SEEDS:14838E33       0       0       0       0       0   181CD    3039       0       0
   75000000             175000000             175000000             2.7755582E-05         1.0000000E+30                 0       
 NEXT SEEDS:15FAA801       0       0       0       0       0   181CD    3039       0       0
   80000000             170000000             170000000             2.7751770E-05         1.0000000E+30                 0       
 NEXT SEEDS:1771CB8C       0       0       0       0       0   181CD    3039       0       0
  *** Emfgeo: Ncoun  2000000000
   85000000             165000000             165000000             2.7753891E-05         1.0000000E+30                 0       
 NEXT SEEDS:18E8B2A3       0       0       0       0       0   181CD    3039       0       0
   90000000             160000000             160000000             2.7763265E-05         1.0000000E+30                 0       
 NEXT SEEDS:1A5F9D8E       0       0       0       0       0   181CD    3039       0       0
   95000000             155000000             155000000             2.7762207E-05         1.0000000E+30                 0       
 NEXT SEEDS:1BD6D3F2       0       0       0       0       0   181CD    3039       0       0
  100000000             150000000             150000000             2.7762539E-05         1.0000000E+30                 0       
 NEXT SEEDS:1D4DCA46       0       0       0       0       0   181CD    3039       0       0
  105000000             145000000             145000000             2.7763030E-05         1.0000000E+30                 0       
 NEXT SEEDS:1EC4D403       0       0       0       0       0   181CD    3039       0       0
  110000000             140000000             140000000             2.7761892E-05         1.0000000E+30                 0       
 NEXT SEEDS:203BE23C       0       0       0       0       0   181CD    3039       0       0
  115000000             135000000             135000000             2.7760124E-05         1.0000000E+30                 0       
 NEXT SEEDS:21B2F817       0       0       0       0       0   181CD    3039       0       0
  120000000             130000000             130000000             2.7758260E-05         1.0000000E+30                 0       
 NEXT SEEDS:2329E8A2       0       0       0       0       0   181CD    3039       0       0
  125000000             125000000             125000000             2.7755836E-05         1.0000000E+30                 0       
 NEXT SEEDS:24A0E6C0       0       0       0       0       0   181CD    3039       0       0
  130000000             120000000             120000000             2.7759390E-05         1.0000000E+30                 0       
 NEXT SEEDS:2617F0E4       0       0       0       0       0   181CD    3039       0       0
  135000000             115000000             115000000             2.7759409E-05         1.0000000E+30                 0       
 NEXT SEEDS:278F05B1       0       0       0       0       0   181CD    3039       0       0
  140000000             110000000             110000000             2.7757099E-05         1.0000000E+30                 0       
 NEXT SEEDS:29060F57       0       0       0       0       0   181CD    3039       0       0
  145000000             105000000             105000000             2.7754711E-05         1.0000000E+30                 0       
 NEXT SEEDS:2A7D2421       0       0       0       0       0   181CD    3039       0       0
  150000000             100000000             100000000             2.7753768E-05         1.0000000E+30                 0       
 NEXT SEEDS:2BF43A34       0       0       0       0       0   181CD    3039       0       0
  155000000              95000000              95000000             2.7753413E-05         1.0000000E+30                 0       
 NEXT SEEDS:2D6B3A91       0       0       0       0       0   181CD    3039       0       0
  160000000              90000000              90000000             2.7753013E-05         1.0000000E+30                 0       
 NEXT SEEDS:2EE24F9D       0       0       0       0       0   181CD    3039       0       0
  *** Emfgeo: Ncoun  2000000000
  165000000              85000000              85000000             2.7753259E-05         1.0000000E+30                 0       
 NEXT SEEDS:30595EDF       0       0       0       0       0   181CD    3039       0       0
  170000000              80000000              80000000             2.7754482E-05         1.0000000E+30                 0       
 NEXT SEEDS:31D06D20       0       0       0       0       0   181CD    3039       0       0
  175000000              75000000              75000000             2.7755819E-05         1.0000000E+30                 0       
 NEXT SEEDS:3347C4DA       0       0       0       0       0   181CD    3039       0       0
  180000000              70000000              70000000             2.7755681E-05         1.0000000E+30                 0       
 NEXT SEEDS:34BED95B       0       0       0       0       0   181CD    3039       0       0
  185000000              65000000              65000000             2.7754404E-05         1.0000000E+30                 0       
 NEXT SEEDS:3635EDFB       0       0       0       0       0   181CD    3039       0       0
  190000000              60000000              60000000             2.7756827E-05         1.0000000E+30                 0       
 NEXT SEEDS:37AD2BFD       0       0       0       0       0   181CD    3039       0       0
  195000000              55000000              55000000             2.7761179E-05         1.0000000E+30                 0       
 NEXT SEEDS:39244698       0       0       0       0       0   181CD    3039       0       0
  200000000              50000000              50000000             2.7765592E-05         1.0000000E+30                 0       
 NEXT SEEDS:3A9B78B0       0       0       0       0       0   181CD    3039       0       0
  205000000              45000000              45000000             2.7771231E-05         1.0000000E+30                 0       
 NEXT SEEDS:  780853       1       0       0       0       0   181CD    3039       0       0
  210000000              40000000              40000000             2.7775403E-05         1.0000000E+30                 0       
 NEXT SEEDS: 1EF15F2       1       0       0       0       0   181CD    3039       0       0
  215000000              35000000              35000000             2.7777801E-05         1.0000000E+30                 0       
 NEXT SEEDS: 366027D       1       0       0       0       0   181CD    3039       0       0
  220000000              30000000              30000000             2.7777542E-05         1.0000000E+30                 0       
 NEXT SEEDS: 4DD394C       1       0       0       0       0   181CD    3039       0       0
  225000000              25000000              25000000             2.7776704E-05         1.0000000E+30                 0       
 NEXT SEEDS: 65472FD       1       0       0       0       0   181CD    3039       0       0
  230000000              20000000              20000000             2.7776256E-05         1.0000000E+30                 0       
 NEXT SEEDS: 7CB63BF       1       0       0       0       0   181CD    3039       0       0
  235000000              15000000              15000000             2.7775905E-05         1.0000000E+30                 0       
 NEXT SEEDS: 94285F8       1       0       0       0       0   181CD    3039       0       0
  240000000              10000000              10000000             2.7774500E-05         1.0000000E+30                 0       
 NEXT SEEDS: AB98D6F       1       0       0       0       0   181CD    3039       0       0
  *** Emfgeo: Ncoun  2000000000
  245000000               5000000               5000000             2.7772823E-05         1.0000000E+30                 0       
 NEXT SEEDS: C309C3A       1       0       0       0       0   181CD    3039       0       0
  249999950                    50                    50             2.7773891E-05         1.0000000E+30                 0       
 NEXT SEEDS: DA7B27C       1       0       0       0       0   181CD    3039       0       0
  249999951                    49                    49             2.7773893E-05         1.0000000E+30                 0       
 NEXT SEEDS: DA7B280       1       0       0       0       0   181CD    3039       0       0
  249999952                    48                    48             2.7773893E-05         1.0000000E+30                 0       
 NEXT SEEDS: DA7B284       1       0       0       0       0   181CD    3039       0       0
  249999953                    47                    47             2.7773895E-05         1.0000000E+30                 0       
 NEXT SEEDS: DA7B288       1       0       0       0       0   181CD    3039       0       0
  249999954                    46                    46             2.7773895E-05         1.0000000E+30                 0       
 NEXT SEEDS: DA7B28C       1       0       0       0       0   181CD    3039       0       0
  249999955                    45                    45             2.7773894E-05         1.0000000E+30                 0       
 NEXT SEEDS: DA7B290       1       0       0       0       0   181CD    3039       0       0
  249999956                    44                    44             2.7773894E-05         1.0000000E+30                 0       
 NEXT SEEDS: DA7B294       1       0       0       0       0   181CD    3039       0       0
  249999957                    43                    43             2.7773894E-05         1.0000000E+30                 0       
 NEXT SEEDS: DA7B2A5       1       0       0       0       0   181CD    3039       0       0
  249999958                    42                    42             2.7773894E-05         1.0000000E+30                 0       
 NEXT SEEDS: DA7B2A9       1       0       0       0       0   181CD    3039       0       0
  249999959                    41                    41             2.7773896E-05         1.0000000E+30                 0       
 NEXT SEEDS: DA7B2AD       1       0       0       0       0   181CD    3039       0       0
  249999960                    40                    40             2.7773896E-05         1.0000000E+30                 0       
 NEXT SEEDS: DA7B2B1       1       0       0       0       0   181CD    3039       0       0
  249999961                    39                    39             2.7773896E-05         1.0000000E+30                 0       
 NEXT SEEDS: DA7B2B5       1       0       0       0       0   181CD    3039       0       0
  249999962                    38                    38             2.7773896E-05         1.0000000E+30                 0       
 NEXT SEEDS: DA7B2B9       1       0       0       0       0   181CD    3039       0       0
  249999963                    37                    37             2.7773896E-05         1.0000000E+30                 0       
 NEXT SEEDS: DA7B2BF       1       0       0       0       0   181CD    3039       0       0
  249999964                    36                    36             2.7773895E-05         1.0000000E+30                 0       
 NEXT SEEDS: DA7B2C5       1       0       0       0       0   181CD    3039       0       0
  249999965                    35                    35             2.7773895E-05         1.0000000E+30                 0       
 NEXT SEEDS: DA7B2C9       1       0       0       0       0   181CD    3039       0       0
  249999966                    34                    34             2.7773897E-05         1.0000000E+30                 0       
 NEXT SEEDS: DA7B2CD       1       0       0       0       0   181CD    3039       0       0
  249999967                    33                    33             2.7773897E-05         1.0000000E+30                 0       
 NEXT SEEDS: DA7B2D1       1       0       0       0       0   181CD    3039       0       0
  249999968                    32                    32             2.7773899E-05         1.0000000E+30                 0       
 NEXT SEEDS: DA7B2D5       1       0       0       0       0   181CD    3039       0       0
  249999969                    31                    31             2.7773899E-05         1.0000000E+30                 0       
 NEXT SEEDS: DA7B2D9       1       0       0       0       0   181CD    3039       0       0
  249999970                    30                    30             2.7773899E-05         1.0000000E+30                 0       
 NEXT SEEDS: DA7B2DD       1       0       0       0       0   181CD    3039       0       0
  249999971                    29                    29             2.7773899E-05         1.0000000E+30                 0       
 NEXT SEEDS: DA7B2E1       1       0       0       0       0   181CD    3039       0       0
  249999972                    28                    28             2.7773898E-05         1.0000000E+30                 0       
 NEXT SEEDS: DA7B2E5       1       0       0       0       0   181CD    3039       0       0
  249999973                    27                    27             2.7773898E-05         1.0000000E+30                 0       
 NEXT SEEDS: DA7B2E9       1       0       0       0       0   181CD    3039       0       0
  249999974                    26                    26             2.7773898E-05         1.0000000E+30                 0       
 NEXT SEEDS: DA7B30F       1       0       0       0       0   181CD    3039       0       0
  249999975                    25                    25             2.7773898E-05         1.0000000E+30                 0       
 NEXT SEEDS: DA7B313       1       0       0       0       0   181CD    3039       0       0
  249999976                    24                    24             2.7773898E-05         1.0000000E+30                 0       
 NEXT SEEDS: DA7B317       1       0       0       0       0   181CD    3039       0       0
  249999977                    23                    23             2.7773898E-05         1.0000000E+30                 0       
 NEXT SEEDS: DA7B31D       1       0       0       0       0   181CD    3039       0       0
  249999978                    22                    22             2.7773900E-05         1.0000000E+30                 0       
 NEXT SEEDS: DA7B321       1       0       0       0       0   181CD    3039       0       0
  249999979                    21                    21             2.7773900E-05         1.0000000E+30                 0       
 NEXT SEEDS: DA7B325       1       0       0       0       0   181CD    3039       0       0
  249999980                    20                    20             2.7773901E-05         1.0000000E+30                 0       
 NEXT SEEDS: DA7B329       1       0       0       0       0   181CD    3039       0       0
  249999981                    19                    19             2.7773901E-05         1.0000000E+30                 0       
 NEXT SEEDS: DA7B32D       1       0       0       0       0   181CD    3039       0       0
  249999982                    18                    18             2.7773903E-05         1.0000000E+30                 0       
 NEXT SEEDS: DA7B342       1       0       0       0       0   181CD    3039       0       0
  249999983                    17                    17             2.7773903E-05         1.0000000E+30                 0       
 NEXT SEEDS: DA7B346       1       0       0       0       0   181CD    3039       0       0
  249999984                    16                    16             2.7773905E-05         1.0000000E+30                 0       
 NEXT SEEDS: DA7B34A       1       0       0       0       0   181CD    3039       0       0
  249999985                    15                    15             2.7773907E-05         1.0000000E+30                 0       
 NEXT SEEDS: DA7B350       1       0       0       0       0   181CD    3039       0       0
  249999986                    14                    14             2.7773907E-05         1.0000000E+30                 0       
 NEXT SEEDS: DA7B354       1       0       0       0       0   181CD    3039       0       0
  249999987                    13                    13             2.7773907E-05         1.0000000E+30                 0       
 NEXT SEEDS: DA7B358       1       0       0       0       0   181CD    3039       0       0
  249999988                    12                    12             2.7773908E-05         1.0000000E+30                 0       
 NEXT SEEDS: DA7B35C       1       0       0       0       0   181CD    3039       0       0
  249999989                    11                    11             2.7773910E-05         1.0000000E+30                 0       
 NEXT SEEDS: DA7B370       1       0       0       0       0   181CD    3039       0       0
  249999990                    10                    10             2.7773910E-05         1.0000000E+30                 0       
 NEXT SEEDS: DA7B374       1       0       0       0       0   181CD    3039       0       0
  249999991                     9                     9             2.7773912E-05         1.0000000E+30                 0       
 NEXT SEEDS: DA7B37A       1       0       0       0       0   181CD    3039       0       0
  249999992                     8                     8             2.7773914E-05         1.0000000E+30                 0       
 NEXT SEEDS: DA7B37E       1       0       0       0       0   181CD    3039       0       0
  249999993                     7                     7             2.7773914E-05         1.0000000E+30                 0       
 NEXT SEEDS: DA7B382       1       0       0       0       0   181CD    3039       0       0
  249999994                     6                     6             2.7773916E-05         1.0000000E+30                 0       
 NEXT SEEDS: DA7B386       1       0       0       0       0   181CD    3039       0       0
  249999995                     5                     5             2.7773915E-05         1.0000000E+30                 0       
 NEXT SEEDS: DA7B38A       1       0       0       0       0   181CD    3039       0       0
  249999996                     4                     4             2.7773917E-05         1.0000000E+30                 0       
 NEXT SEEDS: DA7B38E       1       0       0       0       0   181CD    3039       0       0
  249999997                     3                     3             2.7773917E-05         1.0000000E+30                 0       
 NEXT SEEDS: DA7B392       1       0       0       0       0   181CD    3039       0       0
  249999998                     2                     2             2.7773917E-05         1.0000000E+30                 0       
 NEXT SEEDS: DA7B396       1       0       0       0       0   181CD    3039       0       0
  249999999                     1                     1             2.7773919E-05         1.0000000E+30                 0       
 NEXT SEEDS: DA7B39A       1       0       0       0       0   181CD    3039       0       0
  250000000                     0                     1             2.7773919E-05         1.0000000E+30                 0       
 NEXT SEEDS: DA7B39E       1       0       0       0       0   181CD    3039       0       0
