1NUMBER OF BEAM       NUMBER OF BEAM        APPROXIMATE NUMBER    AVERAGE TIME USED     TIME LEFT (RESERVED   NUMBER OF STARS
 PARTICLES HANDLED    PARTICLES LEFT        OF BEAM PARTICLES     BY A BEAM PARTICLE     10000.0 SECONDS      CREATED
                                            THAT CAN STILL BE                           FOR PRINTOUT)
                                            HANDLED

 NEXT SEEDS:       0       0       0       0       0       0   181CD    3039       0       0
          1             249999999             249999999             8.9883804E-05         1.0000000E+30                 0       
 NEXT SEEDS:       4       0       0       0       0       0   181CD    3039       0       0
    5000000             245000000             245000000             2.8588567E-05         1.0000000E+30                 0       
 NEXT SEEDS: 1771A09       0       0       0       0       0   181CD    3039       0       0
   10000000             240000000             240000000             2.8566383E-05         1.0000000E+30                 0       
 NEXT SEEDS: 2EDC8C1       0       0       0       0       0   181CD    3039       0       0
   15000000             235000000             235000000             2.8647374E-05         1.0000000E+30                 0       
 NEXT SEEDS: 464EA3C       0       0       0       0       0   181CD    3039       0       0
   20000000             230000000             230000000             2.8633671E-05         1.0000000E+30                 0       
 NEXT SEEDS: 5DBE7EB       0       0       0       0       0   181CD    3039       0       0
   25000000             225000000             225000000             2.8640342E-05         1.0000000E+30                 0       
 NEXT SEEDS: 75306BD       0       0       0       0       0   181CD    3039       0       0
   30000000             220000000             220000000             2.8621192E-05         1.0000000E+30                 0       
 NEXT SEEDS: 8CA2BB0       0       0       0       0       0   181CD    3039       0       0
   35000000             215000000             215000000             2.8621345E-05         1.0000000E+30                 0       
 NEXT SEEDS: A41887E       0       0       0       0       0   181CD    3039       0       0
   40000000             210000000             210000000             2.8625545E-05         1.0000000E+30                 0       
 NEXT SEEDS: BB8CA06       0       0       0       0       0   181CD    3039       0       0
   45000000             205000000             205000000             2.8623192E-05         1.0000000E+30                 0       
 NEXT SEEDS: D2FDD78       0       0       0       0       0   181CD    3039       0       0
   50000000             200000000             200000000             2.8625595E-05         1.0000000E+30                 0       
 NEXT SEEDS: EA71827       0       0       0       0       0   181CD    3039       0       0
   55000000             195000000             195000000             2.8625361E-05         1.0000000E+30                 0       
 NEXT SEEDS:101E339B       0       0       0       0       0   181CD    3039       0       0
   60000000             190000000             190000000             2.8622847E-05         1.0000000E+30                 0       
 NEXT SEEDS:119565D7       0       0       0       0       0   181CD    3039       0       0
   65000000             185000000             185000000             2.8622995E-05         1.0000000E+30                 0       
 NEXT SEEDS:130C5722       0       0       0       0       0   181CD    3039       0       0
   70000000             180000000             180000000             2.8616390E-05         1.0000000E+30                 0       
 NEXT SEEDS:1483744F       0       0       0       0       0   181CD    3039       0       0
   75000000             175000000             175000000             2.8608691E-05         1.0000000E+30                 0       
 NEXT SEEDS:15FA8468       0       0       0       0       0   181CD    3039       0       0
   80000000             170000000             170000000             2.8604122E-05         1.0000000E+30                 0       
 NEXT SEEDS:1771C39E       0       0       0       0       0   181CD    3039       0       0
  *** Emfgeo: Ncoun  2000000000
   85000000             165000000             165000000             2.8603521E-05         1.0000000E+30                 0       
 NEXT SEEDS:18E910D9       0       0       0       0       0   181CD    3039       0       0
   90000000             160000000             160000000             2.8601247E-05         1.0000000E+30                 0       
 NEXT SEEDS:1A603708       0       0       0       0       0   181CD    3039       0       0
   95000000             155000000             155000000             2.8599766E-05         1.0000000E+30                 0       
 NEXT SEEDS:1BD7496D       0       0       0       0       0   181CD    3039       0       0
  100000000             150000000             150000000             2.8605126E-05         1.0000000E+30                 0       
 NEXT SEEDS:1D4E70B9       0       0       0       0       0   181CD    3039       0       0
  105000000             145000000             145000000             2.8600313E-05         1.0000000E+30                 0       
 NEXT SEEDS:1EC5712C       0       0       0       0       0   181CD    3039       0       0
  110000000             140000000             140000000             2.8593898E-05         1.0000000E+30                 0       
 NEXT SEEDS:203C4CAC       0       0       0       0       0   181CD    3039       0       0
  115000000             135000000             135000000             2.8594665E-05         1.0000000E+30                 0       
 NEXT SEEDS:21B3B0BE       0       0       0       0       0   181CD    3039       0       0
  120000000             130000000             130000000             2.8591774E-05         1.0000000E+30                 0       
 NEXT SEEDS:232A8E25       0       0       0       0       0   181CD    3039       0       0
  125000000             125000000             125000000             2.8587953E-05         1.0000000E+30                 0       
 NEXT SEEDS:24A1E4CA       0       0       0       0       0   181CD    3039       0       0
  130000000             120000000             120000000             2.8593113E-05         1.0000000E+30                 0       
 NEXT SEEDS:2619020C       0       0       0       0       0   181CD    3039       0       0
  135000000             115000000             115000000             2.8594336E-05         1.0000000E+30                 0       
 NEXT SEEDS:27900352       0       0       0       0       0   181CD    3039       0       0
  140000000             110000000             110000000             2.8594397E-05         1.0000000E+30                 0       
 NEXT SEEDS:290701A8       0       0       0       0       0   181CD    3039       0       0
  145000000             105000000             105000000             2.8592521E-05         1.0000000E+30                 0       
 NEXT SEEDS:2A7E2264       0       0       0       0       0   181CD    3039       0       0
  150000000             100000000             100000000             2.8591181E-05         1.0000000E+30                 0       
 NEXT SEEDS:2BF54D1C       0       0       0       0       0   181CD    3039       0       0
  155000000              95000000              95000000             2.8590914E-05         1.0000000E+30                 0       
 NEXT SEEDS:2D6C8018       0       0       0       0       0   181CD    3039       0       0
  160000000              90000000              90000000             2.8592389E-05         1.0000000E+30                 0       
 NEXT SEEDS:2EE3B696       0       0       0       0       0   181CD    3039       0       0
  *** Emfgeo: Ncoun  2000000000
  165000000              85000000              85000000             2.8591382E-05         1.0000000E+30                 0       
 NEXT SEEDS:305AFB72       0       0       0       0       0   181CD    3039       0       0
  170000000              80000000              80000000             2.8589907E-05         1.0000000E+30                 0       
 NEXT SEEDS:31D214E6       0       0       0       0       0   181CD    3039       0       0
  175000000              75000000              75000000             2.8587712E-05         1.0000000E+30                 0       
 NEXT SEEDS:33496105       0       0       0       0       0   181CD    3039       0       0
  180000000              70000000              70000000             2.8586610E-05         1.0000000E+30                 0       
 NEXT SEEDS:34C07736       0       0       0       0       0   181CD    3039       0       0
  185000000              65000000              65000000             2.8585710E-05         1.0000000E+30                 0       
 NEXT SEEDS:36374F63       0       0       0       0       0   181CD    3039       0       0
  190000000              60000000              60000000             2.8586744E-05         1.0000000E+30                 0       
 NEXT SEEDS:37AE928B       0       0       0       0       0   181CD    3039       0       0
  195000000              55000000              55000000             2.8588809E-05         1.0000000E+30                 0       
 NEXT SEEDS:3925EB49       0       0       0       0       0   181CD    3039       0       0
  200000000              50000000              50000000             2.8588913E-05         1.0000000E+30                 0       
 NEXT SEEDS:3A9D1055       0       0       0       0       0   181CD    3039       0       0
  205000000              45000000              45000000             2.8588572E-05         1.0000000E+30                 0       
 NEXT SEEDS:  7945BD       1       0       0       0       0   181CD    3039       0       0
  210000000              40000000              40000000             2.8588683E-05         1.0000000E+30                 0       
 NEXT SEEDS: 1F07C4D       1       0       0       0       0   181CD    3039       0       0
  215000000              35000000              35000000             2.8587904E-05         1.0000000E+30                 0       
 NEXT SEEDS: 367A23C       1       0       0       0       0   181CD    3039       0       0
  220000000              30000000              30000000             2.8588503E-05         1.0000000E+30                 0       
 NEXT SEEDS: 4DED50B       1       0       0       0       0   181CD    3039       0       0
  225000000              25000000              25000000             2.8587391E-05         1.0000000E+30                 0       
 NEXT SEEDS: 6561B21       1       0       0       0       0   181CD    3039       0       0
  230000000              20000000              20000000             2.8587644E-05         1.0000000E+30                 0       
 NEXT SEEDS: 7CD3255       1       0       0       0       0   181CD    3039       0       0
  235000000              15000000              15000000             2.8589374E-05         1.0000000E+30                 0       
 NEXT SEEDS: 94498DA       1       0       0       0       0   181CD    3039       0       0
  240000000              10000000              10000000             2.8589018E-05         1.0000000E+30                 0       
 NEXT SEEDS: ABBAF5A       1       0       0       0       0   181CD    3039       0       0
  *** Emfgeo: Ncoun  2000000000
  245000000               5000000               5000000             2.8588189E-05         1.0000000E+30                 0       
 NEXT SEEDS: C328308       1       0       0       0       0   181CD    3039       0       0
  249999950                    50                    50             2.8586927E-05         1.0000000E+30                 0       
 NEXT SEEDS: DA9485B       1       0       0       0       0   181CD    3039       0       0
  249999951                    49                    49             2.8586927E-05         1.0000000E+30                 0       
 NEXT SEEDS: DA9485F       1       0       0       0       0   181CD    3039       0       0
  249999952                    48                    48             2.8586927E-05         1.0000000E+30                 0       
 NEXT SEEDS: DA94863       1       0       0       0       0   181CD    3039       0       0
  249999953                    47                    47             2.8586927E-05         1.0000000E+30                 0       
 NEXT SEEDS: DA94867       1       0       0       0       0   181CD    3039       0       0
  249999954                    46                    46             2.8586927E-05         1.0000000E+30                 0       
 NEXT SEEDS: DA94879       1       0       0       0       0   181CD    3039       0       0
  249999955                    45                    45             2.8586929E-05         1.0000000E+30                 0       
 NEXT SEEDS: DA9487D       1       0       0       0       0   181CD    3039       0       0
  249999956                    44                    44             2.8586929E-05         1.0000000E+30                 0       
 NEXT SEEDS: DA94881       1       0       0       0       0   181CD    3039       0       0
  249999957                    43                    43             2.8586929E-05         1.0000000E+30                 0       
 NEXT SEEDS: DA94885       1       0       0       0       0   181CD    3039       0       0
  249999958                    42                    42             2.8586930E-05         1.0000000E+30                 0       
 NEXT SEEDS: DA94889       1       0       0       0       0   181CD    3039       0       0
  249999959                    41                    41             2.8586930E-05         1.0000000E+30                 0       
 NEXT SEEDS: DA9488D       1       0       0       0       0   181CD    3039       0       0
  249999960                    40                    40             2.8586932E-05         1.0000000E+30                 0       
 NEXT SEEDS: DA94891       1       0       0       0       0   181CD    3039       0       0
  249999961                    39                    39             2.8586932E-05         1.0000000E+30                 0       
 NEXT SEEDS: DA94895       1       0       0       0       0   181CD    3039       0       0
  249999962                    38                    38             2.8586932E-05         1.0000000E+30                 0       
 NEXT SEEDS: DA94899       1       0       0       0       0   181CD    3039       0       0
  249999963                    37                    37             2.8586932E-05         1.0000000E+30                 0       
 NEXT SEEDS: DA9489D       1       0       0       0       0   181CD    3039       0       0
  249999964                    36                    36             2.8586932E-05         1.0000000E+30                 0       
 NEXT SEEDS: DA948A1       1       0       0       0       0   181CD    3039       0       0
  249999965                    35                    35             2.8586932E-05         1.0000000E+30                 0       
 NEXT SEEDS: DA948A5       1       0       0       0       0   181CD    3039       0       0
  249999966                    34                    34             2.8586931E-05         1.0000000E+30                 0       
 NEXT SEEDS: DA948A9       1       0       0       0       0   181CD    3039       0       0
  249999967                    33                    33             2.8586931E-05         1.0000000E+30                 0       
 NEXT SEEDS: DA948AD       1       0       0       0       0   181CD    3039       0       0
  249999968                    32                    32             2.8586931E-05         1.0000000E+30                 0       
 NEXT SEEDS: DA948B1       1       0       0       0       0   181CD    3039       0       0
  249999969                    31                    31             2.8586931E-05         1.0000000E+30                 0       
 NEXT SEEDS: DA948B5       1       0       0       0       0   181CD    3039       0       0
  249999970                    30                    30             2.8586931E-05         1.0000000E+30                 0       
 NEXT SEEDS: DA948B9       1       0       0       0       0   181CD    3039       0       0
  249999971                    29                    29             2.8586931E-05         1.0000000E+30                 0       
 NEXT SEEDS: DA948BD       1       0       0       0       0   181CD    3039       0       0
  249999972                    28                    28             2.8586933E-05         1.0000000E+30                 0       
 NEXT SEEDS: DA948C1       1       0       0       0       0   181CD    3039       0       0
  249999973                    27                    27             2.8586933E-05         1.0000000E+30                 0       
 NEXT SEEDS: DA948C5       1       0       0       0       0   181CD    3039       0       0
  249999974                    26                    26             2.8586932E-05         1.0000000E+30                 0       
 NEXT SEEDS: DA948C9       1       0       0       0       0   181CD    3039       0       0
  249999975                    25                    25             2.8586934E-05         1.0000000E+30                 0       
 NEXT SEEDS: DA948CD       1       0       0       0       0   181CD    3039       0       0
  249999976                    24                    24             2.8586934E-05         1.0000000E+30                 0       
 NEXT SEEDS: DA948D3       1       0       0       0       0   181CD    3039       0       0
  249999977                    23                    23             2.8586936E-05         1.0000000E+30                 0       
 NEXT SEEDS: DA948D9       1       0       0       0       0   181CD    3039       0       0
  249999978                    22                    22             2.8586936E-05         1.0000000E+30                 0       
 NEXT SEEDS: DA948DD       1       0       0       0       0   181CD    3039       0       0
  249999979                    21                    21             2.8586936E-05         1.0000000E+30                 0       
 NEXT SEEDS: DA948E1       1       0       0       0       0   181CD    3039       0       0
  249999980                    20                    20             2.8586938E-05         1.0000000E+30                 0       
 NEXT SEEDS: DA948F5       1       0       0       0       0   181CD    3039       0       0
  249999981                    19                    19             2.8586938E-05         1.0000000E+30                 0       
 NEXT SEEDS: DA948F9       1       0       0       0       0   181CD    3039       0       0
  249999982                    18                    18             2.8586937E-05         1.0000000E+30                 0       
 NEXT SEEDS: DA948FD       1       0       0       0       0   181CD    3039       0       0
  249999983                    17                    17             2.8586939E-05         1.0000000E+30                 0       
 NEXT SEEDS: DA94901       1       0       0       0       0   181CD    3039       0       0
  249999984                    16                    16             2.8586939E-05         1.0000000E+30                 0       
 NEXT SEEDS: DA94905       1       0       0       0       0   181CD    3039       0       0
  249999985                    15                    15             2.8586941E-05         1.0000000E+30                 0       
 NEXT SEEDS: DA94920       1       0       0       0       0   181CD    3039       0       0
  249999986                    14                    14             2.8586941E-05         1.0000000E+30                 0       
 NEXT SEEDS: DA94924       1       0       0       0       0   181CD    3039       0       0
  249999987                    13                    13             2.8586941E-05         1.0000000E+30                 0       
 NEXT SEEDS: DA94928       1       0       0       0       0   181CD    3039       0       0
  249999988                    12                    12             2.8586943E-05         1.0000000E+30                 0       
 NEXT SEEDS: DA9492C       1       0       0       0       0   181CD    3039       0       0
  249999989                    11                    11             2.8586942E-05         1.0000000E+30                 0       
 NEXT SEEDS: DA94930       1       0       0       0       0   181CD    3039       0       0
  249999990                    10                    10             2.8586942E-05         1.0000000E+30                 0       
 NEXT SEEDS: DA94934       1       0       0       0       0   181CD    3039       0       0
  249999991                     9                     9             2.8586944E-05         1.0000000E+30                 0       
 NEXT SEEDS: DA94938       1       0       0       0       0   181CD    3039       0       0
  249999992                     8                     8             2.8586944E-05         1.0000000E+30                 0       
 NEXT SEEDS: DA9493C       1       0       0       0       0   181CD    3039       0       0
  249999993                     7                     7             2.8586946E-05         1.0000000E+30                 0       
 NEXT SEEDS: DA94940       1       0       0       0       0   181CD    3039       0       0
  249999994                     6                     6             2.8586946E-05         1.0000000E+30                 0       
 NEXT SEEDS: DA94946       1       0       0       0       0   181CD    3039       0       0
  249999995                     5                     5             2.8586946E-05         1.0000000E+30                 0       
 NEXT SEEDS: DA9494A       1       0       0       0       0   181CD    3039       0       0
  249999996                     4                     4             2.8586948E-05         1.0000000E+30                 0       
 NEXT SEEDS: DA9494E       1       0       0       0       0   181CD    3039       0       0
  249999997                     3                     3             2.8586949E-05         1.0000000E+30                 0       
 NEXT SEEDS: DA94952       1       0       0       0       0   181CD    3039       0       0
  249999998                     2                     2             2.8586949E-05         1.0000000E+30                 0       
 NEXT SEEDS: DA94956       1       0       0       0       0   181CD    3039       0       0
  249999999                     1                     1             2.8586949E-05         1.0000000E+30                 0       
 NEXT SEEDS: DA9495A       1       0       0       0       0   181CD    3039       0       0
  250000000                     0                     1             2.8586949E-05         1.0000000E+30                 0       
 NEXT SEEDS: DA9495E       1       0       0       0       0   181CD    3039       0       0
