1NUMBER OF BEAM       NUMBER OF BEAM        APPROXIMATE NUMBER    AVERAGE TIME USED     TIME LEFT (RESERVED   NUMBER OF STARS
 PARTICLES HANDLED    PARTICLES LEFT        OF BEAM PARTICLES     BY A BEAM PARTICLE     10000.0 SECONDS      CREATED
                                            THAT CAN STILL BE                           FOR PRINTOUT)
                                            HANDLED

 NEXT SEEDS:       0       0       0       0       0       0   181CD    3039       0       0
          1             249999999             249999999             7.6770782E-05         1.0000000E+30                 0       
 NEXT SEEDS:       4       0       0       0       0       0   181CD    3039       0       0
    5000000             245000000             245000000             2.8624697E-05         1.0000000E+30                 0       
 NEXT SEEDS: 1773B64       0       0       0       0       0   181CD    3039       0       0
   10000000             240000000             240000000             2.8626723E-05         1.0000000E+30                 0       
 NEXT SEEDS: 2EE48DD       0       0       0       0       0   181CD    3039       0       0
   15000000             235000000             235000000             2.8635841E-05         1.0000000E+30                 0       
 NEXT SEEDS: 4657D74       0       0       0       0       0   181CD    3039       0       0
   20000000             230000000             230000000             2.8633153E-05         1.0000000E+30                 0       
 NEXT SEEDS: 5DC87A5       0       0       0       0       0   181CD    3039       0       0
   25000000             225000000             225000000             2.8641445E-05         1.0000000E+30                 0       
 NEXT SEEDS: 75396D9       0       0       0       0       0   181CD    3039       0       0
   30000000             220000000             220000000             2.8637550E-05         1.0000000E+30                 0       
 NEXT SEEDS: 8CAAEFE       0       0       0       0       0   181CD    3039       0       0
   35000000             215000000             215000000             2.8639873E-05         1.0000000E+30                 0       
 NEXT SEEDS: A41BA0E       0       0       0       0       0   181CD    3039       0       0
   40000000             210000000             210000000             2.8639181E-05         1.0000000E+30                 0       
 NEXT SEEDS: BB8B49A       0       0       0       0       0   181CD    3039       0       0
   45000000             205000000             205000000             2.8631583E-05         1.0000000E+30                 0       
 NEXT SEEDS: D2FC2F6       0       0       0       0       0   181CD    3039       0       0
   50000000             200000000             200000000             2.8633256E-05         1.0000000E+30                 0       
 NEXT SEEDS: EA6EEC5       0       0       0       0       0   181CD    3039       0       0
   55000000             195000000             195000000             2.8627175E-05         1.0000000E+30                 0       
 NEXT SEEDS:101D92B4       0       0       0       0       0   181CD    3039       0       0
   60000000             190000000             190000000             2.8624371E-05         1.0000000E+30                 0       
 NEXT SEEDS:1194E824       0       0       0       0       0   181CD    3039       0       0
   65000000             185000000             185000000             2.8621922E-05         1.0000000E+30                 0       
 NEXT SEEDS:130C0365       0       0       0       0       0   181CD    3039       0       0
   70000000             180000000             180000000             2.8614324E-05         1.0000000E+30                 0       
 NEXT SEEDS:1482DAC7       0       0       0       0       0   181CD    3039       0       0
   75000000             175000000             175000000             2.8614692E-05         1.0000000E+30                 0       
 NEXT SEEDS:15F9A47B       0       0       0       0       0   181CD    3039       0       0
   80000000             170000000             170000000             2.8625258E-05         1.0000000E+30                 0       
 NEXT SEEDS:1770D9CA       0       0       0       0       0   181CD    3039       0       0
  *** Emfgeo: Ncoun  2000000000
   85000000             165000000             165000000             2.8632392E-05         1.0000000E+30                 0       
 NEXT SEEDS:18E817C2       0       0       0       0       0   181CD    3039       0       0
   90000000             160000000             160000000             2.8632475E-05         1.0000000E+30                 0       
 NEXT SEEDS:1A5F432F       0       0       0       0       0   181CD    3039       0       0
   95000000             155000000             155000000             2.8630406E-05         1.0000000E+30                 0       
 NEXT SEEDS:1BD66CF0       0       0       0       0       0   181CD    3039       0       0
  100000000             150000000             150000000             2.8638758E-05         1.0000000E+30                 0       
 NEXT SEEDS:1D4D7FDA       0       0       0       0       0   181CD    3039       0       0
  105000000             145000000             145000000             2.8651087E-05         1.0000000E+30                 0       
 NEXT SEEDS:1EC4AD94       0       0       0       0       0   181CD    3039       0       0
  110000000             140000000             140000000             2.8648951E-05         1.0000000E+30                 0       
 NEXT SEEDS:203B9567       0       0       0       0       0   181CD    3039       0       0
  115000000             135000000             135000000             2.8648871E-05         1.0000000E+30                 0       
 NEXT SEEDS:21B2E878       0       0       0       0       0   181CD    3039       0       0
  120000000             130000000             130000000             2.8649439E-05         1.0000000E+30                 0       
 NEXT SEEDS:2329E6C7       0       0       0       0       0   181CD    3039       0       0
  125000000             125000000             125000000             2.8648214E-05         1.0000000E+30                 0       
 NEXT SEEDS:24A0FE4A       0       0       0       0       0   181CD    3039       0       0
  130000000             120000000             120000000             2.8646271E-05         1.0000000E+30                 0       
 NEXT SEEDS:26180FFD       0       0       0       0       0   181CD    3039       0       0
  135000000             115000000             115000000             2.8645160E-05         1.0000000E+30                 0       
 NEXT SEEDS:278F2E5A       0       0       0       0       0   181CD    3039       0       0
  140000000             110000000             110000000             2.8642520E-05         1.0000000E+30                 0       
 NEXT SEEDS:29067359       0       0       0       0       0   181CD    3039       0       0
  145000000             105000000             105000000             2.8640976E-05         1.0000000E+30                 0       
 NEXT SEEDS:2A7D4BEE       0       0       0       0       0   181CD    3039       0       0
  150000000             100000000             100000000             2.8640834E-05         1.0000000E+30                 0       
 NEXT SEEDS:2BF47DB2       0       0       0       0       0   181CD    3039       0       0
  155000000              95000000              95000000             2.8639088E-05         1.0000000E+30                 0       
 NEXT SEEDS:2D6B9CF1       0       0       0       0       0   181CD    3039       0       0
  160000000              90000000              90000000             2.8640800E-05         1.0000000E+30                 0       
 NEXT SEEDS:2EE2C148       0       0       0       0       0   181CD    3039       0       0
  *** Emfgeo: Ncoun  2000000000
  165000000              85000000              85000000             2.8638912E-05         1.0000000E+30                 0       
 NEXT SEEDS:3059BC43       0       0       0       0       0   181CD    3039       0       0
  170000000              80000000              80000000             2.8638819E-05         1.0000000E+30                 0       
 NEXT SEEDS:31D0DEDC       0       0       0       0       0   181CD    3039       0       0
  175000000              75000000              75000000             2.8638310E-05         1.0000000E+30                 0       
 NEXT SEEDS:334839C8       0       0       0       0       0   181CD    3039       0       0
  180000000              70000000              70000000             2.8635528E-05         1.0000000E+30                 0       
 NEXT SEEDS:34BF4518       0       0       0       0       0   181CD    3039       0       0
  185000000              65000000              65000000             2.8633985E-05         1.0000000E+30                 0       
 NEXT SEEDS:363634F7       0       0       0       0       0   181CD    3039       0       0
  190000000              60000000              60000000             2.8633772E-05         1.0000000E+30                 0       
 NEXT SEEDS:37AD5FA6       0       0       0       0       0   181CD    3039       0       0
  195000000              55000000              55000000             2.8634160E-05         1.0000000E+30                 0       
 NEXT SEEDS:39247E27       0       0       0       0       0   181CD    3039       0       0
  200000000              50000000              50000000             2.8632164E-05         1.0000000E+30                 0       
 NEXT SEEDS:3A9B724F       0       0       0       0       0   181CD    3039       0       0
  205000000              45000000              45000000             2.8631193E-05         1.0000000E+30                 0       
 NEXT SEEDS:  779003       1       0       0       0       0   181CD    3039       0       0
  210000000              40000000              40000000             2.8631390E-05         1.0000000E+30                 0       
 NEXT SEEDS: 1EE8155       1       0       0       0       0   181CD    3039       0       0
  215000000              35000000              35000000             2.8630753E-05         1.0000000E+30                 0       
 NEXT SEEDS: 3656871       1       0       0       0       0   181CD    3039       0       0
  220000000              30000000              30000000             2.8629490E-05         1.0000000E+30                 0       
 NEXT SEEDS: 4DC381D       1       0       0       0       0   181CD    3039       0       0
  225000000              25000000              25000000             2.8628950E-05         1.0000000E+30                 0       
 NEXT SEEDS: 6532CA2       1       0       0       0       0   181CD    3039       0       0
  230000000              20000000              20000000             2.8628478E-05         1.0000000E+30                 0       
 NEXT SEEDS: 7CA5EE5       1       0       0       0       0   181CD    3039       0       0
  235000000              15000000              15000000             2.8629476E-05         1.0000000E+30                 0       
 NEXT SEEDS: 9418A1E       1       0       0       0       0   181CD    3039       0       0
  240000000              10000000              10000000             2.8628762E-05         1.0000000E+30                 0       
 NEXT SEEDS: AB8B602       1       0       0       0       0   181CD    3039       0       0
  *** Emfgeo: Ncoun  2000000000
  245000000               5000000               5000000             2.8629110E-05         1.0000000E+30                 0       
 NEXT SEEDS: C2FF2C1       1       0       0       0       0   181CD    3039       0       0
  249999950                    50                    50             2.8630278E-05         1.0000000E+30                 0       
 NEXT SEEDS: DA73109       1       0       0       0       0   181CD    3039       0       0
  249999951                    49                    49             2.8630279E-05         1.0000000E+30                 0       
 NEXT SEEDS: DA7310D       1       0       0       0       0   181CD    3039       0       0
  249999952                    48                    48             2.8630281E-05         1.0000000E+30                 0       
 NEXT SEEDS: DA73113       1       0       0       0       0   181CD    3039       0       0
  249999953                    47                    47             2.8630281E-05         1.0000000E+30                 0       
 NEXT SEEDS: DA73117       1       0       0       0       0   181CD    3039       0       0
  249999954                    46                    46             2.8630281E-05         1.0000000E+30                 0       
 NEXT SEEDS: DA7311B       1       0       0       0       0   181CD    3039       0       0
  249999955                    45                    45             2.8630281E-05         1.0000000E+30                 0       
 NEXT SEEDS: DA7311F       1       0       0       0       0   181CD    3039       0       0
  249999956                    44                    44             2.8630281E-05         1.0000000E+30                 0       
 NEXT SEEDS: DA73123       1       0       0       0       0   181CD    3039       0       0
  249999957                    43                    43             2.8630281E-05         1.0000000E+30                 0       
 NEXT SEEDS: DA73127       1       0       0       0       0   181CD    3039       0       0
  249999958                    42                    42             2.8630281E-05         1.0000000E+30                 0       
 NEXT SEEDS: DA7312B       1       0       0       0       0   181CD    3039       0       0
  249999959                    41                    41             2.8630281E-05         1.0000000E+30                 0       
 NEXT SEEDS: DA7312F       1       0       0       0       0   181CD    3039       0       0
  249999960                    40                    40             2.8630280E-05         1.0000000E+30                 0       
 NEXT SEEDS: DA73133       1       0       0       0       0   181CD    3039       0       0
  249999961                    39                    39             2.8630280E-05         1.0000000E+30                 0       
 NEXT SEEDS: DA73137       1       0       0       0       0   181CD    3039       0       0
  249999962                    38                    38             2.8630280E-05         1.0000000E+30                 0       
 NEXT SEEDS: DA7313B       1       0       0       0       0   181CD    3039       0       0
  249999963                    37                    37             2.8630280E-05         1.0000000E+30                 0       
 NEXT SEEDS: DA7313F       1       0       0       0       0   181CD    3039       0       0
  249999964                    36                    36             2.8630280E-05         1.0000000E+30                 0       
 NEXT SEEDS: DA73143       1       0       0       0       0   181CD    3039       0       0
  249999965                    35                    35             2.8630280E-05         1.0000000E+30                 0       
 NEXT SEEDS: DA73147       1       0       0       0       0   181CD    3039       0       0
  249999966                    34                    34             2.8630280E-05         1.0000000E+30                 0       
 NEXT SEEDS: DA7314B       1       0       0       0       0   181CD    3039       0       0
  249999967                    33                    33             2.8630280E-05         1.0000000E+30                 0       
 NEXT SEEDS: DA7314F       1       0       0       0       0   181CD    3039       0       0
  249999968                    32                    32             2.8630279E-05         1.0000000E+30                 0       
 NEXT SEEDS: DA73153       1       0       0       0       0   181CD    3039       0       0
  249999969                    31                    31             2.8630279E-05         1.0000000E+30                 0       
 NEXT SEEDS: DA73157       1       0       0       0       0   181CD    3039       0       0
  249999970                    30                    30             2.8630281E-05         1.0000000E+30                 0       
 NEXT SEEDS: DA7315B       1       0       0       0       0   181CD    3039       0       0
  249999971                    29                    29             2.8630281E-05         1.0000000E+30                 0       
 NEXT SEEDS: DA7315F       1       0       0       0       0   181CD    3039       0       0
  249999972                    28                    28             2.8630281E-05         1.0000000E+30                 0       
 NEXT SEEDS: DA73163       1       0       0       0       0   181CD    3039       0       0
  249999973                    27                    27             2.8630283E-05         1.0000000E+30                 0       
 NEXT SEEDS: DA73167       1       0       0       0       0   181CD    3039       0       0
  249999974                    26                    26             2.8630283E-05         1.0000000E+30                 0       
 NEXT SEEDS: DA7316B       1       0       0       0       0   181CD    3039       0       0
  249999975                    25                    25             2.8630283E-05         1.0000000E+30                 0       
 NEXT SEEDS: DA7316F       1       0       0       0       0   181CD    3039       0       0
  249999976                    24                    24             2.8630282E-05         1.0000000E+30                 0       
 NEXT SEEDS: DA73173       1       0       0       0       0   181CD    3039       0       0
  249999977                    23                    23             2.8630282E-05         1.0000000E+30                 0       
 NEXT SEEDS: DA73177       1       0       0       0       0   181CD    3039       0       0
  249999978                    22                    22             2.8630282E-05         1.0000000E+30                 0       
 NEXT SEEDS: DA7317B       1       0       0       0       0   181CD    3039       0       0
  249999979                    21                    21             2.8630282E-05         1.0000000E+30                 0       
 NEXT SEEDS: DA7317F       1       0       0       0       0   181CD    3039       0       0
  249999980                    20                    20             2.8630282E-05         1.0000000E+30                 0       
 NEXT SEEDS: DA73183       1       0       0       0       0   181CD    3039       0       0
  249999981                    19                    19             2.8630282E-05         1.0000000E+30                 0       
 NEXT SEEDS: DA73187       1       0       0       0       0   181CD    3039       0       0
  249999982                    18                    18             2.8630282E-05         1.0000000E+30                 0       
 NEXT SEEDS: DA7318B       1       0       0       0       0   181CD    3039       0       0
  249999983                    17                    17             2.8630282E-05         1.0000000E+30                 0       
 NEXT SEEDS: DA7318F       1       0       0       0       0   181CD    3039       0       0
  249999984                    16                    16             2.8630282E-05         1.0000000E+30                 0       
 NEXT SEEDS: DA73193       1       0       0       0       0   181CD    3039       0       0
  249999985                    15                    15             2.8630281E-05         1.0000000E+30                 0       
 NEXT SEEDS: DA73197       1       0       0       0       0   181CD    3039       0       0
  249999986                    14                    14             2.8630283E-05         1.0000000E+30                 0       
 NEXT SEEDS: DA7319D       1       0       0       0       0   181CD    3039       0       0
  249999987                    13                    13             2.8630283E-05         1.0000000E+30                 0       
 NEXT SEEDS: DA731A1       1       0       0       0       0   181CD    3039       0       0
  249999988                    12                    12             2.8630283E-05         1.0000000E+30                 0       
 NEXT SEEDS: DA731A5       1       0       0       0       0   181CD    3039       0       0
  249999989                    11                    11             2.8630285E-05         1.0000000E+30                 0       
 NEXT SEEDS: DA731A9       1       0       0       0       0   181CD    3039       0       0
  249999990                    10                    10             2.8630285E-05         1.0000000E+30                 0       
 NEXT SEEDS: DA731AD       1       0       0       0       0   181CD    3039       0       0
  249999991                     9                     9             2.8630285E-05         1.0000000E+30                 0       
 NEXT SEEDS: DA731B1       1       0       0       0       0   181CD    3039       0       0
  249999992                     8                     8             2.8630286E-05         1.0000000E+30                 0       
 NEXT SEEDS: DA731B5       1       0       0       0       0   181CD    3039       0       0
  249999993                     7                     7             2.8630288E-05         1.0000000E+30                 0       
 NEXT SEEDS: DA731B9       1       0       0       0       0   181CD    3039       0       0
  249999994                     6                     6             2.8630288E-05         1.0000000E+30                 0       
 NEXT SEEDS: DA731BD       1       0       0       0       0   181CD    3039       0       0
  249999995                     5                     5             2.8630288E-05         1.0000000E+30                 0       
 NEXT SEEDS: DA731C1       1       0       0       0       0   181CD    3039       0       0
  249999996                     4                     4             2.8630290E-05         1.0000000E+30                 0       
 NEXT SEEDS: DA731C5       1       0       0       0       0   181CD    3039       0       0
  249999997                     3                     3             2.8630290E-05         1.0000000E+30                 0       
 NEXT SEEDS: DA731C9       1       0       0       0       0   181CD    3039       0       0
  249999998                     2                     2             2.8630290E-05         1.0000000E+30                 0       
 NEXT SEEDS: DA731CF       1       0       0       0       0   181CD    3039       0       0
  249999999                     1                     1             2.8630290E-05         1.0000000E+30                 0       
 NEXT SEEDS: DA731D3       1       0       0       0       0   181CD    3039       0       0
  250000000                     0                     1             2.8630289E-05         1.0000000E+30                 0       
 NEXT SEEDS: DA731D7       1       0       0       0       0   181CD    3039       0       0
