1NUMBER OF BEAM       NUMBER OF BEAM        APPROXIMATE NUMBER    AVERAGE TIME USED     TIME LEFT (RESERVED   NUMBER OF STARS
 PARTICLES HANDLED    PARTICLES LEFT        OF BEAM PARTICLES     BY A BEAM PARTICLE     10000.0 SECONDS      CREATED
                                            THAT CAN STILL BE                           FOR PRINTOUT)
                                            HANDLED

 NEXT SEEDS:       0       0       0       0       0       0   181CD    3039       0       0
          1             249999999             249999999             7.7962875E-05         1.0000000E+30                 0       
 NEXT SEEDS:       4       0       0       0       0       0   181CD    3039       0       0
    5000000             245000000             245000000             2.8566204E-05         1.0000000E+30                 0       
 NEXT SEEDS: 176FE66       0       0       0       0       0   181CD    3039       0       0
   10000000             240000000             240000000             2.8551089E-05         1.0000000E+30                 0       
 NEXT SEEDS: 2EE46E8       0       0       0       0       0   181CD    3039       0       0
   15000000             235000000             235000000             2.8550759E-05         1.0000000E+30                 0       
 NEXT SEEDS: 4656A28       0       0       0       0       0   181CD    3039       0       0
   20000000             230000000             230000000             2.8531195E-05         1.0000000E+30                 0       
 NEXT SEEDS: 5DC5EF1       0       0       0       0       0   181CD    3039       0       0
   25000000             225000000             225000000             2.8525823E-05         1.0000000E+30                 0       
 NEXT SEEDS: 75390F3       0       0       0       0       0   181CD    3039       0       0
   30000000             220000000             220000000             2.8525087E-05         1.0000000E+30                 0       
 NEXT SEEDS: 8CAE296       0       0       0       0       0   181CD    3039       0       0
   35000000             215000000             215000000             2.8538285E-05         1.0000000E+30                 0       
 NEXT SEEDS: A41E85C       0       0       0       0       0   181CD    3039       0       0
   40000000             210000000             210000000             2.8543179E-05         1.0000000E+30                 0       
 NEXT SEEDS: BB8FBD2       0       0       0       0       0   181CD    3039       0       0
   45000000             205000000             205000000             2.8604812E-05         1.0000000E+30                 0       
 NEXT SEEDS: D2FF5ED       0       0       0       0       0   181CD    3039       0       0
   50000000             200000000             200000000             2.8629546E-05         1.0000000E+30                 0       
 NEXT SEEDS: EA715A1       0       0       0       0       0   181CD    3039       0       0
   55000000             195000000             195000000             2.8616144E-05         1.0000000E+30                 0       
 NEXT SEEDS:101E474B       0       0       0       0       0   181CD    3039       0       0
   60000000             190000000             190000000             2.8612781E-05         1.0000000E+30                 0       
 NEXT SEEDS:11957005       0       0       0       0       0   181CD    3039       0       0
   65000000             185000000             185000000             2.8605906E-05         1.0000000E+30                 0       
 NEXT SEEDS:130C77BF       0       0       0       0       0   181CD    3039       0       0
   70000000             180000000             180000000             2.8594786E-05         1.0000000E+30                 0       
 NEXT SEEDS:14833923       0       0       0       0       0   181CD    3039       0       0
   75000000             175000000             175000000             2.8591426E-05         1.0000000E+30                 0       
 NEXT SEEDS:15FA6E00       0       0       0       0       0   181CD    3039       0       0
   80000000             170000000             170000000             2.8598618E-05         1.0000000E+30                 0       
 NEXT SEEDS:17718415       0       0       0       0       0   181CD    3039       0       0
  *** Emfgeo: Ncoun  2000000000
   85000000             165000000             165000000             2.8593204E-05         1.0000000E+30                 0       
 NEXT SEEDS:18E88FE3       0       0       0       0       0   181CD    3039       0       0
   90000000             160000000             160000000             2.8590297E-05         1.0000000E+30                 0       
 NEXT SEEDS:1A5FFC79       0       0       0       0       0   181CD    3039       0       0
   95000000             155000000             155000000             2.8585809E-05         1.0000000E+30                 0       
 NEXT SEEDS:1BD720CC       0       0       0       0       0   181CD    3039       0       0
  100000000             150000000             150000000             2.8584204E-05         1.0000000E+30                 0       
 NEXT SEEDS:1D4E09BB       0       0       0       0       0   181CD    3039       0       0
  105000000             145000000             145000000             2.8583326E-05         1.0000000E+30                 0       
 NEXT SEEDS:1EC50230       0       0       0       0       0   181CD    3039       0       0
  110000000             140000000             140000000             2.8601629E-05         1.0000000E+30                 0       
 NEXT SEEDS:203BE828       0       0       0       0       0   181CD    3039       0       0
  115000000             135000000             135000000             2.8606840E-05         1.0000000E+30                 0       
 NEXT SEEDS:21B3331A       0       0       0       0       0   181CD    3039       0       0
  120000000             130000000             130000000             2.8599587E-05         1.0000000E+30                 0       
 NEXT SEEDS:2329E30F       0       0       0       0       0   181CD    3039       0       0
  125000000             125000000             125000000             2.8595102E-05         1.0000000E+30                 0       
 NEXT SEEDS:24A0E6E7       0       0       0       0       0   181CD    3039       0       0
  130000000             120000000             120000000             2.8591746E-05         1.0000000E+30                 0       
 NEXT SEEDS:261803ED       0       0       0       0       0   181CD    3039       0       0
  135000000             115000000             115000000             2.8591618E-05         1.0000000E+30                 0       
 NEXT SEEDS:278F0CE4       0       0       0       0       0   181CD    3039       0       0
  140000000             110000000             110000000             2.8589955E-05         1.0000000E+30                 0       
 NEXT SEEDS:29061983       0       0       0       0       0   181CD    3039       0       0
  145000000             105000000             105000000             2.8587667E-05         1.0000000E+30                 0       
 NEXT SEEDS:2A7D1E9B       0       0       0       0       0   181CD    3039       0       0
  150000000             100000000             100000000             2.8584507E-05         1.0000000E+30                 0       
 NEXT SEEDS:2BF479EB       0       0       0       0       0   181CD    3039       0       0
  155000000              95000000              95000000             2.8583838E-05         1.0000000E+30                 0       
 NEXT SEEDS:2D6BCF88       0       0       0       0       0   181CD    3039       0       0
  160000000              90000000              90000000             2.8581044E-05         1.0000000E+30                 0       
 NEXT SEEDS:2EE309A6       0       0       0       0       0   181CD    3039       0       0
  *** Emfgeo: Ncoun  2000000000
  165000000              85000000              85000000             2.8578227E-05         1.0000000E+30                 0       
 NEXT SEEDS:305A4C22       0       0       0       0       0   181CD    3039       0       0
  170000000              80000000              80000000             2.8575309E-05         1.0000000E+30                 0       
 NEXT SEEDS:31D139BE       0       0       0       0       0   181CD    3039       0       0
  175000000              75000000              75000000             2.8574262E-05         1.0000000E+30                 0       
 NEXT SEEDS:3348A9D4       0       0       0       0       0   181CD    3039       0       0
  180000000              70000000              70000000             2.8572869E-05         1.0000000E+30                 0       
 NEXT SEEDS:34BFDC74       0       0       0       0       0   181CD    3039       0       0
  185000000              65000000              65000000             2.8570361E-05         1.0000000E+30                 0       
 NEXT SEEDS:3637189C       0       0       0       0       0   181CD    3039       0       0
  190000000              60000000              60000000             2.8569643E-05         1.0000000E+30                 0       
 NEXT SEEDS:37AE3C5D       0       0       0       0       0   181CD    3039       0       0
  195000000              55000000              55000000             2.8569307E-05         1.0000000E+30                 0       
 NEXT SEEDS:39257159       0       0       0       0       0   181CD    3039       0       0
  200000000              50000000              50000000             2.8567872E-05         1.0000000E+30                 0       
 NEXT SEEDS:3A9C830B       0       0       0       0       0   181CD    3039       0       0
  205000000              45000000              45000000             2.8565428E-05         1.0000000E+30                 0       
 NEXT SEEDS:  78C069       1       0       0       0       0   181CD    3039       0       0
  210000000              40000000              40000000             2.8568895E-05         1.0000000E+30                 0       
 NEXT SEEDS: 1EFF922       1       0       0       0       0   181CD    3039       0       0
  215000000              35000000              35000000             2.8568533E-05         1.0000000E+30                 0       
 NEXT SEEDS: 3672FD3       1       0       0       0       0   181CD    3039       0       0
  220000000              30000000              30000000             2.8567903E-05         1.0000000E+30                 0       
 NEXT SEEDS: 4DE303A       1       0       0       0       0   181CD    3039       0       0
  225000000              25000000              25000000             2.8566800E-05         1.0000000E+30                 0       
 NEXT SEEDS: 6556170       1       0       0       0       0   181CD    3039       0       0
  230000000              20000000              20000000             2.8566452E-05         1.0000000E+30                 0       
 NEXT SEEDS: 7CC7F9D       1       0       0       0       0   181CD    3039       0       0
  235000000              15000000              15000000             2.8564658E-05         1.0000000E+30                 0       
 NEXT SEEDS: 94374F2       1       0       0       0       0   181CD    3039       0       0
  240000000              10000000              10000000             2.8563803E-05         1.0000000E+30                 0       
 NEXT SEEDS: ABA8E07       1       0       0       0       0   181CD    3039       0       0
  *** Emfgeo: Ncoun  2000000000
  245000000               5000000               5000000             2.8561947E-05         1.0000000E+30                 0       
 NEXT SEEDS: C31A248       1       0       0       0       0   181CD    3039       0       0
  249999950                    50                    50             2.8563091E-05         1.0000000E+30                 0       
 NEXT SEEDS: DA8B166       1       0       0       0       0   181CD    3039       0       0
  249999951                    49                    49             2.8563091E-05         1.0000000E+30                 0       
 NEXT SEEDS: DA8B16A       1       0       0       0       0   181CD    3039       0       0
  249999952                    48                    48             2.8563090E-05         1.0000000E+30                 0       
 NEXT SEEDS: DA8B16E       1       0       0       0       0   181CD    3039       0       0
  249999953                    47                    47             2.8563090E-05         1.0000000E+30                 0       
 NEXT SEEDS: DA8B18B       1       0       0       0       0   181CD    3039       0       0
  249999954                    46                    46             2.8563090E-05         1.0000000E+30                 0       
 NEXT SEEDS: DA8B18F       1       0       0       0       0   181CD    3039       0       0
  249999955                    45                    45             2.8563090E-05         1.0000000E+30                 0       
 NEXT SEEDS: DA8B193       1       0       0       0       0   181CD    3039       0       0
  249999956                    44                    44             2.8563090E-05         1.0000000E+30                 0       
 NEXT SEEDS: DA8B197       1       0       0       0       0   181CD    3039       0       0
  249999957                    43                    43             2.8563090E-05         1.0000000E+30                 0       
 NEXT SEEDS: DA8B19B       1       0       0       0       0   181CD    3039       0       0
  249999958                    42                    42             2.8563092E-05         1.0000000E+30                 0       
 NEXT SEEDS: DA8B19F       1       0       0       0       0   181CD    3039       0       0
  249999959                    41                    41             2.8563092E-05         1.0000000E+30                 0       
 NEXT SEEDS: DA8B1A3       1       0       0       0       0   181CD    3039       0       0
  249999960                    40                    40             2.8563091E-05         1.0000000E+30                 0       
 NEXT SEEDS: DA8B1A7       1       0       0       0       0   181CD    3039       0       0
  249999961                    39                    39             2.8563093E-05         1.0000000E+30                 0       
 NEXT SEEDS: DA8B1AB       1       0       0       0       0   181CD    3039       0       0
  249999962                    38                    38             2.8563093E-05         1.0000000E+30                 0       
 NEXT SEEDS: DA8B1AF       1       0       0       0       0   181CD    3039       0       0
  249999963                    37                    37             2.8563093E-05         1.0000000E+30                 0       
 NEXT SEEDS: DA8B1B3       1       0       0       0       0   181CD    3039       0       0
  249999964                    36                    36             2.8563095E-05         1.0000000E+30                 0       
 NEXT SEEDS: DA8B1B7       1       0       0       0       0   181CD    3039       0       0
  249999965                    35                    35             2.8563095E-05         1.0000000E+30                 0       
 NEXT SEEDS: DA8B1BB       1       0       0       0       0   181CD    3039       0       0
  249999966                    34                    34             2.8563095E-05         1.0000000E+30                 0       
 NEXT SEEDS: DA8B1BF       1       0       0       0       0   181CD    3039       0       0
  249999967                    33                    33             2.8563095E-05         1.0000000E+30                 0       
 NEXT SEEDS: DA8B1C3       1       0       0       0       0   181CD    3039       0       0
  249999968                    32                    32             2.8563094E-05         1.0000000E+30                 0       
 NEXT SEEDS: DA8B1C7       1       0       0       0       0   181CD    3039       0       0
  249999969                    31                    31             2.8563094E-05         1.0000000E+30                 0       
 NEXT SEEDS: DA8B1CB       1       0       0       0       0   181CD    3039       0       0
  249999970                    30                    30             2.8563094E-05         1.0000000E+30                 0       
 NEXT SEEDS: DA8B1CF       1       0       0       0       0   181CD    3039       0       0
  249999971                    29                    29             2.8563094E-05         1.0000000E+30                 0       
 NEXT SEEDS: DA8B1D3       1       0       0       0       0   181CD    3039       0       0
  249999972                    28                    28             2.8563094E-05         1.0000000E+30                 0       
 NEXT SEEDS: DA8B1D7       1       0       0       0       0   181CD    3039       0       0
  249999973                    27                    27             2.8563094E-05         1.0000000E+30                 0       
 NEXT SEEDS: DA8B1DB       1       0       0       0       0   181CD    3039       0       0
  249999974                    26                    26             2.8563094E-05         1.0000000E+30                 0       
 NEXT SEEDS: DA8B1DF       1       0       0       0       0   181CD    3039       0       0
  249999975                    25                    25             2.8563094E-05         1.0000000E+30                 0       
 NEXT SEEDS: DA8B1E3       1       0       0       0       0   181CD    3039       0       0
  249999976                    24                    24             2.8563094E-05         1.0000000E+30                 0       
 NEXT SEEDS: DA8B1E7       1       0       0       0       0   181CD    3039       0       0
  249999977                    23                    23             2.8563095E-05         1.0000000E+30                 0       
 NEXT SEEDS: DA8B1FB       1       0       0       0       0   181CD    3039       0       0
  249999978                    22                    22             2.8563095E-05         1.0000000E+30                 0       
 NEXT SEEDS: DA8B1FF       1       0       0       0       0   181CD    3039       0       0
  249999979                    21                    21             2.8563095E-05         1.0000000E+30                 0       
 NEXT SEEDS: DA8B205       1       0       0       0       0   181CD    3039       0       0
  249999980                    20                    20             2.8563095E-05         1.0000000E+30                 0       
 NEXT SEEDS: DA8B209       1       0       0       0       0   181CD    3039       0       0
  249999981                    19                    19             2.8563095E-05         1.0000000E+30                 0       
 NEXT SEEDS: DA8B20D       1       0       0       0       0   181CD    3039       0       0
  249999982                    18                    18             2.8563095E-05         1.0000000E+30                 0       
 NEXT SEEDS: DA8B211       1       0       0       0       0   181CD    3039       0       0
  249999983                    17                    17             2.8563095E-05         1.0000000E+30                 0       
 NEXT SEEDS: DA8B215       1       0       0       0       0   181CD    3039       0       0
  249999984                    16                    16             2.8563095E-05         1.0000000E+30                 0       
 NEXT SEEDS: DA8B219       1       0       0       0       0   181CD    3039       0       0
  249999985                    15                    15             2.8563094E-05         1.0000000E+30                 0       
 NEXT SEEDS: DA8B21D       1       0       0       0       0   181CD    3039       0       0
  249999986                    14                    14             2.8563094E-05         1.0000000E+30                 0       
 NEXT SEEDS: DA8B221       1       0       0       0       0   181CD    3039       0       0
  249999987                    13                    13             2.8563094E-05         1.0000000E+30                 0       
 NEXT SEEDS: DA8B225       1       0       0       0       0   181CD    3039       0       0
  249999988                    12                    12             2.8563094E-05         1.0000000E+30                 0       
 NEXT SEEDS: DA8B229       1       0       0       0       0   181CD    3039       0       0
  249999989                    11                    11             2.8563094E-05         1.0000000E+30                 0       
 NEXT SEEDS: DA8B22D       1       0       0       0       0   181CD    3039       0       0
  249999990                    10                    10             2.8563094E-05         1.0000000E+30                 0       
 NEXT SEEDS: DA8B231       1       0       0       0       0   181CD    3039       0       0
  249999991                     9                     9             2.8563096E-05         1.0000000E+30                 0       
 NEXT SEEDS: DA8B235       1       0       0       0       0   181CD    3039       0       0
  249999992                     8                     8             2.8563096E-05         1.0000000E+30                 0       
 NEXT SEEDS: DA8B23B       1       0       0       0       0   181CD    3039       0       0
  249999993                     7                     7             2.8563097E-05         1.0000000E+30                 0       
 NEXT SEEDS: DA8B241       1       0       0       0       0   181CD    3039       0       0
  249999994                     6                     6             2.8563097E-05         1.0000000E+30                 0       
 NEXT SEEDS: DA8B245       1       0       0       0       0   181CD    3039       0       0
  249999995                     5                     5             2.8563099E-05         1.0000000E+30                 0       
 NEXT SEEDS: DA8B249       1       0       0       0       0   181CD    3039       0       0
  249999996                     4                     4             2.8563099E-05         1.0000000E+30                 0       
 NEXT SEEDS: DA8B24F       1       0       0       0       0   181CD    3039       0       0
  249999997                     3                     3             2.8563099E-05         1.0000000E+30                 0       
 NEXT SEEDS: DA8B255       1       0       0       0       0   181CD    3039       0       0
  249999998                     2                     2             2.8563099E-05         1.0000000E+30                 0       
 NEXT SEEDS: DA8B259       1       0       0       0       0   181CD    3039       0       0
  249999999                     1                     1             2.8563099E-05         1.0000000E+30                 0       
 NEXT SEEDS: DA8B25F       1       0       0       0       0   181CD    3039       0       0
  250000000                     0                     1             2.8563099E-05         1.0000000E+30                 0       
 NEXT SEEDS: DA8B263       1       0       0       0       0   181CD    3039       0       0
