1NUMBER OF BEAM       NUMBER OF BEAM        APPROXIMATE NUMBER    AVERAGE TIME USED     TIME LEFT (RESERVED   NUMBER OF STARS
 PARTICLES HANDLED    PARTICLES LEFT        OF BEAM PARTICLES     BY A BEAM PARTICLE     10000.0 SECONDS      CREATED
                                            THAT CAN STILL BE                           FOR PRINTOUT)
                                            HANDLED

 NEXT SEEDS:       0       0       0       0       0       0   181CD    3039       0       0
          1             249999999             249999999             7.7009201E-05         1.0000000E+30                 0       
 NEXT SEEDS:       4       0       0       0       0       0   181CD    3039       0       0
    5000000             245000000             245000000             2.7867660E-05         1.0000000E+30                 0       
 NEXT SEEDS: 1771571       0       0       0       0       0   181CD    3039       0       0
   10000000             240000000             240000000             2.7846554E-05         1.0000000E+30                 0       
 NEXT SEEDS: 2EDDDD0       0       0       0       0       0   181CD    3039       0       0
   15000000             235000000             235000000             2.7867869E-05         1.0000000E+30                 0       
 NEXT SEEDS: 4653796       0       0       0       0       0   181CD    3039       0       0
   20000000             230000000             230000000             2.7876849E-05         1.0000000E+30                 0       
 NEXT SEEDS: 5DC723E       0       0       0       0       0   181CD    3039       0       0
   25000000             225000000             225000000             2.7881802E-05         1.0000000E+30                 0       
 NEXT SEEDS: 753D43F       0       0       0       0       0   181CD    3039       0       0
   30000000             220000000             220000000             2.7871159E-05         1.0000000E+30                 0       
 NEXT SEEDS: 8CAF990       0       0       0       0       0   181CD    3039       0       0
   35000000             215000000             215000000             2.7866035E-05         1.0000000E+30                 0       
 NEXT SEEDS: A421CBB       0       0       0       0       0   181CD    3039       0       0
   40000000             210000000             210000000             2.7865292E-05         1.0000000E+30                 0       
 NEXT SEEDS: BB90B6E       0       0       0       0       0   181CD    3039       0       0
   45000000             205000000             205000000             2.7855859E-05         1.0000000E+30                 0       
 NEXT SEEDS: D2FFA0D       0       0       0       0       0   181CD    3039       0       0
   50000000             200000000             200000000             2.7851621E-05         1.0000000E+30                 0       
 NEXT SEEDS: EA7120C       0       0       0       0       0   181CD    3039       0       0
   55000000             195000000             195000000             2.7850317E-05         1.0000000E+30                 0       
 NEXT SEEDS:101E44C6       0       0       0       0       0   181CD    3039       0       0
   60000000             190000000             190000000             2.7847978E-05         1.0000000E+30                 0       
 NEXT SEEDS:11956F49       0       0       0       0       0   181CD    3039       0       0
   65000000             185000000             185000000             2.7847399E-05         1.0000000E+30                 0       
 NEXT SEEDS:130C612B       0       0       0       0       0   181CD    3039       0       0
   70000000             180000000             180000000             2.7845053E-05         1.0000000E+30                 0       
 NEXT SEEDS:148338FA       0       0       0       0       0   181CD    3039       0       0
   75000000             175000000             175000000             2.7847059E-05         1.0000000E+30                 0       
 NEXT SEEDS:15FA4B58       0       0       0       0       0   181CD    3039       0       0
   80000000             170000000             170000000             2.7848109E-05         1.0000000E+30                 0       
 NEXT SEEDS:1771BE95       0       0       0       0       0   181CD    3039       0       0
  *** Emfgeo: Ncoun  2000000000
   85000000             165000000             165000000             2.7849295E-05         1.0000000E+30                 0       
 NEXT SEEDS:18E8E587       0       0       0       0       0   181CD    3039       0       0
   90000000             160000000             160000000             2.7849754E-05         1.0000000E+30                 0       
 NEXT SEEDS:1A601710       0       0       0       0       0   181CD    3039       0       0
   95000000             155000000             155000000             2.7850978E-05         1.0000000E+30                 0       
 NEXT SEEDS:1BD74297       0       0       0       0       0   181CD    3039       0       0
  100000000             150000000             150000000             2.7849606E-05         1.0000000E+30                 0       
 NEXT SEEDS:1D4E6570       0       0       0       0       0   181CD    3039       0       0
  105000000             145000000             145000000             2.7849204E-05         1.0000000E+30                 0       
 NEXT SEEDS:1EC54297       0       0       0       0       0   181CD    3039       0       0
  110000000             140000000             140000000             2.7848223E-05         1.0000000E+30                 0       
 NEXT SEEDS:203C112C       0       0       0       0       0   181CD    3039       0       0
  115000000             135000000             135000000             2.7848598E-05         1.0000000E+30                 0       
 NEXT SEEDS:21B33C93       0       0       0       0       0   181CD    3039       0       0
  120000000             130000000             130000000             2.7847086E-05         1.0000000E+30                 0       
 NEXT SEEDS:232A22D8       0       0       0       0       0   181CD    3039       0       0
  125000000             125000000             125000000             2.7848040E-05         1.0000000E+30                 0       
 NEXT SEEDS:24A15F51       0       0       0       0       0   181CD    3039       0       0
  130000000             120000000             120000000             2.7849071E-05         1.0000000E+30                 0       
 NEXT SEEDS:2618A3C6       0       0       0       0       0   181CD    3039       0       0
  135000000             115000000             115000000             2.7848227E-05         1.0000000E+30                 0       
 NEXT SEEDS:278FE531       0       0       0       0       0   181CD    3039       0       0
  140000000             110000000             110000000             2.7847504E-05         1.0000000E+30                 0       
 NEXT SEEDS:290726B2       0       0       0       0       0   181CD    3039       0       0
  145000000             105000000             105000000             2.7844758E-05         1.0000000E+30                 0       
 NEXT SEEDS:2A7E0ADE       0       0       0       0       0   181CD    3039       0       0
  150000000             100000000             100000000             2.7845439E-05         1.0000000E+30                 0       
 NEXT SEEDS:2BF55795       0       0       0       0       0   181CD    3039       0       0
  155000000              95000000              95000000             2.7845529E-05         1.0000000E+30                 0       
 NEXT SEEDS:2D6C9D76       0       0       0       0       0   181CD    3039       0       0
  160000000              90000000              90000000             2.7844463E-05         1.0000000E+30                 0       
 NEXT SEEDS:2EE3AA67       0       0       0       0       0   181CD    3039       0       0
  *** Emfgeo: Ncoun  2000000000
  165000000              85000000              85000000             2.7842767E-05         1.0000000E+30                 0       
 NEXT SEEDS:305A8E97       0       0       0       0       0   181CD    3039       0       0
  170000000              80000000              80000000             2.7842824E-05         1.0000000E+30                 0       
 NEXT SEEDS:31D1AB85       0       0       0       0       0   181CD    3039       0       0
  175000000              75000000              75000000             2.7843582E-05         1.0000000E+30                 0       
 NEXT SEEDS:3348FD2D       0       0       0       0       0   181CD    3039       0       0
  180000000              70000000              70000000             2.7844322E-05         1.0000000E+30                 0       
 NEXT SEEDS:34C02F32       0       0       0       0       0   181CD    3039       0       0
  185000000              65000000              65000000             2.7843324E-05         1.0000000E+30                 0       
 NEXT SEEDS:363717D1       0       0       0       0       0   181CD    3039       0       0
  190000000              60000000              60000000             2.7843922E-05         1.0000000E+30                 0       
 NEXT SEEDS:37AE24BE       0       0       0       0       0   181CD    3039       0       0
  195000000              55000000              55000000             2.7845292E-05         1.0000000E+30                 0       
 NEXT SEEDS:392500DD       0       0       0       0       0   181CD    3039       0       0
  200000000              50000000              50000000             2.7845746E-05         1.0000000E+30                 0       
 NEXT SEEDS:3A9C454F       0       0       0       0       0   181CD    3039       0       0
  205000000              45000000              45000000             2.7844764E-05         1.0000000E+30                 0       
 NEXT SEEDS:  7857B6       1       0       0       0       0   181CD    3039       0       0
  210000000              40000000              40000000             2.7844207E-05         1.0000000E+30                 0       
 NEXT SEEDS: 1EF7610       1       0       0       0       0   181CD    3039       0       0
  215000000              35000000              35000000             2.7844181E-05         1.0000000E+30                 0       
 NEXT SEEDS: 3668422       1       0       0       0       0   181CD    3039       0       0
  220000000              30000000              30000000             2.7844315E-05         1.0000000E+30                 0       
 NEXT SEEDS: 4DDAF70       1       0       0       0       0   181CD    3039       0       0
  225000000              25000000              25000000             2.7844782E-05         1.0000000E+30                 0       
 NEXT SEEDS: 654B3C0       1       0       0       0       0   181CD    3039       0       0
  230000000              20000000              20000000             2.7845331E-05         1.0000000E+30                 0       
 NEXT SEEDS: 7CB999D       1       0       0       0       0   181CD    3039       0       0
  235000000              15000000              15000000             2.7845445E-05         1.0000000E+30                 0       
 NEXT SEEDS: 942CF53       1       0       0       0       0   181CD    3039       0       0
  240000000              10000000              10000000             2.7845023E-05         1.0000000E+30                 0       
 NEXT SEEDS: ABA13CA       1       0       0       0       0   181CD    3039       0       0
  *** Emfgeo: Ncoun  2000000000
  245000000               5000000               5000000             2.7845968E-05         1.0000000E+30                 0       
 NEXT SEEDS: C3152F0       1       0       0       0       0   181CD    3039       0       0
  249999950                    50                    50             2.7845962E-05         1.0000000E+30                 0       
 NEXT SEEDS: DA87A01       1       0       0       0       0   181CD    3039       0       0
  249999951                    49                    49             2.7845962E-05         1.0000000E+30                 0       
 NEXT SEEDS: DA87A07       1       0       0       0       0   181CD    3039       0       0
  249999952                    48                    48             2.7845962E-05         1.0000000E+30                 0       
 NEXT SEEDS: DA87A0B       1       0       0       0       0   181CD    3039       0       0
  249999953                    47                    47             2.7845962E-05         1.0000000E+30                 0       
 NEXT SEEDS: DA87A0F       1       0       0       0       0   181CD    3039       0       0
  249999954                    46                    46             2.7845962E-05         1.0000000E+30                 0       
 NEXT SEEDS: DA87A13       1       0       0       0       0   181CD    3039       0       0
  249999955                    45                    45             2.7845962E-05         1.0000000E+30                 0       
 NEXT SEEDS: DA87A17       1       0       0       0       0   181CD    3039       0       0
  249999956                    44                    44             2.7845961E-05         1.0000000E+30                 0       
 NEXT SEEDS: DA87A1B       1       0       0       0       0   181CD    3039       0       0
  249999957                    43                    43             2.7845963E-05         1.0000000E+30                 0       
 NEXT SEEDS: DA87A1F       1       0       0       0       0   181CD    3039       0       0
  249999958                    42                    42             2.7845965E-05         1.0000000E+30                 0       
 NEXT SEEDS: DA87A23       1       0       0       0       0   181CD    3039       0       0
  249999959                    41                    41             2.7845965E-05         1.0000000E+30                 0       
 NEXT SEEDS: DA87A27       1       0       0       0       0   181CD    3039       0       0
  249999960                    40                    40             2.7845967E-05         1.0000000E+30                 0       
 NEXT SEEDS: DA87A38       1       0       0       0       0   181CD    3039       0       0
  249999961                    39                    39             2.7845967E-05         1.0000000E+30                 0       
 NEXT SEEDS: DA87A3C       1       0       0       0       0   181CD    3039       0       0
  249999962                    38                    38             2.7845969E-05         1.0000000E+30                 0       
 NEXT SEEDS: DA87A40       1       0       0       0       0   181CD    3039       0       0
  249999963                    37                    37             2.7845968E-05         1.0000000E+30                 0       
 NEXT SEEDS: DA87A44       1       0       0       0       0   181CD    3039       0       0
  249999964                    36                    36             2.7845968E-05         1.0000000E+30                 0       
 NEXT SEEDS: DA87A48       1       0       0       0       0   181CD    3039       0       0
  249999965                    35                    35             2.7845970E-05         1.0000000E+30                 0       
 NEXT SEEDS: DA87A4E       1       0       0       0       0   181CD    3039       0       0
  249999966                    34                    34             2.7845972E-05         1.0000000E+30                 0       
 NEXT SEEDS: DA87A52       1       0       0       0       0   181CD    3039       0       0
  249999967                    33                    33             2.7845972E-05         1.0000000E+30                 0       
 NEXT SEEDS: DA87A56       1       0       0       0       0   181CD    3039       0       0
  249999968                    32                    32             2.7845972E-05         1.0000000E+30                 0       
 NEXT SEEDS: DA87A5A       1       0       0       0       0   181CD    3039       0       0
  249999969                    31                    31             2.7845972E-05         1.0000000E+30                 0       
 NEXT SEEDS: DA87A5E       1       0       0       0       0   181CD    3039       0       0
  249999970                    30                    30             2.7845972E-05         1.0000000E+30                 0       
 NEXT SEEDS: DA87A62       1       0       0       0       0   181CD    3039       0       0
  249999971                    29                    29             2.7845971E-05         1.0000000E+30                 0       
 NEXT SEEDS: DA87A66       1       0       0       0       0   181CD    3039       0       0
  249999972                    28                    28             2.7845971E-05         1.0000000E+30                 0       
 NEXT SEEDS: DA87A6A       1       0       0       0       0   181CD    3039       0       0
  249999973                    27                    27             2.7845971E-05         1.0000000E+30                 0       
 NEXT SEEDS: DA87A6E       1       0       0       0       0   181CD    3039       0       0
  249999974                    26                    26             2.7845971E-05         1.0000000E+30                 0       
 NEXT SEEDS: DA87A84       1       0       0       0       0   181CD    3039       0       0
  249999975                    25                    25             2.7845971E-05         1.0000000E+30                 0       
 NEXT SEEDS: DA87A88       1       0       0       0       0   181CD    3039       0       0
  249999976                    24                    24             2.7845971E-05         1.0000000E+30                 0       
 NEXT SEEDS: DA87A8C       1       0       0       0       0   181CD    3039       0       0
  249999977                    23                    23             2.7845971E-05         1.0000000E+30                 0       
 NEXT SEEDS: DA87A90       1       0       0       0       0   181CD    3039       0       0
  249999978                    22                    22             2.7845971E-05         1.0000000E+30                 0       
 NEXT SEEDS: DA87A94       1       0       0       0       0   181CD    3039       0       0
  249999979                    21                    21             2.7845971E-05         1.0000000E+30                 0       
 NEXT SEEDS: DA87A9A       1       0       0       0       0   181CD    3039       0       0
  249999980                    20                    20             2.7845970E-05         1.0000000E+30                 0       
 NEXT SEEDS: DA87A9E       1       0       0       0       0   181CD    3039       0       0
  249999981                    19                    19             2.7845970E-05         1.0000000E+30                 0       
 NEXT SEEDS: DA87AA2       1       0       0       0       0   181CD    3039       0       0
  249999982                    18                    18             2.7845970E-05         1.0000000E+30                 0       
 NEXT SEEDS: DA87AA6       1       0       0       0       0   181CD    3039       0       0
  249999983                    17                    17             2.7845970E-05         1.0000000E+30                 0       
 NEXT SEEDS: DA87AAA       1       0       0       0       0   181CD    3039       0       0
  249999984                    16                    16             2.7845970E-05         1.0000000E+30                 0       
 NEXT SEEDS: DA87AAE       1       0       0       0       0   181CD    3039       0       0
  249999985                    15                    15             2.7845970E-05         1.0000000E+30                 0       
 NEXT SEEDS: DA87AB2       1       0       0       0       0   181CD    3039       0       0
  249999986                    14                    14             2.7845970E-05         1.0000000E+30                 0       
 NEXT SEEDS: DA87AB6       1       0       0       0       0   181CD    3039       0       0
  249999987                    13                    13             2.7845970E-05         1.0000000E+30                 0       
 NEXT SEEDS: DA87AC2       1       0       0       0       0   181CD    3039       0       0
  249999988                    12                    12             2.7845970E-05         1.0000000E+30                 0       
 NEXT SEEDS: DA87AC6       1       0       0       0       0   181CD    3039       0       0
  249999989                    11                    11             2.7845971E-05         1.0000000E+30                 0       
 NEXT SEEDS: DA87ACA       1       0       0       0       0   181CD    3039       0       0
  249999990                    10                    10             2.7845971E-05         1.0000000E+30                 0       
 NEXT SEEDS: DA87ACE       1       0       0       0       0   181CD    3039       0       0
  249999991                     9                     9             2.7845973E-05         1.0000000E+30                 0       
 NEXT SEEDS: DA87AD4       1       0       0       0       0   181CD    3039       0       0
  249999992                     8                     8             2.7845973E-05         1.0000000E+30                 0       
 NEXT SEEDS: DA87AD8       1       0       0       0       0   181CD    3039       0       0
  249999993                     7                     7             2.7845973E-05         1.0000000E+30                 0       
 NEXT SEEDS: DA87ADC       1       0       0       0       0   181CD    3039       0       0
  249999994                     6                     6             2.7845975E-05         1.0000000E+30                 0       
 NEXT SEEDS: DA87AE0       1       0       0       0       0   181CD    3039       0       0
  249999995                     5                     5             2.7845977E-05         1.0000000E+30                 0       
 NEXT SEEDS: DA87AE4       1       0       0       0       0   181CD    3039       0       0
  249999996                     4                     4             2.7845977E-05         1.0000000E+30                 0       
 NEXT SEEDS: DA87AE8       1       0       0       0       0   181CD    3039       0       0
  249999997                     3                     3             2.7845978E-05         1.0000000E+30                 0       
 NEXT SEEDS: DA87AEC       1       0       0       0       0   181CD    3039       0       0
  249999998                     2                     2             2.7845978E-05         1.0000000E+30                 0       
 NEXT SEEDS: DA87AF2       1       0       0       0       0   181CD    3039       0       0
  249999999                     1                     1             2.7845980E-05         1.0000000E+30                 0       
 NEXT SEEDS: DA87AF6       1       0       0       0       0   181CD    3039       0       0
  250000000                     0                     1             2.7845980E-05         1.0000000E+30                 0       
 NEXT SEEDS: DA87AFA       1       0       0       0       0   181CD    3039       0       0
