1NUMBER OF BEAM       NUMBER OF BEAM        APPROXIMATE NUMBER    AVERAGE TIME USED     TIME LEFT (RESERVED   NUMBER OF STARS
 PARTICLES HANDLED    PARTICLES LEFT        OF BEAM PARTICLES     BY A BEAM PARTICLE     10000.0 SECONDS      CREATED
                                            THAT CAN STILL BE                           FOR PRINTOUT)
                                            HANDLED

 NEXT SEEDS:       0       0       0       0       0       0   181CD    3039       0       0
          1             249999999             249999999             7.7009201E-05         1.0000000E+30                 0       
 NEXT SEEDS:       4       0       0       0       0       0   181CD    3039       0       0
    5000000             245000000             245000000             2.8561186E-05         1.0000000E+30                 0       
 NEXT SEEDS: 1773B4F       0       0       0       0       0   181CD    3039       0       0
   10000000             240000000             240000000             2.8547175E-05         1.0000000E+30                 0       
 NEXT SEEDS: 2EE92F3       0       0       0       0       0   181CD    3039       0       0
   15000000             235000000             235000000             2.8544509E-05         1.0000000E+30                 0       
 NEXT SEEDS: 465C265       0       0       0       0       0   181CD    3039       0       0
   20000000             230000000             230000000             2.8536347E-05         1.0000000E+30                 0       
 NEXT SEEDS: 5DCD612       0       0       0       0       0   181CD    3039       0       0
   25000000             225000000             225000000             2.8535801E-05         1.0000000E+30                 0       
 NEXT SEEDS: 753F80E       0       0       0       0       0   181CD    3039       0       0
   30000000             220000000             220000000             2.8574854E-05         1.0000000E+30                 0       
 NEXT SEEDS: 8CB41D7       0       0       0       0       0   181CD    3039       0       0
   35000000             215000000             215000000             2.8603992E-05         1.0000000E+30                 0       
 NEXT SEEDS: A427689       0       0       0       0       0   181CD    3039       0       0
   40000000             210000000             210000000             2.8600858E-05         1.0000000E+30                 0       
 NEXT SEEDS: BB9AC46       0       0       0       0       0   181CD    3039       0       0
   45000000             205000000             205000000             2.8591729E-05         1.0000000E+30                 0       
 NEXT SEEDS: D30BABB       0       0       0       0       0   181CD    3039       0       0
   50000000             200000000             200000000             2.8590930E-05         1.0000000E+30                 0       
 NEXT SEEDS: EA8181A       0       0       0       0       0   181CD    3039       0       0
   55000000             195000000             195000000             2.8579963E-05         1.0000000E+30                 0       
 NEXT SEEDS:101F1C45       0       0       0       0       0   181CD    3039       0       0
   60000000             190000000             190000000             2.8571145E-05         1.0000000E+30                 0       
 NEXT SEEDS:11960BA2       0       0       0       0       0   181CD    3039       0       0
   65000000             185000000             185000000             2.8564942E-05         1.0000000E+30                 0       
 NEXT SEEDS:130D3CFD       0       0       0       0       0   181CD    3039       0       0
   70000000             180000000             180000000             2.8556297E-05         1.0000000E+30                 0       
 NEXT SEEDS:14844760       0       0       0       0       0   181CD    3039       0       0
   75000000             175000000             175000000             2.8554505E-05         1.0000000E+30                 0       
 NEXT SEEDS:15FB6F7A       0       0       0       0       0   181CD    3039       0       0
   80000000             170000000             170000000             2.8552350E-05         1.0000000E+30                 0       
 NEXT SEEDS:177267B7       0       0       0       0       0   181CD    3039       0       0
  *** Emfgeo: Ncoun  2000000000
   85000000             165000000             165000000             2.8548412E-05         1.0000000E+30                 0       
 NEXT SEEDS:18E9AF90       0       0       0       0       0   181CD    3039       0       0
   90000000             160000000             160000000             2.8543720E-05         1.0000000E+30                 0       
 NEXT SEEDS:1A60E4BF       0       0       0       0       0   181CD    3039       0       0
   95000000             155000000             155000000             2.8542231E-05         1.0000000E+30                 0       
 NEXT SEEDS:1BD82F29       0       0       0       0       0   181CD    3039       0       0
  100000000             150000000             150000000             2.8540046E-05         1.0000000E+30                 0       
 NEXT SEEDS:1D4F3920       0       0       0       0       0   181CD    3039       0       0
  105000000             145000000             145000000             2.8540320E-05         1.0000000E+30                 0       
 NEXT SEEDS:1EC65B1B       0       0       0       0       0   181CD    3039       0       0
  110000000             140000000             140000000             2.8540634E-05         1.0000000E+30                 0       
 NEXT SEEDS:203D6640       0       0       0       0       0   181CD    3039       0       0
  115000000             135000000             135000000             2.8535127E-05         1.0000000E+30                 0       
 NEXT SEEDS:21B45F75       0       0       0       0       0   181CD    3039       0       0
  120000000             130000000             130000000             2.8531016E-05         1.0000000E+30                 0       
 NEXT SEEDS:232B4713       0       0       0       0       0   181CD    3039       0       0
  125000000             125000000             125000000             2.8528225E-05         1.0000000E+30                 0       
 NEXT SEEDS:24A24FA4       0       0       0       0       0   181CD    3039       0       0
  130000000             120000000             120000000             2.8527015E-05         1.0000000E+30                 0       
 NEXT SEEDS:261966FD       0       0       0       0       0   181CD    3039       0       0
  135000000             115000000             115000000             2.8528232E-05         1.0000000E+30                 0       
 NEXT SEEDS:27909F96       0       0       0       0       0   181CD    3039       0       0
  140000000             110000000             110000000             2.8528910E-05         1.0000000E+30                 0       
 NEXT SEEDS:2907F22B       0       0       0       0       0   181CD    3039       0       0
  145000000             105000000             105000000             2.8530304E-05         1.0000000E+30                 0       
 NEXT SEEDS:2A7F11E7       0       0       0       0       0   181CD    3039       0       0
  150000000             100000000             100000000             2.8529941E-05         1.0000000E+30                 0       
 NEXT SEEDS:2BF6730F       0       0       0       0       0   181CD    3039       0       0
  155000000              95000000              95000000             2.8533817E-05         1.0000000E+30                 0       
 NEXT SEEDS:2D6D682A       0       0       0       0       0   181CD    3039       0       0
  160000000              90000000              90000000             2.8536459E-05         1.0000000E+30                 0       
 NEXT SEEDS:2EE45FF8       0       0       0       0       0   181CD    3039       0       0
  *** Emfgeo: Ncoun  2000000000
  165000000              85000000              85000000             2.8535772E-05         1.0000000E+30                 0       
 NEXT SEEDS:305B669D       0       0       0       0       0   181CD    3039       0       0
  170000000              80000000              80000000             2.8534593E-05         1.0000000E+30                 0       
 NEXT SEEDS:31D27813       0       0       0       0       0   181CD    3039       0       0
  175000000              75000000              75000000             2.8534855E-05         1.0000000E+30                 0       
 NEXT SEEDS:3349BE46       0       0       0       0       0   181CD    3039       0       0
  180000000              70000000              70000000             2.8534538E-05         1.0000000E+30                 0       
 NEXT SEEDS:34C0C9A8       0       0       0       0       0   181CD    3039       0       0
  185000000              65000000              65000000             2.8537875E-05         1.0000000E+30                 0       
 NEXT SEEDS:3638169C       0       0       0       0       0   181CD    3039       0       0
  190000000              60000000              60000000             2.8545680E-05         1.0000000E+30                 0       
 NEXT SEEDS:37AF34E2       0       0       0       0       0   181CD    3039       0       0
  195000000              55000000              55000000             2.8552261E-05         1.0000000E+30                 0       
 NEXT SEEDS:392677FC       0       0       0       0       0   181CD    3039       0       0
  200000000              50000000              50000000             2.8556309E-05         1.0000000E+30                 0       
 NEXT SEEDS:3A9DA3FC       0       0       0       0       0   181CD    3039       0       0
  205000000              45000000              45000000             2.8554297E-05         1.0000000E+30                 0       
 NEXT SEEDS:  79C4ED       1       0       0       0       0   181CD    3039       0       0
  210000000              40000000              40000000             2.8552460E-05         1.0000000E+30                 0       
 NEXT SEEDS: 1F0E099       1       0       0       0       0   181CD    3039       0       0
  215000000              35000000              35000000             2.8551744E-05         1.0000000E+30                 0       
 NEXT SEEDS: 3681652       1       0       0       0       0   181CD    3039       0       0
  220000000              30000000              30000000             2.8548810E-05         1.0000000E+30                 0       
 NEXT SEEDS: 4DF1FC2       1       0       0       0       0   181CD    3039       0       0
  225000000              25000000              25000000             2.8548602E-05         1.0000000E+30                 0       
 NEXT SEEDS: 6564DCD       1       0       0       0       0   181CD    3039       0       0
  230000000              20000000              20000000             2.8546582E-05         1.0000000E+30                 0       
 NEXT SEEDS: 7CD6747       1       0       0       0       0   181CD    3039       0       0
  235000000              15000000              15000000             2.8545313E-05         1.0000000E+30                 0       
 NEXT SEEDS: 9446A8A       1       0       0       0       0   181CD    3039       0       0
  240000000              10000000              10000000             2.8544179E-05         1.0000000E+30                 0       
 NEXT SEEDS: ABB9A3F       1       0       0       0       0   181CD    3039       0       0
  *** Emfgeo: Ncoun  2000000000
  245000000               5000000               5000000             2.8544370E-05         1.0000000E+30                 0       
 NEXT SEEDS: C32EDCC       1       0       0       0       0   181CD    3039       0       0
  249999950                    50                    50             2.8544863E-05         1.0000000E+30                 0       
 NEXT SEEDS: DAA2DC1       1       0       0       0       0   181CD    3039       0       0
  249999951                    49                    49             2.8544865E-05         1.0000000E+30                 0       
 NEXT SEEDS: DAA2DC7       1       0       0       0       0   181CD    3039       0       0
  249999952                    48                    48             2.8544865E-05         1.0000000E+30                 0       
 NEXT SEEDS: DAA2DCB       1       0       0       0       0   181CD    3039       0       0
  249999953                    47                    47             2.8544867E-05         1.0000000E+30                 0       
 NEXT SEEDS: DAA2DCF       1       0       0       0       0   181CD    3039       0       0
  249999954                    46                    46             2.8544867E-05         1.0000000E+30                 0       
 NEXT SEEDS: DAA2DD3       1       0       0       0       0   181CD    3039       0       0
  249999955                    45                    45             2.8544866E-05         1.0000000E+30                 0       
 NEXT SEEDS: DAA2DD7       1       0       0       0       0   181CD    3039       0       0
  249999956                    44                    44             2.8544868E-05         1.0000000E+30                 0       
 NEXT SEEDS: DAA2DDB       1       0       0       0       0   181CD    3039       0       0
  249999957                    43                    43             2.8544868E-05         1.0000000E+30                 0       
 NEXT SEEDS: DAA2DDF       1       0       0       0       0   181CD    3039       0       0
  249999958                    42                    42             2.8544868E-05         1.0000000E+30                 0       
 NEXT SEEDS: DAA2DE3       1       0       0       0       0   181CD    3039       0       0
  249999959                    41                    41             2.8544870E-05         1.0000000E+30                 0       
 NEXT SEEDS: DAA2DE7       1       0       0       0       0   181CD    3039       0       0
  249999960                    40                    40             2.8544872E-05         1.0000000E+30                 0       
 NEXT SEEDS: DAA2DEB       1       0       0       0       0   181CD    3039       0       0
  249999961                    39                    39             2.8544872E-05         1.0000000E+30                 0       
 NEXT SEEDS: DAA2DEF       1       0       0       0       0   181CD    3039       0       0
  249999962                    38                    38             2.8544872E-05         1.0000000E+30                 0       
 NEXT SEEDS: DAA2DF3       1       0       0       0       0   181CD    3039       0       0
  249999963                    37                    37             2.8544873E-05         1.0000000E+30                 0       
 NEXT SEEDS: DAA2DF9       1       0       0       0       0   181CD    3039       0       0
  249999964                    36                    36             2.8544873E-05         1.0000000E+30                 0       
 NEXT SEEDS: DAA2DFD       1       0       0       0       0   181CD    3039       0       0
  249999965                    35                    35             2.8544873E-05         1.0000000E+30                 0       
 NEXT SEEDS: DAA2E01       1       0       0       0       0   181CD    3039       0       0
  249999966                    34                    34             2.8544875E-05         1.0000000E+30                 0       
 NEXT SEEDS: DAA2E05       1       0       0       0       0   181CD    3039       0       0
  249999967                    33                    33             2.8544875E-05         1.0000000E+30                 0       
 NEXT SEEDS: DAA2E0B       1       0       0       0       0   181CD    3039       0       0
  249999968                    32                    32             2.8544877E-05         1.0000000E+30                 0       
 NEXT SEEDS: DAA2E0F       1       0       0       0       0   181CD    3039       0       0
  249999969                    31                    31             2.8544877E-05         1.0000000E+30                 0       
 NEXT SEEDS: DAA2E13       1       0       0       0       0   181CD    3039       0       0
  249999970                    30                    30             2.8544876E-05         1.0000000E+30                 0       
 NEXT SEEDS: DAA2E17       1       0       0       0       0   181CD    3039       0       0
  249999971                    29                    29             2.8544878E-05         1.0000000E+30                 0       
 NEXT SEEDS: DAA2E1B       1       0       0       0       0   181CD    3039       0       0
  249999972                    28                    28             2.8544878E-05         1.0000000E+30                 0       
 NEXT SEEDS: DAA2E1F       1       0       0       0       0   181CD    3039       0       0
  249999973                    27                    27             2.8544880E-05         1.0000000E+30                 0       
 NEXT SEEDS: DAA2E25       1       0       0       0       0   181CD    3039       0       0
  249999974                    26                    26             2.8544880E-05         1.0000000E+30                 0       
 NEXT SEEDS: DAA2E29       1       0       0       0       0   181CD    3039       0       0
  249999975                    25                    25             2.8544882E-05         1.0000000E+30                 0       
 NEXT SEEDS: DAA2E2D       1       0       0       0       0   181CD    3039       0       0
  249999976                    24                    24             2.8544882E-05         1.0000000E+30                 0       
 NEXT SEEDS: DAA2E31       1       0       0       0       0   181CD    3039       0       0
  249999977                    23                    23             2.8544882E-05         1.0000000E+30                 0       
 NEXT SEEDS: DAA2E35       1       0       0       0       0   181CD    3039       0       0
  249999978                    22                    22             2.8544883E-05         1.0000000E+30                 0       
 NEXT SEEDS: DAA2E39       1       0       0       0       0   181CD    3039       0       0
  249999979                    21                    21             2.8544885E-05         1.0000000E+30                 0       
 NEXT SEEDS: DAA2E3D       1       0       0       0       0   181CD    3039       0       0
  249999980                    20                    20             2.8544887E-05         1.0000000E+30                 0       
 NEXT SEEDS: DAA2E41       1       0       0       0       0   181CD    3039       0       0
  249999981                    19                    19             2.8544887E-05         1.0000000E+30                 0       
 NEXT SEEDS: DAA2E45       1       0       0       0       0   181CD    3039       0       0
  249999982                    18                    18             2.8544887E-05         1.0000000E+30                 0       
 NEXT SEEDS: DAA2E49       1       0       0       0       0   181CD    3039       0       0
  249999983                    17                    17             2.8544889E-05         1.0000000E+30                 0       
 NEXT SEEDS: DAA2E4D       1       0       0       0       0   181CD    3039       0       0
  249999984                    16                    16             2.8544889E-05         1.0000000E+30                 0       
 NEXT SEEDS: DAA2E51       1       0       0       0       0   181CD    3039       0       0
  249999985                    15                    15             2.8544888E-05         1.0000000E+30                 0       
 NEXT SEEDS: DAA2E55       1       0       0       0       0   181CD    3039       0       0
  249999986                    14                    14             2.8544890E-05         1.0000000E+30                 0       
 NEXT SEEDS: DAA2E59       1       0       0       0       0   181CD    3039       0       0
  249999987                    13                    13             2.8544890E-05         1.0000000E+30                 0       
 NEXT SEEDS: DAA2E6F       1       0       0       0       0   181CD    3039       0       0
  249999988                    12                    12             2.8544892E-05         1.0000000E+30                 0       
 NEXT SEEDS: DAA2E73       1       0       0       0       0   181CD    3039       0       0
  249999989                    11                    11             2.8544892E-05         1.0000000E+30                 0       
 NEXT SEEDS: DAA2E7F       1       0       0       0       0   181CD    3039       0       0
  249999990                    10                    10             2.8544892E-05         1.0000000E+30                 0       
 NEXT SEEDS: DAA2E83       1       0       0       0       0   181CD    3039       0       0
  249999991                     9                     9             2.8544892E-05         1.0000000E+30                 0       
 NEXT SEEDS: DAA2E87       1       0       0       0       0   181CD    3039       0       0
  249999992                     8                     8             2.8544892E-05         1.0000000E+30                 0       
 NEXT SEEDS: DAA2E8D       1       0       0       0       0   181CD    3039       0       0
  249999993                     7                     7             2.8544891E-05         1.0000000E+30                 0       
 NEXT SEEDS: DAA2E91       1       0       0       0       0   181CD    3039       0       0
  249999994                     6                     6             2.8544891E-05         1.0000000E+30                 0       
 NEXT SEEDS: DAA2E95       1       0       0       0       0   181CD    3039       0       0
  249999995                     5                     5             2.8544893E-05         1.0000000E+30                 0       
 NEXT SEEDS: DAA2E99       1       0       0       0       0   181CD    3039       0       0
  249999996                     4                     4             2.8544893E-05         1.0000000E+30                 0       
 NEXT SEEDS: DAA2E9D       1       0       0       0       0   181CD    3039       0       0
  249999997                     3                     3             2.8544893E-05         1.0000000E+30                 0       
 NEXT SEEDS: DAA2EA1       1       0       0       0       0   181CD    3039       0       0
  249999998                     2                     2             2.8544893E-05         1.0000000E+30                 0       
 NEXT SEEDS: DAA2EA5       1       0       0       0       0   181CD    3039       0       0
  249999999                     1                     1             2.8544893E-05         1.0000000E+30                 0       
 NEXT SEEDS: DAA2EA9       1       0       0       0       0   181CD    3039       0       0
  250000000                     0                     1             2.8544893E-05         1.0000000E+30                 0       
 NEXT SEEDS: DAA2EAD       1       0       0       0       0   181CD    3039       0       0
