1NUMBER OF BEAM       NUMBER OF BEAM        APPROXIMATE NUMBER    AVERAGE TIME USED     TIME LEFT (RESERVED   NUMBER OF STARS
 PARTICLES HANDLED    PARTICLES LEFT        OF BEAM PARTICLES     BY A BEAM PARTICLE     10000.0 SECONDS      CREATED
                                            THAT CAN STILL BE                           FOR PRINTOUT)
                                            HANDLED

 NEXT SEEDS:       0       0       0       0       0       0   181CD    3039       0       0
          1             249999999             249999999             7.7009201E-05         1.0000000E+30                 0       
 NEXT SEEDS:       4       0       0       0       0       0   181CD    3039       0       0
    5000000             245000000             245000000             2.8422906E-05         1.0000000E+30                 0       
 NEXT SEEDS: 1771B4B       0       0       0       0       0   181CD    3039       0       0
   10000000             240000000             240000000             2.8450944E-05         1.0000000E+30                 0       
 NEXT SEEDS: 2EE4BA9       0       0       0       0       0   181CD    3039       0       0
   15000000             235000000             235000000             2.8493834E-05         1.0000000E+30                 0       
 NEXT SEEDS: 465517F       0       0       0       0       0   181CD    3039       0       0
   20000000             230000000             230000000             2.8460985E-05         1.0000000E+30                 0       
 NEXT SEEDS: 5DC74E1       0       0       0       0       0   181CD    3039       0       0
   25000000             225000000             225000000             2.8437724E-05         1.0000000E+30                 0       
 NEXT SEEDS: 7536E3C       0       0       0       0       0   181CD    3039       0       0
   30000000             220000000             220000000             2.8438905E-05         1.0000000E+30                 0       
 NEXT SEEDS: 8CACC96       0       0       0       0       0   181CD    3039       0       0
   35000000             215000000             215000000             2.8445244E-05         1.0000000E+30                 0       
 NEXT SEEDS: A4233C5       0       0       0       0       0   181CD    3039       0       0
   40000000             210000000             210000000             2.8441261E-05         1.0000000E+30                 0       
 NEXT SEEDS: BB94116       0       0       0       0       0   181CD    3039       0       0
   45000000             205000000             205000000             2.8431403E-05         1.0000000E+30                 0       
 NEXT SEEDS: D3051D0       0       0       0       0       0   181CD    3039       0       0
   50000000             200000000             200000000             2.8427154E-05         1.0000000E+30                 0       
 NEXT SEEDS: EA75501       0       0       0       0       0   181CD    3039       0       0
   55000000             195000000             195000000             2.8421607E-05         1.0000000E+30                 0       
 NEXT SEEDS:101EAB67       0       0       0       0       0   181CD    3039       0       0
   60000000             190000000             190000000             2.8417384E-05         1.0000000E+30                 0       
 NEXT SEEDS:1195ECDC       0       0       0       0       0   181CD    3039       0       0
   65000000             185000000             185000000             2.8417372E-05         1.0000000E+30                 0       
 NEXT SEEDS:130CF864       0       0       0       0       0   181CD    3039       0       0
   70000000             180000000             180000000             2.8415027E-05         1.0000000E+30                 0       
 NEXT SEEDS:1483FC96       0       0       0       0       0   181CD    3039       0       0
   75000000             175000000             175000000             2.8414599E-05         1.0000000E+30                 0       
 NEXT SEEDS:15FB46C9       0       0       0       0       0   181CD    3039       0       0
   80000000             170000000             170000000             2.8418206E-05         1.0000000E+30                 0       
 NEXT SEEDS:1771FBDD       0       0       0       0       0   181CD    3039       0       0
  *** Emfgeo: Ncoun  2000000000
   85000000             165000000             165000000             2.8432470E-05         1.0000000E+30                 0       
 NEXT SEEDS:18E9452B       0       0       0       0       0   181CD    3039       0       0
   90000000             160000000             160000000             2.8430658E-05         1.0000000E+30                 0       
 NEXT SEEDS:1A605B95       0       0       0       0       0   181CD    3039       0       0
   95000000             155000000             155000000             2.8429435E-05         1.0000000E+30                 0       
 NEXT SEEDS:1BD75C2D       0       0       0       0       0   181CD    3039       0       0
  100000000             150000000             150000000             2.8433168E-05         1.0000000E+30                 0       
 NEXT SEEDS:1D4E82BF       0       0       0       0       0   181CD    3039       0       0
  105000000             145000000             145000000             2.8434137E-05         1.0000000E+30                 0       
 NEXT SEEDS:1EC58676       0       0       0       0       0   181CD    3039       0       0
  110000000             140000000             140000000             2.8432825E-05         1.0000000E+30                 0       
 NEXT SEEDS:203CCD2E       0       0       0       0       0   181CD    3039       0       0
  115000000             135000000             135000000             2.8429748E-05         1.0000000E+30                 0       
 NEXT SEEDS:21B4029D       0       0       0       0       0   181CD    3039       0       0
  120000000             130000000             130000000             2.8426759E-05         1.0000000E+30                 0       
 NEXT SEEDS:232B21E2       0       0       0       0       0   181CD    3039       0       0
  125000000             125000000             125000000             2.8426259E-05         1.0000000E+30                 0       
 NEXT SEEDS:24A245BB       0       0       0       0       0   181CD    3039       0       0
  130000000             120000000             120000000             2.8424659E-05         1.0000000E+30                 0       
 NEXT SEEDS:26193CE0       0       0       0       0       0   181CD    3039       0       0
  135000000             115000000             115000000             2.8422301E-05         1.0000000E+30                 0       
 NEXT SEEDS:279046C8       0       0       0       0       0   181CD    3039       0       0
  140000000             110000000             110000000             2.8421309E-05         1.0000000E+30                 0       
 NEXT SEEDS:290763B9       0       0       0       0       0   181CD    3039       0       0
  145000000             105000000             105000000             2.8420039E-05         1.0000000E+30                 0       
 NEXT SEEDS:2A7E8EE2       0       0       0       0       0   181CD    3039       0       0
  150000000             100000000             100000000             2.8419752E-05         1.0000000E+30                 0       
 NEXT SEEDS:2BF5B900       0       0       0       0       0   181CD    3039       0       0
  155000000              95000000              95000000             2.8419584E-05         1.0000000E+30                 0       
 NEXT SEEDS:2D6C8DA9       0       0       0       0       0   181CD    3039       0       0
  160000000              90000000              90000000             2.8422659E-05         1.0000000E+30                 0       
 NEXT SEEDS:2EE3CF6E       0       0       0       0       0   181CD    3039       0       0
  *** Emfgeo: Ncoun  2000000000
  165000000              85000000              85000000             2.8421857E-05         1.0000000E+30                 0       
 NEXT SEEDS:305AC3C2       0       0       0       0       0   181CD    3039       0       0
  170000000              80000000              80000000             2.8419356E-05         1.0000000E+30                 0       
 NEXT SEEDS:31D1EA4E       0       0       0       0       0   181CD    3039       0       0
  175000000              75000000              75000000             2.8418775E-05         1.0000000E+30                 0       
 NEXT SEEDS:33490BC2       0       0       0       0       0   181CD    3039       0       0
  180000000              70000000              70000000             2.8417179E-05         1.0000000E+30                 0       
 NEXT SEEDS:34C036D4       0       0       0       0       0   181CD    3039       0       0
  185000000              65000000              65000000             2.8417166E-05         1.0000000E+30                 0       
 NEXT SEEDS:3637A142       0       0       0       0       0   181CD    3039       0       0
  190000000              60000000              60000000             2.8417758E-05         1.0000000E+30                 0       
 NEXT SEEDS:37AEF729       0       0       0       0       0   181CD    3039       0       0
  195000000              55000000              55000000             2.8418402E-05         1.0000000E+30                 0       
 NEXT SEEDS:39260B41       0       0       0       0       0   181CD    3039       0       0
  200000000              50000000              50000000             2.8418645E-05         1.0000000E+30                 0       
 NEXT SEEDS:3A9D55BF       0       0       0       0       0   181CD    3039       0       0
  205000000              45000000              45000000             2.8418023E-05         1.0000000E+30                 0       
 NEXT SEEDS:  799E53       1       0       0       0       0   181CD    3039       0       0
  210000000              40000000              40000000             2.8417920E-05         1.0000000E+30                 0       
 NEXT SEEDS: 1F0BE54       1       0       0       0       0   181CD    3039       0       0
  215000000              35000000              35000000             2.8419440E-05         1.0000000E+30                 0       
 NEXT SEEDS: 367F352       1       0       0       0       0   181CD    3039       0       0
  220000000              30000000              30000000             2.8418581E-05         1.0000000E+30                 0       
 NEXT SEEDS: 4DF1FA8       1       0       0       0       0   181CD    3039       0       0
  225000000              25000000              25000000             2.8418565E-05         1.0000000E+30                 0       
 NEXT SEEDS: 6561923       1       0       0       0       0   181CD    3039       0       0
  230000000              20000000              20000000             2.8418155E-05         1.0000000E+30                 0       
 NEXT SEEDS: 7CD38B5       1       0       0       0       0   181CD    3039       0       0
  235000000              15000000              15000000             2.8417048E-05         1.0000000E+30                 0       
 NEXT SEEDS: 944180E       1       0       0       0       0   181CD    3039       0       0
  240000000              10000000              10000000             2.8417018E-05         1.0000000E+30                 0       
 NEXT SEEDS: ABB2427       1       0       0       0       0   181CD    3039       0       0
  *** Emfgeo: Ncoun  2000000000
  245000000               5000000               5000000             2.8417785E-05         1.0000000E+30                 0       
 NEXT SEEDS: C325F41       1       0       0       0       0   181CD    3039       0       0
  249999950                    50                    50             2.8418326E-05         1.0000000E+30                 0       
 NEXT SEEDS: DA986A7       1       0       0       0       0   181CD    3039       0       0
  249999951                    49                    49             2.8418326E-05         1.0000000E+30                 0       
 NEXT SEEDS: DA986AB       1       0       0       0       0   181CD    3039       0       0
  249999952                    48                    48             2.8418325E-05         1.0000000E+30                 0       
 NEXT SEEDS: DA986AF       1       0       0       0       0   181CD    3039       0       0
  249999953                    47                    47             2.8418325E-05         1.0000000E+30                 0       
 NEXT SEEDS: DA986B3       1       0       0       0       0   181CD    3039       0       0
  249999954                    46                    46             2.8418325E-05         1.0000000E+30                 0       
 NEXT SEEDS: DA986B7       1       0       0       0       0   181CD    3039       0       0
  249999955                    45                    45             2.8418325E-05         1.0000000E+30                 0       
 NEXT SEEDS: DA986BB       1       0       0       0       0   181CD    3039       0       0
  249999956                    44                    44             2.8418325E-05         1.0000000E+30                 0       
 NEXT SEEDS: DA986BF       1       0       0       0       0   181CD    3039       0       0
  249999957                    43                    43             2.8418325E-05         1.0000000E+30                 0       
 NEXT SEEDS: DA986C3       1       0       0       0       0   181CD    3039       0       0
  249999958                    42                    42             2.8418325E-05         1.0000000E+30                 0       
 NEXT SEEDS: DA986C7       1       0       0       0       0   181CD    3039       0       0
  249999959                    41                    41             2.8418325E-05         1.0000000E+30                 0       
 NEXT SEEDS: DA986CB       1       0       0       0       0   181CD    3039       0       0
  249999960                    40                    40             2.8418325E-05         1.0000000E+30                 0       
 NEXT SEEDS: DA986CF       1       0       0       0       0   181CD    3039       0       0
  249999961                    39                    39             2.8418326E-05         1.0000000E+30                 0       
 NEXT SEEDS: DA986D3       1       0       0       0       0   181CD    3039       0       0
  249999962                    38                    38             2.8418326E-05         1.0000000E+30                 0       
 NEXT SEEDS: DA986D7       1       0       0       0       0   181CD    3039       0       0
  249999963                    37                    37             2.8418328E-05         1.0000000E+30                 0       
 NEXT SEEDS: DA986DB       1       0       0       0       0   181CD    3039       0       0
  249999964                    36                    36             2.8418328E-05         1.0000000E+30                 0       
 NEXT SEEDS: DA986DF       1       0       0       0       0   181CD    3039       0       0
  249999965                    35                    35             2.8418328E-05         1.0000000E+30                 0       
 NEXT SEEDS: DA986E3       1       0       0       0       0   181CD    3039       0       0
  249999966                    34                    34             2.8418330E-05         1.0000000E+30                 0       
 NEXT SEEDS: DA986E7       1       0       0       0       0   181CD    3039       0       0
  249999967                    33                    33             2.8418330E-05         1.0000000E+30                 0       
 NEXT SEEDS: DA986EB       1       0       0       0       0   181CD    3039       0       0
  249999968                    32                    32             2.8418331E-05         1.0000000E+30                 0       
 NEXT SEEDS: DA986EF       1       0       0       0       0   181CD    3039       0       0
  249999969                    31                    31             2.8418331E-05         1.0000000E+30                 0       
 NEXT SEEDS: DA986F3       1       0       0       0       0   181CD    3039       0       0
  249999970                    30                    30             2.8418331E-05         1.0000000E+30                 0       
 NEXT SEEDS: DA986F7       1       0       0       0       0   181CD    3039       0       0
  249999971                    29                    29             2.8418333E-05         1.0000000E+30                 0       
 NEXT SEEDS: DA986FB       1       0       0       0       0   181CD    3039       0       0
  249999972                    28                    28             2.8418333E-05         1.0000000E+30                 0       
 NEXT SEEDS: DA986FF       1       0       0       0       0   181CD    3039       0       0
  249999973                    27                    27             2.8418333E-05         1.0000000E+30                 0       
 NEXT SEEDS: DA98703       1       0       0       0       0   181CD    3039       0       0
  249999974                    26                    26             2.8418335E-05         1.0000000E+30                 0       
 NEXT SEEDS: DA98707       1       0       0       0       0   181CD    3039       0       0
  249999975                    25                    25             2.8418335E-05         1.0000000E+30                 0       
 NEXT SEEDS: DA9870B       1       0       0       0       0   181CD    3039       0       0
  249999976                    24                    24             2.8418334E-05         1.0000000E+30                 0       
 NEXT SEEDS: DA9870F       1       0       0       0       0   181CD    3039       0       0
  249999977                    23                    23             2.8418334E-05         1.0000000E+30                 0       
 NEXT SEEDS: DA98713       1       0       0       0       0   181CD    3039       0       0
  249999978                    22                    22             2.8418334E-05         1.0000000E+30                 0       
 NEXT SEEDS: DA98717       1       0       0       0       0   181CD    3039       0       0
  249999979                    21                    21             2.8418334E-05         1.0000000E+30                 0       
 NEXT SEEDS: DA9871B       1       0       0       0       0   181CD    3039       0       0
  249999980                    20                    20             2.8418334E-05         1.0000000E+30                 0       
 NEXT SEEDS: DA9871F       1       0       0       0       0   181CD    3039       0       0
  249999981                    19                    19             2.8418334E-05         1.0000000E+30                 0       
 NEXT SEEDS: DA98733       1       0       0       0       0   181CD    3039       0       0
  249999982                    18                    18             2.8418334E-05         1.0000000E+30                 0       
 NEXT SEEDS: DA98737       1       0       0       0       0   181CD    3039       0       0
  249999983                    17                    17             2.8418334E-05         1.0000000E+30                 0       
 NEXT SEEDS: DA9873B       1       0       0       0       0   181CD    3039       0       0
  249999984                    16                    16             2.8418334E-05         1.0000000E+30                 0       
 NEXT SEEDS: DA9873F       1       0       0       0       0   181CD    3039       0       0
  249999985                    15                    15             2.8418333E-05         1.0000000E+30                 0       
 NEXT SEEDS: DA98743       1       0       0       0       0   181CD    3039       0       0
  249999986                    14                    14             2.8418333E-05         1.0000000E+30                 0       
 NEXT SEEDS: DA98747       1       0       0       0       0   181CD    3039       0       0
  249999987                    13                    13             2.8418333E-05         1.0000000E+30                 0       
 NEXT SEEDS: DA9874B       1       0       0       0       0   181CD    3039       0       0
  249999988                    12                    12             2.8418333E-05         1.0000000E+30                 0       
 NEXT SEEDS: DA98751       1       0       0       0       0   181CD    3039       0       0
  249999989                    11                    11             2.8418333E-05         1.0000000E+30                 0       
 NEXT SEEDS: DA98755       1       0       0       0       0   181CD    3039       0       0
  249999990                    10                    10             2.8418333E-05         1.0000000E+30                 0       
 NEXT SEEDS: DA98759       1       0       0       0       0   181CD    3039       0       0
  249999991                     9                     9             2.8418333E-05         1.0000000E+30                 0       
 NEXT SEEDS: DA9875D       1       0       0       0       0   181CD    3039       0       0
  249999992                     8                     8             2.8418333E-05         1.0000000E+30                 0       
 NEXT SEEDS: DA98761       1       0       0       0       0   181CD    3039       0       0
  249999993                     7                     7             2.8418333E-05         1.0000000E+30                 0       
 NEXT SEEDS: DA98765       1       0       0       0       0   181CD    3039       0       0
  249999994                     6                     6             2.8418332E-05         1.0000000E+30                 0       
 NEXT SEEDS: DA98769       1       0       0       0       0   181CD    3039       0       0
  249999995                     5                     5             2.8418334E-05         1.0000000E+30                 0       
 NEXT SEEDS: DA9876D       1       0       0       0       0   181CD    3039       0       0
  249999996                     4                     4             2.8418334E-05         1.0000000E+30                 0       
 NEXT SEEDS: DA98771       1       0       0       0       0   181CD    3039       0       0
  249999997                     3                     3             2.8418334E-05         1.0000000E+30                 0       
 NEXT SEEDS: DA98775       1       0       0       0       0   181CD    3039       0       0
  249999998                     2                     2             2.8418334E-05         1.0000000E+30                 0       
 NEXT SEEDS: DA98779       1       0       0       0       0   181CD    3039       0       0
  249999999                     1                     1             2.8418334E-05         1.0000000E+30                 0       
 NEXT SEEDS: DA9877D       1       0       0       0       0   181CD    3039       0       0
  250000000                     0                     1             2.8418334E-05         1.0000000E+30                 0       
 NEXT SEEDS: DA98781       1       0       0       0       0   181CD    3039       0       0
