1NUMBER OF BEAM       NUMBER OF BEAM        APPROXIMATE NUMBER    AVERAGE TIME USED     TIME LEFT (RESERVED   NUMBER OF STARS
 PARTICLES HANDLED    PARTICLES LEFT        OF BEAM PARTICLES     BY A BEAM PARTICLE     10000.0 SECONDS      CREATED
                                            THAT CAN STILL BE                           FOR PRINTOUT)
                                            HANDLED

 NEXT SEEDS:       0       0       0       0       0       0   181CD    3039       0       0
          1             249999999             249999999             7.7009201E-05         1.0000000E+30                 0       
 NEXT SEEDS:       4       0       0       0       0       0   181CD    3039       0       0
    5000000             245000000             245000000             2.8734607E-05         1.0000000E+30                 0       
 NEXT SEEDS: 1771BA3       0       0       0       0       0   181CD    3039       0       0
   10000000             240000000             240000000             2.8681448E-05         1.0000000E+30                 0       
 NEXT SEEDS: 2EDF720       0       0       0       0       0   181CD    3039       0       0
   15000000             235000000             235000000             2.8666437E-05         1.0000000E+30                 0       
 NEXT SEEDS: 4653F42       0       0       0       0       0   181CD    3039       0       0
   20000000             230000000             230000000             2.8664973E-05         1.0000000E+30                 0       
 NEXT SEEDS: 5DC347B       0       0       0       0       0   181CD    3039       0       0
   25000000             225000000             225000000             2.8659642E-05         1.0000000E+30                 0       
 NEXT SEEDS: 7534FC9       0       0       0       0       0   181CD    3039       0       0
   30000000             220000000             220000000             2.8665386E-05         1.0000000E+30                 0       
 NEXT SEEDS: 8CA9485       0       0       0       0       0   181CD    3039       0       0
   35000000             215000000             215000000             2.8664548E-05         1.0000000E+30                 0       
 NEXT SEEDS: A418E14       0       0       0       0       0   181CD    3039       0       0
   40000000             210000000             210000000             2.8657980E-05         1.0000000E+30                 0       
 NEXT SEEDS: BB8855D       0       0       0       0       0   181CD    3039       0       0
   45000000             205000000             205000000             2.8653214E-05         1.0000000E+30                 0       
 NEXT SEEDS: D2FBE3F       0       0       0       0       0   181CD    3039       0       0
   50000000             200000000             200000000             2.8649616E-05         1.0000000E+30                 0       
 NEXT SEEDS: EA6CB4A       0       0       0       0       0   181CD    3039       0       0
   55000000             195000000             195000000             2.8643274E-05         1.0000000E+30                 0       
 NEXT SEEDS:101DBA6D       0       0       0       0       0   181CD    3039       0       0
   60000000             190000000             190000000             2.8637689E-05         1.0000000E+30                 0       
 NEXT SEEDS:1194EFF2       0       0       0       0       0   181CD    3039       0       0
   65000000             185000000             185000000             2.8632031E-05         1.0000000E+30                 0       
 NEXT SEEDS:130BF3D4       0       0       0       0       0   181CD    3039       0       0
   70000000             180000000             180000000             2.8628097E-05         1.0000000E+30                 0       
 NEXT SEEDS:1482C1EA       0       0       0       0       0   181CD    3039       0       0
   75000000             175000000             175000000             2.8624331E-05         1.0000000E+30                 0       
 NEXT SEEDS:15F99873       0       0       0       0       0   181CD    3039       0       0
   80000000             170000000             170000000             2.8623161E-05         1.0000000E+30                 0       
 NEXT SEEDS:1770B49E       0       0       0       0       0   181CD    3039       0       0
  *** Emfgeo: Ncoun  2000000000
   85000000             165000000             165000000             2.8624297E-05         1.0000000E+30                 0       
 NEXT SEEDS:18E7CFEB       0       0       0       0       0   181CD    3039       0       0
   90000000             160000000             160000000             2.8626653E-05         1.0000000E+30                 0       
 NEXT SEEDS:1A5F2960       0       0       0       0       0   181CD    3039       0       0
   95000000             155000000             155000000             2.8630606E-05         1.0000000E+30                 0       
 NEXT SEEDS:1BD68638       0       0       0       0       0   181CD    3039       0       0
  100000000             150000000             150000000             2.8630980E-05         1.0000000E+30                 0       
 NEXT SEEDS:1D4DAA3A       0       0       0       0       0   181CD    3039       0       0
  105000000             145000000             145000000             2.8628593E-05         1.0000000E+30                 0       
 NEXT SEEDS:1EC4B89E       0       0       0       0       0   181CD    3039       0       0
  110000000             140000000             140000000             2.8628443E-05         1.0000000E+30                 0       
 NEXT SEEDS:203BD35B       0       0       0       0       0   181CD    3039       0       0
  115000000             135000000             135000000             2.8627814E-05         1.0000000E+30                 0       
 NEXT SEEDS:21B3165F       0       0       0       0       0   181CD    3039       0       0
  120000000             130000000             130000000             2.8625638E-05         1.0000000E+30                 0       
 NEXT SEEDS:232A2CAB       0       0       0       0       0   181CD    3039       0       0
  125000000             125000000             125000000             2.8625440E-05         1.0000000E+30                 0       
 NEXT SEEDS:24A13148       0       0       0       0       0   181CD    3039       0       0
  130000000             120000000             120000000             2.8624328E-05         1.0000000E+30                 0       
 NEXT SEEDS:26184D6C       0       0       0       0       0   181CD    3039       0       0
  135000000             115000000             115000000             2.8623248E-05         1.0000000E+30                 0       
 NEXT SEEDS:278F3197       0       0       0       0       0   181CD    3039       0       0
  140000000             110000000             110000000             2.8622782E-05         1.0000000E+30                 0       
 NEXT SEEDS:29065B41       0       0       0       0       0   181CD    3039       0       0
  145000000             105000000             105000000             2.8622162E-05         1.0000000E+30                 0       
 NEXT SEEDS:2A7D5674       0       0       0       0       0   181CD    3039       0       0
  150000000             100000000             100000000             2.8624516E-05         1.0000000E+30                 0       
 NEXT SEEDS:2BF49FCA       0       0       0       0       0   181CD    3039       0       0
  155000000              95000000              95000000             2.8622515E-05         1.0000000E+30                 0       
 NEXT SEEDS:2D6B95DF       0       0       0       0       0   181CD    3039       0       0
  160000000              90000000              90000000             2.8622553E-05         1.0000000E+30                 0       
 NEXT SEEDS:2EE291A7       0       0       0       0       0   181CD    3039       0       0
  *** Emfgeo: Ncoun  2000000000
  165000000              85000000              85000000             2.8622968E-05         1.0000000E+30                 0       
 NEXT SEEDS:30599044       0       0       0       0       0   181CD    3039       0       0
  170000000              80000000              80000000             2.8626368E-05         1.0000000E+30                 0       
 NEXT SEEDS:31D0E0CC       0       0       0       0       0   181CD    3039       0       0
  175000000              75000000              75000000             2.8625793E-05         1.0000000E+30                 0       
 NEXT SEEDS:3348277D       0       0       0       0       0   181CD    3039       0       0
  180000000              70000000              70000000             2.8625388E-05         1.0000000E+30                 0       
 NEXT SEEDS:34BF49C8       0       0       0       0       0   181CD    3039       0       0
  185000000              65000000              65000000             2.8626642E-05         1.0000000E+30                 0       
 NEXT SEEDS:363634EC       0       0       0       0       0   181CD    3039       0       0
  190000000              60000000              60000000             2.8627540E-05         1.0000000E+30                 0       
 NEXT SEEDS:37AD5C66       0       0       0       0       0   181CD    3039       0       0
  195000000              55000000              55000000             2.8628782E-05         1.0000000E+30                 0       
 NEXT SEEDS:39248259       0       0       0       0       0   181CD    3039       0       0
  200000000              50000000              50000000             2.8629021E-05         1.0000000E+30                 0       
 NEXT SEEDS:3A9BA155       0       0       0       0       0   181CD    3039       0       0
  205000000              45000000              45000000             2.8629281E-05         1.0000000E+30                 0       
 NEXT SEEDS:  77FB3D       1       0       0       0       0   181CD    3039       0       0
  210000000              40000000              40000000             2.8630099E-05         1.0000000E+30                 0       
 NEXT SEEDS: 1EEFAD7       1       0       0       0       0   181CD    3039       0       0
  215000000              35000000              35000000             2.8631932E-05         1.0000000E+30                 0       
 NEXT SEEDS: 366189C       1       0       0       0       0   181CD    3039       0       0
  220000000              30000000              30000000             2.8632464E-05         1.0000000E+30                 0       
 NEXT SEEDS: 4DD273D       1       0       0       0       0   181CD    3039       0       0
  225000000              25000000              25000000             2.8632019E-05         1.0000000E+30                 0       
 NEXT SEEDS: 6540402       1       0       0       0       0   181CD    3039       0       0
  230000000              20000000              20000000             2.8630940E-05         1.0000000E+30                 0       
 NEXT SEEDS: 7CACD5E       1       0       0       0       0   181CD    3039       0       0
  235000000              15000000              15000000             2.8630500E-05         1.0000000E+30                 0       
 NEXT SEEDS: 941DF9D       1       0       0       0       0   181CD    3039       0       0
  240000000              10000000              10000000             2.8630919E-05         1.0000000E+30                 0       
 NEXT SEEDS: AB8EB40       1       0       0       0       0   181CD    3039       0       0
  *** Emfgeo: Ncoun  2000000000
  245000000               5000000               5000000             2.8631671E-05         1.0000000E+30                 0       
 NEXT SEEDS: C302609       1       0       0       0       0   181CD    3039       0       0
  249999950                    50                    50             2.8632401E-05         1.0000000E+30                 0       
 NEXT SEEDS: DA76091       1       0       0       0       0   181CD    3039       0       0
  249999951                    49                    49             2.8632402E-05         1.0000000E+30                 0       
 NEXT SEEDS: DA76095       1       0       0       0       0   181CD    3039       0       0
  249999952                    48                    48             2.8632402E-05         1.0000000E+30                 0       
 NEXT SEEDS: DA76099       1       0       0       0       0   181CD    3039       0       0
  249999953                    47                    47             2.8632402E-05         1.0000000E+30                 0       
 NEXT SEEDS: DA7609D       1       0       0       0       0   181CD    3039       0       0
  249999954                    46                    46             2.8632402E-05         1.0000000E+30                 0       
 NEXT SEEDS: DA760A1       1       0       0       0       0   181CD    3039       0       0
  249999955                    45                    45             2.8632402E-05         1.0000000E+30                 0       
 NEXT SEEDS: DA760A5       1       0       0       0       0   181CD    3039       0       0
  249999956                    44                    44             2.8632402E-05         1.0000000E+30                 0       
 NEXT SEEDS: DA760A9       1       0       0       0       0   181CD    3039       0       0
  249999957                    43                    43             2.8632402E-05         1.0000000E+30                 0       
 NEXT SEEDS: DA760AD       1       0       0       0       0   181CD    3039       0       0
  249999958                    42                    42             2.8632402E-05         1.0000000E+30                 0       
 NEXT SEEDS: DA760B1       1       0       0       0       0   181CD    3039       0       0
  249999959                    41                    41             2.8632402E-05         1.0000000E+30                 0       
 NEXT SEEDS: DA760B7       1       0       0       0       0   181CD    3039       0       0
  249999960                    40                    40             2.8632401E-05         1.0000000E+30                 0       
 NEXT SEEDS: DA760BB       1       0       0       0       0   181CD    3039       0       0
  249999961                    39                    39             2.8632401E-05         1.0000000E+30                 0       
 NEXT SEEDS: DA760BF       1       0       0       0       0   181CD    3039       0       0
  249999962                    38                    38             2.8632401E-05         1.0000000E+30                 0       
 NEXT SEEDS: DA760C3       1       0       0       0       0   181CD    3039       0       0
  249999963                    37                    37             2.8632403E-05         1.0000000E+30                 0       
 NEXT SEEDS: DA760C7       1       0       0       0       0   181CD    3039       0       0
  249999964                    36                    36             2.8632403E-05         1.0000000E+30                 0       
 NEXT SEEDS: DA760CB       1       0       0       0       0   181CD    3039       0       0
  249999965                    35                    35             2.8632403E-05         1.0000000E+30                 0       
 NEXT SEEDS: DA760CF       1       0       0       0       0   181CD    3039       0       0
  249999966                    34                    34             2.8632405E-05         1.0000000E+30                 0       
 NEXT SEEDS: DA760D3       1       0       0       0       0   181CD    3039       0       0
  249999967                    33                    33             2.8632405E-05         1.0000000E+30                 0       
 NEXT SEEDS: DA760E9       1       0       0       0       0   181CD    3039       0       0
  249999968                    32                    32             2.8632406E-05         1.0000000E+30                 0       
 NEXT SEEDS: DA760ED       1       0       0       0       0   181CD    3039       0       0
  249999969                    31                    31             2.8632408E-05         1.0000000E+30                 0       
 NEXT SEEDS: DA760F1       1       0       0       0       0   181CD    3039       0       0
  249999970                    30                    30             2.8632408E-05         1.0000000E+30                 0       
 NEXT SEEDS: DA760F7       1       0       0       0       0   181CD    3039       0       0
  249999971                    29                    29             2.8632408E-05         1.0000000E+30                 0       
 NEXT SEEDS: DA760FB       1       0       0       0       0   181CD    3039       0       0
  249999972                    28                    28             2.8632408E-05         1.0000000E+30                 0       
 NEXT SEEDS: DA76101       1       0       0       0       0   181CD    3039       0       0
  249999973                    27                    27             2.8632408E-05         1.0000000E+30                 0       
 NEXT SEEDS: DA76105       1       0       0       0       0   181CD    3039       0       0
  249999974                    26                    26             2.8632408E-05         1.0000000E+30                 0       
 NEXT SEEDS: DA76109       1       0       0       0       0   181CD    3039       0       0
  249999975                    25                    25             2.8632408E-05         1.0000000E+30                 0       
 NEXT SEEDS: DA7610D       1       0       0       0       0   181CD    3039       0       0
  249999976                    24                    24             2.8632407E-05         1.0000000E+30                 0       
 NEXT SEEDS: DA76111       1       0       0       0       0   181CD    3039       0       0
  249999977                    23                    23             2.8632407E-05         1.0000000E+30                 0       
 NEXT SEEDS: DA76115       1       0       0       0       0   181CD    3039       0       0
  249999978                    22                    22             2.8632407E-05         1.0000000E+30                 0       
 NEXT SEEDS: DA76119       1       0       0       0       0   181CD    3039       0       0
  249999979                    21                    21             2.8632407E-05         1.0000000E+30                 0       
 NEXT SEEDS: DA7611F       1       0       0       0       0   181CD    3039       0       0
  249999980                    20                    20             2.8632407E-05         1.0000000E+30                 0       
 NEXT SEEDS: DA76123       1       0       0       0       0   181CD    3039       0       0
  249999981                    19                    19             2.8632407E-05         1.0000000E+30                 0       
 NEXT SEEDS: DA76127       1       0       0       0       0   181CD    3039       0       0
  249999982                    18                    18             2.8632407E-05         1.0000000E+30                 0       
 NEXT SEEDS: DA7612B       1       0       0       0       0   181CD    3039       0       0
  249999983                    17                    17             2.8632407E-05         1.0000000E+30                 0       
 NEXT SEEDS: DA7612F       1       0       0       0       0   181CD    3039       0       0
  249999984                    16                    16             2.8632406E-05         1.0000000E+30                 0       
 NEXT SEEDS: DA76133       1       0       0       0       0   181CD    3039       0       0
  249999985                    15                    15             2.8632406E-05         1.0000000E+30                 0       
 NEXT SEEDS: DA76137       1       0       0       0       0   181CD    3039       0       0
  249999986                    14                    14             2.8632406E-05         1.0000000E+30                 0       
 NEXT SEEDS: DA7613B       1       0       0       0       0   181CD    3039       0       0
  249999987                    13                    13             2.8632406E-05         1.0000000E+30                 0       
 NEXT SEEDS: DA76154       1       0       0       0       0   181CD    3039       0       0
  249999988                    12                    12             2.8632406E-05         1.0000000E+30                 0       
 NEXT SEEDS: DA76160       1       0       0       0       0   181CD    3039       0       0
  249999989                    11                    11             2.8632406E-05         1.0000000E+30                 0       
 NEXT SEEDS: DA76164       1       0       0       0       0   181CD    3039       0       0
  249999990                    10                    10             2.8632406E-05         1.0000000E+30                 0       
 NEXT SEEDS: DA76168       1       0       0       0       0   181CD    3039       0       0
  249999991                     9                     9             2.8632406E-05         1.0000000E+30                 0       
 NEXT SEEDS: DA7616C       1       0       0       0       0   181CD    3039       0       0
  249999992                     8                     8             2.8632406E-05         1.0000000E+30                 0       
 NEXT SEEDS: DA76170       1       0       0       0       0   181CD    3039       0       0
  249999993                     7                     7             2.8632405E-05         1.0000000E+30                 0       
 NEXT SEEDS: DA76174       1       0       0       0       0   181CD    3039       0       0
  249999994                     6                     6             2.8632405E-05         1.0000000E+30                 0       
 NEXT SEEDS: DA76178       1       0       0       0       0   181CD    3039       0       0
  249999995                     5                     5             2.8632405E-05         1.0000000E+30                 0       
 NEXT SEEDS: DA7617C       1       0       0       0       0   181CD    3039       0       0
  249999996                     4                     4             2.8632405E-05         1.0000000E+30                 0       
 NEXT SEEDS: DA76180       1       0       0       0       0   181CD    3039       0       0
  249999997                     3                     3             2.8632405E-05         1.0000000E+30                 0       
 NEXT SEEDS: DA76184       1       0       0       0       0   181CD    3039       0       0
  249999998                     2                     2             2.8632405E-05         1.0000000E+30                 0       
 NEXT SEEDS: DA7618A       1       0       0       0       0   181CD    3039       0       0
  249999999                     1                     1             2.8632405E-05         1.0000000E+30                 0       
 NEXT SEEDS: DA7618E       1       0       0       0       0   181CD    3039       0       0
  250000000                     0                     1             2.8632405E-05         1.0000000E+30                 0       
 NEXT SEEDS: DA76192       1       0       0       0       0   181CD    3039       0       0
