1NUMBER OF BEAM       NUMBER OF BEAM        APPROXIMATE NUMBER    AVERAGE TIME USED     TIME LEFT (RESERVED   NUMBER OF STARS
 PARTICLES HANDLED    PARTICLES LEFT        OF BEAM PARTICLES     BY A BEAM PARTICLE     10000.0 SECONDS      CREATED
                                            THAT CAN STILL BE                           FOR PRINTOUT)
                                            HANDLED

 NEXT SEEDS:       0       0       0       0       0       0   181CD    3039       0       0
          1             249999999             249999999             0.0000000E+00         1.0000000E+30                 0       
 NEXT SEEDS:       4       0       0       0       0       0   181CD    3039       0       0
    5000000             245000000             245000000             2.8161973E-05         1.0000000E+30                 0       
 NEXT SEEDS: 1771B09       0       0       0       0       0   181CD    3039       0       0
   10000000             240000000             240000000             2.8153493E-05         1.0000000E+30                 0       
 NEXT SEEDS: 2EE4FCA       0       0       0       0       0   181CD    3039       0       0
   15000000             235000000             235000000             2.8090480E-05         1.0000000E+30                 0       
 NEXT SEEDS: 4659C53       0       0       0       0       0   181CD    3039       0       0
   20000000             230000000             230000000             2.8044656E-05         1.0000000E+30                 0       
 NEXT SEEDS: 5DC8E9B       0       0       0       0       0   181CD    3039       0       0
   25000000             225000000             225000000             2.8014094E-05         1.0000000E+30                 0       
 NEXT SEEDS: 753552A       0       0       0       0       0   181CD    3039       0       0
   30000000             220000000             220000000             2.7985485E-05         1.0000000E+30                 0       
 NEXT SEEDS: 8CA60E1       0       0       0       0       0   181CD    3039       0       0
   35000000             215000000             215000000             2.7967046E-05         1.0000000E+30                 0       
 NEXT SEEDS: A4148A4       0       0       0       0       0   181CD    3039       0       0
   40000000             210000000             210000000             2.7951297E-05         1.0000000E+30                 0       
 NEXT SEEDS: BB85835       0       0       0       0       0   181CD    3039       0       0
   45000000             205000000             205000000             2.7945554E-05         1.0000000E+30                 0       
 NEXT SEEDS: D2F71A4       0       0       0       0       0   181CD    3039       0       0
   50000000             200000000             200000000             2.7943689E-05         1.0000000E+30                 0       
 NEXT SEEDS: EA68D8B       0       0       0       0       0   181CD    3039       0       0
   55000000             195000000             195000000             2.7942136E-05         1.0000000E+30                 0       
 NEXT SEEDS:101D8E68       0       0       0       0       0   181CD    3039       0       0
   60000000             190000000             190000000             2.7943618E-05         1.0000000E+30                 0       
 NEXT SEEDS:1194E828       0       0       0       0       0   181CD    3039       0       0
   65000000             185000000             185000000             2.7946999E-05         1.0000000E+30                 0       
 NEXT SEEDS:130C2EF6       0       0       0       0       0   181CD    3039       0       0
   70000000             180000000             180000000             2.7954612E-05         1.0000000E+30                 0       
 NEXT SEEDS:14832DDD       0       0       0       0       0   181CD    3039       0       0
   75000000             175000000             175000000             2.7960451E-05         1.0000000E+30                 0       
 NEXT SEEDS:15FA36C1       0       0       0       0       0   181CD    3039       0       0
   80000000             170000000             170000000             2.7969276E-05         1.0000000E+30                 0       
 NEXT SEEDS:1771546B       0       0       0       0       0   181CD    3039       0       0
  *** Emfgeo: Ncoun  2000000000
   85000000             165000000             165000000             2.7967677E-05         1.0000000E+30                 0       
 NEXT SEEDS:18E8C698       0       0       0       0       0   181CD    3039       0       0
   90000000             160000000             160000000             2.7976146E-05         1.0000000E+30                 0       
 NEXT SEEDS:1A5FFE91       0       0       0       0       0   181CD    3039       0       0
   95000000             155000000             155000000             2.7975667E-05         1.0000000E+30                 0       
 NEXT SEEDS:1BD71041       0       0       0       0       0   181CD    3039       0       0
  100000000             150000000             150000000             2.7974379E-05         1.0000000E+30                 0       
 NEXT SEEDS:1D4E5B8C       0       0       0       0       0   181CD    3039       0       0
  105000000             145000000             145000000             2.7971978E-05         1.0000000E+30                 0       
 NEXT SEEDS:1EC59627       0       0       0       0       0   181CD    3039       0       0
  110000000             140000000             140000000             2.7968221E-05         1.0000000E+30                 0       
 NEXT SEEDS:203C9DEB       0       0       0       0       0   181CD    3039       0       0
  115000000             135000000             135000000             2.7970239E-05         1.0000000E+30                 0       
 NEXT SEEDS:21B3E072       0       0       0       0       0   181CD    3039       0       0
  120000000             130000000             130000000             2.7970118E-05         1.0000000E+30                 0       
 NEXT SEEDS:232AF18A       0       0       0       0       0   181CD    3039       0       0
  125000000             125000000             125000000             2.7968224E-05         1.0000000E+30                 0       
 NEXT SEEDS:24A1EA41       0       0       0       0       0   181CD    3039       0       0
  130000000             120000000             120000000             2.7967068E-05         1.0000000E+30                 0       
 NEXT SEEDS:2618D18A       0       0       0       0       0   181CD    3039       0       0
  135000000             115000000             115000000             2.7966441E-05         1.0000000E+30                 0       
 NEXT SEEDS:278FF20A       0       0       0       0       0   181CD    3039       0       0
  140000000             110000000             110000000             2.7966784E-05         1.0000000E+30                 0       
 NEXT SEEDS:29071257       0       0       0       0       0   181CD    3039       0       0
  145000000             105000000             105000000             2.7968364E-05         1.0000000E+30                 0       
 NEXT SEEDS:2A7E5A21       0       0       0       0       0   181CD    3039       0       0
  150000000             100000000             100000000             2.7968422E-05         1.0000000E+30                 0       
 NEXT SEEDS:2BF55F62       0       0       0       0       0   181CD    3039       0       0
  155000000              95000000              95000000             2.7966007E-05         1.0000000E+30                 0       
 NEXT SEEDS:2D6C9B25       0       0       0       0       0   181CD    3039       0       0
  160000000              90000000              90000000             2.7963612E-05         1.0000000E+30                 0       
 NEXT SEEDS:2EE390BD       0       0       0       0       0   181CD    3039       0       0
  *** Emfgeo: Ncoun  2000000000
  165000000              85000000              85000000             2.7961690E-05         1.0000000E+30                 0       
 NEXT SEEDS:305A91F0       0       0       0       0       0   181CD    3039       0       0
  170000000              80000000              80000000             2.7960668E-05         1.0000000E+30                 0       
 NEXT SEEDS:31D1ACE1       0       0       0       0       0   181CD    3039       0       0
  175000000              75000000              75000000             2.7959791E-05         1.0000000E+30                 0       
 NEXT SEEDS:334902FE       0       0       0       0       0   181CD    3039       0       0
  180000000              70000000              70000000             2.7959590E-05         1.0000000E+30                 0       
 NEXT SEEDS:34C01FA9       0       0       0       0       0   181CD    3039       0       0
  185000000              65000000              65000000             2.7957446E-05         1.0000000E+30                 0       
 NEXT SEEDS:36372722       0       0       0       0       0   181CD    3039       0       0
  190000000              60000000              60000000             2.7954763E-05         1.0000000E+30                 0       
 NEXT SEEDS:37AE6225       0       0       0       0       0   181CD    3039       0       0
  195000000              55000000              55000000             2.7953984E-05         1.0000000E+30                 0       
 NEXT SEEDS:3925913B       0       0       0       0       0   181CD    3039       0       0
  200000000              50000000              50000000             2.7952125E-05         1.0000000E+30                 0       
 NEXT SEEDS:3A9CE169       0       0       0       0       0   181CD    3039       0       0
  205000000              45000000              45000000             2.7951851E-05         1.0000000E+30                 0       
 NEXT SEEDS:  791F44       1       0       0       0       0   181CD    3039       0       0
  210000000              40000000              40000000             2.7950166E-05         1.0000000E+30                 0       
 NEXT SEEDS: 1F08068       1       0       0       0       0   181CD    3039       0       0
  215000000              35000000              35000000             2.7947913E-05         1.0000000E+30                 0       
 NEXT SEEDS: 3679242       1       0       0       0       0   181CD    3039       0       0
  220000000              30000000              30000000             2.7948101E-05         1.0000000E+30                 0       
 NEXT SEEDS: 4DEE5DB       1       0       0       0       0   181CD    3039       0       0
  225000000              25000000              25000000             2.7948364E-05         1.0000000E+30                 0       
 NEXT SEEDS: 65634FD       1       0       0       0       0   181CD    3039       0       0
  230000000              20000000              20000000             2.7946682E-05         1.0000000E+30                 0       
 NEXT SEEDS: 7CD0C81       1       0       0       0       0   181CD    3039       0       0
  235000000              15000000              15000000             2.7945976E-05         1.0000000E+30                 0       
 NEXT SEEDS: 943E9BB       1       0       0       0       0   181CD    3039       0       0
  240000000              10000000              10000000             2.7944851E-05         1.0000000E+30                 0       
 NEXT SEEDS: ABB162B       1       0       0       0       0   181CD    3039       0       0
  *** Emfgeo: Ncoun  2000000000
  245000000               5000000               5000000             2.7944767E-05         1.0000000E+30                 0       
 NEXT SEEDS: C323294       1       0       0       0       0   181CD    3039       0       0
  249999950                    50                    50             2.7943867E-05         1.0000000E+30                 0       
 NEXT SEEDS: DA9728B       1       0       0       0       0   181CD    3039       0       0
  249999951                    49                    49             2.7943869E-05         1.0000000E+30                 0       
 NEXT SEEDS: DA9728F       1       0       0       0       0   181CD    3039       0       0
  249999952                    48                    48             2.7943871E-05         1.0000000E+30                 0       
 NEXT SEEDS: DA97293       1       0       0       0       0   181CD    3039       0       0
  249999953                    47                    47             2.7943871E-05         1.0000000E+30                 0       
 NEXT SEEDS: DA972AB       1       0       0       0       0   181CD    3039       0       0
  249999954                    46                    46             2.7943871E-05         1.0000000E+30                 0       
 NEXT SEEDS: DA972AF       1       0       0       0       0   181CD    3039       0       0
  249999955                    45                    45             2.7943873E-05         1.0000000E+30                 0       
 NEXT SEEDS: DA972B3       1       0       0       0       0   181CD    3039       0       0
  249999956                    44                    44             2.7943873E-05         1.0000000E+30                 0       
 NEXT SEEDS: DA972C6       1       0       0       0       0   181CD    3039       0       0
  249999957                    43                    43             2.7943874E-05         1.0000000E+30                 0       
 NEXT SEEDS: DA972D9       1       0       0       0       0   181CD    3039       0       0
  249999958                    42                    42             2.7943874E-05         1.0000000E+30                 0       
 NEXT SEEDS: DA972DD       1       0       0       0       0   181CD    3039       0       0
  249999959                    41                    41             2.7943874E-05         1.0000000E+30                 0       
 NEXT SEEDS: DA972F2       1       0       0       0       0   181CD    3039       0       0
  249999960                    40                    40             2.7943874E-05         1.0000000E+30                 0       
 NEXT SEEDS: DA972F6       1       0       0       0       0   181CD    3039       0       0
  249999961                    39                    39             2.7943874E-05         1.0000000E+30                 0       
 NEXT SEEDS: DA972FA       1       0       0       0       0   181CD    3039       0       0
  249999962                    38                    38             2.7943874E-05         1.0000000E+30                 0       
 NEXT SEEDS: DA972FE       1       0       0       0       0   181CD    3039       0       0
  249999963                    37                    37             2.7943874E-05         1.0000000E+30                 0       
 NEXT SEEDS: DA97302       1       0       0       0       0   181CD    3039       0       0
  249999964                    36                    36             2.7943874E-05         1.0000000E+30                 0       
 NEXT SEEDS: DA97306       1       0       0       0       0   181CD    3039       0       0
  249999965                    35                    35             2.7943874E-05         1.0000000E+30                 0       
 NEXT SEEDS: DA9730A       1       0       0       0       0   181CD    3039       0       0
  249999966                    34                    34             2.7943873E-05         1.0000000E+30                 0       
 NEXT SEEDS: DA9730E       1       0       0       0       0   181CD    3039       0       0
  249999967                    33                    33             2.7943873E-05         1.0000000E+30                 0       
 NEXT SEEDS: DA97312       1       0       0       0       0   181CD    3039       0       0
  249999968                    32                    32             2.7943873E-05         1.0000000E+30                 0       
 NEXT SEEDS: DA97316       1       0       0       0       0   181CD    3039       0       0
  249999969                    31                    31             2.7943873E-05         1.0000000E+30                 0       
 NEXT SEEDS: DA9731A       1       0       0       0       0   181CD    3039       0       0
  249999970                    30                    30             2.7943873E-05         1.0000000E+30                 0       
 NEXT SEEDS: DA9731E       1       0       0       0       0   181CD    3039       0       0
  249999971                    29                    29             2.7943875E-05         1.0000000E+30                 0       
 NEXT SEEDS: DA97322       1       0       0       0       0   181CD    3039       0       0
  249999972                    28                    28             2.7943875E-05         1.0000000E+30                 0       
 NEXT SEEDS: DA97326       1       0       0       0       0   181CD    3039       0       0
  249999973                    27                    27             2.7943875E-05         1.0000000E+30                 0       
 NEXT SEEDS: DA9732A       1       0       0       0       0   181CD    3039       0       0
  249999974                    26                    26             2.7943874E-05         1.0000000E+30                 0       
 NEXT SEEDS: DA9732E       1       0       0       0       0   181CD    3039       0       0
  249999975                    25                    25             2.7943876E-05         1.0000000E+30                 0       
 NEXT SEEDS: DA97332       1       0       0       0       0   181CD    3039       0       0
  249999976                    24                    24             2.7943876E-05         1.0000000E+30                 0       
 NEXT SEEDS: DA97336       1       0       0       0       0   181CD    3039       0       0
  249999977                    23                    23             2.7943876E-05         1.0000000E+30                 0       
 NEXT SEEDS: DA9733A       1       0       0       0       0   181CD    3039       0       0
  249999978                    22                    22             2.7943878E-05         1.0000000E+30                 0       
 NEXT SEEDS: DA9733E       1       0       0       0       0   181CD    3039       0       0
  249999979                    21                    21             2.7943878E-05         1.0000000E+30                 0       
 NEXT SEEDS: DA97342       1       0       0       0       0   181CD    3039       0       0
  249999980                    20                    20             2.7943878E-05         1.0000000E+30                 0       
 NEXT SEEDS: DA97346       1       0       0       0       0   181CD    3039       0       0
  249999981                    19                    19             2.7943878E-05         1.0000000E+30                 0       
 NEXT SEEDS: DA9734A       1       0       0       0       0   181CD    3039       0       0
  249999982                    18                    18             2.7943877E-05         1.0000000E+30                 0       
 NEXT SEEDS: DA9734E       1       0       0       0       0   181CD    3039       0       0
  249999983                    17                    17             2.7943877E-05         1.0000000E+30                 0       
 NEXT SEEDS: DA97352       1       0       0       0       0   181CD    3039       0       0
  249999984                    16                    16             2.7943877E-05         1.0000000E+30                 0       
 NEXT SEEDS: DA97358       1       0       0       0       0   181CD    3039       0       0
  249999985                    15                    15             2.7943877E-05         1.0000000E+30                 0       
 NEXT SEEDS: DA9735C       1       0       0       0       0   181CD    3039       0       0
  249999986                    14                    14             2.7943879E-05         1.0000000E+30                 0       
 NEXT SEEDS: DA97360       1       0       0       0       0   181CD    3039       0       0
  249999987                    13                    13             2.7943879E-05         1.0000000E+30                 0       
 NEXT SEEDS: DA97364       1       0       0       0       0   181CD    3039       0       0
  249999988                    12                    12             2.7943879E-05         1.0000000E+30                 0       
 NEXT SEEDS: DA97368       1       0       0       0       0   181CD    3039       0       0
  249999989                    11                    11             2.7943881E-05         1.0000000E+30                 0       
 NEXT SEEDS: DA9736C       1       0       0       0       0   181CD    3039       0       0
  249999990                    10                    10             2.7943880E-05         1.0000000E+30                 0       
 NEXT SEEDS: DA97370       1       0       0       0       0   181CD    3039       0       0
  249999991                     9                     9             2.7943880E-05         1.0000000E+30                 0       
 NEXT SEEDS: DA97374       1       0       0       0       0   181CD    3039       0       0
  249999992                     8                     8             2.7943880E-05         1.0000000E+30                 0       
 NEXT SEEDS: DA97378       1       0       0       0       0   181CD    3039       0       0
  249999993                     7                     7             2.7943880E-05         1.0000000E+30                 0       
 NEXT SEEDS: DA9737C       1       0       0       0       0   181CD    3039       0       0
  249999994                     6                     6             2.7943880E-05         1.0000000E+30                 0       
 NEXT SEEDS: DA97380       1       0       0       0       0   181CD    3039       0       0
  249999995                     5                     5             2.7943880E-05         1.0000000E+30                 0       
 NEXT SEEDS: DA97384       1       0       0       0       0   181CD    3039       0       0
  249999996                     4                     4             2.7943880E-05         1.0000000E+30                 0       
 NEXT SEEDS: DA97388       1       0       0       0       0   181CD    3039       0       0
  249999997                     3                     3             2.7943880E-05         1.0000000E+30                 0       
 NEXT SEEDS: DA9738C       1       0       0       0       0   181CD    3039       0       0
  249999998                     2                     2             2.7943880E-05         1.0000000E+30                 0       
 NEXT SEEDS: DA97390       1       0       0       0       0   181CD    3039       0       0
  249999999                     1                     1             2.7943879E-05         1.0000000E+30                 0       
 NEXT SEEDS: DA97394       1       0       0       0       0   181CD    3039       0       0
  250000000                     0                     1             2.7943879E-05         1.0000000E+30                 0       
 NEXT SEEDS: DA97398       1       0       0       0       0   181CD    3039       0       0
